[INFO] [1753422338.018138823] [visualizer_node]: Using fixed frame: map
[INFO] [1753422338.024195554] [visualizer_node]: formatted_laser_config: [((0.37212, 1.55), 1.5708), ((0.37212, -1.55), -1.5708), ((0.37241, 0.45), 0.0), ((0.36471, 3.82), 3.1416)]
[INFO] [1753422338.203125872] [visualizer_node]: Drawing field boundaries: 9.998x8.0 meters
[INFO] [1753422338.205902792] [visualizer_node]: VisualizerNode initialized and ready to visualize.
[INFO] [1753422338.217392401] [visualizer_node]: Received 0 solutions
[INFO] [1753422338.318934302] [visualizer_node]: Received 0 solutions
[INFO] [1753422338.416951170] [visualizer_node]: Received 0 solutions
[INFO] [1753422338.522632514] [visualizer_node]: Received 0 solutions
[INFO] [1753422338.617996913] [visualizer_node]: Received 0 solutions
[INFO] [1753422338.720134090] [visualizer_node]: Received 0 solutions
[INFO] [1753422338.816808819] [visualizer_node]: Received 0 solutions
[INFO] [1753422338.918022456] [visualizer_node]: Received 0 solutions
[INFO] [1753422339.019091419] [visualizer_node]: Received 0 solutions
[INFO] [1753422339.123925355] [visualizer_node]: Received 0 solutions
[INFO] [1753422339.218347048] [visualizer_node]: Received 0 solutions
[INFO] [1753422339.320311710] [visualizer_node]: Received 0 solutions
[INFO] [1753422339.419291864] [visualizer_node]: Received 0 solutions
[INFO] [1753422339.518452437] [visualizer_node]: Received 0 solutions
[INFO] [1753422339.620657679] [visualizer_node]: Received 0 solutions
[INFO] [1753422339.717096501] [visualizer_node]: Received 0 solutions
[INFO] [1753422339.819061707] [visualizer_node]: Received 0 solutions
[INFO] [1753422339.917395735] [visualizer_node]: Received 0 solutions
[INFO] [1753422340.024491990] [visualizer_node]: Received 0 solutions
[INFO] [1753422340.119429918] [visualizer_node]: Received 0 solutions
[INFO] [1753422340.220699175] [visualizer_node]: Received 0 solutions
[INFO] [1753422340.317829500] [visualizer_node]: Received 0 solutions
[INFO] [1753422340.417666248] [visualizer_node]: Received 0 solutions
[INFO] [1753422340.518266275] [visualizer_node]: Received 0 solutions
[INFO] [1753422340.618167152] [visualizer_node]: Received 0 solutions
[INFO] [1753422340.717869530] [visualizer_node]: Received 0 solutions
[INFO] [1753422340.819132739] [visualizer_node]: Received 0 solutions
[INFO] [1753422340.918706665] [visualizer_node]: Received 0 solutions
[INFO] [1753422341.020341722] [visualizer_node]: Received 0 solutions
[INFO] [1753422341.119711101] [visualizer_node]: Received 0 solutions
[INFO] [1753422341.217201723] [visualizer_node]: Received 0 solutions
[INFO] [1753422341.317525810] [visualizer_node]: Received 0 solutions
[INFO] [1753422341.417567523] [visualizer_node]: Received 0 solutions
[INFO] [1753422341.518642345] [visualizer_node]: Received 0 solutions
[INFO] [1753422341.617516258] [visualizer_node]: Received 0 solutions
[INFO] [1753422341.722114864] [visualizer_node]: Received 0 solutions
[INFO] [1753422341.817020249] [visualizer_node]: Received 0 solutions
[INFO] [1753422341.923532174] [visualizer_node]: Received 0 solutions
[INFO] [1753422342.017173117] [visualizer_node]: Received 0 solutions
[INFO] [1753422342.119675522] [visualizer_node]: Received 0 solutions
[INFO] [1753422342.217983409] [visualizer_node]: Received 0 solutions
[INFO] [1753422342.322897990] [visualizer_node]: Received 0 solutions
[INFO] [1753422342.417986644] [visualizer_node]: Received 0 solutions
[INFO] [1753422342.521143301] [visualizer_node]: Received 0 solutions
[INFO] [1753422342.620927027] [visualizer_node]: Received 0 solutions
[INFO] [1753422342.719747244] [visualizer_node]: Received 0 solutions
[INFO] [1753422342.817255915] [visualizer_node]: Received 0 solutions
[INFO] [1753422342.923001233] [visualizer_node]: Received 0 solutions
[INFO] [1753422343.017945756] [visualizer_node]: Received 0 solutions
[INFO] [1753422343.119175304] [visualizer_node]: Received 0 solutions
[INFO] [1753422343.217107792] [visualizer_node]: Received 0 solutions
[INFO] [1753422343.319299632] [visualizer_node]: Received 0 solutions
[INFO] [1753422343.417445405] [visualizer_node]: Received 0 solutions
[INFO] [1753422343.519465656] [visualizer_node]: Received 0 solutions
[INFO] [1753422343.617865194] [visualizer_node]: Received 0 solutions
[INFO] [1753422343.716999019] [visualizer_node]: Received 0 solutions
[INFO] [1753422343.822614224] [visualizer_node]: Received 0 solutions
[INFO] [1753422343.920737853] [visualizer_node]: Received 0 solutions
[INFO] [1753422344.022989694] [visualizer_node]: Received 0 solutions
[INFO] [1753422344.120497855] [visualizer_node]: Received 0 solutions
[INFO] [1753422344.217796219] [visualizer_node]: Received 0 solutions
[INFO] [1753422344.318587551] [visualizer_node]: Received 0 solutions
[INFO] [1753422344.420126675] [visualizer_node]: Received 0 solutions
[INFO] [1753422344.517045672] [visualizer_node]: Received 0 solutions
[INFO] [1753422344.619835124] [visualizer_node]: Received 0 solutions
[INFO] [1753422344.716910892] [visualizer_node]: Received 0 solutions
[INFO] [1753422344.822979420] [visualizer_node]: Received 0 solutions
[INFO] [1753422344.917661187] [visualizer_node]: Received 0 solutions
[INFO] [1753422345.021926926] [visualizer_node]: Received 0 solutions
[INFO] [1753422345.116836220] [visualizer_node]: Received 0 solutions
[INFO] [1753422345.220449402] [visualizer_node]: Received 0 solutions
[INFO] [1753422345.317267470] [visualizer_node]: Received 0 solutions
[INFO] [1753422345.421935426] [visualizer_node]: Received 0 solutions
[INFO] [1753422345.517084692] [visualizer_node]: Received 0 solutions
[INFO] [1753422345.622146608] [visualizer_node]: Received 0 solutions
[INFO] [1753422345.718847586] [visualizer_node]: Received 0 solutions
[INFO] [1753422345.817573181] [visualizer_node]: Received 0 solutions
[INFO] [1753422345.929357410] [visualizer_node]: Received 0 solutions
[INFO] [1753422346.017964943] [visualizer_node]: Received 0 solutions
[INFO] [1753422346.117135828] [visualizer_node]: Received 0 solutions
[INFO] [1753422346.218073054] [visualizer_node]: Received 0 solutions
[INFO] [1753422346.317960593] [visualizer_node]: Received 0 solutions
[INFO] [1753422346.417135863] [visualizer_node]: Received 0 solutions
[INFO] [1753422346.518750222] [visualizer_node]: Received 0 solutions
[INFO] [1753422346.617829009] [visualizer_node]: Received 0 solutions
[INFO] [1753422346.718364274] [visualizer_node]: Received 0 solutions
[INFO] [1753422346.818580653] [visualizer_node]: Received 0 solutions
[INFO] [1753422346.918940138] [visualizer_node]: Received 0 solutions
[INFO] [1753422347.022228579] [visualizer_node]: Received 0 solutions
[INFO] [1753422347.122252507] [visualizer_node]: Received 0 solutions
[INFO] [1753422347.221964972] [visualizer_node]: Received 0 solutions
[INFO] [1753422347.319238348] [visualizer_node]: Received 0 solutions
[INFO] [1753422347.420017939] [visualizer_node]: Received 0 solutions
[INFO] [1753422347.518909972] [visualizer_node]: Received 0 solutions
[INFO] [1753422347.625021192] [visualizer_node]: Received 0 solutions
[INFO] [1753422347.718647741] [visualizer_node]: Received 0 solutions
[INFO] [1753422347.819182655] [visualizer_node]: Received 0 solutions
[INFO] [1753422347.926229798] [visualizer_node]: Received 0 solutions
[INFO] [1753422348.017910484] [visualizer_node]: Received 0 solutions
[INFO] [1753422348.123006708] [visualizer_node]: Received 0 solutions
[INFO] [1753422348.219772298] [visualizer_node]: Received 0 solutions
[INFO] [1753422348.320070569] [visualizer_node]: Received 0 solutions
[INFO] [1753422348.423775405] [visualizer_node]: Received 0 solutions
[INFO] [1753422348.526640384] [visualizer_node]: Received 0 solutions
[INFO] [1753422348.619815213] [visualizer_node]: Received 0 solutions
[INFO] [1753422348.720887067] [visualizer_node]: Received 0 solutions
[INFO] [1753422348.826326658] [visualizer_node]: Received 0 solutions
[INFO] [1753422348.920076699] [visualizer_node]: Received 0 solutions
[INFO] [1753422349.017521024] [visualizer_node]: Received 0 solutions
[INFO] [1753422349.120633113] [visualizer_node]: Received 0 solutions
[INFO] [1753422349.217228813] [visualizer_node]: Received 0 solutions
[INFO] [1753422349.323071709] [visualizer_node]: Received 0 solutions
[INFO] [1753422349.417516741] [visualizer_node]: Received 0 solutions
[INFO] [1753422349.518854810] [visualizer_node]: Received 0 solutions
[INFO] [1753422349.620276913] [visualizer_node]: Received 0 solutions
[INFO] [1753422349.717649845] [visualizer_node]: Received 0 solutions
[INFO] [1753422349.823636936] [visualizer_node]: Received 0 solutions
[INFO] [1753422349.917651144] [visualizer_node]: Received 0 solutions
[INFO] [1753422350.019836526] [visualizer_node]: Received 0 solutions
[INFO] [1753422350.119682694] [visualizer_node]: Received 0 solutions
[INFO] [1753422350.221074845] [visualizer_node]: Received 0 solutions
[INFO] [1753422350.318620229] [visualizer_node]: Received 0 solutions
[INFO] [1753422350.423393153] [visualizer_node]: Received 0 solutions
[INFO] [1753422350.517261727] [visualizer_node]: Received 0 solutions
[INFO] [1753422350.620898180] [visualizer_node]: Received 0 solutions
[INFO] [1753422350.717805279] [visualizer_node]: Received 0 solutions
[INFO] [1753422350.818772493] [visualizer_node]: Received 0 solutions
[INFO] [1753422350.917514798] [visualizer_node]: Received 0 solutions
[INFO] [1753422351.023463171] [visualizer_node]: Received 0 solutions
[INFO] [1753422351.117957102] [visualizer_node]: Received 0 solutions
[INFO] [1753422351.221907162] [visualizer_node]: Received 0 solutions
[INFO] [1753422351.317118388] [visualizer_node]: Received 0 solutions
[INFO] [1753422351.420459124] [visualizer_node]: Received 0 solutions
[INFO] [1753422351.516824038] [visualizer_node]: Received 0 solutions
[INFO] [1753422351.620118949] [visualizer_node]: Received 0 solutions
[INFO] [1753422351.718578401] [visualizer_node]: Received 0 solutions
[INFO] [1753422351.819501520] [visualizer_node]: Received 0 solutions
[INFO] [1753422351.917329279] [visualizer_node]: Received 0 solutions
[INFO] [1753422352.021971674] [visualizer_node]: Received 0 solutions
[INFO] [1753422352.117076179] [visualizer_node]: Received 0 solutions
[INFO] [1753422352.219325630] [visualizer_node]: Received 0 solutions
[INFO] [1753422352.317685401] [visualizer_node]: Received 0 solutions
[INFO] [1753422352.420786549] [visualizer_node]: Received 0 solutions
[INFO] [1753422352.517491375] [visualizer_node]: Received 0 solutions
[INFO] [1753422352.621850053] [visualizer_node]: Received 0 solutions
[INFO] [1753422352.717210563] [visualizer_node]: Received 0 solutions
[INFO] [1753422352.819316395] [visualizer_node]: Received 0 solutions
[INFO] [1753422352.918985889] [visualizer_node]: Received 0 solutions
[INFO] [1753422353.021820376] [visualizer_node]: Received 0 solutions
[INFO] [1753422353.119501223] [visualizer_node]: Received 0 solutions
[INFO] [1753422353.218317580] [visualizer_node]: Received 0 solutions
[INFO] [1753422353.317108370] [visualizer_node]: Received 0 solutions
[INFO] [1753422353.419061816] [visualizer_node]: Received 0 solutions
[INFO] [1753422353.517423348] [visualizer_node]: Received 0 solutions
[INFO] [1753422353.617255727] [visualizer_node]: Received 0 solutions
[INFO] [1753422353.720306539] [visualizer_node]: Received 0 solutions
[INFO] [1753422353.817251339] [visualizer_node]: Received 0 solutions
[INFO] [1753422353.917876342] [visualizer_node]: Received 0 solutions
[INFO] [1753422354.027366262] [visualizer_node]: Received 0 solutions
[INFO] [1753422354.117259590] [visualizer_node]: Received 0 solutions
[INFO] [1753422354.219031882] [visualizer_node]: Received 0 solutions
[INFO] [1753422354.318564735] [visualizer_node]: Received 0 solutions
[INFO] [1753422354.429621857] [visualizer_node]: Received 0 solutions
[INFO] [1753422354.517103296] [visualizer_node]: Received 0 solutions
[INFO] [1753422354.620395682] [visualizer_node]: Received 0 solutions
[INFO] [1753422354.717199232] [visualizer_node]: Received 0 solutions
[INFO] [1753422354.819838709] [visualizer_node]: Received 0 solutions
[INFO] [1753422354.919505101] [visualizer_node]: Received 0 solutions
[INFO] [1753422355.021002859] [visualizer_node]: Received 0 solutions
[INFO] [1753422355.120126170] [visualizer_node]: Received 0 solutions
[INFO] [1753422355.219852788] [visualizer_node]: Received 0 solutions
[INFO] [1753422355.317435843] [visualizer_node]: Received 0 solutions
[INFO] [1753422355.422946164] [visualizer_node]: Received 0 solutions
[INFO] [1753422355.518947747] [visualizer_node]: Received 0 solutions
[INFO] [1753422355.619945175] [visualizer_node]: Received 0 solutions
[INFO] [1753422355.718533915] [visualizer_node]: Received 0 solutions
[INFO] [1753422355.821797310] [visualizer_node]: Received 0 solutions
[INFO] [1753422355.922784530] [visualizer_node]: Received 0 solutions
[INFO] [1753422356.021989442] [visualizer_node]: Received 0 solutions
[INFO] [1753422356.118063955] [visualizer_node]: Received 0 solutions
[INFO] [1753422356.221162452] [visualizer_node]: Received 0 solutions
[INFO] [1753422356.318483167] [visualizer_node]: Received 0 solutions
[INFO] [1753422356.420668813] [visualizer_node]: Received 0 solutions
[INFO] [1753422356.518359935] [visualizer_node]: Received 0 solutions
[INFO] [1753422356.619804958] [visualizer_node]: Received 0 solutions
[INFO] [1753422356.717082599] [visualizer_node]: Received 0 solutions
[INFO] [1753422356.821173149] [visualizer_node]: Received 0 solutions
[INFO] [1753422356.917638710] [visualizer_node]: Received 0 solutions
[INFO] [1753422357.017553621] [visualizer_node]: Received 0 solutions
[INFO] [1753422357.117052750] [visualizer_node]: Received 0 solutions
[INFO] [1753422357.216998095] [visualizer_node]: Received 0 solutions
[INFO] [1753422357.318092392] [visualizer_node]: Received 0 solutions
[INFO] [1753422357.417512031] [visualizer_node]: Received 0 solutions
[INFO] [1753422357.521437330] [visualizer_node]: Received 0 solutions
[INFO] [1753422357.620715685] [visualizer_node]: Received 0 solutions
[INFO] [1753422357.720055418] [visualizer_node]: Received 0 solutions
[INFO] [1753422357.819981403] [visualizer_node]: Received 0 solutions
[INFO] [1753422357.918418878] [visualizer_node]: Received 0 solutions
[INFO] [1753422358.019165136] [visualizer_node]: Received 0 solutions
[INFO] [1753422358.117924346] [visualizer_node]: Received 0 solutions
[INFO] [1753422358.223718260] [visualizer_node]: Received 0 solutions
[INFO] [1753422358.317664508] [visualizer_node]: Received 0 solutions
[INFO] [1753422358.425434367] [visualizer_node]: Received 0 solutions
[INFO] [1753422358.518754169] [visualizer_node]: Received 0 solutions
[INFO] [1753422358.617666919] [visualizer_node]: Received 0 solutions
[INFO] [1753422358.716570132] [visualizer_node]: Received 0 solutions
[INFO] [1753422358.818751172] [visualizer_node]: Received 0 solutions
[INFO] [1753422358.922232047] [visualizer_node]: Received 0 solutions
[INFO] [1753422359.017985788] [visualizer_node]: Received 0 solutions
[INFO] [1753422359.117353523] [visualizer_node]: Received 0 solutions
[INFO] [1753422359.226220014] [visualizer_node]: Received 0 solutions
[INFO] [1753422359.317510720] [visualizer_node]: Received 0 solutions
[INFO] [1753422359.418931426] [visualizer_node]: Received 0 solutions
[INFO] [1753422359.520196769] [visualizer_node]: Received 0 solutions
[INFO] [1753422359.618464162] [visualizer_node]: Received 0 solutions
[INFO] [1753422359.716676450] [visualizer_node]: Received 0 solutions
[INFO] [1753422359.818642895] [visualizer_node]: Received 0 solutions
[INFO] [1753422359.919568263] [visualizer_node]: Received 0 solutions
[INFO] [1753422360.017646500] [visualizer_node]: Received 0 solutions
[INFO] [1753422360.119760853] [visualizer_node]: Received 0 solutions
[INFO] [1753422360.218764359] [visualizer_node]: Received 0 solutions
[INFO] [1753422360.316740259] [visualizer_node]: Received 0 solutions
[INFO] [1753422360.426825432] [visualizer_node]: Received 0 solutions
[INFO] [1753422360.517193848] [visualizer_node]: Received 0 solutions
[INFO] [1753422360.618493433] [visualizer_node]: Received 0 solutions
[INFO] [1753422360.716894334] [visualizer_node]: Received 0 solutions
[INFO] [1753422360.817452815] [visualizer_node]: Received 0 solutions
[INFO] [1753422360.917588023] [visualizer_node]: Received 0 solutions
[INFO] [1753422361.019439428] [visualizer_node]: Received 0 solutions
[INFO] [1753422361.116893206] [visualizer_node]: Received 0 solutions
[INFO] [1753422361.218014100] [visualizer_node]: Received 0 solutions
[INFO] [1753422361.317780918] [visualizer_node]: Received 0 solutions
[INFO] [1753422361.421769679] [visualizer_node]: Received 0 solutions
[INFO] [1753422361.516898418] [visualizer_node]: Received 0 solutions
[INFO] [1753422361.618781344] [visualizer_node]: Received 0 solutions
[INFO] [1753422361.718938154] [visualizer_node]: Received 0 solutions
[INFO] [1753422361.820406543] [visualizer_node]: Received 0 solutions
[INFO] [1753422361.918154440] [visualizer_node]: Received 0 solutions
[INFO] [1753422362.018995776] [visualizer_node]: Received 0 solutions
[INFO] [1753422362.121375929] [visualizer_node]: Received 0 solutions
[INFO] [1753422362.218770667] [visualizer_node]: Received 0 solutions
[INFO] [1753422362.316996463] [visualizer_node]: Received 0 solutions
[INFO] [1753422362.422910801] [visualizer_node]: Received 0 solutions
[INFO] [1753422362.518182392] [visualizer_node]: Received 0 solutions
[INFO] [1753422362.617206956] [visualizer_node]: Received 0 solutions
[INFO] [1753422362.718816341] [visualizer_node]: Received 0 solutions
[INFO] [1753422362.817169851] [visualizer_node]: Received 0 solutions
[INFO] [1753422362.920122432] [visualizer_node]: Received 0 solutions
[INFO] [1753422363.018774284] [visualizer_node]: Received 0 solutions
[INFO] [1753422363.125476543] [visualizer_node]: Received 0 solutions
[INFO] [1753422363.216919608] [visualizer_node]: Received 0 solutions
[INFO] [1753422363.319709947] [visualizer_node]: Received 0 solutions
[INFO] [1753422363.419790822] [visualizer_node]: Received 0 solutions
[INFO] [1753422363.516712751] [visualizer_node]: Received 0 solutions
[INFO] [1753422363.618443516] [visualizer_node]: Received 0 solutions
[INFO] [1753422363.718175488] [visualizer_node]: Received 0 solutions
[INFO] [1753422363.820253300] [visualizer_node]: Received 0 solutions
[INFO] [1753422363.919629296] [visualizer_node]: Received 0 solutions
[INFO] [1753422364.021461471] [visualizer_node]: Received 0 solutions
[INFO] [1753422364.117401462] [visualizer_node]: Received 0 solutions
[INFO] [1753422364.220863495] [visualizer_node]: Received 0 solutions
[INFO] [1753422364.317921461] [visualizer_node]: Received 0 solutions
[INFO] [1753422364.419107256] [visualizer_node]: Received 0 solutions
[INFO] [1753422364.518243280] [visualizer_node]: Received 0 solutions
[INFO] [1753422364.620140801] [visualizer_node]: Received 0 solutions
[INFO] [1753422364.717924606] [visualizer_node]: Received 0 solutions
[INFO] [1753422364.818768986] [visualizer_node]: Received 0 solutions
[INFO] [1753422364.918055669] [visualizer_node]: Received 0 solutions
[INFO] [1753422365.020788600] [visualizer_node]: Received 0 solutions
[INFO] [1753422365.117331420] [visualizer_node]: Received 0 solutions
[INFO] [1753422365.220027711] [visualizer_node]: Received 0 solutions
[INFO] [1753422365.317535255] [visualizer_node]: Received 0 solutions
[INFO] [1753422365.421455219] [visualizer_node]: Received 0 solutions
[INFO] [1753422365.519597432] [visualizer_node]: Received 0 solutions
[INFO] [1753422365.621360584] [visualizer_node]: Received 0 solutions
[INFO] [1753422365.717593286] [visualizer_node]: Received 0 solutions
[INFO] [1753422365.820970359] [visualizer_node]: Received 0 solutions
[INFO] [1753422365.917117395] [visualizer_node]: Received 0 solutions
[INFO] [1753422366.022421067] [visualizer_node]: Received 0 solutions
[INFO] [1753422366.118290211] [visualizer_node]: Received 0 solutions
[INFO] [1753422366.224512719] [visualizer_node]: Received 0 solutions
[INFO] [1753422366.316963968] [visualizer_node]: Received 0 solutions
[INFO] [1753422366.421625325] [visualizer_node]: Received 0 solutions
[INFO] [1753422366.517744457] [visualizer_node]: Received 0 solutions
[INFO] [1753422366.618322146] [visualizer_node]: Received 0 solutions
[INFO] [1753422366.717814276] [visualizer_node]: Received 0 solutions
[INFO] [1753422366.824383479] [visualizer_node]: Received 0 solutions
[INFO] [1753422366.917331635] [visualizer_node]: Received 0 solutions
[INFO] [1753422367.019695920] [visualizer_node]: Received 0 solutions
[INFO] [1753422367.117896824] [visualizer_node]: Received 0 solutions
[INFO] [1753422367.219523528] [visualizer_node]: Received 0 solutions
[INFO] [1753422367.317111107] [visualizer_node]: Received 0 solutions
[INFO] [1753422367.418501582] [visualizer_node]: Received 0 solutions
[INFO] [1753422367.517347267] [visualizer_node]: Received 0 solutions
[INFO] [1753422367.617741657] [visualizer_node]: Received 0 solutions
[INFO] [1753422367.720603650] [visualizer_node]: Received 0 solutions
[INFO] [1753422367.826189730] [visualizer_node]: Received 0 solutions
[INFO] [1753422367.920802657] [visualizer_node]: Received 0 solutions
[INFO] [1753422368.025611122] [visualizer_node]: Received 0 solutions
[INFO] [1753422368.119990508] [visualizer_node]: Received 0 solutions
[INFO] [1753422368.216873339] [visualizer_node]: Received 0 solutions
[INFO] [1753422368.318888083] [visualizer_node]: Received 0 solutions
[INFO] [1753422368.416849239] [visualizer_node]: Received 0 solutions
[INFO] [1753422368.520277485] [visualizer_node]: Received 0 solutions
[INFO] [1753422368.618003213] [visualizer_node]: Received 0 solutions
[INFO] [1753422368.717558930] [visualizer_node]: Received 0 solutions
[INFO] [1753422368.816664174] [visualizer_node]: Received 0 solutions
[INFO] [1753422368.917204840] [visualizer_node]: Received 0 solutions
[INFO] [1753422369.016900881] [visualizer_node]: Received 0 solutions
[INFO] [1753422369.116564025] [visualizer_node]: Received 0 solutions
[INFO] [1753422369.216972817] [visualizer_node]: Received 0 solutions
[INFO] [1753422369.317130276] [visualizer_node]: Received 0 solutions
[INFO] [1753422369.420913122] [visualizer_node]: Received 0 solutions
[INFO] [1753422369.517393129] [visualizer_node]: Received 0 solutions
[INFO] [1753422369.617230102] [visualizer_node]: Received 0 solutions
[INFO] [1753422369.717780241] [visualizer_node]: Received 0 solutions
[INFO] [1753422369.821967991] [visualizer_node]: Received 0 solutions
[INFO] [1753422369.918905511] [visualizer_node]: Received 0 solutions
[INFO] [1753422370.022129882] [visualizer_node]: Received 0 solutions
[INFO] [1753422370.117742288] [visualizer_node]: Received 0 solutions
[INFO] [1753422370.217971750] [visualizer_node]: Received 0 solutions
[INFO] [1753422370.316838623] [visualizer_node]: Received 0 solutions
[INFO] [1753422370.421369550] [visualizer_node]: Received 0 solutions
[INFO] [1753422370.519093423] [visualizer_node]: Received 0 solutions
[INFO] [1753422370.617611714] [visualizer_node]: Received 0 solutions
[INFO] [1753422370.726090817] [visualizer_node]: Received 0 solutions
[INFO] [1753422370.817773351] [visualizer_node]: Received 0 solutions
[INFO] [1753422370.921217822] [visualizer_node]: Received 0 solutions
[INFO] [1753422371.020567010] [visualizer_node]: Received 0 solutions
[INFO] [1753422371.120583412] [visualizer_node]: Received 0 solutions
[INFO] [1753422371.218167700] [visualizer_node]: Received 0 solutions
[INFO] [1753422371.318036868] [visualizer_node]: Received 0 solutions
[INFO] [1753422371.417382792] [visualizer_node]: Received 0 solutions
[INFO] [1753422371.519750923] [visualizer_node]: Received 0 solutions
[INFO] [1753422371.617184072] [visualizer_node]: Received 0 solutions
[INFO] [1753422371.720355003] [visualizer_node]: Received 0 solutions
[INFO] [1753422371.817314446] [visualizer_node]: Received 0 solutions
[INFO] [1753422371.919410027] [visualizer_node]: Received 0 solutions
[INFO] [1753422372.017255825] [visualizer_node]: Received 0 solutions
[INFO] [1753422372.120204961] [visualizer_node]: Received 0 solutions
[INFO] [1753422372.217061875] [visualizer_node]: Received 0 solutions
[INFO] [1753422372.320217799] [visualizer_node]: Received 0 solutions
[INFO] [1753422372.418535063] [visualizer_node]: Received 0 solutions
[INFO] [1753422372.517695609] [visualizer_node]: Received 0 solutions
[INFO] [1753422372.616840474] [visualizer_node]: Received 0 solutions
[INFO] [1753422372.716952240] [visualizer_node]: Received 0 solutions
[INFO] [1753422372.816734110] [visualizer_node]: Received 0 solutions
[INFO] [1753422372.922548745] [visualizer_node]: Received 0 solutions
[INFO] [1753422373.017653303] [visualizer_node]: Received 0 solutions
[INFO] [1753422373.117012254] [visualizer_node]: Received 0 solutions
[INFO] [1753422373.225432928] [visualizer_node]: Received 0 solutions
[INFO] [1753422373.320233033] [visualizer_node]: Received 0 solutions
[INFO] [1753422373.416790838] [visualizer_node]: Received 0 solutions
[INFO] [1753422373.518426732] [visualizer_node]: Received 0 solutions
[INFO] [1753422373.616813790] [visualizer_node]: Received 0 solutions
[INFO] [1753422373.721781849] [visualizer_node]: Received 0 solutions
[INFO] [1753422373.817969886] [visualizer_node]: Received 0 solutions
[INFO] [1753422373.917913649] [visualizer_node]: Received 0 solutions
[INFO] [1753422374.018574675] [visualizer_node]: Received 0 solutions
[INFO] [1753422374.118077022] [visualizer_node]: Received 0 solutions
[INFO] [1753422374.217558696] [visualizer_node]: Received 0 solutions
[INFO] [1753422374.322049466] [visualizer_node]: Received 0 solutions
[INFO] [1753422374.420646707] [visualizer_node]: Received 0 solutions
[INFO] [1753422374.518158676] [visualizer_node]: Received 0 solutions
[INFO] [1753422374.616574537] [visualizer_node]: Received 0 solutions
[INFO] [1753422374.717759478] [visualizer_node]: Received 0 solutions
[INFO] [1753422374.817370531] [visualizer_node]: Received 0 solutions
[INFO] [1753422374.919907373] [visualizer_node]: Received 0 solutions
[INFO] [1753422375.016628223] [visualizer_node]: Received 0 solutions
[INFO] [1753422375.117423525] [visualizer_node]: Received 0 solutions
[INFO] [1753422375.219808429] [visualizer_node]: Received 0 solutions
[INFO] [1753422375.316930599] [visualizer_node]: Received 0 solutions
[INFO] [1753422375.417575563] [visualizer_node]: Received 0 solutions
[INFO] [1753422375.516982901] [visualizer_node]: Received 0 solutions
[INFO] [1753422375.618556972] [visualizer_node]: Received 0 solutions
[INFO] [1753422375.717350217] [visualizer_node]: Received 0 solutions
[INFO] [1753422375.818017965] [visualizer_node]: Received 0 solutions
[INFO] [1753422375.916669031] [visualizer_node]: Received 0 solutions
[INFO] [1753422376.017996825] [visualizer_node]: Received 0 solutions
[INFO] [1753422376.117368356] [visualizer_node]: Received 0 solutions
[INFO] [1753422376.219205697] [visualizer_node]: Received 0 solutions
[INFO] [1753422376.317354322] [visualizer_node]: Received 0 solutions
[INFO] [1753422376.419061645] [visualizer_node]: Received 0 solutions
[INFO] [1753422376.517597190] [visualizer_node]: Received 0 solutions
[INFO] [1753422376.620188595] [visualizer_node]: Received 0 solutions
[INFO] [1753422376.717786520] [visualizer_node]: Received 0 solutions
[INFO] [1753422376.827666012] [visualizer_node]: Received 0 solutions
[INFO] [1753422376.917727878] [visualizer_node]: Received 0 solutions
[INFO] [1753422377.027909712] [visualizer_node]: Received 0 solutions
[INFO] [1753422377.117678324] [visualizer_node]: Received 0 solutions
[INFO] [1753422377.220277891] [visualizer_node]: Received 0 solutions
[INFO] [1753422377.317724742] [visualizer_node]: Received 0 solutions
[INFO] [1753422377.418847990] [visualizer_node]: Received 0 solutions
[INFO] [1753422377.523841718] [visualizer_node]: Received 0 solutions
[INFO] [1753422377.618217401] [visualizer_node]: Received 0 solutions
[INFO] [1753422377.724584726] [visualizer_node]: Received 0 solutions
[INFO] [1753422377.817535068] [visualizer_node]: Received 0 solutions
[INFO] [1753422377.917125324] [visualizer_node]: Received 0 solutions
[INFO] [1753422378.017903637] [visualizer_node]: Received 0 solutions
[INFO] [1753422378.117189919] [visualizer_node]: Received 0 solutions
[INFO] [1753422378.218469523] [visualizer_node]: Received 0 solutions
[INFO] [1753422378.317426231] [visualizer_node]: Received 0 solutions
[INFO] [1753422378.417644277] [visualizer_node]: Received 0 solutions
[INFO] [1753422378.518207642] [visualizer_node]: Received 0 solutions
[INFO] [1753422378.617657352] [visualizer_node]: Received 0 solutions
[INFO] [1753422378.717402044] [visualizer_node]: Received 0 solutions
[INFO] [1753422378.817640891] [visualizer_node]: Received 0 solutions
[INFO] [1753422378.917315310] [visualizer_node]: Received 0 solutions
[INFO] [1753422379.018610434] [visualizer_node]: Received 0 solutions
[INFO] [1753422379.118752095] [visualizer_node]: Received 0 solutions
[INFO] [1753422379.218801723] [visualizer_node]: Received 0 solutions
[INFO] [1753422379.320703165] [visualizer_node]: Received 0 solutions
[INFO] [1753422379.419416157] [visualizer_node]: Received 0 solutions
[INFO] [1753422379.524050231] [visualizer_node]: Received 0 solutions
[INFO] [1753422379.620901393] [visualizer_node]: Received 0 solutions
[INFO] [1753422379.717029307] [visualizer_node]: Received 0 solutions
[INFO] [1753422379.826298646] [visualizer_node]: Received 0 solutions
[INFO] [1753422379.921923765] [visualizer_node]: Received 0 solutions
[INFO] [1753422380.021580969] [visualizer_node]: Received 0 solutions
[INFO] [1753422380.119868001] [visualizer_node]: Received 0 solutions
[INFO] [1753422380.219095693] [visualizer_node]: Received 0 solutions
[INFO] [1753422380.317844622] [visualizer_node]: Received 0 solutions
[INFO] [1753422380.418622010] [visualizer_node]: Received 0 solutions
[INFO] [1753422380.517138295] [visualizer_node]: Received 0 solutions
[INFO] [1753422380.619326432] [visualizer_node]: Received 0 solutions
[INFO] [1753422380.717354354] [visualizer_node]: Received 0 solutions
[INFO] [1753422380.821589254] [visualizer_node]: Received 0 solutions
[INFO] [1753422380.917892245] [visualizer_node]: Received 0 solutions
[INFO] [1753422381.016984446] [visualizer_node]: Received 0 solutions
[INFO] [1753422381.117934830] [visualizer_node]: Received 0 solutions
[INFO] [1753422381.217955115] [visualizer_node]: Received 0 solutions
[INFO] [1753422381.320301625] [visualizer_node]: Received 0 solutions
[INFO] [1753422381.417352248] [visualizer_node]: Received 0 solutions
[INFO] [1753422381.524654508] [visualizer_node]: Received 0 solutions
[INFO] [1753422381.617462292] [visualizer_node]: Received 0 solutions
[INFO] [1753422381.721905228] [visualizer_node]: Received 0 solutions
[INFO] [1753422381.817373547] [visualizer_node]: Received 0 solutions
[INFO] [1753422381.919863227] [visualizer_node]: Received 0 solutions
[INFO] [1753422382.016971964] [visualizer_node]: Received 0 solutions
[INFO] [1753422382.119207464] [visualizer_node]: Received 0 solutions
[INFO] [1753422382.217690151] [visualizer_node]: Received 0 solutions
[INFO] [1753422382.320099350] [visualizer_node]: Received 0 solutions
[INFO] [1753422382.418236877] [visualizer_node]: Received 0 solutions
[INFO] [1753422382.519606888] [visualizer_node]: Received 0 solutions
[INFO] [1753422382.616959118] [visualizer_node]: Received 0 solutions
[INFO] [1753422382.720491893] [visualizer_node]: Received 0 solutions
[INFO] [1753422382.817047180] [visualizer_node]: Received 0 solutions
[INFO] [1753422382.921855565] [visualizer_node]: Received 0 solutions
[INFO] [1753422383.017680660] [visualizer_node]: Received 0 solutions
[INFO] [1753422383.123130372] [visualizer_node]: Received 0 solutions
[INFO] [1753422383.218735816] [visualizer_node]: Received 0 solutions
[INFO] [1753422383.321767238] [visualizer_node]: Received 0 solutions
[INFO] [1753422383.417598190] [visualizer_node]: Received 0 solutions
[INFO] [1753422383.518063574] [visualizer_node]: Received 0 solutions
[INFO] [1753422383.620975633] [visualizer_node]: Received 0 solutions
[INFO] [1753422383.717381254] [visualizer_node]: Received 0 solutions
[INFO] [1753422383.819287564] [visualizer_node]: Received 0 solutions
[INFO] [1753422383.919554736] [visualizer_node]: Received 0 solutions
[INFO] [1753422384.021428246] [visualizer_node]: Received 0 solutions
[INFO] [1753422384.117307840] [visualizer_node]: Received 0 solutions
[INFO] [1753422384.221005197] [visualizer_node]: Received 0 solutions
[INFO] [1753422384.317240735] [visualizer_node]: Received 0 solutions
[INFO] [1753422384.419172807] [visualizer_node]: Received 0 solutions
[INFO] [1753422390.518786932] [visualizer_node]: Received 0 solutions
[INFO] [1753422390.617408605] [visualizer_node]: Received 0 solutions
[INFO] [1753422390.718423608] [visualizer_node]: Received 0 solutions
[INFO] [1753422390.816500054] [visualizer_node]: Received 0 solutions
[INFO] [1753422390.919718496] [visualizer_node]: Received 0 solutions
[INFO] [1753422391.017973346] [visualizer_node]: Received 0 solutions
[INFO] [1753422401.022537990] [visualizer_node]: Received 0 solutions
[INFO] [1753422401.118047257] [visualizer_node]: Received 0 solutions
[INFO] [1753422401.218266191] [visualizer_node]: Received 0 solutions
[INFO] [1753422401.317137097] [visualizer_node]: Received 0 solutions
[INFO] [1753422401.423807015] [visualizer_node]: Received 0 solutions
[INFO] [1753422401.517493556] [visualizer_node]: Received 0 solutions
[INFO] [1753422401.619351756] [visualizer_node]: Received 0 solutions
[INFO] [1753422401.716736231] [visualizer_node]: Received 0 solutions
[INFO] [1753422401.818639616] [visualizer_node]: Received 0 solutions
[INFO] [1753422401.917406360] [visualizer_node]: Received 0 solutions
[INFO] [1753422402.017477803] [visualizer_node]: Received 0 solutions
[INFO] [1753422402.124090601] [visualizer_node]: Received 0 solutions
[INFO] [1753422402.217080712] [visualizer_node]: Received 0 solutions
[INFO] [1753422402.326388254] [visualizer_node]: Received 0 solutions
[INFO] [1753422402.417424852] [visualizer_node]: Received 0 solutions
[INFO] [1753422402.524083091] [visualizer_node]: Received 8 solutions
[INFO] [1753422402.621398317] [visualizer_node]: Received 8 solutions
[INFO] [1753422402.723098467] [visualizer_node]: Received 8 solutions
[INFO] [1753422402.821562965] [visualizer_node]: Received 8 solutions
[INFO] [1753422402.925442617] [visualizer_node]: Received 8 solutions
[INFO] [1753422403.021789056] [visualizer_node]: Received 8 solutions
[INFO] [1753422403.124150117] [visualizer_node]: Received 8 solutions
[INFO] [1753422403.221436383] [visualizer_node]: Received 8 solutions
[INFO] [1753422403.324104459] [visualizer_node]: Received 12 solutions
[INFO] [1753422403.421874096] [visualizer_node]: Received 12 solutions
[INFO] [1753422403.528699891] [visualizer_node]: Received 12 solutions
[INFO] [1753422403.622252959] [visualizer_node]: Received 12 solutions
[INFO] [1753422403.726469803] [visualizer_node]: Received 12 solutions
[INFO] [1753422403.823963946] [visualizer_node]: Received 12 solutions
[INFO] [1753422403.933742603] [visualizer_node]: Received 12 solutions
[INFO] [1753422404.026915567] [visualizer_node]: Received 12 solutions
[INFO] [1753422404.129515642] [visualizer_node]: Received 12 solutions
[INFO] [1753422404.221813101] [visualizer_node]: Received 12 solutions
[INFO] [1753422404.325036262] [visualizer_node]: Received 12 solutions
[INFO] [1753422404.421681972] [visualizer_node]: Received 12 solutions
[INFO] [1753422404.527243645] [visualizer_node]: Received 12 solutions
[INFO] [1753422404.621878913] [visualizer_node]: Received 12 solutions
[INFO] [1753422404.724585518] [visualizer_node]: Received 12 solutions
[INFO] [1753422404.822692155] [visualizer_node]: Received 12 solutions
[INFO] [1753422404.924750683] [visualizer_node]: Received 12 solutions
[INFO] [1753422405.021967990] [visualizer_node]: Received 12 solutions
[INFO] [1753422405.120135269] [visualizer_node]: Received 0 solutions
[INFO] [1753422405.216784564] [visualizer_node]: Received 0 solutions
[INFO] [1753422405.319514595] [visualizer_node]: Received 0 solutions
[INFO] [1753422405.418112091] [visualizer_node]: Received 0 solutions
[INFO] [1753422405.522344586] [visualizer_node]: Received 0 solutions
[INFO] [1753422405.618339211] [visualizer_node]: Received 0 solutions
[INFO] [1753422405.718325824] [visualizer_node]: Received 0 solutions
[INFO] [1753422405.817178110] [visualizer_node]: Received 0 solutions
[INFO] [1753422405.917279958] [visualizer_node]: Received 0 solutions
[INFO] [1753422406.017913561] [visualizer_node]: Received 0 solutions
[INFO] [1753422406.117341507] [visualizer_node]: Received 0 solutions
[INFO] [1753422406.217198007] [visualizer_node]: Received 0 solutions
[INFO] [1753422406.318273380] [visualizer_node]: Received 0 solutions
[INFO] [1753422406.418860359] [visualizer_node]: Received 0 solutions
[INFO] [1753422406.517176826] [visualizer_node]: Received 0 solutions
[INFO] [1753422410.221239323] [visualizer_node]: Received 0 solutions
[INFO] [1753422410.317450149] [visualizer_node]: Received 0 solutions
[INFO] [1753422410.422237253] [visualizer_node]: Received 0 solutions
[INFO] [1753422410.519373091] [visualizer_node]: Received 0 solutions
[INFO] [1753422410.621787697] [visualizer_node]: Received 0 solutions
[INFO] [1753422410.716591166] [visualizer_node]: Received 0 solutions
[INFO] [1753422410.822040460] [visualizer_node]: Received 0 solutions
[INFO] [1753422410.918016209] [visualizer_node]: Received 0 solutions
[INFO] [1753422411.024385843] [visualizer_node]: Received 0 solutions
[INFO] [1753422411.116959986] [visualizer_node]: Received 0 solutions
[INFO] [1753422411.219817002] [visualizer_node]: Received 0 solutions
[INFO] [1753422411.317602711] [visualizer_node]: Received 0 solutions
[INFO] [1753422411.420925624] [visualizer_node]: Received 0 solutions
[INFO] [1753422411.517223974] [visualizer_node]: Received 0 solutions
[INFO] [1753422411.625609074] [visualizer_node]: Received 0 solutions
[INFO] [1753422411.717050266] [visualizer_node]: Received 0 solutions
[INFO] [1753422411.825429670] [visualizer_node]: Received 0 solutions
[INFO] [1753422411.922390338] [visualizer_node]: Received 0 solutions
[INFO] [1753422412.024040256] [visualizer_node]: Received 0 solutions
[INFO] [1753422412.117530676] [visualizer_node]: Received 0 solutions
[INFO] [1753422412.220282986] [visualizer_node]: Received 0 solutions
[INFO] [1753422412.317307304] [visualizer_node]: Received 0 solutions
[INFO] [1753422412.419866171] [visualizer_node]: Received 0 solutions
[INFO] [1753422412.517366915] [visualizer_node]: Received 0 solutions
[INFO] [1753422412.621730876] [visualizer_node]: Received 0 solutions
[INFO] [1753422412.719724462] [visualizer_node]: Received 0 solutions
[INFO] [1753422412.821133896] [visualizer_node]: Received 0 solutions
[INFO] [1753422412.920047534] [visualizer_node]: Received 0 solutions
[INFO] [1753422413.020337841] [visualizer_node]: Received 0 solutions
[INFO] [1753422413.120003400] [visualizer_node]: Received 0 solutions
[INFO] [1753422413.222229780] [visualizer_node]: Received 0 solutions
[INFO] [1753422413.317219048] [visualizer_node]: Received 0 solutions
[INFO] [1753422413.423816849] [visualizer_node]: Received 0 solutions
[INFO] [1753422413.519208270] [visualizer_node]: Received 0 solutions
[INFO] [1753422413.621667935] [visualizer_node]: Received 0 solutions
[INFO] [1753422413.720361633] [visualizer_node]: Received 0 solutions
[INFO] [1753422413.817192060] [visualizer_node]: Received 0 solutions
[INFO] [1753422413.918326674] [visualizer_node]: Received 0 solutions
[INFO] [1753422414.017899783] [visualizer_node]: Received 0 solutions
[INFO] [1753422414.120645759] [visualizer_node]: Received 0 solutions
[INFO] [1753422414.218598803] [visualizer_node]: Received 0 solutions
[INFO] [1753422414.317819969] [visualizer_node]: Received 0 solutions
[INFO] [1753422414.419510307] [visualizer_node]: Received 0 solutions
[INFO] [1753422414.519855337] [visualizer_node]: Received 0 solutions
[INFO] [1753422414.619528737] [visualizer_node]: Received 0 solutions
[INFO] [1753422414.717673209] [visualizer_node]: Received 0 solutions
[INFO] [1753422414.820691447] [visualizer_node]: Received 0 solutions
[INFO] [1753422414.918351524] [visualizer_node]: Received 0 solutions
[INFO] [1753422415.022254550] [visualizer_node]: Received 8 solutions
[INFO] [1753422415.123327308] [visualizer_node]: Received 8 solutions
[INFO] [1753422415.223217929] [visualizer_node]: Received 8 solutions
[INFO] [1753422415.322955587] [visualizer_node]: Received 8 solutions
[INFO] [1753422415.421284800] [visualizer_node]: Received 8 solutions
[INFO] [1753422415.521181501] [visualizer_node]: Received 8 solutions
[INFO] [1753422415.625718909] [visualizer_node]: Received 8 solutions
[INFO] [1753422415.722321045] [visualizer_node]: Received 8 solutions
[INFO] [1753422415.821108027] [visualizer_node]: Received 8 solutions
[INFO] [1753422415.921773832] [visualizer_node]: Received 8 solutions
[INFO] [1753422416.023154086] [visualizer_node]: Received 12 solutions
[INFO] [1753422416.122743070] [visualizer_node]: Received 12 solutions
[INFO] [1753422416.224021177] [visualizer_node]: Received 12 solutions
[INFO] [1753422416.321176030] [visualizer_node]: Received 12 solutions
[INFO] [1753422416.427358625] [visualizer_node]: Received 12 solutions
[INFO] [1753422416.525953188] [visualizer_node]: Received 12 solutions
[INFO] [1753422420.617897865] [visualizer_node]: Received 0 solutions
[INFO] [1753422420.721037328] [visualizer_node]: Received 0 solutions
[INFO] [1753422420.827174903] [visualizer_node]: Received 8 solutions
[INFO] [1753422420.922465848] [visualizer_node]: Received 8 solutions
[INFO] [1753422421.021736429] [visualizer_node]: Received 8 solutions
[INFO] [1753422424.121296115] [visualizer_node]: Received 8 solutions
[INFO] [1753422424.232869137] [visualizer_node]: Received 8 solutions
[INFO] [1753422424.320338992] [visualizer_node]: Received 8 solutions
[INFO] [1753422424.423459322] [visualizer_node]: Received 8 solutions
[INFO] [1753422424.520834635] [visualizer_node]: Received 8 solutions
[INFO] [1753422424.623868244] [visualizer_node]: Received 8 solutions
[INFO] [1753422424.721306502] [visualizer_node]: Received 8 solutions
[INFO] [1753422424.825241986] [visualizer_node]: Received 8 solutions
[INFO] [1753422424.918545949] [visualizer_node]: Received 0 solutions
[INFO] [1753422425.019990788] [visualizer_node]: Received 0 solutions
[INFO] [1753422425.118363371] [visualizer_node]: Received 0 solutions
[INFO] [1753422425.222579822] [visualizer_node]: Received 0 solutions
[INFO] [1753422425.317140676] [visualizer_node]: Received 0 solutions
[INFO] [1753422425.423760378] [visualizer_node]: Received 0 solutions
[INFO] [1753422425.518174541] [visualizer_node]: Received 0 solutions
[INFO] [1753422425.621156278] [visualizer_node]: Received 0 solutions
[INFO] [1753422425.717143691] [visualizer_node]: Received 0 solutions
[INFO] [1753422425.820203765] [visualizer_node]: Received 0 solutions
[INFO] [1753422425.917438852] [visualizer_node]: Received 0 solutions
[INFO] [1753422426.023618865] [visualizer_node]: Received 0 solutions
[INFO] [1753422426.117997444] [visualizer_node]: Received 0 solutions
[INFO] [1753422426.224375670] [visualizer_node]: Received 0 solutions
[INFO] [1753422426.317622673] [visualizer_node]: Received 0 solutions
[INFO] [1753422426.420068752] [visualizer_node]: Received 0 solutions
[INFO] [1753422426.521693437] [visualizer_node]: Received 8 solutions
[INFO] [1753422426.624238749] [visualizer_node]: Received 8 solutions
[INFO] [1753422427.321583121] [visualizer_node]: Received 8 solutions
[INFO] [1753422427.429251744] [visualizer_node]: Received 8 solutions
[INFO] [1753422427.522393210] [visualizer_node]: Received 8 solutions
[INFO] [1753422427.622545288] [visualizer_node]: Received 8 solutions
[INFO] [1753422427.723395398] [visualizer_node]: Received 8 solutions
[INFO] [1753422427.828405052] [visualizer_node]: Received 8 solutions
[INFO] [1753422427.923384253] [visualizer_node]: Received 8 solutions
[INFO] [1753422428.026472458] [visualizer_node]: Received 8 solutions
[INFO] [1753422428.122637157] [visualizer_node]: Received 8 solutions
[INFO] [1753422428.224869089] [visualizer_node]: Received 8 solutions
[INFO] [1753422428.321548103] [visualizer_node]: Received 8 solutions
[INFO] [1753422428.421476786] [visualizer_node]: Received 8 solutions
[INFO] [1753422428.522892124] [visualizer_node]: Received 8 solutions
[INFO] [1753422428.623319730] [visualizer_node]: Received 8 solutions
[INFO] [1753422428.720999021] [visualizer_node]: Received 8 solutions
[INFO] [1753422428.821469795] [visualizer_node]: Received 8 solutions
[INFO] [1753422428.920885059] [visualizer_node]: Received 8 solutions
[INFO] [1753422429.022268365] [visualizer_node]: Received 8 solutions
[INFO] [1753422429.121049057] [visualizer_node]: Received 8 solutions
[INFO] [1753422429.222959223] [visualizer_node]: Received 8 solutions
[INFO] [1753422429.324839948] [visualizer_node]: Received 8 solutions
[INFO] [1753422429.422052991] [visualizer_node]: Received 8 solutions
[INFO] [1753422429.523785425] [visualizer_node]: Received 8 solutions
[INFO] [1753422429.621740467] [visualizer_node]: Received 8 solutions
[INFO] [1753422429.722486608] [visualizer_node]: Received 8 solutions
[INFO] [1753422429.823055722] [visualizer_node]: Received 8 solutions
[INFO] [1753422429.922720816] [visualizer_node]: Received 8 solutions
[INFO] [1753422430.021902892] [visualizer_node]: Received 8 solutions
[INFO] [1753422430.123335769] [visualizer_node]: Received 8 solutions
[INFO] [1753422430.220684399] [visualizer_node]: Received 8 solutions
[INFO] [1753422430.322211294] [visualizer_node]: Received 8 solutions
[INFO] [1753422430.423609258] [visualizer_node]: Received 8 solutions
[INFO] [1753422430.525723941] [visualizer_node]: Received 8 solutions
[INFO] [1753422430.622813046] [visualizer_node]: Received 8 solutions
[INFO] [1753422430.722030868] [visualizer_node]: Received 8 solutions
[INFO] [1753422430.822020994] [visualizer_node]: Received 8 solutions
[INFO] [1753422430.922202484] [visualizer_node]: Received 8 solutions
[INFO] [1753422431.024806330] [visualizer_node]: Received 8 solutions
[INFO] [1753422431.125380726] [visualizer_node]: Received 8 solutions
[INFO] [1753422431.223882149] [visualizer_node]: Received 8 solutions
[INFO] [1753422431.323543565] [visualizer_node]: Received 8 solutions
[INFO] [1753422431.420953126] [visualizer_node]: Received 8 solutions
[INFO] [1753422431.532092578] [visualizer_node]: Received 8 solutions
[INFO] [1753422431.621240042] [visualizer_node]: Received 8 solutions
[INFO] [1753422431.726225604] [visualizer_node]: Received 8 solutions
[INFO] [1753422431.820850625] [visualizer_node]: Received 8 solutions
[INFO] [1753422431.925205677] [visualizer_node]: Received 8 solutions
[INFO] [1753422432.020627323] [visualizer_node]: Received 8 solutions
[INFO] [1753422432.123086176] [visualizer_node]: Received 8 solutions
[INFO] [1753422432.220867777] [visualizer_node]: Received 8 solutions
[INFO] [1753422432.322572853] [visualizer_node]: Received 8 solutions
[INFO] [1753422432.420540026] [visualizer_node]: Received 8 solutions
[INFO] [1753422432.526839313] [visualizer_node]: Received 8 solutions
[INFO] [1753422432.621679987] [visualizer_node]: Received 12 solutions
[INFO] [1753422432.727616290] [visualizer_node]: Received 12 solutions
[INFO] [1753422432.821312684] [visualizer_node]: Received 8 solutions
[INFO] [1753422432.925902142] [visualizer_node]: Received 8 solutions
[INFO] [1753422433.020632671] [visualizer_node]: Received 8 solutions
[INFO] [1753422433.124058553] [visualizer_node]: Received 8 solutions
[INFO] [1753422433.221340592] [visualizer_node]: Received 8 solutions
[INFO] [1753422433.325209780] [visualizer_node]: Received 8 solutions
[INFO] [1753422433.420905642] [visualizer_node]: Received 8 solutions
[INFO] [1753422433.524849839] [visualizer_node]: Received 8 solutions
[INFO] [1753422433.621191090] [visualizer_node]: Received 8 solutions
[INFO] [1753422433.727617548] [visualizer_node]: Received 8 solutions
[INFO] [1753422433.821184277] [visualizer_node]: Received 8 solutions
[INFO] [1753422433.923390517] [visualizer_node]: Received 8 solutions
[INFO] [1753422434.029071327] [visualizer_node]: Received 8 solutions
[INFO] [1753422434.122421700] [visualizer_node]: Received 8 solutions
[INFO] [1753422434.225997474] [visualizer_node]: Received 8 solutions
[INFO] [1753422434.321439156] [visualizer_node]: Received 8 solutions
[INFO] [1753422434.426736727] [visualizer_node]: Received 8 solutions
[INFO] [1753422434.520500388] [visualizer_node]: Received 8 solutions
[INFO] [1753422434.629062253] [visualizer_node]: Received 8 solutions
[INFO] [1753422434.722286511] [visualizer_node]: Received 8 solutions
[INFO] [1753422434.819329314] [visualizer_node]: Received 0 solutions
[INFO] [1753422434.919733981] [visualizer_node]: Received 0 solutions
