[INFO] [1753422201.759658791] [visualizer_node]: Using fixed frame: map
[INFO] [1753422201.766561671] [visualizer_node]: formatted_laser_config: [((0.37212, 1.55), 1.5708), ((0.37212, -1.55), -1.5708), ((0.37241, 0.45), 0.0), ((0.36471, 3.82), 3.1416)]
[INFO] [1753422201.927536260] [visualizer_node]: Drawing field boundaries: 9.998x8.0 meters
[INFO] [1753422201.930995204] [visualizer_node]: VisualizerNode initialized and ready to visualize.
[INFO] [1753422202.333979804] [visualizer_node]: Received 4 solutions
[INFO] [1753422202.438339173] [visualizer_node]: Received 4 solutions
[INFO] [1753422202.531841829] [visualizer_node]: Received 4 solutions
[INFO] [1753422202.639246471] [visualizer_node]: Received 4 solutions
[INFO] [1753422202.734200386] [visualizer_node]: Received 4 solutions
[INFO] [1753422202.837602137] [visualizer_node]: Received 4 solutions
[INFO] [1753422202.933832460] [visualizer_node]: Received 4 solutions
[INFO] [1753422203.037977138] [visualizer_node]: Received 4 solutions
[INFO] [1753422203.135052150] [visualizer_node]: Received 4 solutions
[INFO] [1753422203.236383112] [visualizer_node]: Received 4 solutions
[INFO] [1753422203.332489914] [visualizer_node]: Received 4 solutions
[INFO] [1753422203.436019573] [visualizer_node]: Received 4 solutions
[INFO] [1753422203.532527983] [visualizer_node]: Received 4 solutions
[INFO] [1753422203.631652057] [visualizer_node]: Received 4 solutions
[INFO] [1753422203.735323927] [visualizer_node]: Received 4 solutions
[INFO] [1753422203.831865169] [visualizer_node]: Received 4 solutions
[INFO] [1753422203.937102219] [visualizer_node]: Received 4 solutions
[INFO] [1753422204.032343502] [visualizer_node]: Received 4 solutions
[INFO] [1753422204.135359457] [visualizer_node]: Received 4 solutions
[INFO] [1753422204.232143425] [visualizer_node]: Received 4 solutions
[INFO] [1753422204.338500306] [visualizer_node]: Received 4 solutions
[INFO] [1753422204.432581056] [visualizer_node]: Received 4 solutions
[INFO] [1753422204.536734185] [visualizer_node]: Received 4 solutions
[INFO] [1753422204.632577399] [visualizer_node]: Received 4 solutions
[INFO] [1753422204.740419620] [visualizer_node]: Received 4 solutions
[INFO] [1753422204.832256968] [visualizer_node]: Received 4 solutions
[INFO] [1753422204.936036394] [visualizer_node]: Received 4 solutions
[INFO] [1753422205.033956703] [visualizer_node]: Received 4 solutions
[INFO] [1753422205.141162018] [visualizer_node]: Received 4 solutions
[INFO] [1753422205.232479454] [visualizer_node]: Received 4 solutions
[INFO] [1753422205.336283713] [visualizer_node]: Received 4 solutions
[INFO] [1753422205.436102619] [visualizer_node]: Received 4 solutions
[INFO] [1753422205.531947275] [visualizer_node]: Received 4 solutions
[INFO] [1753422205.634437430] [visualizer_node]: Received 4 solutions
[INFO] [1753422205.732176745] [visualizer_node]: Received 4 solutions
[INFO] [1753422205.842888525] [visualizer_node]: Received 4 solutions
[INFO] [1753422205.933119829] [visualizer_node]: Received 4 solutions
[INFO] [1753422206.037890891] [visualizer_node]: Received 4 solutions
[INFO] [1753422206.133311380] [visualizer_node]: Received 12 solutions
[INFO] [1753422206.235215382] [visualizer_node]: Received 12 solutions
[INFO] [1753422206.332297023] [visualizer_node]: Received 12 solutions
[INFO] [1753422206.438183658] [visualizer_node]: Received 12 solutions
[INFO] [1753422206.533624916] [visualizer_node]: Received 12 solutions
[INFO] [1753422206.638842900] [visualizer_node]: Received 12 solutions
[INFO] [1753422206.732723201] [visualizer_node]: Received 12 solutions
[INFO] [1753422206.836078141] [visualizer_node]: Received 12 solutions
[INFO] [1753422206.932813727] [visualizer_node]: Received 12 solutions
[INFO] [1753422207.034568447] [visualizer_node]: Received 12 solutions
[INFO] [1753422207.132730269] [visualizer_node]: Received 12 solutions
[INFO] [1753422207.234947718] [visualizer_node]: Received 12 solutions
[INFO] [1753422207.332920608] [visualizer_node]: Received 12 solutions
[INFO] [1753422207.437030989] [visualizer_node]: Received 12 solutions
[INFO] [1753422207.533394825] [visualizer_node]: Received 12 solutions
[INFO] [1753422207.636221309] [visualizer_node]: Received 12 solutions
[INFO] [1753422207.734413820] [visualizer_node]: Received 12 solutions
[INFO] [1753422207.841426110] [visualizer_node]: Received 12 solutions
[INFO] [1753422207.932608090] [visualizer_node]: Received 12 solutions
[INFO] [1753422208.036930923] [visualizer_node]: Received 12 solutions
[INFO] [1753422208.132573724] [visualizer_node]: Received 12 solutions
[INFO] [1753422208.239565215] [visualizer_node]: Received 12 solutions
[INFO] [1753422208.333378574] [visualizer_node]: Received 12 solutions
[INFO] [1753422208.437315864] [visualizer_node]: Received 8 solutions
[INFO] [1753422208.531421548] [visualizer_node]: Received 8 solutions
[INFO] [1753422208.633290289] [visualizer_node]: Received 8 solutions
[INFO] [1753422208.732544772] [visualizer_node]: Received 8 solutions
[INFO] [1753422208.835476412] [visualizer_node]: Received 8 solutions
[INFO] [1753422208.935558047] [visualizer_node]: Received 8 solutions
[INFO] [1753422209.036129036] [visualizer_node]: Received 8 solutions
[INFO] [1753422209.138485755] [visualizer_node]: Received 8 solutions
[INFO] [1753422209.233677668] [visualizer_node]: Received 8 solutions
[INFO] [1753422209.331866854] [visualizer_node]: Received 8 solutions
[INFO] [1753422209.435724784] [visualizer_node]: Received 8 solutions
[INFO] [1753422209.532924447] [visualizer_node]: Received 8 solutions
[INFO] [1753422209.638427881] [visualizer_node]: Received 8 solutions
[INFO] [1753422209.731816017] [visualizer_node]: Received 8 solutions
[INFO] [1753422209.835752957] [visualizer_node]: Received 8 solutions
[INFO] [1753422209.931787990] [visualizer_node]: Received 8 solutions
[INFO] [1753422210.027698733] [visualizer_node]: Received 0 solutions
[INFO] [1753422210.132974228] [visualizer_node]: Received 0 solutions
[INFO] [1753422210.229773661] [visualizer_node]: Received 0 solutions
[INFO] [1753422210.330993752] [visualizer_node]: Received 0 solutions
[INFO] [1753422210.428222409] [visualizer_node]: Received 0 solutions
[INFO] [1753422210.534852905] [visualizer_node]: Received 0 solutions
[INFO] [1753422210.628009326] [visualizer_node]: Received 0 solutions
[INFO] [1753422210.730780038] [visualizer_node]: Received 0 solutions
[INFO] [1753422210.828602594] [visualizer_node]: Received 0 solutions
[INFO] [1753422210.930382088] [visualizer_node]: Received 0 solutions
[INFO] [1753422211.030259658] [visualizer_node]: Received 0 solutions
[INFO] [1753422211.128077224] [visualizer_node]: Received 0 solutions
[INFO] [1753422211.229873679] [visualizer_node]: Received 0 solutions
[INFO] [1753422211.329571759] [visualizer_node]: Received 0 solutions
[INFO] [1753422211.429004427] [visualizer_node]: Received 0 solutions
[INFO] [1753422211.532844920] [visualizer_node]: Received 0 solutions
[INFO] [1753422211.628698769] [visualizer_node]: Received 0 solutions
[INFO] [1753422211.731365097] [visualizer_node]: Received 0 solutions
[INFO] [1753422211.836451117] [visualizer_node]: Received 0 solutions
[INFO] [1753422211.934509423] [visualizer_node]: Received 0 solutions
[INFO] [1753422212.030385545] [visualizer_node]: Received 0 solutions
[INFO] [1753422212.128794163] [visualizer_node]: Received 0 solutions
[INFO] [1753422212.235952127] [visualizer_node]: Received 0 solutions
[INFO] [1753422212.334285992] [visualizer_node]: Received 0 solutions
[INFO] [1753422212.431166645] [visualizer_node]: Received 0 solutions
[INFO] [1753422212.533769709] [visualizer_node]: Received 0 solutions
[INFO] [1753422212.635098221] [visualizer_node]: Received 0 solutions
[INFO] [1753422212.728367255] [visualizer_node]: Received 0 solutions
[INFO] [1753422212.830574056] [visualizer_node]: Received 0 solutions
[INFO] [1753422212.928744077] [visualizer_node]: Received 0 solutions
[INFO] [1753422213.032748032] [visualizer_node]: Received 0 solutions
[INFO] [1753422213.128517786] [visualizer_node]: Received 0 solutions
[INFO] [1753422213.231430393] [visualizer_node]: Received 0 solutions
[INFO] [1753422213.328229126] [visualizer_node]: Received 0 solutions
[INFO] [1753422213.428316337] [visualizer_node]: Received 0 solutions
[INFO] [1753422213.529443695] [visualizer_node]: Received 0 solutions
[INFO] [1753422213.628885773] [visualizer_node]: Received 0 solutions
[INFO] [1753422213.731023774] [visualizer_node]: Received 0 solutions
[INFO] [1753422213.829318759] [visualizer_node]: Received 0 solutions
[INFO] [1753422213.928765574] [visualizer_node]: Received 0 solutions
[INFO] [1753422214.031819048] [visualizer_node]: Received 0 solutions
[INFO] [1753422214.128321777] [visualizer_node]: Received 0 solutions
[INFO] [1753422214.228641730] [visualizer_node]: Received 0 solutions
[INFO] [1753422214.329849507] [visualizer_node]: Received 0 solutions
[INFO] [1753422214.429782284] [visualizer_node]: Received 0 solutions
[INFO] [1753422214.535193275] [visualizer_node]: Received 0 solutions
[INFO] [1753422214.629575485] [visualizer_node]: Received 0 solutions
[INFO] [1753422214.731870514] [visualizer_node]: Received 0 solutions
[INFO] [1753422214.837853964] [visualizer_node]: Received 0 solutions
[INFO] [1753422214.937203946] [visualizer_node]: Received 0 solutions
[INFO] [1753422215.030553529] [visualizer_node]: Received 0 solutions
[INFO] [1753422215.136125101] [visualizer_node]: Received 0 solutions
[INFO] [1753422215.228964019] [visualizer_node]: Received 0 solutions
[INFO] [1753422215.331808052] [visualizer_node]: Received 0 solutions
[INFO] [1753422215.428060474] [visualizer_node]: Received 0 solutions
[INFO] [1753422215.530072043] [visualizer_node]: Received 0 solutions
[INFO] [1753422215.628709086] [visualizer_node]: Received 0 solutions
[INFO] [1753422215.734289714] [visualizer_node]: Received 0 solutions
[INFO] [1753422215.827979624] [visualizer_node]: Received 0 solutions
[INFO] [1753422215.931572759] [visualizer_node]: Received 0 solutions
[INFO] [1753422216.029208407] [visualizer_node]: Received 0 solutions
[INFO] [1753422216.132992299] [visualizer_node]: Received 0 solutions
[INFO] [1753422216.231040564] [visualizer_node]: Received 0 solutions
[INFO] [1753422216.330809533] [visualizer_node]: Received 0 solutions
[INFO] [1753422216.431224882] [visualizer_node]: Received 0 solutions
[INFO] [1753422216.537074925] [visualizer_node]: Received 0 solutions
[INFO] [1753422216.628128787] [visualizer_node]: Received 0 solutions
[INFO] [1753422216.738150556] [visualizer_node]: Received 0 solutions
[INFO] [1753422216.829640842] [visualizer_node]: Received 0 solutions
[INFO] [1753422216.932103493] [visualizer_node]: Received 0 solutions
[INFO] [1753422217.027859844] [visualizer_node]: Received 0 solutions
[INFO] [1753422217.133470780] [visualizer_node]: Received 0 solutions
[INFO] [1753422217.228682225] [visualizer_node]: Received 0 solutions
[INFO] [1753422217.333659165] [visualizer_node]: Received 0 solutions
[INFO] [1753422217.431019610] [visualizer_node]: Received 0 solutions
[INFO] [1753422217.530287003] [visualizer_node]: Received 0 solutions
[INFO] [1753422217.632679543] [visualizer_node]: Received 0 solutions
[INFO] [1753422217.730520349] [visualizer_node]: Received 0 solutions
[INFO] [1753422217.832720661] [visualizer_node]: Received 0 solutions
[INFO] [1753422217.929464487] [visualizer_node]: Received 0 solutions
[INFO] [1753422218.032555312] [visualizer_node]: Received 0 solutions
[INFO] [1753422218.129257283] [visualizer_node]: Received 0 solutions
[INFO] [1753422218.229005742] [visualizer_node]: Received 0 solutions
[INFO] [1753422218.330013458] [visualizer_node]: Received 0 solutions
[INFO] [1753422218.433260383] [visualizer_node]: Received 0 solutions
[INFO] [1753422218.529269572] [visualizer_node]: Received 0 solutions
[INFO] [1753422218.634860765] [visualizer_node]: Received 0 solutions
[INFO] [1753422218.728433973] [visualizer_node]: Received 0 solutions
[INFO] [1753422218.829352599] [visualizer_node]: Received 0 solutions
[INFO] [1753422218.928859262] [visualizer_node]: Received 0 solutions
[INFO] [1753422219.030779474] [visualizer_node]: Received 0 solutions
[INFO] [1753422219.128401879] [visualizer_node]: Received 0 solutions
[INFO] [1753422219.230786646] [visualizer_node]: Received 0 solutions
[INFO] [1753422219.328160278] [visualizer_node]: Received 0 solutions
[INFO] [1753422219.429853448] [visualizer_node]: Received 0 solutions
[INFO] [1753422219.530686569] [visualizer_node]: Received 0 solutions
[INFO] [1753422219.628067690] [visualizer_node]: Received 0 solutions
[INFO] [1753422219.728215486] [visualizer_node]: Received 0 solutions
[INFO] [1753422219.828980543] [visualizer_node]: Received 0 solutions
[INFO] [1753422219.931839270] [visualizer_node]: Received 0 solutions
[INFO] [1753422220.030207385] [visualizer_node]: Received 0 solutions
[INFO] [1753422220.131522917] [visualizer_node]: Received 0 solutions
[INFO] [1753422220.230739466] [visualizer_node]: Received 0 solutions
[INFO] [1753422220.330985154] [visualizer_node]: Received 0 solutions
[INFO] [1753422220.428877677] [visualizer_node]: Received 0 solutions
[INFO] [1753422220.528832480] [visualizer_node]: Received 0 solutions
[INFO] [1753422220.628594446] [visualizer_node]: Received 0 solutions
[INFO] [1753422220.732694734] [visualizer_node]: Received 0 solutions
[INFO] [1753422220.828974908] [visualizer_node]: Received 0 solutions
[INFO] [1753422220.937064455] [visualizer_node]: Received 0 solutions
[INFO] [1753422221.030001718] [visualizer_node]: Received 0 solutions
[INFO] [1753422221.134004150] [visualizer_node]: Received 0 solutions
[INFO] [1753422221.228442594] [visualizer_node]: Received 0 solutions
[INFO] [1753422221.329087459] [visualizer_node]: Received 0 solutions
[INFO] [1753422221.428824659] [visualizer_node]: Received 0 solutions
[INFO] [1753422221.530261602] [visualizer_node]: Received 0 solutions
[INFO] [1753422221.631718706] [visualizer_node]: Received 0 solutions
[INFO] [1753422221.734378041] [visualizer_node]: Received 0 solutions
[INFO] [1753422221.828643554] [visualizer_node]: Received 0 solutions
[INFO] [1753422221.928622582] [visualizer_node]: Received 0 solutions
[INFO] [1753422222.028230372] [visualizer_node]: Received 0 solutions
[INFO] [1753422222.129705526] [visualizer_node]: Received 0 solutions
[INFO] [1753422222.228194255] [visualizer_node]: Received 0 solutions
[INFO] [1753422222.332769979] [visualizer_node]: Received 0 solutions
[INFO] [1753422222.427935927] [visualizer_node]: Received 0 solutions
[INFO] [1753422222.529906450] [visualizer_node]: Received 0 solutions
[INFO] [1753422222.627980388] [visualizer_node]: Received 0 solutions
[INFO] [1753422222.732375340] [visualizer_node]: Received 0 solutions
[INFO] [1753422222.828753855] [visualizer_node]: Received 0 solutions
[INFO] [1753422222.929236094] [visualizer_node]: Received 0 solutions
[INFO] [1753422223.034765372] [visualizer_node]: Received 0 solutions
[INFO] [1753422223.129644179] [visualizer_node]: Received 0 solutions
[INFO] [1753422223.235311445] [visualizer_node]: Received 0 solutions
[INFO] [1753422223.328466540] [visualizer_node]: Received 0 solutions
[INFO] [1753422223.431264153] [visualizer_node]: Received 0 solutions
[INFO] [1753422223.528163958] [visualizer_node]: Received 0 solutions
[INFO] [1753422223.630864352] [visualizer_node]: Received 0 solutions
[INFO] [1753422223.729387708] [visualizer_node]: Received 0 solutions
[INFO] [1753422223.834979005] [visualizer_node]: Received 0 solutions
[INFO] [1753422223.932985615] [visualizer_node]: Received 0 solutions
[INFO] [1753422224.034739816] [visualizer_node]: Received 0 solutions
[INFO] [1753422224.130661236] [visualizer_node]: Received 0 solutions
[INFO] [1753422224.233372640] [visualizer_node]: Received 0 solutions
[INFO] [1753422224.328830212] [visualizer_node]: Received 0 solutions
[INFO] [1753422224.430126901] [visualizer_node]: Received 0 solutions
[INFO] [1753422224.528842038] [visualizer_node]: Received 0 solutions
[INFO] [1753422224.628084257] [visualizer_node]: Received 0 solutions
[INFO] [1753422224.736184946] [visualizer_node]: Received 0 solutions
[INFO] [1753422224.830039095] [visualizer_node]: Received 0 solutions
[INFO] [1753422224.929826060] [visualizer_node]: Received 0 solutions
[INFO] [1753422225.028432620] [visualizer_node]: Received 0 solutions
[INFO] [1753422225.130906613] [visualizer_node]: Received 0 solutions
[INFO] [1753422225.230404070] [visualizer_node]: Received 0 solutions
[INFO] [1753422225.330433665] [visualizer_node]: Received 0 solutions
[INFO] [1753422225.428344116] [visualizer_node]: Received 0 solutions
[INFO] [1753422225.529066076] [visualizer_node]: Received 0 solutions
[INFO] [1753422225.629548287] [visualizer_node]: Received 0 solutions
[INFO] [1753422225.729922625] [visualizer_node]: Received 0 solutions
[INFO] [1753422225.829045451] [visualizer_node]: Received 0 solutions
[INFO] [1753422225.930557282] [visualizer_node]: Received 0 solutions
[INFO] [1753422226.028830844] [visualizer_node]: Received 0 solutions
[INFO] [1753422226.128706422] [visualizer_node]: Received 0 solutions
[INFO] [1753422226.237205746] [visualizer_node]: Received 0 solutions
[INFO] [1753422226.329558302] [visualizer_node]: Received 0 solutions
[INFO] [1753422226.428574631] [visualizer_node]: Received 0 solutions
[INFO] [1753422226.528039609] [visualizer_node]: Received 0 solutions
[INFO] [1753422226.628234552] [visualizer_node]: Received 0 solutions
[INFO] [1753422226.733064655] [visualizer_node]: Received 0 solutions
[INFO] [1753422226.828379187] [visualizer_node]: Received 0 solutions
[INFO] [1753422226.929285792] [visualizer_node]: Received 0 solutions
[INFO] [1753422227.028682513] [visualizer_node]: Received 0 solutions
[INFO] [1753422227.130385102] [visualizer_node]: Received 0 solutions
[INFO] [1753422227.228699180] [visualizer_node]: Received 0 solutions
[INFO] [1753422227.329366678] [visualizer_node]: Received 0 solutions
[INFO] [1753422227.428870058] [visualizer_node]: Received 0 solutions
[INFO] [1753422227.531430039] [visualizer_node]: Received 0 solutions
[INFO] [1753422227.629319181] [visualizer_node]: Received 0 solutions
[INFO] [1753422227.728827713] [visualizer_node]: Received 0 solutions
[INFO] [1753422227.828102865] [visualizer_node]: Received 0 solutions
[INFO] [1753422227.934190017] [visualizer_node]: Received 0 solutions
[INFO] [1753422228.028962332] [visualizer_node]: Received 0 solutions
[INFO] [1753422228.134385121] [visualizer_node]: Received 0 solutions
[INFO] [1753422228.230520247] [visualizer_node]: Received 0 solutions
[INFO] [1753422228.334315165] [visualizer_node]: Received 0 solutions
[INFO] [1753422228.428473102] [visualizer_node]: Received 0 solutions
[INFO] [1753422228.530208365] [visualizer_node]: Received 0 solutions
[INFO] [1753422228.628058244] [visualizer_node]: Received 0 solutions
[INFO] [1753422228.728224357] [visualizer_node]: Received 0 solutions
[INFO] [1753422228.829189430] [visualizer_node]: Received 0 solutions
[INFO] [1753422228.928745837] [visualizer_node]: Received 0 solutions
[INFO] [1753422229.029151668] [visualizer_node]: Received 0 solutions
[INFO] [1753422229.128424870] [visualizer_node]: Received 0 solutions
[INFO] [1753422229.228097120] [visualizer_node]: Received 0 solutions
[INFO] [1753422229.328389510] [visualizer_node]: Received 0 solutions
[INFO] [1753422229.432559445] [visualizer_node]: Received 0 solutions
[INFO] [1753422229.528876752] [visualizer_node]: Received 0 solutions
[INFO] [1753422229.633152736] [visualizer_node]: Received 0 solutions
[INFO] [1753422229.728185283] [visualizer_node]: Received 0 solutions
[INFO] [1753422229.841387900] [visualizer_node]: Received 0 solutions
[INFO] [1753422229.928406344] [visualizer_node]: Received 0 solutions
[INFO] [1753422230.029489341] [visualizer_node]: Received 0 solutions
[INFO] [1753422230.128681327] [visualizer_node]: Received 0 solutions
[INFO] [1753422230.233409578] [visualizer_node]: Received 0 solutions
[INFO] [1753422230.328961528] [visualizer_node]: Received 0 solutions
[INFO] [1753422230.433008166] [visualizer_node]: Received 0 solutions
[INFO] [1753422230.529765610] [visualizer_node]: Received 0 solutions
[INFO] [1753422230.635652219] [visualizer_node]: Received 0 solutions
[INFO] [1753422230.728738426] [visualizer_node]: Received 0 solutions
[INFO] [1753422230.834358374] [visualizer_node]: Received 0 solutions
[INFO] [1753422230.927991599] [visualizer_node]: Received 0 solutions
[INFO] [1753422231.033037776] [visualizer_node]: Received 0 solutions
[INFO] [1753422231.129606227] [visualizer_node]: Received 0 solutions
[INFO] [1753422231.232116645] [visualizer_node]: Received 0 solutions
[INFO] [1753422231.329271123] [visualizer_node]: Received 0 solutions
[INFO] [1753422231.431991465] [visualizer_node]: Received 0 solutions
[INFO] [1753422231.531790344] [visualizer_node]: Received 0 solutions
[INFO] [1753422231.628714321] [visualizer_node]: Received 0 solutions
[INFO] [1753422231.728571730] [visualizer_node]: Received 0 solutions
[INFO] [1753422231.828025962] [visualizer_node]: Received 0 solutions
[INFO] [1753422231.935483098] [visualizer_node]: Received 0 solutions
[INFO] [1753422232.029519885] [visualizer_node]: Received 0 solutions
[INFO] [1753422232.130533637] [visualizer_node]: Received 0 solutions
[INFO] [1753422232.233109018] [visualizer_node]: Received 0 solutions
[INFO] [1753422232.332393489] [visualizer_node]: Received 0 solutions
[INFO] [1753422232.428657903] [visualizer_node]: Received 0 solutions
[INFO] [1753422232.529605445] [visualizer_node]: Received 0 solutions
[INFO] [1753422232.627899082] [visualizer_node]: Received 0 solutions
[INFO] [1753422232.728455577] [visualizer_node]: Received 0 solutions
[INFO] [1753422232.828169496] [visualizer_node]: Received 0 solutions
[INFO] [1753422232.932875221] [visualizer_node]: Received 0 solutions
[INFO] [1753422233.030428044] [visualizer_node]: Received 0 solutions
[INFO] [1753422233.129813126] [visualizer_node]: Received 0 solutions
[INFO] [1753422233.228454290] [visualizer_node]: Received 0 solutions
[INFO] [1753422233.330795652] [visualizer_node]: Received 0 solutions
[INFO] [1753422233.432345480] [visualizer_node]: Received 0 solutions
[INFO] [1753422233.532140362] [visualizer_node]: Received 0 solutions
[INFO] [1753422233.629161335] [visualizer_node]: Received 0 solutions
[INFO] [1753422233.731515658] [visualizer_node]: Received 0 solutions
[INFO] [1753422233.829369063] [visualizer_node]: Received 0 solutions
[INFO] [1753422233.931633240] [visualizer_node]: Received 0 solutions
[INFO] [1753422234.028497475] [visualizer_node]: Received 0 solutions
[INFO] [1753422234.132589592] [visualizer_node]: Received 0 solutions
[INFO] [1753422234.229037212] [visualizer_node]: Received 0 solutions
[INFO] [1753422234.330479134] [visualizer_node]: Received 0 solutions
[INFO] [1753422234.432569197] [visualizer_node]: Received 0 solutions
[INFO] [1753422234.528683819] [visualizer_node]: Received 0 solutions
[INFO] [1753422234.632159892] [visualizer_node]: Received 0 solutions
[INFO] [1753422234.729372167] [visualizer_node]: Received 0 solutions
[INFO] [1753422234.829734677] [visualizer_node]: Received 0 solutions
[INFO] [1753422234.928983790] [visualizer_node]: Received 0 solutions
[INFO] [1753422235.036003547] [visualizer_node]: Received 0 solutions
[INFO] [1753422235.130336024] [visualizer_node]: Received 0 solutions
[INFO] [1753422235.231437846] [visualizer_node]: Received 0 solutions
[INFO] [1753422235.330140582] [visualizer_node]: Received 0 solutions
[INFO] [1753422235.428195082] [visualizer_node]: Received 0 solutions
[INFO] [1753422235.529466795] [visualizer_node]: Received 0 solutions
[INFO] [1753422235.629084556] [visualizer_node]: Received 0 solutions
[INFO] [1753422235.730404366] [visualizer_node]: Received 0 solutions
[INFO] [1753422235.829094366] [visualizer_node]: Received 0 solutions
[INFO] [1753422235.932254531] [visualizer_node]: Received 0 solutions
[INFO] [1753422236.029067023] [visualizer_node]: Received 0 solutions
[INFO] [1753422236.133938614] [visualizer_node]: Received 0 solutions
[INFO] [1753422236.229107845] [visualizer_node]: Received 0 solutions
[INFO] [1753422236.332772500] [visualizer_node]: Received 0 solutions
[INFO] [1753422236.430376305] [visualizer_node]: Received 0 solutions
[INFO] [1753422236.532011098] [visualizer_node]: Received 0 solutions
[INFO] [1753422236.630132769] [visualizer_node]: Received 0 solutions
[INFO] [1753422236.727997442] [visualizer_node]: Received 0 solutions
[INFO] [1753422236.828182384] [visualizer_node]: Received 0 solutions
[INFO] [1753422236.932854483] [visualizer_node]: Received 0 solutions
[INFO] [1753422237.029187672] [visualizer_node]: Received 0 solutions
[INFO] [1753422237.131140137] [visualizer_node]: Received 0 solutions
