[INFO] [1754192432.338884067] [solver_node]: 收到5个激光点，处理后5个有效点
[WARN] [1754192433.356166556] [solver_node]: 无法获取变换 laser_dist_map->chassis_link: "chassis_map" passed to lookupTransform argument target_frame does not exist. 
[WARN] [1754192433.357238837] [solver_node]: 无法获取TF变换，跳过求解
[INFO] [1754192433.358636822] [solver_node]: 收到5个激光点，处理后5个有效点
[WARN] [1754192434.381092245] [solver_node]: 无法获取变换 laser_dist_map->chassis_link: "chassis_map" passed to lookupTransform argument target_frame does not exist. 
[WARN] [1754192434.382379699] [solver_node]: 无法获取TF变换，跳过求解
[INFO] [1754192434.383697778] [solver_node]: 收到5个激光点，处理后5个有效点
[INFO] [1754192434.388553730] [solver_node]: 收到5个激光点，处理后5个有效点
[WARN] [1754192435.411289750] [solver_node]: 无法获取变换 laser_dist_map->chassis_link: "laser_dist_map" passed to lookupTransform argument source_frame does not exist. 
[WARN] [1754192435.412223084] [solver_node]: 无法获取TF变换，跳过求解
[INFO] [1754192435.413422952] [solver_node]: 收到5个激光点，处理后5个有效点
[WARN] [1754192436.431196855] [solver_node]: 无法获取变换 laser_dist_map->chassis_link: "laser_dist_map" passed to lookupTransform argument source_frame does not exist. 
[WARN] [1754192436.434242589] [solver_node]: 无法获取TF变换，跳过求解
[INFO] [1754192436.435366391] [solver_node]: 收到5个激光点，处理后5个有效点
[INFO] [1754192436.438767142] [solver_node]: 收到5个激光点，处理后5个有效点
[WARN] [1754192437.453679393] [solver_node]: 无法获取变换 laser_dist_map->chassis_link: "laser_dist_map" passed to lookupTransform argument source_frame does not exist. 
[WARN] [1754192437.454738617] [solver_node]: 无法获取TF变换，跳过求解
[INFO] [1754192437.460861191] [solver_node]: 收到5个激光点，处理后5个有效点
[INFO] [1754192437.464653599] [solver_node]: 收到5个激光点，处理后5个有效点
[INFO] [1754192437.467996333] [solver_node]: 当前位置: x=7.445, y=1.306, angle=1.740
[INFO] [1754192437.469320107] [solver_node]: 激光距离数据: [0.93  6.999 7.252 2.137 2.408]
[INFO] [1754192437.484074113] [solver_node]: 求解器返回 3 个解
[INFO] [1754192437.485998509] [solver_node]: 无效解: x=1.594, y=6.096, 距离=7.562 > 阈值0.900
[INFO] [1754192437.486725566] [solver_node]: 无效解: x=1.594, y=3.758, 距离=6.344 > 阈值0.900
[INFO] [1754192437.487407758] [solver_node]: 无效解: x=1.594, y=7.854, 距离=8.781 > 阈值0.900
[WARN] [1754192437.488855248] [solver_node]: 没有满足距离要求的解
[WARN] [1754192437.489655042] [solver_node]: 没有合适的解，不发布TF变换
[INFO] [1754192437.491280776] [solver_node]: 收到5个激光点，处理后5个有效点
[INFO] [1754192437.498246313] [solver_node]: 收到5个激光点，处理后5个有效点
[INFO] [1754192437.511898853] [solver_node]: 当前位置: x=7.446, y=1.309, angle=1.740
[INFO] [1754192437.515741630] [solver_node]: 激光距离数据: [0.93  6.999 7.252 2.137 2.408]
[INFO] [1754192437.533963172] [solver_node]: 求解器返回 3 个解
[INFO] [1754192437.537245648] [solver_node]: 无效解: x=1.594, y=6.095, 距离=7.560 > 阈值0.900
[INFO] [1754192437.540106995] [solver_node]: 无效解: x=1.594, y=3.757, 距离=6.343 > 阈值0.900
[INFO] [1754192437.542892659] [solver_node]: 无效解: x=1.594, y=7.854, 距离=8.780 > 阈值0.900
[WARN] [1754192437.545280618] [solver_node]: 没有满足距离要求的解
[WARN] [1754192437.548292816] [solver_node]: 没有合适的解，不发布TF变换
[INFO] [1754192437.550230781] [solver_node]: 收到5个激光点，处理后5个有效点
[INFO] [1754192437.556221640] [solver_node]: 当前位置: x=7.444, y=1.306, angle=1.739
[INFO] [1754192437.559891325] [solver_node]: 激光距离数据: [0.93  6.999 7.252 2.138 2.408]
[INFO] [1754192437.574083813] [solver_node]: 求解器返回 3 个解
[INFO] [1754192437.576611136] [solver_node]: 无效解: x=1.592, y=6.098, 距离=7.564 > 阈值0.900
[INFO] [1754192437.579397217] [solver_node]: 无效解: x=1.592, y=3.759, 距离=6.346 > 阈值0.900
[INFO] [1754192437.581330925] [solver_node]: 无效解: x=1.592, y=7.854, 距离=8.783 > 阈值0.900
[WARN] [1754192437.583371197] [solver_node]: 没有满足距离要求的解
[WARN] [1754192437.585399084] [solver_node]: 没有合适的解，不发布TF变换
[INFO] [1754192437.589378408] [solver_node]: 收到5个激光点，处理后5个有效点
[INFO] [1754192437.591794304] [solver_node]: 收到5个激光点，处理后5个有效点
[INFO] [1754192437.638097872] [solver_node]: 当前位置: x=7.444, y=1.301, angle=1.739
[INFO] [1754192437.641899240] [solver_node]: 激光距离数据: [0.93  6.999 7.252 2.138 2.408]
[INFO] [1754192437.652196791] [solver_node]: 求解器返回 3 个解
[INFO] [1754192437.654591758] [solver_node]: 无效解: x=1.592, y=6.099, 距离=7.568 > 阈值0.900
[INFO] [1754192437.656689151] [solver_node]: 无效解: x=1.592, y=3.759, 距离=6.347 > 阈值0.900
[INFO] [1754192437.658833968] [solver_node]: 无效解: x=1.592, y=7.854, 距离=8.786 > 阈值0.900
[WARN] [1754192437.661608881] [solver_node]: 没有满足距离要求的解
[WARN] [1754192437.664147243] [solver_node]: 没有合适的解，不发布TF变换
[INFO] [1754192437.679519183] [solver_node]: 收到5个激光点，处理后5个有效点
[INFO] [1754192437.701519789] [solver_node]: 当前位置: x=7.438, y=1.301, angle=1.741
[INFO] [1754192437.703683871] [solver_node]: 激光距离数据: [0.93  6.999 7.252 2.138 2.408]
[INFO] [1754192437.711858268] [solver_node]: 求解器返回 3 个解
[INFO] [1754192437.748059139] [solver_node]: 无效解: x=1.598, y=6.090, 距离=7.553 > 阈值0.900
[INFO] [1754192437.750928197] [solver_node]: 无效解: x=1.598, y=3.755, 距离=6.335 > 阈值0.900
[INFO] [1754192437.753374014] [solver_node]: 无效解: x=1.598, y=7.857, 距离=8.780 > 阈值0.900
[WARN] [1754192437.757704226] [solver_node]: 没有满足距离要求的解
[WARN] [1754192437.759623055] [solver_node]: 没有合适的解，不发布TF变换
[INFO] [1754192437.761477530] [solver_node]: 收到5个激光点，处理后5个有效点
[INFO] [1754192437.776653433] [solver_node]: 当前位置: x=7.436, y=1.301, angle=1.740
[INFO] [1754192437.780857274] [solver_node]: 激光距离数据: [0.93  6.999 7.252 2.138 2.408]
[INFO] [1754192437.805303632] [solver_node]: 求解器返回 3 个解
[INFO] [1754192437.806288775] [solver_node]: 无效解: x=1.597, y=6.092, 距离=7.553 > 阈值0.900
[INFO] [1754192437.807032665] [solver_node]: 无效解: x=1.597, y=3.756, 距离=6.335 > 阈值0.900
[INFO] [1754192437.807721000] [solver_node]: 无效解: x=1.597, y=7.857, 距离=8.779 > 阈值0.900
[WARN] [1754192437.808488346] [solver_node]: 没有满足距离要求的解
[WARN] [1754192437.809277101] [solver_node]: 没有合适的解，不发布TF变换
[INFO] [1754192437.860482542] [solver_node]: 收到5个激光点，处理后5个有效点
[INFO] [1754192437.877768927] [solver_node]: 当前位置: x=7.442, y=1.284, angle=1.740
[INFO] [1754192437.880297785] [solver_node]: 激光距离数据: [0.93  6.999 7.252 2.136 2.408]
[INFO] [1754192437.909163638] [solver_node]: 求解器返回 3 个解
[INFO] [1754192437.912810826] [solver_node]: 无效解: x=1.597, y=6.091, 距离=7.568 > 阈值0.900
[INFO] [1754192437.915696621] [solver_node]: 无效解: x=1.597, y=3.756, 距离=6.346 > 阈值0.900
[INFO] [1754192437.939181229] [solver_node]: 无效解: x=1.597, y=7.855, 距离=8.794 > 阈值0.900
[WARN] [1754192437.955121598] [solver_node]: 没有满足距离要求的解
[WARN] [1754192437.958407818] [solver_node]: 没有合适的解，不发布TF变换
[INFO] [1754192437.963763110] [solver_node]: 收到5个激光点，处理后5个有效点
[INFO] [1754192437.979761465] [solver_node]: 当前位置: x=7.438, y=1.301, angle=1.740
[INFO] [1754192437.994413260] [solver_node]: 激光距离数据: [0.93  6.999 7.252 2.136 2.408]
[INFO] [1754192438.045521515] [solver_node]: 求解器返回 3 个解
[INFO] [1754192438.046348030] [solver_node]: 无效解: x=1.595, y=6.094, 距离=7.558 > 阈值0.900
[INFO] [1754192438.047147601] [solver_node]: 无效解: x=1.595, y=3.757, 距离=6.338 > 阈值0.900
[INFO] [1754192438.047795136] [solver_node]: 无效解: x=1.595, y=7.854, 距离=8.779 > 阈值0.900
[WARN] [1754192438.048505008] [solver_node]: 没有满足距离要求的解
[WARN] [1754192438.049362084] [solver_node]: 没有合适的解，不发布TF变换
[INFO] [1754192438.072467387] [solver_node]: 收到5个激光点，处理后5个有效点
[INFO] [1754192438.090171829] [solver_node]: 当前位置: x=7.443, y=1.303, angle=1.740
[INFO] [1754192438.093908427] [solver_node]: 激光距离数据: [0.93  6.999 7.252 2.136 2.408]
[INFO] [1754192438.143888624] [solver_node]: 求解器返回 3 个解
[INFO] [1754192438.149060359] [solver_node]: 无效解: x=1.597, y=6.091, 距离=7.557 > 阈值0.900
[INFO] [1754192438.154855629] [solver_node]: 无效解: x=1.597, y=3.756, 距离=6.340 > 阈值0.900
[INFO] [1754192438.160220554] [solver_node]: 无效解: x=1.597, y=7.855, 距离=8.781 > 阈值0.900
[WARN] [1754192438.164824756] [solver_node]: 没有满足距离要求的解
[WARN] [1754192438.169487424] [solver_node]: 没有合适的解，不发布TF变换
[INFO] [1754192438.175056609] [solver_node]: 收到5个激光点，处理后5个有效点
[INFO] [1754192438.191632865] [solver_node]: 当前位置: x=7.442, y=1.307, angle=1.739
[INFO] [1754192438.203553716] [solver_node]: 激光距离数据: [0.93  6.999 7.252 2.136 2.408]
[INFO] [1754192438.231540988] [solver_node]: 求解器返回 3 个解
[INFO] [1754192438.232391536] [solver_node]: 无效解: x=1.593, y=6.097, 距离=7.560 > 阈值0.900
[INFO] [1754192438.233269316] [solver_node]: 无效解: x=1.593, y=3.758, 距离=6.342 > 阈值0.900
[INFO] [1754192438.234598147] [solver_node]: 无效解: x=1.593, y=7.853, 距离=8.778 > 阈值0.900
[WARN] [1754192438.235349204] [solver_node]: 没有满足距离要求的解
[WARN] [1754192438.236111206] [solver_node]: 没有合适的解，不发布TF变换
[INFO] [1754192438.251965333] [solver_node]: 收到5个激光点，处理后5个有效点
[INFO] [1754192438.262089375] [solver_node]: 当前位置: x=7.435, y=1.302, angle=1.740
[INFO] [1754192438.264030636] [solver_node]: 激光距离数据: [0.93  6.999 7.252 2.136 2.408]
[INFO] [1754192438.324238749] [solver_node]: 求解器返回 3 个解
[INFO] [1754192438.339435485] [solver_node]: 无效解: x=1.597, y=6.091, 距离=7.551 > 阈值0.900
[INFO] [1754192438.342024985] [solver_node]: 无效解: x=1.597, y=3.756, 距离=6.333 > 阈值0.900
[INFO] [1754192438.353714120] [solver_node]: 无效解: x=1.597, y=7.855, 距离=8.776 > 阈值0.900
[WARN] [1754192438.359275560] [solver_node]: 没有满足距离要求的解
[WARN] [1754192438.364676645] [solver_node]: 没有合适的解，不发布TF变换
[INFO] [1754192438.367886384] [solver_node]: 收到5个激光点，处理后5个有效点
[INFO] [1754192438.378408291] [solver_node]: 当前位置: x=7.451, y=1.307, angle=1.740
[INFO] [1754192438.379813700] [solver_node]: 激光距离数据: [0.93  6.999 7.252 2.137 2.408]
[INFO] [1754192438.415593056] [solver_node]: 求解器返回 3 个解
[INFO] [1754192438.435346537] [solver_node]: 无效解: x=1.598, y=6.090, 距离=7.559 > 阈值0.900
[INFO] [1754192438.438709847] [solver_node]: 无效解: x=1.598, y=3.755, 距离=6.344 > 阈值0.900
[INFO] [1754192438.444850597] [solver_node]: 无效解: x=1.598, y=7.856, 距离=8.783 > 阈值0.900
[WARN] [1754192438.446539020] [solver_node]: 没有满足距离要求的解
[WARN] [1754192438.454826572] [solver_node]: 没有合适的解，不发布TF变换
[INFO] [1754192438.474345359] [solver_node]: 收到5个激光点，处理后5个有效点
[INFO] [1754192438.502667679] [solver_node]: 当前位置: x=7.433, y=1.303, angle=1.738
[INFO] [1754192438.507921432] [solver_node]: 激光距离数据: [0.93  6.999 7.252 2.137 2.408]
[INFO] [1754192438.603100371] [solver_node]: 求解器返回 3 个解
[INFO] [1754192438.604474931] [solver_node]: 无效解: x=1.589, y=6.104, 距离=7.563 > 阈值0.900
[INFO] [1754192438.605443305] [solver_node]: 无效解: x=1.589, y=3.761, 距离=6.340 > 阈值0.900
[INFO] [1754192438.606567907] [solver_node]: 无效解: x=1.589, y=7.852, 距离=8.777 > 阈值0.900
[WARN] [1754192438.607954883] [solver_node]: 没有满足距离要求的解
[WARN] [1754192438.611168590] [solver_node]: 没有合适的解，不发布TF变换
