[INFO] [1753419177.748997610] [visualizer_node]: Configuration loaded successfully from /home/orin/rc2025_ros2_ws/install/laser_solver/share/laser_solver/config/laser_params.yaml
[INFO] [1753419177.749980975] [visualizer_node]: Laser Config: [((0.37212, 1.55), 1.5708), ((0.37212, -1.55), -1.5708), ((0.37241, 0.45), 0.0), ((0.36471, 3.82), 3.1416)]
[INFO] [1753419177.929762431] [visualizer_node]: Visualizer Node Initialized
[INFO] [1753419177.933286915] [visualizer_node]: Received 0 solutions to visualize
[INFO] [1753419177.936363638] [visualizer_node]: Received 0 solutions to visualize
[INFO] [1753419178.023578586] [visualizer_node]: Received 0 solutions to visualize
[INFO] [1753419178.117857062] [visualizer_node]: Received 0 solutions to visualize
[INFO] [1753419178.219820755] [visualizer_node]: Received 0 solutions to visualize
[INFO] [1753419178.318259547] [visualizer_node]: Received 0 solutions to visualize
[INFO] [1753419178.418123161] [visualizer_node]: Received 0 solutions to visualize
[INFO] [1753419178.518192478] [visualizer_node]: Received 0 solutions to visualize
[INFO] [1753419178.618517805] [visualizer_node]: Received 0 solutions to visualize
[INFO] [1753419178.719992392] [visualizer_node]: Received 0 solutions to visualize
[INFO] [1753419178.819011014] [visualizer_node]: Received 0 solutions to visualize
[INFO] [1753419178.922050522] [visualizer_node]: Received 0 solutions to visualize
[INFO] [1753419179.021366468] [visualizer_node]: Received 0 solutions to visualize
[INFO] [1753419179.122803837] [visualizer_node]: Received 0 solutions to visualize
[INFO] [1753419179.220369317] [visualizer_node]: Received 0 solutions to visualize
[INFO] [1753419179.318504930] [visualizer_node]: Received 0 solutions to visualize
[INFO] [1753419179.433047270] [visualizer_node]: Received 0 solutions to visualize
[INFO] [1753419179.519212162] [visualizer_node]: Received 0 solutions to visualize
[INFO] [1753419179.621607071] [visualizer_node]: Received 0 solutions to visualize
[INFO] [1753419179.721627043] [visualizer_node]: Received 0 solutions to visualize
[INFO] [1753419179.820228658] [visualizer_node]: Received 0 solutions to visualize
[INFO] [1753419179.922509322] [visualizer_node]: Received 0 solutions to visualize
[INFO] [1753419180.018660669] [visualizer_node]: Received 0 solutions to visualize
[INFO] [1753419180.119523169] [visualizer_node]: Received 0 solutions to visualize
[INFO] [1753419180.221211715] [visualizer_node]: Received 0 solutions to visualize
[INFO] [1753419180.325659085] [visualizer_node]: Received 0 solutions to visualize
[INFO] [1753419180.418925460] [visualizer_node]: Received 0 solutions to visualize
[INFO] [1753419180.519505741] [visualizer_node]: Received 0 solutions to visualize
[INFO] [1753419180.619666807] [visualizer_node]: Received 0 solutions to visualize
[INFO] [1753419180.719046051] [visualizer_node]: Received 0 solutions to visualize
[INFO] [1753419180.821046929] [visualizer_node]: Received 0 solutions to visualize
[INFO] [1753419180.924047525] [visualizer_node]: Received 0 solutions to visualize
[INFO] [1753419181.021041271] [visualizer_node]: Received 0 solutions to visualize
[INFO] [1753419181.122070017] [visualizer_node]: Received 0 solutions to visualize
[INFO] [1753419181.218882989] [visualizer_node]: Received 0 solutions to visualize
[INFO] [1753419181.319906999] [visualizer_node]: Received 0 solutions to visualize
[INFO] [1753419181.419191168] [visualizer_node]: Received 0 solutions to visualize
[INFO] [1753419181.527987949] [visualizer_node]: Received 0 solutions to visualize
[INFO] [1753419181.619096771] [visualizer_node]: Received 0 solutions to visualize
[INFO] [1753419181.731868133] [visualizer_node]: Received 0 solutions to visualize
[INFO] [1753419181.825962828] [visualizer_node]: Received 0 solutions to visualize
[INFO] [1753419181.921430821] [visualizer_node]: Received 0 solutions to visualize
[INFO] [1753419182.025275929] [visualizer_node]: Received 0 solutions to visualize
[INFO] [1753419182.125685964] [visualizer_node]: Received 0 solutions to visualize
[INFO] [1753419182.219294208] [visualizer_node]: Received 0 solutions to visualize
[INFO] [1753419182.318454020] [visualizer_node]: Received 0 solutions to visualize
[INFO] [1753419182.419889982] [visualizer_node]: Received 0 solutions to visualize
[INFO] [1753419182.519217768] [visualizer_node]: Received 0 solutions to visualize
[INFO] [1753419182.617690707] [visualizer_node]: Received 0 solutions to visualize
[INFO] [1753419182.717953728] [visualizer_node]: Received 0 solutions to visualize
[INFO] [1753419182.820780526] [visualizer_node]: Received 0 solutions to visualize
[INFO] [1753419182.924047084] [visualizer_node]: Received 0 solutions to visualize
[INFO] [1753419183.018408028] [visualizer_node]: Received 0 solutions to visualize
[INFO] [1753419183.121179624] [visualizer_node]: Received 0 solutions to visualize
[INFO] [1753419183.218860661] [visualizer_node]: Received 0 solutions to visualize
[INFO] [1753419183.318551821] [visualizer_node]: Received 0 solutions to visualize
[INFO] [1753419183.418225797] [visualizer_node]: Received 0 solutions to visualize
[INFO] [1753419183.520069134] [visualizer_node]: Received 0 solutions to visualize
[INFO] [1753419183.617570484] [visualizer_node]: Received 0 solutions to visualize
[INFO] [1753419183.719633637] [visualizer_node]: Received 0 solutions to visualize
[INFO] [1753419183.827704279] [visualizer_node]: Received 0 solutions to visualize
[INFO] [1753419183.918968788] [visualizer_node]: Received 0 solutions to visualize
[INFO] [1753419184.018869876] [visualizer_node]: Received 0 solutions to visualize
[INFO] [1753419184.120146856] [visualizer_node]: Received 0 solutions to visualize
[INFO] [1753419184.222193401] [visualizer_node]: Received 0 solutions to visualize
[INFO] [1753419184.319090536] [visualizer_node]: Received 0 solutions to visualize
[INFO] [1753419184.420670248] [visualizer_node]: Received 0 solutions to visualize
[INFO] [1753419184.520575560] [visualizer_node]: Received 0 solutions to visualize
[INFO] [1753419184.618911214] [visualizer_node]: Received 0 solutions to visualize
[INFO] [1753419184.718817678] [visualizer_node]: Received 0 solutions to visualize
[INFO] [1753419184.822935821] [visualizer_node]: Received 0 solutions to visualize
[INFO] [1753419184.922239959] [visualizer_node]: Received 0 solutions to visualize
[INFO] [1753419185.020059241] [visualizer_node]: Received 0 solutions to visualize
[INFO] [1753419185.122470408] [visualizer_node]: Received 0 solutions to visualize
[INFO] [1753419185.219228178] [visualizer_node]: Received 0 solutions to visualize
[INFO] [1753419185.319280184] [visualizer_node]: Received 0 solutions to visualize
[INFO] [1753419185.417938858] [visualizer_node]: Received 0 solutions to visualize
[INFO] [1753419185.519446087] [visualizer_node]: Received 0 solutions to visualize
[INFO] [1753419185.623014097] [visualizer_node]: Received 0 solutions to visualize
[INFO] [1753419185.720489367] [visualizer_node]: Received 0 solutions to visualize
[INFO] [1753419185.818932609] [visualizer_node]: Received 0 solutions to visualize
[INFO] [1753419185.938287290] [visualizer_node]: Received 0 solutions to visualize
[INFO] [1753419186.019738183] [visualizer_node]: Received 0 solutions to visualize
[INFO] [1753419186.118808425] [visualizer_node]: Received 0 solutions to visualize
[INFO] [1753419186.218793837] [visualizer_node]: Received 0 solutions to visualize
[INFO] [1753419186.319225089] [visualizer_node]: Received 0 solutions to visualize
[INFO] [1753419186.419450990] [visualizer_node]: Received 0 solutions to visualize
[INFO] [1753419186.517821174] [visualizer_node]: Received 0 solutions to visualize
[INFO] [1753419186.619421494] [visualizer_node]: Received 0 solutions to visualize
[INFO] [1753419186.719431771] [visualizer_node]: Received 0 solutions to visualize
[INFO] [1753419186.823979690] [visualizer_node]: Received 0 solutions to visualize
[INFO] [1753419186.922262222] [visualizer_node]: Received 0 solutions to visualize
[INFO] [1753419187.026413038] [visualizer_node]: Received 0 solutions to visualize
[INFO] [1753419187.119942112] [visualizer_node]: Received 0 solutions to visualize
[INFO] [1753419187.219508052] [visualizer_node]: Received 0 solutions to visualize
[INFO] [1753419187.320923886] [visualizer_node]: Received 0 solutions to visualize
[INFO] [1753419187.419083629] [visualizer_node]: Received 0 solutions to visualize
[INFO] [1753419187.520176891] [visualizer_node]: Received 0 solutions to visualize
[INFO] [1753419187.620928156] [visualizer_node]: Received 0 solutions to visualize
[INFO] [1753419187.723134131] [visualizer_node]: Received 0 solutions to visualize
[INFO] [1753419187.820410322] [visualizer_node]: Received 0 solutions to visualize
[INFO] [1753419187.927193140] [visualizer_node]: Received 0 solutions to visualize
[INFO] [1753419188.021155991] [visualizer_node]: Received 0 solutions to visualize
[INFO] [1753419188.117800414] [visualizer_node]: Received 0 solutions to visualize
[INFO] [1753419188.219729099] [visualizer_node]: Received 0 solutions to visualize
[INFO] [1753419188.320835833] [visualizer_node]: Received 0 solutions to visualize
[INFO] [1753419188.419559918] [visualizer_node]: Received 0 solutions to visualize
[INFO] [1753419188.522979507] [visualizer_node]: Received 0 solutions to visualize
[INFO] [1753419188.623220001] [visualizer_node]: Received 0 solutions to visualize
[INFO] [1753419188.724289006] [visualizer_node]: Received 0 solutions to visualize
[INFO] [1753419188.820474788] [visualizer_node]: Received 0 solutions to visualize
[INFO] [1753419188.919109525] [visualizer_node]: Received 0 solutions to visualize
[INFO] [1753419189.021243530] [visualizer_node]: Received 0 solutions to visualize
[INFO] [1753419189.119687285] [visualizer_node]: Received 0 solutions to visualize
[INFO] [1753419189.225606456] [visualizer_node]: Received 0 solutions to visualize
[INFO] [1753419189.320665731] [visualizer_node]: Received 0 solutions to visualize
[INFO] [1753419189.422701557] [visualizer_node]: Received 0 solutions to visualize
[INFO] [1753419189.518640417] [visualizer_node]: Received 0 solutions to visualize
[INFO] [1753419189.621848415] [visualizer_node]: Received 0 solutions to visualize
[INFO] [1753419189.726326027] [visualizer_node]: Received 0 solutions to visualize
[INFO] [1753419189.825646967] [visualizer_node]: Received 0 solutions to visualize
[INFO] [1753419189.921884047] [visualizer_node]: Received 0 solutions to visualize
[INFO] [1753419190.023553586] [visualizer_node]: Received 0 solutions to visualize
[INFO] [1753419190.119668166] [visualizer_node]: Received 0 solutions to visualize
[INFO] [1753419190.220595950] [visualizer_node]: Received 0 solutions to visualize
[INFO] [1753419190.324624458] [visualizer_node]: Received 0 solutions to visualize
[INFO] [1753419190.419615603] [visualizer_node]: Received 0 solutions to visualize
[INFO] [1753419190.520209647] [visualizer_node]: Received 0 solutions to visualize
[INFO] [1753419190.624073957] [visualizer_node]: Received 0 solutions to visualize
[INFO] [1753419190.720392352] [visualizer_node]: Received 0 solutions to visualize
[INFO] [1753419190.828429267] [visualizer_node]: Received 0 solutions to visualize
[INFO] [1753419190.926470606] [visualizer_node]: Received 0 solutions to visualize
[INFO] [1753419191.023048531] [visualizer_node]: Received 0 solutions to visualize
[INFO] [1753419191.127363354] [visualizer_node]: Received 0 solutions to visualize
[INFO] [1753419191.222483273] [visualizer_node]: Received 0 solutions to visualize
[INFO] [1753419191.319251573] [visualizer_node]: Received 0 solutions to visualize
[INFO] [1753419191.419990390] [visualizer_node]: Received 0 solutions to visualize
[INFO] [1753419191.517971888] [visualizer_node]: Received 0 solutions to visualize
[INFO] [1753419191.619743511] [visualizer_node]: Received 0 solutions to visualize
[INFO] [1753419191.720975819] [visualizer_node]: Received 0 solutions to visualize
[INFO] [1753419191.821046803] [visualizer_node]: Received 0 solutions to visualize
[INFO] [1753419191.923942725] [visualizer_node]: Received 0 solutions to visualize
[INFO] [1753419192.019239578] [visualizer_node]: Received 0 solutions to visualize
[INFO] [1753419192.118116565] [visualizer_node]: Received 0 solutions to visualize
[INFO] [1753419192.218986396] [visualizer_node]: Received 0 solutions to visualize
[INFO] [1753419192.319439954] [visualizer_node]: Received 0 solutions to visualize
[INFO] [1753419192.420700967] [visualizer_node]: Received 0 solutions to visualize
[INFO] [1753419192.519402140] [visualizer_node]: Received 0 solutions to visualize
[INFO] [1753419192.618145298] [visualizer_node]: Received 0 solutions to visualize
[INFO] [1753419192.719027929] [visualizer_node]: Received 0 solutions to visualize
[INFO] [1753419192.819520913] [visualizer_node]: Received 0 solutions to visualize
[INFO] [1753419192.920408280] [visualizer_node]: Received 0 solutions to visualize
[INFO] [1753419193.026209527] [visualizer_node]: Received 0 solutions to visualize
[INFO] [1753419193.124544382] [visualizer_node]: Received 0 solutions to visualize
[INFO] [1753419193.226852154] [visualizer_node]: Received 0 solutions to visualize
[INFO] [1753419193.321633116] [visualizer_node]: Received 0 solutions to visualize
[INFO] [1753419193.423350946] [visualizer_node]: Received 0 solutions to visualize
[INFO] [1753419193.524536981] [visualizer_node]: Received 0 solutions to visualize
[INFO] [1753419193.623048643] [visualizer_node]: Received 0 solutions to visualize
[INFO] [1753419193.721717686] [visualizer_node]: Received 0 solutions to visualize
[INFO] [1753419193.825027704] [visualizer_node]: Received 0 solutions to visualize
[INFO] [1753419193.923705548] [visualizer_node]: Received 0 solutions to visualize
[INFO] [1753419194.021451998] [visualizer_node]: Received 0 solutions to visualize
[INFO] [1753419194.119941163] [visualizer_node]: Received 0 solutions to visualize
[INFO] [1753419194.220242492] [visualizer_node]: Received 0 solutions to visualize
[INFO] [1753419194.319164730] [visualizer_node]: Received 0 solutions to visualize
[INFO] [1753419194.421244013] [visualizer_node]: Received 0 solutions to visualize
[INFO] [1753419194.519865056] [visualizer_node]: Received 0 solutions to visualize
[INFO] [1753419194.622600012] [visualizer_node]: Received 0 solutions to visualize
[INFO] [1753419194.720179479] [visualizer_node]: Received 0 solutions to visualize
[INFO] [1753419194.819329757] [visualizer_node]: Received 0 solutions to visualize
[INFO] [1753419194.918556326] [visualizer_node]: Received 0 solutions to visualize
[INFO] [1753419195.023447396] [visualizer_node]: Received 0 solutions to visualize
[INFO] [1753419195.124718297] [visualizer_node]: Received 0 solutions to visualize
[INFO] [1753419195.226256217] [visualizer_node]: Received 0 solutions to visualize
[INFO] [1753419195.319338620] [visualizer_node]: Received 0 solutions to visualize
[INFO] [1753419195.421257674] [visualizer_node]: Received 0 solutions to visualize
[INFO] [1753419195.519442668] [visualizer_node]: Received 0 solutions to visualize
[INFO] [1753419195.619319117] [visualizer_node]: Received 0 solutions to visualize
[INFO] [1753419195.721058197] [visualizer_node]: Received 0 solutions to visualize
[INFO] [1753419195.818604095] [visualizer_node]: Received 0 solutions to visualize
[INFO] [1753419195.919910422] [visualizer_node]: Received 0 solutions to visualize
[INFO] [1753419196.019324006] [visualizer_node]: Received 0 solutions to visualize
[INFO] [1753419196.119356589] [visualizer_node]: Received 0 solutions to visualize
[INFO] [1753419196.218543413] [visualizer_node]: Received 0 solutions to visualize
[INFO] [1753419196.318365589] [visualizer_node]: Received 0 solutions to visualize
[INFO] [1753419196.417959084] [visualizer_node]: Received 0 solutions to visualize
[INFO] [1753419196.519216609] [visualizer_node]: Received 0 solutions to visualize
[INFO] [1753419196.621463900] [visualizer_node]: Received 0 solutions to visualize
[INFO] [1753419196.721432769] [visualizer_node]: Received 0 solutions to visualize
[INFO] [1753419196.823182985] [visualizer_node]: Received 0 solutions to visualize
[INFO] [1753419196.924796268] [visualizer_node]: Received 0 solutions to visualize
[INFO] [1753419197.023933618] [visualizer_node]: Received 0 solutions to visualize
[INFO] [1753419197.124458444] [visualizer_node]: Received 0 solutions to visualize
[INFO] [1753419197.224631481] [visualizer_node]: Received 0 solutions to visualize
[INFO] [1753419197.319518623] [visualizer_node]: Received 0 solutions to visualize
[INFO] [1753419197.419370784] [visualizer_node]: Received 0 solutions to visualize
[INFO] [1753419197.520328843] [visualizer_node]: Received 0 solutions to visualize
[INFO] [1753419197.619330028] [visualizer_node]: Received 0 solutions to visualize
[INFO] [1753419197.720363609] [visualizer_node]: Received 0 solutions to visualize
[INFO] [1753419197.822111905] [visualizer_node]: Received 0 solutions to visualize
[INFO] [1753419197.924183829] [visualizer_node]: Received 0 solutions to visualize
[INFO] [1753419198.030494344] [visualizer_node]: Received 0 solutions to visualize
[INFO] [1753419198.119713979] [visualizer_node]: Received 0 solutions to visualize
[INFO] [1753419198.225388214] [visualizer_node]: Received 0 solutions to visualize
[INFO] [1753419198.321170815] [visualizer_node]: Received 0 solutions to visualize
[INFO] [1753419198.425474695] [visualizer_node]: Received 0 solutions to visualize
[INFO] [1753419198.527433175] [visualizer_node]: Received 0 solutions to visualize
[INFO] [1753419198.620508538] [visualizer_node]: Received 0 solutions to visualize
[INFO] [1753419198.720158451] [visualizer_node]: Received 0 solutions to visualize
[INFO] [1753419198.824628578] [visualizer_node]: Received 0 solutions to visualize
[INFO] [1753419198.920228419] [visualizer_node]: Received 0 solutions to visualize
[INFO] [1753419199.024315555] [visualizer_node]: Received 0 solutions to visualize
[INFO] [1753419199.118404780] [visualizer_node]: Received 0 solutions to visualize
[INFO] [1753419199.221250654] [visualizer_node]: Received 0 solutions to visualize
[INFO] [1753419199.319484194] [visualizer_node]: Received 0 solutions to visualize
[INFO] [1753419199.419408294] [visualizer_node]: Received 0 solutions to visualize
[INFO] [1753419199.518585582] [visualizer_node]: Received 0 solutions to visualize
[INFO] [1753419199.622463143] [visualizer_node]: Received 0 solutions to visualize
[INFO] [1753419199.720850833] [visualizer_node]: Received 0 solutions to visualize
[INFO] [1753419199.822184266] [visualizer_node]: Received 0 solutions to visualize
[INFO] [1753419199.921817635] [visualizer_node]: Received 0 solutions to visualize
[INFO] [1753419200.027835468] [visualizer_node]: Received 0 solutions to visualize
[INFO] [1753419200.122856376] [visualizer_node]: Received 0 solutions to visualize
[INFO] [1753419200.223260014] [visualizer_node]: Received 0 solutions to visualize
[INFO] [1753419200.327049891] [visualizer_node]: Received 0 solutions to visualize
[INFO] [1753419200.423516486] [visualizer_node]: Received 0 solutions to visualize
[INFO] [1753419200.521540962] [visualizer_node]: Received 0 solutions to visualize
[INFO] [1753419200.621148507] [visualizer_node]: Received 0 solutions to visualize
[INFO] [1753419200.721059582] [visualizer_node]: Received 0 solutions to visualize
[INFO] [1753419200.832007488] [visualizer_node]: Received 0 solutions to visualize
[INFO] [1753419200.922903506] [visualizer_node]: Received 0 solutions to visualize
[INFO] [1753419201.022161277] [visualizer_node]: Received 0 solutions to visualize
[INFO] [1753419201.120526887] [visualizer_node]: Received 0 solutions to visualize
[INFO] [1753419201.226817242] [visualizer_node]: Received 0 solutions to visualize
[INFO] [1753419201.321285234] [visualizer_node]: Received 0 solutions to visualize
[INFO] [1753419201.422230716] [visualizer_node]: Received 0 solutions to visualize
[INFO] [1753419201.519545055] [visualizer_node]: Received 0 solutions to visualize
[INFO] [1753419201.630237975] [visualizer_node]: Received 0 solutions to visualize
[INFO] [1753419201.721274190] [visualizer_node]: Received 0 solutions to visualize
[INFO] [1753419201.829168637] [visualizer_node]: Received 0 solutions to visualize
[INFO] [1753419201.940851291] [visualizer_node]: Received 0 solutions to visualize
[INFO] [1753419202.019629222] [visualizer_node]: Received 0 solutions to visualize
[INFO] [1753419202.121434737] [visualizer_node]: Received 0 solutions to visualize
[INFO] [1753419202.225602229] [visualizer_node]: Received 0 solutions to visualize
[INFO] [1753419202.322215933] [visualizer_node]: Received 0 solutions to visualize
[INFO] [1753419202.427290435] [visualizer_node]: Received 0 solutions to visualize
[INFO] [1753419202.523456762] [visualizer_node]: Received 0 solutions to visualize
[INFO] [1753419202.647167195] [visualizer_node]: Received 0 solutions to visualize
[INFO] [1753419202.724125282] [visualizer_node]: Received 0 solutions to visualize
[INFO] [1753419202.846524402] [visualizer_node]: Received 0 solutions to visualize
[INFO] [1753419202.923564252] [visualizer_node]: Received 0 solutions to visualize
[INFO] [1753419203.021314319] [visualizer_node]: Received 0 solutions to visualize
[INFO] [1753419203.122120341] [visualizer_node]: Received 0 solutions to visualize
[INFO] [1753419203.226018670] [visualizer_node]: Received 0 solutions to visualize
[INFO] [1753419203.320998714] [visualizer_node]: Received 0 solutions to visualize
[INFO] [1753419203.423365626] [visualizer_node]: Received 0 solutions to visualize
[INFO] [1753419203.527325398] [visualizer_node]: Received 0 solutions to visualize
[INFO] [1753419203.627285468] [visualizer_node]: Received 0 solutions to visualize
[INFO] [1753419203.723505398] [visualizer_node]: Received 0 solutions to visualize
[INFO] [1753419203.822168299] [visualizer_node]: Received 0 solutions to visualize
[INFO] [1753419203.924357477] [visualizer_node]: Received 0 solutions to visualize
[INFO] [1753419204.018587860] [visualizer_node]: Received 0 solutions to visualize
[INFO] [1753419204.121939514] [visualizer_node]: Received 0 solutions to visualize
[INFO] [1753419204.226753686] [visualizer_node]: Received 0 solutions to visualize
[INFO] [1753419204.321022407] [visualizer_node]: Received 0 solutions to visualize
[INFO] [1753419204.425277614] [visualizer_node]: Received 0 solutions to visualize
[INFO] [1753419204.524014471] [visualizer_node]: Received 0 solutions to visualize
[INFO] [1753419204.623065899] [visualizer_node]: Received 0 solutions to visualize
[INFO] [1753419204.721002021] [visualizer_node]: Received 0 solutions to visualize
[INFO] [1753419204.823208480] [visualizer_node]: Received 0 solutions to visualize
[INFO] [1753419204.922990111] [visualizer_node]: Received 0 solutions to visualize
[INFO] [1753419205.022716413] [visualizer_node]: Received 0 solutions to visualize
[INFO] [1753419205.120062145] [visualizer_node]: Received 0 solutions to visualize
[INFO] [1753419205.218515215] [visualizer_node]: Received 0 solutions to visualize
[INFO] [1753419205.317779515] [visualizer_node]: Received 0 solutions to visualize
[INFO] [1753419205.418902413] [visualizer_node]: Received 0 solutions to visualize
[INFO] [1753419205.522583807] [visualizer_node]: Received 0 solutions to visualize
[INFO] [1753419205.619239626] [visualizer_node]: Received 0 solutions to visualize
[INFO] [1753419205.722096253] [visualizer_node]: Received 0 solutions to visualize
[INFO] [1753419205.821313767] [visualizer_node]: Received 0 solutions to visualize
[INFO] [1753419205.928700644] [visualizer_node]: Received 0 solutions to visualize
[INFO] [1753419206.025537302] [visualizer_node]: Received 0 solutions to visualize
[INFO] [1753419206.127088504] [visualizer_node]: Received 0 solutions to visualize
[INFO] [1753419206.221686613] [visualizer_node]: Received 0 solutions to visualize
[INFO] [1753419206.321815554] [visualizer_node]: Received 0 solutions to visualize
[INFO] [1753419206.421315928] [visualizer_node]: Received 0 solutions to visualize
[INFO] [1753419206.541908260] [visualizer_node]: Received 0 solutions to visualize
[INFO] [1753419206.620174845] [visualizer_node]: Received 0 solutions to visualize
[INFO] [1753419206.722172880] [visualizer_node]: Received 0 solutions to visualize
[INFO] [1753419206.820445271] [visualizer_node]: Received 0 solutions to visualize
[INFO] [1753419206.918959752] [visualizer_node]: Received 0 solutions to visualize
[INFO] [1753419207.019867250] [visualizer_node]: Received 0 solutions to visualize
[INFO] [1753419207.119937053] [visualizer_node]: Received 0 solutions to visualize
[INFO] [1753419207.219492693] [visualizer_node]: Received 0 solutions to visualize
[INFO] [1753419207.319401369] [visualizer_node]: Received 0 solutions to visualize
[INFO] [1753419207.430309819] [visualizer_node]: Received 0 solutions to visualize
[INFO] [1753419207.518370819] [visualizer_node]: Received 0 solutions to visualize
[INFO] [1753419207.619809762] [visualizer_node]: Received 0 solutions to visualize
[INFO] [1753419207.722296871] [visualizer_node]: Received 0 solutions to visualize
[INFO] [1753419207.818905520] [visualizer_node]: Received 0 solutions to visualize
[INFO] [1753419207.920499124] [visualizer_node]: Received 0 solutions to visualize
[INFO] [1753419208.023436267] [visualizer_node]: Received 0 solutions to visualize
[INFO] [1753419208.120458020] [visualizer_node]: Received 0 solutions to visualize
[INFO] [1753419208.227120998] [visualizer_node]: Received 0 solutions to visualize
[INFO] [1753419208.322718313] [visualizer_node]: Received 0 solutions to visualize
[INFO] [1753419208.420472894] [visualizer_node]: Received 0 solutions to visualize
[INFO] [1753419208.522098339] [visualizer_node]: Received 0 solutions to visualize
[INFO] [1753419208.625625936] [visualizer_node]: Received 0 solutions to visualize
[INFO] [1753419208.733961361] [visualizer_node]: Received 0 solutions to visualize
[INFO] [1753419208.827582378] [visualizer_node]: Received 0 solutions to visualize
[INFO] [1753419208.928941094] [visualizer_node]: Received 0 solutions to visualize
[INFO] [1753419209.023952115] [visualizer_node]: Received 0 solutions to visualize
[INFO] [1753419209.123244385] [visualizer_node]: Received 0 solutions to visualize
[INFO] [1753419209.225140625] [visualizer_node]: Received 0 solutions to visualize
[INFO] [1753419209.319335936] [visualizer_node]: Received 0 solutions to visualize
[INFO] [1753419209.427178575] [visualizer_node]: Received 0 solutions to visualize
[INFO] [1753419209.519532408] [visualizer_node]: Received 0 solutions to visualize
[INFO] [1753419209.623571736] [visualizer_node]: Received 0 solutions to visualize
[INFO] [1753419209.720914653] [visualizer_node]: Received 0 solutions to visualize
[INFO] [1753419209.821277620] [visualizer_node]: Received 0 solutions to visualize
[INFO] [1753419209.920404540] [visualizer_node]: Received 0 solutions to visualize
[INFO] [1753419210.018163440] [visualizer_node]: Received 0 solutions to visualize
[INFO] [1753419210.120683160] [visualizer_node]: Received 0 solutions to visualize
[INFO] [1753419210.218813114] [visualizer_node]: Received 0 solutions to visualize
[INFO] [1753419210.319418490] [visualizer_node]: Received 0 solutions to visualize
[INFO] [1753419210.418428125] [visualizer_node]: Received 0 solutions to visualize
[INFO] [1753419210.520803039] [visualizer_node]: Received 0 solutions to visualize
[INFO] [1753419210.620174481] [visualizer_node]: Received 0 solutions to visualize
[INFO] [1753419210.722583188] [visualizer_node]: Received 0 solutions to visualize
[INFO] [1753419210.818373247] [visualizer_node]: Received 0 solutions to visualize
[INFO] [1753419210.918589200] [visualizer_node]: Received 0 solutions to visualize
[INFO] [1753419211.018291245] [visualizer_node]: Received 0 solutions to visualize
[INFO] [1753419211.119232730] [visualizer_node]: Received 0 solutions to visualize
[INFO] [1753419211.218218524] [visualizer_node]: Received 0 solutions to visualize
[INFO] [1753419211.318576083] [visualizer_node]: Received 0 solutions to visualize
[INFO] [1753419211.429507222] [visualizer_node]: Received 0 solutions to visualize
[INFO] [1753419211.519203388] [visualizer_node]: Received 0 solutions to visualize
[INFO] [1753419211.617776752] [visualizer_node]: Received 0 solutions to visualize
[INFO] [1753419211.719636543] [visualizer_node]: Received 0 solutions to visualize
[INFO] [1753419211.824332568] [visualizer_node]: Received 0 solutions to visualize
[INFO] [1753419211.925309318] [visualizer_node]: Received 0 solutions to visualize
[INFO] [1753419212.026599231] [visualizer_node]: Received 0 solutions to visualize
[INFO] [1753419212.119662276] [visualizer_node]: Received 0 solutions to visualize
[INFO] [1753419212.218448928] [visualizer_node]: Received 0 solutions to visualize
[INFO] [1753419212.319230534] [visualizer_node]: Received 0 solutions to visualize
[INFO] [1753419212.418152519] [visualizer_node]: Received 0 solutions to visualize
[INFO] [1753419212.519490690] [visualizer_node]: Received 0 solutions to visualize
[INFO] [1753419212.618398498] [visualizer_node]: Received 0 solutions to visualize
[INFO] [1753419212.720030313] [visualizer_node]: Received 0 solutions to visualize
[INFO] [1753419212.818740994] [visualizer_node]: Received 0 solutions to visualize
[INFO] [1753419212.919606539] [visualizer_node]: Received 0 solutions to visualize
[INFO] [1753419213.019714009] [visualizer_node]: Received 0 solutions to visualize
[INFO] [1753419213.120642917] [visualizer_node]: Received 0 solutions to visualize
[INFO] [1753419213.218382105] [visualizer_node]: Received 0 solutions to visualize
[INFO] [1753419213.320136292] [visualizer_node]: Received 0 solutions to visualize
[INFO] [1753419213.418433518] [visualizer_node]: Received 0 solutions to visualize
[INFO] [1753419213.521804214] [visualizer_node]: Received 0 solutions to visualize
[INFO] [1753419213.618594791] [visualizer_node]: Received 0 solutions to visualize
[INFO] [1753419213.719412399] [visualizer_node]: Received 0 solutions to visualize
[INFO] [1753419213.821731247] [visualizer_node]: Received 0 solutions to visualize
[INFO] [1753419213.931100792] [visualizer_node]: Received 0 solutions to visualize
[INFO] [1753419214.018306625] [visualizer_node]: Received 0 solutions to visualize
[INFO] [1753419214.117882715] [visualizer_node]: Received 0 solutions to visualize
[INFO] [1753419214.217636059] [visualizer_node]: Received 0 solutions to visualize
[INFO] [1753419214.320270248] [visualizer_node]: Received 0 solutions to visualize
[INFO] [1753419214.425781408] [visualizer_node]: Received 0 solutions to visualize
[INFO] [1753419214.518901095] [visualizer_node]: Received 0 solutions to visualize
[INFO] [1753419214.618970996] [visualizer_node]: Received 0 solutions to visualize
[INFO] [1753419214.719215238] [visualizer_node]: Received 0 solutions to visualize
[INFO] [1753419214.821115031] [visualizer_node]: Received 0 solutions to visualize
[INFO] [1753419214.919450146] [visualizer_node]: Received 0 solutions to visualize
[INFO] [1753419215.020932835] [visualizer_node]: Received 0 solutions to visualize
[INFO] [1753419215.118280298] [visualizer_node]: Received 0 solutions to visualize
[INFO] [1753419215.220373762] [visualizer_node]: Received 0 solutions to visualize
[INFO] [1753419215.319641136] [visualizer_node]: Received 0 solutions to visualize
[INFO] [1753419215.420035561] [visualizer_node]: Received 0 solutions to visualize
[INFO] [1753419215.519201555] [visualizer_node]: Received 0 solutions to visualize
[INFO] [1753419215.619345442] [visualizer_node]: Received 0 solutions to visualize
[INFO] [1753419215.719012927] [visualizer_node]: Received 0 solutions to visualize
[INFO] [1753419215.818927302] [visualizer_node]: Received 0 solutions to visualize
[INFO] [1753419215.918086096] [visualizer_node]: Received 0 solutions to visualize
[INFO] [1753419216.021067050] [visualizer_node]: Received 0 solutions to visualize
[INFO] [1753419216.118711323] [visualizer_node]: Received 0 solutions to visualize
[INFO] [1753419216.218422490] [visualizer_node]: Received 0 solutions to visualize
[INFO] [1753419216.319273124] [visualizer_node]: Received 0 solutions to visualize
[INFO] [1753419216.419002884] [visualizer_node]: Received 0 solutions to visualize
[INFO] [1753419216.519513601] [visualizer_node]: Received 0 solutions to visualize
[INFO] [1753419216.618046484] [visualizer_node]: Received 0 solutions to visualize
[INFO] [1753419216.720746883] [visualizer_node]: Received 0 solutions to visualize
[INFO] [1753419216.818194893] [visualizer_node]: Received 0 solutions to visualize
[INFO] [1753419216.920145856] [visualizer_node]: Received 0 solutions to visualize
[INFO] [1753419217.018639505] [visualizer_node]: Received 0 solutions to visualize
[INFO] [1753419217.118546744] [visualizer_node]: Received 0 solutions to visualize
[INFO] [1753419217.219956887] [visualizer_node]: Received 0 solutions to visualize
[INFO] [1753419217.321269842] [visualizer_node]: Received 0 solutions to visualize
[INFO] [1753419217.421720429] [visualizer_node]: Received 0 solutions to visualize
[INFO] [1753419217.519449122] [visualizer_node]: Received 0 solutions to visualize
[INFO] [1753419217.624713330] [visualizer_node]: Received 0 solutions to visualize
[INFO] [1753419217.719689663] [visualizer_node]: Received 0 solutions to visualize
[INFO] [1753419217.821718806] [visualizer_node]: Received 0 solutions to visualize
[INFO] [1753419217.921983082] [visualizer_node]: Received 0 solutions to visualize
[INFO] [1753419218.019084615] [visualizer_node]: Received 0 solutions to visualize
[INFO] [1753419218.125961843] [visualizer_node]: Received 0 solutions to visualize
[INFO] [1753419218.220707032] [visualizer_node]: Received 0 solutions to visualize
[INFO] [1753419218.318180420] [visualizer_node]: Received 0 solutions to visualize
[INFO] [1753419218.422505968] [visualizer_node]: Received 0 solutions to visualize
[INFO] [1753419218.519902201] [visualizer_node]: Received 0 solutions to visualize
[INFO] [1753419218.623078522] [visualizer_node]: Received 0 solutions to visualize
[INFO] [1753419218.717827872] [visualizer_node]: Received 0 solutions to visualize
[INFO] [1753419218.817596513] [visualizer_node]: Received 0 solutions to visualize
[INFO] [1753419218.917889942] [visualizer_node]: Received 0 solutions to visualize
[INFO] [1753419219.020784909] [visualizer_node]: Received 0 solutions to visualize
[INFO] [1753419219.123853259] [visualizer_node]: Received 0 solutions to visualize
[INFO] [1753419219.220846212] [visualizer_node]: Received 0 solutions to visualize
[INFO] [1753419219.320714602] [visualizer_node]: Received 0 solutions to visualize
[INFO] [1753419219.427160294] [visualizer_node]: Received 0 solutions to visualize
[INFO] [1753419219.518870682] [visualizer_node]: Received 0 solutions to visualize
[INFO] [1753419219.623728026] [visualizer_node]: Received 0 solutions to visualize
[INFO] [1753419219.720932252] [visualizer_node]: Received 0 solutions to visualize
[INFO] [1753419219.826781506] [visualizer_node]: Received 0 solutions to visualize
[INFO] [1753419219.920475840] [visualizer_node]: Received 0 solutions to visualize
[INFO] [1753419220.022063174] [visualizer_node]: Received 0 solutions to visualize
[INFO] [1753419220.123172314] [visualizer_node]: Received 0 solutions to visualize
[INFO] [1753419220.223254760] [visualizer_node]: Received 0 solutions to visualize
[INFO] [1753419220.328550361] [visualizer_node]: Received 0 solutions to visualize
[INFO] [1753419220.418480297] [visualizer_node]: Received 0 solutions to visualize
[INFO] [1753419220.520901167] [visualizer_node]: Received 0 solutions to visualize
[INFO] [1753419220.618700487] [visualizer_node]: Received 0 solutions to visualize
[INFO] [1753419220.719723736] [visualizer_node]: Received 0 solutions to visualize
[INFO] [1753419220.819924522] [visualizer_node]: Received 0 solutions to visualize
[INFO] [1753419220.920040633] [visualizer_node]: Received 0 solutions to visualize
[INFO] [1753419221.019118753] [visualizer_node]: Received 0 solutions to visualize
[INFO] [1753419221.124931014] [visualizer_node]: Received 0 solutions to visualize
[INFO] [1753419221.219583272] [visualizer_node]: Received 0 solutions to visualize
[INFO] [1753419221.318544972] [visualizer_node]: Received 0 solutions to visualize
[INFO] [1753419221.425552606] [visualizer_node]: Received 0 solutions to visualize
[INFO] [1753419221.519730126] [visualizer_node]: Received 0 solutions to visualize
[INFO] [1753419221.618940635] [visualizer_node]: Received 0 solutions to visualize
[INFO] [1753419221.727092536] [visualizer_node]: Received 0 solutions to visualize
[INFO] [1753419221.828994602] [visualizer_node]: Received 0 solutions to visualize
[INFO] [1753419221.922633350] [visualizer_node]: Received 0 solutions to visualize
[INFO] [1753419222.021599722] [visualizer_node]: Received 0 solutions to visualize
[INFO] [1753419222.121662295] [visualizer_node]: Received 0 solutions to visualize
[INFO] [1753419222.221794599] [visualizer_node]: Received 0 solutions to visualize
[INFO] [1753419222.322513037] [visualizer_node]: Received 0 solutions to visualize
[INFO] [1753419222.420669555] [visualizer_node]: Received 0 solutions to visualize
[INFO] [1753419222.517887669] [visualizer_node]: Received 0 solutions to visualize
[INFO] [1753419222.622903421] [visualizer_node]: Received 0 solutions to visualize
[INFO] [1753419222.719643661] [visualizer_node]: Received 0 solutions to visualize
[INFO] [1753419222.819523764] [visualizer_node]: Received 0 solutions to visualize
[INFO] [1753419222.918310385] [visualizer_node]: Received 0 solutions to visualize
[INFO] [1753419223.018289627] [visualizer_node]: Received 0 solutions to visualize
[INFO] [1753419223.118368937] [visualizer_node]: Received 0 solutions to visualize
[INFO] [1753419223.218969675] [visualizer_node]: Received 0 solutions to visualize
[INFO] [1753419223.319141597] [visualizer_node]: Received 0 solutions to visualize
[INFO] [1753419223.419500117] [visualizer_node]: Received 0 solutions to visualize
[INFO] [1753419223.521372711] [visualizer_node]: Received 0 solutions to visualize
[INFO] [1753419223.620468464] [visualizer_node]: Received 0 solutions to visualize
[INFO] [1753419223.723303333] [visualizer_node]: Received 0 solutions to visualize
[INFO] [1753419223.826367556] [visualizer_node]: Received 0 solutions to visualize
[INFO] [1753419223.918117945] [visualizer_node]: Received 0 solutions to visualize
[INFO] [1753419224.023346152] [visualizer_node]: Received 0 solutions to visualize
[INFO] [1753419224.119484675] [visualizer_node]: Received 0 solutions to visualize
[INFO] [1753419224.221641375] [visualizer_node]: Received 0 solutions to visualize
[INFO] [1753419224.322351173] [visualizer_node]: Received 0 solutions to visualize
[INFO] [1753419224.428414868] [visualizer_node]: Received 0 solutions to visualize
[INFO] [1753419224.521215441] [visualizer_node]: Received 0 solutions to visualize
[INFO] [1753419224.620691049] [visualizer_node]: Received 0 solutions to visualize
[INFO] [1753419224.720650642] [visualizer_node]: Received 0 solutions to visualize
[INFO] [1753419224.820126890] [visualizer_node]: Received 0 solutions to visualize
[INFO] [1753419224.924810757] [visualizer_node]: Received 0 solutions to visualize
[INFO] [1753419225.025993053] [visualizer_node]: Received 0 solutions to visualize
[INFO] [1753419225.122065205] [visualizer_node]: Received 0 solutions to visualize
[INFO] [1753419225.225279001] [visualizer_node]: Received 0 solutions to visualize
[INFO] [1753419225.331043101] [visualizer_node]: Received 0 solutions to visualize
[INFO] [1753419225.418025472] [visualizer_node]: Received 0 solutions to visualize
[INFO] [1753419225.523911528] [visualizer_node]: Received 0 solutions to visualize
[INFO] [1753419225.619900509] [visualizer_node]: Received 0 solutions to visualize
[INFO] [1753419225.719282769] [visualizer_node]: Received 0 solutions to visualize
[INFO] [1753419225.821108993] [visualizer_node]: Received 0 solutions to visualize
[INFO] [1753419225.921544957] [visualizer_node]: Received 0 solutions to visualize
[INFO] [1753419226.020173877] [visualizer_node]: Received 0 solutions to visualize
[INFO] [1753419226.121772413] [visualizer_node]: Received 0 solutions to visualize
[INFO] [1753419226.219737116] [visualizer_node]: Received 0 solutions to visualize
[INFO] [1753419226.321514602] [visualizer_node]: Received 0 solutions to visualize
[INFO] [1753419226.423979315] [visualizer_node]: Received 0 solutions to visualize
[INFO] [1753419226.519785761] [visualizer_node]: Received 0 solutions to visualize
[INFO] [1753419226.622238665] [visualizer_node]: Received 0 solutions to visualize
[INFO] [1753419226.721602780] [visualizer_node]: Received 0 solutions to visualize
[INFO] [1753419226.820399451] [visualizer_node]: Received 0 solutions to visualize
[INFO] [1753419226.921485807] [visualizer_node]: Received 0 solutions to visualize
[INFO] [1753419227.023817139] [visualizer_node]: Received 0 solutions to visualize
[INFO] [1753419227.118168298] [visualizer_node]: Received 0 solutions to visualize
[INFO] [1753419227.219499720] [visualizer_node]: Received 0 solutions to visualize
[INFO] [1753419227.323504554] [visualizer_node]: Received 0 solutions to visualize
[INFO] [1753419227.423292430] [visualizer_node]: Received 0 solutions to visualize
[INFO] [1753419227.520369676] [visualizer_node]: Received 0 solutions to visualize
[INFO] [1753419227.620483708] [visualizer_node]: Received 0 solutions to visualize
[INFO] [1753419227.727753497] [visualizer_node]: Received 0 solutions to visualize
[INFO] [1753419227.821422295] [visualizer_node]: Received 0 solutions to visualize
[INFO] [1753419227.923580276] [visualizer_node]: Received 0 solutions to visualize
[INFO] [1753419228.022903495] [visualizer_node]: Received 0 solutions to visualize
[INFO] [1753419228.118844794] [visualizer_node]: Received 0 solutions to visualize
[INFO] [1753419228.221423783] [visualizer_node]: Received 0 solutions to visualize
[INFO] [1753419228.319439144] [visualizer_node]: Received 0 solutions to visualize
[INFO] [1753419228.422951352] [visualizer_node]: Received 0 solutions to visualize
[INFO] [1753419228.518698501] [visualizer_node]: Received 0 solutions to visualize
[INFO] [1753419228.619792506] [visualizer_node]: Received 0 solutions to visualize
[INFO] [1753419228.721152185] [visualizer_node]: Received 0 solutions to visualize
[INFO] [1753419228.822166923] [visualizer_node]: Received 0 solutions to visualize
[INFO] [1753419228.924002492] [visualizer_node]: Received 0 solutions to visualize
[INFO] [1753419229.021854519] [visualizer_node]: Received 0 solutions to visualize
[INFO] [1753419229.125352551] [visualizer_node]: Received 0 solutions to visualize
[INFO] [1753419229.224449489] [visualizer_node]: Received 0 solutions to visualize
[INFO] [1753419229.323828198] [visualizer_node]: Received 0 solutions to visualize
[INFO] [1753419229.419789914] [visualizer_node]: Received 0 solutions to visualize
[INFO] [1753419229.519061547] [visualizer_node]: Received 0 solutions to visualize
[INFO] [1753419229.622216590] [visualizer_node]: Received 0 solutions to visualize
[INFO] [1753419229.719317997] [visualizer_node]: Received 0 solutions to visualize
[INFO] [1753419229.821542637] [visualizer_node]: Received 0 solutions to visualize
[INFO] [1753419229.923010064] [visualizer_node]: Received 0 solutions to visualize
[INFO] [1753419230.023183747] [visualizer_node]: Received 0 solutions to visualize
[INFO] [1753419230.125136985] [visualizer_node]: Received 0 solutions to visualize
[INFO] [1753419230.223218621] [visualizer_node]: Received 0 solutions to visualize
[INFO] [1753419230.327607470] [visualizer_node]: Received 0 solutions to visualize
[INFO] [1753419230.418987863] [visualizer_node]: Received 0 solutions to visualize
[INFO] [1753419230.520181712] [visualizer_node]: Received 0 solutions to visualize
[INFO] [1753419230.620410533] [visualizer_node]: Received 0 solutions to visualize
[INFO] [1753419230.726869476] [visualizer_node]: Received 0 solutions to visualize
[INFO] [1753419230.827956345] [visualizer_node]: Received 0 solutions to visualize
[INFO] [1753419230.926465517] [visualizer_node]: Received 0 solutions to visualize
[INFO] [1753419231.025450259] [visualizer_node]: Received 0 solutions to visualize
[INFO] [1753419231.119863246] [visualizer_node]: Received 0 solutions to visualize
[INFO] [1753419231.222392570] [visualizer_node]: Received 0 solutions to visualize
[INFO] [1753419231.322138429] [visualizer_node]: Received 0 solutions to visualize
[INFO] [1753419231.420764501] [visualizer_node]: Received 0 solutions to visualize
[INFO] [1753419231.525550390] [visualizer_node]: Received 0 solutions to visualize
[INFO] [1753419231.619616451] [visualizer_node]: Received 0 solutions to visualize
[INFO] [1753419231.721433012] [visualizer_node]: Received 0 solutions to visualize
[INFO] [1753419231.822535210] [visualizer_node]: Received 0 solutions to visualize
[INFO] [1753419231.921286120] [visualizer_node]: Received 0 solutions to visualize
[INFO] [1753419232.022897745] [visualizer_node]: Received 0 solutions to visualize
[INFO] [1753419232.119161105] [visualizer_node]: Received 0 solutions to visualize
[INFO] [1753419232.226482609] [visualizer_node]: Received 0 solutions to visualize
[INFO] [1753419232.321037937] [visualizer_node]: Received 0 solutions to visualize
[INFO] [1753419232.425167001] [visualizer_node]: Received 0 solutions to visualize
[INFO] [1753419232.527330231] [visualizer_node]: Received 0 solutions to visualize
[INFO] [1753419232.619816905] [visualizer_node]: Received 0 solutions to visualize
[INFO] [1753419232.720471662] [visualizer_node]: Received 0 solutions to visualize
[INFO] [1753419232.823386185] [visualizer_node]: Received 0 solutions to visualize
[INFO] [1753419232.928567992] [visualizer_node]: Received 0 solutions to visualize
[INFO] [1753419233.020625594] [visualizer_node]: Received 0 solutions to visualize
[INFO] [1753419233.120553220] [visualizer_node]: Received 0 solutions to visualize
[INFO] [1753419233.219804821] [visualizer_node]: Received 0 solutions to visualize
[INFO] [1753419233.317813335] [visualizer_node]: Received 0 solutions to visualize
[INFO] [1753419233.418229140] [visualizer_node]: Received 0 solutions to visualize
[INFO] [1753419233.523220316] [visualizer_node]: Received 0 solutions to visualize
[INFO] [1753419233.620770413] [visualizer_node]: Received 0 solutions to visualize
[INFO] [1753419233.721688636] [visualizer_node]: Received 0 solutions to visualize
[INFO] [1753419233.821678889] [visualizer_node]: Received 0 solutions to visualize
[INFO] [1753419233.924616196] [visualizer_node]: Received 0 solutions to visualize
[INFO] [1753419234.023693486] [visualizer_node]: Received 0 solutions to visualize
[INFO] [1753419234.121250079] [visualizer_node]: Received 0 solutions to visualize
[INFO] [1753419234.223870191] [visualizer_node]: Received 0 solutions to visualize
[INFO] [1753419234.320527070] [visualizer_node]: Received 0 solutions to visualize
[INFO] [1753419234.421074944] [visualizer_node]: Received 0 solutions to visualize
[INFO] [1753419234.520213677] [visualizer_node]: Received 0 solutions to visualize
[INFO] [1753419234.623115079] [visualizer_node]: Received 0 solutions to visualize
[INFO] [1753419234.720661143] [visualizer_node]: Received 0 solutions to visualize
[INFO] [1753419234.820059758] [visualizer_node]: Received 0 solutions to visualize
[INFO] [1753419234.921326634] [visualizer_node]: Received 0 solutions to visualize
[INFO] [1753419235.020000134] [visualizer_node]: Received 0 solutions to visualize
[INFO] [1753419235.125174101] [visualizer_node]: Received 0 solutions to visualize
[INFO] [1753419235.221249935] [visualizer_node]: Received 0 solutions to visualize
[INFO] [1753419235.322793398] [visualizer_node]: Received 0 solutions to visualize
[INFO] [1753419235.420917949] [visualizer_node]: Received 0 solutions to visualize
[INFO] [1753419235.518931552] [visualizer_node]: Received 0 solutions to visualize
[INFO] [1753419235.619489794] [visualizer_node]: Received 0 solutions to visualize
[INFO] [1753419235.724527532] [visualizer_node]: Received 0 solutions to visualize
[INFO] [1753419235.819371000] [visualizer_node]: Received 0 solutions to visualize
[INFO] [1753419235.920213861] [visualizer_node]: Received 0 solutions to visualize
[INFO] [1753419236.022709456] [visualizer_node]: Received 0 solutions to visualize
[INFO] [1753419236.124182900] [visualizer_node]: Received 0 solutions to visualize
[INFO] [1753419236.224761463] [visualizer_node]: Received 0 solutions to visualize
[INFO] [1753419236.326936791] [visualizer_node]: Received 0 solutions to visualize
[INFO] [1753419236.424415813] [visualizer_node]: Received 0 solutions to visualize
[INFO] [1753419236.523922720] [visualizer_node]: Received 0 solutions to visualize
[INFO] [1753419236.618160597] [visualizer_node]: Received 0 solutions to visualize
[INFO] [1753419236.721953169] [visualizer_node]: Received 0 solutions to visualize
[INFO] [1753419236.824240020] [visualizer_node]: Received 0 solutions to visualize
[INFO] [1753419236.924418536] [visualizer_node]: Received 0 solutions to visualize
[INFO] [1753419237.020635623] [visualizer_node]: Received 0 solutions to visualize
[INFO] [1753419237.120441998] [visualizer_node]: Received 0 solutions to visualize
[INFO] [1753419237.220245812] [visualizer_node]: Received 0 solutions to visualize
[INFO] [1753419237.325301343] [visualizer_node]: Received 0 solutions to visualize
[INFO] [1753419237.423056313] [visualizer_node]: Received 0 solutions to visualize
[INFO] [1753419237.525169909] [visualizer_node]: Received 0 solutions to visualize
[INFO] [1753419237.621908680] [visualizer_node]: Received 0 solutions to visualize
[INFO] [1753419237.721262462] [visualizer_node]: Received 0 solutions to visualize
[INFO] [1753419237.820147297] [visualizer_node]: Received 0 solutions to visualize
[INFO] [1753419237.929374890] [visualizer_node]: Received 0 solutions to visualize
[INFO] [1753419238.020147837] [visualizer_node]: Received 0 solutions to visualize
[INFO] [1753419238.125565078] [visualizer_node]: Received 0 solutions to visualize
[INFO] [1753419238.224038282] [visualizer_node]: Received 0 solutions to visualize
[INFO] [1753419238.320992965] [visualizer_node]: Received 0 solutions to visualize
[INFO] [1753419238.423581108] [visualizer_node]: Received 0 solutions to visualize
[INFO] [1753419238.522987244] [visualizer_node]: Received 0 solutions to visualize
[INFO] [1753419238.620073868] [visualizer_node]: Received 0 solutions to visualize
[INFO] [1753419238.730230583] [visualizer_node]: Received 0 solutions to visualize
[INFO] [1753419238.827192563] [visualizer_node]: Received 0 solutions to visualize
[INFO] [1753419238.921733875] [visualizer_node]: Received 0 solutions to visualize
[INFO] [1753419239.022999185] [visualizer_node]: Received 0 solutions to visualize
[INFO] [1753419239.124322608] [visualizer_node]: Received 0 solutions to visualize
[INFO] [1753419239.219009239] [visualizer_node]: Received 0 solutions to visualize
[INFO] [1753419239.319257422] [visualizer_node]: Received 0 solutions to visualize
[INFO] [1753419239.419374496] [visualizer_node]: Received 0 solutions to visualize
[INFO] [1753419239.526255281] [visualizer_node]: Received 0 solutions to visualize
[INFO] [1753419239.619141747] [visualizer_node]: Received 0 solutions to visualize
[INFO] [1753419239.718896632] [visualizer_node]: Received 0 solutions to visualize
[INFO] [1753419239.820562564] [visualizer_node]: Received 0 solutions to visualize
[INFO] [1753419239.920058527] [visualizer_node]: Received 0 solutions to visualize
[INFO] [1753419240.018198663] [visualizer_node]: Received 0 solutions to visualize
[INFO] [1753419240.124037617] [visualizer_node]: Received 0 solutions to visualize
[INFO] [1753419240.225192362] [visualizer_node]: Received 0 solutions to visualize
[INFO] [1753419240.320896951] [visualizer_node]: Received 0 solutions to visualize
[INFO] [1753419240.420335504] [visualizer_node]: Received 0 solutions to visualize
[INFO] [1753419240.520904883] [visualizer_node]: Received 0 solutions to visualize
[INFO] [1753419240.622306134] [visualizer_node]: Received 0 solutions to visualize
[INFO] [1753419240.729623095] [visualizer_node]: Received 0 solutions to visualize
[INFO] [1753419240.820751320] [visualizer_node]: Received 0 solutions to visualize
[INFO] [1753419240.918461904] [visualizer_node]: Received 0 solutions to visualize
[INFO] [1753419241.020751508] [visualizer_node]: Received 0 solutions to visualize
[INFO] [1753419241.123762323] [visualizer_node]: Received 0 solutions to visualize
[INFO] [1753419241.221062108] [visualizer_node]: Received 0 solutions to visualize
[INFO] [1753419241.318779380] [visualizer_node]: Received 0 solutions to visualize
[INFO] [1753419241.419756967] [visualizer_node]: Received 0 solutions to visualize
[INFO] [1753419241.521504951] [visualizer_node]: Received 0 solutions to visualize
[INFO] [1753419241.620262967] [visualizer_node]: Received 0 solutions to visualize
[INFO] [1753419241.721051459] [visualizer_node]: Received 0 solutions to visualize
[INFO] [1753419241.821292858] [visualizer_node]: Received 0 solutions to visualize
[INFO] [1753419241.919161592] [visualizer_node]: Received 0 solutions to visualize
[INFO] [1753419242.020256911] [visualizer_node]: Received 0 solutions to visualize
[INFO] [1753419242.121416169] [visualizer_node]: Received 0 solutions to visualize
[INFO] [1753419242.223394434] [visualizer_node]: Received 0 solutions to visualize
[INFO] [1753419242.318324050] [visualizer_node]: Received 0 solutions to visualize
[INFO] [1753419242.423475810] [visualizer_node]: Received 0 solutions to visualize
[INFO] [1753419242.522811319] [visualizer_node]: Received 0 solutions to visualize
[INFO] [1753419242.621111014] [visualizer_node]: Received 0 solutions to visualize
[INFO] [1753419242.718884384] [visualizer_node]: Received 0 solutions to visualize
[INFO] [1753419242.822374770] [visualizer_node]: Received 0 solutions to visualize
[INFO] [1753419242.922866451] [visualizer_node]: Received 0 solutions to visualize
[INFO] [1753419243.019605799] [visualizer_node]: Received 0 solutions to visualize
[INFO] [1753419243.123358466] [visualizer_node]: Received 0 solutions to visualize
[INFO] [1753419243.221194176] [visualizer_node]: Received 0 solutions to visualize
[INFO] [1753419243.321039080] [visualizer_node]: Received 0 solutions to visualize
[INFO] [1753419243.419594657] [visualizer_node]: Received 0 solutions to visualize
[INFO] [1753419243.521396339] [visualizer_node]: Received 0 solutions to visualize
[INFO] [1753419243.619978764] [visualizer_node]: Received 0 solutions to visualize
[INFO] [1753419243.722819941] [visualizer_node]: Received 0 solutions to visualize
[INFO] [1753419243.819356210] [visualizer_node]: Received 0 solutions to visualize
[INFO] [1753419243.920386919] [visualizer_node]: Received 0 solutions to visualize
[INFO] [1753419244.022109654] [visualizer_node]: Received 0 solutions to visualize
[INFO] [1753419244.118990960] [visualizer_node]: Received 0 solutions to visualize
[INFO] [1753419244.219370413] [visualizer_node]: Received 0 solutions to visualize
[INFO] [1753419244.321635153] [visualizer_node]: Received 0 solutions to visualize
[INFO] [1753419244.424844280] [visualizer_node]: Received 0 solutions to visualize
[INFO] [1753419244.518919944] [visualizer_node]: Received 0 solutions to visualize
[INFO] [1753419244.620470769] [visualizer_node]: Received 0 solutions to visualize
[INFO] [1753419244.719231953] [visualizer_node]: Received 0 solutions to visualize
[INFO] [1753419244.820174980] [visualizer_node]: Received 0 solutions to visualize
[INFO] [1753419244.922017304] [visualizer_node]: Received 0 solutions to visualize
[INFO] [1753419245.022958538] [visualizer_node]: Received 0 solutions to visualize
[INFO] [1753419245.121787021] [visualizer_node]: Received 0 solutions to visualize
[INFO] [1753419245.219659467] [visualizer_node]: Received 0 solutions to visualize
[INFO] [1753419245.321635525] [visualizer_node]: Received 0 solutions to visualize
[INFO] [1753419245.423145772] [visualizer_node]: Received 0 solutions to visualize
[INFO] [1753419245.524950911] [visualizer_node]: Received 0 solutions to visualize
[INFO] [1753419245.620504871] [visualizer_node]: Received 0 solutions to visualize
[INFO] [1753419245.722946993] [visualizer_node]: Received 0 solutions to visualize
[INFO] [1753419245.819396987] [visualizer_node]: Received 0 solutions to visualize
[INFO] [1753419245.929073750] [visualizer_node]: Received 0 solutions to visualize
[INFO] [1753419246.020426463] [visualizer_node]: Received 0 solutions to visualize
[INFO] [1753419246.123138228] [visualizer_node]: Received 0 solutions to visualize
[INFO] [1753419246.220125522] [visualizer_node]: Received 0 solutions to visualize
[INFO] [1753419246.321399025] [visualizer_node]: Received 0 solutions to visualize
[INFO] [1753419246.423431725] [visualizer_node]: Received 0 solutions to visualize
[INFO] [1753419246.521997094] [visualizer_node]: Received 0 solutions to visualize
[INFO] [1753419246.618416622] [visualizer_node]: Received 0 solutions to visualize
[INFO] [1753419246.721457808] [visualizer_node]: Received 0 solutions to visualize
[INFO] [1753419246.819653211] [visualizer_node]: Received 0 solutions to visualize
[INFO] [1753419246.923871849] [visualizer_node]: Received 0 solutions to visualize
[INFO] [1753419247.028510342] [visualizer_node]: Received 0 solutions to visualize
[INFO] [1753419247.121519310] [visualizer_node]: Received 0 solutions to visualize
[INFO] [1753419247.223203197] [visualizer_node]: Received 0 solutions to visualize
[INFO] [1753419247.323448853] [visualizer_node]: Received 0 solutions to visualize
[INFO] [1753419247.418797174] [visualizer_node]: Received 0 solutions to visualize
[INFO] [1753419247.520207130] [visualizer_node]: Received 0 solutions to visualize
[INFO] [1753419247.620991527] [visualizer_node]: Received 0 solutions to visualize
[INFO] [1753419247.721150492] [visualizer_node]: Received 0 solutions to visualize
[INFO] [1753419247.824174461] [visualizer_node]: Received 0 solutions to visualize
[INFO] [1753419247.920993140] [visualizer_node]: Received 0 solutions to visualize
[INFO] [1753419248.019538733] [visualizer_node]: Received 0 solutions to visualize
[INFO] [1753419248.119522428] [visualizer_node]: Received 0 solutions to visualize
[INFO] [1753419248.218490148] [visualizer_node]: Received 0 solutions to visualize
[INFO] [1753419248.320678822] [visualizer_node]: Received 0 solutions to visualize
[INFO] [1753419248.421260491] [visualizer_node]: Received 0 solutions to visualize
[INFO] [1753419248.520792585] [visualizer_node]: Received 0 solutions to visualize
[INFO] [1753419248.620096254] [visualizer_node]: Received 0 solutions to visualize
[INFO] [1753419248.721379518] [visualizer_node]: Received 0 solutions to visualize
[INFO] [1753419248.821918626] [visualizer_node]: Received 0 solutions to visualize
[INFO] [1753419248.920932876] [visualizer_node]: Received 0 solutions to visualize
[INFO] [1753419249.019792721] [visualizer_node]: Received 0 solutions to visualize
[INFO] [1753419249.122323327] [visualizer_node]: Received 0 solutions to visualize
[INFO] [1753419249.220785461] [visualizer_node]: Received 0 solutions to visualize
[INFO] [1753419249.321112305] [visualizer_node]: Received 0 solutions to visualize
[INFO] [1753419249.420812981] [visualizer_node]: Received 0 solutions to visualize
[INFO] [1753419249.517887959] [visualizer_node]: Received 0 solutions to visualize
[INFO] [1753419249.618764167] [visualizer_node]: Received 0 solutions to visualize
[INFO] [1753419249.726717122] [visualizer_node]: Received 0 solutions to visualize
[INFO] [1753419249.821192770] [visualizer_node]: Received 0 solutions to visualize
[INFO] [1753419249.920518584] [visualizer_node]: Received 0 solutions to visualize
[INFO] [1753419250.021914684] [visualizer_node]: Received 0 solutions to visualize
[INFO] [1753419250.117552872] [visualizer_node]: Received 0 solutions to visualize
[INFO] [1753419250.221095325] [visualizer_node]: Received 0 solutions to visualize
[INFO] [1753419250.328364606] [visualizer_node]: Received 0 solutions to visualize
[INFO] [1753419250.418589150] [visualizer_node]: Received 0 solutions to visualize
[INFO] [1753419250.518811398] [visualizer_node]: Received 0 solutions to visualize
[INFO] [1753419250.619901412] [visualizer_node]: Received 0 solutions to visualize
[INFO] [1753419250.718879585] [visualizer_node]: Received 0 solutions to visualize
[INFO] [1753419250.821131908] [visualizer_node]: Received 0 solutions to visualize
[INFO] [1753419250.921181442] [visualizer_node]: Received 0 solutions to visualize
[INFO] [1753419251.023620411] [visualizer_node]: Received 0 solutions to visualize
[INFO] [1753419251.118711420] [visualizer_node]: Received 0 solutions to visualize
[INFO] [1753419251.218564025] [visualizer_node]: Received 0 solutions to visualize
[INFO] [1753419251.321799311] [visualizer_node]: Received 0 solutions to visualize
[INFO] [1753419251.421824329] [visualizer_node]: Received 0 solutions to visualize
[INFO] [1753419251.518442921] [visualizer_node]: Received 0 solutions to visualize
[INFO] [1753419251.618986872] [visualizer_node]: Received 0 solutions to visualize
[INFO] [1753419251.718835125] [visualizer_node]: Received 0 solutions to visualize
[INFO] [1753419251.819274630] [visualizer_node]: Received 0 solutions to visualize
[INFO] [1753419251.918963974] [visualizer_node]: Received 0 solutions to visualize
[INFO] [1753419252.023442980] [visualizer_node]: Received 0 solutions to visualize
[INFO] [1753419252.123699427] [visualizer_node]: Received 0 solutions to visualize
[INFO] [1753419252.223502508] [visualizer_node]: Received 0 solutions to visualize
[INFO] [1753419252.322304649] [visualizer_node]: Received 0 solutions to visualize
[INFO] [1753419252.424564222] [visualizer_node]: Received 0 solutions to visualize
[INFO] [1753419252.519381422] [visualizer_node]: Received 0 solutions to visualize
[INFO] [1753419252.618226346] [visualizer_node]: Received 0 solutions to visualize
[INFO] [1753419252.718014419] [visualizer_node]: Received 0 solutions to visualize
[INFO] [1753419252.819950863] [visualizer_node]: Received 0 solutions to visualize
[INFO] [1753419252.920730851] [visualizer_node]: Received 0 solutions to visualize
[INFO] [1753419253.021041762] [visualizer_node]: Received 0 solutions to visualize
[INFO] [1753419253.119346324] [visualizer_node]: Received 0 solutions to visualize
[INFO] [1753419253.221093374] [visualizer_node]: Received 0 solutions to visualize
[INFO] [1753419253.324083471] [visualizer_node]: Received 0 solutions to visualize
[INFO] [1753419253.419337408] [visualizer_node]: Received 0 solutions to visualize
[INFO] [1753419253.520429112] [visualizer_node]: Received 0 solutions to visualize
[INFO] [1753419253.620865885] [visualizer_node]: Received 0 solutions to visualize
[INFO] [1753419253.724557087] [visualizer_node]: Received 0 solutions to visualize
[INFO] [1753419253.822992750] [visualizer_node]: Received 0 solutions to visualize
[INFO] [1753419253.922489031] [visualizer_node]: Received 0 solutions to visualize
[INFO] [1753419254.029266668] [visualizer_node]: Received 0 solutions to visualize
[INFO] [1753419254.121635618] [visualizer_node]: Received 0 solutions to visualize
[INFO] [1753419254.218876787] [visualizer_node]: Received 0 solutions to visualize
[INFO] [1753419254.321260731] [visualizer_node]: Received 0 solutions to visualize
[INFO] [1753419254.419114688] [visualizer_node]: Received 0 solutions to visualize
[INFO] [1753419254.522920458] [visualizer_node]: Received 0 solutions to visualize
[INFO] [1753419254.622971938] [visualizer_node]: Received 0 solutions to visualize
[INFO] [1753419254.718341594] [visualizer_node]: Received 0 solutions to visualize
[INFO] [1753419254.822784312] [visualizer_node]: Received 0 solutions to visualize
[INFO] [1753419254.921475211] [visualizer_node]: Received 0 solutions to visualize
[INFO] [1753419255.021567268] [visualizer_node]: Received 0 solutions to visualize
[INFO] [1753419255.122882924] [visualizer_node]: Received 0 solutions to visualize
[INFO] [1753419255.221089332] [visualizer_node]: Received 0 solutions to visualize
[INFO] [1753419255.321436335] [visualizer_node]: Received 0 solutions to visualize
[INFO] [1753419255.419459227] [visualizer_node]: Received 0 solutions to visualize
[INFO] [1753419255.520726884] [visualizer_node]: Received 0 solutions to visualize
[INFO] [1753419255.620658952] [visualizer_node]: Received 0 solutions to visualize
[INFO] [1753419255.721733781] [visualizer_node]: Received 0 solutions to visualize
[INFO] [1753419255.820809163] [visualizer_node]: Received 0 solutions to visualize
[INFO] [1753419255.919845250] [visualizer_node]: Received 0 solutions to visualize
[INFO] [1753419256.020458810] [visualizer_node]: Received 0 solutions to visualize
[INFO] [1753419256.120968477] [visualizer_node]: Received 0 solutions to visualize
[INFO] [1753419256.223265243] [visualizer_node]: Received 0 solutions to visualize
[INFO] [1753419256.320326052] [visualizer_node]: Received 0 solutions to visualize
[INFO] [1753419256.420487694] [visualizer_node]: Received 0 solutions to visualize
[INFO] [1753419256.519599726] [visualizer_node]: Received 0 solutions to visualize
[INFO] [1753419256.620374155] [visualizer_node]: Received 0 solutions to visualize
[INFO] [1753419256.719309262] [visualizer_node]: Received 0 solutions to visualize
[INFO] [1753419256.820372006] [visualizer_node]: Received 0 solutions to visualize
[INFO] [1753419256.922082448] [visualizer_node]: Received 0 solutions to visualize
[INFO] [1753419257.021986433] [visualizer_node]: Received 0 solutions to visualize
[INFO] [1753419257.121104810] [visualizer_node]: Received 0 solutions to visualize
[INFO] [1753419257.220471822] [visualizer_node]: Received 0 solutions to visualize
[INFO] [1753419257.320358344] [visualizer_node]: Received 0 solutions to visualize
[INFO] [1753419257.418112717] [visualizer_node]: Received 0 solutions to visualize
[INFO] [1753419257.518234178] [visualizer_node]: Received 0 solutions to visualize
[INFO] [1753419257.619495904] [visualizer_node]: Received 0 solutions to visualize
[INFO] [1753419257.718836549] [visualizer_node]: Received 0 solutions to visualize
[INFO] [1753419257.821726626] [visualizer_node]: Received 0 solutions to visualize
[INFO] [1753419257.923087102] [visualizer_node]: Received 0 solutions to visualize
[INFO] [1753419258.019978997] [visualizer_node]: Received 0 solutions to visualize
[INFO] [1753419258.120150867] [visualizer_node]: Received 0 solutions to visualize
[INFO] [1753419258.217474283] [visualizer_node]: Received 0 solutions to visualize
[INFO] [1753419258.318758451] [visualizer_node]: Received 0 solutions to visualize
[INFO] [1753419258.420554928] [visualizer_node]: Received 0 solutions to visualize
[INFO] [1753419258.518445436] [visualizer_node]: Received 0 solutions to visualize
[INFO] [1753419258.630453772] [visualizer_node]: Received 0 solutions to visualize
[INFO] [1753419258.723296382] [visualizer_node]: Received 0 solutions to visualize
[INFO] [1753419258.819723591] [visualizer_node]: Received 0 solutions to visualize
[INFO] [1753419258.922441042] [visualizer_node]: Received 0 solutions to visualize
[INFO] [1753419259.023119560] [visualizer_node]: Received 0 solutions to visualize
[INFO] [1753419259.122279748] [visualizer_node]: Received 0 solutions to visualize
[INFO] [1753419259.228388790] [visualizer_node]: Received 0 solutions to visualize
[INFO] [1753419259.318510952] [visualizer_node]: Received 0 solutions to visualize
