[INFO] [1754286934.324867710] [solver_node]: [PerpendicularDistanceLocalizer] 前束索引: [2], 后束索引: []
[INFO] [1754286934.327375479] [solver_node]: [PerpendicularDistanceLocalizer] 左束索引: [], 右束索引: []
[INFO] [1754286934.332807524] [solver_node]: [PerpendicularDistanceLocalizer] 垂直距离定位器已初始化，需要调用calibrate()方法进行标定
[INFO] [1754286934.347764215] [solver_node]: SolverNode启动，进入初始化阶段，需要收集100次激光数据进行标定...
[INFO] [1754286934.352396755] [solver_node]: 标定数据收集进度: 1/100
[INFO] [1754286934.361952092] [solver_node]: 标定数据收集进度: 2/100
[INFO] [1754286934.371420607] [solver_node]: 标定数据收集进度: 3/100
[INFO] [1754286934.384137514] [solver_node]: 标定数据收集进度: 4/100
[INFO] [1754286934.390799906] [solver_node]: 标定数据收集进度: 5/100
[INFO] [1754286934.400726849] [solver_node]: 标定数据收集进度: 6/100
[INFO] [1754286934.412003764] [solver_node]: 标定数据收集进度: 7/100
[INFO] [1754286934.420062945] [solver_node]: 标定数据收集进度: 8/100
[INFO] [1754286934.430382233] [solver_node]: 标定数据收集进度: 9/100
[INFO] [1754286934.441966590] [solver_node]: 标定数据收集进度: 10/100
[INFO] [1754286934.449672182] [solver_node]: 标定数据收集进度: 11/100
[INFO] [1754286934.461271996] [solver_node]: 标定数据收集进度: 12/100
[INFO] [1754286934.474774582] [solver_node]: 标定数据收集进度: 13/100
[INFO] [1754286934.479944179] [solver_node]: 标定数据收集进度: 14/100
[INFO] [1754286934.491419153] [solver_node]: 标定数据收集进度: 15/100
[INFO] [1754286934.500732619] [solver_node]: 标定数据收集进度: 16/100
[INFO] [1754286934.511709387] [solver_node]: 标定数据收集进度: 17/100
[INFO] [1754286934.524434614] [solver_node]: 标定数据收集进度: 18/100
[INFO] [1754286934.532842489] [solver_node]: 标定数据收集进度: 19/100
[INFO] [1754286934.540990476] [solver_node]: 标定数据收集进度: 20/100
[INFO] [1754286934.552780029] [solver_node]: 标定数据收集进度: 21/100
[INFO] [1754286934.560100157] [solver_node]: 标定数据收集进度: 22/100
[INFO] [1754286934.571655681] [solver_node]: 标定数据收集进度: 23/100
[INFO] [1754286934.585615831] [solver_node]: 标定数据收集进度: 24/100
[INFO] [1754286934.595994291] [solver_node]: 标定数据收集进度: 25/100
[INFO] [1754286934.609483308] [solver_node]: 标定数据收集进度: 26/100
[INFO] [1754286934.616657476] [solver_node]: 标定数据收集进度: 27/100
[INFO] [1754286934.625685996] [solver_node]: 标定数据收集进度: 28/100
[INFO] [1754286934.633094578] [solver_node]: 标定数据收集进度: 29/100
[INFO] [1754286934.640185476] [solver_node]: 标定数据收集进度: 30/100
[INFO] [1754286934.652075164] [solver_node]: 标定数据收集进度: 31/100
[INFO] [1754286934.662225577] [solver_node]: 标定数据收集进度: 32/100
[INFO] [1754286934.678770430] [solver_node]: 标定数据收集进度: 33/100
[INFO] [1754286934.687954800] [solver_node]: 标定数据收集进度: 34/100
[INFO] [1754286934.703360255] [solver_node]: 标定数据收集进度: 35/100
[INFO] [1754286934.720977846] [solver_node]: 标定数据收集进度: 36/100
[INFO] [1754286934.733182145] [solver_node]: 标定数据收集进度: 37/100
[INFO] [1754286934.742755147] [solver_node]: 标定数据收集进度: 38/100
[INFO] [1754286934.753463354] [solver_node]: 标定数据收集进度: 39/100
[INFO] [1754286934.759155831] [solver_node]: 标定数据收集进度: 40/100
[INFO] [1754286934.775757199] [solver_node]: 标定数据收集进度: 41/100
[INFO] [1754286934.800928948] [solver_node]: 标定数据收集进度: 42/100
[INFO] [1754286934.822961785] [solver_node]: 标定数据收集进度: 43/100
[INFO] [1754286934.832421884] [solver_node]: 标定数据收集进度: 44/100
[INFO] [1754286934.844326068] [solver_node]: 标定数据收集进度: 45/100
[INFO] [1754286934.849713310] [solver_node]: 标定数据收集进度: 46/100
[INFO] [1754286934.853889886] [solver_node]: 标定数据收集进度: 47/100
[INFO] [1754286934.861951467] [solver_node]: 标定数据收集进度: 48/100
[INFO] [1754286934.872191294] [solver_node]: 标定数据收集进度: 49/100
[INFO] [1754286934.876429730] [solver_node]: 标定数据收集进度: 50/100
[INFO] [1754286934.880451672] [solver_node]: 标定数据收集进度: 51/100
[INFO] [1754286934.888533734] [solver_node]: 标定数据收集进度: 52/100
[INFO] [1754286934.896574739] [solver_node]: 标定数据收集进度: 53/100
[INFO] [1754286934.900747858] [solver_node]: 标定数据收集进度: 54/100
[INFO] [1754286934.904718501] [solver_node]: 标定数据收集进度: 55/100
[INFO] [1754286934.912760370] [solver_node]: 标定数据收集进度: 56/100
[INFO] [1754286934.919959434] [solver_node]: 标定数据收集进度: 57/100
[INFO] [1754286934.931174201] [solver_node]: 标定数据收集进度: 58/100
[INFO] [1754286934.941675548] [solver_node]: 标定数据收集进度: 59/100
[INFO] [1754286934.951087324] [solver_node]: 标定数据收集进度: 60/100
[INFO] [1754286934.969983200] [solver_node]: 标定数据收集进度: 61/100
[INFO] [1754286934.980462786] [solver_node]: 标定数据收集进度: 62/100
[INFO] [1754286934.984180229] [solver_node]: 标定数据收集进度: 63/100
[INFO] [1754286934.991541224] [solver_node]: 标定数据收集进度: 64/100
[INFO] [1754286935.000181017] [solver_node]: 标定数据收集进度: 65/100
[INFO] [1754286935.010368904] [solver_node]: 标定数据收集进度: 66/100
[INFO] [1754286935.022553489] [solver_node]: 标定数据收集进度: 67/100
[INFO] [1754286935.029960854] [solver_node]: 标定数据收集进度: 68/100
[INFO] [1754286935.043026933] [solver_node]: 标定数据收集进度: 69/100
[INFO] [1754286935.050123175] [solver_node]: 标定数据收集进度: 70/100
[INFO] [1754286935.059916350] [solver_node]: 标定数据收集进度: 71/100
[INFO] [1754286935.070067210] [solver_node]: 标定数据收集进度: 72/100
[INFO] [1754286935.079933382] [solver_node]: 标定数据收集进度: 73/100
[INFO] [1754286935.089620150] [solver_node]: 标定数据收集进度: 74/100
[INFO] [1754286935.102677108] [solver_node]: 标定数据收集进度: 75/100
[INFO] [1754286935.110773892] [solver_node]: 标定数据收集进度: 76/100
[INFO] [1754286935.120061467] [solver_node]: 标定数据收集进度: 77/100
[INFO] [1754286935.132159327] [solver_node]: 标定数据收集进度: 78/100
[INFO] [1754286935.141480217] [solver_node]: 标定数据收集进度: 79/100
[INFO] [1754286935.151292945] [solver_node]: 标定数据收集进度: 80/100
[INFO] [1754286935.160969665] [solver_node]: 标定数据收集进度: 81/100
[INFO] [1754286935.175331119] [solver_node]: 标定数据收集进度: 82/100
[INFO] [1754286935.184942619] [solver_node]: 标定数据收集进度: 83/100
[INFO] [1754286935.193220981] [solver_node]: 标定数据收集进度: 84/100
[INFO] [1754286935.202244765] [solver_node]: 标定数据收集进度: 85/100
[INFO] [1754286935.215771064] [solver_node]: 标定数据收集进度: 86/100
[INFO] [1754286935.222688415] [solver_node]: 标定数据收集进度: 87/100
[INFO] [1754286935.234944172] [solver_node]: 标定数据收集进度: 88/100
[INFO] [1754286935.240596102] [solver_node]: 标定数据收集进度: 89/100
[INFO] [1754286935.253099330] [solver_node]: 标定数据收集进度: 90/100
[INFO] [1754286935.264394613] [solver_node]: 标定数据收集进度: 91/100
[INFO] [1754286935.276175621] [solver_node]: 标定数据收集进度: 92/100
[INFO] [1754286935.280966858] [solver_node]: 标定数据收集进度: 93/100
[INFO] [1754286935.311899406] [solver_node]: 标定数据收集进度: 94/100
[INFO] [1754286935.332832238] [solver_node]: 标定数据收集进度: 95/100
[INFO] [1754286935.362090795] [solver_node]: 标定数据收集进度: 96/100
[INFO] [1754286935.370433545] [solver_node]: 标定数据收集进度: 97/100
[INFO] [1754286935.413967311] [solver_node]: 标定数据收集进度: 98/100
[INFO] [1754286935.431123656] [solver_node]: 标定数据收集进度: 99/100
[INFO] [1754286935.441884378] [solver_node]: 标定数据收集进度: 100/100
[INFO] [1754286935.443834289] [solver_node]: 标定数据收集完成，开始标定过程...
[INFO] [1754286935.451818841] [solver_node]: 开始标定，收集到的数据shape: (100, 5)
[INFO] [1754286935.456087326] [solver_node]: [PerpendicularDistanceLocalizer] 开始标定，扫描数据shape: (100, 5)
[INFO] [1754286935.464220656] [solver_node]: [PerpendicularDistanceLocalizer] 标定完成: m=0.000, n=5.424
[INFO] [1754286935.466159142] [solver_node]: [PerpendicularDistanceLocalizer] 前后左右平均距离: 前=5.424, 后=0.000, 左=0.000, 右=0.000
[INFO] [1754286935.469303718] [solver_node]: [PerpendicularDistanceLocalizer] 计算的初始位姿: x=0.000, y=0.000, phi=1.571
[INFO] [1754286935.471751260] [solver_node]: 标定完成: m=0.000, n=5.424
[INFO] [1754286935.474297368] [solver_node]: 初始位姿: x=0.000, y=0.000, phi=1.571
[INFO] [1754286935.477617283] [solver_node]: 初始化阶段完成，进入运行阶段
[INFO] [1754286935.767554755] [solver_node]: 收到5个激光点，处理后5个有效点
[INFO] [1754286935.773144025] [solver_node]: 当前位置: x=5.149, y=1.912, angle=-1.831
[INFO] [1754286935.774999531] [solver_node]: 激光距离数据: [1.48899996 5.74900007 5.08900023 4.29199982 4.28000021]
[INFO] [1754286935.776168594] [solver_node]: 垂直距离定位器返回 1 个解
[INFO] [1754286935.783708863] [solver_node]: 总共 1 个解
[INFO] [1754286935.784721661] [solver_node]: 无效解: x=0.000, y=5.424, 距离=6.233 > 阈值0.100
[WARN] [1754286935.786578831] [solver_node]: 没有满足距离要求的解
[INFO] [1754286935.799937408] [solver_node]: 发布静态变换: translation=(-0.000, -0.000, 0.0), 无旋转
[WARN] [1754286935.802545727] [solver_node]: 没有合适的解，不发布TF变换
[INFO] [1754286936.460022602] [solver_node]: 收到5个激光点，处理后5个有效点
[INFO] [1754286936.473159405] [solver_node]: 当前位置: x=5.151, y=1.909, angle=-1.830
[INFO] [1754286936.474517376] [solver_node]: 激光距离数据: [1.48899996 5.74900007 5.08900023 4.29199982 4.28000021]
[INFO] [1754286936.475417559] [solver_node]: 垂直距离定位器返回 1 个解
[INFO] [1754286936.476057278] [solver_node]: 总共 1 个解
[INFO] [1754286936.476737703] [solver_node]: 无效解: x=0.000, y=5.424, 距离=6.236 > 阈值0.100
[WARN] [1754286936.477464436] [solver_node]: 没有满足距离要求的解
[WARN] [1754286936.478222882] [solver_node]: 没有合适的解，不发布TF变换
[INFO] [1754286936.478922669] [solver_node]: 发布静态变换: translation=(-0.000, -0.000, 0.0), 无旋转
[INFO] [1754286936.606416088] [solver_node]: 收到5个激光点，处理后5个有效点
[INFO] [1754286936.616918649] [solver_node]: 当前位置: x=2.745, y=-1.529, angle=1.313
[INFO] [1754286936.620009110] [solver_node]: 激光距离数据: [1.48899996 5.74900007 5.08900023 4.29199982 4.28000021]
[INFO] [1754286936.623402117] [solver_node]: 垂直距离定位器返回 1 个解
[INFO] [1754286936.624155859] [solver_node]: 总共 1 个解
[INFO] [1754286936.625027529] [solver_node]: 无效解: x=0.000, y=0.000, 距离=3.142 > 阈值0.100
[WARN] [1754286936.625865788] [solver_node]: 没有满足距离要求的解
[WARN] [1754286936.626692110] [solver_node]: 没有合适的解，不发布TF变换
[INFO] [1754286936.628537791] [solver_node]: 发布静态变换: translation=(-0.000, -0.000, 0.0), 无旋转
[INFO] [1754286936.638344438] [solver_node]: 收到5个激光点，处理后5个有效点
[INFO] [1754286936.645184184] [solver_node]: 当前位置: x=2.752, y=-1.518, angle=1.312
[INFO] [1754286936.653462706] [solver_node]: 激光距离数据: [1.48899996 5.74900007 5.08900023 4.29199982 4.28000021]
[INFO] [1754286936.656394341] [solver_node]: 垂直距离定位器返回 1 个解
[INFO] [1754286936.657187893] [solver_node]: 总共 1 个解
[INFO] [1754286936.657931202] [solver_node]: 无效解: x=0.000, y=0.000, 距离=3.143 > 阈值0.100
[WARN] [1754286936.658755989] [solver_node]: 没有满足距离要求的解
[WARN] [1754286936.659628874] [solver_node]: 没有合适的解，不发布TF变换
[INFO] [1754286937.089229988] [solver_node]: 收到5个激光点，处理后5个有效点
[INFO] [1754286937.102622293] [solver_node]: 当前位置: x=2.752, y=-1.518, angle=1.312
[INFO] [1754286937.103922756] [solver_node]: 激光距离数据: [1.48899996 5.74900007 5.08900023 4.29199982 4.28000021]
[INFO] [1754286937.104824091] [solver_node]: 垂直距离定位器返回 1 个解
[INFO] [1754286937.110583354] [solver_node]: 总共 1 个解
[INFO] [1754286937.113468266] [solver_node]: 发布静态变换: translation=(-0.000, -0.000, 0.0), 无旋转
[INFO] [1754286937.120120704] [solver_node]: 无效解: x=0.000, y=0.000, 距离=3.143 > 阈值0.100
[WARN] [1754286937.123109559] [solver_node]: 没有满足距离要求的解
[WARN] [1754286937.124917925] [solver_node]: 没有合适的解，不发布TF变换
[INFO] [1754286937.157757465] [solver_node]: 收到5个激光点，处理后5个有效点
[INFO] [1754286937.172990874] [solver_node]: 当前位置: x=2.736, y=-1.511, angle=1.314
[INFO] [1754286937.176047412] [solver_node]: 激光距离数据: [1.48899996 5.74900007 5.08900023 4.29199982 4.28000021]
[INFO] [1754286937.178078640] [solver_node]: 垂直距离定位器返回 1 个解
[INFO] [1754286937.178753754] [solver_node]: 总共 1 个解
[INFO] [1754286937.180239348] [solver_node]: 无效解: x=0.000, y=0.000, 距离=3.125 > 阈值0.100
[WARN] [1754286937.180982338] [solver_node]: 没有满足距离要求的解
[WARN] [1754286937.182006944] [solver_node]: 没有合适的解，不发布TF变换
[INFO] [1754286937.183113860] [solver_node]: 收到5个激光点，处理后5个有效点
[INFO] [1754286937.191694607] [solver_node]: 发布静态变换: translation=(-0.000, -0.000, 0.0), 无旋转
[INFO] [1754286937.194371954] [solver_node]: 当前位置: x=2.736, y=-1.511, angle=1.314
[INFO] [1754286937.196038488] [solver_node]: 激光距离数据: [1.48899996 5.74900007 5.08900023 4.29199982 4.28000021]
[INFO] [1754286937.197297509] [solver_node]: 垂直距离定位器返回 1 个解
[INFO] [1754286937.198169434] [solver_node]: 总共 1 个解
[INFO] [1754286937.202334424] [solver_node]: 无效解: x=0.000, y=0.000, 距离=3.125 > 阈值0.100
[WARN] [1754286937.204514685] [solver_node]: 没有满足距离要求的解
[WARN] [1754286937.205355121] [solver_node]: 没有合适的解，不发布TF变换
[INFO] [1754286937.206388816] [solver_node]: 收到5个激光点，处理后5个有效点
[INFO] [1754286937.213843958] [solver_node]: 当前位置: x=2.726, y=-1.511, angle=1.312
[INFO] [1754286937.219530193] [solver_node]: 激光距离数据: [1.48899996 5.74900007 5.08900023 4.29199982 4.28000021]
[INFO] [1754286937.233033769] [solver_node]: 垂直距离定位器返回 1 个解
[INFO] [1754286937.238020185] [solver_node]: 总共 1 个解
[INFO] [1754286937.240589622] [solver_node]: 无效解: x=0.000, y=0.000, 距离=3.117 > 阈值0.100
[WARN] [1754286937.243497928] [solver_node]: 没有满足距离要求的解
[WARN] [1754286937.246021122] [solver_node]: 没有合适的解，不发布TF变换
[INFO] [1754286937.261005236] [solver_node]: 收到5个激光点，处理后5个有效点
[INFO] [1754286937.263896804] [solver_node]: 收到5个激光点，处理后5个有效点
[INFO] [1754286937.268377590] [solver_node]: 收到5个激光点，处理后5个有效点
[INFO] [1754286937.275574285] [solver_node]: 当前位置: x=2.716, y=-1.513, angle=1.311
[INFO] [1754286937.277935453] [solver_node]: 激光距离数据: [1.48899996 5.74900007 5.08900023 4.29199982 4.28000021]
[INFO] [1754286937.279380053] [solver_node]: 垂直距离定位器返回 1 个解
[INFO] [1754286937.281335308] [solver_node]: 总共 1 个解
[INFO] [1754286937.282428655] [solver_node]: 无效解: x=0.000, y=0.000, 距离=3.109 > 阈值0.100
[WARN] [1754286937.283529970] [solver_node]: 没有满足距离要求的解
[WARN] [1754286937.284476748] [solver_node]: 没有合适的解，不发布TF变换
[INFO] [1754286937.286300155] [solver_node]: 收到5个激光点，处理后5个有效点
[INFO] [1754286937.308778390] [solver_node]: 发布静态变换: translation=(-0.000, -0.000, 0.0), 无旋转
[INFO] [1754286937.310620295] [solver_node]: 当前位置: x=2.716, y=-1.513, angle=1.311
[INFO] [1754286937.317715480] [solver_node]: 激光距离数据: [1.48899996 5.74900007 5.08900023 4.29199982 4.28000021]
[INFO] [1754286937.320897434] [solver_node]: 垂直距离定位器返回 1 个解
[INFO] [1754286937.323556892] [solver_node]: 总共 1 个解
[INFO] [1754286937.325859625] [solver_node]: 无效解: x=0.000, y=0.000, 距离=3.109 > 阈值0.100
[WARN] [1754286937.327979082] [solver_node]: 没有满足距离要求的解
[WARN] [1754286937.329477125] [solver_node]: 没有合适的解，不发布TF变换
[INFO] [1754286937.331316630] [solver_node]: 收到5个激光点，处理后5个有效点
[INFO] [1754286937.335138495] [solver_node]: 当前位置: x=2.715, y=-1.519, angle=1.311
[INFO] [1754286937.337290850] [solver_node]: 激光距离数据: [1.48899996 5.74900007 5.08900023 4.29199982 4.28000021]
[INFO] [1754286937.338726842] [solver_node]: 垂直距离定位器返回 1 个解
[INFO] [1754286937.339921923] [solver_node]: 总共 1 个解
[INFO] [1754286937.341142189] [solver_node]: 无效解: x=0.000, y=0.000, 距离=3.111 > 阈值0.100
[WARN] [1754286937.342378136] [solver_node]: 没有满足距离要求的解
[WARN] [1754286937.343623972] [solver_node]: 没有合适的解，不发布TF变换
[INFO] [1754286937.345409745] [solver_node]: 收到5个激光点，处理后5个有效点
[INFO] [1754286937.349317280] [solver_node]: 当前位置: x=2.750, y=-1.517, angle=1.311
[INFO] [1754286937.351189362] [solver_node]: 激光距离数据: [1.48899996 5.74900007 5.08900023 4.29199982 4.28000021]
[INFO] [1754286937.352705102] [solver_node]: 垂直距离定位器返回 1 个解
[INFO] [1754286937.353978748] [solver_node]: 总共 1 个解
[INFO] [1754286937.355471287] [solver_node]: 无效解: x=0.000, y=0.000, 距离=3.140 > 阈值0.100
[WARN] [1754286937.357635003] [solver_node]: 没有满足距离要求的解
[WARN] [1754286937.359678776] [solver_node]: 没有合适的解，不发布TF变换
[INFO] [1754286937.382310013] [solver_node]: 收到5个激光点，处理后5个有效点
[INFO] [1754286937.390886248] [solver_node]: 当前位置: x=2.750, y=-1.517, angle=1.311
[INFO] [1754286937.393785241] [solver_node]: 激光距离数据: [1.48899996 5.74900007 5.08900023 4.29199982 4.28000021]
[INFO] [1754286937.395232593] [solver_node]: 垂直距离定位器返回 1 个解
[INFO] [1754286937.397337394] [solver_node]: 总共 1 个解
[INFO] [1754286937.400485362] [solver_node]: 无效解: x=0.000, y=0.000, 距离=3.140 > 阈值0.100
[INFO] [1754286937.403062447] [solver_node]: 发布静态变换: translation=(-0.000, -0.000, 0.0), 无旋转
[WARN] [1754286937.412140985] [solver_node]: 没有满足距离要求的解
[WARN] [1754286937.414491816] [solver_node]: 没有合适的解，不发布TF变换
[INFO] [1754286937.447556713] [solver_node]: 收到5个激光点，处理后5个有效点
[INFO] [1754286937.452792297] [solver_node]: 当前位置: x=2.748, y=-1.517, angle=1.311
[INFO] [1754286937.454251170] [solver_node]: 激光距离数据: [1.48899996 5.74900007 5.08900023 4.29199982 4.28000021]
[INFO] [1754286937.455754398] [solver_node]: 垂直距离定位器返回 1 个解
[INFO] [1754286937.457340702] [solver_node]: 总共 1 个解
[INFO] [1754286937.458685136] [solver_node]: 无效解: x=0.000, y=0.000, 距离=3.140 > 阈值0.100
[WARN] [1754286937.459575175] [solver_node]: 没有满足距离要求的解
[WARN] [1754286937.460975996] [solver_node]: 没有合适的解，不发布TF变换
[INFO] [1754286937.493056321] [solver_node]: 收到5个激光点，处理后5个有效点
[INFO] [1754286937.505925747] [solver_node]: 发布静态变换: translation=(-0.000, -0.000, 0.0), 无旋转
[INFO] [1754286937.511553066] [solver_node]: 当前位置: x=2.755, y=-1.520, angle=1.309
[INFO] [1754286937.516382257] [solver_node]: 激光距离数据: [1.48899996 5.74900007 5.08900023 4.29199982 4.28000021]
[INFO] [1754286937.519332420] [solver_node]: 垂直距离定位器返回 1 个解
[INFO] [1754286937.521926915] [solver_node]: 总共 1 个解
[INFO] [1754286937.523156206] [solver_node]: 无效解: x=0.000, y=0.000, 距离=3.147 > 阈值0.100
[WARN] [1754286937.524288595] [solver_node]: 没有满足距离要求的解
[WARN] [1754286937.526201096] [solver_node]: 没有合适的解，不发布TF变换
[INFO] [1754286937.532374336] [solver_node]: 收到5个激光点，处理后5个有效点
[INFO] [1754286937.543879838] [solver_node]: 当前位置: x=2.745, y=-1.521, angle=1.309
[INFO] [1754286937.545087272] [solver_node]: 激光距离数据: [1.48899996 5.74900007 5.08900023 4.29199982 4.28000021]
[INFO] [1754286937.545954109] [solver_node]: 垂直距离定位器返回 1 个解
[INFO] [1754286937.546581155] [solver_node]: 总共 1 个解
[INFO] [1754286937.547294382] [solver_node]: 无效解: x=0.000, y=0.000, 距离=3.138 > 阈值0.100
[WARN] [1754286937.548262474] [solver_node]: 没有满足距离要求的解
[WARN] [1754286937.549005783] [solver_node]: 没有合适的解，不发布TF变换
[INFO] [1754286937.571481842] [solver_node]: 收到5个激光点，处理后5个有效点
[INFO] [1754286937.577512418] [solver_node]: 当前位置: x=2.743, y=-1.522, angle=1.311
[INFO] [1754286937.583930602] [solver_node]: 激光距离数据: [1.48899996 5.74900007 5.08900023 4.29199982 4.28000021]
[INFO] [1754286937.589384822] [solver_node]: 垂直距离定位器返回 1 个解
[INFO] [1754286937.592628028] [solver_node]: 总共 1 个解
[INFO] [1754286937.596234328] [solver_node]: 无效解: x=0.000, y=0.000, 距离=3.137 > 阈值0.100
[WARN] [1754286937.603344586] [solver_node]: 没有满足距离要求的解
[WARN] [1754286937.632930359] [solver_node]: 没有合适的解，不发布TF变换
[INFO] [1754286937.646466225] [solver_node]: 收到5个激光点，处理后5个有效点
[INFO] [1754286937.659045392] [solver_node]: 发布静态变换: translation=(-0.000, -0.000, 0.0), 无旋转
[INFO] [1754286937.661609325] [solver_node]: 当前位置: x=2.743, y=-1.522, angle=1.311
[INFO] [1754286937.663318581] [solver_node]: 激光距离数据: [1.48899996 5.74900007 5.08900023 4.29199982 4.28000021]
[INFO] [1754286937.664575202] [solver_node]: 垂直距离定位器返回 1 个解
[INFO] [1754286937.665274669] [solver_node]: 总共 1 个解
[INFO] [1754286937.666133025] [solver_node]: 无效解: x=0.000, y=0.000, 距离=3.137 > 阈值0.100
[WARN] [1754286937.667236612] [solver_node]: 没有满足距离要求的解
[WARN] [1754286937.668033461] [solver_node]: 没有合适的解，不发布TF变换
[INFO] [1754286937.669255199] [solver_node]: 收到5个激光点，处理后5个有效点
[INFO] [1754286937.673607849] [solver_node]: 当前位置: x=2.746, y=-1.519, angle=1.312
[INFO] [1754286937.675436505] [solver_node]: 激光距离数据: [1.48899996 5.74900007 5.08900023 4.29199982 4.28000021]
[INFO] [1754286937.677918352] [solver_node]: 垂直距离定位器返回 1 个解
[INFO] [1754286937.678773732] [solver_node]: 总共 1 个解
[INFO] [1754286937.680050866] [solver_node]: 无效解: x=0.000, y=0.000, 距离=3.138 > 阈值0.100
[WARN] [1754286937.681065168] [solver_node]: 没有满足距离要求的解
[WARN] [1754286937.682655089] [solver_node]: 没有合适的解，不发布TF变换
[INFO] [1754286937.684644106] [solver_node]: 收到5个激光点，处理后5个有效点
[INFO] [1754286937.696226765] [solver_node]: 当前位置: x=2.746, y=-1.519, angle=1.312
[INFO] [1754286937.697332016] [solver_node]: 发布静态变换: translation=(-0.000, -0.000, 0.0), 无旋转
[INFO] [1754286937.700058551] [solver_node]: 激光距离数据: [1.48899996 5.74900007 5.08900023 4.29199982 4.28000021]
[INFO] [1754286937.701555922] [solver_node]: 垂直距离定位器返回 1 个解
[INFO] [1754286937.702344034] [solver_node]: 总共 1 个解
[INFO] [1754286937.703969317] [solver_node]: 无效解: x=0.000, y=0.000, 距离=3.138 > 阈值0.100
[WARN] [1754286937.705018917] [solver_node]: 没有满足距离要求的解
[WARN] [1754286937.706146218] [solver_node]: 没有合适的解，不发布TF变换
[INFO] [1754286937.707494716] [solver_node]: 收到5个激光点，处理后5个有效点
[INFO] [1754286937.712090293] [solver_node]: 当前位置: x=2.735, y=-1.510, angle=1.311
[INFO] [1754286937.713402053] [solver_node]: 激光距离数据: [1.48899996 5.74900007 5.08900023 4.29199982 4.28000021]
[INFO] [1754286937.714420451] [solver_node]: 垂直距离定位器返回 1 个解
[INFO] [1754286937.715599339] [solver_node]: 总共 1 个解
[INFO] [1754286937.716460639] [solver_node]: 无效解: x=0.000, y=0.000, 距离=3.124 > 阈值0.100
[WARN] [1754286937.717558146] [solver_node]: 没有满足距离要求的解
[WARN] [1754286937.718537854] [solver_node]: 没有合适的解，不发布TF变换
[INFO] [1754286937.723711098] [solver_node]: 收到5个激光点，处理后5个有效点
[INFO] [1754286937.729311151] [solver_node]: 当前位置: x=2.736, y=-1.510, angle=1.313
[INFO] [1754286937.740011516] [solver_node]: 激光距离数据: [1.48899996 5.74900007 5.08900023 4.29199982 4.28000021]
[INFO] [1754286937.741157922] [solver_node]: 垂直距离定位器返回 1 个解
[INFO] [1754286937.741910960] [solver_node]: 总共 1 个解
[INFO] [1754286937.742701088] [solver_node]: 无效解: x=0.000, y=0.000, 距离=3.125 > 阈值0.100
[WARN] [1754286937.743520978] [solver_node]: 没有满足距离要求的解
[WARN] [1754286937.744299266] [solver_node]: 没有合适的解，不发布TF变换
[INFO] [1754286937.745442536] [solver_node]: 收到5个激光点，处理后5个有效点
[INFO] [1754286937.751187142] [solver_node]: 当前位置: x=2.736, y=-1.510, angle=1.313
[INFO] [1754286937.754211647] [solver_node]: 激光距离数据: [1.48899996 5.74900007 5.08900023 4.29199982 4.28000021]
[INFO] [1754286937.755665495] [solver_node]: 垂直距离定位器返回 1 个解
[INFO] [1754286937.756416677] [solver_node]: 总共 1 个解
[INFO] [1754286937.757282458] [solver_node]: 无效解: x=0.000, y=0.000, 距离=3.125 > 阈值0.100
[WARN] [1754286937.760532896] [solver_node]: 没有满足距离要求的解
[WARN] [1754286937.762600510] [solver_node]: 没有合适的解，不发布TF变换
[INFO] [1754286937.771808048] [solver_node]: 收到5个激光点，处理后5个有效点
[INFO] [1754286937.778078735] [solver_node]: 当前位置: x=2.735, y=-1.510, angle=1.313
[INFO] [1754286937.781709036] [solver_node]: 激光距离数据: [1.48899996 5.74900007 5.08900023 4.29199982 4.28000021]
[INFO] [1754286937.783629345] [solver_node]: 垂直距离定位器返回 1 个解
[INFO] [1754286937.785919501] [solver_node]: 总共 1 个解
[INFO] [1754286937.787868900] [solver_node]: 无效解: x=0.000, y=0.000, 距离=3.125 > 阈值0.100
[WARN] [1754286937.789955619] [solver_node]: 没有满足距离要求的解
[WARN] [1754286937.792964827] [solver_node]: 没有合适的解，不发布TF变换
[INFO] [1754286937.794292908] [solver_node]: 收到5个激光点，处理后5个有效点
[INFO] [1754286937.805521273] [solver_node]: 发布静态变换: translation=(-0.000, -0.000, 0.0), 无旋转
[INFO] [1754286937.824972540] [solver_node]: 收到5个激光点，处理后5个有效点
[INFO] [1754286937.837253065] [solver_node]: 当前位置: x=2.727, y=-1.516, angle=1.315
[INFO] [1754286937.840317796] [solver_node]: 激光距离数据: [1.48899996 5.74900007 5.08900023 4.29199982 4.28000021]
[INFO] [1754286937.843208628] [solver_node]: 垂直距离定位器返回 1 个解
[INFO] [1754286937.845967613] [solver_node]: 总共 1 个解
[INFO] [1754286937.848110015] [solver_node]: 无效解: x=0.000, y=0.000, 距离=3.120 > 阈值0.100
[WARN] [1754286937.850712318] [solver_node]: 没有满足距离要求的解
[WARN] [1754286937.852972776] [solver_node]: 没有合适的解，不发布TF变换
[INFO] [1754286937.855309623] [solver_node]: 收到5个激光点，处理后5个有效点
[INFO] [1754286937.861064790] [solver_node]: 收到5个激光点，处理后5个有效点
[INFO] [1754286937.868878547] [solver_node]: 当前位置: x=2.725, y=-1.513, angle=1.315
[INFO] [1754286937.873675863] [solver_node]: 激光距离数据: [1.48899996 5.74900007 5.08900023 4.29199982 4.28000021]
[INFO] [1754286937.885320478] [solver_node]: 垂直距离定位器返回 1 个解
[INFO] [1754286937.888246992] [solver_node]: 总共 1 个解
[INFO] [1754286937.894943625] [solver_node]: 无效解: x=0.000, y=0.000, 距离=3.117 > 阈值0.100
[WARN] [1754286937.900594178] [solver_node]: 没有满足距离要求的解
[WARN] [1754286937.906263515] [solver_node]: 没有合适的解，不发布TF变换
[INFO] [1754286937.908885467] [solver_node]: 收到5个激光点，处理后5个有效点
[INFO] [1754286937.918968451] [solver_node]: 当前位置: x=2.727, y=-1.514, angle=1.315
[INFO] [1754286937.921861971] [solver_node]: 发布静态变换: translation=(-0.000, -0.000, 0.0), 无旋转
[INFO] [1754286937.925667931] [solver_node]: 激光距离数据: [1.48899996 5.74900007 5.08900023 4.29199982 4.28000021]
[INFO] [1754286937.926744957] [solver_node]: 垂直距离定位器返回 1 个解
[INFO] [1754286937.927527789] [solver_node]: 总共 1 个解
[INFO] [1754286937.928263866] [solver_node]: 无效解: x=0.000, y=0.000, 距离=3.119 > 阈值0.100
[WARN] [1754286937.928986054] [solver_node]: 没有满足距离要求的解
[WARN] [1754286937.929725747] [solver_node]: 没有合适的解，不发布TF变换
[INFO] [1754286937.930694926] [solver_node]: 收到5个激光点，处理后5个有效点
[INFO] [1754286937.934580283] [solver_node]: 当前位置: x=2.716, y=-1.513, angle=1.312
[INFO] [1754286937.936006706] [solver_node]: 激光距离数据: [1.48899996 5.74900007 5.08900023 4.29199982 4.28000021]
[INFO] [1754286937.936963244] [solver_node]: 垂直距离定位器返回 1 个解
[INFO] [1754286937.937631285] [solver_node]: 总共 1 个解
[INFO] [1754286937.938384451] [solver_node]: 无效解: x=0.000, y=0.000, 距离=3.109 > 阈值0.100
[WARN] [1754286937.939275385] [solver_node]: 没有满足距离要求的解
[WARN] [1754286937.940156847] [solver_node]: 没有合适的解，不发布TF变换
[INFO] [1754286937.941308117] [solver_node]: 收到5个激光点，处理后5个有效点
[INFO] [1754286937.945971474] [solver_node]: 收到5个激光点，处理后5个有效点
[INFO] [1754286937.949616496] [solver_node]: 当前位置: x=2.722, y=-1.515, angle=1.312
[INFO] [1754286937.951034727] [solver_node]: 激光距离数据: [1.48899996 5.74900007 5.08900023 4.29199982 4.28000021]
[INFO] [1754286937.952090631] [solver_node]: 垂直距离定位器返回 1 个解
[INFO] [1754286937.952759248] [solver_node]: 总共 1 个解
[INFO] [1754286937.953462619] [solver_node]: 无效解: x=0.000, y=0.000, 距离=3.115 > 阈值0.100
[WARN] [1754286937.954270604] [solver_node]: 没有满足距离要求的解
[WARN] [1754286937.955051484] [solver_node]: 没有合适的解，不发布TF变换
[INFO] [1754286937.956059321] [solver_node]: 收到5个激光点，处理后5个有效点
[INFO] [1754286937.959959399] [solver_node]: 当前位置: x=2.722, y=-1.515, angle=1.312
[INFO] [1754286937.961141552] [solver_node]: 激光距离数据: [1.48899996 5.74900007 5.08900023 4.29199982 4.28000021]
[INFO] [1754286937.962240659] [solver_node]: 垂直距离定位器返回 1 个解
[INFO] [1754286937.962898395] [solver_node]: 总共 1 个解
[INFO] [1754286937.963563523] [solver_node]: 无效解: x=0.000, y=0.000, 距离=3.115 > 阈值0.100
[WARN] [1754286937.964259342] [solver_node]: 没有满足距离要求的解
[WARN] [1754286937.964945432] [solver_node]: 没有合适的解，不发布TF变换
[INFO] [1754286937.966093310] [solver_node]: 收到5个激光点，处理后5个有效点
[INFO] [1754286937.970063600] [solver_node]: 当前位置: x=2.722, y=-1.515, angle=1.312
[INFO] [1754286937.971253849] [solver_node]: 激光距离数据: [1.48899996 5.74900007 5.08900023 4.29199982 4.28000021]
[INFO] [1754286937.972267254] [solver_node]: 垂直距离定位器返回 1 个解
[INFO] [1754286937.972903389] [solver_node]: 总共 1 个解
[INFO] [1754286937.973567206] [solver_node]: 无效解: x=0.000, y=0.000, 距离=3.115 > 阈值0.100
[WARN] [1754286937.974298770] [solver_node]: 没有满足距离要求的解
[WARN] [1754286937.975166951] [solver_node]: 没有合适的解，不发布TF变换
[INFO] [1754286937.976286988] [solver_node]: 收到5个激光点，处理后5个有效点
[INFO] [1754286937.989543668] [solver_node]: 发布静态变换: translation=(-0.000, -0.000, 0.0), 无旋转
[INFO] [1754286937.994529317] [solver_node]: 当前位置: x=2.723, y=-1.515, angle=1.312
[INFO] [1754286937.996814672] [solver_node]: 激光距离数据: [1.48899996 5.74900007 5.08900023 4.29199982 4.28000021]
[INFO] [1754286937.998214085] [solver_node]: 垂直距离定位器返回 1 个解
[INFO] [1754286937.999142078] [solver_node]: 总共 1 个解
[INFO] [1754286938.000011155] [solver_node]: 无效解: x=0.000, y=0.000, 距离=3.116 > 阈值0.100
[WARN] [1754286938.000902953] [solver_node]: 没有满足距离要求的解
[WARN] [1754286938.001804864] [solver_node]: 没有合适的解，不发布TF变换
[INFO] [1754286938.002980008] [solver_node]: 收到5个激光点，处理后5个有效点
[INFO] [1754286938.009725219] [solver_node]: 当前位置: x=2.724, y=-1.515, angle=1.312
[INFO] [1754286938.011041491] [solver_node]: 激光距离数据: [1.48899996 5.74900007 5.08900023 4.29199982 4.28000021]
[INFO] [1754286938.012304704] [solver_node]: 垂直距离定位器返回 1 个解
[INFO] [1754286938.013011435] [solver_node]: 总共 1 个解
[INFO] [1754286938.013752793] [solver_node]: 无效解: x=0.000, y=0.000, 距离=3.117 > 阈值0.100
[WARN] [1754286938.014528584] [solver_node]: 没有满足距离要求的解
[WARN] [1754286938.015327961] [solver_node]: 没有合适的解，不发布TF变换
[INFO] [1754286938.016307540] [solver_node]: 收到5个激光点，处理后5个有效点
[INFO] [1754286938.020447633] [solver_node]: 当前位置: x=2.724, y=-1.515, angle=1.312
[INFO] [1754286938.022106134] [solver_node]: 激光距离数据: [1.48899996 5.74900007 5.08900023 4.29199982 4.28000021]
[INFO] [1754286938.023342817] [solver_node]: 垂直距离定位器返回 1 个解
[INFO] [1754286938.024238552] [solver_node]: 总共 1 个解
[INFO] [1754286938.040161346] [solver_node]: 无效解: x=0.000, y=0.000, 距离=3.117 > 阈值0.100
[WARN] [1754286938.041129053] [solver_node]: 没有满足距离要求的解
[WARN] [1754286938.041908877] [solver_node]: 没有合适的解，不发布TF变换
[INFO] [1754286938.044856608] [solver_node]: 收到5个激光点，处理后5个有效点
[INFO] [1754286938.057840567] [solver_node]: 收到5个激光点，处理后5个有效点
[INFO] [1754286938.075096403] [solver_node]: 收到5个激光点，处理后5个有效点
[INFO] [1754286938.100382232] [solver_node]: 当前位置: x=2.728, y=-1.515, angle=1.313
[INFO] [1754286938.102353488] [solver_node]: 激光距离数据: [1.48899996 5.74900007 5.08900023 4.29199982 4.28000021]
[INFO] [1754286938.115342184] [solver_node]: 垂直距离定位器返回 1 个解
[INFO] [1754286938.121064293] [solver_node]: 发布静态变换: translation=(-0.000, -0.000, 0.0), 无旋转
[INFO] [1754286938.142497279] [solver_node]: 总共 1 个解
[INFO] [1754286938.148513229] [solver_node]: 无效解: x=0.000, y=0.000, 距离=3.121 > 阈值0.100
[WARN] [1754286938.153386230] [solver_node]: 没有满足距离要求的解
[WARN] [1754286938.157240193] [solver_node]: 没有合适的解，不发布TF变换
[INFO] [1754286938.160255417] [solver_node]: 收到5个激光点，处理后5个有效点
[INFO] [1754286938.171163826] [solver_node]: 当前位置: x=2.735, y=-1.527, angle=1.311
[INFO] [1754286938.175389651] [solver_node]: 激光距离数据: [1.48899996 5.74900007 5.08900023 4.29199982 4.28000021]
[INFO] [1754286938.178773249] [solver_node]: 垂直距离定位器返回 1 个解
[INFO] [1754286938.181878847] [solver_node]: 总共 1 个解
[INFO] [1754286938.184243119] [solver_node]: 无效解: x=0.000, y=0.000, 距离=3.133 > 阈值0.100
[WARN] [1754286938.190372420] [solver_node]: 没有满足距离要求的解
[WARN] [1754286938.193671853] [solver_node]: 没有合适的解，不发布TF变换
[INFO] [1754286938.197861965] [solver_node]: 收到5个激光点，处理后5个有效点
[INFO] [1754286938.240976208] [solver_node]: 发布静态变换: translation=(-0.000, -0.000, 0.0), 无旋转
[INFO] [1754286938.248556926] [solver_node]: 当前位置: x=2.736, y=-1.515, angle=1.314
[INFO] [1754286938.252617174] [solver_node]: 激光距离数据: [1.48899996 5.74900007 5.08900023 4.29199982 4.28000021]
[INFO] [1754286938.256090377] [solver_node]: 垂直距离定位器返回 1 个解
[INFO] [1754286938.258966937] [solver_node]: 总共 1 个解
[INFO] [1754286938.261399181] [solver_node]: 无效解: x=0.000, y=0.000, 距离=3.127 > 阈值0.100
[WARN] [1754286938.264966886] [solver_node]: 没有满足距离要求的解
[WARN] [1754286938.267800627] [solver_node]: 没有合适的解，不发布TF变换
[INFO] [1754286938.279658726] [solver_node]: 收到5个激光点，处理后5个有效点
[INFO] [1754286938.289399351] [solver_node]: 当前位置: x=2.736, y=-1.515, angle=1.314
[INFO] [1754286938.296044428] [solver_node]: 发布静态变换: translation=(-0.000, -0.000, 0.0), 无旋转
[INFO] [1754286938.317686387] [solver_node]: 激光距离数据: [1.48899996 5.74900007 5.08900023 4.29199982 4.28000021]
[INFO] [1754286938.339468003] [solver_node]: 垂直距离定位器返回 1 个解
[INFO] [1754286938.354063516] [solver_node]: 总共 1 个解
[INFO] [1754286938.354974676] [solver_node]: 无效解: x=0.000, y=0.000, 距离=3.127 > 阈值0.100
[WARN] [1754286938.356222240] [solver_node]: 没有满足距离要求的解
[WARN] [1754286938.357246174] [solver_node]: 没有合适的解，不发布TF变换
[INFO] [1754286938.358295294] [solver_node]: 收到5个激光点，处理后5个有效点
[INFO] [1754286938.361359705] [solver_node]: 收到5个激光点，处理后5个有效点
[INFO] [1754286938.364007802] [solver_node]: 收到5个激光点，处理后5个有效点
[INFO] [1754286938.368979273] [solver_node]: 收到5个激光点，处理后5个有效点
[INFO] [1754286938.373048257] [solver_node]: 当前位置: x=2.738, y=-1.515, angle=1.312
[INFO] [1754286938.375187683] [solver_node]: 激光距离数据: [1.48899996 5.74900007 5.08900023 4.29199982 4.28000021]
[INFO] [1754286938.376945839] [solver_node]: 垂直距离定位器返回 1 个解
[INFO] [1754286938.378040017] [solver_node]: 总共 1 个解
[INFO] [1754286938.379024493] [solver_node]: 无效解: x=0.000, y=0.000, 距离=3.129 > 阈值0.100
[WARN] [1754286938.380279578] [solver_node]: 没有满足距离要求的解
[WARN] [1754286938.381276663] [solver_node]: 没有合适的解，不发布TF变换
[INFO] [1754286938.382216272] [solver_node]: 收到5个激光点，处理后5个有效点
[INFO] [1754286938.387929068] [solver_node]: 发布静态变换: translation=(-0.000, -0.000, 0.0), 无旋转
[INFO] [1754286938.392198544] [solver_node]: 当前位置: x=2.736, y=-1.515, angle=1.312
[INFO] [1754286938.393640296] [solver_node]: 激光距离数据: [1.48899996 5.74900007 5.08900023 4.29199982 4.28000021]
[INFO] [1754286938.394996571] [solver_node]: 垂直距离定位器返回 1 个解
[INFO] [1754286938.395800972] [solver_node]: 总共 1 个解
[INFO] [1754286938.396618910] [solver_node]: 无效解: x=0.000, y=0.000, 距离=3.128 > 阈值0.100
[WARN] [1754286938.397373740] [solver_node]: 没有满足距离要求的解
[WARN] [1754286938.398324358] [solver_node]: 没有合适的解，不发布TF变换
[INFO] [1754286938.399378630] [solver_node]: 收到5个激光点，处理后5个有效点
[INFO] [1754286938.402554215] [solver_node]: 收到5个激光点，处理后5个有效点
[INFO] [1754286938.404986492] [solver_node]: 收到5个激光点，处理后5个有效点
[INFO] [1754286938.407123582] [solver_node]: 收到5个激光点，处理后5个有效点
[INFO] [1754286938.413583495] [solver_node]: 收到5个激光点，处理后5个有效点
[INFO] [1754286938.426114051] [solver_node]: 当前位置: x=2.743, y=-1.516, angle=1.313
[INFO] [1754286938.428790566] [solver_node]: 激光距离数据: [1.48899996 5.74900007 5.08900023 4.29199982 4.28000021]
[INFO] [1754286938.430015441] [solver_node]: 垂直距离定位器返回 1 个解
[INFO] [1754286938.431797213] [solver_node]: 总共 1 个解
[INFO] [1754286938.433124014] [solver_node]: 无效解: x=0.000, y=0.000, 距离=3.134 > 阈值0.100
[WARN] [1754286938.441449898] [solver_node]: 没有满足距离要求的解
[WARN] [1754286938.446011104] [solver_node]: 没有合适的解，不发布TF变换
[INFO] [1754286938.456286642] [solver_node]: 收到5个激光点，处理后5个有效点
[INFO] [1754286938.464905151] [solver_node]: 当前位置: x=2.740, y=-1.507, angle=1.313
[INFO] [1754286938.467701130] [solver_node]: 激光距离数据: [1.48899996 5.74900007 5.08900023 4.29199982 4.28000021]
[INFO] [1754286938.470177312] [solver_node]: 垂直距离定位器返回 1 个解
[INFO] [1754286938.470901325] [solver_node]: 总共 1 个解
[INFO] [1754286938.473822463] [solver_node]: 无效解: x=0.000, y=0.000, 距离=3.128 > 阈值0.100
[WARN] [1754286938.474623599] [solver_node]: 没有满足距离要求的解
[WARN] [1754286938.475646574] [solver_node]: 没有合适的解，不发布TF变换
[INFO] [1754286938.480053402] [solver_node]: 收到5个激光点，处理后5个有效点
[INFO] [1754286938.490131264] [solver_node]: 发布静态变换: translation=(-0.000, -0.000, 0.0), 无旋转
[INFO] [1754286938.492229344] [solver_node]: 当前位置: x=2.740, y=-1.507, angle=1.313
[INFO] [1754286938.493694618] [solver_node]: 激光距离数据: [1.48899996 5.74900007 5.08900023 4.29199982 4.28000021]
[INFO] [1754286938.494591696] [solver_node]: 垂直距离定位器返回 1 个解
[INFO] [1754286938.495824475] [solver_node]: 总共 1 个解
[INFO] [1754286938.496510277] [solver_node]: 无效解: x=0.000, y=0.000, 距离=3.128 > 阈值0.100
[WARN] [1754286938.503621751] [solver_node]: 没有满足距离要求的解
[WARN] [1754286938.508201710] [solver_node]: 没有合适的解，不发布TF变换
[INFO] [1754286938.509287280] [solver_node]: 收到5个激光点，处理后5个有效点
[INFO] [1754286938.513242017] [solver_node]: 当前位置: x=2.740, y=-1.507, angle=1.313
[INFO] [1754286938.515629298] [solver_node]: 激光距离数据: [1.48899996 5.74900007 5.08900023 4.29199982 4.28000021]
[INFO] [1754286938.517437505] [solver_node]: 垂直距离定位器返回 1 个解
[INFO] [1754286938.519368950] [solver_node]: 总共 1 个解
[INFO] [1754286938.520911380] [solver_node]: 无效解: x=0.000, y=0.000, 距离=3.127 > 阈值0.100
[WARN] [1754286938.522642974] [solver_node]: 没有满足距离要求的解
[WARN] [1754286938.524197565] [solver_node]: 没有合适的解，不发布TF变换
[INFO] [1754286938.525816575] [solver_node]: 收到5个激光点，处理后5个有效点
[INFO] [1754286938.530239021] [solver_node]: 收到5个激光点，处理后5个有效点
[INFO] [1754286938.535147416] [solver_node]: 收到5个激光点，处理后5个有效点
[INFO] [1754286938.540260848] [solver_node]: 当前位置: x=2.722, y=-1.505, angle=1.312
[INFO] [1754286938.542708325] [solver_node]: 激光距离数据: [1.48899996 5.74900007 5.08900023 4.29199982 4.28000021]
[INFO] [1754286938.544550357] [solver_node]: 垂直距离定位器返回 1 个解
[INFO] [1754286938.546068209] [solver_node]: 总共 1 个解
[INFO] [1754286938.547548428] [solver_node]: 无效解: x=0.000, y=0.000, 距离=3.111 > 阈值0.100
[WARN] [1754286938.549301911] [solver_node]: 没有满足距离要求的解
[WARN] [1754286938.550782641] [solver_node]: 没有合适的解，不发布TF变换
[INFO] [1754286938.552273452] [solver_node]: 收到5个激光点，处理后5个有效点
[INFO] [1754286938.556330371] [solver_node]: 当前位置: x=2.713, y=-1.507, angle=1.313
[INFO] [1754286938.560078439] [solver_node]: 激光距离数据: [1.48899996 5.74900007 5.08900023 4.29199982 4.28000021]
[INFO] [1754286938.562035487] [solver_node]: 垂直距离定位器返回 1 个解
[INFO] [1754286938.563552123] [solver_node]: 总共 1 个解
[INFO] [1754286938.564980498] [solver_node]: 无效解: x=0.000, y=0.000, 距离=3.103 > 阈值0.100
[WARN] [1754286938.566721564] [solver_node]: 没有满足距离要求的解
[WARN] [1754286938.568287740] [solver_node]: 没有合适的解，不发布TF变换
[INFO] [1754286938.569874364] [solver_node]: 收到5个激光点，处理后5个有效点
[INFO] [1754286938.572733098] [solver_node]: 收到5个激光点，处理后5个有效点
[INFO] [1754286938.575063704] [solver_node]: 收到5个激光点，处理后5个有效点
[INFO] [1754286938.581616104] [solver_node]: 发布静态变换: translation=(-0.000, -0.000, 0.0), 无旋转
[INFO] [1754286938.587084757] [solver_node]: 当前位置: x=2.716, y=-1.506, angle=1.312
[INFO] [1754286938.589575757] [solver_node]: 激光距离数据: [1.48899996 5.74900007 5.08900023 4.29199982 4.28000021]
[INFO] [1754286938.591440895] [solver_node]: 垂直距离定位器返回 1 个解
[INFO] [1754286938.592911704] [solver_node]: 总共 1 个解
[INFO] [1754286938.594544284] [solver_node]: 无效解: x=0.000, y=0.000, 距离=3.106 > 阈值0.100
[WARN] [1754286938.596165118] [solver_node]: 没有满足距离要求的解
[WARN] [1754286938.597767552] [solver_node]: 没有合适的解，不发布TF变换
[INFO] [1754286938.599434278] [solver_node]: 收到5个激光点，处理后5个有效点
[INFO] [1754286938.602586598] [solver_node]: 收到5个激光点，处理后5个有效点
[INFO] [1754286938.604885426] [solver_node]: 收到5个激光点，处理后5个有效点
[INFO] [1754286938.609860513] [solver_node]: 收到5个激光点，处理后5个有效点
[INFO] [1754286938.637833386] [solver_node]: 当前位置: x=2.724, y=-1.511, angle=1.313
[INFO] [1754286938.640496172] [solver_node]: 激光距离数据: [1.48899996 5.74900007 5.08900023 4.29199982 4.28000021]
[INFO] [1754286938.642371294] [solver_node]: 垂直距离定位器返回 1 个解
[INFO] [1754286938.644083943] [solver_node]: 总共 1 个解
[INFO] [1754286938.645648102] [solver_node]: 无效解: x=0.000, y=0.000, 距离=3.115 > 阈值0.100
[WARN] [1754286938.647269481] [solver_node]: 没有满足距离要求的解
[WARN] [1754286938.651636339] [solver_node]: 没有合适的解，不发布TF变换
[INFO] [1754286938.653801079] [solver_node]: 收到5个激光点，处理后5个有效点
[INFO] [1754286938.657392082] [solver_node]: 收到5个激光点，处理后5个有效点
[INFO] [1754286938.660951819] [solver_node]: 收到5个激光点，处理后5个有效点
[INFO] [1754286938.664393148] [solver_node]: 当前位置: x=2.724, y=-1.512, angle=1.313
[INFO] [1754286938.666845010] [solver_node]: 激光距离数据: [1.48899996 5.74900007 5.08900023 4.29199982 4.28000021]
[INFO] [1754286938.668614846] [solver_node]: 垂直距离定位器返回 1 个解
[INFO] [1754286938.670205535] [solver_node]: 总共 1 个解
[INFO] [1754286938.671643222] [solver_node]: 无效解: x=0.000, y=0.000, 距离=3.116 > 阈值0.100
[WARN] [1754286938.673048684] [solver_node]: 没有满足距离要求的解
[WARN] [1754286938.674419776] [solver_node]: 没有合适的解，不发布TF变换
[INFO] [1754286938.852185425] [solver_node]: 收到5个激光点，处理后5个有效点
[INFO] [1754286938.861959493] [solver_node]: 发布静态变换: translation=(-0.000, -0.000, 0.0), 无旋转
[INFO] [1754286938.865594274] [solver_node]: 当前位置: x=2.726, y=-1.512, angle=1.312
[INFO] [1754286938.866932532] [solver_node]: 激光距离数据: [1.48899996 5.74900007 5.08900023 4.29199982 4.28000021]
[INFO] [1754286938.867807625] [solver_node]: 垂直距离定位器返回 1 个解
[INFO] [1754286938.868459185] [solver_node]: 总共 1 个解
[INFO] [1754286938.869133818] [solver_node]: 无效解: x=0.000, y=0.000, 距离=3.117 > 阈值0.100
[WARN] [1754286938.869900041] [solver_node]: 没有满足距离要求的解
[WARN] [1754286938.870591859] [solver_node]: 没有合适的解，不发布TF变换
[INFO] [1754286938.871797052] [solver_node]: 收到5个激光点，处理后5个有效点
[INFO] [1754286938.887595039] [solver_node]: 当前位置: x=2.736, y=-1.526, angle=1.312
[INFO] [1754286938.893304059] [solver_node]: 激光距离数据: [1.48899996 5.74900007 5.08900023 4.29199982 4.28000021]
[INFO] [1754286938.895306229] [solver_node]: 垂直距离定位器返回 1 个解
[INFO] [1754286938.897616418] [solver_node]: 总共 1 个解
[INFO] [1754286938.898999094] [solver_node]: 无效解: x=0.000, y=0.000, 距离=3.133 > 阈值0.100
[WARN] [1754286938.900947085] [solver_node]: 没有满足距离要求的解
[WARN] [1754286938.901729628] [solver_node]: 没有合适的解，不发布TF变换
[INFO] [1754286938.905229138] [solver_node]: 收到5个激光点，处理后5个有效点
[INFO] [1754286938.912881220] [solver_node]: 发布静态变换: translation=(-0.000, -0.000, 0.0), 无旋转
[INFO] [1754286938.915828536] [solver_node]: 当前位置: x=2.737, y=-1.525, angle=1.312
[INFO] [1754286938.917127207] [solver_node]: 激光距离数据: [1.48899996 5.74900007 5.08900023 4.29199982 4.28000021]
[INFO] [1754286938.918062912] [solver_node]: 垂直距离定位器返回 1 个解
[INFO] [1754286938.918869169] [solver_node]: 总共 1 个解
[INFO] [1754286938.920078363] [solver_node]: 无效解: x=0.000, y=0.000, 距离=3.133 > 阈值0.100
[WARN] [1754286938.920888684] [solver_node]: 没有满足距离要求的解
[WARN] [1754286938.921701790] [solver_node]: 没有合适的解，不发布TF变换
[INFO] [1754286938.922683193] [solver_node]: 收到5个激光点，处理后5个有效点
[INFO] [1754286938.926784275] [solver_node]: 收到5个激光点，处理后5个有效点
[INFO] [1754286938.946443809] [solver_node]: 当前位置: x=2.734, y=-1.523, angle=1.312
[INFO] [1754286938.971837197] [solver_node]: 激光距离数据: [1.48899996 5.74900007 5.08900023 4.29199982 4.28000021]
[INFO] [1754286938.986656820] [solver_node]: 垂直距离定位器返回 1 个解
[INFO] [1754286938.996003310] [solver_node]: 总共 1 个解
[INFO] [1754286939.008509992] [solver_node]: 无效解: x=0.000, y=0.000, 距离=3.130 > 阈值0.100
[WARN] [1754286939.021171722] [solver_node]: 没有满足距离要求的解
[WARN] [1754286939.022082690] [solver_node]: 没有合适的解，不发布TF变换
[INFO] [1754286939.024400847] [solver_node]: 收到5个激光点，处理后5个有效点
[INFO] [1754286939.030097578] [solver_node]: 发布静态变换: translation=(-0.000, -0.000, 0.0), 无旋转
[INFO] [1754286939.032925238] [solver_node]: 当前位置: x=2.759, y=-1.514, angle=1.310
[INFO] [1754286939.034147616] [solver_node]: 激光距离数据: [1.48899996 5.74900007 5.08900023 4.29199982 4.28000021]
[INFO] [1754286939.035078617] [solver_node]: 垂直距离定位器返回 1 个解
[INFO] [1754286939.035730945] [solver_node]: 总共 1 个解
[INFO] [1754286939.036438156] [solver_node]: 无效解: x=0.000, y=0.000, 距离=3.147 > 阈值0.100
[WARN] [1754286939.037176121] [solver_node]: 没有满足距离要求的解
[WARN] [1754286939.037940103] [solver_node]: 没有合适的解，不发布TF变换
[INFO] [1754286939.038871072] [solver_node]: 收到5个激光点，处理后5个有效点
[INFO] [1754286939.041753007] [solver_node]: 收到5个激光点，处理后5个有效点
[INFO] [1754286939.043698406] [solver_node]: 收到5个激光点，处理后5个有效点
[INFO] [1754286939.045732641] [solver_node]: 当前位置: x=2.760, y=-1.514, angle=1.311
[INFO] [1754286939.046890408] [solver_node]: 激光距离数据: [1.48899996 5.74900007 5.08900023 4.29199982 4.28000021]
[INFO] [1754286939.047715834] [solver_node]: 垂直距离定位器返回 1 个解
[INFO] [1754286939.048345377] [solver_node]: 总共 1 个解
[INFO] [1754286939.049008521] [solver_node]: 无效解: x=0.000, y=0.000, 距离=3.148 > 阈值0.100
[WARN] [1754286939.049740181] [solver_node]: 没有满足距离要求的解
[WARN] [1754286939.050458497] [solver_node]: 没有合适的解，不发布TF变换
[INFO] [1754286939.065776326] [solver_node]: 收到5个激光点，处理后5个有效点
[INFO] [1754286939.073388149] [solver_node]: 收到5个激光点，处理后5个有效点
[INFO] [1754286939.076041111] [solver_node]: 收到5个激光点，处理后5个有效点
[INFO] [1754286939.086842248] [solver_node]: 发布静态变换: translation=(-0.000, -0.000, 0.0), 无旋转
[INFO] [1754286939.109647732] [solver_node]: 当前位置: x=2.766, y=-1.518, angle=1.312
[INFO] [1754286939.117138716] [solver_node]: 激光距离数据: [1.48899996 5.74900007 5.08900023 4.29199982 4.28000021]
[INFO] [1754286939.122718736] [solver_node]: 垂直距离定位器返回 1 个解
[INFO] [1754286939.127069113] [solver_node]: 总共 1 个解
[INFO] [1754286939.130170038] [solver_node]: 无效解: x=0.000, y=0.000, 距离=3.155 > 阈值0.100
[WARN] [1754286939.134284816] [solver_node]: 没有满足距离要求的解
[WARN] [1754286939.140955366] [solver_node]: 没有合适的解，不发布TF变换
[INFO] [1754286939.144472508] [solver_node]: 收到5个激光点，处理后5个有效点
[INFO] [1754286939.150972648] [solver_node]: 收到5个激光点，处理后5个有效点
[INFO] [1754286939.158324264] [solver_node]: 收到5个激光点，处理后5个有效点
[INFO] [1754286939.177692195] [solver_node]: 当前位置: x=2.761, y=-1.518, angle=1.312
[INFO] [1754286939.183004646] [solver_node]: 激光距离数据: [1.48899996 5.74900007 5.08900023 4.29199982 4.28000021]
[INFO] [1754286939.184627625] [solver_node]: 垂直距离定位器返回 1 个解
[INFO] [1754286939.185428986] [solver_node]: 总共 1 个解
[INFO] [1754286939.205276978] [solver_node]: 无效解: x=0.000, y=0.000, 距离=3.150 > 阈值0.100
[WARN] [1754286939.210086135] [solver_node]: 没有满足距离要求的解
[WARN] [1754286939.213082733] [solver_node]: 没有合适的解，不发布TF变换
[INFO] [1754286939.214275958] [solver_node]: 收到5个激光点，处理后5个有效点
[INFO] [1754286939.221830529] [solver_node]: 发布静态变换: translation=(-0.000, -0.000, 0.0), 无旋转
[INFO] [1754286939.225552804] [solver_node]: 收到5个激光点，处理后5个有效点
[INFO] [1754286939.243490792] [solver_node]: 当前位置: x=2.752, y=-1.514, angle=1.313
[INFO] [1754286939.246268689] [solver_node]: 激光距离数据: [1.48899996 5.74900007 5.08900023 4.29199982 4.28000021]
[INFO] [1754286939.248426292] [solver_node]: 垂直距离定位器返回 1 个解
[INFO] [1754286939.249617789] [solver_node]: 总共 1 个解
[INFO] [1754286939.250519220] [solver_node]: 无效解: x=0.000, y=0.000, 距离=3.141 > 阈值0.100
[WARN] [1754286939.251688027] [solver_node]: 没有满足距离要求的解
[WARN] [1754286939.252785694] [solver_node]: 没有合适的解，不发布TF变换
[INFO] [1754286939.254127184] [solver_node]: 收到5个激光点，处理后5个有效点
[INFO] [1754286939.257797647] [solver_node]: 收到5个激光点，处理后5个有效点
[INFO] [1754286939.261411819] [solver_node]: 收到5个激光点，处理后5个有效点
[INFO] [1754286939.263907331] [solver_node]: 收到5个激光点，处理后5个有效点
[INFO] [1754286939.266268179] [solver_node]: 收到5个激光点，处理后5个有效点
[INFO] [1754286939.271178814] [solver_node]: 当前位置: x=2.765, y=-1.513, angle=1.310
[INFO] [1754286939.272622421] [solver_node]: 激光距离数据: [1.48899996 5.74900007 5.08900023 4.29199982 4.28000021]
[INFO] [1754286939.275698449] [solver_node]: 垂直距离定位器返回 1 个解
[INFO] [1754286939.276555365] [solver_node]: 总共 1 个解
[INFO] [1754286939.277292626] [solver_node]: 无效解: x=0.000, y=0.000, 距离=3.152 > 阈值0.100
[WARN] [1754286939.278361363] [solver_node]: 没有满足距离要求的解
[WARN] [1754286939.279151971] [solver_node]: 没有合适的解，不发布TF变换
