[INFO] [1753424706.370318563] [solver_node]: [Case1BatchSolver] Case1BatchSolver初始化完成: 场地尺寸: 9.998x8.0, 容差: 0.001
[INFO] [1753424706.371300508] [solver_node]: [Case3BatchSolver] Case3BatchSolver初始化完成: 场地尺寸: 9.998x8.0, 容差: 0.001
[INFO] [1753424706.372190162] [solver_node]: [PoseSolver] PoseSolver初始化完成: 场地(9.998x8.0), 4个激光
[INFO] [1753424706.613783489] [solver_node]: 数据详情:
- 第一个元素类型: <class 'float'>
- 整个数组类型: <class 'array.array'>
- 数组长度: 4
- 示例值: array('f', [0.0, 4.665999889373779, 3.7869999408721924, 5.369999885559082])
[INFO] [1753424706.615463467] [solver_node]: 调用求解器前，distances shape: (4,), values: [       nan 4.66599989 3.78699994 5.36999989]
[INFO] [1753424706.619935388] [solver_node]: [PoseSolver] 第0个组合有4个有效解
[INFO] [1753424706.621583302] [solver_node]: [PoseSolver] 处理完第0个组合后的筛选结果:
[INFO] [1753424706.622493085] [solver_node]: [PoseSolver] 排序后的最终筛选结果:
[INFO] [1753424706.623275857] [solver_node]: [PoseSolver] 找到4个完美相容解 (相容数=N)
[INFO] [1753424706.624447630] [solver_node]: 求解器返回结果: [((4.226770858078017, 4.2287708580780174), (3.373876759570993, 3.3758767595709926), -0.9972858023302216), ((4.003892498399789, 4.005892498399789), (3.370604671000826, 3.372604671000826), -2.224233295800749), ((5.769229141921982, 5.7712291419219826), (4.624123240429007, 4.626123240429008), 2.1443068512595715), ((5.99210750160021, 5.994107501600211), (4.627395328999174, 4.629395328999174), 0.9173593577890439)]
[INFO] [1753424706.679820931] [solver_node]: 数据详情:
- 第一个元素类型: <class 'float'>
- 整个数组类型: <class 'array.array'>
- 数组长度: 4
- 示例值: array('f', [0.0, 4.665999889373779, 3.7869999408721924, 5.369999885559082])
[INFO] [1753424706.681268264] [solver_node]: 调用求解器前，distances shape: (4,), values: [       nan 4.66599989 3.78699994 5.36999989]
[INFO] [1753424706.684325429] [solver_node]: [PoseSolver] 第0个组合有4个有效解
[INFO] [1753424706.685121289] [solver_node]: [PoseSolver] 处理完第0个组合后的筛选结果:
[INFO] [1753424706.685820922] [solver_node]: [PoseSolver] 排序后的最终筛选结果:
[INFO] [1753424706.686507852] [solver_node]: [PoseSolver] 找到4个完美相容解 (相容数=N)
[INFO] [1753424706.687235678] [solver_node]: 求解器返回结果: [((4.226770858078017, 4.2287708580780174), (3.373876759570993, 3.3758767595709926), -0.9972858023302216), ((4.003892498399789, 4.005892498399789), (3.370604671000826, 3.372604671000826), -2.224233295800749), ((5.769229141921982, 5.7712291419219826), (4.624123240429007, 4.626123240429008), 2.1443068512595715), ((5.99210750160021, 5.994107501600211), (4.627395328999174, 4.629395328999174), 0.9173593577890439)]
[INFO] [1753424706.784056553] [solver_node]: 数据详情:
- 第一个元素类型: <class 'float'>
- 整个数组类型: <class 'array.array'>
- 数组长度: 4
- 示例值: array('f', [0.0, 4.665999889373779, 3.7869999408721924, 5.369999885559082])
[INFO] [1753424706.786434981] [solver_node]: 调用求解器前，distances shape: (4,), values: [       nan 4.66599989 3.78699994 5.36999989]
[INFO] [1753424706.790613774] [solver_node]: [PoseSolver] 第0个组合有4个有效解
[INFO] [1753424706.791507813] [solver_node]: [PoseSolver] 处理完第0个组合后的筛选结果:
[INFO] [1753424706.792230679] [solver_node]: [PoseSolver] 排序后的最终筛选结果:
[INFO] [1753424706.792948361] [solver_node]: [PoseSolver] 找到4个完美相容解 (相容数=N)
[INFO] [1753424706.793686908] [solver_node]: 求解器返回结果: [((4.226770858078017, 4.2287708580780174), (3.373876759570993, 3.3758767595709926), -0.9972858023302216), ((4.003892498399789, 4.005892498399789), (3.370604671000826, 3.372604671000826), -2.224233295800749), ((5.769229141921982, 5.7712291419219826), (4.624123240429007, 4.626123240429008), 2.1443068512595715), ((5.99210750160021, 5.994107501600211), (4.627395328999174, 4.629395328999174), 0.9173593577890439)]
[INFO] [1753424706.879385550] [solver_node]: 数据详情:
- 第一个元素类型: <class 'float'>
- 整个数组类型: <class 'array.array'>
- 数组长度: 4
- 示例值: array('f', [0.0, 4.665999889373779, 3.7869999408721924, 5.369999885559082])
[INFO] [1753424706.881192411] [solver_node]: 调用求解器前，distances shape: (4,), values: [       nan 4.66599989 3.78699994 5.36999989]
[INFO] [1753424706.884847223] [solver_node]: [PoseSolver] 第0个组合有4个有效解
[INFO] [1753424706.885922290] [solver_node]: [PoseSolver] 处理完第0个组合后的筛选结果:
[INFO] [1753424706.886883243] [solver_node]: [PoseSolver] 排序后的最终筛选结果:
[INFO] [1753424706.887764673] [solver_node]: [PoseSolver] 找到4个完美相容解 (相容数=N)
[INFO] [1753424706.888527572] [solver_node]: 求解器返回结果: [((4.226770858078017, 4.2287708580780174), (3.373876759570993, 3.3758767595709926), -0.9972858023302216), ((4.003892498399789, 4.005892498399789), (3.370604671000826, 3.372604671000826), -2.224233295800749), ((5.769229141921982, 5.7712291419219826), (4.624123240429007, 4.626123240429008), 2.1443068512595715), ((5.99210750160021, 5.994107501600211), (4.627395328999174, 4.629395328999174), 0.9173593577890439)]
[INFO] [1753424706.979835156] [solver_node]: 数据详情:
- 第一个元素类型: <class 'float'>
- 整个数组类型: <class 'array.array'>
- 数组长度: 4
- 示例值: array('f', [0.0, 4.665999889373779, 3.7869999408721924, 5.369999885559082])
[INFO] [1753424706.982082636] [solver_node]: 调用求解器前，distances shape: (4,), values: [       nan 4.66599989 3.78699994 5.36999989]
[INFO] [1753424706.985859788] [solver_node]: [PoseSolver] 第0个组合有4个有效解
[INFO] [1753424706.986999784] [solver_node]: [PoseSolver] 处理完第0个组合后的筛选结果:
[INFO] [1753424706.987788732] [solver_node]: [PoseSolver] 排序后的最终筛选结果:
[INFO] [1753424706.988520751] [solver_node]: [PoseSolver] 找到4个完美相容解 (相容数=N)
[INFO] [1753424706.989397989] [solver_node]: 求解器返回结果: [((4.226770858078017, 4.2287708580780174), (3.373876759570993, 3.3758767595709926), -0.9972858023302216), ((4.003892498399789, 4.005892498399789), (3.370604671000826, 3.372604671000826), -2.224233295800749), ((5.769229141921982, 5.7712291419219826), (4.624123240429007, 4.626123240429008), 2.1443068512595715), ((5.99210750160021, 5.994107501600211), (4.627395328999174, 4.629395328999174), 0.9173593577890439)]
[INFO] [1753424707.079452165] [solver_node]: 数据详情:
- 第一个元素类型: <class 'float'>
- 整个数组类型: <class 'array.array'>
- 数组长度: 4
- 示例值: array('f', [0.0, 4.665999889373779, 3.7869999408721924, 5.369999885559082])
[INFO] [1753424707.080914154] [solver_node]: 调用求解器前，distances shape: (4,), values: [       nan 4.66599989 3.78699994 5.36999989]
[INFO] [1753424707.083999000] [solver_node]: [PoseSolver] 第0个组合有4个有效解
[INFO] [1753424707.084811436] [solver_node]: [PoseSolver] 处理完第0个组合后的筛选结果:
[INFO] [1753424707.085528862] [solver_node]: [PoseSolver] 排序后的最终筛选结果:
[INFO] [1753424707.086246288] [solver_node]: [PoseSolver] 找到4个完美相容解 (相容数=N)
[INFO] [1753424707.087005763] [solver_node]: 求解器返回结果: [((4.226770858078017, 4.2287708580780174), (3.373876759570993, 3.3758767595709926), -0.9972858023302216), ((4.003892498399789, 4.005892498399789), (3.370604671000826, 3.372604671000826), -2.224233295800749), ((5.769229141921982, 5.7712291419219826), (4.624123240429007, 4.626123240429008), 2.1443068512595715), ((5.99210750160021, 5.994107501600211), (4.627395328999174, 4.629395328999174), 0.9173593577890439)]
[INFO] [1753424707.180652414] [solver_node]: 数据详情:
- 第一个元素类型: <class 'float'>
- 整个数组类型: <class 'array.array'>
- 数组长度: 4
- 示例值: array('f', [0.0, 4.665999889373779, 3.7869999408721924, 5.369999885559082])
[INFO] [1753424707.183691115] [solver_node]: 调用求解器前，distances shape: (4,), values: [       nan 4.66599989 3.78699994 5.36999989]
[INFO] [1753424707.189790276] [solver_node]: [PoseSolver] 第0个组合有4个有效解
[INFO] [1753424707.190785630] [solver_node]: [PoseSolver] 处理完第0个组合后的筛选结果:
[INFO] [1753424707.192025917] [solver_node]: [PoseSolver] 排序后的最终筛选结果:
[INFO] [1753424707.192854834] [solver_node]: [PoseSolver] 找到4个完美相容解 (相容数=N)
[INFO] [1753424707.193713735] [solver_node]: 求解器返回结果: [((4.226770858078017, 4.2287708580780174), (3.373876759570993, 3.3758767595709926), -0.9972858023302216), ((4.003892498399789, 4.005892498399789), (3.370604671000826, 3.372604671000826), -2.224233295800749), ((5.769229141921982, 5.7712291419219826), (4.624123240429007, 4.626123240429008), 2.1443068512595715), ((5.99210750160021, 5.994107501600211), (4.627395328999174, 4.629395328999174), 0.9173593577890439)]
[INFO] [1753424707.279238965] [solver_node]: 数据详情:
- 第一个元素类型: <class 'float'>
- 整个数组类型: <class 'array.array'>
- 数组长度: 4
- 示例值: array('f', [0.0, 4.665999889373779, 3.7869999408721924, 5.369999885559082])
[INFO] [1753424707.280666553] [solver_node]: 调用求解器前，distances shape: (4,), values: [       nan 4.66599989 3.78699994 5.36999989]
[INFO] [1753424707.283755207] [solver_node]: [PoseSolver] 第0个组合有4个有效解
[INFO] [1753424707.284598460] [solver_node]: [PoseSolver] 处理完第0个组合后的筛选结果:
[INFO] [1753424707.285317838] [solver_node]: [PoseSolver] 排序后的最终筛选结果:
[INFO] [1753424707.286019648] [solver_node]: [PoseSolver] 找到4个完美相容解 (相容数=N)
[INFO] [1753424707.286780595] [solver_node]: 求解器返回结果: [((4.226770858078017, 4.2287708580780174), (3.373876759570993, 3.3758767595709926), -0.9972858023302216), ((4.003892498399789, 4.005892498399789), (3.370604671000826, 3.372604671000826), -2.224233295800749), ((5.769229141921982, 5.7712291419219826), (4.624123240429007, 4.626123240429008), 2.1443068512595715), ((5.99210750160021, 5.994107501600211), (4.627395328999174, 4.629395328999174), 0.9173593577890439)]
[INFO] [1753424707.380361036] [solver_node]: 数据详情:
- 第一个元素类型: <class 'float'>
- 整个数组类型: <class 'array.array'>
- 数组长度: 4
- 示例值: array('f', [0.0, 4.665999889373779, 3.7869999408721924, 5.369999885559082])
[INFO] [1753424707.383623998] [solver_node]: 调用求解器前，distances shape: (4,), values: [       nan 4.66599989 3.78699994 5.36999989]
[INFO] [1753424707.386923538] [solver_node]: [PoseSolver] 第0个组合有4个有效解
[INFO] [1753424707.387771271] [solver_node]: [PoseSolver] 处理完第0个组合后的筛选结果:
[INFO] [1753424707.388482105] [solver_node]: [PoseSolver] 排序后的最终筛选结果:
[INFO] [1753424707.389171978] [solver_node]: [PoseSolver] 找到4个完美相容解 (相容数=N)
[INFO] [1753424707.389895421] [solver_node]: 求解器返回结果: [((4.226770858078017, 4.2287708580780174), (3.373876759570993, 3.3758767595709926), -0.9972858023302216), ((4.003892498399789, 4.005892498399789), (3.370604671000826, 3.372604671000826), -2.224233295800749), ((5.769229141921982, 5.7712291419219826), (4.624123240429007, 4.626123240429008), 2.1443068512595715), ((5.99210750160021, 5.994107501600211), (4.627395328999174, 4.629395328999174), 0.9173593577890439)]
[INFO] [1753424707.479204490] [solver_node]: 数据详情:
- 第一个元素类型: <class 'float'>
- 整个数组类型: <class 'array.array'>
- 数组长度: 4
- 示例值: array('f', [0.0, 4.665999889373779, 3.7869999408721924, 5.369999885559082])
[INFO] [1753424707.480624718] [solver_node]: 调用求解器前，distances shape: (4,), values: [       nan 4.66599989 3.78699994 5.36999989]
[INFO] [1753424707.483741340] [solver_node]: [PoseSolver] 第0个组合有4个有效解
[INFO] [1753424707.484516912] [solver_node]: [PoseSolver] 处理完第0个组合后的筛选结果:
[INFO] [1753424707.485217506] [solver_node]: [PoseSolver] 排序后的最终筛选结果:
[INFO] [1753424707.486006709] [solver_node]: [PoseSolver] 找到4个完美相容解 (相容数=N)
[INFO] [1753424707.486767145] [solver_node]: 求解器返回结果: [((4.226770858078017, 4.2287708580780174), (3.373876759570993, 3.3758767595709926), -0.9972858023302216), ((4.003892498399789, 4.005892498399789), (3.370604671000826, 3.372604671000826), -2.224233295800749), ((5.769229141921982, 5.7712291419219826), (4.624123240429007, 4.626123240429008), 2.1443068512595715), ((5.99210750160021, 5.994107501600211), (4.627395328999174, 4.629395328999174), 0.9173593577890439)]
[INFO] [1753424707.579284615] [solver_node]: 数据详情:
- 第一个元素类型: <class 'float'>
- 整个数组类型: <class 'array.array'>
- 数组长度: 4
- 示例值: array('f', [0.0, 4.665999889373779, 3.7869999408721924, 5.369999885559082])
[INFO] [1753424707.581728324] [solver_node]: 调用求解器前，distances shape: (4,), values: [       nan 4.66599989 3.78699994 5.36999989]
[INFO] [1753424707.589112735] [solver_node]: [PoseSolver] 第0个组合有4个有效解
[INFO] [1753424707.590142713] [solver_node]: [PoseSolver] 处理完第0个组合后的筛选结果:
[INFO] [1753424707.591380664] [solver_node]: [PoseSolver] 排序后的最终筛选结果:
[INFO] [1753424707.592226957] [solver_node]: [PoseSolver] 找到4个完美相容解 (相容数=N)
[INFO] [1753424707.593008097] [solver_node]: 求解器返回结果: [((4.226770858078017, 4.2287708580780174), (3.373876759570993, 3.3758767595709926), -0.9972858023302216), ((4.003892498399789, 4.005892498399789), (3.370604671000826, 3.372604671000826), -2.224233295800749), ((5.769229141921982, 5.7712291419219826), (4.624123240429007, 4.626123240429008), 2.1443068512595715), ((5.99210750160021, 5.994107501600211), (4.627395328999174, 4.629395328999174), 0.9173593577890439)]
[INFO] [1753424707.679232928] [solver_node]: 数据详情:
- 第一个元素类型: <class 'float'>
- 整个数组类型: <class 'array.array'>
- 数组长度: 4
- 示例值: array('f', [0.0, 4.665999889373779, 3.7869999408721924, 5.369999885559082])
[INFO] [1753424707.680697157] [solver_node]: 调用求解器前，distances shape: (4,), values: [       nan 4.66599989 3.78699994 5.36999989]
[INFO] [1753424707.683843828] [solver_node]: [PoseSolver] 第0个组合有4个有效解
[INFO] [1753424707.684680138] [solver_node]: [PoseSolver] 处理完第0个组合后的筛选结果:
[INFO] [1753424707.685412348] [solver_node]: [PoseSolver] 排序后的最终筛选结果:
[INFO] [1753424707.686140270] [solver_node]: [PoseSolver] 找到4个完美相容解 (相容数=N)
[INFO] [1753424707.686919234] [solver_node]: 求解器返回结果: [((4.226770858078017, 4.2287708580780174), (3.373876759570993, 3.3758767595709926), -0.9972858023302216), ((4.003892498399789, 4.005892498399789), (3.370604671000826, 3.372604671000826), -2.224233295800749), ((5.769229141921982, 5.7712291419219826), (4.624123240429007, 4.626123240429008), 2.1443068512595715), ((5.99210750160021, 5.994107501600211), (4.627395328999174, 4.629395328999174), 0.9173593577890439)]
[INFO] [1753424707.779387455] [solver_node]: 数据详情:
- 第一个元素类型: <class 'float'>
- 整个数组类型: <class 'array.array'>
- 数组长度: 4
- 示例值: array('f', [0.0, 4.665999889373779, 3.7869999408721924, 5.369999885559082])
[INFO] [1753424707.782298280] [solver_node]: 调用求解器前，distances shape: (4,), values: [       nan 4.66599989 3.78699994 5.36999989]
[INFO] [1753424707.789287449] [solver_node]: [PoseSolver] 第0个组合有4个有效解
[INFO] [1753424707.791222697] [solver_node]: [PoseSolver] 处理完第0个组合后的筛选结果:
[INFO] [1753424707.793784042] [solver_node]: [PoseSolver] 排序后的最终筛选结果:
[INFO] [1753424707.795195086] [solver_node]: [PoseSolver] 找到4个完美相容解 (相容数=N)
[INFO] [1753424707.796708308] [solver_node]: 求解器返回结果: [((4.226770858078017, 4.2287708580780174), (3.373876759570993, 3.3758767595709926), -0.9972858023302216), ((4.003892498399789, 4.005892498399789), (3.370604671000826, 3.372604671000826), -2.224233295800749), ((5.769229141921982, 5.7712291419219826), (4.624123240429007, 4.626123240429008), 2.1443068512595715), ((5.99210750160021, 5.994107501600211), (4.627395328999174, 4.629395328999174), 0.9173593577890439)]
[INFO] [1753424707.879770819] [solver_node]: 数据详情:
- 第一个元素类型: <class 'float'>
- 整个数组类型: <class 'array.array'>
- 数组长度: 4
- 示例值: array('f', [0.0, 4.665999889373779, 3.7869999408721924, 5.369999885559082])
[INFO] [1753424707.881839032] [solver_node]: 调用求解器前，distances shape: (4,), values: [       nan 4.66599989 3.78699994 5.36999989]
[INFO] [1753424707.885235981] [solver_node]: [PoseSolver] 第0个组合有4个有效解
[INFO] [1753424707.886123684] [solver_node]: [PoseSolver] 处理完第0个组合后的筛选结果:
[INFO] [1753424707.887025690] [solver_node]: [PoseSolver] 排序后的最终筛选结果:
[INFO] [1753424707.887805806] [solver_node]: [PoseSolver] 找到4个完美相容解 (相容数=N)
[INFO] [1753424707.888599650] [solver_node]: 求解器返回结果: [((4.226770858078017, 4.2287708580780174), (3.373876759570993, 3.3758767595709926), -0.9972858023302216), ((4.003892498399789, 4.005892498399789), (3.370604671000826, 3.372604671000826), -2.224233295800749), ((5.769229141921982, 5.7712291419219826), (4.624123240429007, 4.626123240429008), 2.1443068512595715), ((5.99210750160021, 5.994107501600211), (4.627395328999174, 4.629395328999174), 0.9173593577890439)]
[INFO] [1753424707.980537810] [solver_node]: 数据详情:
- 第一个元素类型: <class 'float'>
- 整个数组类型: <class 'array.array'>
- 数组长度: 4
- 示例值: array('f', [0.0, 4.665999889373779, 3.7869999408721924, 5.369999885559082])
[INFO] [1753424707.982929902] [solver_node]: 调用求解器前，distances shape: (4,), values: [       nan 4.66599989 3.78699994 5.36999989]
[INFO] [1753424707.986477543] [solver_node]: [PoseSolver] 第0个组合有4个有效解
[INFO] [1753424707.987442336] [solver_node]: [PoseSolver] 处理完第0个组合后的筛选结果:
[INFO] [1753424707.988837443] [solver_node]: [PoseSolver] 排序后的最终筛选结果:
[INFO] [1753424707.989595254] [solver_node]: [PoseSolver] 找到4个完美相容解 (相容数=N)
[INFO] [1753424707.990404074] [solver_node]: 求解器返回结果: [((4.226770858078017, 4.2287708580780174), (3.373876759570993, 3.3758767595709926), -0.9972858023302216), ((4.003892498399789, 4.005892498399789), (3.370604671000826, 3.372604671000826), -2.224233295800749), ((5.769229141921982, 5.7712291419219826), (4.624123240429007, 4.626123240429008), 2.1443068512595715), ((5.99210750160021, 5.994107501600211), (4.627395328999174, 4.629395328999174), 0.9173593577890439)]
[INFO] [1753424708.079791226] [solver_node]: 数据详情:
- 第一个元素类型: <class 'float'>
- 整个数组类型: <class 'array.array'>
- 数组长度: 4
- 示例值: array('f', [0.0, 4.665999889373779, 3.7869999408721924, 5.369999885559082])
[INFO] [1753424708.081334208] [solver_node]: 调用求解器前，distances shape: (4,), values: [       nan 4.66599989 3.78699994 5.36999989]
[INFO] [1753424708.084749047] [solver_node]: [PoseSolver] 第0个组合有4个有效解
[INFO] [1753424708.085582956] [solver_node]: [PoseSolver] 处理完第0个组合后的筛选结果:
[INFO] [1753424708.086326046] [solver_node]: [PoseSolver] 排序后的最终筛选结果:
[INFO] [1753424708.087071953] [solver_node]: [PoseSolver] 找到4个完美相容解 (相容数=N)
[INFO] [1753424708.087917031] [solver_node]: 求解器返回结果: [((4.226770858078017, 4.2287708580780174), (3.373876759570993, 3.3758767595709926), -0.9972858023302216), ((4.003892498399789, 4.005892498399789), (3.370604671000826, 3.372604671000826), -2.224233295800749), ((5.769229141921982, 5.7712291419219826), (4.624123240429007, 4.626123240429008), 2.1443068512595715), ((5.99210750160021, 5.994107501600211), (4.627395328999174, 4.629395328999174), 0.9173593577890439)]
[INFO] [1753424708.179789140] [solver_node]: 数据详情:
- 第一个元素类型: <class 'float'>
- 整个数组类型: <class 'array.array'>
- 数组长度: 4
- 示例值: array('f', [0.0, 4.665999889373779, 3.7869999408721924, 5.369999885559082])
[INFO] [1753424708.181928010] [solver_node]: 调用求解器前，distances shape: (4,), values: [       nan 4.66599989 3.78699994 5.36999989]
[INFO] [1753424708.185713066] [solver_node]: [PoseSolver] 第0个组合有4个有效解
[INFO] [1753424708.186620353] [solver_node]: [PoseSolver] 处理完第0个组合后的筛选结果:
[INFO] [1753424708.187394740] [solver_node]: [PoseSolver] 排序后的最终筛选结果:
[INFO] [1753424708.188138791] [solver_node]: [PoseSolver] 找到4个完美相容解 (相容数=N)
[INFO] [1753424708.188903194] [solver_node]: 求解器返回结果: [((4.226770858078017, 4.2287708580780174), (3.373876759570993, 3.3758767595709926), -0.9972858023302216), ((4.003892498399789, 4.005892498399789), (3.370604671000826, 3.372604671000826), -2.224233295800749), ((5.769229141921982, 5.7712291419219826), (4.624123240429007, 4.626123240429008), 2.1443068512595715), ((5.99210750160021, 5.994107501600211), (4.627395328999174, 4.629395328999174), 0.9173593577890439)]
[INFO] [1753424708.280046646] [solver_node]: 数据详情:
- 第一个元素类型: <class 'float'>
- 整个数组类型: <class 'array.array'>
- 数组长度: 4
- 示例值: array('f', [0.0, 4.665999889373779, 3.7869999408721924, 5.369999885559082])
[INFO] [1753424708.281522011] [solver_node]: 调用求解器前，distances shape: (4,), values: [       nan 4.66599989 3.78699994 5.36999989]
[INFO] [1753424708.284664938] [solver_node]: [PoseSolver] 第0个组合有4个有效解
[INFO] [1753424708.285494655] [solver_node]: [PoseSolver] 处理完第0个组合后的筛选结果:
[INFO] [1753424708.286258739] [solver_node]: [PoseSolver] 排序后的最终筛选结果:
[INFO] [1753424708.287012646] [solver_node]: [PoseSolver] 找到4个完美相容解 (相容数=N)
[INFO] [1753424708.288345159] [solver_node]: 求解器返回结果: [((4.226770858078017, 4.2287708580780174), (3.373876759570993, 3.3758767595709926), -0.9972858023302216), ((4.003892498399789, 4.005892498399789), (3.370604671000826, 3.372604671000826), -2.224233295800749), ((5.769229141921982, 5.7712291419219826), (4.624123240429007, 4.626123240429008), 2.1443068512595715), ((5.99210750160021, 5.994107501600211), (4.627395328999174, 4.629395328999174), 0.9173593577890439)]
[INFO] [1753424708.379506691] [solver_node]: 数据详情:
- 第一个元素类型: <class 'float'>
- 整个数组类型: <class 'array.array'>
- 数组长度: 4
- 示例值: array('f', [0.0, 4.665999889373779, 3.7869999408721924, 5.369999885559082])
[INFO] [1753424708.381296464] [solver_node]: 调用求解器前，distances shape: (4,), values: [       nan 4.66599989 3.78699994 5.36999989]
[INFO] [1753424708.386414065] [solver_node]: [PoseSolver] 第0个组合有4个有效解
[INFO] [1753424708.388053371] [solver_node]: [PoseSolver] 处理完第0个组合后的筛选结果:
[INFO] [1753424708.389308314] [solver_node]: [PoseSolver] 排序后的最终筛选结果:
[INFO] [1753424708.391600212] [solver_node]: [PoseSolver] 找到4个完美相容解 (相容数=N)
[INFO] [1753424708.394177429] [solver_node]: 求解器返回结果: [((4.226770858078017, 4.2287708580780174), (3.373876759570993, 3.3758767595709926), -0.9972858023302216), ((4.003892498399789, 4.005892498399789), (3.370604671000826, 3.372604671000826), -2.224233295800749), ((5.769229141921982, 5.7712291419219826), (4.624123240429007, 4.626123240429008), 2.1443068512595715), ((5.99210750160021, 5.994107501600211), (4.627395328999174, 4.629395328999174), 0.9173593577890439)]
[INFO] [1753424708.479867751] [solver_node]: 数据详情:
- 第一个元素类型: <class 'float'>
- 整个数组类型: <class 'array.array'>
- 数组长度: 4
- 示例值: array('f', [0.0, 4.665999889373779, 3.7869999408721924, 5.369999885559082])
[INFO] [1753424708.481330604] [solver_node]: 调用求解器前，distances shape: (4,), values: [       nan 4.66599989 3.78699994 5.36999989]
[INFO] [1753424708.484671424] [solver_node]: [PoseSolver] 第0个组合有4个有效解
[INFO] [1753424708.485713659] [solver_node]: [PoseSolver] 处理完第0个组合后的筛选结果:
[INFO] [1753424708.486475758] [solver_node]: [PoseSolver] 排序后的最终筛选结果:
[INFO] [1753424708.487235585] [solver_node]: [PoseSolver] 找到4个完美相容解 (相容数=N)
[INFO] [1753424708.487996756] [solver_node]: 求解器返回结果: [((4.226770858078017, 4.2287708580780174), (3.373876759570993, 3.3758767595709926), -0.9972858023302216), ((4.003892498399789, 4.005892498399789), (3.370604671000826, 3.372604671000826), -2.224233295800749), ((5.769229141921982, 5.7712291419219826), (4.624123240429007, 4.626123240429008), 2.1443068512595715), ((5.99210750160021, 5.994107501600211), (4.627395328999174, 4.629395328999174), 0.9173593577890439)]
[INFO] [1753424708.579666109] [solver_node]: 数据详情:
- 第一个元素类型: <class 'float'>
- 整个数组类型: <class 'array.array'>
- 数组长度: 4
- 示例值: array('f', [0.0, 4.665999889373779, 3.7869999408721924, 5.369999885559082])
[INFO] [1753424708.582567142] [solver_node]: 调用求解器前，distances shape: (4,), values: [       nan 4.66599989 3.78699994 5.36999989]
[INFO] [1753424708.586855538] [solver_node]: [PoseSolver] 第0个组合有4个有效解
[INFO] [1753424708.587806570] [solver_node]: [PoseSolver] 处理完第0个组合后的筛选结果:
[INFO] [1753424708.588544893] [solver_node]: [PoseSolver] 排序后的最终筛选结果:
[INFO] [1753424708.589255055] [solver_node]: [PoseSolver] 找到4个完美相容解 (相容数=N)
[INFO] [1753424708.589995009] [solver_node]: 求解器返回结果: [((4.226770858078017, 4.2287708580780174), (3.373876759570993, 3.3758767595709926), -0.9972858023302216), ((4.003892498399789, 4.005892498399789), (3.370604671000826, 3.372604671000826), -2.224233295800749), ((5.769229141921982, 5.7712291419219826), (4.624123240429007, 4.626123240429008), 2.1443068512595715), ((5.99210750160021, 5.994107501600211), (4.627395328999174, 4.629395328999174), 0.9173593577890439)]
[INFO] [1753424708.679124682] [solver_node]: 数据详情:
- 第一个元素类型: <class 'float'>
- 整个数组类型: <class 'array.array'>
- 数组长度: 4
- 示例值: array('f', [0.0, 4.665999889373779, 3.7869999408721924, 5.369999885559082])
[INFO] [1753424708.680537422] [solver_node]: 调用求解器前，distances shape: (4,), values: [       nan 4.66599989 3.78699994 5.36999989]
[INFO] [1753424708.683592059] [solver_node]: [PoseSolver] 第0个组合有4个有效解
[INFO] [1753424708.684429104] [solver_node]: [PoseSolver] 处理完第0个组合后的筛选结果:
[INFO] [1753424708.685151394] [solver_node]: [PoseSolver] 排序后的最终筛选结果:
[INFO] [1753424708.685848372] [solver_node]: [PoseSolver] 找到4个完美相容解 (相容数=N)
[INFO] [1753424708.686548997] [solver_node]: 求解器返回结果: [((4.226770858078017, 4.2287708580780174), (3.373876759570993, 3.3758767595709926), -0.9972858023302216), ((4.003892498399789, 4.005892498399789), (3.370604671000826, 3.372604671000826), -2.224233295800749), ((5.769229141921982, 5.7712291419219826), (4.624123240429007, 4.626123240429008), 2.1443068512595715), ((5.99210750160021, 5.994107501600211), (4.627395328999174, 4.629395328999174), 0.9173593577890439)]
[INFO] [1753424708.779653234] [solver_node]: 数据详情:
- 第一个元素类型: <class 'float'>
- 整个数组类型: <class 'array.array'>
- 数组长度: 4
- 示例值: array('f', [0.0, 4.665999889373779, 3.7869999408721924, 5.369999885559082])
[INFO] [1753424708.781112983] [solver_node]: 调用求解器前，distances shape: (4,), values: [       nan 4.66599989 3.78699994 5.36999989]
[INFO] [1753424708.784376137] [solver_node]: [PoseSolver] 第0个组合有4个有效解
[INFO] [1753424708.785796269] [solver_node]: [PoseSolver] 处理完第0个组合后的筛选结果:
[INFO] [1753424708.787195793] [solver_node]: [PoseSolver] 排序后的最终筛选结果:
[INFO] [1753424708.788600500] [solver_node]: [PoseSolver] 找到4个完美相容解 (相容数=N)
[INFO] [1753424708.789829299] [solver_node]: 求解器返回结果: [((4.226770858078017, 4.2287708580780174), (3.373876759570993, 3.3758767595709926), -0.9972858023302216), ((4.003892498399789, 4.005892498399789), (3.370604671000826, 3.372604671000826), -2.224233295800749), ((5.769229141921982, 5.7712291419219826), (4.624123240429007, 4.626123240429008), 2.1443068512595715), ((5.99210750160021, 5.994107501600211), (4.627395328999174, 4.629395328999174), 0.9173593577890439)]
[INFO] [1753424708.879195682] [solver_node]: 数据详情:
- 第一个元素类型: <class 'float'>
- 整个数组类型: <class 'array.array'>
- 数组长度: 4
- 示例值: array('f', [0.0, 4.665999889373779, 3.7869999408721924, 5.369999885559082])
[INFO] [1753424708.880673959] [solver_node]: 调用求解器前，distances shape: (4,), values: [       nan 4.66599989 3.78699994 5.36999989]
[INFO] [1753424708.883936281] [solver_node]: [PoseSolver] 第0个组合有4个有效解
[INFO] [1753424708.884783471] [solver_node]: [PoseSolver] 处理完第0个组合后的筛选结果:
[INFO] [1753424708.885516897] [solver_node]: [PoseSolver] 排序后的最终筛选结果:
[INFO] [1753424708.886219571] [solver_node]: [PoseSolver] 找到4个完美相容解 (相容数=N)
[INFO] [1753424708.886971654] [solver_node]: 求解器返回结果: [((4.226770858078017, 4.2287708580780174), (3.373876759570993, 3.3758767595709926), -0.9972858023302216), ((4.003892498399789, 4.005892498399789), (3.370604671000826, 3.372604671000826), -2.224233295800749), ((5.769229141921982, 5.7712291419219826), (4.624123240429007, 4.626123240429008), 2.1443068512595715), ((5.99210750160021, 5.994107501600211), (4.627395328999174, 4.629395328999174), 0.9173593577890439)]
[INFO] [1753424708.979549509] [solver_node]: 数据详情:
- 第一个元素类型: <class 'float'>
- 整个数组类型: <class 'array.array'>
- 数组长度: 4
- 示例值: array('f', [0.0, 4.665999889373779, 3.7869999408721924, 5.369999885559082])
[INFO] [1753424708.981349363] [solver_node]: 调用求解器前，distances shape: (4,), values: [       nan 4.66599989 3.78699994 5.36999989]
[INFO] [1753424708.985475931] [solver_node]: [PoseSolver] 第0个组合有4个有效解
[INFO] [1753424708.986497653] [solver_node]: [PoseSolver] 处理完第0个组合后的筛选结果:
[INFO] [1753424708.987305801] [solver_node]: [PoseSolver] 排序后的最终筛选结果:
[INFO] [1753424708.988027771] [solver_node]: [PoseSolver] 找到4个完美相容解 (相容数=N)
[INFO] [1753424708.988866800] [solver_node]: 求解器返回结果: [((4.226770858078017, 4.2287708580780174), (3.373876759570993, 3.3758767595709926), -0.9972858023302216), ((4.003892498399789, 4.005892498399789), (3.370604671000826, 3.372604671000826), -2.224233295800749), ((5.769229141921982, 5.7712291419219826), (4.624123240429007, 4.626123240429008), 2.1443068512595715), ((5.99210750160021, 5.994107501600211), (4.627395328999174, 4.629395328999174), 0.9173593577890439)]
[INFO] [1753424709.079252409] [solver_node]: 数据详情:
- 第一个元素类型: <class 'float'>
- 整个数组类型: <class 'array.array'>
- 数组长度: 4
- 示例值: array('f', [0.0, 4.665999889373779, 3.7869999408721924, 5.369999885559082])
[INFO] [1753424709.080763199] [solver_node]: 调用求解器前，distances shape: (4,), values: [       nan 4.66599989 3.78699994 5.36999989]
[INFO] [1753424709.083894702] [solver_node]: [PoseSolver] 第0个组合有4个有效解
[INFO] [1753424709.084708515] [solver_node]: [PoseSolver] 处理完第0个组合后的筛选结果:
[INFO] [1753424709.085422069] [solver_node]: [PoseSolver] 排序后的最终筛选结果:
[INFO] [1753424709.086149511] [solver_node]: [PoseSolver] 找到4个完美相容解 (相容数=N)
[INFO] [1753424709.086899194] [solver_node]: 求解器返回结果: [((4.226770858078017, 4.2287708580780174), (3.373876759570993, 3.3758767595709926), -0.9972858023302216), ((4.003892498399789, 4.005892498399789), (3.370604671000826, 3.372604671000826), -2.224233295800749), ((5.769229141921982, 5.7712291419219826), (4.624123240429007, 4.626123240429008), 2.1443068512595715), ((5.99210750160021, 5.994107501600211), (4.627395328999174, 4.629395328999174), 0.9173593577890439)]
[INFO] [1753424709.179381463] [solver_node]: 数据详情:
- 第一个元素类型: <class 'float'>
- 整个数组类型: <class 'array.array'>
- 数组长度: 4
- 示例值: array('f', [0.0, 4.665999889373779, 3.7869999408721924, 5.369999885559082])
[INFO] [1753424709.180921566] [solver_node]: 调用求解器前，distances shape: (4,), values: [       nan 4.66599989 3.78699994 5.36999989]
[INFO] [1753424709.184760223] [solver_node]: [PoseSolver] 第0个组合有4个有效解
[INFO] [1753424709.185695766] [solver_node]: [PoseSolver] 处理完第0个组合后的筛选结果:
[INFO] [1753424709.186478026] [solver_node]: [PoseSolver] 排序后的最终筛选结果:
[INFO] [1753424709.188221878] [solver_node]: [PoseSolver] 找到4个完美相容解 (相容数=N)
[INFO] [1753424709.189742588] [solver_node]: 求解器返回结果: [((4.226770858078017, 4.2287708580780174), (3.373876759570993, 3.3758767595709926), -0.9972858023302216), ((4.003892498399789, 4.005892498399789), (3.370604671000826, 3.372604671000826), -2.224233295800749), ((5.769229141921982, 5.7712291419219826), (4.624123240429007, 4.626123240429008), 2.1443068512595715), ((5.99210750160021, 5.994107501600211), (4.627395328999174, 4.629395328999174), 0.9173593577890439)]
[INFO] [1753424709.279216046] [solver_node]: 数据详情:
- 第一个元素类型: <class 'float'>
- 整个数组类型: <class 'array.array'>
- 数组长度: 4
- 示例值: array('f', [0.0, 4.665999889373779, 3.7869999408721924, 5.369999885559082])
[INFO] [1753424709.280676083] [solver_node]: 调用求解器前，distances shape: (4,), values: [       nan 4.66599989 3.78699994 5.36999989]
[INFO] [1753424709.283858851] [solver_node]: [PoseSolver] 第0个组合有4个有效解
[INFO] [1753424709.284719129] [solver_node]: [PoseSolver] 处理完第0个组合后的筛选结果:
[INFO] [1753424709.285489996] [solver_node]: [PoseSolver] 排序后的最终筛选结果:
[INFO] [1753424709.286256255] [solver_node]: [PoseSolver] 找到4个完美相容解 (相容数=N)
[INFO] [1753424709.287146230] [solver_node]: 求解器返回结果: [((4.226770858078017, 4.2287708580780174), (3.373876759570993, 3.3758767595709926), -0.9972858023302216), ((4.003892498399789, 4.005892498399789), (3.370604671000826, 3.372604671000826), -2.224233295800749), ((5.769229141921982, 5.7712291419219826), (4.624123240429007, 4.626123240429008), 2.1443068512595715), ((5.99210750160021, 5.994107501600211), (4.627395328999174, 4.629395328999174), 0.9173593577890439)]
[INFO] [1753424709.379395181] [solver_node]: 数据详情:
- 第一个元素类型: <class 'float'>
- 整个数组类型: <class 'array.array'>
- 数组长度: 4
- 示例值: array('f', [0.0, 4.665999889373779, 3.7869999408721924, 5.369999885559082])
[INFO] [1753424709.381326750] [solver_node]: 调用求解器前，distances shape: (4,), values: [       nan 4.66599989 3.78699994 5.36999989]
[INFO] [1753424709.385735597] [solver_node]: [PoseSolver] 第0个组合有4个有效解
[INFO] [1753424709.386867850] [solver_node]: [PoseSolver] 处理完第0个组合后的筛选结果:
[INFO] [1753424709.387707839] [solver_node]: [PoseSolver] 排序后的最终筛选结果:
[INFO] [1753424709.388565397] [solver_node]: [PoseSolver] 找到4个完美相容解 (相容数=N)
[INFO] [1753424709.389387369] [solver_node]: 求解器返回结果: [((4.226770858078017, 4.2287708580780174), (3.373876759570993, 3.3758767595709926), -0.9972858023302216), ((4.003892498399789, 4.005892498399789), (3.370604671000826, 3.372604671000826), -2.224233295800749), ((5.769229141921982, 5.7712291419219826), (4.624123240429007, 4.626123240429008), 2.1443068512595715), ((5.99210750160021, 5.994107501600211), (4.627395328999174, 4.629395328999174), 0.9173593577890439)]
[INFO] [1753424709.479925622] [solver_node]: 数据详情:
- 第一个元素类型: <class 'float'>
- 整个数组类型: <class 'array.array'>
- 数组长度: 4
- 示例值: array('f', [0.0, 4.665999889373779, 3.7869999408721924, 5.369999885559082])
[INFO] [1753424709.481529918] [solver_node]: 调用求解器前，distances shape: (4,), values: [       nan 4.66599989 3.78699994 5.36999989]
[INFO] [1753424709.484790352] [solver_node]: [PoseSolver] 第0个组合有4个有效解
[INFO] [1753424709.485638278] [solver_node]: [PoseSolver] 处理完第0个组合后的筛选结果:
[INFO] [1753424709.486401785] [solver_node]: [PoseSolver] 排序后的最终筛选结果:
[INFO] [1753424709.487203309] [solver_node]: [PoseSolver] 找到4个完美相容解 (相容数=N)
[INFO] [1753424709.487967329] [solver_node]: 求解器返回结果: [((4.226770858078017, 4.2287708580780174), (3.373876759570993, 3.3758767595709926), -0.9972858023302216), ((4.003892498399789, 4.005892498399789), (3.370604671000826, 3.372604671000826), -2.224233295800749), ((5.769229141921982, 5.7712291419219826), (4.624123240429007, 4.626123240429008), 2.1443068512595715), ((5.99210750160021, 5.994107501600211), (4.627395328999174, 4.629395328999174), 0.9173593577890439)]
[INFO] [1753424709.582555027] [solver_node]: 数据详情:
- 第一个元素类型: <class 'float'>
- 整个数组类型: <class 'array.array'>
- 数组长度: 4
- 示例值: array('f', [0.0, 4.665999889373779, 3.7869999408721924, 5.369999885559082])
[INFO] [1753424709.584479812] [solver_node]: 调用求解器前，distances shape: (4,), values: [       nan 4.66599989 3.78699994 5.36999989]
[INFO] [1753424709.590085969] [solver_node]: [PoseSolver] 第0个组合有4个有效解
[INFO] [1753424709.591070762] [solver_node]: [PoseSolver] 处理完第0个组合后的筛选结果:
[INFO] [1753424709.591836509] [solver_node]: [PoseSolver] 排序后的最终筛选结果:
[INFO] [1753424709.592534031] [solver_node]: [PoseSolver] 找到4个完美相容解 (相容数=N)
[INFO] [1753424709.593263937] [solver_node]: 求解器返回结果: [((4.226770858078017, 4.2287708580780174), (3.373876759570993, 3.3758767595709926), -0.9972858023302216), ((4.003892498399789, 4.005892498399789), (3.370604671000826, 3.372604671000826), -2.224233295800749), ((5.769229141921982, 5.7712291419219826), (4.624123240429007, 4.626123240429008), 2.1443068512595715), ((5.99210750160021, 5.994107501600211), (4.627395328999174, 4.629395328999174), 0.9173593577890439)]
[INFO] [1753424709.679239898] [solver_node]: 数据详情:
- 第一个元素类型: <class 'float'>
- 整个数组类型: <class 'array.array'>
- 数组长度: 4
- 示例值: array('f', [0.0, 4.665999889373779, 3.7869999408721924, 5.369999885559082])
[INFO] [1753424709.680690655] [solver_node]: 调用求解器前，distances shape: (4,), values: [       nan 4.66599989 3.78699994 5.36999989]
[INFO] [1753424709.684625858] [solver_node]: [PoseSolver] 第0个组合有4个有效解
[INFO] [1753424709.685493752] [solver_node]: [PoseSolver] 处理完第0个组合后的筛选结果:
[INFO] [1753424709.686215274] [solver_node]: [PoseSolver] 排序后的最终筛选结果:
[INFO] [1753424709.686990878] [solver_node]: [PoseSolver] 找到4个完美相容解 (相容数=N)
[INFO] [1753424709.687938582] [solver_node]: 求解器返回结果: [((4.226770858078017, 4.2287708580780174), (3.373876759570993, 3.3758767595709926), -0.9972858023302216), ((4.003892498399789, 4.005892498399789), (3.370604671000826, 3.372604671000826), -2.224233295800749), ((5.769229141921982, 5.7712291419219826), (4.624123240429007, 4.626123240429008), 2.1443068512595715), ((5.99210750160021, 5.994107501600211), (4.627395328999174, 4.629395328999174), 0.9173593577890439)]
[INFO] [1753424709.779520412] [solver_node]: 数据详情:
- 第一个元素类型: <class 'float'>
- 整个数组类型: <class 'array.array'>
- 数组长度: 4
- 示例值: array('f', [0.0, 4.665999889373779, 3.7869999408721924, 5.369999885559082])
[INFO] [1753424709.781550064] [solver_node]: 调用求解器前，distances shape: (4,), values: [       nan 4.66599989 3.78699994 5.36999989]
[INFO] [1753424709.785913086] [solver_node]: [PoseSolver] 第0个组合有4个有效解
[INFO] [1753424709.786944376] [solver_node]: [PoseSolver] 处理完第0个组合后的筛选结果:
[INFO] [1753424709.787913104] [solver_node]: [PoseSolver] 排序后的最终筛选结果:
[INFO] [1753424709.788706340] [solver_node]: [PoseSolver] 找到4个完美相容解 (相容数=N)
[INFO] [1753424709.789484056] [solver_node]: 求解器返回结果: [((4.226770858078017, 4.2287708580780174), (3.373876759570993, 3.3758767595709926), -0.9972858023302216), ((4.003892498399789, 4.005892498399789), (3.370604671000826, 3.372604671000826), -2.224233295800749), ((5.769229141921982, 5.7712291419219826), (4.624123240429007, 4.626123240429008), 2.1443068512595715), ((5.99210750160021, 5.994107501600211), (4.627395328999174, 4.629395328999174), 0.9173593577890439)]
[INFO] [1753424709.881236259] [solver_node]: 数据详情:
- 第一个元素类型: <class 'float'>
- 整个数组类型: <class 'array.array'>
- 数组长度: 4
- 示例值: array('f', [0.0, 4.665999889373779, 3.7869999408721924, 5.369999885559082])
[INFO] [1753424709.882727496] [solver_node]: 调用求解器前，distances shape: (4,), values: [       nan 4.66599989 3.78699994 5.36999989]
[INFO] [1753424709.886062108] [solver_node]: [PoseSolver] 第0个组合有4个有效解
[INFO] [1753424709.886886833] [solver_node]: [PoseSolver] 处理完第0个组合后的筛选结果:
[INFO] [1753424709.887622084] [solver_node]: [PoseSolver] 排序后的最终筛选结果:
[INFO] [1753424709.888314453] [solver_node]: [PoseSolver] 找到4个完美相容解 (相容数=N)
[INFO] [1753424709.889013511] [solver_node]: 求解器返回结果: [((4.226770858078017, 4.2287708580780174), (3.373876759570993, 3.3758767595709926), -0.9972858023302216), ((4.003892498399789, 4.005892498399789), (3.370604671000826, 3.372604671000826), -2.224233295800749), ((5.769229141921982, 5.7712291419219826), (4.624123240429007, 4.626123240429008), 2.1443068512595715), ((5.99210750160021, 5.994107501600211), (4.627395328999174, 4.629395328999174), 0.9173593577890439)]
[INFO] [1753424709.983127949] [solver_node]: 数据详情:
- 第一个元素类型: <class 'float'>
- 整个数组类型: <class 'array.array'>
- 数组长度: 4
- 示例值: array('f', [0.0, 4.665999889373779, 3.7869999408721924, 5.369999885559082])
[INFO] [1753424709.985388262] [solver_node]: 调用求解器前，distances shape: (4,), values: [       nan 4.66599989 3.78699994 5.36999989]
[INFO] [1753424709.989762261] [solver_node]: [PoseSolver] 第0个组合有4个有效解
[INFO] [1753424709.991142999] [solver_node]: [PoseSolver] 处理完第0个组合后的筛选结果:
[INFO] [1753424709.992774145] [solver_node]: [PoseSolver] 排序后的最终筛选结果:
[INFO] [1753424709.993649271] [solver_node]: [PoseSolver] 找到4个完美相容解 (相容数=N)
[INFO] [1753424709.994454507] [solver_node]: 求解器返回结果: [((4.226770858078017, 4.2287708580780174), (3.373876759570993, 3.3758767595709926), -0.9972858023302216), ((4.003892498399789, 4.005892498399789), (3.370604671000826, 3.372604671000826), -2.224233295800749), ((5.769229141921982, 5.7712291419219826), (4.624123240429007, 4.626123240429008), 2.1443068512595715), ((5.99210750160021, 5.994107501600211), (4.627395328999174, 4.629395328999174), 0.9173593577890439)]
[INFO] [1753424710.079157764] [solver_node]: 数据详情:
- 第一个元素类型: <class 'float'>
- 整个数组类型: <class 'array.array'>
- 数组长度: 4
- 示例值: array('f', [0.0, 4.665999889373779, 3.7869999408721924, 5.369999885559082])
[INFO] [1753424710.080646506] [solver_node]: 调用求解器前，distances shape: (4,), values: [       nan 4.66599989 3.78699994 5.36999989]
[INFO] [1753424710.083883387] [solver_node]: [PoseSolver] 第0个组合有4个有效解
[INFO] [1753424710.084717136] [solver_node]: [PoseSolver] 处理完第0个组合后的筛选结果:
[INFO] [1753424710.085503108] [solver_node]: [PoseSolver] 排序后的最终筛选结果:
[INFO] [1753424710.086259255] [solver_node]: [PoseSolver] 找到4个完美相容解 (相容数=N)
[INFO] [1753424710.087066988] [solver_node]: 求解器返回结果: [((4.226770858078017, 4.2287708580780174), (3.373876759570993, 3.3758767595709926), -0.9972858023302216), ((4.003892498399789, 4.005892498399789), (3.370604671000826, 3.372604671000826), -2.224233295800749), ((5.769229141921982, 5.7712291419219826), (4.624123240429007, 4.626123240429008), 2.1443068512595715), ((5.99210750160021, 5.994107501600211), (4.627395328999174, 4.629395328999174), 0.9173593577890439)]
[INFO] [1753424710.179212640] [solver_node]: 数据详情:
- 第一个元素类型: <class 'float'>
- 整个数组类型: <class 'array.array'>
- 数组长度: 4
- 示例值: array('f', [0.0, 4.665999889373779, 3.7869999408721924, 5.369999885559082])
[INFO] [1753424710.181887428] [solver_node]: 调用求解器前，distances shape: (4,), values: [       nan 4.66599989 3.78699994 5.36999989]
[INFO] [1753424710.187025990] [solver_node]: [PoseSolver] 第0个组合有4个有效解
[INFO] [1753424710.187950333] [solver_node]: [PoseSolver] 处理完第0个组合后的筛选结果:
[INFO] [1753424710.188787858] [solver_node]: [PoseSolver] 排序后的最终筛选结果:
[INFO] [1753424710.189493924] [solver_node]: [PoseSolver] 找到4个完美相容解 (相容数=N)
[INFO] [1753424710.190268023] [solver_node]: 求解器返回结果: [((4.226770858078017, 4.2287708580780174), (3.373876759570993, 3.3758767595709926), -0.9972858023302216), ((4.003892498399789, 4.005892498399789), (3.370604671000826, 3.372604671000826), -2.224233295800749), ((5.769229141921982, 5.7712291419219826), (4.624123240429007, 4.626123240429008), 2.1443068512595715), ((5.99210750160021, 5.994107501600211), (4.627395328999174, 4.629395328999174), 0.9173593577890439)]
[INFO] [1753424710.279246972] [solver_node]: 数据详情:
- 第一个元素类型: <class 'float'>
- 整个数组类型: <class 'array.array'>
- 数组长度: 4
- 示例值: array('f', [0.0, 4.665999889373779, 3.7869999408721924, 5.369999885559082])
[INFO] [1753424710.280663040] [solver_node]: 调用求解器前，distances shape: (4,), values: [       nan 4.66599989 3.78699994 5.36999989]
[INFO] [1753424710.284880203] [solver_node]: [PoseSolver] 第0个组合有4个有效解
[INFO] [1753424710.287319240] [solver_node]: [PoseSolver] 处理完第0个组合后的筛选结果:
[INFO] [1753424710.289220824] [solver_node]: [PoseSolver] 排序后的最终筛选结果:
[INFO] [1753424710.290039789] [solver_node]: [PoseSolver] 找到4个完美相容解 (相容数=N)
[INFO] [1753424710.290837889] [solver_node]: 求解器返回结果: [((4.226770858078017, 4.2287708580780174), (3.373876759570993, 3.3758767595709926), -0.9972858023302216), ((4.003892498399789, 4.005892498399789), (3.370604671000826, 3.372604671000826), -2.224233295800749), ((5.769229141921982, 5.7712291419219826), (4.624123240429007, 4.626123240429008), 2.1443068512595715), ((5.99210750160021, 5.994107501600211), (4.627395328999174, 4.629395328999174), 0.9173593577890439)]
[INFO] [1753424710.379689539] [solver_node]: 数据详情:
- 第一个元素类型: <class 'float'>
- 整个数组类型: <class 'array.array'>
- 数组长度: 4
- 示例值: array('f', [0.0, 4.665999889373779, 3.7869999408721924, 5.369999885559082])
[INFO] [1753424710.381108390] [solver_node]: 调用求解器前，distances shape: (4,), values: [       nan 4.66599989 3.78699994 5.36999989]
[INFO] [1753424710.384210645] [solver_node]: [PoseSolver] 第0个组合有4个有效解
[INFO] [1753424710.384996584] [solver_node]: [PoseSolver] 处理完第0个组合后的筛选结果:
[INFO] [1753424710.385731867] [solver_node]: [PoseSolver] 排序后的最终筛选结果:
[INFO] [1753424710.386442029] [solver_node]: [PoseSolver] 找到4个完美相容解 (相容数=N)
[INFO] [1753424710.387205472] [solver_node]: 求解器返回结果: [((4.226770858078017, 4.2287708580780174), (3.373876759570993, 3.3758767595709926), -0.9972858023302216), ((4.003892498399789, 4.005892498399789), (3.370604671000826, 3.372604671000826), -2.224233295800749), ((5.769229141921982, 5.7712291419219826), (4.624123240429007, 4.626123240429008), 2.1443068512595715), ((5.99210750160021, 5.994107501600211), (4.627395328999174, 4.629395328999174), 0.9173593577890439)]
[INFO] [1753424710.479221810] [solver_node]: 数据详情:
- 第一个元素类型: <class 'float'>
- 整个数组类型: <class 'array.array'>
- 数组长度: 4
- 示例值: array('f', [0.0, 4.665999889373779, 3.7869999408721924, 5.369999885559082])
[INFO] [1753424710.480824506] [solver_node]: 调用求解器前，distances shape: (4,), values: [       nan 4.66599989 3.78699994 5.36999989]
[INFO] [1753424710.484107949] [solver_node]: [PoseSolver] 第0个组合有4个有效解
[INFO] [1753424710.485052069] [solver_node]: [PoseSolver] 处理完第0个组合后的筛选结果:
[INFO] [1753424710.485933915] [solver_node]: [PoseSolver] 排序后的最终筛选结果:
[INFO] [1753424710.486654989] [solver_node]: [PoseSolver] 找到4个完美相容解 (相容数=N)
[INFO] [1753424710.487516995] [solver_node]: 求解器返回结果: [((4.226770858078017, 4.2287708580780174), (3.373876759570993, 3.3758767595709926), -0.9972858023302216), ((4.003892498399789, 4.005892498399789), (3.370604671000826, 3.372604671000826), -2.224233295800749), ((5.769229141921982, 5.7712291419219826), (4.624123240429007, 4.626123240429008), 2.1443068512595715), ((5.99210750160021, 5.994107501600211), (4.627395328999174, 4.629395328999174), 0.9173593577890439)]
[INFO] [1753424710.579290735] [solver_node]: 数据详情:
- 第一个元素类型: <class 'float'>
- 整个数组类型: <class 'array.array'>
- 数组长度: 4
- 示例值: array('f', [0.0, 4.665999889373779, 3.7869999408721924, 5.369999885559082])
[INFO] [1753424710.580796725] [solver_node]: 调用求解器前，distances shape: (4,), values: [       nan 4.66599989 3.78699994 5.36999989]
[INFO] [1753424710.583950436] [solver_node]: [PoseSolver] 第0个组合有4个有效解
[INFO] [1753424710.584765337] [solver_node]: [PoseSolver] 处理完第0个组合后的筛选结果:
[INFO] [1753424710.585493483] [solver_node]: [PoseSolver] 排序后的最终筛选结果:
[INFO] [1753424710.586211261] [solver_node]: [PoseSolver] 找到4个完美相容解 (相容数=N)
[INFO] [1753424710.586976880] [solver_node]: 求解器返回结果: [((4.226770858078017, 4.2287708580780174), (3.373876759570993, 3.3758767595709926), -0.9972858023302216), ((4.003892498399789, 4.005892498399789), (3.370604671000826, 3.372604671000826), -2.224233295800749), ((5.769229141921982, 5.7712291419219826), (4.624123240429007, 4.626123240429008), 2.1443068512595715), ((5.99210750160021, 5.994107501600211), (4.627395328999174, 4.629395328999174), 0.9173593577890439)]
[INFO] [1753424710.679367083] [solver_node]: 数据详情:
- 第一个元素类型: <class 'float'>
- 整个数组类型: <class 'array.array'>
- 数组长度: 4
- 示例值: array('f', [0.0, 4.665999889373779, 3.7869999408721924, 5.369999885559082])
[INFO] [1753424710.680895570] [solver_node]: 调用求解器前，distances shape: (4,), values: [       nan 4.66599989 3.78699994 5.36999989]
[INFO] [1753424710.685077212] [solver_node]: [PoseSolver] 第0个组合有4个有效解
[INFO] [1753424710.686303707] [solver_node]: [PoseSolver] 处理完第0个组合后的筛选结果:
[INFO] [1753424710.687223730] [solver_node]: [PoseSolver] 排序后的最终筛选结果:
[INFO] [1753424710.688012998] [solver_node]: [PoseSolver] 找到4个完美相容解 (相容数=N)
[INFO] [1753424710.689243749] [solver_node]: 求解器返回结果: [((4.226770858078017, 4.2287708580780174), (3.373876759570993, 3.3758767595709926), -0.9972858023302216), ((4.003892498399789, 4.005892498399789), (3.370604671000826, 3.372604671000826), -2.224233295800749), ((5.769229141921982, 5.7712291419219826), (4.624123240429007, 4.626123240429008), 2.1443068512595715), ((5.99210750160021, 5.994107501600211), (4.627395328999174, 4.629395328999174), 0.9173593577890439)]
[INFO] [1753424710.782291056] [solver_node]: 数据详情:
- 第一个元素类型: <class 'float'>
- 整个数组类型: <class 'array.array'>
- 数组长度: 4
- 示例值: array('f', [0.0, 4.665999889373779, 3.7869999408721924, 5.369999885559082])
[INFO] [1753424710.783800790] [solver_node]: 调用求解器前，distances shape: (4,), values: [       nan 4.66599989 3.78699994 5.36999989]
[INFO] [1753424710.787269806] [solver_node]: [PoseSolver] 第0个组合有4个有效解
[INFO] [1753424710.789426596] [solver_node]: [PoseSolver] 处理完第0个组合后的筛选结果:
[INFO] [1753424710.791455800] [solver_node]: [PoseSolver] 排序后的最终筛选结果:
[INFO] [1753424710.792311021] [solver_node]: [PoseSolver] 找到4个完美相容解 (相容数=N)
[INFO] [1753424710.793085985] [solver_node]: 求解器返回结果: [((4.226770858078017, 4.2287708580780174), (3.373876759570993, 3.3758767595709926), -0.9972858023302216), ((4.003892498399789, 4.005892498399789), (3.370604671000826, 3.372604671000826), -2.224233295800749), ((5.769229141921982, 5.7712291419219826), (4.624123240429007, 4.626123240429008), 2.1443068512595715), ((5.99210750160021, 5.994107501600211), (4.627395328999174, 4.629395328999174), 0.9173593577890439)]
[INFO] [1753424710.879262143] [solver_node]: 数据详情:
- 第一个元素类型: <class 'float'>
- 整个数组类型: <class 'array.array'>
- 数组长度: 4
- 示例值: array('f', [0.0, 4.665999889373779, 3.7869999408721924, 5.369999885559082])
[INFO] [1753424710.880731204] [solver_node]: 调用求解器前，distances shape: (4,), values: [       nan 4.66599989 3.78699994 5.36999989]
[INFO] [1753424710.884390592] [solver_node]: [PoseSolver] 第0个组合有4个有效解
[INFO] [1753424710.885588895] [solver_node]: [PoseSolver] 处理完第0个组合后的筛选结果:
[INFO] [1753424710.886660666] [solver_node]: [PoseSolver] 排序后的最终筛选结果:
[INFO] [1753424710.887527247] [solver_node]: [PoseSolver] 找到4个完美相容解 (相容数=N)
[INFO] [1753424710.888320867] [solver_node]: 求解器返回结果: [((4.226770858078017, 4.2287708580780174), (3.373876759570993, 3.3758767595709926), -0.9972858023302216), ((4.003892498399789, 4.005892498399789), (3.370604671000826, 3.372604671000826), -2.224233295800749), ((5.769229141921982, 5.7712291419219826), (4.624123240429007, 4.626123240429008), 2.1443068512595715), ((5.99210750160021, 5.994107501600211), (4.627395328999174, 4.629395328999174), 0.9173593577890439)]
[INFO] [1753424710.980209970] [solver_node]: 数据详情:
- 第一个元素类型: <class 'float'>
- 整个数组类型: <class 'array.array'>
- 数组长度: 4
- 示例值: array('f', [0.0, 4.665999889373779, 3.7869999408721924, 5.369999885559082])
[INFO] [1753424710.981663991] [solver_node]: 调用求解器前，distances shape: (4,), values: [       nan 4.66599989 3.78699994 5.36999989]
[INFO] [1753424710.984906664] [solver_node]: [PoseSolver] 第0个组合有4个有效解
[INFO] [1753424710.986829945] [solver_node]: [PoseSolver] 处理完第0个组合后的筛选结果:
[INFO] [1753424710.987570796] [solver_node]: [PoseSolver] 排序后的最终筛选结果:
[INFO] [1753424710.988279453] [solver_node]: [PoseSolver] 找到4个完美相容解 (相容数=N)
[INFO] [1753424710.988997296] [solver_node]: 求解器返回结果: [((4.226770858078017, 4.2287708580780174), (3.373876759570993, 3.3758767595709926), -0.9972858023302216), ((4.003892498399789, 4.005892498399789), (3.370604671000826, 3.372604671000826), -2.224233295800749), ((5.769229141921982, 5.7712291419219826), (4.624123240429007, 4.626123240429008), 2.1443068512595715), ((5.99210750160021, 5.994107501600211), (4.627395328999174, 4.629395328999174), 0.9173593577890439)]
[INFO] [1753424711.079263701] [solver_node]: 数据详情:
- 第一个元素类型: <class 'float'>
- 整个数组类型: <class 'array.array'>
- 数组长度: 4
- 示例值: array('f', [0.0, 4.665999889373779, 3.7869999408721924, 5.369999885559082])
[INFO] [1753424711.080779995] [solver_node]: 调用求解器前，distances shape: (4,), values: [       nan 4.66599989 3.78699994 5.36999989]
[INFO] [1753424711.083969868] [solver_node]: [PoseSolver] 第0个组合有4个有效解
[INFO] [1753424711.084822849] [solver_node]: [PoseSolver] 处理完第0个组合后的筛选结果:
[INFO] [1753424711.085541011] [solver_node]: [PoseSolver] 排序后的最终筛选结果:
[INFO] [1753424711.086252101] [solver_node]: [PoseSolver] 找到4个完美相容解 (相容数=N)
[INFO] [1753424711.091204514] [solver_node]: 求解器返回结果: [((4.226770858078017, 4.2287708580780174), (3.373876759570993, 3.3758767595709926), -0.9972858023302216), ((4.003892498399789, 4.005892498399789), (3.370604671000826, 3.372604671000826), -2.224233295800749), ((5.769229141921982, 5.7712291419219826), (4.624123240429007, 4.626123240429008), 2.1443068512595715), ((5.99210750160021, 5.994107501600211), (4.627395328999174, 4.629395328999174), 0.9173593577890439)]
[INFO] [1753424711.179738204] [solver_node]: 数据详情:
- 第一个元素类型: <class 'float'>
- 整个数组类型: <class 'array.array'>
- 数组长度: 4
- 示例值: array('f', [0.0, 4.665999889373779, 3.7869999408721924, 5.369999885559082])
[INFO] [1753424711.181165280] [solver_node]: 调用求解器前，distances shape: (4,), values: [       nan 4.66599989 3.78699994 5.36999989]
[INFO] [1753424711.184426386] [solver_node]: [PoseSolver] 第0个组合有4个有效解
[INFO] [1753424711.185835382] [solver_node]: [PoseSolver] 处理完第0个组合后的筛选结果:
[INFO] [1753424711.186577737] [solver_node]: [PoseSolver] 排序后的最终筛选结果:
[INFO] [1753424711.187385053] [solver_node]: [PoseSolver] 找到4个完美相容解 (相容数=N)
[INFO] [1753424711.188130064] [solver_node]: 求解器返回结果: [((4.226770858078017, 4.2287708580780174), (3.373876759570993, 3.3758767595709926), -0.9972858023302216), ((4.003892498399789, 4.005892498399789), (3.370604671000826, 3.372604671000826), -2.224233295800749), ((5.769229141921982, 5.7712291419219826), (4.624123240429007, 4.626123240429008), 2.1443068512595715), ((5.99210750160021, 5.994107501600211), (4.627395328999174, 4.629395328999174), 0.9173593577890439)]
[INFO] [1753424711.279163625] [solver_node]: 数据详情:
- 第一个元素类型: <class 'float'>
- 整个数组类型: <class 'array.array'>
- 数组长度: 4
- 示例值: array('f', [0.0, 4.665999889373779, 3.7869999408721924, 5.369999885559082])
[INFO] [1753424711.280637166] [solver_node]: 调用求解器前，distances shape: (4,), values: [       nan 4.66599989 3.78699994 5.36999989]
[INFO] [1753424711.283964258] [solver_node]: [PoseSolver] 第0个组合有4个有效解
[INFO] [1753424711.284867417] [solver_node]: [PoseSolver] 处理完第0个组合后的筛选结果:
[INFO] [1753424711.285822737] [solver_node]: [PoseSolver] 排序后的最终筛选结果:
[INFO] [1753424711.286832266] [solver_node]: [PoseSolver] 找到4个完美相容解 (相容数=N)
[INFO] [1753424711.287747169] [solver_node]: 求解器返回结果: [((4.226770858078017, 4.2287708580780174), (3.373876759570993, 3.3758767595709926), -0.9972858023302216), ((4.003892498399789, 4.005892498399789), (3.370604671000826, 3.372604671000826), -2.224233295800749), ((5.769229141921982, 5.7712291419219826), (4.624123240429007, 4.626123240429008), 2.1443068512595715), ((5.99210750160021, 5.994107501600211), (4.627395328999174, 4.629395328999174), 0.9173593577890439)]
[INFO] [1753424711.379354761] [solver_node]: 数据详情:
- 第一个元素类型: <class 'float'>
- 整个数组类型: <class 'array.array'>
- 数组长度: 4
- 示例值: array('f', [0.0, 4.665999889373779, 3.7869999408721924, 5.369999885559082])
[INFO] [1753424711.380873231] [solver_node]: 调用求解器前，distances shape: (4,), values: [       nan 4.66599989 3.78699994 5.36999989]
[INFO] [1753424711.384089280] [solver_node]: [PoseSolver] 第0个组合有4个有效解
[INFO] [1753424711.384903221] [solver_node]: [PoseSolver] 处理完第0个组合后的筛选结果:
[INFO] [1753424711.385648359] [solver_node]: [PoseSolver] 排序后的最终筛选结果:
[INFO] [1753424711.386365850] [solver_node]: [PoseSolver] 找到4个完美相容解 (相容数=N)
[INFO] [1753424711.387122221] [solver_node]: 求解器返回结果: [((4.226770858078017, 4.2287708580780174), (3.373876759570993, 3.3758767595709926), -0.9972858023302216), ((4.003892498399789, 4.005892498399789), (3.370604671000826, 3.372604671000826), -2.224233295800749), ((5.769229141921982, 5.7712291419219826), (4.624123240429007, 4.626123240429008), 2.1443068512595715), ((5.99210750160021, 5.994107501600211), (4.627395328999174, 4.629395328999174), 0.9173593577890439)]
[INFO] [1753424711.479273410] [solver_node]: 数据详情:
- 第一个元素类型: <class 'float'>
- 整个数组类型: <class 'array.array'>
- 数组长度: 4
- 示例值: array('f', [0.0, 4.665999889373779, 3.7869999408721924, 5.369999885559082])
[INFO] [1753424711.480765671] [solver_node]: 调用求解器前，distances shape: (4,), values: [       nan 4.66599989 3.78699994 5.36999989]
[INFO] [1753424711.483980632] [solver_node]: [PoseSolver] 第0个组合有4个有效解
[INFO] [1753424711.484836558] [solver_node]: [PoseSolver] 处理完第0个组合后的筛选结果:
[INFO] [1753424711.485609250] [solver_node]: [PoseSolver] 排序后的最终筛选结果:
[INFO] [1753424711.486336948] [solver_node]: [PoseSolver] 找到4个完美相容解 (相容数=N)
[INFO] [1753424711.487647893] [solver_node]: 求解器返回结果: [((4.226770858078017, 4.2287708580780174), (3.373876759570993, 3.3758767595709926), -0.9972858023302216), ((4.003892498399789, 4.005892498399789), (3.370604671000826, 3.372604671000826), -2.224233295800749), ((5.769229141921982, 5.7712291419219826), (4.624123240429007, 4.626123240429008), 2.1443068512595715), ((5.99210750160021, 5.994107501600211), (4.627395328999174, 4.629395328999174), 0.9173593577890439)]
[INFO] [1753424711.579469346] [solver_node]: 数据详情:
- 第一个元素类型: <class 'float'>
- 整个数组类型: <class 'array.array'>
- 数组长度: 4
- 示例值: array('f', [0.0, 4.665999889373779, 3.7869999408721924, 5.369999885559082])
[INFO] [1753424711.580973000] [solver_node]: 调用求解器前，distances shape: (4,), values: [       nan 4.66599989 3.78699994 5.36999989]
[INFO] [1753424711.584270171] [solver_node]: [PoseSolver] 第0个组合有4个有效解
[INFO] [1753424711.585110800] [solver_node]: [PoseSolver] 处理完第0个组合后的筛选结果:
[INFO] [1753424711.585854563] [solver_node]: [PoseSolver] 排序后的最终筛选结果:
[INFO] [1753424711.586576949] [solver_node]: [PoseSolver] 找到4个完美相容解 (相容数=N)
[INFO] [1753424711.587358633] [solver_node]: 求解器返回结果: [((4.226770858078017, 4.2287708580780174), (3.373876759570993, 3.3758767595709926), -0.9972858023302216), ((4.003892498399789, 4.005892498399789), (3.370604671000826, 3.372604671000826), -2.224233295800749), ((5.769229141921982, 5.7712291419219826), (4.624123240429007, 4.626123240429008), 2.1443068512595715), ((5.99210750160021, 5.994107501600211), (4.627395328999174, 4.629395328999174), 0.9173593577890439)]
[INFO] [1753424711.679096339] [solver_node]: 数据详情:
- 第一个元素类型: <class 'float'>
- 整个数组类型: <class 'array.array'>
- 数组长度: 4
- 示例值: array('f', [0.0, 4.665999889373779, 3.7869999408721924, 5.369999885559082])
[INFO] [1753424711.680517431] [solver_node]: 调用求解器前，distances shape: (4,), values: [       nan 4.66599989 3.78699994 5.36999989]
[INFO] [1753424711.683696103] [solver_node]: [PoseSolver] 第0个组合有4个有效解
[INFO] [1753424711.684582750] [solver_node]: [PoseSolver] 处理完第0个组合后的筛选结果:
[INFO] [1753424711.685361233] [solver_node]: [PoseSolver] 排序后的最终筛选结果:
[INFO] [1753424711.686255912] [solver_node]: [PoseSolver] 找到4个完美相容解 (相容数=N)
[INFO] [1753424711.687209696] [solver_node]: 求解器返回结果: [((4.226770858078017, 4.2287708580780174), (3.373876759570993, 3.3758767595709926), -0.9972858023302216), ((4.003892498399789, 4.005892498399789), (3.370604671000826, 3.372604671000826), -2.224233295800749), ((5.769229141921982, 5.7712291419219826), (4.624123240429007, 4.626123240429008), 2.1443068512595715), ((5.99210750160021, 5.994107501600211), (4.627395328999174, 4.629395328999174), 0.9173593577890439)]
[INFO] [1753424711.779261939] [solver_node]: 数据详情:
- 第一个元素类型: <class 'float'>
- 整个数组类型: <class 'array.array'>
- 数组长度: 4
- 示例值: array('f', [0.0, 4.665999889373779, 3.7869999408721924, 5.369999885559082])
[INFO] [1753424711.780855611] [solver_node]: 调用求解器前，distances shape: (4,), values: [       nan 4.66599989 3.78699994 5.36999989]
[INFO] [1753424711.784155886] [solver_node]: [PoseSolver] 第0个组合有4个有效解
[INFO] [1753424711.785012484] [solver_node]: [PoseSolver] 处理完第0个组合后的筛选结果:
[INFO] [1753424711.785793207] [solver_node]: [PoseSolver] 排序后的最终筛选结果:
[INFO] [1753424711.786561419] [solver_node]: [PoseSolver] 找到4个完美相容解 (相容数=N)
[INFO] [1753424711.787360991] [solver_node]: 求解器返回结果: [((4.226770858078017, 4.2287708580780174), (3.373876759570993, 3.3758767595709926), -0.9972858023302216), ((4.003892498399789, 4.005892498399789), (3.370604671000826, 3.372604671000826), -2.224233295800749), ((5.769229141921982, 5.7712291419219826), (4.624123240429007, 4.626123240429008), 2.1443068512595715), ((5.99210750160021, 5.994107501600211), (4.627395328999174, 4.629395328999174), 0.9173593577890439)]
[INFO] [1753424711.879329679] [solver_node]: 数据详情:
- 第一个元素类型: <class 'float'>
- 整个数组类型: <class 'array.array'>
- 数组长度: 4
- 示例值: array('f', [0.0, 4.665999889373779, 3.7869999408721924, 5.369999885559082])
[INFO] [1753424711.880809429] [solver_node]: 调用求解器前，distances shape: (4,), values: [       nan 4.66599989 3.78699994 5.36999989]
[INFO] [1753424711.883960644] [solver_node]: [PoseSolver] 第0个组合有4个有效解
[INFO] [1753424711.884816122] [solver_node]: [PoseSolver] 处理完第0个组合后的筛选结果:
[INFO] [1753424711.885677936] [solver_node]: [PoseSolver] 排序后的最终筛选结果:
[INFO] [1753424711.886583238] [solver_node]: [PoseSolver] 找到4个完美相容解 (相容数=N)
[INFO] [1753424711.887499870] [solver_node]: 求解器返回结果: [((4.226770858078017, 4.2287708580780174), (3.373876759570993, 3.3758767595709926), -0.9972858023302216), ((4.003892498399789, 4.005892498399789), (3.370604671000826, 3.372604671000826), -2.224233295800749), ((5.769229141921982, 5.7712291419219826), (4.624123240429007, 4.626123240429008), 2.1443068512595715), ((5.99210750160021, 5.994107501600211), (4.627395328999174, 4.629395328999174), 0.9173593577890439)]
[INFO] [1753424711.979330923] [solver_node]: 数据详情:
- 第一个元素类型: <class 'float'>
- 整个数组类型: <class 'array.array'>
- 数组长度: 4
- 示例值: array('f', [0.0, 4.665999889373779, 3.7869999408721924, 5.369999885559082])
[INFO] [1753424711.980780431] [solver_node]: 调用求解器前，distances shape: (4,), values: [       nan 4.66599989 3.78699994 5.36999989]
[INFO] [1753424711.983894910] [solver_node]: [PoseSolver] 第0个组合有4个有效解
[INFO] [1753424711.984714546] [solver_node]: [PoseSolver] 处理完第0个组合后的筛选结果:
[INFO] [1753424711.985440453] [solver_node]: [PoseSolver] 排序后的最终筛选结果:
[INFO] [1753424711.986160887] [solver_node]: [PoseSolver] 找到4个完美相容解 (相容数=N)
[INFO] [1753424711.986937194] [solver_node]: 求解器返回结果: [((4.226770858078017, 4.2287708580780174), (3.373876759570993, 3.3758767595709926), -0.9972858023302216), ((4.003892498399789, 4.005892498399789), (3.370604671000826, 3.372604671000826), -2.224233295800749), ((5.769229141921982, 5.7712291419219826), (4.624123240429007, 4.626123240429008), 2.1443068512595715), ((5.99210750160021, 5.994107501600211), (4.627395328999174, 4.629395328999174), 0.9173593577890439)]
[INFO] [1753424712.079138849] [solver_node]: 数据详情:
- 第一个元素类型: <class 'float'>
- 整个数组类型: <class 'array.array'>
- 数组长度: 4
- 示例值: array('f', [0.0, 4.665999889373779, 3.7869999408721924, 5.369999885559082])
[INFO] [1753424712.080599686] [solver_node]: 调用求解器前，distances shape: (4,), values: [       nan 4.66599989 3.78699994 5.36999989]
[INFO] [1753424712.083952122] [solver_node]: [PoseSolver] 第0个组合有4个有效解
[INFO] [1753424712.085000661] [solver_node]: [PoseSolver] 处理完第0个组合后的筛选结果:
[INFO] [1753424712.085987214] [solver_node]: [PoseSolver] 排序后的最终筛选结果:
[INFO] [1753424712.086889188] [solver_node]: [PoseSolver] 找到4个完美相容解 (相容数=N)
[INFO] [1753424712.087745178] [solver_node]: 求解器返回结果: [((4.226770858078017, 4.2287708580780174), (3.373876759570993, 3.3758767595709926), -0.9972858023302216), ((4.003892498399789, 4.005892498399789), (3.370604671000826, 3.372604671000826), -2.224233295800749), ((5.769229141921982, 5.7712291419219826), (4.624123240429007, 4.626123240429008), 2.1443068512595715), ((5.99210750160021, 5.994107501600211), (4.627395328999174, 4.629395328999174), 0.9173593577890439)]
[INFO] [1753424712.179416899] [solver_node]: 数据详情:
- 第一个元素类型: <class 'float'>
- 整个数组类型: <class 'array.array'>
- 数组长度: 4
- 示例值: array('f', [0.0, 4.665999889373779, 3.7869999408721924, 5.369999885559082])
[INFO] [1753424712.180899880] [solver_node]: 调用求解器前，distances shape: (4,), values: [       nan 4.66599989 3.78699994 5.36999989]
[INFO] [1753424712.184157755] [solver_node]: [PoseSolver] 第0个组合有4个有效解
[INFO] [1753424712.184993296] [solver_node]: [PoseSolver] 处理完第0个组合后的筛选结果:
[INFO] [1753424712.185754083] [solver_node]: [PoseSolver] 排序后的最终筛选结果:
[INFO] [1753424712.186478357] [solver_node]: [PoseSolver] 找到4个完美相容解 (相容数=N)
[INFO] [1753424712.187259529] [solver_node]: 求解器返回结果: [((4.226770858078017, 4.2287708580780174), (3.373876759570993, 3.3758767595709926), -0.9972858023302216), ((4.003892498399789, 4.005892498399789), (3.370604671000826, 3.372604671000826), -2.224233295800749), ((5.769229141921982, 5.7712291419219826), (4.624123240429007, 4.626123240429008), 2.1443068512595715), ((5.99210750160021, 5.994107501600211), (4.627395328999174, 4.629395328999174), 0.9173593577890439)]
[INFO] [1753424712.279244666] [solver_node]: 数据详情:
- 第一个元素类型: <class 'float'>
- 整个数组类型: <class 'array.array'>
- 数组长度: 4
- 示例值: array('f', [0.0, 4.665999889373779, 3.7869999408721924, 5.369999885559082])
[INFO] [1753424712.280699167] [solver_node]: 调用求解器前，distances shape: (4,), values: [       nan 4.66599989 3.78699994 5.36999989]
[INFO] [1753424712.283847374] [solver_node]: [PoseSolver] 第0个组合有4个有效解
[INFO] [1753424712.284707556] [solver_node]: [PoseSolver] 处理完第0个组合后的筛选结果:
[INFO] [1753424712.285591162] [solver_node]: [PoseSolver] 排序后的最终筛选结果:
[INFO] [1753424712.286508241] [solver_node]: [PoseSolver] 找到4个完美相容解 (相容数=N)
[INFO] [1753424712.287446345] [solver_node]: 求解器返回结果: [((4.226770858078017, 4.2287708580780174), (3.373876759570993, 3.3758767595709926), -0.9972858023302216), ((4.003892498399789, 4.005892498399789), (3.370604671000826, 3.372604671000826), -2.224233295800749), ((5.769229141921982, 5.7712291419219826), (4.624123240429007, 4.626123240429008), 2.1443068512595715), ((5.99210750160021, 5.994107501600211), (4.627395328999174, 4.629395328999174), 0.9173593577890439)]
[INFO] [1753424712.380594935] [solver_node]: 数据详情:
- 第一个元素类型: <class 'float'>
- 整个数组类型: <class 'array.array'>
- 数组长度: 4
- 示例值: array('f', [0.0, 4.665999889373779, 3.7869999408721924, 5.369999885559082])
[INFO] [1753424712.382005115] [solver_node]: 调用求解器前，distances shape: (4,), values: [       nan 4.66599989 3.78699994 5.36999989]
[INFO] [1753424712.385143914] [solver_node]: [PoseSolver] 第0个组合有4个有效解
[INFO] [1753424712.385996223] [solver_node]: [PoseSolver] 处理完第0个组合后的筛选结果:
[INFO] [1753424712.386776627] [solver_node]: [PoseSolver] 排序后的最终筛选结果:
[INFO] [1753424712.387522150] [solver_node]: [PoseSolver] 找到4个完美相容解 (相容数=N)
[INFO] [1753424712.388300634] [solver_node]: 求解器返回结果: [((4.226770858078017, 4.2287708580780174), (3.373876759570993, 3.3758767595709926), -0.9972858023302216), ((4.003892498399789, 4.005892498399789), (3.370604671000826, 3.372604671000826), -2.224233295800749), ((5.769229141921982, 5.7712291419219826), (4.624123240429007, 4.626123240429008), 2.1443068512595715), ((5.99210750160021, 5.994107501600211), (4.627395328999174, 4.629395328999174), 0.9173593577890439)]
[INFO] [1753424712.479176910] [solver_node]: 数据详情:
- 第一个元素类型: <class 'float'>
- 整个数组类型: <class 'array.array'>
- 数组长度: 4
- 示例值: array('f', [0.0, 4.665999889373779, 3.7869999408721924, 5.369999885559082])
[INFO] [1753424712.480615155] [solver_node]: 调用求解器前，distances shape: (4,), values: [       nan 4.66599989 3.78699994 5.36999989]
[INFO] [1753424712.483887909] [solver_node]: [PoseSolver] 第0个组合有4个有效解
[INFO] [1753424712.484771292] [solver_node]: [PoseSolver] 处理完第0个组合后的筛选结果:
[INFO] [1753424712.486422565] [solver_node]: [PoseSolver] 排序后的最终筛选结果:
[INFO] [1753424712.487187513] [solver_node]: [PoseSolver] 找到4个完美相容解 (相容数=N)
[INFO] [1753424712.487922571] [solver_node]: 求解器返回结果: [((4.226770858078017, 4.2287708580780174), (3.373876759570993, 3.3758767595709926), -0.9972858023302216), ((4.003892498399789, 4.005892498399789), (3.370604671000826, 3.372604671000826), -2.224233295800749), ((5.769229141921982, 5.7712291419219826), (4.624123240429007, 4.626123240429008), 2.1443068512595715), ((5.99210750160021, 5.994107501600211), (4.627395328999174, 4.629395328999174), 0.9173593577890439)]
[INFO] [1753424712.579943229] [solver_node]: 数据详情:
- 第一个元素类型: <class 'float'>
- 整个数组类型: <class 'array.array'>
- 数组长度: 4
- 示例值: array('f', [0.0, 4.665999889373779, 3.7869999408721924, 5.369999885559082])
[INFO] [1753424712.582105556] [solver_node]: 调用求解器前，distances shape: (4,), values: [       nan 4.66599989 3.78699994 5.36999989]
[INFO] [1753424712.585872627] [solver_node]: [PoseSolver] 第0个组合有4个有效解
[INFO] [1753424712.586714728] [solver_node]: [PoseSolver] 处理完第0个组合后的筛选结果:
[INFO] [1753424712.587414809] [solver_node]: [PoseSolver] 排序后的最终筛选结果:
[INFO] [1753424712.588107019] [solver_node]: [PoseSolver] 找到4个完美相容解 (相容数=N)
[INFO] [1753424712.588916895] [solver_node]: 求解器返回结果: [((4.226770858078017, 4.2287708580780174), (3.373876759570993, 3.3758767595709926), -0.9972858023302216), ((4.003892498399789, 4.005892498399789), (3.370604671000826, 3.372604671000826), -2.224233295800749), ((5.769229141921982, 5.7712291419219826), (4.624123240429007, 4.626123240429008), 2.1443068512595715), ((5.99210750160021, 5.994107501600211), (4.627395328999174, 4.629395328999174), 0.9173593577890439)]
[INFO] [1753424712.679287976] [solver_node]: 数据详情:
- 第一个元素类型: <class 'float'>
- 整个数组类型: <class 'array.array'>
- 数组长度: 4
- 示例值: array('f', [0.0, 4.665999889373779, 3.7869999408721924, 5.369999885559082])
[INFO] [1753424712.680825646] [solver_node]: 调用求解器前，distances shape: (4,), values: [       nan 4.66599989 3.78699994 5.36999989]
[INFO] [1753424712.684031615] [solver_node]: [PoseSolver] 第0个组合有4个有效解
[INFO] [1753424712.684843668] [solver_node]: [PoseSolver] 处理完第0个组合后的筛选结果:
[INFO] [1753424712.685587303] [solver_node]: [PoseSolver] 排序后的最终筛选结果:
[INFO] [1753424712.686291192] [solver_node]: [PoseSolver] 找到4个完美相容解 (相容数=N)
[INFO] [1753424712.687042443] [solver_node]: 求解器返回结果: [((4.226770858078017, 4.2287708580780174), (3.373876759570993, 3.3758767595709926), -0.9972858023302216), ((4.003892498399789, 4.005892498399789), (3.370604671000826, 3.372604671000826), -2.224233295800749), ((5.769229141921982, 5.7712291419219826), (4.624123240429007, 4.626123240429008), 2.1443068512595715), ((5.99210750160021, 5.994107501600211), (4.627395328999174, 4.629395328999174), 0.9173593577890439)]
[INFO] [1753424712.779594826] [solver_node]: 数据详情:
- 第一个元素类型: <class 'float'>
- 整个数组类型: <class 'array.array'>
- 数组长度: 4
- 示例值: array('f', [0.0, 4.665999889373779, 3.7869999408721924, 5.369999885559082])
[INFO] [1753424712.781036815] [solver_node]: 调用求解器前，distances shape: (4,), values: [       nan 4.66599989 3.78699994 5.36999989]
[INFO] [1753424712.784413252] [solver_node]: [PoseSolver] 第0个组合有4个有效解
[INFO] [1753424712.785212696] [solver_node]: [PoseSolver] 处理完第0个组合后的筛选结果:
[INFO] [1753424712.785918506] [solver_node]: [PoseSolver] 排序后的最终筛选结果:
[INFO] [1753424712.786601147] [solver_node]: [PoseSolver] 找到4个完美相容解 (相容数=N)
[INFO] [1753424712.787355566] [solver_node]: 求解器返回结果: [((4.226770858078017, 4.2287708580780174), (3.373876759570993, 3.3758767595709926), -0.9972858023302216), ((4.003892498399789, 4.005892498399789), (3.370604671000826, 3.372604671000826), -2.224233295800749), ((5.769229141921982, 5.7712291419219826), (4.624123240429007, 4.626123240429008), 2.1443068512595715), ((5.99210750160021, 5.994107501600211), (4.627395328999174, 4.629395328999174), 0.9173593577890439)]
[INFO] [1753424712.879188859] [solver_node]: 数据详情:
- 第一个元素类型: <class 'float'>
- 整个数组类型: <class 'array.array'>
- 数组长度: 4
- 示例值: array('f', [0.0, 4.665999889373779, 3.7869999408721924, 5.369999885559082])
[INFO] [1753424712.880597247] [solver_node]: 调用求解器前，distances shape: (4,), values: [       nan 4.66599989 3.78699994 5.36999989]
[INFO] [1753424712.883703629] [solver_node]: [PoseSolver] 第0个组合有4个有效解
[INFO] [1753424712.884490209] [solver_node]: [PoseSolver] 处理完第0个组合后的筛选结果:
[INFO] [1753424712.885218772] [solver_node]: [PoseSolver] 排序后的最终筛选结果:
[INFO] [1753424712.885922981] [solver_node]: [PoseSolver] 找到4个完美相容解 (相容数=N)
[INFO] [1753424712.886648152] [solver_node]: 求解器返回结果: [((4.226770858078017, 4.2287708580780174), (3.373876759570993, 3.3758767595709926), -0.9972858023302216), ((4.003892498399789, 4.005892498399789), (3.370604671000826, 3.372604671000826), -2.224233295800749), ((5.769229141921982, 5.7712291419219826), (4.624123240429007, 4.626123240429008), 2.1443068512595715), ((5.99210750160021, 5.994107501600211), (4.627395328999174, 4.629395328999174), 0.9173593577890439)]
[INFO] [1753424712.979751461] [solver_node]: 数据详情:
- 第一个元素类型: <class 'float'>
- 整个数组类型: <class 'array.array'>
- 数组长度: 4
- 示例值: array('f', [0.0, 4.665999889373779, 3.7869999408721924, 5.369999885559082])
[INFO] [1753424712.981363981] [solver_node]: 调用求解器前，distances shape: (4,), values: [       nan 4.66599989 3.78699994 5.36999989]
[INFO] [1753424712.984592959] [solver_node]: [PoseSolver] 第0个组合有4个有效解
[INFO] [1753424712.985402355] [solver_node]: [PoseSolver] 处理完第0个组合后的筛选结果:
[INFO] [1753424712.986914874] [solver_node]: [PoseSolver] 排序后的最终筛选结果:
[INFO] [1753424712.987616907] [solver_node]: [PoseSolver] 找到4个完美相容解 (相容数=N)
[INFO] [1753424712.989681663] [solver_node]: 求解器返回结果: [((4.226770858078017, 4.2287708580780174), (3.373876759570993, 3.3758767595709926), -0.9972858023302216), ((4.003892498399789, 4.005892498399789), (3.370604671000826, 3.372604671000826), -2.224233295800749), ((5.769229141921982, 5.7712291419219826), (4.624123240429007, 4.626123240429008), 2.1443068512595715), ((5.99210750160021, 5.994107501600211), (4.627395328999174, 4.629395328999174), 0.9173593577890439)]
[INFO] [1753424713.080415057] [solver_node]: 数据详情:
- 第一个元素类型: <class 'float'>
- 整个数组类型: <class 'array.array'>
- 数组长度: 4
- 示例值: array('f', [0.0, 4.665999889373779, 3.7869999408721924, 5.369999885559082])
[INFO] [1753424713.083193687] [solver_node]: 调用求解器前，distances shape: (4,), values: [       nan 4.66599989 3.78699994 5.36999989]
[INFO] [1753424713.087547205] [solver_node]: [PoseSolver] 第0个组合有4个有效解
[INFO] [1753424713.088684545] [solver_node]: [PoseSolver] 处理完第0个组合后的筛选结果:
[INFO] [1753424713.089684315] [solver_node]: [PoseSolver] 排序后的最终筛选结果:
[INFO] [1753424713.090586545] [solver_node]: [PoseSolver] 找到4个完美相容解 (相容数=N)
[INFO] [1753424713.091523401] [solver_node]: 求解器返回结果: [((4.226770858078017, 4.2287708580780174), (3.373876759570993, 3.3758767595709926), -0.9972858023302216), ((4.003892498399789, 4.005892498399789), (3.370604671000826, 3.372604671000826), -2.224233295800749), ((5.769229141921982, 5.7712291419219826), (4.624123240429007, 4.626123240429008), 2.1443068512595715), ((5.99210750160021, 5.994107501600211), (4.627395328999174, 4.629395328999174), 0.9173593577890439)]
[INFO] [1753424713.179288560] [solver_node]: 数据详情:
- 第一个元素类型: <class 'float'>
- 整个数组类型: <class 'array.array'>
- 数组长度: 4
- 示例值: array('f', [0.0, 4.665999889373779, 3.7869999408721924, 5.369999885559082])
[INFO] [1753424713.180808886] [solver_node]: 调用求解器前，distances shape: (4,), values: [       nan 4.66599989 3.78699994 5.36999989]
[INFO] [1753424713.184093385] [solver_node]: [PoseSolver] 第0个组合有4个有效解
[INFO] [1753424713.184939422] [solver_node]: [PoseSolver] 处理完第0个组合后的筛选结果:
[INFO] [1753424713.185719026] [solver_node]: [PoseSolver] 排序后的最终筛选结果:
[INFO] [1753424713.186441956] [solver_node]: [PoseSolver] 找到4个完美相容解 (相容数=N)
[INFO] [1753424713.187203127] [solver_node]: 求解器返回结果: [((4.226770858078017, 4.2287708580780174), (3.373876759570993, 3.3758767595709926), -0.9972858023302216), ((4.003892498399789, 4.005892498399789), (3.370604671000826, 3.372604671000826), -2.224233295800749), ((5.769229141921982, 5.7712291419219826), (4.624123240429007, 4.626123240429008), 2.1443068512595715), ((5.99210750160021, 5.994107501600211), (4.627395328999174, 4.629395328999174), 0.9173593577890439)]
[INFO] [1753424713.279357420] [solver_node]: 数据详情:
- 第一个元素类型: <class 'float'>
- 整个数组类型: <class 'array.array'>
- 数组长度: 4
- 示例值: array('f', [0.0, 4.665999889373779, 3.7869999408721924, 5.369999885559082])
[INFO] [1753424713.280790353] [solver_node]: 调用求解器前，distances shape: (4,), values: [       nan 4.66599989 3.78699994 5.36999989]
[INFO] [1753424713.283853854] [solver_node]: [PoseSolver] 第0个组合有4个有效解
[INFO] [1753424713.284646482] [solver_node]: [PoseSolver] 处理完第0个组合后的筛选结果:
[INFO] [1753424713.285363780] [solver_node]: [PoseSolver] 排序后的最终筛选结果:
[INFO] [1753424713.286777064] [solver_node]: [PoseSolver] 找到4个完美相容解 (相容数=N)
[INFO] [1753424713.288245069] [solver_node]: 求解器返回结果: [((4.226770858078017, 4.2287708580780174), (3.373876759570993, 3.3758767595709926), -0.9972858023302216), ((4.003892498399789, 4.005892498399789), (3.370604671000826, 3.372604671000826), -2.224233295800749), ((5.769229141921982, 5.7712291419219826), (4.624123240429007, 4.626123240429008), 2.1443068512595715), ((5.99210750160021, 5.994107501600211), (4.627395328999174, 4.629395328999174), 0.9173593577890439)]
[INFO] [1753424713.379869141] [solver_node]: 数据详情:
- 第一个元素类型: <class 'float'>
- 整个数组类型: <class 'array.array'>
- 数组长度: 4
- 示例值: array('f', [0.0, 4.665999889373779, 3.7869999408721924, 5.369999885559082])
[INFO] [1753424713.382286098] [solver_node]: 调用求解器前，distances shape: (4,), values: [       nan 4.66599989 3.78699994 5.36999989]
[INFO] [1753424713.386084209] [solver_node]: [PoseSolver] 第0个组合有4个有效解
[INFO] [1753424713.387645241] [solver_node]: [PoseSolver] 处理完第0个组合后的筛选结果:
[INFO] [1753424713.388480206] [solver_node]: [PoseSolver] 排序后的最终筛选结果:
[INFO] [1753424713.389403045] [solver_node]: [PoseSolver] 找到4个完美相容解 (相容数=N)
[INFO] [1753424713.390182297] [solver_node]: 求解器返回结果: [((4.226770858078017, 4.2287708580780174), (3.373876759570993, 3.3758767595709926), -0.9972858023302216), ((4.003892498399789, 4.005892498399789), (3.370604671000826, 3.372604671000826), -2.224233295800749), ((5.769229141921982, 5.7712291419219826), (4.624123240429007, 4.626123240429008), 2.1443068512595715), ((5.99210750160021, 5.994107501600211), (4.627395328999174, 4.629395328999174), 0.9173593577890439)]
[INFO] [1753424713.479416388] [solver_node]: 数据详情:
- 第一个元素类型: <class 'float'>
- 整个数组类型: <class 'array.array'>
- 数组长度: 4
- 示例值: array('f', [0.0, 4.665999889373779, 3.7869999408721924, 5.369999885559082])
[INFO] [1753424713.480956555] [solver_node]: 调用求解器前，distances shape: (4,), values: [       nan 4.66599989 3.78699994 5.36999989]
[INFO] [1753424713.484332608] [solver_node]: [PoseSolver] 第0个组合有4个有效解
[INFO] [1753424713.485282232] [solver_node]: [PoseSolver] 处理完第0个组合后的筛选结果:
[INFO] [1753424713.486175023] [solver_node]: [PoseSolver] 排序后的最终筛选结果:
[INFO] [1753424713.486955587] [solver_node]: [PoseSolver] 找到4个完美相容解 (相容数=N)
[INFO] [1753424713.487708726] [solver_node]: 求解器返回结果: [((4.226770858078017, 4.2287708580780174), (3.373876759570993, 3.3758767595709926), -0.9972858023302216), ((4.003892498399789, 4.005892498399789), (3.370604671000826, 3.372604671000826), -2.224233295800749), ((5.769229141921982, 5.7712291419219826), (4.624123240429007, 4.626123240429008), 2.1443068512595715), ((5.99210750160021, 5.994107501600211), (4.627395328999174, 4.629395328999174), 0.9173593577890439)]
[INFO] [1753424713.579394431] [solver_node]: 数据详情:
- 第一个元素类型: <class 'float'>
- 整个数组类型: <class 'array.array'>
- 数组长度: 4
- 示例值: array('f', [0.0, 4.665999889373779, 3.7869999408721924, 5.369999885559082])
[INFO] [1753424713.580987271] [solver_node]: 调用求解器前，distances shape: (4,), values: [       nan 4.66599989 3.78699994 5.36999989]
[INFO] [1753424713.584298747] [solver_node]: [PoseSolver] 第0个组合有4个有效解
[INFO] [1753424713.585225394] [solver_node]: [PoseSolver] 处理完第0个组合后的筛选结果:
[INFO] [1753424713.585949349] [solver_node]: [PoseSolver] 排序后的最终筛选结果:
[INFO] [1753424713.586714808] [solver_node]: [PoseSolver] 找到4个完美相容解 (相容数=N)
[INFO] [1753424713.587474251] [solver_node]: 求解器返回结果: [((4.226770858078017, 4.2287708580780174), (3.373876759570993, 3.3758767595709926), -0.9972858023302216), ((4.003892498399789, 4.005892498399789), (3.370604671000826, 3.372604671000826), -2.224233295800749), ((5.769229141921982, 5.7712291419219826), (4.624123240429007, 4.626123240429008), 2.1443068512595715), ((5.99210750160021, 5.994107501600211), (4.627395328999174, 4.629395328999174), 0.9173593577890439)]
[INFO] [1753424713.679364026] [solver_node]: 数据详情:
- 第一个元素类型: <class 'float'>
- 整个数组类型: <class 'array.array'>
- 数组长度: 4
- 示例值: array('f', [0.0, 4.665999889373779, 3.7869999408721924, 5.369999885559082])
[INFO] [1753424713.680837855] [solver_node]: 调用求解器前，distances shape: (4,), values: [       nan 4.66599989 3.78699994 5.36999989]
[INFO] [1753424713.684047696] [solver_node]: [PoseSolver] 第0个组合有4个有效解
[INFO] [1753424713.684918502] [solver_node]: [PoseSolver] 处理完第0个组合后的筛选结果:
[INFO] [1753424713.685704154] [solver_node]: [PoseSolver] 排序后的最终筛选结果:
[INFO] [1753424713.686463469] [solver_node]: [PoseSolver] 找到4个完美相容解 (相容数=N)
[INFO] [1753424713.687237568] [solver_node]: 求解器返回结果: [((4.226770858078017, 4.2287708580780174), (3.373876759570993, 3.3758767595709926), -0.9972858023302216), ((4.003892498399789, 4.005892498399789), (3.370604671000826, 3.372604671000826), -2.224233295800749), ((5.769229141921982, 5.7712291419219826), (4.624123240429007, 4.626123240429008), 2.1443068512595715), ((5.99210750160021, 5.994107501600211), (4.627395328999174, 4.629395328999174), 0.9173593577890439)]
[INFO] [1753424713.779489304] [solver_node]: 数据详情:
- 第一个元素类型: <class 'float'>
- 整个数组类型: <class 'array.array'>
- 数组长度: 4
- 示例值: array('f', [0.0, 4.665999889373779, 3.7869999408721924, 5.369999885559082])
[INFO] [1753424713.780952349] [solver_node]: 调用求解器前，distances shape: (4,), values: [       nan 4.66599989 3.78699994 5.36999989]
[INFO] [1753424713.785264266] [solver_node]: [PoseSolver] 第0个组合有4个有效解
[INFO] [1753424713.786152288] [solver_node]: [PoseSolver] 处理完第0个组合后的筛选结果:
[INFO] [1753424713.786929812] [solver_node]: [PoseSolver] 排序后的最终筛选结果:
[INFO] [1753424713.787666054] [solver_node]: [PoseSolver] 找到4个完美相容解 (相容数=N)
[INFO] [1753424713.788431866] [solver_node]: 求解器返回结果: [((4.226770858078017, 4.2287708580780174), (3.373876759570993, 3.3758767595709926), -0.9972858023302216), ((4.003892498399789, 4.005892498399789), (3.370604671000826, 3.372604671000826), -2.224233295800749), ((5.769229141921982, 5.7712291419219826), (4.624123240429007, 4.626123240429008), 2.1443068512595715), ((5.99210750160021, 5.994107501600211), (4.627395328999174, 4.629395328999174), 0.9173593577890439)]
[INFO] [1753424713.879173035] [solver_node]: 数据详情:
- 第一个元素类型: <class 'float'>
- 整个数组类型: <class 'array.array'>
- 数组长度: 4
- 示例值: array('f', [0.0, 4.665999889373779, 3.7869999408721924, 5.369999885559082])
[INFO] [1753424713.880590351] [solver_node]: 调用求解器前，distances shape: (4,), values: [       nan 4.66599989 3.78699994 5.36999989]
[INFO] [1753424713.883730974] [solver_node]: [PoseSolver] 第0个组合有4个有效解
[INFO] [1753424713.884572947] [solver_node]: [PoseSolver] 处理完第0个组合后的筛选结果:
[INFO] [1753424713.885345383] [solver_node]: [PoseSolver] 排序后的最终筛选结果:
[INFO] [1753424713.886101434] [solver_node]: [PoseSolver] 找到4个完美相容解 (相容数=N)
[INFO] [1753424713.886925903] [solver_node]: 求解器返回结果: [((4.226770858078017, 4.2287708580780174), (3.373876759570993, 3.3758767595709926), -0.9972858023302216), ((4.003892498399789, 4.005892498399789), (3.370604671000826, 3.372604671000826), -2.224233295800749), ((5.769229141921982, 5.7712291419219826), (4.624123240429007, 4.626123240429008), 2.1443068512595715), ((5.99210750160021, 5.994107501600211), (4.627395328999174, 4.629395328999174), 0.9173593577890439)]
[INFO] [1753424713.979783094] [solver_node]: 数据详情:
- 第一个元素类型: <class 'float'>
- 整个数组类型: <class 'array.array'>
- 数组长度: 4
- 示例值: array('f', [0.0, 4.665999889373779, 3.7869999408721924, 5.369999885559082])
[INFO] [1753424713.981226362] [solver_node]: 调用求解器前，distances shape: (4,), values: [       nan 4.66599989 3.78699994 5.36999989]
[INFO] [1753424713.984590479] [solver_node]: [PoseSolver] 第0个组合有4个有效解
[INFO] [1753424713.985448069] [solver_node]: [PoseSolver] 处理完第0个组合后的筛选结果:
[INFO] [1753424713.987446391] [solver_node]: [PoseSolver] 排序后的最终筛选结果:
[INFO] [1753424713.989150978] [solver_node]: [PoseSolver] 找到4个完美相容解 (相容数=N)
[INFO] [1753424713.989971415] [solver_node]: 求解器返回结果: [((4.226770858078017, 4.2287708580780174), (3.373876759570993, 3.3758767595709926), -0.9972858023302216), ((4.003892498399789, 4.005892498399789), (3.370604671000826, 3.372604671000826), -2.224233295800749), ((5.769229141921982, 5.7712291419219826), (4.624123240429007, 4.626123240429008), 2.1443068512595715), ((5.99210750160021, 5.994107501600211), (4.627395328999174, 4.629395328999174), 0.9173593577890439)]
