[INFO] [1753424085.759198642] [visualizer_node]: Initializing VisualizerNode...
[INFO] [1753424085.760830554] [visualizer_node]: Using fixed frame: odom
[INFO] [1753424085.761546699] [visualizer_node]: Loading configuration...
[INFO] [1753424085.767753763] [visualizer_node]: formatted_laser_config: [((0.37212, 1.55), 1.5708), ((0.37212, -1.55), -1.5708), ((0.37241, 0.45), 0.0), ((0.36471, 3.82), 3.1416)]
[INFO] [1753424085.768762555] [visualizer_node]: Configuration loaded successfully.
[INFO] [1753424085.780119408] [visualizer_node]: TF broadcaster initialized
[INFO] [1753424085.788621759] [visualizer_node]: Publisher initialized for boundary markers
[INFO] [1753424085.789383826] [visualizer_node]: Marker ID and color map initialized
[INFO] [1753424085.790327593] [visualizer_node]: Boundary publisher timer initialized
[INFO] [1753424085.791150685] [visualizer_node]: VisualizerNode initialized and ready to visualize.
[INFO] [1753424085.791806765] [visualizer_node_main]: VisualizerNode is running...
[INFO] [1753424086.791620976] [visualizer_node]: Published all markers and TFs
[INFO] [1753424087.791162383] [visualizer_node]: Published all markers and TFs
[INFO] [1753424088.791122394] [visualizer_node]: Published all markers and TFs
[INFO] [1753424089.791040806] [visualizer_node]: Published all markers and TFs
[INFO] [1753424090.792058544] [visualizer_node]: Published all markers and TFs
[INFO] [1753424091.791367794] [visualizer_node]: Published all markers and TFs
[INFO] [1753424092.791395912] [visualizer_node]: Published all markers and TFs
[INFO] [1753424093.791183450] [visualizer_node]: Published all markers and TFs
[INFO] [1753424094.792746714] [visualizer_node]: Published all markers and TFs
[INFO] [1753424095.791660316] [visualizer_node]: Published all markers and TFs
[INFO] [1753424096.791455509] [visualizer_node]: Published all markers and TFs
[INFO] [1753424097.794451359] [visualizer_node]: Published all markers and TFs
[INFO] [1753424098.794082169] [visualizer_node]: Published all markers and TFs
[INFO] [1753424099.792460567] [visualizer_node]: Published all markers and TFs
[INFO] [1753424100.791810222] [visualizer_node]: Published all markers and TFs
[INFO] [1753424101.791088902] [visualizer_node]: Published all markers and TFs
[INFO] [1753424102.792221518] [visualizer_node]: Published all markers and TFs
[INFO] [1753424103.791567949] [visualizer_node]: Published all markers and TFs
[INFO] [1753424104.791186804] [visualizer_node]: Published all markers and TFs
[INFO] [1753424105.791166278] [visualizer_node]: Published all markers and TFs
[INFO] [1753424106.791129786] [visualizer_node]: Published all markers and TFs
[INFO] [1753424107.791466490] [visualizer_node]: Published all markers and TFs
[INFO] [1753424108.791221933] [visualizer_node]: Published all markers and TFs
