[INFO] [1753424571.032555635] [solver_node]: [Case1BatchSolver] Case1BatchSolver初始化完成: 场地尺寸: 9.998x8.0, 容差: 0.001
[INFO] [1753424571.033520587] [solver_node]: [Case3BatchSolver] Case3BatchSolver初始化完成: 场地尺寸: 9.998x8.0, 容差: 0.001
[INFO] [1753424571.034217053] [solver_node]: [PoseSolver] PoseSolver初始化完成: 场地(9.998x8.0), 4个激光
[INFO] [1753424571.198560669] [solver_node]: 数据详情:
- 第一个元素类型: <class 'float'>
- 整个数组类型: <class 'array.array'>
- 数组长度: 4
- 示例值: array('f', [0.0, 4.664999961853027, 1.8300000429153442, 5.369999885559082])
[INFO] [1753424571.200478765] [solver_node]: 调用求解器前，distances shape: (4,), values: [       nan 4.66499996 1.83000004 5.36999989]
[INFO] [1753424571.204391664] [solver_node]: 求解器返回结果: []
[INFO] [1753424571.251509167] [solver_node]: 数据详情:
- 第一个元素类型: <class 'float'>
- 整个数组类型: <class 'array.array'>
- 数组长度: 4
- 示例值: array('f', [0.0, 4.664999961853027, 1.8300000429153442, 5.369999885559082])
[INFO] [1753424571.253125592] [solver_node]: 调用求解器前，distances shape: (4,), values: [       nan 4.66499996 1.83000004 5.36999989]
[INFO] [1753424571.256119395] [solver_node]: 求解器返回结果: []
[INFO] [1753424571.351266745] [solver_node]: 数据详情:
- 第一个元素类型: <class 'float'>
- 整个数组类型: <class 'array.array'>
- 数组长度: 4
- 示例值: array('f', [0.0, 4.664999961853027, 1.8300000429153442, 5.369999885559082])
[INFO] [1753424571.352814080] [solver_node]: 调用求解器前，distances shape: (4,), values: [       nan 4.66499996 1.83000004 5.36999989]
[INFO] [1753424571.355722761] [solver_node]: 求解器返回结果: []
[INFO] [1753424571.451247529] [solver_node]: 数据详情:
- 第一个元素类型: <class 'float'>
- 整个数组类型: <class 'array.array'>
- 数组长度: 4
- 示例值: array('f', [0.0, 4.664999961853027, 1.8300000429153442, 5.369999885559082])
[INFO] [1753424571.452921139] [solver_node]: 调用求解器前，distances shape: (4,), values: [       nan 4.66499996 1.83000004 5.36999989]
[INFO] [1753424571.455972320] [solver_node]: 求解器返回结果: []
[INFO] [1753424571.551190200] [solver_node]: 数据详情:
- 第一个元素类型: <class 'float'>
- 整个数组类型: <class 'array.array'>
- 数组长度: 4
- 示例值: array('f', [0.0, 4.664999961853027, 1.8300000429153442, 5.369999885559082])
[INFO] [1753424571.552749983] [solver_node]: 调用求解器前，distances shape: (4,), values: [       nan 4.66499996 1.83000004 5.36999989]
[INFO] [1753424571.555612103] [solver_node]: 求解器返回结果: []
[INFO] [1753424571.651090053] [solver_node]: 数据详情:
- 第一个元素类型: <class 'float'>
- 整个数组类型: <class 'array.array'>
- 数组长度: 4
- 示例值: array('f', [0.0, 4.664999961853027, 1.8300000429153442, 5.369999885559082])
[INFO] [1753424571.652588587] [solver_node]: 调用求解器前，distances shape: (4,), values: [       nan 4.66499996 1.83000004 5.36999989]
[INFO] [1753424571.660720727] [solver_node]: 求解器返回结果: []
[INFO] [1753424571.751726565] [solver_node]: 数据详情:
- 第一个元素类型: <class 'float'>
- 整个数组类型: <class 'array.array'>
- 数组长度: 4
- 示例值: array('f', [0.0, 4.664999961853027, 1.8300000429153442, 5.369999885559082])
[INFO] [1753424571.753173769] [solver_node]: 调用求解器前，distances shape: (4,), values: [       nan 4.66499996 1.83000004 5.36999989]
[INFO] [1753424571.755813548] [solver_node]: 求解器返回结果: []
[INFO] [1753424571.851581938] [solver_node]: 数据详情:
- 第一个元素类型: <class 'float'>
- 整个数组类型: <class 'array.array'>
- 数组长度: 4
- 示例值: array('f', [0.0, 4.664999961853027, 1.8300000429153442, 5.369999885559082])
[INFO] [1753424571.853373919] [solver_node]: 调用求解器前，distances shape: (4,), values: [       nan 4.66499996 1.83000004 5.36999989]
[INFO] [1753424571.860077415] [solver_node]: 求解器返回结果: []
[INFO] [1753424571.951681060] [solver_node]: 数据详情:
- 第一个元素类型: <class 'float'>
- 整个数组类型: <class 'array.array'>
- 数组长度: 4
- 示例值: array('f', [0.0, 4.664999961853027, 1.8300000429153442, 5.369999885559082])
[INFO] [1753424571.953105576] [solver_node]: 调用求解器前，distances shape: (4,), values: [       nan 4.66499996 1.83000004 5.36999989]
[INFO] [1753424571.955760011] [solver_node]: 求解器返回结果: []
[INFO] [1753424572.051203304] [solver_node]: 数据详情:
- 第一个元素类型: <class 'float'>
- 整个数组类型: <class 'array.array'>
- 数组长度: 4
- 示例值: array('f', [0.0, 4.664999961853027, 1.8300000429153442, 5.369999885559082])
[INFO] [1753424572.052631020] [solver_node]: 调用求解器前，distances shape: (4,), values: [       nan 4.66499996 1.83000004 5.36999989]
[INFO] [1753424572.055281391] [solver_node]: 求解器返回结果: []
[INFO] [1753424572.151526240] [solver_node]: 数据详情:
- 第一个元素类型: <class 'float'>
- 整个数组类型: <class 'array.array'>
- 数组长度: 4
- 示例值: array('f', [0.0, 4.664999961853027, 1.8300000429153442, 5.369999885559082])
[INFO] [1753424572.152979109] [solver_node]: 调用求解器前，distances shape: (4,), values: [       nan 4.66499996 1.83000004 5.36999989]
[INFO] [1753424572.155608071] [solver_node]: 求解器返回结果: []
[INFO] [1753424572.251504880] [solver_node]: 数据详情:
- 第一个元素类型: <class 'float'>
- 整个数组类型: <class 'array.array'>
- 数组长度: 4
- 示例值: array('f', [0.0, 4.664999961853027, 1.8300000429153442, 5.369999885559082])
[INFO] [1753424572.252948372] [solver_node]: 调用求解器前，distances shape: (4,), values: [       nan 4.66499996 1.83000004 5.36999989]
[INFO] [1753424572.255802300] [solver_node]: 求解器返回结果: []
[INFO] [1753424572.351477280] [solver_node]: 数据详情:
- 第一个元素类型: <class 'float'>
- 整个数组类型: <class 'array.array'>
- 数组长度: 4
- 示例值: array('f', [0.0, 4.664999961853027, 1.8300000429153442, 5.369999885559082])
[INFO] [1753424572.352935844] [solver_node]: 调用求解器前，distances shape: (4,), values: [       nan 4.66499996 1.83000004 5.36999989]
[INFO] [1753424572.355708138] [solver_node]: 求解器返回结果: []
[INFO] [1753424572.451086662] [solver_node]: 数据详情:
- 第一个元素类型: <class 'float'>
- 整个数组类型: <class 'array.array'>
- 数组长度: 4
- 示例值: array('f', [0.0, 4.664999961853027, 1.8300000429153442, 5.369999885559082])
[INFO] [1753424572.452552043] [solver_node]: 调用求解器前，distances shape: (4,), values: [       nan 4.66499996 1.83000004 5.36999989]
[INFO] [1753424572.455308464] [solver_node]: 求解器返回结果: []
[INFO] [1753424572.551332764] [solver_node]: 数据详情:
- 第一个元素类型: <class 'float'>
- 整个数组类型: <class 'array.array'>
- 数组长度: 4
- 示例值: array('f', [0.0, 4.664999961853027, 1.8300000429153442, 5.369999885559082])
[INFO] [1753424572.552773120] [solver_node]: 调用求解器前，distances shape: (4,), values: [       nan 4.66499996 1.83000004 5.36999989]
[INFO] [1753424572.555604807] [solver_node]: 求解器返回结果: []
[INFO] [1753424572.651390062] [solver_node]: 数据详情:
- 第一个元素类型: <class 'float'>
- 整个数组类型: <class 'array.array'>
- 数组长度: 4
- 示例值: array('f', [0.0, 4.664999961853027, 1.8300000429153442, 5.369999885559082])
[INFO] [1753424572.652860307] [solver_node]: 调用求解器前，distances shape: (4,), values: [       nan 4.66499996 1.83000004 5.36999989]
[INFO] [1753424572.655659353] [solver_node]: 求解器返回结果: []
[INFO] [1753424572.753423633] [solver_node]: 数据详情:
- 第一个元素类型: <class 'float'>
- 整个数组类型: <class 'array.array'>
- 数组长度: 4
- 示例值: array('f', [0.0, 4.664999961853027, 1.8300000429153442, 5.369999885559082])
[INFO] [1753424572.756425148] [solver_node]: 调用求解器前，distances shape: (4,), values: [       nan 4.66499996 1.83000004 5.36999989]
[INFO] [1753424572.763358347] [solver_node]: 求解器返回结果: []
[INFO] [1753424572.851862778] [solver_node]: 数据详情:
- 第一个元素类型: <class 'float'>
- 整个数组类型: <class 'array.array'>
- 数组长度: 4
- 示例值: array('f', [0.0, 4.664999961853027, 1.8300000429153442, 5.369999885559082])
[INFO] [1753424572.853388128] [solver_node]: 调用求解器前，distances shape: (4,), values: [       nan 4.66499996 1.83000004 5.36999989]
[INFO] [1753424572.856414508] [solver_node]: 求解器返回结果: []
[INFO] [1753424572.951280731] [solver_node]: 数据详情:
- 第一个元素类型: <class 'float'>
- 整个数组类型: <class 'array.array'>
- 数组长度: 4
- 示例值: array('f', [0.0, 4.664999961853027, 1.8300000429153442, 5.369999885559082])
[INFO] [1753424572.952786465] [solver_node]: 调用求解器前，distances shape: (4,), values: [       nan 4.66499996 1.83000004 5.36999989]
[INFO] [1753424572.955926192] [solver_node]: 求解器返回结果: []
[INFO] [1753424573.051447088] [solver_node]: 数据详情:
- 第一个元素类型: <class 'float'>
- 整个数组类型: <class 'array.array'>
- 数组长度: 4
- 示例值: array('f', [0.0, 4.664999961853027, 1.8300000429153442, 5.369999885559082])
[INFO] [1753424573.053262365] [solver_node]: 调用求解器前，distances shape: (4,), values: [       nan 4.66499996 1.83000004 5.36999989]
[INFO] [1753424573.056076932] [solver_node]: 求解器返回结果: []
[INFO] [1753424573.152034127] [solver_node]: 数据详情:
- 第一个元素类型: <class 'float'>
- 整个数组类型: <class 'array.array'>
- 数组长度: 4
- 示例值: array('f', [0.0, 4.664999961853027, 1.8300000429153442, 5.369999885559082])
[INFO] [1753424573.153628183] [solver_node]: 调用求解器前，distances shape: (4,), values: [       nan 4.66499996 1.83000004 5.36999989]
[INFO] [1753424573.156480062] [solver_node]: 求解器返回结果: []
[INFO] [1753424573.252749137] [solver_node]: 数据详情:
- 第一个元素类型: <class 'float'>
- 整个数组类型: <class 'array.array'>
- 数组长度: 4
- 示例值: array('f', [0.0, 4.664999961853027, 1.8300000429153442, 5.369999885559082])
[INFO] [1753424573.254908199] [solver_node]: 调用求解器前，distances shape: (4,), values: [       nan 4.66499996 1.83000004 5.36999989]
[INFO] [1753424573.258341822] [solver_node]: 求解器返回结果: []
[INFO] [1753424573.351929037] [solver_node]: 数据详情:
- 第一个元素类型: <class 'float'>
- 整个数组类型: <class 'array.array'>
- 数组长度: 4
- 示例值: array('f', [0.0, 4.664999961853027, 1.8300000429153442, 5.369999885559082])
[INFO] [1753424573.353522933] [solver_node]: 调用求解器前，distances shape: (4,), values: [       nan 4.66499996 1.83000004 5.36999989]
[INFO] [1753424573.356663524] [solver_node]: 求解器返回结果: []
[INFO] [1753424573.451416976] [solver_node]: 数据详情:
- 第一个元素类型: <class 'float'>
- 整个数组类型: <class 'array.array'>
- 数组长度: 4
- 示例值: array('f', [0.0, 4.664999961853027, 1.8300000429153442, 5.369999885559082])
[INFO] [1753424573.452986679] [solver_node]: 调用求解器前，distances shape: (4,), values: [       nan 4.66499996 1.83000004 5.36999989]
[INFO] [1753424573.455781598] [solver_node]: 求解器返回结果: []
[INFO] [1753424573.552197812] [solver_node]: 数据详情:
- 第一个元素类型: <class 'float'>
- 整个数组类型: <class 'array.array'>
- 数组长度: 4
- 示例值: array('f', [0.0, 4.664999961853027, 1.8300000429153442, 5.369999885559082])
[INFO] [1753424573.553713754] [solver_node]: 调用求解器前，distances shape: (4,), values: [       nan 4.66499996 1.83000004 5.36999989]
[INFO] [1753424573.556688997] [solver_node]: 求解器返回结果: []
[INFO] [1753424573.651101577] [solver_node]: 数据详情:
- 第一个元素类型: <class 'float'>
- 整个数组类型: <class 'array.array'>
- 数组长度: 4
- 示例值: array('f', [0.0, 4.664999961853027, 1.8300000429153442, 5.369999885559082])
[INFO] [1753424573.652597806] [solver_node]: 调用求解器前，distances shape: (4,), values: [       nan 4.66499996 1.83000004 5.36999989]
[INFO] [1753424573.655822623] [solver_node]: 求解器返回结果: []
[INFO] [1753424573.752040528] [solver_node]: 数据详情:
- 第一个元素类型: <class 'float'>
- 整个数组类型: <class 'array.array'>
- 数组长度: 4
- 示例值: array('f', [0.0, 4.664999961853027, 1.8300000429153442, 5.369999885559082])
[INFO] [1753424573.753588663] [solver_node]: 调用求解器前，distances shape: (4,), values: [       nan 4.66499996 1.83000004 5.36999989]
[INFO] [1753424573.756478144] [solver_node]: 求解器返回结果: []
[INFO] [1753424573.851272973] [solver_node]: 数据详情:
- 第一个元素类型: <class 'float'>
- 整个数组类型: <class 'array.array'>
- 数组长度: 4
- 示例值: array('f', [0.0, 4.664999961853027, 1.8300000429153442, 5.369999885559082])
[INFO] [1753424573.852918967] [solver_node]: 调用求解器前，distances shape: (4,), values: [       nan 4.66499996 1.83000004 5.36999989]
[INFO] [1753424573.855702877] [solver_node]: 求解器返回结果: []
[INFO] [1753424573.952887942] [solver_node]: 数据详情:
- 第一个元素类型: <class 'float'>
- 整个数组类型: <class 'array.array'>
- 数组长度: 4
- 示例值: array('f', [0.0, 4.664999961853027, 1.8300000429153442, 5.369999885559082])
[INFO] [1753424573.954526831] [solver_node]: 调用求解器前，distances shape: (4,), values: [       nan 4.66499996 1.83000004 5.36999989]
[INFO] [1753424573.957578492] [solver_node]: 求解器返回结果: []
[INFO] [1753424574.051145323] [solver_node]: 数据详情:
- 第一个元素类型: <class 'float'>
- 整个数组类型: <class 'array.array'>
- 数组长度: 4
- 示例值: array('f', [0.0, 4.664999961853027, 1.8300000429153442, 5.369999885559082])
[INFO] [1753424574.052621712] [solver_node]: 调用求解器前，distances shape: (4,), values: [       nan 4.66499996 1.83000004 5.36999989]
[INFO] [1753424574.055443223] [solver_node]: 求解器返回结果: []
[INFO] [1753424574.151789803] [solver_node]: 数据详情:
- 第一个元素类型: <class 'float'>
- 整个数组类型: <class 'array.array'>
- 数组长度: 4
- 示例值: array('f', [0.0, 4.664999961853027, 1.8300000429153442, 5.369999885559082])
[INFO] [1753424574.153344594] [solver_node]: 调用求解器前，distances shape: (4,), values: [       nan 4.66499996 1.83000004 5.36999989]
[INFO] [1753424574.156469409] [solver_node]: 求解器返回结果: []
[INFO] [1753424574.251340816] [solver_node]: 数据详情:
- 第一个元素类型: <class 'float'>
- 整个数组类型: <class 'array.array'>
- 数组长度: 4
- 示例值: array('f', [0.0, 4.664999961853027, 1.8300000429153442, 5.369999885559082])
[INFO] [1753424574.252810933] [solver_node]: 调用求解器前，distances shape: (4,), values: [       nan 4.66499996 1.83000004 5.36999989]
[INFO] [1753424574.255608507] [solver_node]: 求解器返回结果: []
[INFO] [1753424574.352497726] [solver_node]: 数据详情:
- 第一个元素类型: <class 'float'>
- 整个数组类型: <class 'array.array'>
- 数组长度: 4
- 示例值: array('f', [0.0, 4.664999961853027, 1.8300000429153442, 5.369999885559082])
[INFO] [1753424574.354088134] [solver_node]: 调用求解器前，distances shape: (4,), values: [       nan 4.66499996 1.83000004 5.36999989]
[INFO] [1753424574.357114834] [solver_node]: 求解器返回结果: []
[INFO] [1753424574.451219854] [solver_node]: 数据详情:
- 第一个元素类型: <class 'float'>
- 整个数组类型: <class 'array.array'>
- 数组长度: 4
- 示例值: array('f', [0.0, 4.664999961853027, 1.8300000429153442, 5.369999885559082])
[INFO] [1753424574.452702707] [solver_node]: 调用求解器前，distances shape: (4,), values: [       nan 4.66499996 1.83000004 5.36999989]
[INFO] [1753424574.455671006] [solver_node]: 求解器返回结果: []
[INFO] [1753424574.551279456] [solver_node]: 数据详情:
- 第一个元素类型: <class 'float'>
- 整个数组类型: <class 'array.array'>
- 数组长度: 4
- 示例值: array('f', [0.0, 4.664999961853027, 1.8300000429153442, 5.369999885559082])
[INFO] [1753424574.552846151] [solver_node]: 调用求解器前，distances shape: (4,), values: [       nan 4.66499996 1.83000004 5.36999989]
[INFO] [1753424574.555581164] [solver_node]: 求解器返回结果: []
[INFO] [1753424574.651328145] [solver_node]: 数据详情:
- 第一个元素类型: <class 'float'>
- 整个数组类型: <class 'array.array'>
- 数组长度: 4
- 示例值: array('f', [0.0, 4.664999961853027, 1.8300000429153442, 5.369999885559082])
[INFO] [1753424574.653340324] [solver_node]: 调用求解器前，distances shape: (4,), values: [       nan 4.66499996 1.83000004 5.36999989]
[INFO] [1753424574.656147146] [solver_node]: 求解器返回结果: []
[INFO] [1753424574.751148509] [solver_node]: 数据详情:
- 第一个元素类型: <class 'float'>
- 整个数组类型: <class 'array.array'>
- 数组长度: 4
- 示例值: array('f', [0.0, 4.664999961853027, 1.8300000429153442, 5.369999885559082])
[INFO] [1753424574.752939338] [solver_node]: 调用求解器前，distances shape: (4,), values: [       nan 4.66499996 1.83000004 5.36999989]
[INFO] [1753424574.755938165] [solver_node]: 求解器返回结果: []
[INFO] [1753424574.854311805] [solver_node]: 数据详情:
- 第一个元素类型: <class 'float'>
- 整个数组类型: <class 'array.array'>
- 数组长度: 4
- 示例值: array('f', [0.0, 4.664999961853027, 1.8300000429153442, 5.369999885559082])
[INFO] [1753424574.855916037] [solver_node]: 调用求解器前，distances shape: (4,), values: [       nan 4.66499996 1.83000004 5.36999989]
[INFO] [1753424574.858828270] [solver_node]: 求解器返回结果: []
[INFO] [1753424574.951252928] [solver_node]: 数据详情:
- 第一个元素类型: <class 'float'>
- 整个数组类型: <class 'array.array'>
- 数组长度: 4
- 示例值: array('f', [0.0, 4.664999961853027, 1.8300000429153442, 5.369999885559082])
[INFO] [1753424574.952776103] [solver_node]: 调用求解器前，distances shape: (4,), values: [       nan 4.66499996 1.83000004 5.36999989]
[INFO] [1753424574.956007064] [solver_node]: 求解器返回结果: []
[INFO] [1753424575.053273155] [solver_node]: 数据详情:
- 第一个元素类型: <class 'float'>
- 整个数组类型: <class 'array.array'>
- 数组长度: 4
- 示例值: array('f', [0.0, 4.664999961853027, 1.8300000429153442, 5.369999885559082])
[INFO] [1753424575.055186355] [solver_node]: 调用求解器前，distances shape: (4,), values: [       nan 4.66499996 1.83000004 5.36999989]
[INFO] [1753424575.057898264] [solver_node]: 求解器返回结果: []
[INFO] [1753424575.151908082] [solver_node]: 数据详情:
- 第一个元素类型: <class 'float'>
- 整个数组类型: <class 'array.array'>
- 数组长度: 4
- 示例值: array('f', [0.0, 4.664999961853027, 1.8300000429153442, 5.369999885559082])
[INFO] [1753424575.153524154] [solver_node]: 调用求解器前，distances shape: (4,), values: [       nan 4.66499996 1.83000004 5.36999989]
[INFO] [1753424575.156609352] [solver_node]: 求解器返回结果: []
[INFO] [1753424575.251456823] [solver_node]: 数据详情:
- 第一个元素类型: <class 'float'>
- 整个数组类型: <class 'array.array'>
- 数组长度: 4
- 示例值: array('f', [0.0, 4.664999961853027, 1.8300000429153442, 5.369999885559082])
[INFO] [1753424575.252911387] [solver_node]: 调用求解器前，distances shape: (4,), values: [       nan 4.66499996 1.83000004 5.36999989]
[INFO] [1753424575.255753571] [solver_node]: 求解器返回结果: []
[INFO] [1753424575.351530025] [solver_node]: 数据详情:
- 第一个元素类型: <class 'float'>
- 整个数组类型: <class 'array.array'>
- 数组长度: 4
- 示例值: array('f', [0.0, 4.665999889373779, 1.8300000429153442, 5.369999885559082])
[INFO] [1753424575.353474714] [solver_node]: 调用求解器前，distances shape: (4,), values: [       nan 4.66599989 1.83000004 5.36999989]
[INFO] [1753424575.357528352] [solver_node]: 求解器返回结果: []
[INFO] [1753424575.451178032] [solver_node]: 数据详情:
- 第一个元素类型: <class 'float'>
- 整个数组类型: <class 'array.array'>
- 数组长度: 4
- 示例值: array('f', [0.0, 4.665999889373779, 1.8300000429153442, 5.369999885559082])
[INFO] [1753424575.452801625] [solver_node]: 调用求解器前，distances shape: (4,), values: [       nan 4.66599989 1.83000004 5.36999989]
[INFO] [1753424575.455784164] [solver_node]: 求解器返回结果: []
[INFO] [1753424575.554780571] [solver_node]: 数据详情:
- 第一个元素类型: <class 'float'>
- 整个数组类型: <class 'array.array'>
- 数组长度: 4
- 示例值: array('f', [0.0, 4.665999889373779, 1.8300000429153442, 5.369999885559082])
[INFO] [1753424575.557028180] [solver_node]: 调用求解器前，distances shape: (4,), values: [       nan 4.66599989 1.83000004 5.36999989]
[INFO] [1753424575.561823692] [solver_node]: 求解器返回结果: []
[INFO] [1753424575.651283476] [solver_node]: 数据详情:
- 第一个元素类型: <class 'float'>
- 整个数组类型: <class 'array.array'>
- 数组长度: 4
- 示例值: array('f', [0.0, 4.665999889373779, 1.8300000429153442, 5.369999885559082])
[INFO] [1753424575.652734104] [solver_node]: 调用求解器前，distances shape: (4,), values: [       nan 4.66599989 1.83000004 5.36999989]
[INFO] [1753424575.655552479] [solver_node]: 求解器返回结果: []
[INFO] [1753424575.751146113] [solver_node]: 数据详情:
- 第一个元素类型: <class 'float'>
- 整个数组类型: <class 'array.array'>
- 数组长度: 4
- 示例值: array('f', [0.0, 4.665999889373779, 1.8300000429153442, 5.369999885559082])
[INFO] [1753424575.752636102] [solver_node]: 调用求解器前，distances shape: (4,), values: [       nan 4.66599989 1.83000004 5.36999989]
[INFO] [1753424575.756265922] [solver_node]: 求解器返回结果: []
[INFO] [1753424575.852350416] [solver_node]: 数据详情:
- 第一个元素类型: <class 'float'>
- 整个数组类型: <class 'array.array'>
- 数组长度: 4
- 示例值: array('f', [0.0, 4.665999889373779, 1.8300000429153442, 5.369999885559082])
[INFO] [1753424575.853975384] [solver_node]: 调用求解器前，distances shape: (4,), values: [       nan 4.66599989 1.83000004 5.36999989]
[INFO] [1753424575.857159816] [solver_node]: 求解器返回结果: []
[INFO] [1753424575.951168834] [solver_node]: 数据详情:
- 第一个元素类型: <class 'float'>
- 整个数组类型: <class 'array.array'>
- 数组长度: 4
- 示例值: array('f', [0.0, 4.665999889373779, 1.8300000429153442, 5.369999885559082])
[INFO] [1753424575.952681512] [solver_node]: 调用求解器前，distances shape: (4,), values: [       nan 4.66599989 1.83000004 5.36999989]
[INFO] [1753424575.955845624] [solver_node]: 求解器返回结果: []
[INFO] [1753424576.055155319] [solver_node]: 数据详情:
- 第一个元素类型: <class 'float'>
- 整个数组类型: <class 'array.array'>
- 数组长度: 4
- 示例值: array('f', [0.0, 4.665999889373779, 1.8300000429153442, 5.369999885559082])
[INFO] [1753424576.056680413] [solver_node]: 调用求解器前，distances shape: (4,), values: [       nan 4.66599989 1.83000004 5.36999989]
[INFO] [1753424576.059908238] [solver_node]: 求解器返回结果: []
[INFO] [1753424576.151202852] [solver_node]: 数据详情:
- 第一个元素类型: <class 'float'>
- 整个数组类型: <class 'array.array'>
- 数组长度: 4
- 示例值: array('f', [0.0, 4.665999889373779, 1.8300000429153442, 5.369999885559082])
[INFO] [1753424576.152623848] [solver_node]: 调用求解器前，distances shape: (4,), values: [       nan 4.66599989 1.83000004 5.36999989]
[INFO] [1753424576.155348204] [solver_node]: 求解器返回结果: []
[INFO] [1753424576.251213333] [solver_node]: 数据详情:
- 第一个元素类型: <class 'float'>
- 整个数组类型: <class 'array.array'>
- 数组长度: 4
- 示例值: array('f', [0.0, 4.665999889373779, 1.8300000429153442, 5.369999885559082])
[INFO] [1753424576.252643193] [solver_node]: 调用求解器前，distances shape: (4,), values: [       nan 4.66599989 1.83000004 5.36999989]
[INFO] [1753424576.255336156] [solver_node]: 求解器返回结果: []
[INFO] [1753424576.351241286] [solver_node]: 数据详情:
- 第一个元素类型: <class 'float'>
- 整个数组类型: <class 'array.array'>
- 数组长度: 4
- 示例值: array('f', [0.0, 4.665999889373779, 1.8300000429153442, 5.369999885559082])
[INFO] [1753424576.352821614] [solver_node]: 调用求解器前，distances shape: (4,), values: [       nan 4.66599989 1.83000004 5.36999989]
[INFO] [1753424576.355630100] [solver_node]: 求解器返回结果: []
[INFO] [1753424576.451951464] [solver_node]: 数据详情:
- 第一个元素类型: <class 'float'>
- 整个数组类型: <class 'array.array'>
- 数组长度: 4
- 示例值: array('f', [0.0, 4.665999889373779, 1.8300000429153442, 5.369999885559082])
[INFO] [1753424576.453409677] [solver_node]: 调用求解器前，distances shape: (4,), values: [       nan 4.66599989 1.83000004 5.36999989]
[INFO] [1753424576.457355024] [solver_node]: 求解器返回结果: []
[INFO] [1753424576.551271208] [solver_node]: 数据详情:
- 第一个元素类型: <class 'float'>
- 整个数组类型: <class 'array.array'>
- 数组长度: 4
- 示例值: array('f', [0.0, 4.665999889373779, 1.8300000429153442, 5.369999885559082])
[INFO] [1753424576.552971539] [solver_node]: 调用求解器前，distances shape: (4,), values: [       nan 4.66599989 1.83000004 5.36999989]
[INFO] [1753424576.561304900] [solver_node]: 求解器返回结果: []
[INFO] [1753424576.651630721] [solver_node]: 数据详情:
- 第一个元素类型: <class 'float'>
- 整个数组类型: <class 'array.array'>
- 数组长度: 4
- 示例值: array('f', [0.0, 4.665999889373779, 1.8300000429153442, 5.369999885559082])
[INFO] [1753424576.653094470] [solver_node]: 调用求解器前，distances shape: (4,), values: [       nan 4.66599989 1.83000004 5.36999989]
[INFO] [1753424576.656089361] [solver_node]: 求解器返回结果: []
[INFO] [1753424576.751545232] [solver_node]: 数据详情:
- 第一个元素类型: <class 'float'>
- 整个数组类型: <class 'array.array'>
- 数组长度: 4
- 示例值: array('f', [0.0, 4.665999889373779, 1.8300000429153442, 5.369999885559082])
[INFO] [1753424576.753714214] [solver_node]: 调用求解器前，distances shape: (4,), values: [       nan 4.66599989 1.83000004 5.36999989]
[INFO] [1753424576.762387168] [solver_node]: 求解器返回结果: []
[INFO] [1753424576.851442494] [solver_node]: 数据详情:
- 第一个元素类型: <class 'float'>
- 整个数组类型: <class 'array.array'>
- 数组长度: 4
- 示例值: array('f', [0.0, 4.665999889373779, 1.8300000429153442, 5.369999885559082])
[INFO] [1753424576.852957956] [solver_node]: 调用求解器前，distances shape: (4,), values: [       nan 4.66599989 1.83000004 5.36999989]
[INFO] [1753424576.855823500] [solver_node]: 求解器返回结果: []
[INFO] [1753424576.951575057] [solver_node]: 数据详情:
- 第一个元素类型: <class 'float'>
- 整个数组类型: <class 'array.array'>
- 数组长度: 4
- 示例值: array('f', [0.0, 4.665999889373779, 1.8300000429153442, 5.369999885559082])
[INFO] [1753424576.953036342] [solver_node]: 调用求解器前，distances shape: (4,), values: [       nan 4.66599989 1.83000004 5.36999989]
[INFO] [1753424576.956520398] [solver_node]: 求解器返回结果: []
[INFO] [1753424577.051629795] [solver_node]: 数据详情:
- 第一个元素类型: <class 'float'>
- 整个数组类型: <class 'array.array'>
- 数组长度: 4
- 示例值: array('f', [0.0, 4.665999889373779, 1.8300000429153442, 5.369999885559082])
[INFO] [1753424577.053273453] [solver_node]: 调用求解器前，distances shape: (4,), values: [       nan 4.66599989 1.83000004 5.36999989]
[INFO] [1753424577.056079987] [solver_node]: 求解器返回结果: []
[INFO] [1753424577.151219466] [solver_node]: 数据详情:
- 第一个元素类型: <class 'float'>
- 整个数组类型: <class 'array.array'>
- 数组长度: 4
- 示例值: array('f', [0.0, 4.665999889373779, 1.8300000429153442, 5.369999885559082])
[INFO] [1753424577.152660878] [solver_node]: 调用求解器前，distances shape: (4,), values: [       nan 4.66599989 1.83000004 5.36999989]
[INFO] [1753424577.155570103] [solver_node]: 求解器返回结果: []
[INFO] [1753424577.251627877] [solver_node]: 数据详情:
- 第一个元素类型: <class 'float'>
- 整个数组类型: <class 'array.array'>
- 数组长度: 4
- 示例值: array('f', [0.0, 4.665999889373779, 1.8300000429153442, 5.369999885559082])
[INFO] [1753424577.253116298] [solver_node]: 调用求解器前，distances shape: (4,), values: [       nan 4.66599989 1.83000004 5.36999989]
[INFO] [1753424577.256010195] [solver_node]: 求解器返回结果: []
[INFO] [1753424577.351378031] [solver_node]: 数据详情:
- 第一个元素类型: <class 'float'>
- 整个数组类型: <class 'array.array'>
- 数组长度: 4
- 示例值: array('f', [0.0, 4.665999889373779, 1.8300000429153442, 5.369999885559082])
[INFO] [1753424577.352893013] [solver_node]: 调用求解器前，distances shape: (4,), values: [       nan 4.66599989 1.83000004 5.36999989]
[INFO] [1753424577.355862656] [solver_node]: 求解器返回结果: []
[INFO] [1753424577.452279862] [solver_node]: 数据详情:
- 第一个元素类型: <class 'float'>
- 整个数组类型: <class 'array.array'>
- 数组长度: 4
- 示例值: array('f', [0.0, 4.665999889373779, 1.8300000429153442, 5.369999885559082])
[INFO] [1753424577.453847325] [solver_node]: 调用求解器前，distances shape: (4,), values: [       nan 4.66599989 1.83000004 5.36999989]
[INFO] [1753424577.456734822] [solver_node]: 求解器返回结果: []
[INFO] [1753424577.551657751] [solver_node]: 数据详情:
- 第一个元素类型: <class 'float'>
- 整个数组类型: <class 'array.array'>
- 数组长度: 4
- 示例值: array('f', [0.0, 4.665999889373779, 1.8300000429153442, 5.369999885559082])
[INFO] [1753424577.553132764] [solver_node]: 调用求解器前，distances shape: (4,), values: [       nan 4.66599989 1.83000004 5.36999989]
[INFO] [1753424577.555974500] [solver_node]: 求解器返回结果: []
[INFO] [1753424577.652092403] [solver_node]: 数据详情:
- 第一个元素类型: <class 'float'>
- 整个数组类型: <class 'array.array'>
- 数组长度: 4
- 示例值: array('f', [0.0, 4.665999889373779, 1.8070000410079956, 5.369999885559082])
[INFO] [1753424577.653581592] [solver_node]: 调用求解器前，distances shape: (4,), values: [       nan 4.66599989 1.80700004 5.36999989]
[INFO] [1753424577.656886059] [solver_node]: 求解器返回结果: []
[INFO] [1753424577.751928447] [solver_node]: 数据详情:
- 第一个元素类型: <class 'float'>
- 整个数组类型: <class 'array.array'>
- 数组长度: 4
- 示例值: array('f', [0.0, 4.665999889373779, 1.8070000410079956, 5.369999885559082])
[INFO] [1753424577.753421893] [solver_node]: 调用求解器前，distances shape: (4,), values: [       nan 4.66599989 1.80700004 5.36999989]
[INFO] [1753424577.756155657] [solver_node]: 求解器返回结果: []
[INFO] [1753424577.852358426] [solver_node]: 数据详情:
- 第一个元素类型: <class 'float'>
- 整个数组类型: <class 'array.array'>
- 数组长度: 4
- 示例值: array('f', [0.0, 4.665999889373779, 1.8070000410079956, 5.369999885559082])
[INFO] [1753424577.854280587] [solver_node]: 调用求解器前，distances shape: (4,), values: [       nan 4.66599989 1.80700004 5.36999989]
[INFO] [1753424577.858079434] [solver_node]: 求解器返回结果: []
[INFO] [1753424577.951307857] [solver_node]: 数据详情:
- 第一个元素类型: <class 'float'>
- 整个数组类型: <class 'array.array'>
- 数组长度: 4
- 示例值: array('f', [0.0, 4.665999889373779, 1.8070000410079956, 5.369999885559082])
[INFO] [1753424577.952779510] [solver_node]: 调用求解器前，distances shape: (4,), values: [       nan 4.66599989 1.80700004 5.36999989]
[INFO] [1753424577.955439640] [solver_node]: 求解器返回结果: []
[INFO] [1753424578.051383651] [solver_node]: 数据详情:
- 第一个元素类型: <class 'float'>
- 整个数组类型: <class 'array.array'>
- 数组长度: 4
- 示例值: array('f', [0.0, 4.665999889373779, 1.8070000410079956, 5.369999885559082])
[INFO] [1753424578.052910442] [solver_node]: 调用求解器前，distances shape: (4,), values: [       nan 4.66599989 1.80700004 5.36999989]
[INFO] [1753424578.056183036] [solver_node]: 求解器返回结果: []
[INFO] [1753424578.152012708] [solver_node]: 数据详情:
- 第一个元素类型: <class 'float'>
- 整个数组类型: <class 'array.array'>
- 数组长度: 4
- 示例值: array('f', [0.0, 4.665999889373779, 1.8079999685287476, 5.369999885559082])
[INFO] [1753424578.153424231] [solver_node]: 调用求解器前，distances shape: (4,), values: [       nan 4.66599989 1.80799997 5.36999989]
[INFO] [1753424578.156271279] [solver_node]: 求解器返回结果: []
[INFO] [1753424578.251758190] [solver_node]: 数据详情:
- 第一个元素类型: <class 'float'>
- 整个数组类型: <class 'array.array'>
- 数组长度: 4
- 示例值: array('f', [0.0, 4.665999889373779, 1.8079999685287476, 5.369999885559082])
[INFO] [1753424578.253253652] [solver_node]: 调用求解器前，distances shape: (4,), values: [       nan 4.66599989 1.80799997 5.36999989]
[INFO] [1753424578.256135900] [solver_node]: 求解器返回结果: []
[INFO] [1753424578.351139535] [solver_node]: 数据详情:
- 第一个元素类型: <class 'float'>
- 整个数组类型: <class 'array.array'>
- 数组长度: 4
- 示例值: array('f', [0.0, 4.665999889373779, 1.8079999685287476, 5.369999885559082])
[INFO] [1753424578.352622292] [solver_node]: 调用求解器前，distances shape: (4,), values: [       nan 4.66599989 1.80799997 5.36999989]
[INFO] [1753424578.355349241] [solver_node]: 求解器返回结果: []
[INFO] [1753424578.451230722] [solver_node]: 数据详情:
- 第一个元素类型: <class 'float'>
- 整个数组类型: <class 'array.array'>
- 数组长度: 4
- 示例值: array('f', [0.0, 4.665999889373779, 1.8079999685287476, 5.369999885559082])
[INFO] [1753424578.452685607] [solver_node]: 调用求解器前，distances shape: (4,), values: [       nan 4.66599989 1.80799997 5.36999989]
[INFO] [1753424578.455464396] [solver_node]: 求解器返回结果: []
[INFO] [1753424578.552595093] [solver_node]: 数据详情:
- 第一个元素类型: <class 'float'>
- 整个数组类型: <class 'array.array'>
- 数组长度: 4
- 示例值: array('f', [0.0, 4.665999889373779, 1.8079999685287476, 5.369999885559082])
[INFO] [1753424578.554259327] [solver_node]: 调用求解器前，distances shape: (4,), values: [       nan 4.66599989 1.80799997 5.36999989]
[INFO] [1753424578.557222857] [solver_node]: 求解器返回结果: []
[INFO] [1753424578.652694152] [solver_node]: 数据详情:
- 第一个元素类型: <class 'float'>
- 整个数组类型: <class 'array.array'>
- 数组长度: 4
- 示例值: array('f', [0.0, 4.665999889373779, 1.8079999685287476, 5.369999885559082])
[INFO] [1753424578.656983508] [solver_node]: 调用求解器前，distances shape: (4,), values: [       nan 4.66599989 1.80799997 5.36999989]
[INFO] [1753424578.659824187] [solver_node]: 求解器返回结果: []
[INFO] [1753424578.756174960] [solver_node]: 数据详情:
- 第一个元素类型: <class 'float'>
- 整个数组类型: <class 'array.array'>
- 数组长度: 4
- 示例值: array('f', [0.0, 4.665999889373779, 1.8079999685287476, 5.369999885559082])
[INFO] [1753424578.757663030] [solver_node]: 调用求解器前，distances shape: (4,), values: [       nan 4.66599989 1.80799997 5.36999989]
[INFO] [1753424578.760549278] [solver_node]: 求解器返回结果: []
[INFO] [1753424578.851505964] [solver_node]: 数据详情:
- 第一个元素类型: <class 'float'>
- 整个数组类型: <class 'array.array'>
- 数组长度: 4
- 示例值: array('f', [0.0, 4.665999889373779, 1.8079999685287476, 5.369999885559082])
[INFO] [1753424578.853020690] [solver_node]: 调用求解器前，distances shape: (4,), values: [       nan 4.66599989 1.80799997 5.36999989]
[INFO] [1753424578.856467848] [solver_node]: 求解器返回结果: []
[INFO] [1753424578.953703956] [solver_node]: 数据详情:
- 第一个元素类型: <class 'float'>
- 整个数组类型: <class 'array.array'>
- 数组长度: 4
- 示例值: array('f', [0.0, 4.665999889373779, 1.8079999685287476, 5.369999885559082])
[INFO] [1753424578.956014126] [solver_node]: 调用求解器前，distances shape: (4,), values: [       nan 4.66599989 1.80799997 5.36999989]
[INFO] [1753424578.959278592] [solver_node]: 求解器返回结果: []
[INFO] [1753424579.052574920] [solver_node]: 数据详情:
- 第一个元素类型: <class 'float'>
- 整个数组类型: <class 'array.array'>
- 数组长度: 4
- 示例值: array('f', [0.0, 4.665999889373779, 1.8079999685287476, 5.369999885559082])
[INFO] [1753424579.054204337] [solver_node]: 调用求解器前，distances shape: (4,), values: [       nan 4.66599989 1.80799997 5.36999989]
[INFO] [1753424579.057075737] [solver_node]: 求解器返回结果: []
[INFO] [1753424579.151531679] [solver_node]: 数据详情:
- 第一个元素类型: <class 'float'>
- 整个数组类型: <class 'array.array'>
- 数组长度: 4
- 示例值: array('f', [0.0, 4.665999889373779, 1.8070000410079956, 5.369999885559082])
[INFO] [1753424579.153414222] [solver_node]: 调用求解器前，distances shape: (4,), values: [       nan 4.66599989 1.80700004 5.36999989]
[INFO] [1753424579.158705651] [solver_node]: 求解器返回结果: []
[INFO] [1753424579.251674835] [solver_node]: 数据详情:
- 第一个元素类型: <class 'float'>
- 整个数组类型: <class 'array.array'>
- 数组长度: 4
- 示例值: array('f', [0.0, 4.665999889373779, 1.8070000410079956, 5.369999885559082])
[INFO] [1753424579.253137560] [solver_node]: 调用求解器前，distances shape: (4,), values: [       nan 4.66599989 1.80700004 5.36999989]
[INFO] [1753424579.256737010] [solver_node]: 求解器返回结果: []
[INFO] [1753424579.351076341] [solver_node]: 数据详情:
- 第一个元素类型: <class 'float'>
- 整个数组类型: <class 'array.array'>
- 数组长度: 4
- 示例值: array('f', [0.0, 4.665999889373779, 1.8070000410079956, 5.369999885559082])
[INFO] [1753424579.352495672] [solver_node]: 调用求解器前，distances shape: (4,), values: [       nan 4.66599989 1.80700004 5.36999989]
[INFO] [1753424579.355211581] [solver_node]: 求解器返回结果: []
[INFO] [1753424579.452393159] [solver_node]: 数据详情:
- 第一个元素类型: <class 'float'>
- 整个数组类型: <class 'array.array'>
- 数组长度: 4
- 示例值: array('f', [0.0, 4.665999889373779, 1.8070000410079956, 5.369999885559082])
[INFO] [1753424579.453840747] [solver_node]: 调用求解器前，distances shape: (4,), values: [       nan 4.66599989 1.80700004 5.36999989]
[INFO] [1753424579.456590576] [solver_node]: 求解器返回结果: []
[INFO] [1753424579.551325148] [solver_node]: 数据详情:
- 第一个元素类型: <class 'float'>
- 整个数组类型: <class 'array.array'>
- 数组长度: 4
- 示例值: array('f', [0.0, 4.665999889373779, 1.8070000410079956, 5.369999885559082])
[INFO] [1753424579.552821378] [solver_node]: 调用求解器前，distances shape: (4,), values: [       nan 4.66599989 1.80700004 5.36999989]
[INFO] [1753424579.558056294] [solver_node]: 求解器返回结果: []
[INFO] [1753424579.652281861] [solver_node]: 数据详情:
- 第一个元素类型: <class 'float'>
- 整个数组类型: <class 'array.array'>
- 数组长度: 4
- 示例值: array('f', [0.0, 4.665999889373779, 1.8070000410079956, 5.369999885559082])
[INFO] [1753424579.653899598] [solver_node]: 调用求解器前，distances shape: (4,), values: [       nan 4.66599989 1.80700004 5.36999989]
[INFO] [1753424579.656885337] [solver_node]: 求解器返回结果: []
[INFO] [1753424579.751308926] [solver_node]: 数据详情:
- 第一个元素类型: <class 'float'>
- 整个数组类型: <class 'array.array'>
- 数组长度: 4
- 示例值: array('f', [0.0, 4.665999889373779, 1.8070000410079956, 5.369999885559082])
[INFO] [1753424579.752835972] [solver_node]: 调用求解器前，distances shape: (4,), values: [       nan 4.66599989 1.80700004 5.36999989]
[INFO] [1753424579.758969566] [solver_node]: 求解器返回结果: []
[INFO] [1753424579.852302791] [solver_node]: 数据详情:
- 第一个元素类型: <class 'float'>
- 整个数组类型: <class 'array.array'>
- 数组长度: 4
- 示例值: array('f', [0.0, 4.665999889373779, 1.8070000410079956, 5.369999885559082])
[INFO] [1753424579.854011762] [solver_node]: 调用求解器前，distances shape: (4,), values: [       nan 4.66599989 1.80700004 5.36999989]
[INFO] [1753424579.856984285] [solver_node]: 求解器返回结果: []
[INFO] [1753424579.951185340] [solver_node]: 数据详情:
- 第一个元素类型: <class 'float'>
- 整个数组类型: <class 'array.array'>
- 数组长度: 4
- 示例值: array('f', [0.0, 4.665999889373779, 1.8070000410079956, 5.369999885559082])
[INFO] [1753424579.953231951] [solver_node]: 调用求解器前，distances shape: (4,), values: [       nan 4.66599989 1.80700004 5.36999989]
[INFO] [1753424579.958922110] [solver_node]: 求解器返回结果: []
[INFO] [1753424580.053193695] [solver_node]: 数据详情:
- 第一个元素类型: <class 'float'>
- 整个数组类型: <class 'array.array'>
- 数组长度: 4
- 示例值: array('f', [0.0, 4.665999889373779, 1.8070000410079956, 5.369999885559082])
[INFO] [1753424580.055307988] [solver_node]: 调用求解器前，distances shape: (4,), values: [       nan 4.66599989 1.80700004 5.36999989]
[INFO] [1753424580.058704362] [solver_node]: 求解器返回结果: []
[INFO] [1753424580.151101148] [solver_node]: 数据详情:
- 第一个元素类型: <class 'float'>
- 整个数组类型: <class 'array.array'>
- 数组长度: 4
- 示例值: array('f', [0.0, 4.665999889373779, 1.8070000410079956, 5.369999885559082])
[INFO] [1753424580.152530816] [solver_node]: 调用求解器前，distances shape: (4,), values: [       nan 4.66599989 1.80700004 5.36999989]
[INFO] [1753424580.156129434] [solver_node]: 求解器返回结果: []
[INFO] [1753424580.251983523] [solver_node]: 数据详情:
- 第一个元素类型: <class 'float'>
- 整个数组类型: <class 'array.array'>
- 数组长度: 4
- 示例值: array('f', [0.0, 4.665999889373779, 1.8070000410079956, 5.369999885559082])
[INFO] [1753424580.254096504] [solver_node]: 调用求解器前，distances shape: (4,), values: [       nan 4.66599989 1.80700004 5.36999989]
[INFO] [1753424580.257635825] [solver_node]: 求解器返回结果: []
[INFO] [1753424580.351277474] [solver_node]: 数据详情:
- 第一个元素类型: <class 'float'>
- 整个数组类型: <class 'array.array'>
- 数组长度: 4
- 示例值: array('f', [0.0, 4.665999889373779, 1.8070000410079956, 5.369999885559082])
[INFO] [1753424580.352753927] [solver_node]: 调用求解器前，distances shape: (4,), values: [       nan 4.66599989 1.80700004 5.36999989]
[INFO] [1753424580.355559821] [solver_node]: 求解器返回结果: []
[INFO] [1753424580.451593371] [solver_node]: 数据详情:
- 第一个元素类型: <class 'float'>
- 整个数组类型: <class 'array.array'>
- 数组长度: 4
- 示例值: array('f', [0.0, 4.665999889373779, 1.8070000410079956, 5.369999885559082])
[INFO] [1753424580.453040351] [solver_node]: 调用求解器前，distances shape: (4,), values: [       nan 4.66599989 1.80700004 5.36999989]
[INFO] [1753424580.458097022] [solver_node]: 求解器返回结果: []
[INFO] [1753424580.551149376] [solver_node]: 数据详情:
- 第一个元素类型: <class 'float'>
- 整个数组类型: <class 'array.array'>
- 数组长度: 4
- 示例值: array('f', [0.0, 4.665999889373779, 1.8070000410079956, 5.369999885559082])
[INFO] [1753424580.552572452] [solver_node]: 调用求解器前，distances shape: (4,), values: [       nan 4.66599989 1.80700004 5.36999989]
[INFO] [1753424580.555293128] [solver_node]: 求解器返回结果: []
[INFO] [1753424580.651699007] [solver_node]: 数据详情:
- 第一个元素类型: <class 'float'>
- 整个数组类型: <class 'array.array'>
- 数组长度: 4
- 示例值: array('f', [0.0, 4.665999889373779, 1.8070000410079956, 5.372000217437744])
[INFO] [1753424580.653218085] [solver_node]: 调用求解器前，distances shape: (4,), values: [       nan 4.66599989 1.80700004 5.37200022]
[INFO] [1753424580.656181200] [solver_node]: 求解器返回结果: []
[INFO] [1753424580.751174947] [solver_node]: 数据详情:
- 第一个元素类型: <class 'float'>
- 整个数组类型: <class 'array.array'>
- 数组长度: 4
- 示例值: array('f', [0.0, 4.665999889373779, 1.8070000410079956, 5.372000217437744])
[INFO] [1753424580.752953903] [solver_node]: 调用求解器前，distances shape: (4,), values: [       nan 4.66599989 1.80700004 5.37200022]
[INFO] [1753424580.756299491] [solver_node]: 求解器返回结果: []
[INFO] [1753424580.851197044] [solver_node]: 数据详情:
- 第一个元素类型: <class 'float'>
- 整个数组类型: <class 'array.array'>
- 数组长度: 4
- 示例值: array('f', [0.0, 4.665999889373779, 1.8070000410079956, 5.372000217437744])
[INFO] [1753424580.852856382] [solver_node]: 调用求解器前，distances shape: (4,), values: [       nan 4.66599989 1.80700004 5.37200022]
[INFO] [1753424580.855727078] [solver_node]: 求解器返回结果: []
[INFO] [1753424580.951219557] [solver_node]: 数据详情:
- 第一个元素类型: <class 'float'>
- 整个数组类型: <class 'array.array'>
- 数组长度: 4
- 示例值: array('f', [0.0, 4.665999889373779, 1.8070000410079956, 5.372000217437744])
[INFO] [1753424580.952681610] [solver_node]: 调用求解器前，distances shape: (4,), values: [       nan 4.66599989 1.80700004 5.37200022]
[INFO] [1753424580.955395182] [solver_node]: 求解器返回结果: []
[INFO] [1753424581.051708451] [solver_node]: 数据详情:
- 第一个元素类型: <class 'float'>
- 整个数组类型: <class 'array.array'>
- 数组长度: 4
- 示例值: array('f', [0.0, 4.665999889373779, 1.8070000410079956, 5.372000217437744])
[INFO] [1753424581.053284490] [solver_node]: 调用求解器前，distances shape: (4,), values: [       nan 4.66599989 1.80700004 5.37200022]
[INFO] [1753424581.056810883] [solver_node]: 求解器返回结果: []
[INFO] [1753424581.151069028] [solver_node]: 数据详情:
- 第一个元素类型: <class 'float'>
- 整个数组类型: <class 'array.array'>
- 数组长度: 4
- 示例值: array('f', [0.0, 4.665999889373779, 1.8070000410079956, 5.370999813079834])
[INFO] [1753424581.152513544] [solver_node]: 调用求解器前，distances shape: (4,), values: [       nan 4.66599989 1.80700004 5.37099981]
[INFO] [1753424581.159983812] [solver_node]: 求解器返回结果: []
[INFO] [1753424581.251214104] [solver_node]: 数据详情:
- 第一个元素类型: <class 'float'>
- 整个数组类型: <class 'array.array'>
- 数组长度: 4
- 示例值: array('f', [0.0, 4.665999889373779, 1.8079999685287476, 5.370999813079834])
[INFO] [1753424581.252682909] [solver_node]: 调用求解器前，distances shape: (4,), values: [       nan 4.66599989 1.80799997 5.37099981]
[INFO] [1753424581.256117875] [solver_node]: 求解器返回结果: []
[INFO] [1753424581.351064709] [solver_node]: 数据详情:
- 第一个元素类型: <class 'float'>
- 整个数组类型: <class 'array.array'>
- 数组长度: 4
- 示例值: array('f', [0.0, 4.665999889373779, 1.8079999685287476, 5.370999813079834])
[INFO] [1753424581.352498857] [solver_node]: 调用求解器前，distances shape: (4,), values: [       nan 4.66599989 1.80799997 5.37099981]
[INFO] [1753424581.357340131] [solver_node]: 求解器返回结果: []
[INFO] [1753424581.451855658] [solver_node]: 数据详情:
- 第一个元素类型: <class 'float'>
- 整个数组类型: <class 'array.array'>
- 数组长度: 4
- 示例值: array('f', [0.0, 4.665999889373779, 1.8079999685287476, 5.370999813079834])
[INFO] [1753424581.453373680] [solver_node]: 调用求解器前，distances shape: (4,), values: [       nan 4.66599989 1.80799997 5.37099981]
[INFO] [1753424581.456196855] [solver_node]: 求解器返回结果: []
[INFO] [1753424581.551483314] [solver_node]: 数据详情:
- 第一个元素类型: <class 'float'>
- 整个数组类型: <class 'array.array'>
- 数组长度: 4
- 示例值: array('f', [0.0, 4.665999889373779, 1.8079999685287476, 5.370999813079834])
[INFO] [1753424581.553006200] [solver_node]: 调用求解器前，distances shape: (4,), values: [       nan 4.66599989 1.80799997 5.37099981]
[INFO] [1753424581.555944898] [solver_node]: 求解器返回结果: []
[INFO] [1753424581.651495523] [solver_node]: 数据详情:
- 第一个元素类型: <class 'float'>
- 整个数组类型: <class 'array.array'>
- 数组长度: 4
- 示例值: array('f', [0.0, 4.665999889373779, 1.8079999685287476, 5.370999813079834])
[INFO] [1753424581.653490261] [solver_node]: 调用求解器前，distances shape: (4,), values: [       nan 4.66599989 1.80799997 5.37099981]
[INFO] [1753424581.656829705] [solver_node]: 求解器返回结果: []
[INFO] [1753424581.752053666] [solver_node]: 数据详情:
- 第一个元素类型: <class 'float'>
- 整个数组类型: <class 'array.array'>
- 数组长度: 4
- 示例值: array('f', [0.0, 4.665999889373779, 1.8079999685287476, 5.370999813079834])
[INFO] [1753424581.753803054] [solver_node]: 调用求解器前，distances shape: (4,), values: [       nan 4.66599989 1.80799997 5.37099981]
[INFO] [1753424581.756921308] [solver_node]: 求解器返回结果: []
[INFO] [1753424581.852917417] [solver_node]: 数据详情:
- 第一个元素类型: <class 'float'>
- 整个数组类型: <class 'array.array'>
- 数组长度: 4
- 示例值: array('f', [0.0, 4.665999889373779, 1.8079999685287476, 5.370999813079834])
[INFO] [1753424581.854379149] [solver_node]: 调用求解器前，distances shape: (4,), values: [       nan 4.66599989 1.80799997 5.37099981]
[INFO] [1753424581.857077297] [solver_node]: 求解器返回结果: []
[INFO] [1753424581.951611545] [solver_node]: 数据详情:
- 第一个元素类型: <class 'float'>
- 整个数组类型: <class 'array.array'>
- 数组长度: 4
- 示例值: array('f', [0.0, 4.665999889373779, 1.8079999685287476, 5.370999813079834])
[INFO] [1753424581.953479976] [solver_node]: 调用求解器前，distances shape: (4,), values: [       nan 4.66599989 1.80799997 5.37099981]
[INFO] [1753424581.956488115] [solver_node]: 求解器返回结果: []
[INFO] [1753424582.051467302] [solver_node]: 数据详情:
- 第一个元素类型: <class 'float'>
- 整个数组类型: <class 'array.array'>
- 数组长度: 4
- 示例值: array('f', [0.0, 4.665999889373779, 1.8079999685287476, 5.370999813079834])
[INFO] [1753424582.053138576] [solver_node]: 调用求解器前，distances shape: (4,), values: [       nan 4.66599989 1.80799997 5.37099981]
[INFO] [1753424582.056471684] [solver_node]: 求解器返回结果: []
[INFO] [1753424582.152375182] [solver_node]: 数据详情:
- 第一个元素类型: <class 'float'>
- 整个数组类型: <class 'array.array'>
- 数组长度: 4
- 示例值: array('f', [0.0, 4.665999889373779, 1.8079999685287476, 5.369999885559082])
[INFO] [1753424582.154125434] [solver_node]: 调用求解器前，distances shape: (4,), values: [       nan 4.66599989 1.80799997 5.36999989]
[INFO] [1753424582.158287139] [solver_node]: 求解器返回结果: []
[INFO] [1753424582.252753993] [solver_node]: 数据详情:
- 第一个元素类型: <class 'float'>
- 整个数组类型: <class 'array.array'>
- 数组长度: 4
- 示例值: array('f', [0.0, 4.665999889373779, 1.8070000410079956, 5.369999885559082])
[INFO] [1753424582.255684338] [solver_node]: 调用求解器前，distances shape: (4,), values: [       nan 4.66599989 1.80700004 5.36999989]
[INFO] [1753424582.258495353] [solver_node]: 求解器返回结果: []
[INFO] [1753424582.354277216] [solver_node]: 数据详情:
- 第一个元素类型: <class 'float'>
- 整个数组类型: <class 'array.array'>
- 数组长度: 4
- 示例值: array('f', [0.0, 4.665999889373779, 1.8070000410079956, 5.369999885559082])
[INFO] [1753424582.357639732] [solver_node]: 调用求解器前，distances shape: (4,), values: [       nan 4.66599989 1.80700004 5.36999989]
[INFO] [1753424582.362244104] [solver_node]: 求解器返回结果: []
[INFO] [1753424582.452396002] [solver_node]: 数据详情:
- 第一个元素类型: <class 'float'>
- 整个数组类型: <class 'array.array'>
- 数组长度: 4
- 示例值: array('f', [0.0, 4.665999889373779, 1.8070000410079956, 5.369999885559082])
[INFO] [1753424582.453832678] [solver_node]: 调用求解器前，distances shape: (4,), values: [       nan 4.66599989 1.80700004 5.36999989]
[INFO] [1753424582.457165849] [solver_node]: 求解器返回结果: []
[INFO] [1753424582.551724130] [solver_node]: 数据详情:
- 第一个元素类型: <class 'float'>
- 整个数组类型: <class 'array.array'>
- 数组长度: 4
- 示例值: array('f', [0.0, 4.665999889373779, 1.8070000410079956, 5.369999885559082])
[INFO] [1753424582.554464039] [solver_node]: 调用求解器前，distances shape: (4,), values: [       nan 4.66599989 1.80700004 5.36999989]
[INFO] [1753424582.557803195] [solver_node]: 求解器返回结果: []
[INFO] [1753424582.652875472] [solver_node]: 数据详情:
- 第一个元素类型: <class 'float'>
- 整个数组类型: <class 'array.array'>
- 数组长度: 4
- 示例值: array('f', [0.0, 4.665999889373779, 1.8070000410079956, 5.370999813079834])
[INFO] [1753424582.654473432] [solver_node]: 调用求解器前，distances shape: (4,), values: [       nan 4.66599989 1.80700004 5.37099981]
[INFO] [1753424582.657165564] [solver_node]: 求解器返回结果: []
[INFO] [1753424582.754800977] [solver_node]: 数据详情:
- 第一个元素类型: <class 'float'>
- 整个数组类型: <class 'array.array'>
- 数组长度: 4
- 示例值: array('f', [0.0, 4.665999889373779, 1.8070000410079956, 5.370999813079834])
[INFO] [1753424582.756759970] [solver_node]: 调用求解器前，distances shape: (4,), values: [       nan 4.66599989 1.80700004 5.37099981]
[INFO] [1753424582.760568162] [solver_node]: 求解器返回结果: []
[INFO] [1753424582.852300899] [solver_node]: 数据详情:
- 第一个元素类型: <class 'float'>
- 整个数组类型: <class 'array.array'>
- 数组长度: 4
- 示例值: array('f', [0.0, 4.665999889373779, 1.8070000410079956, 5.370999813079834])
[INFO] [1753424582.854285973] [solver_node]: 调用求解器前，distances shape: (4,), values: [       nan 4.66599989 1.80700004 5.37099981]
[INFO] [1753424582.857488006] [solver_node]: 求解器返回结果: []
[INFO] [1753424582.955672905] [solver_node]: 数据详情:
- 第一个元素类型: <class 'float'>
- 整个数组类型: <class 'array.array'>
- 数组长度: 4
- 示例值: array('f', [0.0, 4.665999889373779, 1.8070000410079956, 5.370999813079834])
[INFO] [1753424582.957201200] [solver_node]: 调用求解器前，distances shape: (4,), values: [       nan 4.66599989 1.80700004 5.37099981]
[INFO] [1753424582.960950062] [solver_node]: 求解器返回结果: []
[INFO] [1753424583.053360128] [solver_node]: 数据详情:
- 第一个元素类型: <class 'float'>
- 整个数组类型: <class 'array.array'>
- 数组长度: 4
- 示例值: array('f', [0.0, 4.665999889373779, 1.8070000410079956, 5.370999813079834])
[INFO] [1753424583.055005705] [solver_node]: 调用求解器前，distances shape: (4,), values: [       nan 4.66599989 1.80700004 5.37099981]
[INFO] [1753424583.057669292] [solver_node]: 求解器返回结果: []
[INFO] [1753424583.151878412] [solver_node]: 数据详情:
- 第一个元素类型: <class 'float'>
- 整个数组类型: <class 'array.array'>
- 数组长度: 4
- 示例值: array('f', [0.0, 4.665999889373779, 1.8070000410079956, 5.369999885559082])
[INFO] [1753424583.153317904] [solver_node]: 调用求解器前，distances shape: (4,), values: [       nan 4.66599989 1.80700004 5.36999989]
[INFO] [1753424583.158526515] [solver_node]: 求解器返回结果: []
[INFO] [1753424583.253879215] [solver_node]: 数据详情:
- 第一个元素类型: <class 'float'>
- 整个数组类型: <class 'array.array'>
- 数组长度: 4
- 示例值: array('f', [0.0, 4.665999889373779, 1.8070000410079956, 5.369999885559082])
[INFO] [1753424583.255581242] [solver_node]: 调用求解器前，distances shape: (4,), values: [       nan 4.66599989 1.80700004 5.36999989]
[INFO] [1753424583.258745354] [solver_node]: 求解器返回结果: []
[INFO] [1753424583.351302112] [solver_node]: 数据详情:
- 第一个元素类型: <class 'float'>
- 整个数组类型: <class 'array.array'>
- 数组长度: 4
- 示例值: array('f', [0.0, 4.665999889373779, 1.8070000410079956, 5.369999885559082])
[INFO] [1753424583.355456392] [solver_node]: 调用求解器前，distances shape: (4,), values: [       nan 4.66599989 1.80700004 5.36999989]
[INFO] [1753424583.360799150] [solver_node]: 求解器返回结果: []
[INFO] [1753424583.452854712] [solver_node]: 数据详情:
- 第一个元素类型: <class 'float'>
- 整个数组类型: <class 'array.array'>
- 数组长度: 4
- 示例值: array('f', [0.0, 4.665999889373779, 1.8070000410079956, 5.369999885559082])
[INFO] [1753424583.454279612] [solver_node]: 调用求解器前，distances shape: (4,), values: [       nan 4.66599989 1.80700004 5.36999989]
[INFO] [1753424583.457693585] [solver_node]: 求解器返回结果: []
[INFO] [1753424583.553658589] [solver_node]: 数据详情:
- 第一个元素类型: <class 'float'>
- 整个数组类型: <class 'array.array'>
- 数组长度: 4
- 示例值: array('f', [0.0, 4.665999889373779, 1.8070000410079956, 5.369999885559082])
[INFO] [1753424583.557118036] [solver_node]: 调用求解器前，distances shape: (4,), values: [       nan 4.66599989 1.80700004 5.36999989]
[INFO] [1753424583.562405401] [solver_node]: 求解器返回结果: []
[INFO] [1753424583.654039864] [solver_node]: 数据详情:
- 第一个元素类型: <class 'float'>
- 整个数组类型: <class 'array.array'>
- 数组长度: 4
- 示例值: array('f', [0.0, 4.665999889373779, 1.8070000410079956, 5.369999885559082])
[INFO] [1753424583.656207342] [solver_node]: 调用求解器前，distances shape: (4,), values: [       nan 4.66599989 1.80700004 5.36999989]
[INFO] [1753424583.658993908] [solver_node]: 求解器返回结果: []
[INFO] [1753424583.752698215] [solver_node]: 数据详情:
- 第一个元素类型: <class 'float'>
- 整个数组类型: <class 'array.array'>
- 数组长度: 4
- 示例值: array('f', [0.0, 4.665999889373779, 1.8070000410079956, 5.370999813079834])
[INFO] [1753424583.754272719] [solver_node]: 调用求解器前，distances shape: (4,), values: [       nan 4.66599989 1.80700004 5.37099981]
[INFO] [1753424583.759673815] [solver_node]: 求解器返回结果: []
[INFO] [1753424583.854580648] [solver_node]: 数据详情:
- 第一个元素类型: <class 'float'>
- 整个数组类型: <class 'array.array'>
- 数组长度: 4
- 示例值: array('f', [0.0, 4.665999889373779, 1.8070000410079956, 5.370999813079834])
[INFO] [1753424583.856052301] [solver_node]: 调用求解器前，distances shape: (4,), values: [       nan 4.66599989 1.80700004 5.37099981]
[INFO] [1753424583.858764177] [solver_node]: 求解器返回结果: []
[INFO] [1753424583.952783148] [solver_node]: 数据详情:
- 第一个元素类型: <class 'float'>
- 整个数组类型: <class 'array.array'>
- 数组长度: 4
- 示例值: array('f', [0.0, 4.665999889373779, 1.8070000410079956, 5.370999813079834])
[INFO] [1753424583.957444545] [solver_node]: 调用求解器前，distances shape: (4,), values: [       nan 4.66599989 1.80700004 5.37099981]
