[INFO] [1754305862.789096119] [solver_node]: [PerpendicularDistanceLocalizer] 激光配置 详细内容: 列表长度: 5
[INFO] [1754305862.790069768] [solver_node]: [PerpendicularDistanceLocalizer] 激光配置[0]: ((0.37685, 1.56608), 1.5708)
[INFO] [1754305862.790805013] [solver_node]: [PerpendicularDistanceLocalizer] 激光配置[1]: ((0.37685, -1.56608), -1.5708)
[INFO] [1754305862.791520193] [solver_node]: [PerpendicularDistanceLocalizer] 激光配置[2]: ((0.37645, 0.47385), 0.0)
[INFO] [1754305862.792207501] [solver_node]: [PerpendicularDistanceLocalizer] 激光配置[3]: ((0.37771, 2.42478), 3.14159)
[INFO] [1754305862.792879065] [solver_node]: [PerpendicularDistanceLocalizer] 激光配置[4]: ((0.37771, -2.42478), 3.14159)
[INFO] [1754305862.793733864] [solver_node]: [PerpendicularDistanceLocalizer] 前束索引: [2], 后束索引: [3, 4]
[INFO] [1754305862.794433205] [solver_node]: [PerpendicularDistanceLocalizer] 左束索引: [0], 右束索引: [1]
[INFO] [1754305862.795785996] [solver_node]: [PerpendicularDistanceLocalizer] h_values: [0.37684581 0.37684581 0.33497201 0.28475693 0.28475693]
[INFO] [1754305862.796502777] [solver_node]: [PerpendicularDistanceLocalizer] 垂直距离定位器已初始化，需要调用calibrate()方法进行标定
[INFO] [1754305862.805026607] [solver_node]: SolverNode启动，进入初始化阶段...
[INFO] [1754305863.530821306] [solver_node]: 标定数据收集进度: 1/500
[INFO] [1754305863.540276737] [solver_node]: 标定数据收集进度: 2/500
[INFO] [1754305863.549798440] [solver_node]: 标定数据收集进度: 3/500
[INFO] [1754305863.559927451] [solver_node]: 标定数据收集进度: 4/500
[INFO] [1754305863.569928587] [solver_node]: 标定数据收集进度: 5/500
[INFO] [1754305863.579783128] [solver_node]: 标定数据收集进度: 6/500
[INFO] [1754305863.589813161] [solver_node]: 标定数据收集进度: 7/500
[INFO] [1754305863.601488726] [solver_node]: 标定数据收集进度: 8/500
[INFO] [1754305863.613734798] [solver_node]: 标定数据收集进度: 9/500
[INFO] [1754305863.620021436] [solver_node]: 标定数据收集进度: 10/500
[INFO] [1754305863.635438988] [solver_node]: 标定数据收集进度: 11/500
[INFO] [1754305863.640893740] [solver_node]: 标定数据收集进度: 12/500
[INFO] [1754305863.650320050] [solver_node]: 标定数据收集进度: 13/500
[INFO] [1754305863.661185329] [solver_node]: 标定数据收集进度: 14/500
[INFO] [1754305863.674451290] [solver_node]: 标定数据收集进度: 15/500
[INFO] [1754305863.682750060] [solver_node]: 标定数据收集进度: 16/500
[INFO] [1754305863.690201296] [solver_node]: 标定数据收集进度: 17/500
[INFO] [1754305863.700371203] [solver_node]: 标定数据收集进度: 18/500
[INFO] [1754305863.709946443] [solver_node]: 标定数据收集进度: 19/500
[INFO] [1754305863.720385347] [solver_node]: 标定数据收集进度: 20/500
[INFO] [1754305863.731164417] [solver_node]: 标定数据收集进度: 21/500
[INFO] [1754305863.744057412] [solver_node]: 标定数据收集进度: 22/500
[INFO] [1754305863.755666992] [solver_node]: 标定数据收集进度: 23/500
[INFO] [1754305863.760457924] [solver_node]: 标定数据收集进度: 24/500
[INFO] [1754305863.770480085] [solver_node]: 标定数据收集进度: 25/500
[INFO] [1754305863.781286739] [solver_node]: 标定数据收集进度: 26/500
[INFO] [1754305863.791103840] [solver_node]: 标定数据收集进度: 27/500
[INFO] [1754305863.800403843] [solver_node]: 标定数据收集进度: 28/500
[INFO] [1754305863.812699132] [solver_node]: 标定数据收集进度: 29/500
[INFO] [1754305863.830470773] [solver_node]: 标定数据收集进度: 30/500
[INFO] [1754305863.832985825] [solver_node]: 标定数据收集进度: 31/500
[INFO] [1754305863.841123184] [solver_node]: 标定数据收集进度: 32/500
[INFO] [1754305863.850108142] [solver_node]: 标定数据收集进度: 33/500
[INFO] [1754305863.859876666] [solver_node]: 标定数据收集进度: 34/500
[INFO] [1754305864.000189920] [solver_node]: 标定数据收集进度: 35/500
[INFO] [1754305864.002838959] [solver_node]: 标定数据收集进度: 36/500
[INFO] [1754305864.016149081] [solver_node]: 标定数据收集进度: 37/500
[INFO] [1754305864.020097342] [solver_node]: 标定数据收集进度: 38/500
[INFO] [1754305864.023573659] [solver_node]: 标定数据收集进度: 39/500
[INFO] [1754305864.027348125] [solver_node]: 标定数据收集进度: 40/500
[INFO] [1754305864.029594213] [solver_node]: 标定数据收集进度: 41/500
[INFO] [1754305864.031273763] [solver_node]: 标定数据收集进度: 42/500
[INFO] [1754305864.033908721] [solver_node]: 标定数据收集进度: 43/500
[INFO] [1754305864.043563387] [solver_node]: 标定数据收集进度: 44/500
[INFO] [1754305864.049739879] [solver_node]: 标定数据收集进度: 45/500
[INFO] [1754305864.059927514] [solver_node]: 标定数据收集进度: 46/500
[INFO] [1754305864.069806024] [solver_node]: 标定数据收集进度: 47/500
[INFO] [1754305864.079809656] [solver_node]: 标定数据收集进度: 48/500
[INFO] [1754305864.089743783] [solver_node]: 标定数据收集进度: 49/500
[INFO] [1754305864.099845208] [solver_node]: 标定数据收集进度: 50/500
[INFO] [1754305864.110092140] [solver_node]: 标定数据收集进度: 51/500
[INFO] [1754305864.120060028] [solver_node]: 标定数据收集进度: 52/500
[INFO] [1754305864.130049003] [solver_node]: 标定数据收集进度: 53/500
[INFO] [1754305864.140208446] [solver_node]: 标定数据收集进度: 54/500
[INFO] [1754305864.151449636] [solver_node]: 标定数据收集进度: 55/500
[INFO] [1754305864.160111484] [solver_node]: 标定数据收集进度: 56/500
[INFO] [1754305864.173305380] [solver_node]: 标定数据收集进度: 57/500
[INFO] [1754305864.182827723] [solver_node]: 标定数据收集进度: 58/500
[INFO] [1754305864.192330642] [solver_node]: 标定数据收集进度: 59/500
[INFO] [1754305864.201617206] [solver_node]: 标定数据收集进度: 60/500
[INFO] [1754305864.210228557] [solver_node]: 标定数据收集进度: 61/500
[INFO] [1754305864.222010300] [solver_node]: 标定数据收集进度: 62/500
[INFO] [1754305864.230859544] [solver_node]: 标定数据收集进度: 63/500
[INFO] [1754305864.242687528] [solver_node]: 标定数据收集进度: 64/500
[INFO] [1754305864.249918567] [solver_node]: 标定数据收集进度: 65/500
[INFO] [1754305864.260381983] [solver_node]: 标定数据收集进度: 66/500
[INFO] [1754305864.270345070] [solver_node]: 标定数据收集进度: 67/500
[INFO] [1754305864.280280221] [solver_node]: 标定数据收集进度: 68/500
[INFO] [1754305864.290480592] [solver_node]: 标定数据收集进度: 69/500
[INFO] [1754305864.299855605] [solver_node]: 标定数据收集进度: 70/500
[INFO] [1754305864.312345137] [solver_node]: 标定数据收集进度: 71/500
[INFO] [1754305864.320170490] [solver_node]: 标定数据收集进度: 72/500
[INFO] [1754305864.332667702] [solver_node]: 标定数据收集进度: 73/500
[INFO] [1754305864.341533490] [solver_node]: 标定数据收集进度: 74/500
[INFO] [1754305864.352218446] [solver_node]: 标定数据收集进度: 75/500
[INFO] [1754305864.364681705] [solver_node]: 标定数据收集进度: 76/500
[INFO] [1754305864.369831779] [solver_node]: 标定数据收集进度: 77/500
[INFO] [1754305864.379877044] [solver_node]: 标定数据收集进度: 78/500
[INFO] [1754305864.390061511] [solver_node]: 标定数据收集进度: 79/500
[INFO] [1754305864.402197021] [solver_node]: 标定数据收集进度: 80/500
[INFO] [1754305864.411960392] [solver_node]: 标定数据收集进度: 81/500
[INFO] [1754305864.420537759] [solver_node]: 标定数据收集进度: 82/500
[INFO] [1754305864.433704679] [solver_node]: 标定数据收集进度: 83/500
[INFO] [1754305864.440869220] [solver_node]: 标定数据收集进度: 84/500
[INFO] [1754305864.450759858] [solver_node]: 标定数据收集进度: 85/500
[INFO] [1754305864.460324795] [solver_node]: 标定数据收集进度: 86/500
[INFO] [1754305864.470030885] [solver_node]: 标定数据收集进度: 87/500
[INFO] [1754305864.480267577] [solver_node]: 标定数据收集进度: 88/500
[INFO] [1754305864.489882850] [solver_node]: 标定数据收集进度: 89/500
[INFO] [1754305864.499842577] [solver_node]: 标定数据收集进度: 90/500
[INFO] [1754305864.510435372] [solver_node]: 标定数据收集进度: 91/500
[INFO] [1754305864.520239128] [solver_node]: 标定数据收集进度: 92/500
[INFO] [1754305864.531463325] [solver_node]: 标定数据收集进度: 93/500
[INFO] [1754305864.540876035] [solver_node]: 标定数据收集进度: 94/500
[INFO] [1754305864.550609038] [solver_node]: 标定数据收集进度: 95/500
[INFO] [1754305864.560158390] [solver_node]: 标定数据收集进度: 96/500
[INFO] [1754305864.572734739] [solver_node]: 标定数据收集进度: 97/500
[INFO] [1754305864.579648781] [solver_node]: 标定数据收集进度: 98/500
[INFO] [1754305864.589877761] [solver_node]: 标定数据收集进度: 99/500
[INFO] [1754305864.601256521] [solver_node]: 标定数据收集进度: 100/500
[INFO] [1754305864.625943547] [solver_node]: 标定数据收集进度: 101/500
[INFO] [1754305864.640059859] [solver_node]: 标定数据收集进度: 102/500
[INFO] [1754305864.648117441] [solver_node]: 标定数据收集进度: 103/500
[INFO] [1754305864.650494154] [solver_node]: 标定数据收集进度: 104/500
[INFO] [1754305864.652778611] [solver_node]: 标定数据收集进度: 105/500
[INFO] [1754305864.660412921] [solver_node]: 标定数据收集进度: 106/500
[INFO] [1754305864.689381238] [solver_node]: 标定数据收集进度: 107/500
[INFO] [1754305864.692060965] [solver_node]: 标定数据收集进度: 108/500
[INFO] [1754305864.698377652] [solver_node]: 标定数据收集进度: 109/500
[INFO] [1754305864.700322518] [solver_node]: 标定数据收集进度: 110/500
[INFO] [1754305864.710720781] [solver_node]: 标定数据收集进度: 111/500
[INFO] [1754305864.721879282] [solver_node]: 标定数据收集进度: 112/500
[INFO] [1754305864.730956305] [solver_node]: 标定数据收集进度: 113/500
[INFO] [1754305864.740256789] [solver_node]: 标定数据收集进度: 114/500
[INFO] [1754305864.754638738] [solver_node]: 标定数据收集进度: 115/500
[INFO] [1754305864.760351766] [solver_node]: 标定数据收集进度: 116/500
[INFO] [1754305864.773077334] [solver_node]: 标定数据收集进度: 117/500
[INFO] [1754305864.780593274] [solver_node]: 标定数据收集进度: 118/500
[INFO] [1754305864.790076481] [solver_node]: 标定数据收集进度: 119/500
[INFO] [1754305864.804106807] [solver_node]: 标定数据收集进度: 120/500
[INFO] [1754305864.811244629] [solver_node]: 标定数据收集进度: 121/500
[INFO] [1754305864.822347064] [solver_node]: 标定数据收集进度: 122/500
[INFO] [1754305864.831117714] [solver_node]: 标定数据收集进度: 123/500
[INFO] [1754305864.840551288] [solver_node]: 标定数据收集进度: 124/500
[INFO] [1754305864.850444614] [solver_node]: 标定数据收集进度: 125/500
[INFO] [1754305864.860320948] [solver_node]: 标定数据收集进度: 126/500
[INFO] [1754305864.871008240] [solver_node]: 标定数据收集进度: 127/500
[INFO] [1754305864.883390057] [solver_node]: 标定数据收集进度: 128/500
[INFO] [1754305864.890048158] [solver_node]: 标定数据收集进度: 129/500
[INFO] [1754305864.900192849] [solver_node]: 标定数据收集进度: 130/500
[INFO] [1754305864.909981821] [solver_node]: 标定数据收集进度: 131/500
[INFO] [1754305864.924714112] [solver_node]: 标定数据收集进度: 132/500
[INFO] [1754305864.930710985] [solver_node]: 标定数据收集进度: 133/500
[INFO] [1754305864.940133327] [solver_node]: 标定数据收集进度: 134/500
[INFO] [1754305864.951841597] [solver_node]: 标定数据收集进度: 135/500
[INFO] [1754305864.960049325] [solver_node]: 标定数据收集进度: 136/500
[INFO] [1754305864.970029213] [solver_node]: 标定数据收集进度: 137/500
[INFO] [1754305864.979968172] [solver_node]: 标定数据收集进度: 138/500
[INFO] [1754305864.989769912] [solver_node]: 标定数据收集进度: 139/500
[INFO] [1754305864.999872842] [solver_node]: 标定数据收集进度: 140/500
[INFO] [1754305865.010075325] [solver_node]: 标定数据收集进度: 141/500
[INFO] [1754305865.025842194] [solver_node]: 标定数据收集进度: 142/500
[INFO] [1754305865.030383265] [solver_node]: 标定数据收集进度: 143/500
[INFO] [1754305865.043805741] [solver_node]: 标定数据收集进度: 144/500
[INFO] [1754305865.052692745] [solver_node]: 标定数据收集进度: 145/500
[INFO] [1754305865.060186093] [solver_node]: 标定数据收集进度: 146/500
[INFO] [1754305865.070113467] [solver_node]: 标定数据收集进度: 147/500
[INFO] [1754305865.079920776] [solver_node]: 标定数据收集进度: 148/500
[INFO] [1754305865.089868438] [solver_node]: 标定数据收集进度: 149/500
[INFO] [1754305865.099621602] [solver_node]: 标定数据收集进度: 150/500
[INFO] [1754305865.109927735] [solver_node]: 标定数据收集进度: 151/500
[INFO] [1754305865.119960839] [solver_node]: 标定数据收集进度: 152/500
[INFO] [1754305865.129873173] [solver_node]: 标定数据收集进度: 153/500
[INFO] [1754305865.140360173] [solver_node]: 标定数据收集进度: 154/500
[INFO] [1754305865.151438160] [solver_node]: 标定数据收集进度: 155/500
[INFO] [1754305865.172000697] [solver_node]: 标定数据收集进度: 156/500
[INFO] [1754305865.175532055] [solver_node]: 标定数据收集进度: 157/500
[INFO] [1754305865.207846671] [solver_node]: 标定数据收集进度: 158/500
[INFO] [1754305865.212096729] [solver_node]: 标定数据收集进度: 159/500
[INFO] [1754305865.215764122] [solver_node]: 标定数据收集进度: 160/500
[INFO] [1754305865.219052595] [solver_node]: 标定数据收集进度: 161/500
[INFO] [1754305865.554859422] [solver_node]: 标定数据收集进度: 162/500
[INFO] [1754305865.559150569] [solver_node]: 标定数据收集进度: 163/500
[INFO] [1754305865.569955463] [solver_node]: 标定数据收集进度: 164/500
[INFO] [1754305865.572132205] [solver_node]: 标定数据收集进度: 165/500
[INFO] [1754305865.574772315] [solver_node]: 标定数据收集进度: 166/500
[INFO] [1754305865.576754942] [solver_node]: 标定数据收集进度: 167/500
[INFO] [1754305865.579304875] [solver_node]: 标定数据收集进度: 168/500
[INFO] [1754305865.584033566] [solver_node]: 标定数据收集进度: 169/500
[INFO] [1754305865.587397081] [solver_node]: 标定数据收集进度: 170/500
[INFO] [1754305865.591232029] [solver_node]: 标定数据收集进度: 171/500
[INFO] [1754305865.600920263] [solver_node]: 标定数据收集进度: 172/500
[INFO] [1754305865.610987768] [solver_node]: 标定数据收集进度: 173/500
[INFO] [1754305865.621989689] [solver_node]: 标定数据收集进度: 174/500
[INFO] [1754305865.631604738] [solver_node]: 标定数据收集进度: 175/500
[INFO] [1754305865.642699461] [solver_node]: 标定数据收集进度: 176/500
[INFO] [1754305865.650650416] [solver_node]: 标定数据收集进度: 177/500
[INFO] [1754305865.660461660] [solver_node]: 标定数据收集进度: 178/500
[INFO] [1754305865.679128004] [solver_node]: 标定数据收集进度: 179/500
[INFO] [1754305865.682463807] [solver_node]: 标定数据收集进度: 180/500
[INFO] [1754305865.690194407] [solver_node]: 标定数据收集进度: 181/500
[INFO] [1754305865.700320441] [solver_node]: 标定数据收集进度: 182/500
[INFO] [1754305865.710495435] [solver_node]: 标定数据收集进度: 183/500
[INFO] [1754305865.722402076] [solver_node]: 标定数据收集进度: 184/500
[INFO] [1754305865.730853873] [solver_node]: 标定数据收集进度: 185/500
[INFO] [1754305865.745128652] [solver_node]: 标定数据收集进度: 186/500
[INFO] [1754305865.750088067] [solver_node]: 标定数据收集进度: 187/500
[INFO] [1754305865.763309515] [solver_node]: 标定数据收集进度: 188/500
[INFO] [1754305865.770367111] [solver_node]: 标定数据收集进度: 189/500
[INFO] [1754305865.779925743] [solver_node]: 标定数据收集进度: 190/500
[INFO] [1754305865.789701019] [solver_node]: 标定数据收集进度: 191/500
[INFO] [1754305865.799699146] [solver_node]: 标定数据收集进度: 192/500
[INFO] [1754305865.810005311] [solver_node]: 标定数据收集进度: 193/500
[INFO] [1754305865.830704459] [solver_node]: 标定数据收集进度: 194/500
[INFO] [1754305865.834067206] [solver_node]: 标定数据收集进度: 195/500
[INFO] [1754305865.840786044] [solver_node]: 标定数据收集进度: 196/500
[INFO] [1754305865.851885983] [solver_node]: 标定数据收集进度: 197/500
[INFO] [1754305865.867180843] [solver_node]: 标定数据收集进度: 198/500
[INFO] [1754305865.870961518] [solver_node]: 标定数据收集进度: 199/500
[INFO] [1754305865.879977612] [solver_node]: 标定数据收集进度: 200/500
[INFO] [1754305865.890752233] [solver_node]: 标定数据收集进度: 201/500
[INFO] [1754305865.900322418] [solver_node]: 标定数据收集进度: 202/500
[INFO] [1754305865.911097999] [solver_node]: 标定数据收集进度: 203/500
[INFO] [1754305865.931920669] [solver_node]: 标定数据收集进度: 204/500
[INFO] [1754305865.938898167] [solver_node]: 标定数据收集进度: 205/500
[INFO] [1754305865.946661599] [solver_node]: 标定数据收集进度: 206/500
[INFO] [1754305865.950656902] [solver_node]: 标定数据收集进度: 207/500
[INFO] [1754305865.960958395] [solver_node]: 标定数据收集进度: 208/500
[INFO] [1754305865.971695863] [solver_node]: 标定数据收集进度: 209/500
[INFO] [1754305865.982217232] [solver_node]: 标定数据收集进度: 210/500
[INFO] [1754305865.991685302] [solver_node]: 标定数据收集进度: 211/500
[INFO] [1754305866.013785626] [solver_node]: 标定数据收集进度: 212/500
[INFO] [1754305866.022188526] [solver_node]: 标定数据收集进度: 213/500
[INFO] [1754305866.025160322] [solver_node]: 标定数据收集进度: 214/500
[INFO] [1754305866.031445904] [solver_node]: 标定数据收集进度: 215/500
[INFO] [1754305866.043488611] [solver_node]: 标定数据收集进度: 216/500
[INFO] [1754305866.050552927] [solver_node]: 标定数据收集进度: 217/500
[INFO] [1754305866.060841140] [solver_node]: 标定数据收集进度: 218/500
[INFO] [1754305866.075875644] [solver_node]: 标定数据收集进度: 219/500
[INFO] [1754305866.080463244] [solver_node]: 标定数据收集进度: 220/500
[INFO] [1754305866.091350699] [solver_node]: 标定数据收集进度: 221/500
[INFO] [1754305866.100568109] [solver_node]: 标定数据收集进度: 222/500
[INFO] [1754305866.111262633] [solver_node]: 标定数据收集进度: 223/500
[INFO] [1754305866.122551791] [solver_node]: 标定数据收集进度: 224/500
[INFO] [1754305866.130656573] [solver_node]: 标定数据收集进度: 225/500
[INFO] [1754305866.144346733] [solver_node]: 标定数据收集进度: 226/500
[INFO] [1754305866.150175251] [solver_node]: 标定数据收集进度: 227/500
[INFO] [1754305866.160591466] [solver_node]: 标定数据收集进度: 228/500
[INFO] [1754305866.171422120] [solver_node]: 标定数据收集进度: 229/500
[INFO] [1754305866.180045087] [solver_node]: 标定数据收集进度: 230/500
[INFO] [1754305866.190867549] [solver_node]: 标定数据收集进度: 231/500
[INFO] [1754305866.199985213] [solver_node]: 标定数据收集进度: 232/500
[INFO] [1754305866.209933900] [solver_node]: 标定数据收集进度: 233/500
[INFO] [1754305866.221246354] [solver_node]: 标定数据收集进度: 234/500
[INFO] [1754305866.232299892] [solver_node]: 标定数据收集进度: 235/500
[INFO] [1754305866.240462916] [solver_node]: 标定数据收集进度: 236/500
[INFO] [1754305866.250143981] [solver_node]: 标定数据收集进度: 237/500
[INFO] [1754305866.260160093] [solver_node]: 标定数据收集进度: 238/500
[INFO] [1754305866.274898080] [solver_node]: 标定数据收集进度: 239/500
[INFO] [1754305866.281854746] [solver_node]: 标定数据收集进度: 240/500
[INFO] [1754305866.290654164] [solver_node]: 标定数据收集进度: 241/500
[INFO] [1754305866.304607817] [solver_node]: 标定数据收集进度: 242/500
[INFO] [1754305866.310763381] [solver_node]: 标定数据收集进度: 243/500
[INFO] [1754305866.326038689] [solver_node]: 标定数据收集进度: 244/500
[INFO] [1754305866.330691091] [solver_node]: 标定数据收集进度: 245/500
[INFO] [1754305866.340036695] [solver_node]: 标定数据收集进度: 246/500
[INFO] [1754305866.350181993] [solver_node]: 标定数据收集进度: 247/500
[INFO] [1754305866.359914163] [solver_node]: 标定数据收集进度: 248/500
[INFO] [1754305866.370249865] [solver_node]: 标定数据收集进度: 249/500
[INFO] [1754305866.380155735] [solver_node]: 标定数据收集进度: 250/500
[INFO] [1754305866.390144774] [solver_node]: 标定数据收集进度: 251/500
[INFO] [1754305866.401827475] [solver_node]: 标定数据收集进度: 252/500
[INFO] [1754305866.410157125] [solver_node]: 标定数据收集进度: 253/500
[INFO] [1754305866.420742367] [solver_node]: 标定数据收集进度: 254/500
[INFO] [1754305866.430828272] [solver_node]: 标定数据收集进度: 255/500
[INFO] [1754305866.440106258] [solver_node]: 标定数据收集进度: 256/500
[INFO] [1754305866.451483610] [solver_node]: 标定数据收集进度: 257/500
[INFO] [1754305866.460260916] [solver_node]: 标定数据收集进度: 258/500
[INFO] [1754305866.470300932] [solver_node]: 标定数据收集进度: 259/500
[INFO] [1754305866.484629952] [solver_node]: 标定数据收集进度: 260/500
[INFO] [1754305866.491667803] [solver_node]: 标定数据收集进度: 261/500
[INFO] [1754305866.502210516] [solver_node]: 标定数据收集进度: 262/500
[INFO] [1754305866.513027570] [solver_node]: 标定数据收集进度: 263/500
[INFO] [1754305866.527628018] [solver_node]: 标定数据收集进度: 264/500
[INFO] [1754305866.533992450] [solver_node]: 标定数据收集进度: 265/500
[INFO] [1754305866.541321890] [solver_node]: 标定数据收集进度: 266/500
[INFO] [1754305866.552551335] [solver_node]: 标定数据收集进度: 267/500
[INFO] [1754305866.560456178] [solver_node]: 标定数据收集进度: 268/500
[INFO] [1754305866.569973241] [solver_node]: 标定数据收集进度: 269/500
[INFO] [1754305866.579864167] [solver_node]: 标定数据收集进度: 270/500
[INFO] [1754305866.589865526] [solver_node]: 标定数据收集进度: 271/500
[INFO] [1754305866.600039433] [solver_node]: 标定数据收集进度: 272/500
[INFO] [1754305866.610842150] [solver_node]: 标定数据收集进度: 273/500
[INFO] [1754305866.626143635] [solver_node]: 标定数据收集进度: 274/500
[INFO] [1754305866.636916016] [solver_node]: 标定数据收集进度: 275/500
[INFO] [1754305866.640755667] [solver_node]: 标定数据收集进度: 276/500
[INFO] [1754305866.650776451] [solver_node]: 标定数据收集进度: 277/500
[INFO] [1754305866.663495138] [solver_node]: 标定数据收集进度: 278/500
[INFO] [1754305866.672748388] [solver_node]: 标定数据收集进度: 279/500
[INFO] [1754305866.681809059] [solver_node]: 标定数据收集进度: 280/500
[INFO] [1754305866.691560943] [solver_node]: 标定数据收集进度: 281/500
[INFO] [1754305866.700249319] [solver_node]: 标定数据收集进度: 282/500
[INFO] [1754305866.711004068] [solver_node]: 标定数据收集进度: 283/500
[INFO] [1754305866.721649726] [solver_node]: 标定数据收集进度: 284/500
[INFO] [1754305866.732244792] [solver_node]: 标定数据收集进度: 285/500
[INFO] [1754305866.742151878] [solver_node]: 标定数据收集进度: 286/500
[INFO] [1754305866.750737949] [solver_node]: 标定数据收集进度: 287/500
[INFO] [1754305866.760222659] [solver_node]: 标定数据收集进度: 288/500
[INFO] [1754305866.770075536] [solver_node]: 标定数据收集进度: 289/500
[INFO] [1754305866.781460184] [solver_node]: 标定数据收集进度: 290/500
[INFO] [1754305866.791094337] [solver_node]: 标定数据收集进度: 291/500
[INFO] [1754305866.801303124] [solver_node]: 标定数据收集进度: 292/500
[INFO] [1754305866.817877239] [solver_node]: 标定数据收集进度: 293/500
[INFO] [1754305866.831052670] [solver_node]: 标定数据收集进度: 294/500
[INFO] [1754305866.834516603] [solver_node]: 标定数据收集进度: 295/500
[INFO] [1754305866.840884843] [solver_node]: 标定数据收集进度: 296/500
[INFO] [1754305866.850072012] [solver_node]: 标定数据收集进度: 297/500
[INFO] [1754305866.862171264] [solver_node]: 标定数据收集进度: 298/500
[INFO] [1754305866.870404656] [solver_node]: 标定数据收集进度: 299/500
[INFO] [1754305866.884605770] [solver_node]: 标定数据收集进度: 300/500
[INFO] [1754305866.890490193] [solver_node]: 标定数据收集进度: 301/500
[INFO] [1754305866.900626851] [solver_node]: 标定数据收集进度: 302/500
[INFO] [1754305866.910598706] [solver_node]: 标定数据收集进度: 303/500
[INFO] [1754305866.920977064] [solver_node]: 标定数据收集进度: 304/500
[INFO] [1754305866.937214789] [solver_node]: 标定数据收集进度: 305/500
[INFO] [1754305866.942210204] [solver_node]: 标定数据收集进度: 306/500
[INFO] [1754305866.950202377] [solver_node]: 标定数据收集进度: 307/500
[INFO] [1754305866.960544894] [solver_node]: 标定数据收集进度: 308/500
[INFO] [1754305866.969913794] [solver_node]: 标定数据收集进度: 309/500
[INFO] [1754305866.979879825] [solver_node]: 标定数据收集进度: 310/500
[INFO] [1754305866.990034052] [solver_node]: 标定数据收集进度: 311/500
[INFO] [1754305866.999932785] [solver_node]: 标定数据收集进度: 312/500
[INFO] [1754305867.013528192] [solver_node]: 标定数据收集进度: 313/500
[INFO] [1754305867.021939763] [solver_node]: 标定数据收集进度: 314/500
[INFO] [1754305867.030655276] [solver_node]: 标定数据收集进度: 315/500
[INFO] [1754305867.041754094] [solver_node]: 标定数据收集进度: 316/500
[INFO] [1754305867.051687836] [solver_node]: 标定数据收集进度: 317/500
[INFO] [1754305867.059988878] [solver_node]: 标定数据收集进度: 318/500
[INFO] [1754305867.071373525] [solver_node]: 标定数据收集进度: 319/500
[INFO] [1754305867.080326002] [solver_node]: 标定数据收集进度: 320/500
[INFO] [1754305867.090523461] [solver_node]: 标定数据收集进度: 321/500
[INFO] [1754305867.100960892] [solver_node]: 标定数据收集进度: 322/500
[INFO] [1754305867.111037261] [solver_node]: 标定数据收集进度: 323/500
[INFO] [1754305867.128521631] [solver_node]: 标定数据收集进度: 324/500
[INFO] [1754305867.133527415] [solver_node]: 标定数据收集进度: 325/500
[INFO] [1754305867.143069470] [solver_node]: 标定数据收集进度: 326/500
[INFO] [1754305867.150386750] [solver_node]: 标定数据收集进度: 327/500
[INFO] [1754305867.160225771] [solver_node]: 标定数据收集进度: 328/500
[INFO] [1754305867.171932568] [solver_node]: 标定数据收集进度: 329/500
[INFO] [1754305867.181775940] [solver_node]: 标定数据收集进度: 330/500
[INFO] [1754305867.190319418] [solver_node]: 标定数据收集进度: 331/500
[INFO] [1754305867.200353354] [solver_node]: 标定数据收集进度: 332/500
[INFO] [1754305867.210824642] [solver_node]: 标定数据收集进度: 333/500
[INFO] [1754305867.223062712] [solver_node]: 标定数据收集进度: 334/500
[INFO] [1754305867.231001059] [solver_node]: 标定数据收集进度: 335/500
[INFO] [1754305867.242225960] [solver_node]: 标定数据收集进度: 336/500
[INFO] [1754305867.250084562] [solver_node]: 标定数据收集进度: 337/500
[INFO] [1754305867.267921226] [solver_node]: 标定数据收集进度: 338/500
[INFO] [1754305867.271114018] [solver_node]: 标定数据收集进度: 339/500
[INFO] [1754305867.281382262] [solver_node]: 标定数据收集进度: 340/500
[INFO] [1754305867.291408806] [solver_node]: 标定数据收集进度: 341/500
[INFO] [1754305867.303493306] [solver_node]: 标定数据收集进度: 342/500
[INFO] [1754305867.310139054] [solver_node]: 标定数据收集进度: 343/500
[INFO] [1754305867.320520484] [solver_node]: 标定数据收集进度: 344/500
[INFO] [1754305867.332096207] [solver_node]: 标定数据收集进度: 345/500
[INFO] [1754305867.340454722] [solver_node]: 标定数据收集进度: 346/500
[INFO] [1754305867.350518674] [solver_node]: 标定数据收集进度: 347/500
[INFO] [1754305867.361575124] [solver_node]: 标定数据收集进度: 348/500
[INFO] [1754305867.370605810] [solver_node]: 标定数据收集进度: 349/500
[INFO] [1754305867.405083023] [solver_node]: 标定数据收集进度: 350/500
[INFO] [1754305867.409373338] [solver_node]: 标定数据收集进度: 351/500
[INFO] [1754305867.413077339] [solver_node]: 标定数据收集进度: 352/500
[INFO] [1754305867.416437750] [solver_node]: 标定数据收集进度: 353/500
[INFO] [1754305867.419958515] [solver_node]: 标定数据收集进度: 354/500
[INFO] [1754305867.432444014] [solver_node]: 标定数据收集进度: 355/500
[INFO] [1754305867.440785888] [solver_node]: 标定数据收集进度: 356/500
[INFO] [1754305867.450731695] [solver_node]: 标定数据收集进度: 357/500
[INFO] [1754305867.462202200] [solver_node]: 标定数据收集进度: 358/500
[INFO] [1754305867.470315974] [solver_node]: 标定数据收集进度: 359/500
[INFO] [1754305867.480108210] [solver_node]: 标定数据收集进度: 360/500
[INFO] [1754305867.493908995] [solver_node]: 标定数据收集进度: 361/500
[INFO] [1754305867.499933037] [solver_node]: 标定数据收集进度: 362/500
[INFO] [1754305867.512463113] [solver_node]: 标定数据收集进度: 363/500
[INFO] [1754305867.523302567] [solver_node]: 标定数据收集进度: 364/500
[INFO] [1754305867.531207729] [solver_node]: 标定数据收集进度: 365/500
[INFO] [1754305867.540968540] [solver_node]: 标定数据收集进度: 366/500
[INFO] [1754305867.553745180] [solver_node]: 标定数据收集进度: 367/500
[INFO] [1754305867.559938537] [solver_node]: 标定数据收集进度: 368/500
[INFO] [1754305867.570083163] [solver_node]: 标定数据收集进度: 369/500
[INFO] [1754305867.580125675] [solver_node]: 标定数据收集进度: 370/500
[INFO] [1754305867.590517377] [solver_node]: 标定数据收集进度: 371/500
[INFO] [1754305867.600098153] [solver_node]: 标定数据收集进度: 372/500
[INFO] [1754305867.612273886] [solver_node]: 标定数据收集进度: 373/500
[INFO] [1754305867.620997847] [solver_node]: 标定数据收集进度: 374/500
[INFO] [1754305867.630117495] [solver_node]: 标定数据收集进度: 375/500
[INFO] [1754305867.641455166] [solver_node]: 标定数据收集进度: 376/500
[INFO] [1754305867.650137558] [solver_node]: 标定数据收集进度: 377/500
[INFO] [1754305867.660299816] [solver_node]: 标定数据收集进度: 378/500
[INFO] [1754305867.671496332] [solver_node]: 标定数据收集进度: 379/500
[INFO] [1754305867.680388168] [solver_node]: 标定数据收集进度: 380/500
[INFO] [1754305867.693156712] [solver_node]: 标定数据收集进度: 381/500
[INFO] [1754305867.709412965] [solver_node]: 标定数据收集进度: 382/500
[INFO] [1754305867.714028598] [solver_node]: 标定数据收集进度: 383/500
[INFO] [1754305867.720234242] [solver_node]: 标定数据收集进度: 384/500
[INFO] [1754305867.733031395] [solver_node]: 标定数据收集进度: 385/500
[INFO] [1754305867.744402954] [solver_node]: 标定数据收集进度: 386/500
[INFO] [1754305867.751548199] [solver_node]: 标定数据收集进度: 387/500
[INFO] [1754305867.760295233] [solver_node]: 标定数据收集进度: 388/500
[INFO] [1754305867.770496979] [solver_node]: 标定数据收集进度: 389/500
[INFO] [1754305867.781911035] [solver_node]: 标定数据收集进度: 390/500
[INFO] [1754305867.795283846] [solver_node]: 标定数据收集进度: 391/500
[INFO] [1754305867.805036593] [solver_node]: 标定数据收集进度: 392/500
[INFO] [1754305867.815254148] [solver_node]: 标定数据收集进度: 393/500
[INFO] [1754305867.826650892] [solver_node]: 标定数据收集进度: 394/500
[INFO] [1754305867.834499445] [solver_node]: 标定数据收集进度: 395/500
[INFO] [1754305867.846362405] [solver_node]: 标定数据收集进度: 396/500
[INFO] [1754305867.851438526] [solver_node]: 标定数据收集进度: 397/500
[INFO] [1754305867.863053866] [solver_node]: 标定数据收集进度: 398/500
[INFO] [1754305867.874508274] [solver_node]: 标定数据收集进度: 399/500
[INFO] [1754305867.880203798] [solver_node]: 标定数据收集进度: 400/500
[INFO] [1754305867.890068739] [solver_node]: 标定数据收集进度: 401/500
[INFO] [1754305867.901986452] [solver_node]: 标定数据收集进度: 402/500
[INFO] [1754305867.916991931] [solver_node]: 标定数据收集进度: 403/500
[INFO] [1754305867.920354294] [solver_node]: 标定数据收集进度: 404/500
[INFO] [1754305867.935081688] [solver_node]: 标定数据收集进度: 405/500
[INFO] [1754305867.939971598] [solver_node]: 标定数据收集进度: 406/500
[INFO] [1754305867.952281926] [solver_node]: 标定数据收集进度: 407/500
[INFO] [1754305867.960147055] [solver_node]: 标定数据收集进度: 408/500
[INFO] [1754305867.970120510] [solver_node]: 标定数据收集进度: 409/500
[INFO] [1754305867.980088781] [solver_node]: 标定数据收集进度: 410/500
[INFO] [1754305867.990044283] [solver_node]: 标定数据收集进度: 411/500
[INFO] [1754305868.001413219] [solver_node]: 标定数据收集进度: 412/500
[INFO] [1754305868.018902837] [solver_node]: 标定数据收集进度: 413/500
[INFO] [1754305868.025820910] [solver_node]: 标定数据收集进度: 414/500
[INFO] [1754305868.031002441] [solver_node]: 标定数据收集进度: 415/500
[INFO] [1754305868.040277067] [solver_node]: 标定数据收集进度: 416/500
[INFO] [1754305868.050731682] [solver_node]: 标定数据收集进度: 417/500
[INFO] [1754305868.060485421] [solver_node]: 标定数据收集进度: 418/500
[INFO] [1754305868.070229944] [solver_node]: 标定数据收集进度: 419/500
[INFO] [1754305868.080235495] [solver_node]: 标定数据收集进度: 420/500
[INFO] [1754305868.092477757] [solver_node]: 标定数据收集进度: 421/500
[INFO] [1754305868.102749457] [solver_node]: 标定数据收集进度: 422/500
[INFO] [1754305868.113301514] [solver_node]: 标定数据收集进度: 423/500
[INFO] [1754305868.120926927] [solver_node]: 标定数据收集进度: 424/500
[INFO] [1754305868.130913150] [solver_node]: 标定数据收集进度: 425/500
[INFO] [1754305868.141056304] [solver_node]: 标定数据收集进度: 426/500
[INFO] [1754305868.151196609] [solver_node]: 标定数据收集进度: 427/500
[INFO] [1754305868.160976845] [solver_node]: 标定数据收集进度: 428/500
[INFO] [1754305868.170591957] [solver_node]: 标定数据收集进度: 429/500
[INFO] [1754305868.180816872] [solver_node]: 标定数据收集进度: 430/500
[INFO] [1754305868.192226992] [solver_node]: 标定数据收集进度: 431/500
[INFO] [1754305868.203089742] [solver_node]: 标定数据收集进度: 432/500
[INFO] [1754305868.213416131] [solver_node]: 标定数据收集进度: 433/500
[INFO] [1754305868.220240602] [solver_node]: 标定数据收集进度: 434/500
[INFO] [1754305868.230655889] [solver_node]: 标定数据收集进度: 435/500
[INFO] [1754305868.239975284] [solver_node]: 标定数据收集进度: 436/500
[INFO] [1754305868.250399466] [solver_node]: 标定数据收集进度: 437/500
[INFO] [1754305868.260135317] [solver_node]: 标定数据收集进度: 438/500
[INFO] [1754305868.272916565] [solver_node]: 标定数据收集进度: 439/500
[INFO] [1754305868.282640191] [solver_node]: 标定数据收集进度: 440/500
[INFO] [1754305868.294707730] [solver_node]: 标定数据收集进度: 441/500
[INFO] [1754305868.300843774] [solver_node]: 标定数据收集进度: 442/500
[INFO] [1754305868.311460599] [solver_node]: 标定数据收集进度: 443/500
[INFO] [1754305868.321144865] [solver_node]: 标定数据收集进度: 444/500
[INFO] [1754305868.330669832] [solver_node]: 标定数据收集进度: 445/500
[INFO] [1754305868.341328546] [solver_node]: 标定数据收集进度: 446/500
[INFO] [1754305868.350095324] [solver_node]: 标定数据收集进度: 447/500
[INFO] [1754305868.360443921] [solver_node]: 标定数据收集进度: 448/500
[INFO] [1754305868.391967545] [solver_node]: 标定数据收集进度: 449/500
[INFO] [1754305868.399659840] [solver_node]: 标定数据收集进度: 450/500
[INFO] [1754305868.401747812] [solver_node]: 标定数据收集进度: 451/500
[INFO] [1754305868.406449207] [solver_node]: 标定数据收集进度: 452/500
[INFO] [1754305868.410165656] [solver_node]: 标定数据收集进度: 453/500
[INFO] [1754305868.421327707] [solver_node]: 标定数据收集进度: 454/500
[INFO] [1754305868.430158614] [solver_node]: 标定数据收集进度: 455/500
[INFO] [1754305868.440305479] [solver_node]: 标定数据收集进度: 456/500
[INFO] [1754305868.450391928] [solver_node]: 标定数据收集进度: 457/500
[INFO] [1754305868.460364039] [solver_node]: 标定数据收集进度: 458/500
[INFO] [1754305868.470321845] [solver_node]: 标定数据收集进度: 459/500
[INFO] [1754305868.480529416] [solver_node]: 标定数据收集进度: 460/500
[INFO] [1754305868.493809968] [solver_node]: 标定数据收集进度: 461/500
[INFO] [1754305868.500560390] [solver_node]: 标定数据收集进度: 462/500
[INFO] [1754305868.511663465] [solver_node]: 标定数据收集进度: 463/500
[INFO] [1754305868.520775592] [solver_node]: 标定数据收集进度: 464/500
[INFO] [1754305868.530276335] [solver_node]: 标定数据收集进度: 465/500
[INFO] [1754305868.540823271] [solver_node]: 标定数据收集进度: 466/500
[INFO] [1754305868.551173885] [solver_node]: 标定数据收集进度: 467/500
[INFO] [1754305868.560030488] [solver_node]: 标定数据收集进度: 468/500
[INFO] [1754305868.570339628] [solver_node]: 标定数据收集进度: 469/500
[INFO] [1754305868.580210713] [solver_node]: 标定数据收集进度: 470/500
[INFO] [1754305868.590197064] [solver_node]: 标定数据收集进度: 471/500
[INFO] [1754305868.600500476] [solver_node]: 标定数据收集进度: 472/500
[INFO] [1754305868.610971572] [solver_node]: 标定数据收集进度: 473/500
[INFO] [1754305868.625171596] [solver_node]: 标定数据收集进度: 474/500
[INFO] [1754305868.630749774] [solver_node]: 标定数据收集进度: 475/500
[INFO] [1754305868.640896448] [solver_node]: 标定数据收集进度: 476/500
[INFO] [1754305868.650046720] [solver_node]: 标定数据收集进度: 477/500
[INFO] [1754305868.660203986] [solver_node]: 标定数据收集进度: 478/500
[INFO] [1754305868.669890843] [solver_node]: 标定数据收集进度: 479/500
[INFO] [1754305868.680069261] [solver_node]: 标定数据收集进度: 480/500
[INFO] [1754305868.690259808] [solver_node]: 标定数据收集进度: 481/500
[INFO] [1754305868.702569079] [solver_node]: 标定数据收集进度: 482/500
[INFO] [1754305868.711260912] [solver_node]: 标定数据收集进度: 483/500
[INFO] [1754305868.720274125] [solver_node]: 标定数据收集进度: 484/500
[INFO] [1754305868.731615156] [solver_node]: 标定数据收集进度: 485/500
[INFO] [1754305868.740261771] [solver_node]: 标定数据收集进度: 486/500
[INFO] [1754305868.751374990] [solver_node]: 标定数据收集进度: 487/500
[INFO] [1754305868.760278762] [solver_node]: 标定数据收集进度: 488/500
[INFO] [1754305868.771253546] [solver_node]: 标定数据收集进度: 489/500
[INFO] [1754305868.779774175] [solver_node]: 标定数据收集进度: 490/500
[INFO] [1754305868.789909201] [solver_node]: 标定数据收集进度: 491/500
[INFO] [1754305868.799895232] [solver_node]: 标定数据收集进度: 492/500
[INFO] [1754305868.816174685] [solver_node]: 标定数据收集进度: 493/500
[INFO] [1754305868.820701612] [solver_node]: 标定数据收集进度: 494/500
[INFO] [1754305868.830485047] [solver_node]: 标定数据收集进度: 495/500
[INFO] [1754305868.840199553] [solver_node]: 标定数据收集进度: 496/500
[INFO] [1754305868.850324242] [solver_node]: 标定数据收集进度: 497/500
[INFO] [1754305868.860095358] [solver_node]: 标定数据收集进度: 498/500
[INFO] [1754305868.870040652] [solver_node]: 标定数据收集进度: 499/500
[INFO] [1754305868.881086317] [solver_node]: 标定数据收集进度: 500/500
[INFO] [1754305868.881836826] [solver_node]: 标定数据收集完成，开始标定...
[INFO] [1754305868.882563975] [solver_node]: 开始标定，收集到的数据shape: (500, 5)
[INFO] [1754305868.883277683] [solver_node]: [PerpendicularDistanceLocalizer] 开始标定，扫描数据shape: (500, 5)
[INFO] [1754305868.884401927] [solver_node]: [PerpendicularDistanceLocalizer] 平均测距值 详细内容: 形状: (5,), 类型: float64
[INFO] [1754305868.885132340] [solver_node]: [PerpendicularDistanceLocalizer] 平均测距值[0]: 0.13268800067901612
[INFO] [1754305868.885935202] [solver_node]: [PerpendicularDistanceLocalizer] 平均测距值[1]: 7.093115926742554
[INFO] [1754305868.886648623] [solver_node]: [PerpendicularDistanceLocalizer] 平均测距值[2]: 7.541051885604858
[INFO] [1754305868.887339707] [solver_node]: [PerpendicularDistanceLocalizer] 平均测距值[3]: 1.7964020068645477
[INFO] [1754305868.888025639] [solver_node]: [PerpendicularDistanceLocalizer] 平均测距值[4]: 1.822601975440979
[INFO] [1754305868.888756851] [solver_node]: [PerpendicularDistanceLocalizer] h_values 详细内容: 形状: (5,), 类型: float64
[INFO] [1754305868.889492192] [solver_node]: [PerpendicularDistanceLocalizer] h_values[0]: 0.37684580873135426
[INFO] [1754305868.890173676] [solver_node]: [PerpendicularDistanceLocalizer] h_values[1]: 0.37684580873135426
[INFO] [1754305868.890849592] [solver_node]: [PerpendicularDistanceLocalizer] h_values[2]: 0.33497201345916283
[INFO] [1754305868.891535044] [solver_node]: [PerpendicularDistanceLocalizer] h_values[3]: 0.2847569265233284
[INFO] [1754305868.892193904] [solver_node]: [PerpendicularDistanceLocalizer] h_values[4]: 0.2847569265233284
[INFO] [1754305868.893418405] [solver_node]: [PerpendicularDistanceLocalizer] 标定完成: m=9.970, n=7.979
[INFO] [1754305868.894150418] [solver_node]: [PerpendicularDistanceLocalizer] 前后左右平均距离: 前=7.876, 后=2.094, 左=0.510, 右=7.470
[INFO] [1754305868.894950304] [solver_node]: [PerpendicularDistanceLocalizer] 计算的初始位姿: x=2.094, y=7.470, phi=1.571
[INFO] [1754305868.895656140] [solver_node]: 标定完成: m=9.960, n=7.970
[INFO] [1754305868.896336408] [solver_node]: 标定得到的初始位姿: x=2.094, y=7.470, phi=1.571
[INFO] [1754305868.897898067] [solver_node]: LIO位置: x=0.001, y=0.024
[INFO] [1754305868.899511824] [solver_node]: Started偏移: x=2.093, y=7.446
[INFO] [1754305868.900975593] [solver_node]: 初始化阶段完成，进入运行阶段
[INFO] [1754305868.974675348] [solver_node]: 发布重定位TF: x=-0.005, y=0.001
[INFO] [1754305868.985037641] [solver_node]: 求解成功: x=2.090, y=7.464
[INFO] [1754305868.999071199] [solver_node]: 求解成功: x=2.090, y=7.464
[INFO] [1754305869.020807771] [solver_node]: 求解成功: x=2.090, y=7.464
[INFO] [1754305869.035844386] [solver_node]: 求解成功: x=2.090, y=7.464
[INFO] [1754305869.058609424] [solver_node]: 求解成功: x=2.090, y=7.464
[INFO] [1754305869.078935220] [solver_node]: 求解成功: x=2.090, y=7.464
[INFO] [1754305869.113919992] [solver_node]: 无效解: x=2.090, y=7.464, 距离=7.733 > 阈值0.100
[WARN] [1754305869.127558790] [solver_node]: 没有满足距离要求的解
[INFO] [1754305869.153903155] [solver_node]: 无效解: x=2.090, y=7.464, 距离=7.733 > 阈值0.100
[WARN] [1754305869.182969616] [solver_node]: 没有满足距离要求的解
[INFO] [1754305869.204269316] [solver_node]: 无效解: x=2.090, y=7.464, 距离=7.733 > 阈值0.100
[WARN] [1754305869.205194356] [solver_node]: 没有满足距离要求的解
[INFO] [1754305869.234737945] [solver_node]: 无效解: x=2.090, y=7.464, 距离=7.733 > 阈值0.100
[WARN] [1754305869.288385475] [solver_node]: 没有满足距离要求的解
[INFO] [1754305869.319604677] [solver_node]: 无效解: x=2.090, y=7.464, 距离=7.733 > 阈值0.100
[WARN] [1754305869.327755572] [solver_node]: 没有满足距离要求的解
[INFO] [1754305869.386863806] [solver_node]: 无效解: x=2.090, y=7.464, 距离=7.733 > 阈值0.100
[WARN] [1754305869.402793876] [solver_node]: 没有满足距离要求的解
[INFO] [1754305869.460555271] [solver_node]: 无效解: x=2.090, y=7.464, 距离=7.733 > 阈值0.100
[WARN] [1754305869.477956407] [solver_node]: 没有满足距离要求的解
[INFO] [1754305869.492799099] [solver_node]: 无效解: x=2.090, y=7.464, 距离=7.733 > 阈值0.100
[WARN] [1754305869.493846189] [solver_node]: 没有满足距离要求的解
[INFO] [1754305869.506918002] [solver_node]: 无效解: x=2.090, y=7.464, 距离=7.733 > 阈值0.100
[WARN] [1754305869.508005125] [solver_node]: 没有满足距离要求的解
[INFO] [1754305869.530221737] [solver_node]: 无效解: x=2.090, y=7.464, 距离=7.733 > 阈值0.100
[WARN] [1754305869.531185818] [solver_node]: 没有满足距离要求的解
[INFO] [1754305869.559969842] [solver_node]: 无效解: x=2.089, y=7.464, 距离=7.734 > 阈值0.100
[WARN] [1754305869.566388514] [solver_node]: 没有满足距离要求的解
[INFO] [1754305869.578305490] [solver_node]: 无效解: x=2.089, y=7.464, 距离=7.734 > 阈值0.100
[WARN] [1754305869.580149747] [solver_node]: 没有满足距离要求的解
[INFO] [1754305869.600362804] [solver_node]: 无效解: x=2.089, y=7.464, 距离=7.734 > 阈值0.100
[WARN] [1754305869.601281860] [solver_node]: 没有满足距离要求的解
[INFO] [1754305869.614667822] [solver_node]: 无效解: x=2.089, y=7.464, 距离=7.734 > 阈值0.100
[WARN] [1754305869.625947476] [solver_node]: 没有满足距离要求的解
[INFO] [1754305869.637569823] [solver_node]: 无效解: x=2.089, y=7.464, 距离=7.734 > 阈值0.100
[WARN] [1754305869.638436046] [solver_node]: 没有满足距离要求的解
[INFO] [1754305869.660331565] [solver_node]: 无效解: x=2.089, y=7.464, 距离=7.734 > 阈值0.100
[WARN] [1754305869.661313182] [solver_node]: 没有满足距离要求的解
[INFO] [1754305869.673031307] [solver_node]: 无效解: x=2.089, y=7.464, 距离=7.734 > 阈值0.100
[WARN] [1754305869.680574351] [solver_node]: 没有满足距离要求的解
[INFO] [1754305869.706553013] [solver_node]: 无效解: x=2.089, y=7.464, 距离=7.734 > 阈值0.100
[WARN] [1754305869.707448741] [solver_node]: 没有满足距离要求的解
[INFO] [1754305869.719119729] [solver_node]: 无效解: x=2.089, y=7.464, 距离=7.734 > 阈值0.100
[WARN] [1754305869.719997761] [solver_node]: 没有满足距离要求的解
[INFO] [1754305869.732436698] [solver_node]: 无效解: x=2.089, y=7.464, 距离=7.734 > 阈值0.100
[WARN] [1754305869.736712165] [solver_node]: 没有满足距离要求的解
[INFO] [1754305869.750538839] [solver_node]: 无效解: x=2.089, y=7.464, 距离=7.734 > 阈值0.100
[WARN] [1754305869.767964456] [solver_node]: 没有满足距离要求的解
[INFO] [1754305869.784379815] [solver_node]: 无效解: x=2.089, y=7.464, 距离=7.734 > 阈值0.100
[WARN] [1754305869.785653533] [solver_node]: 没有满足距离要求的解
[INFO] [1754305869.803272977] [solver_node]: 无效解: x=2.089, y=7.464, 距离=7.734 > 阈值0.100
[WARN] [1754305869.804191009] [solver_node]: 没有满足距离要求的解
[INFO] [1754305869.819008484] [solver_node]: 无效解: x=2.089, y=7.464, 距离=7.734 > 阈值0.100
[WARN] [1754305869.819918804] [solver_node]: 没有满足距离要求的解
[INFO] [1754305869.838854400] [solver_node]: 无效解: x=2.089, y=7.464, 距离=7.734 > 阈值0.100
[WARN] [1754305869.839755407] [solver_node]: 没有满足距离要求的解
[INFO] [1754305869.867306257] [solver_node]: 无效解: x=2.089, y=7.464, 距离=7.734 > 阈值0.100
[WARN] [1754305869.872821010] [solver_node]: 没有满足距离要求的解
[INFO] [1754305869.889168624] [solver_node]: 无效解: x=2.089, y=7.464, 距离=7.734 > 阈值0.100
[WARN] [1754305869.890160225] [solver_node]: 没有满足距离要求的解
[INFO] [1754305869.902683484] [solver_node]: 无效解: x=2.089, y=7.464, 距离=7.734 > 阈值0.100
[WARN] [1754305869.904553757] [solver_node]: 没有满足距离要求的解
[INFO] [1754305869.916903445] [solver_node]: 无效解: x=2.089, y=7.464, 距离=7.734 > 阈值0.100
[WARN] [1754305869.930484962] [solver_node]: 没有满足距离要求的解
[INFO] [1754305869.952687271] [solver_node]: 无效解: x=2.089, y=7.464, 距离=7.734 > 阈值0.100
[WARN] [1754305869.953656536] [solver_node]: 没有满足距离要求的解
[INFO] [1754305869.971501552] [solver_node]: 无效解: x=2.089, y=7.464, 距离=7.734 > 阈值0.100
[WARN] [1754305869.973970491] [solver_node]: 没有满足距离要求的解
[INFO] [1754305869.986768443] [solver_node]: 无效解: x=2.089, y=7.464, 距离=7.734 > 阈值0.100
[WARN] [1754305869.987650666] [solver_node]: 没有满足距离要求的解
[INFO] [1754305869.999346295] [solver_node]: 无效解: x=2.089, y=7.464, 距离=7.734 > 阈值0.100
[WARN] [1754305870.000188549] [solver_node]: 没有满足距离要求的解
[INFO] [1754305870.012899300] [solver_node]: 无效解: x=2.089, y=7.464, 距离=7.734 > 阈值0.100
[WARN] [1754305870.013909429] [solver_node]: 没有满足距离要求的解
[INFO] [1754305870.029030077] [solver_node]: 无效解: x=2.089, y=7.464, 距离=7.734 > 阈值0.100
[WARN] [1754305870.030531800] [solver_node]: 没有满足距离要求的解
[INFO] [1754305870.056538206] [solver_node]: 无效解: x=2.089, y=7.464, 距离=7.734 > 阈值0.100
[WARN] [1754305870.071578469] [solver_node]: 没有满足距离要求的解
[INFO] [1754305870.088883667] [solver_node]: 无效解: x=2.089, y=7.464, 距离=7.734 > 阈值0.100
[WARN] [1754305870.089793603] [solver_node]: 没有满足距离要求的解
[INFO] [1754305870.119565803] [solver_node]: 无效解: x=2.089, y=7.464, 距离=7.734 > 阈值0.100
[WARN] [1754305870.169931931] [solver_node]: 没有满足距离要求的解
[INFO] [1754305870.182351732] [solver_node]: 无效解: x=2.090, y=7.464, 距离=7.733 > 阈值0.100
[WARN] [1754305870.183425191] [solver_node]: 没有满足距离要求的解
[INFO] [1754305870.195053330] [solver_node]: 无效解: x=2.090, y=7.464, 距离=7.733 > 阈值0.100
[WARN] [1754305870.196440234] [solver_node]: 没有满足距离要求的解
[INFO] [1754305870.208384155] [solver_node]: 无效解: x=2.090, y=7.464, 距离=7.733 > 阈值0.100
[WARN] [1754305870.209235210] [solver_node]: 没有满足距离要求的解
[INFO] [1754305870.226475831] [solver_node]: 无效解: x=2.090, y=7.464, 距离=7.733 > 阈值0.100
[WARN] [1754305870.229032676] [solver_node]: 没有满足距离要求的解
[INFO] [1754305870.242355917] [solver_node]: 无效解: x=2.090, y=7.464, 距离=7.733 > 阈值0.100
[WARN] [1754305870.245061212] [solver_node]: 没有满足距离要求的解
[INFO] [1754305870.262001348] [solver_node]: 无效解: x=2.090, y=7.464, 距离=7.733 > 阈值0.100
[WARN] [1754305870.286672339] [solver_node]: 没有满足距离要求的解
[INFO] [1754305870.298461633] [solver_node]: 无效解: x=2.090, y=7.464, 距离=7.733 > 阈值0.100
[WARN] [1754305870.299331728] [solver_node]: 没有满足距离要求的解
[INFO] [1754305870.311704296] [solver_node]: 无效解: x=2.090, y=7.464, 距离=7.733 > 阈值0.100
[WARN] [1754305870.312559255] [solver_node]: 没有满足距离要求的解
[INFO] [1754305870.337625421] [solver_node]: 无效解: x=2.090, y=7.464, 距离=7.733 > 阈值0.100
[WARN] [1754305870.338535581] [solver_node]: 没有满足距离要求的解
[INFO] [1754305870.368374183] [solver_node]: 无效解: x=2.090, y=7.464, 距离=7.733 > 阈值0.100
[WARN] [1754305870.379902704] [solver_node]: 没有满足距离要求的解
[INFO] [1754305870.391859329] [solver_node]: 无效解: x=2.090, y=7.464, 距离=7.733 > 阈值0.100
[WARN] [1754305870.392681231] [solver_node]: 没有满足距离要求的解
[INFO] [1754305870.404572831] [solver_node]: 无效解: x=2.090, y=7.464, 距离=7.733 > 阈值0.100
[WARN] [1754305870.408555045] [solver_node]: 没有满足距离要求的解
[INFO] [1754305870.435427994] [solver_node]: 无效解: x=2.090, y=7.464, 距离=7.733 > 阈值0.100
[WARN] [1754305870.462474579] [solver_node]: 没有满足距离要求的解
[INFO] [1754305870.474349410] [solver_node]: 无效解: x=2.090, y=7.464, 距离=7.733 > 阈值0.100
[WARN] [1754305870.475245682] [solver_node]: 没有满足距离要求的解
[INFO] [1754305870.491461773] [solver_node]: 无效解: x=2.090, y=7.464, 距离=7.733 > 阈值0.100
[WARN] [1754305870.492359645] [solver_node]: 没有满足距离要求的解
[INFO] [1754305870.513800884] [solver_node]: 无效解: x=2.090, y=7.464, 距离=7.733 > 阈值0.100
[WARN] [1754305870.514787237] [solver_node]: 没有满足距离要求的解
[INFO] [1754305870.532509274] [solver_node]: 无效解: x=2.090, y=7.464, 距离=7.733 > 阈值0.100
[WARN] [1754305870.533598894] [solver_node]: 没有满足距离要求的解
[INFO] [1754305870.545312442] [solver_node]: 无效解: x=2.090, y=7.464, 距离=7.733 > 阈值0.100
[WARN] [1754305870.546285867] [solver_node]: 没有满足距离要求的解
[INFO] [1754305870.564027649] [solver_node]: 无效解: x=2.090, y=7.464, 距离=7.733 > 阈值0.100
[WARN] [1754305870.569418495] [solver_node]: 没有满足距离要求的解
[INFO] [1754305870.599913172] [solver_node]: 无效解: x=2.090, y=7.464, 距离=7.733 > 阈值0.100
[WARN] [1754305870.600784771] [solver_node]: 没有满足距离要求的解
[INFO] [1754305870.632410220] [solver_node]: 无效解: x=2.089, y=7.466, 距离=7.732 > 阈值0.100
[WARN] [1754305870.633363261] [solver_node]: 没有满足距离要求的解
[INFO] [1754305870.671919966] [solver_node]: 无效解: x=2.089, y=7.466, 距离=7.732 > 阈值0.100
[WARN] [1754305870.673868672] [solver_node]: 没有满足距离要求的解
[INFO] [1754305870.701637286] [solver_node]: 无效解: x=2.089, y=7.466, 距离=7.732 > 阈值0.100
[WARN] [1754305870.706946498] [solver_node]: 没有满足距离要求的解
[INFO] [1754305870.726769117] [solver_node]: 无效解: x=2.089, y=7.466, 距离=7.732 > 阈值0.100
[WARN] [1754305870.739152661] [solver_node]: 没有满足距离要求的解
[INFO] [1754305870.762486061] [solver_node]: 无效解: x=2.089, y=7.466, 距离=7.732 > 阈值0.100
[WARN] [1754305870.764312205] [solver_node]: 没有满足距离要求的解
[INFO] [1754305870.782624013] [solver_node]: 无效解: x=2.089, y=7.466, 距离=7.732 > 阈值0.100
[WARN] [1754305870.783524636] [solver_node]: 没有满足距离要求的解
[INFO] [1754305870.795882740] [solver_node]: 无效解: x=2.089, y=7.466, 距离=7.732 > 阈值0.100
[WARN] [1754305870.796777348] [solver_node]: 没有满足距离要求的解
[INFO] [1754305870.809035898] [solver_node]: 无效解: x=2.089, y=7.466, 距离=7.732 > 阈值0.100
[WARN] [1754305870.809960010] [solver_node]: 没有满足距离要求的解
[INFO] [1754305870.829454623] [solver_node]: 无效解: x=2.089, y=7.466, 距离=7.732 > 阈值0.100
[WARN] [1754305870.830861719] [solver_node]: 没有满足距离要求的解
[INFO] [1754305870.852371759] [solver_node]: 无效解: x=2.089, y=7.466, 距离=7.732 > 阈值0.100
[WARN] [1754305870.865702872] [solver_node]: 没有满足距离要求的解
[INFO] [1754305870.905233227] [solver_node]: 无效解: x=2.089, y=7.466, 距离=7.732 > 阈值0.100
[WARN] [1754305870.906467553] [solver_node]: 没有满足距离要求的解
[INFO] [1754305870.927297516] [solver_node]: 无效解: x=2.089, y=7.466, 距离=7.732 > 阈值0.100
[WARN] [1754305870.928186812] [solver_node]: 没有满足距离要求的解
[INFO] [1754305870.942774747] [solver_node]: 无效解: x=2.089, y=7.466, 距离=7.732 > 阈值0.100
[WARN] [1754305870.943644714] [solver_node]: 没有满足距离要求的解
[INFO] [1754305870.965507080] [solver_node]: 无效解: x=2.089, y=7.466, 距离=7.732 > 阈值0.100
[WARN] [1754305870.987291909] [solver_node]: 没有满足距离要求的解
[INFO] [1754305871.011355433] [solver_node]: 无效解: x=2.089, y=7.466, 距离=7.732 > 阈值0.100
[WARN] [1754305871.012323162] [solver_node]: 没有满足距离要求的解
[INFO] [1754305871.029231681] [solver_node]: 无效解: x=2.089, y=7.466, 距离=7.732 > 阈值0.100
[WARN] [1754305871.030304180] [solver_node]: 没有满足距离要求的解
[INFO] [1754305871.042488488] [solver_node]: 无效解: x=2.089, y=7.466, 距离=7.732 > 阈值0.100
[WARN] [1754305871.043357112] [solver_node]: 没有满足距离要求的解
[INFO] [1754305871.057620913] [solver_node]: 无效解: x=2.089, y=7.466, 距离=7.732 > 阈值0.100
[WARN] [1754305871.058490944] [solver_node]: 没有满足距离要求的解
[INFO] [1754305871.086165699] [solver_node]: 无效解: x=2.089, y=7.466, 距离=7.732 > 阈值0.100
[WARN] [1754305871.087175988] [solver_node]: 没有满足距离要求的解
[INFO] [1754305871.113813541] [solver_node]: 无效解: x=2.089, y=7.466, 距离=7.732 > 阈值0.100
[WARN] [1754305871.114751926] [solver_node]: 没有满足距离要求的解
[INFO] [1754305871.127956060] [solver_node]: 无效解: x=2.089, y=7.466, 距离=7.732 > 阈值0.100
[WARN] [1754305871.128844780] [solver_node]: 没有满足距离要求的解
[INFO] [1754305871.146880839] [solver_node]: 无效解: x=2.089, y=7.466, 距离=7.732 > 阈值0.100
[WARN] [1754305871.147795254] [solver_node]: 没有满足距离要求的解
[INFO] [1754305871.161788011] [solver_node]: 无效解: x=2.089, y=7.466, 距离=7.732 > 阈值0.100
[WARN] [1754305871.162829085] [solver_node]: 没有满足距离要求的解
[INFO] [1754305871.174823534] [solver_node]: 无效解: x=2.089, y=7.466, 距离=7.732 > 阈值0.100
[WARN] [1754305871.175669021] [solver_node]: 没有满足距离要求的解
[INFO] [1754305871.190029464] [solver_node]: 无效解: x=2.089, y=7.466, 距离=7.732 > 阈值0.100
[WARN] [1754305871.190859206] [solver_node]: 没有满足距离要求的解
[INFO] [1754305871.202794038] [solver_node]: 无效解: x=2.089, y=7.466, 距离=7.732 > 阈值0.100
[WARN] [1754305871.203657766] [solver_node]: 没有满足距离要求的解
[INFO] [1754305871.215279856] [solver_node]: 无效解: x=2.089, y=7.466, 距离=7.732 > 阈值0.100
[WARN] [1754305871.216413988] [solver_node]: 没有满足距离要求的解
[INFO] [1754305871.237475764] [solver_node]: 无效解: x=2.089, y=7.466, 距离=7.732 > 阈值0.100
[WARN] [1754305871.238518854] [solver_node]: 没有满足距离要求的解
[INFO] [1754305871.259868251] [solver_node]: 无效解: x=2.089, y=7.466, 距离=7.732 > 阈值0.100
[WARN] [1754305871.261005647] [solver_node]: 没有满足距离要求的解
[INFO] [1754305871.280402945] [solver_node]: 无效解: x=2.089, y=7.466, 距离=7.732 > 阈值0.100
[WARN] [1754305871.281883067] [solver_node]: 没有满足距离要求的解
[INFO] [1754305871.293757674] [solver_node]: 无效解: x=2.089, y=7.466, 距离=7.732 > 阈值0.100
[WARN] [1754305871.294572536] [solver_node]: 没有满足距离要求的解
[INFO] [1754305871.310250250] [solver_node]: 无效解: x=2.089, y=7.466, 距离=7.732 > 阈值0.100
[WARN] [1754305871.311184410] [solver_node]: 没有满足距离要求的解
[INFO] [1754305871.325407859] [solver_node]: 无效解: x=2.089, y=7.466, 距离=7.732 > 阈值0.100
[WARN] [1754305871.331841347] [solver_node]: 没有满足距离要求的解
[INFO] [1754305871.344858886] [solver_node]: 无效解: x=2.089, y=7.466, 距离=7.732 > 阈值0.100
[WARN] [1754305871.347125134] [solver_node]: 没有满足距离要求的解
[INFO] [1754305871.369077421] [solver_node]: 无效解: x=2.089, y=7.466, 距离=7.732 > 阈值0.100
[WARN] [1754305871.369962588] [solver_node]: 没有满足距离要求的解
[INFO] [1754305871.383470856] [solver_node]: 无效解: x=2.089, y=7.466, 距离=7.732 > 阈值0.100
[WARN] [1754305871.385216967] [solver_node]: 没有满足距离要求的解
[INFO] [1754305871.406040658] [solver_node]: 无效解: x=2.089, y=7.466, 距离=7.732 > 阈值0.100
[WARN] [1754305871.411394255] [solver_node]: 没有满足距离要求的解
[INFO] [1754305871.427002976] [solver_node]: 无效解: x=2.089, y=7.466, 距离=7.732 > 阈值0.100
[WARN] [1754305871.427936144] [solver_node]: 没有满足距离要求的解
[INFO] [1754305871.439861792] [solver_node]: 无效解: x=2.089, y=7.466, 距离=7.732 > 阈值0.100
[WARN] [1754305871.442074055] [solver_node]: 没有满足距离要求的解
[INFO] [1754305871.456470882] [solver_node]: 无效解: x=2.089, y=7.466, 距离=7.732 > 阈值0.100
[WARN] [1754305871.461004017] [solver_node]: 没有满足距离要求的解
[INFO] [1754305871.473210502] [solver_node]: 无效解: x=2.089, y=7.466, 距离=7.732 > 阈值0.100
[WARN] [1754305871.476949128] [solver_node]: 没有满足距离要求的解
[INFO] [1754305871.492511095] [solver_node]: 无效解: x=2.089, y=7.466, 距离=7.732 > 阈值0.100
[WARN] [1754305871.493422599] [solver_node]: 没有满足距离要求的解
[INFO] [1754305871.508848404] [solver_node]: 无效解: x=2.089, y=7.466, 距离=7.732 > 阈值0.100
[WARN] [1754305871.509765380] [solver_node]: 没有满足距离要求的解
[INFO] [1754305871.524345251] [solver_node]: 无效解: x=2.089, y=7.466, 距离=7.732 > 阈值0.100
[WARN] [1754305871.527450457] [solver_node]: 没有满足距离要求的解
[INFO] [1754305871.545798521] [solver_node]: 无效解: x=2.089, y=7.466, 距离=7.732 > 阈值0.100
[WARN] [1754305871.550252103] [solver_node]: 没有满足距离要求的解
[INFO] [1754305871.562096982] [solver_node]: 无效解: x=2.089, y=7.466, 距离=7.732 > 阈值0.100
[WARN] [1754305871.564423039] [solver_node]: 没有满足距离要求的解
[INFO] [1754305871.576580819] [solver_node]: 无效解: x=2.089, y=7.466, 距离=7.732 > 阈值0.100
[WARN] [1754305871.577468418] [solver_node]: 没有满足距离要求的解
[INFO] [1754305871.589877499] [solver_node]: 无效解: x=2.089, y=7.466, 距离=7.732 > 阈值0.100
[WARN] [1754305871.590747562] [solver_node]: 没有满足距离要求的解
[INFO] [1754305871.605224263] [solver_node]: 无效解: x=2.089, y=7.466, 距离=7.732 > 阈值0.100
[WARN] [1754305871.606245465] [solver_node]: 没有满足距离要求的解
[INFO] [1754305871.618602608] [solver_node]: 无效解: x=2.089, y=7.466, 距离=7.732 > 阈值0.100
[WARN] [1754305871.619479776] [solver_node]: 没有满足距离要求的解
[INFO] [1754305871.633592310] [solver_node]: 无效解: x=2.089, y=7.466, 距离=7.732 > 阈值0.100
[WARN] [1754305871.634513190] [solver_node]: 没有满足距离要求的解
[INFO] [1754305871.651945206] [solver_node]: 无效解: x=2.089, y=7.466, 距离=7.732 > 阈值0.100
[WARN] [1754305871.655746265] [solver_node]: 没有满足距离要求的解
[INFO] [1754305871.669761229] [solver_node]: 无效解: x=2.089, y=7.466, 距离=7.732 > 阈值0.100
[WARN] [1754305871.673477166] [solver_node]: 没有满足距离要求的解
[INFO] [1754305871.685321405] [solver_node]: 无效解: x=2.089, y=7.466, 距离=7.732 > 阈值0.100
[WARN] [1754305871.686211212] [solver_node]: 没有满足距离要求的解
[INFO] [1754305871.697801783] [solver_node]: 无效解: x=2.089, y=7.466, 距离=7.732 > 阈值0.100
[WARN] [1754305871.698673734] [solver_node]: 没有满足距离要求的解
[INFO] [1754305871.710922108] [solver_node]: 无效解: x=2.089, y=7.466, 距离=7.732 > 阈值0.100
[WARN] [1754305871.711777803] [solver_node]: 没有满足距离要求的解
[INFO] [1754305871.723842749] [solver_node]: 无效解: x=2.089, y=7.466, 距离=7.732 > 阈值0.100
[WARN] [1754305871.724959889] [solver_node]: 没有满足距离要求的解
[INFO] [1754305871.742552740] [solver_node]: 无效解: x=2.089, y=7.466, 距离=7.732 > 阈值0.100
[WARN] [1754305871.746079585] [solver_node]: 没有满足距离要求的解
[INFO] [1754305871.767484087] [solver_node]: 无效解: x=2.089, y=7.466, 距离=7.732 > 阈值0.100
[WARN] [1754305871.768415047] [solver_node]: 没有满足距离要求的解
[INFO] [1754305871.780993987] [solver_node]: 无效解: x=2.089, y=7.466, 距离=7.732 > 阈值0.100
[WARN] [1754305871.781926867] [solver_node]: 没有满足距离要求的解
[INFO] [1754305871.793853507] [solver_node]: 无效解: x=2.089, y=7.466, 距离=7.732 > 阈值0.100
[WARN] [1754305871.794744947] [solver_node]: 没有满足距离要求的解
[INFO] [1754305871.807925529] [solver_node]: 无效解: x=2.089, y=7.466, 距离=7.732 > 阈值0.100
[WARN] [1754305871.808816488] [solver_node]: 没有满足距离要求的解
[INFO] [1754305871.843817643] [solver_node]: 无效解: x=2.089, y=7.466, 距离=7.732 > 阈值0.100
[WARN] [1754305871.844711899] [solver_node]: 没有满足距离要求的解
[INFO] [1754305871.859424668] [solver_node]: 无效解: x=2.089, y=7.466, 距离=7.732 > 阈值0.100
[WARN] [1754305871.860363724] [solver_node]: 没有满足距离要求的解
[INFO] [1754305871.874895338] [solver_node]: 无效解: x=2.089, y=7.466, 距离=7.732 > 阈值0.100
[WARN] [1754305871.875797945] [solver_node]: 没有满足距离要求的解
[INFO] [1754305871.887429220] [solver_node]: 无效解: x=2.089, y=7.466, 距离=7.732 > 阈值0.100
[WARN] [1754305871.888282067] [solver_node]: 没有满足距离要求的解
[INFO] [1754305871.925084470] [solver_node]: 无效解: x=2.089, y=7.466, 距离=7.732 > 阈值0.100
[WARN] [1754305871.933020064] [solver_node]: 没有满足距离要求的解
[INFO] [1754305871.950257421] [solver_node]: 无效解: x=2.089, y=7.466, 距离=7.732 > 阈值0.100
[WARN] [1754305871.954954431] [solver_node]: 没有满足距离要求的解
[INFO] [1754305871.967011089] [solver_node]: 无效解: x=2.089, y=7.466, 距离=7.732 > 阈值0.100
[WARN] [1754305871.967924449] [solver_node]: 没有满足距离要求的解
[INFO] [1754305871.980085238] [solver_node]: 无效解: x=2.089, y=7.466, 距离=7.732 > 阈值0.100
[WARN] [1754305871.983028233] [solver_node]: 没有满足距离要求的解
[INFO] [1754305871.994599251] [solver_node]: 无效解: x=2.089, y=7.466, 距离=7.732 > 阈值0.100
[WARN] [1754305871.995481058] [solver_node]: 没有满足距离要求的解
[INFO] [1754305872.009385589] [solver_node]: 无效解: x=2.089, y=7.466, 距离=7.732 > 阈值0.100
[WARN] [1754305872.026847493] [solver_node]: 没有满足距离要求的解
[INFO] [1754305872.039939978] [solver_node]: 无效解: x=2.089, y=7.466, 距离=7.732 > 阈值0.100
[WARN] [1754305872.043753708] [solver_node]: 没有满足距离要求的解
[INFO] [1754305872.067593868] [solver_node]: 无效解: x=2.089, y=7.466, 距离=7.732 > 阈值0.100
[WARN] [1754305872.068517692] [solver_node]: 没有满足距离要求的解
[INFO] [1754305872.086261745] [solver_node]: 无效解: x=2.089, y=7.466, 距离=7.732 > 阈值0.100
[WARN] [1754305872.101935043] [solver_node]: 没有满足距离要求的解
[INFO] [1754305872.114023221] [solver_node]: 无效解: x=2.089, y=7.466, 距离=7.732 > 阈值0.100
[WARN] [1754305872.119974493] [solver_node]: 没有满足距离要求的解
[INFO] [1754305872.140876682] [solver_node]: 无效解: x=2.088, y=7.466, 距离=7.732 > 阈值0.100
[WARN] [1754305872.145324151] [solver_node]: 没有满足距离要求的解
[INFO] [1754305872.197404483] [solver_node]: 无效解: x=2.088, y=7.466, 距离=7.732 > 阈值0.100
[WARN] [1754305872.198349652] [solver_node]: 没有满足距离要求的解
[INFO] [1754305872.211476889] [solver_node]: 无效解: x=2.088, y=7.466, 距离=7.732 > 阈值0.100
[WARN] [1754305872.212349352] [solver_node]: 没有满足距离要求的解
[INFO] [1754305872.223929746] [solver_node]: 无效解: x=2.088, y=7.466, 距离=7.732 > 阈值0.100
[WARN] [1754305872.224863746] [solver_node]: 没有满足距离要求的解
[INFO] [1754305872.237247034] [solver_node]: 无效解: x=2.088, y=7.466, 距离=7.732 > 阈值0.100
[WARN] [1754305872.239277437] [solver_node]: 没有满足距离要求的解
[INFO] [1754305872.251789272] [solver_node]: 无效解: x=2.088, y=7.466, 距离=7.732 > 阈值0.100
[WARN] [1754305872.255145458] [solver_node]: 没有满足距离要求的解
[INFO] [1754305872.267130339] [solver_node]: 无效解: x=2.088, y=7.466, 距离=7.732 > 阈值0.100
[WARN] [1754305872.267993426] [solver_node]: 没有满足距离要求的解
[INFO] [1754305872.283899208] [solver_node]: 无效解: x=2.088, y=7.466, 距离=7.732 > 阈值0.100
[WARN] [1754305872.284796119] [solver_node]: 没有满足距离要求的解
[INFO] [1754305872.296879690] [solver_node]: 无效解: x=2.088, y=7.466, 距离=7.732 > 阈值0.100
[WARN] [1754305872.297784026] [solver_node]: 没有满足距离要求的解
[INFO] [1754305872.314949157] [solver_node]: 无效解: x=2.088, y=7.466, 距离=7.732 > 阈值0.100
[WARN] [1754305872.316279516] [solver_node]: 没有满足距离要求的解
[INFO] [1754305872.332852893] [solver_node]: 无效解: x=2.088, y=7.466, 距离=7.732 > 阈值0.100
[WARN] [1754305872.342043517] [solver_node]: 没有满足距离要求的解
[INFO] [1754305872.354636281] [solver_node]: 无效解: x=2.088, y=7.466, 距离=7.732 > 阈值0.100
[WARN] [1754305872.355510376] [solver_node]: 没有满足距离要求的解
[INFO] [1754305872.367956609] [solver_node]: 无效解: x=2.088, y=7.466, 距离=7.732 > 阈值0.100
[WARN] [1754305872.388697099] [solver_node]: 没有满足距离要求的解
[INFO] [1754305872.412930609] [solver_node]: 无效解: x=2.088, y=7.466, 距离=7.732 > 阈值0.100
[WARN] [1754305872.422167186] [solver_node]: 没有满足距离要求的解
[INFO] [1754305872.435159317] [solver_node]: 无效解: x=2.088, y=7.466, 距离=7.732 > 阈值0.100
[WARN] [1754305872.436014116] [solver_node]: 没有满足距离要求的解
[INFO] [1754305872.456806798] [solver_node]: 无效解: x=2.088, y=7.466, 距离=7.732 > 阈值0.100
[WARN] [1754305872.457888161] [solver_node]: 没有满足距离要求的解
[INFO] [1754305872.469629102] [solver_node]: 无效解: x=2.088, y=7.466, 距离=7.732 > 阈值0.100
[WARN] [1754305872.470535934] [solver_node]: 没有满足距离要求的解
[INFO] [1754305872.484551346] [solver_node]: 无效解: x=2.088, y=7.466, 距离=7.732 > 阈值0.100
[WARN] [1754305872.485531107] [solver_node]: 没有满足距离要求的解
[INFO] [1754305872.499627193] [solver_node]: 无效解: x=2.088, y=7.466, 距离=7.732 > 阈值0.100
[WARN] [1754305872.506862711] [solver_node]: 没有满足距离要求的解
[INFO] [1754305872.520224416] [solver_node]: 无效解: x=2.088, y=7.466, 距离=7.732 > 阈值0.100
[WARN] [1754305872.521086543] [solver_node]: 没有满足距离要求的解
[INFO] [1754305872.534949825] [solver_node]: 无效解: x=2.088, y=7.466, 距离=7.732 > 阈值0.100
[WARN] [1754305872.539531441] [solver_node]: 没有满足距离要求的解
[INFO] [1754305872.555538312] [solver_node]: 无效解: x=2.088, y=7.466, 距离=7.732 > 阈值0.100
[WARN] [1754305872.556455224] [solver_node]: 没有满足距离要求的解
[INFO] [1754305872.571597504] [solver_node]: 无效解: x=2.088, y=7.466, 距离=7.732 > 阈值0.100
[WARN] [1754305872.572525488] [solver_node]: 没有满足距离要求的解
[INFO] [1754305872.584340670] [solver_node]: 无效解: x=2.089, y=7.467, 距离=7.731 > 阈值0.100
[WARN] [1754305872.585205549] [solver_node]: 没有满足距离要求的解
[INFO] [1754305872.596929946] [solver_node]: 无效解: x=2.089, y=7.467, 距离=7.731 > 阈值0.100
[WARN] [1754305872.599898061] [solver_node]: 没有满足距离要求的解
[INFO] [1754305872.626185656] [solver_node]: 求解线程已停止
[INFO] [1754305872.627554704] [solver_node]: Odom TF更新线程已停止
[INFO] [1754305872.628618626] [solver_node]: 位置更新线程已停止
[INFO] [1754305872.645909776] [solver_node]: 重定位线程已停止
[INFO] [1754305872.646976706] [solver_node]: SolverNode资源清理完成
