[INFO] [1754208999.420557657] [solver_node]: [PerpendicularDistanceLocalizer] 前束索引: [2], 后束索引: [3, 4]
[INFO] [1754208999.422247035] [solver_node]: [PerpendicularDistanceLocalizer] 左束索引: [0], 右束索引: [1]
[INFO] [1754208999.429871334] [solver_node]: [PerpendicularDistanceLocalizer] 垂直距离定位器已初始化，需要调用calibrate()方法进行标定
[INFO] [1754208999.597194092] [solver_node]: SolverNode启动，进入初始化阶段，需要收集100次激光数据进行标定...
[INFO] [1754209000.147878036] [solver_node]: 标定数据收集进度: 1/100
[INFO] [1754209000.247768772] [solver_node]: 标定数据收集进度: 2/100
[INFO] [1754209000.349589951] [solver_node]: 标定数据收集进度: 3/100
[INFO] [1754209000.446797862] [solver_node]: 标定数据收集进度: 4/100
[INFO] [1754209000.547509750] [solver_node]: 标定数据收集进度: 5/100
[INFO] [1754209000.651188730] [solver_node]: 标定数据收集进度: 6/100
[INFO] [1754209000.752206614] [solver_node]: 标定数据收集进度: 7/100
[INFO] [1754209000.847391437] [solver_node]: 标定数据收集进度: 8/100
[INFO] [1754209000.947985528] [solver_node]: 标定数据收集进度: 9/100
[INFO] [1754209001.047612253] [solver_node]: 标定数据收集进度: 10/100
[INFO] [1754209001.147573935] [solver_node]: 标定数据收集进度: 11/100
[INFO] [1754209001.246904553] [solver_node]: 标定数据收集进度: 12/100
[INFO] [1754209001.347035970] [solver_node]: 标定数据收集进度: 13/100
[INFO] [1754209001.447474503] [solver_node]: 标定数据收集进度: 14/100
[INFO] [1754209001.549744084] [solver_node]: 标定数据收集进度: 15/100
[INFO] [1754209001.655204542] [solver_node]: 标定数据收集进度: 16/100
[INFO] [1754209001.747756141] [solver_node]: 标定数据收集进度: 17/100
[INFO] [1754209001.848058253] [solver_node]: 标定数据收集进度: 18/100
[INFO] [1754209001.948509139] [solver_node]: 标定数据收集进度: 19/100
[INFO] [1754209002.052156086] [solver_node]: 标定数据收集进度: 20/100
[INFO] [1754209002.150478023] [solver_node]: 标定数据收集进度: 21/100
[INFO] [1754209002.254591293] [solver_node]: 标定数据收集进度: 22/100
[INFO] [1754209002.352755208] [solver_node]: 标定数据收集进度: 23/100
[INFO] [1754209002.448342415] [solver_node]: 标定数据收集进度: 24/100
[INFO] [1754209002.548394917] [solver_node]: 标定数据收集进度: 25/100
[INFO] [1754209002.648831529] [solver_node]: 标定数据收集进度: 26/100
[INFO] [1754209002.747056856] [solver_node]: 标定数据收集进度: 27/100
[INFO] [1754209002.851475737] [solver_node]: 标定数据收集进度: 28/100
[INFO] [1754209002.952400817] [solver_node]: 标定数据收集进度: 29/100
[INFO] [1754209003.056080981] [solver_node]: 标定数据收集进度: 30/100
[INFO] [1754209003.149832627] [solver_node]: 标定数据收集进度: 31/100
[INFO] [1754209003.248070402] [solver_node]: 标定数据收集进度: 32/100
[INFO] [1754209003.347163666] [solver_node]: 标定数据收集进度: 33/100
[INFO] [1754209003.447588406] [solver_node]: 标定数据收集进度: 34/100
[INFO] [1754209003.547455077] [solver_node]: 标定数据收集进度: 35/100
[INFO] [1754209003.651595739] [solver_node]: 标定数据收集进度: 36/100
[INFO] [1754209003.747621010] [solver_node]: 标定数据收集进度: 37/100
[INFO] [1754209003.847627526] [solver_node]: 标定数据收集进度: 38/100
[INFO] [1754209003.947742654] [solver_node]: 标定数据收集进度: 39/100
[INFO] [1754209004.047660335] [solver_node]: 标定数据收集进度: 40/100
[INFO] [1754209004.147326421] [solver_node]: 标定数据收集进度: 41/100
[INFO] [1754209004.251706645] [solver_node]: 标定数据收集进度: 42/100
[INFO] [1754209004.347269658] [solver_node]: 标定数据收集进度: 43/100
[INFO] [1754209004.447181930] [solver_node]: 标定数据收集进度: 44/100
[INFO] [1754209004.547378086] [solver_node]: 标定数据收集进度: 45/100
[INFO] [1754209004.647860556] [solver_node]: 标定数据收集进度: 46/100
[INFO] [1754209004.746748468] [solver_node]: 标定数据收集进度: 47/100
[INFO] [1754209004.847165528] [solver_node]: 标定数据收集进度: 48/100
[INFO] [1754209004.947976811] [solver_node]: 标定数据收集进度: 49/100
[INFO] [1754209005.049767493] [solver_node]: 标定数据收集进度: 50/100
[INFO] [1754209005.148429668] [solver_node]: 标定数据收集进度: 51/100
[INFO] [1754209005.246977375] [solver_node]: 标定数据收集进度: 52/100
[INFO] [1754209005.347620779] [solver_node]: 标定数据收集进度: 53/100
[INFO] [1754209005.447685985] [solver_node]: 标定数据收集进度: 54/100
[INFO] [1754209005.547239555] [solver_node]: 标定数据收集进度: 55/100
[INFO] [1754209005.647448959] [solver_node]: 标定数据收集进度: 56/100
[INFO] [1754209005.747828193] [solver_node]: 标定数据收集进度: 57/100
[INFO] [1754209005.847290112] [solver_node]: 标定数据收集进度: 58/100
[INFO] [1754209005.947896203] [solver_node]: 标定数据收集进度: 59/100
[INFO] [1754209006.047101087] [solver_node]: 标定数据收集进度: 60/100
[INFO] [1754209006.146955437] [solver_node]: 标定数据收集进度: 61/100
[INFO] [1754209006.247717054] [solver_node]: 标定数据收集进度: 62/100
[INFO] [1754209006.346999541] [solver_node]: 标定数据收集进度: 63/100
[INFO] [1754209006.447377848] [solver_node]: 标定数据收集进度: 64/100
[INFO] [1754209006.549281206] [solver_node]: 标定数据收集进度: 65/100
[INFO] [1754209006.647543749] [solver_node]: 标定数据收集进度: 66/100
[INFO] [1754209006.747578234] [solver_node]: 标定数据收集进度: 67/100
[INFO] [1754209006.847295330] [solver_node]: 标定数据收集进度: 68/100
[INFO] [1754209006.947181329] [solver_node]: 标定数据收集进度: 69/100
[INFO] [1754209007.047192709] [solver_node]: 标定数据收集进度: 70/100
[INFO] [1754209007.150439479] [solver_node]: 标定数据收集进度: 71/100
[INFO] [1754209007.249062453] [solver_node]: 标定数据收集进度: 72/100
[INFO] [1754209007.348163365] [solver_node]: 标定数据收集进度: 73/100
[INFO] [1754209007.447029100] [solver_node]: 标定数据收集进度: 74/100
[INFO] [1754209007.546810582] [solver_node]: 标定数据收集进度: 75/100
[INFO] [1754209007.653917505] [solver_node]: 标定数据收集进度: 76/100
[INFO] [1754209007.747579035] [solver_node]: 标定数据收集进度: 77/100
[INFO] [1754209007.848084930] [solver_node]: 标定数据收集进度: 78/100
[INFO] [1754209007.951413848] [solver_node]: 标定数据收集进度: 79/100
[INFO] [1754209008.047839807] [solver_node]: 标定数据收集进度: 80/100
[INFO] [1754209008.148418985] [solver_node]: 标定数据收集进度: 81/100
[INFO] [1754209008.251595769] [solver_node]: 标定数据收集进度: 82/100
[INFO] [1754209008.350298233] [solver_node]: 标定数据收集进度: 83/100
[INFO] [1754209008.448495078] [solver_node]: 标定数据收集进度: 84/100
[INFO] [1754209008.553061036] [solver_node]: 标定数据收集进度: 85/100
[INFO] [1754209008.647199962] [solver_node]: 标定数据收集进度: 86/100
[INFO] [1754209008.748116817] [solver_node]: 标定数据收集进度: 87/100
[INFO] [1754209008.846917653] [solver_node]: 标定数据收集进度: 88/100
[INFO] [1754209008.947124976] [solver_node]: 标定数据收集进度: 89/100
[INFO] [1754209009.047390510] [solver_node]: 标定数据收集进度: 90/100
[INFO] [1754209009.148339078] [solver_node]: 标定数据收集进度: 91/100
[INFO] [1754209009.247215117] [solver_node]: 标定数据收集进度: 92/100
[INFO] [1754209009.347032825] [solver_node]: 标定数据收集进度: 93/100
[INFO] [1754209009.447097167] [solver_node]: 标定数据收集进度: 94/100
[INFO] [1754209009.548653151] [solver_node]: 标定数据收集进度: 95/100
[INFO] [1754209009.659940109] [solver_node]: 标定数据收集进度: 96/100
[INFO] [1754209009.748310776] [solver_node]: 标定数据收集进度: 97/100
[INFO] [1754209009.847219136] [solver_node]: 标定数据收集进度: 98/100
[INFO] [1754209009.947480382] [solver_node]: 标定数据收集进度: 99/100
[INFO] [1754209010.047161348] [solver_node]: 标定数据收集进度: 100/100
[INFO] [1754209010.048002757] [solver_node]: 标定数据收集完成，开始标定过程...
[INFO] [1754209010.049070735] [solver_node]: 开始标定，收集到的数据shape: (100, 5)
[INFO] [1754209010.051018236] [solver_node]: [PerpendicularDistanceLocalizer] 开始标定，扫描数据shape: (100, 5)
[INFO] [1754209010.054636426] [solver_node]: [PerpendicularDistanceLocalizer] 标定完成: m=12.070, n=8.390
[INFO] [1754209010.058338907] [solver_node]: [PerpendicularDistanceLocalizer] 前后左右平均距离: 前=4.821, 后=7.248, 左=1.168, 右=7.221
[INFO] [1754209010.059204221] [solver_node]: [PerpendicularDistanceLocalizer] 计算的初始位姿: x=4.821, y=1.168, phi=3.142
[INFO] [1754209010.060031325] [solver_node]: 标定完成: m=12.070, n=8.390
[INFO] [1754209010.060817052] [solver_node]: 初始位姿: x=4.821, y=1.168, phi=3.142
[INFO] [1754209010.067838480] [solver_node]: 发布静态变换: translation=(-1.168, 4.821, 0.0), rotation=-1.571
[INFO] [1754209010.075652354] [solver_node]: 初始化阶段完成，进入运行阶段
[INFO] [1754209010.154956617] [solver_node]: 收到5个激光点，处理后5个有效点
[INFO] [1754209010.173875696] [solver_node]: 当前位置: x=5.122, y=1.268, angle=3.136
[INFO] [1754209010.186742312] [solver_node]: 激光距离数据: [0.592 6.645 4.381 4.998 4.991]
[INFO] [1754209010.207828740] [solver_node]: 角度求解器返回 1 个解
[INFO] [1754209010.208762600] [solver_node]: 有效解: x=4.821, y=1.082, 距离=0.353
[INFO] [1754209010.209717614] [solver_node]: 选择最佳解: x=4.821, y=1.082, 距离=0.353
[INFO] [1754209010.214543403] [solver_node]: 发布laser_dist_link变换: x=4.821, y=1.082, angle=3.136
[INFO] [1754209010.219719798] [solver_node]: 成功发布laser_dist_link变换
[INFO] [1754209010.254060889] [solver_node]: 收到5个激光点，处理后5个有效点
[INFO] [1754209010.261973232] [solver_node]: 当前位置: x=5.125, y=1.265, angle=3.136
[INFO] [1754209010.264248457] [solver_node]: 激光距离数据: [0.592 6.645 4.381 4.998 4.991]
[INFO] [1754209010.271250748] [solver_node]: 角度求解器返回 1 个解
[INFO] [1754209010.272328742] [solver_node]: 有效解: x=4.821, y=1.082, 距离=0.355
[INFO] [1754209010.273313293] [solver_node]: 选择最佳解: x=4.821, y=1.082, 距离=0.355
[INFO] [1754209010.274818344] [solver_node]: 发布laser_dist_link变换: x=4.821, y=1.082, angle=3.136
[INFO] [1754209010.282007490] [solver_node]: 成功发布laser_dist_link变换
[INFO] [1754209010.349345011] [solver_node]: 收到5个激光点，处理后5个有效点
[INFO] [1754209010.352527824] [solver_node]: 当前位置: x=5.114, y=1.264, angle=3.135
[INFO] [1754209010.393573690] [solver_node]: 激光距离数据: [0.592 6.645 4.381 4.998 4.991]
[INFO] [1754209010.400430343] [solver_node]: 角度求解器返回 1 个解
[INFO] [1754209010.402470551] [solver_node]: 有效解: x=4.821, y=1.083, 距离=0.345
[INFO] [1754209010.405884541] [solver_node]: 选择最佳解: x=4.821, y=1.083, 距离=0.345
[INFO] [1754209010.408276315] [solver_node]: 发布laser_dist_link变换: x=4.821, y=1.083, angle=3.135
[INFO] [1754209010.409969150] [solver_node]: 成功发布laser_dist_link变换
[INFO] [1754209010.505218582] [solver_node]: 收到5个激光点，处理后5个有效点
[INFO] [1754209010.507694711] [solver_node]: 当前位置: x=5.117, y=1.273, angle=3.136
[INFO] [1754209010.508874662] [solver_node]: 激光距离数据: [0.592 6.645 4.381 4.998 4.991]
[INFO] [1754209010.516172420] [solver_node]: 角度求解器返回 1 个解
[INFO] [1754209010.516952131] [solver_node]: 有效解: x=4.821, y=1.082, 距离=0.352
[INFO] [1754209010.532034962] [solver_node]: 选择最佳解: x=4.821, y=1.082, 距离=0.352
[INFO] [1754209010.547376492] [solver_node]: 发布laser_dist_link变换: x=4.821, y=1.082, angle=3.136
[INFO] [1754209010.549705576] [solver_node]: 成功发布laser_dist_link变换
[INFO] [1754209010.550938968] [solver_node]: 收到5个激光点，处理后5个有效点
[INFO] [1754209010.565609880] [solver_node]: 当前位置: x=5.111, y=1.269, angle=3.136
[INFO] [1754209010.591097727] [solver_node]: 激光距离数据: [0.592 6.645 4.381 4.998 4.991]
[INFO] [1754209010.629787597] [solver_node]: 角度求解器返回 1 个解
[INFO] [1754209010.632818116] [solver_node]: 有效解: x=4.821, y=1.082, 距离=0.345
[INFO] [1754209010.640028127] [solver_node]: 选择最佳解: x=4.821, y=1.082, 距离=0.345
[INFO] [1754209010.646711909] [solver_node]: 发布laser_dist_link变换: x=4.821, y=1.082, angle=3.136
[INFO] [1754209010.647641674] [solver_node]: 成功发布laser_dist_link变换
[INFO] [1754209010.742686938] [solver_node]: 收到5个激光点，处理后5个有效点
[INFO] [1754209010.748290070] [solver_node]: 当前位置: x=5.122, y=1.276, angle=3.137
[INFO] [1754209010.751604920] [solver_node]: 激光距离数据: [0.592 6.645 4.381 4.998 4.991]
[INFO] [1754209010.759282149] [solver_node]: 角度求解器返回 1 个解
[INFO] [1754209010.760089701] [solver_node]: 有效解: x=4.821, y=1.081, 距离=0.358
[INFO] [1754209010.760793601] [solver_node]: 选择最佳解: x=4.821, y=1.081, 距离=0.358
[INFO] [1754209010.762410016] [solver_node]: 发布laser_dist_link变换: x=4.821, y=1.081, angle=3.137
[INFO] [1754209010.763149117] [solver_node]: 成功发布laser_dist_link变换
[INFO] [1754209010.764242024] [solver_node]: 收到5个激光点，处理后5个有效点
[INFO] [1754209010.790330311] [solver_node]: 当前位置: x=5.121, y=1.275, angle=3.137
[INFO] [1754209010.791853347] [solver_node]: 激光距离数据: [0.592 6.645 4.381 4.998 4.991]
[INFO] [1754209010.810077678] [solver_node]: 角度求解器返回 1 个解
[INFO] [1754209010.810893806] [solver_node]: 有效解: x=4.821, y=1.082, 距离=0.357
[INFO] [1754209010.811615499] [solver_node]: 选择最佳解: x=4.821, y=1.082, 距离=0.357
[INFO] [1754209010.813157607] [solver_node]: 发布laser_dist_link变换: x=4.821, y=1.082, angle=3.137
[INFO] [1754209010.841728616] [solver_node]: 成功发布laser_dist_link变换
[INFO] [1754209010.857172422] [solver_node]: 收到5个激光点，处理后5个有效点
[INFO] [1754209010.870593716] [solver_node]: 当前位置: x=5.123, y=1.271, angle=3.136
[INFO] [1754209010.872073070] [solver_node]: 激光距离数据: [0.592 6.645 4.381 4.998 4.991]
[INFO] [1754209010.891973467] [solver_node]: 角度求解器返回 1 个解
[INFO] [1754209010.895841843] [solver_node]: 有效解: x=4.821, y=1.082, 距离=0.356
[INFO] [1754209010.896751702] [solver_node]: 选择最佳解: x=4.821, y=1.082, 距离=0.356
[INFO] [1754209010.903863853] [solver_node]: 发布laser_dist_link变换: x=4.821, y=1.082, angle=3.136
[INFO] [1754209010.912903792] [solver_node]: 成功发布laser_dist_link变换
[INFO] [1754209010.957155192] [solver_node]: 收到5个激光点，处理后5个有效点
[INFO] [1754209010.961295579] [solver_node]: 当前位置: x=5.117, y=1.277, angle=3.136
[INFO] [1754209010.962797653] [solver_node]: 激光距离数据: [0.592 6.645 4.381 4.998 4.991]
[INFO] [1754209010.985370507] [solver_node]: 角度求解器返回 1 个解
[INFO] [1754209010.986215404] [solver_node]: 有效解: x=4.821, y=1.082, 距离=0.355
[INFO] [1754209010.991669666] [solver_node]: 选择最佳解: x=4.821, y=1.082, 距离=0.355
[INFO] [1754209010.993168445] [solver_node]: 发布laser_dist_link变换: x=4.821, y=1.082, angle=3.136
[INFO] [1754209010.993989309] [solver_node]: 成功发布laser_dist_link变换
[INFO] [1754209011.077129979] [solver_node]: 收到5个激光点，处理后5个有效点
[INFO] [1754209011.079666398] [solver_node]: 当前位置: x=5.112, y=1.266, angle=3.136
[INFO] [1754209011.080958801] [solver_node]: 激光距离数据: [0.592 6.645 4.381 4.998 4.991]
[INFO] [1754209011.086177662] [solver_node]: 角度求解器返回 1 个解
[INFO] [1754209011.087024575] [solver_node]: 有效解: x=4.821, y=1.082, 距离=0.344
[INFO] [1754209011.087809598] [solver_node]: 选择最佳解: x=4.821, y=1.082, 距离=0.344
[INFO] [1754209011.099550538] [solver_node]: 发布laser_dist_link变换: x=4.821, y=1.082, angle=3.136
[INFO] [1754209011.105781855] [solver_node]: 成功发布laser_dist_link变换
[INFO] [1754209011.150216622] [solver_node]: 收到5个激光点，处理后5个有效点
[INFO] [1754209011.171694041] [solver_node]: 当前位置: x=5.112, y=1.273, angle=3.136
[INFO] [1754209011.173142545] [solver_node]: 激光距离数据: [0.592 6.645 4.381 4.998 4.991]
[INFO] [1754209011.199899435] [solver_node]: 角度求解器返回 1 个解
[INFO] [1754209011.200890002] [solver_node]: 有效解: x=4.821, y=1.082, 距离=0.348
[INFO] [1754209011.201711570] [solver_node]: 选择最佳解: x=4.821, y=1.082, 距离=0.348
[INFO] [1754209011.202942626] [solver_node]: 发布laser_dist_link变换: x=4.821, y=1.082, angle=3.136
[INFO] [1754209011.203616893] [solver_node]: 成功发布laser_dist_link变换
[INFO] [1754209011.257120656] [solver_node]: 收到5个激光点，处理后5个有效点
[INFO] [1754209011.268096446] [solver_node]: 当前位置: x=5.112, y=1.271, angle=3.136
[INFO] [1754209011.269554968] [solver_node]: 激光距离数据: [0.592 6.645 4.381 4.998 4.991]
[INFO] [1754209011.285555051] [solver_node]: 角度求解器返回 1 个解
[INFO] [1754209011.286403309] [solver_node]: 有效解: x=4.821, y=1.082, 距离=0.347
[INFO] [1754209011.287150986] [solver_node]: 选择最佳解: x=4.821, y=1.082, 距离=0.347
[INFO] [1754209011.288318520] [solver_node]: 发布laser_dist_link变换: x=4.821, y=1.082, angle=3.136
[INFO] [1754209011.288997394] [solver_node]: 成功发布laser_dist_link变换
[INFO] [1754209011.352773880] [solver_node]: 收到5个激光点，处理后5个有效点
[INFO] [1754209011.383220579] [solver_node]: 当前位置: x=5.122, y=1.259, angle=3.136
[INFO] [1754209011.394692197] [solver_node]: 激光距离数据: [0.592 6.645 4.381 4.998 4.991]
[INFO] [1754209011.416373943] [solver_node]: 角度求解器返回 1 个解
[INFO] [1754209011.418261537] [solver_node]: 有效解: x=4.821, y=1.083, 距离=0.349
[INFO] [1754209011.419104546] [solver_node]: 选择最佳解: x=4.821, y=1.083, 距离=0.349
[INFO] [1754209011.422242461] [solver_node]: 发布laser_dist_link变换: x=4.821, y=1.083, angle=3.136
[INFO] [1754209011.423031644] [solver_node]: 成功发布laser_dist_link变换
[INFO] [1754209011.457581896] [solver_node]: 收到5个激光点，处理后5个有效点
[INFO] [1754209011.469979630] [solver_node]: 当前位置: x=5.126, y=1.269, angle=3.135
[INFO] [1754209011.471787221] [solver_node]: 激光距离数据: [0.592 6.645 4.379 4.998 4.991]
[INFO] [1754209011.476758584] [solver_node]: 角度求解器返回 1 个解
[INFO] [1754209011.500620000] [solver_node]: 有效解: x=4.820, y=1.083, 距离=0.359
[INFO] [1754209011.513265072] [solver_node]: 选择最佳解: x=4.820, y=1.083, 距离=0.359
[INFO] [1754209011.520592880] [solver_node]: 发布laser_dist_link变换: x=4.820, y=1.083, angle=3.135
[INFO] [1754209011.533321123] [solver_node]: 成功发布laser_dist_link变换
[INFO] [1754209011.557334801] [solver_node]: 收到5个激光点，处理后5个有效点
[INFO] [1754209011.581852243] [solver_node]: 当前位置: x=5.119, y=1.265, angle=3.135
[INFO] [1754209011.594361086] [solver_node]: 激光距离数据: [0.592 6.645 4.379 4.998 4.991]
[INFO] [1754209011.605101699] [solver_node]: 角度求解器返回 1 个解
[INFO] [1754209011.605978149] [solver_node]: 有效解: x=4.820, y=1.083, 距离=0.350
[INFO] [1754209011.606724483] [solver_node]: 选择最佳解: x=4.820, y=1.083, 距离=0.350
[INFO] [1754209011.610037381] [solver_node]: 发布laser_dist_link变换: x=4.820, y=1.083, angle=3.135
[INFO] [1754209011.610763617] [solver_node]: 成功发布laser_dist_link变换
[INFO] [1754209011.653843771] [solver_node]: 收到5个激光点，处理后5个有效点
[INFO] [1754209011.668642176] [solver_node]: 当前位置: x=5.108, y=1.277, angle=3.136
[INFO] [1754209011.683339328] [solver_node]: 激光距离数据: [0.592 6.645 4.379 4.998 4.994]
[INFO] [1754209011.703661694] [solver_node]: 角度求解器返回 1 个解
[INFO] [1754209011.704487166] [solver_node]: 有效解: x=4.819, y=1.082, 距离=0.349
[INFO] [1754209011.705768624] [solver_node]: 选择最佳解: x=4.819, y=1.082, 距离=0.349
[INFO] [1754209011.731616998] [solver_node]: 发布laser_dist_link变换: x=4.819, y=1.082, angle=3.136
[INFO] [1754209011.734136873] [solver_node]: 成功发布laser_dist_link变换
[INFO] [1754209011.819368441] [solver_node]: 收到5个激光点，处理后5个有效点
[INFO] [1754209011.822000000] [solver_node]: 当前位置: x=5.113, y=1.271, angle=3.136
[INFO] [1754209011.823471322] [solver_node]: 激光距离数据: [0.592 6.645 4.379 4.998 4.994]
[INFO] [1754209011.838794771] [solver_node]: 角度求解器返回 1 个解
[INFO] [1754209011.839970625] [solver_node]: 有效解: x=4.819, y=1.082, 距离=0.349
[INFO] [1754209011.840969864] [solver_node]: 选择最佳解: x=4.819, y=1.082, 距离=0.349
[INFO] [1754209011.850718119] [solver_node]: 发布laser_dist_link变换: x=4.819, y=1.082, angle=3.136
[INFO] [1754209011.854256433] [solver_node]: 成功发布laser_dist_link变换
[INFO] [1754209011.856169372] [solver_node]: 收到5个激光点，处理后5个有效点
[INFO] [1754209011.889068839] [solver_node]: 当前位置: x=5.118, y=1.269, angle=3.136
[INFO] [1754209011.891417859] [solver_node]: 激光距离数据: [0.592 6.645 4.379 4.998 4.994]
[INFO] [1754209011.910806460] [solver_node]: 角度求解器返回 1 个解
[INFO] [1754209011.921317336] [solver_node]: 有效解: x=4.819, y=1.082, 距离=0.353
[INFO] [1754209011.922227612] [solver_node]: 选择最佳解: x=4.819, y=1.082, 距离=0.353
[INFO] [1754209011.941993027] [solver_node]: 发布laser_dist_link变换: x=4.819, y=1.082, angle=3.136
[INFO] [1754209011.942780386] [solver_node]: 成功发布laser_dist_link变换
[INFO] [1754209011.954342344] [solver_node]: 收到5个激光点，处理后5个有效点
[INFO] [1754209011.970329211] [solver_node]: 当前位置: x=5.129, y=1.274, angle=3.136
[INFO] [1754209011.971886744] [solver_node]: 激光距离数据: [0.592 6.645 4.381 4.998 4.994]
[INFO] [1754209011.988069491] [solver_node]: 角度求解器返回 1 个解
[INFO] [1754209011.988922740] [solver_node]: 有效解: x=4.820, y=1.082, 距离=0.364
[INFO] [1754209011.989769109] [solver_node]: 选择最佳解: x=4.820, y=1.082, 距离=0.364
[INFO] [1754209011.991147500] [solver_node]: 发布laser_dist_link变换: x=4.820, y=1.082, angle=3.136
[INFO] [1754209012.008597688] [solver_node]: 成功发布laser_dist_link变换
[INFO] [1754209012.050763534] [solver_node]: 收到5个激光点，处理后5个有效点
[INFO] [1754209012.069230275] [solver_node]: 当前位置: x=5.126, y=1.273, angle=3.136
[INFO] [1754209012.070558967] [solver_node]: 激光距离数据: [0.592 6.645 4.381 4.998 4.994]
[INFO] [1754209012.075677824] [solver_node]: 角度求解器返回 1 个解
[INFO] [1754209012.076532801] [solver_node]: 有效解: x=4.820, y=1.082, 距离=0.361
[INFO] [1754209012.077328256] [solver_node]: 选择最佳解: x=4.820, y=1.082, 距离=0.361
[INFO] [1754209012.079370160] [solver_node]: 发布laser_dist_link变换: x=4.820, y=1.082, angle=3.136
[INFO] [1754209012.080034026] [solver_node]: 成功发布laser_dist_link变换
[INFO] [1754209012.159580539] [solver_node]: 收到5个激光点，处理后5个有效点
[INFO] [1754209012.182761320] [solver_node]: 当前位置: x=5.129, y=1.274, angle=3.137
[INFO] [1754209012.184093949] [solver_node]: 激光距离数据: [0.592 6.645 4.381 4.998 4.994]
[INFO] [1754209012.196972374] [solver_node]: 角度求解器返回 1 个解
[INFO] [1754209012.214972888] [solver_node]: 有效解: x=4.820, y=1.082, 距离=0.364
[INFO] [1754209012.216118725] [solver_node]: 选择最佳解: x=4.820, y=1.082, 距离=0.364
[INFO] [1754209012.234689277] [solver_node]: 发布laser_dist_link变换: x=4.820, y=1.082, angle=3.137
[INFO] [1754209012.235584353] [solver_node]: 成功发布laser_dist_link变换
[INFO] [1754209012.247151622] [solver_node]: 收到5个激光点，处理后5个有效点
[INFO] [1754209012.266634659] [solver_node]: 当前位置: x=5.117, y=1.267, angle=3.136
[INFO] [1754209012.269514356] [solver_node]: 激光距离数据: [0.592 6.645 4.381 4.998 4.994]
[INFO] [1754209012.284729320] [solver_node]: 角度求解器返回 1 个解
[INFO] [1754209012.288152623] [solver_node]: 有效解: x=4.819, y=1.083, 距离=0.350
[INFO] [1754209012.305703327] [solver_node]: 选择最佳解: x=4.819, y=1.083, 距离=0.350
[INFO] [1754209012.322926819] [solver_node]: 发布laser_dist_link变换: x=4.819, y=1.083, angle=3.136
[INFO] [1754209012.324802189] [solver_node]: 成功发布laser_dist_link变换
[INFO] [1754209012.358140360] [solver_node]: 收到5个激光点，处理后5个有效点
[INFO] [1754209012.362368078] [solver_node]: 当前位置: x=5.112, y=1.271, angle=3.136
[INFO] [1754209012.363870793] [solver_node]: 激光距离数据: [0.592 6.645 4.381 4.998 4.994]
[INFO] [1754209012.372831721] [solver_node]: 角度求解器返回 1 个解
[INFO] [1754209012.387138682] [solver_node]: 有效解: x=4.820, y=1.082, 距离=0.348
[INFO] [1754209012.394659649] [solver_node]: 选择最佳解: x=4.820, y=1.082, 距离=0.348
[INFO] [1754209012.397979971] [solver_node]: 发布laser_dist_link变换: x=4.820, y=1.082, angle=3.136
[INFO] [1754209012.400050708] [solver_node]: 成功发布laser_dist_link变换
[INFO] [1754209012.455848449] [solver_node]: 收到5个激光点，处理后5个有效点
[INFO] [1754209012.461048781] [solver_node]: 当前位置: x=5.117, y=1.274, angle=3.136
[INFO] [1754209012.464406193] [solver_node]: 激光距离数据: [0.592 6.645 4.381 4.998 4.994]
[INFO] [1754209012.490654327] [solver_node]: 角度求解器返回 1 个解
[INFO] [1754209012.500365524] [solver_node]: 有效解: x=4.820, y=1.082, 距离=0.353
[INFO] [1754209012.515925174] [solver_node]: 选择最佳解: x=4.820, y=1.082, 距离=0.353
[INFO] [1754209012.520435783] [solver_node]: 发布laser_dist_link变换: x=4.820, y=1.082, angle=3.136
[INFO] [1754209012.521847870] [solver_node]: 成功发布laser_dist_link变换
[INFO] [1754209012.574449358] [solver_node]: 收到5个激光点，处理后5个有效点
[INFO] [1754209012.586592042] [solver_node]: 当前位置: x=5.120, y=1.277, angle=3.137
[INFO] [1754209012.590804528] [solver_node]: 激光距离数据: [0.592 6.645 4.381 4.998 4.994]
[INFO] [1754209012.624606910] [solver_node]: 角度求解器返回 1 个解
[INFO] [1754209012.627682582] [solver_node]: 有效解: x=4.820, y=1.082, 距离=0.358
[INFO] [1754209012.629621026] [solver_node]: 选择最佳解: x=4.820, y=1.082, 距离=0.358
[INFO] [1754209012.631652914] [solver_node]: 发布laser_dist_link变换: x=4.820, y=1.082, angle=3.137
[INFO] [1754209012.632878818] [solver_node]: 成功发布laser_dist_link变换
[INFO] [1754209012.747396526] [solver_node]: 收到5个激光点，处理后5个有效点
[INFO] [1754209012.751713016] [solver_node]: 当前位置: x=5.116, y=1.276, angle=3.137
[INFO] [1754209012.753561952] [solver_node]: 激光距离数据: [0.592 6.645 4.381 4.998 4.994]
[INFO] [1754209012.760015550] [solver_node]: 角度求解器返回 1 个解
[INFO] [1754209012.760975555] [solver_node]: 有效解: x=4.820, y=1.082, 距离=0.355
[INFO] [1754209012.761956330] [solver_node]: 选择最佳解: x=4.820, y=1.082, 距离=0.355
[INFO] [1754209012.765761951] [solver_node]: 发布laser_dist_link变换: x=4.820, y=1.082, angle=3.137
[INFO] [1754209012.766840713] [solver_node]: 成功发布laser_dist_link变换
[INFO] [1754209012.767972310] [solver_node]: 收到5个激光点，处理后5个有效点
[INFO] [1754209012.793058958] [solver_node]: 当前位置: x=5.118, y=1.272, angle=3.136
[INFO] [1754209012.794384866] [solver_node]: 激光距离数据: [0.592 6.645 4.381 4.998 4.994]
[INFO] [1754209012.800254472] [solver_node]: 角度求解器返回 1 个解
[INFO] [1754209012.801030118] [solver_node]: 有效解: x=4.820, y=1.082, 距离=0.354
[INFO] [1754209012.841652992] [solver_node]: 选择最佳解: x=4.820, y=1.082, 距离=0.354
[INFO] [1754209012.846728295] [solver_node]: 发布laser_dist_link变换: x=4.820, y=1.082, angle=3.136
[INFO] [1754209012.847697037] [solver_node]: 成功发布laser_dist_link变换
[INFO] [1754209012.859593344] [solver_node]: 收到5个激光点，处理后5个有效点
[INFO] [1754209012.880821185] [solver_node]: 当前位置: x=5.118, y=1.272, angle=3.137
[INFO] [1754209012.893748284] [solver_node]: 激光距离数据: [0.592 6.645 4.381 4.998 4.994]
[INFO] [1754209012.911967462] [solver_node]: 角度求解器返回 1 个解
[INFO] [1754209012.918866677] [solver_node]: 有效解: x=4.820, y=1.082, 距离=0.354
[INFO] [1754209012.919873341] [solver_node]: 选择最佳解: x=4.820, y=1.082, 距离=0.354
[INFO] [1754209012.921065227] [solver_node]: 发布laser_dist_link变换: x=4.820, y=1.082, angle=3.137
[INFO] [1754209012.933299851] [solver_node]: 成功发布laser_dist_link变换
[INFO] [1754209012.988796140] [solver_node]: 收到5个激光点，处理后5个有效点
[INFO] [1754209012.994949214] [solver_node]: 当前位置: x=5.114, y=1.273, angle=3.137
[INFO] [1754209012.999462255] [solver_node]: 激光距离数据: [0.592 6.645 4.381 4.998 4.994]
[INFO] [1754209013.047544973] [solver_node]: 角度求解器返回 1 个解
[INFO] [1754209013.049579325] [solver_node]: 有效解: x=4.820, y=1.082, 距离=0.352
[INFO] [1754209013.051481255] [solver_node]: 选择最佳解: x=4.820, y=1.082, 距离=0.352
[INFO] [1754209013.053731296] [solver_node]: 发布laser_dist_link变换: x=4.820, y=1.082, angle=3.137
[INFO] [1754209013.054882797] [solver_node]: 成功发布laser_dist_link变换
[INFO] [1754209013.134993075] [solver_node]: 收到5个激光点，处理后5个有效点
[INFO] [1754209013.154671191] [solver_node]: 当前位置: x=5.118, y=1.276, angle=3.136
[INFO] [1754209013.156477086] [solver_node]: 激光距离数据: [0.592 6.645 4.381 4.998 4.991]
[INFO] [1754209013.167976769] [solver_node]: 角度求解器返回 1 个解
[INFO] [1754209013.168920486] [solver_node]: 有效解: x=4.821, y=1.082, 距离=0.355
[INFO] [1754209013.169775432] [solver_node]: 选择最佳解: x=4.821, y=1.082, 距离=0.355
[INFO] [1754209013.172496723] [solver_node]: 发布laser_dist_link变换: x=4.821, y=1.082, angle=3.136
[INFO] [1754209013.176443501] [solver_node]: 成功发布laser_dist_link变换
[INFO] [1754209013.177715647] [solver_node]: 收到5个激光点，处理后5个有效点
[INFO] [1754209013.198043709] [solver_node]: 当前位置: x=5.118, y=1.276, angle=3.136
[INFO] [1754209013.199485109] [solver_node]: 激光距离数据: [0.592 6.645 4.381 4.998 4.991]
[INFO] [1754209013.206751890] [solver_node]: 角度求解器返回 1 个解
[INFO] [1754209013.207659382] [solver_node]: 有效解: x=4.821, y=1.082, 距离=0.355
[INFO] [1754209013.208406995] [solver_node]: 选择最佳解: x=4.821, y=1.082, 距离=0.355
[INFO] [1754209013.210467844] [solver_node]: 发布laser_dist_link变换: x=4.821, y=1.082, angle=3.136
[INFO] [1754209013.219585066] [solver_node]: 成功发布laser_dist_link变换
[INFO] [1754209013.268425670] [solver_node]: 收到5个激光点，处理后5个有效点
[INFO] [1754209013.273043771] [solver_node]: 当前位置: x=5.121, y=1.275, angle=3.136
[INFO] [1754209013.277448936] [solver_node]: 激光距离数据: [0.592 6.645 4.381 4.998 4.991]
[INFO] [1754209013.284765479] [solver_node]: 角度求解器返回 1 个解
[INFO] [1754209013.292824355] [solver_node]: 有效解: x=4.821, y=1.082, 距离=0.356
[INFO] [1754209013.294185528] [solver_node]: 选择最佳解: x=4.821, y=1.082, 距离=0.356
[INFO] [1754209013.296059170] [solver_node]: 发布laser_dist_link变换: x=4.821, y=1.082, angle=3.136
[INFO] [1754209013.296946149] [solver_node]: 成功发布laser_dist_link变换
[INFO] [1754209013.401200734] [solver_node]: 收到5个激光点，处理后5个有效点
[INFO] [1754209013.414430565] [solver_node]: 当前位置: x=5.124, y=1.265, angle=3.137
[INFO] [1754209013.422762540] [solver_node]: 激光距离数据: [0.592 6.645 4.381 5.    4.991]
[INFO] [1754209013.428409194] [solver_node]: 角度求解器返回 1 个解
[INFO] [1754209013.429242890] [solver_node]: 有效解: x=4.821, y=1.082, 距离=0.354
[INFO] [1754209013.429959142] [solver_node]: 选择最佳解: x=4.821, y=1.082, 距离=0.354
[INFO] [1754209013.431212152] [solver_node]: 发布laser_dist_link变换: x=4.821, y=1.082, angle=3.137
[INFO] [1754209013.431860785] [solver_node]: 成功发布laser_dist_link变换
[INFO] [1754209013.474150444] [solver_node]: 收到5个激光点，处理后5个有效点
[INFO] [1754209013.478341776] [solver_node]: 当前位置: x=5.122, y=1.265, angle=3.136
[INFO] [1754209013.479576801] [solver_node]: 激光距离数据: [0.592 6.645 4.381 5.    4.991]
[INFO] [1754209013.487465206] [solver_node]: 角度求解器返回 1 个解
[INFO] [1754209013.488225652] [solver_node]: 有效解: x=4.821, y=1.082, 距离=0.352
[INFO] [1754209013.488937680] [solver_node]: 选择最佳解: x=4.821, y=1.082, 距离=0.352
[INFO] [1754209013.490135679] [solver_node]: 发布laser_dist_link变换: x=4.821, y=1.082, angle=3.136
[INFO] [1754209013.490786201] [solver_node]: 成功发布laser_dist_link变换
[INFO] [1754209013.616894060] [solver_node]: 收到5个激光点，处理后5个有效点
[INFO] [1754209013.620469976] [solver_node]: 当前位置: x=5.127, y=1.270, angle=3.137
[INFO] [1754209013.621692168] [solver_node]: 激光距离数据: [0.592 6.645 4.381 5.    4.991]
[INFO] [1754209013.630251832] [solver_node]: 角度求解器返回 1 个解
[INFO] [1754209013.631123706] [solver_node]: 有效解: x=4.822, y=1.081, 距离=0.359
[INFO] [1754209013.631897048] [solver_node]: 选择最佳解: x=4.822, y=1.081, 距离=0.359
[INFO] [1754209013.633263822] [solver_node]: 发布laser_dist_link变换: x=4.822, y=1.081, angle=3.137
[INFO] [1754209013.634627619] [solver_node]: 成功发布laser_dist_link变换
[INFO] [1754209013.656760679] [solver_node]: 收到5个激光点，处理后5个有效点
[INFO] [1754209013.671762132] [solver_node]: 当前位置: x=5.132, y=1.269, angle=3.137
[INFO] [1754209013.678408217] [solver_node]: 激光距离数据: [0.592 6.645 4.381 5.    4.991]
[INFO] [1754209013.684117465] [solver_node]: 角度求解器返回 1 个解
[INFO] [1754209013.684889847] [solver_node]: 有效解: x=4.822, y=1.081, 距离=0.363
[INFO] [1754209013.685663733] [solver_node]: 选择最佳解: x=4.822, y=1.081, 距离=0.363
[INFO] [1754209013.712834335] [solver_node]: 发布laser_dist_link变换: x=4.822, y=1.081, angle=3.137
[INFO] [1754209013.723113842] [solver_node]: 成功发布laser_dist_link变换
[INFO] [1754209013.755376804] [solver_node]: 收到5个激光点，处理后5个有效点
[INFO] [1754209013.760006874] [solver_node]: 当前位置: x=5.125, y=1.272, angle=3.136
[INFO] [1754209013.773301187] [solver_node]: 激光距离数据: [0.592 6.645 4.38  5.    4.991]
[INFO] [1754209013.795014775] [solver_node]: 角度求解器返回 1 个解
[INFO] [1754209013.796005758] [solver_node]: 有效解: x=4.821, y=1.082, 距离=0.358
[INFO] [1754209013.796858687] [solver_node]: 选择最佳解: x=4.821, y=1.082, 距离=0.358
[INFO] [1754209013.798373307] [solver_node]: 发布laser_dist_link变换: x=4.821, y=1.082, angle=3.136
[INFO] [1754209013.799094551] [solver_node]: 成功发布laser_dist_link变换
[INFO] [1754209013.864626178] [solver_node]: 收到5个激光点，处理后5个有效点
[INFO] [1754209013.874236603] [solver_node]: 当前位置: x=5.119, y=1.272, angle=3.137
[INFO] [1754209013.876697275] [solver_node]: 激光距离数据: [0.592 6.645 4.38  5.    4.991]
[INFO] [1754209013.885943494] [solver_node]: 角度求解器返回 1 个解
[INFO] [1754209013.886714020] [solver_node]: 有效解: x=4.821, y=1.082, 距离=0.354
[INFO] [1754209013.887429856] [solver_node]: 选择最佳解: x=4.821, y=1.082, 距离=0.354
[INFO] [1754209013.888781397] [solver_node]: 发布laser_dist_link变换: x=4.821, y=1.082, angle=3.137
[INFO] [1754209013.889488369] [solver_node]: 成功发布laser_dist_link变换
[INFO] [1754209013.952017894] [solver_node]: 收到5个激光点，处理后5个有效点
[INFO] [1754209013.954893687] [solver_node]: 当前位置: x=5.120, y=1.269, angle=3.136
[INFO] [1754209013.965882150] [solver_node]: 激光距离数据: [0.592 6.645 4.38  5.    4.991]
[INFO] [1754209013.972830646] [solver_node]: 角度求解器返回 1 个解
[INFO] [1754209013.974069095] [solver_node]: 有效解: x=4.821, y=1.082, 距离=0.353
[INFO] [1754209013.977123039] [solver_node]: 选择最佳解: x=4.821, y=1.082, 距离=0.353
[INFO] [1754209013.988600161] [solver_node]: 发布laser_dist_link变换: x=4.821, y=1.082, angle=3.136
[INFO] [1754209013.989469859] [solver_node]: 成功发布laser_dist_link变换
[INFO] [1754209014.055863920] [solver_node]: 收到5个激光点，处理后5个有效点
[INFO] [1754209014.061041659] [solver_node]: 当前位置: x=5.129, y=1.272, angle=3.136
[INFO] [1754209014.064309211] [solver_node]: 激光距离数据: [0.592 6.645 4.38  5.    4.991]
[INFO] [1754209014.088158690] [solver_node]: 角度求解器返回 1 个解
[INFO] [1754209014.090320183] [solver_node]: 有效解: x=4.821, y=1.082, 距离=0.362
[INFO] [1754209014.091093077] [solver_node]: 选择最佳解: x=4.821, y=1.082, 距离=0.362
[INFO] [1754209014.092404617] [solver_node]: 发布laser_dist_link变换: x=4.821, y=1.082, angle=3.136
[INFO] [1754209014.093075715] [solver_node]: 成功发布laser_dist_link变换
[INFO] [1754209014.156569598] [solver_node]: 收到5个激光点，处理后5个有效点
[INFO] [1754209014.159837118] [solver_node]: 当前位置: x=5.121, y=1.270, angle=3.136
[INFO] [1754209014.161186771] [solver_node]: 激光距离数据: [0.592 6.645 4.38  5.    4.991]
[INFO] [1754209014.165875467] [solver_node]: 角度求解器返回 1 个解
[INFO] [1754209014.166616104] [solver_node]: 有效解: x=4.821, y=1.082, 距离=0.354
[INFO] [1754209014.167314531] [solver_node]: 选择最佳解: x=4.821, y=1.082, 距离=0.354
[INFO] [1754209014.170064975] [solver_node]: 发布laser_dist_link变换: x=4.821, y=1.082, angle=3.136
[INFO] [1754209014.170743626] [solver_node]: 成功发布laser_dist_link变换
[INFO] [1754209014.257176520] [solver_node]: 收到5个激光点，处理后5个有效点
[INFO] [1754209014.260335172] [solver_node]: 当前位置: x=5.116, y=1.269, angle=3.135
[INFO] [1754209014.261584725] [solver_node]: 激光距离数据: [0.592 6.645 4.38  5.    4.991]
[INFO] [1754209014.266172169] [solver_node]: 角度求解器返回 1 个解
[INFO] [1754209014.266962440] [solver_node]: 有效解: x=4.820, y=1.083, 距离=0.349
[INFO] [1754209014.267716646] [solver_node]: 选择最佳解: x=4.820, y=1.083, 距离=0.349
[INFO] [1754209014.294479264] [solver_node]: 发布laser_dist_link变换: x=4.820, y=1.083, angle=3.135
[INFO] [1754209014.321003824] [solver_node]: 成功发布laser_dist_link变换
[INFO] [1754209014.354824895] [solver_node]: 收到5个激光点，处理后5个有效点
[INFO] [1754209014.358238821] [solver_node]: 当前位置: x=5.110, y=1.274, angle=3.135
[INFO] [1754209014.360391865] [solver_node]: 激光距离数据: [0.592 6.645 4.38  5.    4.991]
[INFO] [1754209014.366688976] [solver_node]: 角度求解器返回 1 个解
[INFO] [1754209014.373599135] [solver_node]: 有效解: x=4.820, y=1.083, 距离=0.347
[INFO] [1754209014.374569926] [solver_node]: 选择最佳解: x=4.820, y=1.083, 距离=0.347
[INFO] [1754209014.377994284] [solver_node]: 发布laser_dist_link变换: x=4.820, y=1.083, angle=3.135
[INFO] [1754209014.394162566] [solver_node]: 成功发布laser_dist_link变换
[INFO] [1754209014.457563133] [solver_node]: 收到5个激光点，处理后5个有效点
[INFO] [1754209014.463824115] [solver_node]: 当前位置: x=5.114, y=1.269, angle=3.135
[INFO] [1754209014.465144263] [solver_node]: 激光距离数据: [0.592 6.645 4.38  5.    4.991]
[INFO] [1754209014.469709786] [solver_node]: 角度求解器返回 1 个解
[INFO] [1754209014.470440758] [solver_node]: 有效解: x=4.820, y=1.083, 距离=0.348
[INFO] [1754209014.471160211] [solver_node]: 选择最佳解: x=4.820, y=1.083, 距离=0.348
[INFO] [1754209014.484227283] [solver_node]: 发布laser_dist_link变换: x=4.820, y=1.083, angle=3.135
[INFO] [1754209014.492221133] [solver_node]: 成功发布laser_dist_link变换
