[INFO] [1754310690.280340821] [solver_node]: [PerpendicularDistanceLocalizer] 激光配置 详细内容: 列表长度: 5
[INFO] [1754310690.281293450] [solver_node]: [PerpendicularDistanceLocalizer] 激光配置[0]: ((0.37685, 1.56608), 1.5708)
[INFO] [1754310690.282034363] [solver_node]: [PerpendicularDistanceLocalizer] 激光配置[1]: ((0.37685, -1.56608), -1.5708)
[INFO] [1754310690.282772683] [solver_node]: [PerpendicularDistanceLocalizer] 激光配置[2]: ((0.37645, 0.47385), 0.0)
[INFO] [1754310690.283491130] [solver_node]: [PerpendicularDistanceLocalizer] 激光配置[3]: ((0.37771, 2.42478), 3.14159)
[INFO] [1754310690.284248171] [solver_node]: [PerpendicularDistanceLocalizer] 激光配置[4]: ((0.37771, -2.42478), 3.14159)
[INFO] [1754310690.285110910] [solver_node]: [PerpendicularDistanceLocalizer] 前束索引: [2], 后束索引: [3, 4]
[INFO] [1754310690.286517693] [solver_node]: [PerpendicularDistanceLocalizer] 左束索引: [0], 右束索引: [1]
[INFO] [1754310690.288437383] [solver_node]: [PerpendicularDistanceLocalizer] h_values: [0.37684581 0.37684581 0.33497201 0.28475693 0.28475693]
[INFO] [1754310690.289272953] [solver_node]: [PerpendicularDistanceLocalizer] 垂直距离定位器已初始化，需要调用calibrate()方法进行标定
[INFO] [1754310690.298724456] [solver_node]: SolverNode启动，进入初始化阶段...
[INFO] [1754310690.391031183] [solver_node]: 标定数据收集进度: 1/500
[INFO] [1754310690.397256728] [solver_node]: 标定数据收集进度: 2/500
[INFO] [1754310690.407657276] [solver_node]: 标定数据收集进度: 3/500
[INFO] [1754310690.411794998] [solver_node]: 标定数据收集进度: 4/500
[INFO] [1754310690.421298214] [solver_node]: 标定数据收集进度: 5/500
[INFO] [1754310690.425694215] [solver_node]: 标定数据收集进度: 6/500
[INFO] [1754310690.432855044] [solver_node]: 标定数据收集进度: 7/500
[INFO] [1754310690.442535480] [solver_node]: 标定数据收集进度: 8/500
[INFO] [1754310690.451462748] [solver_node]: 标定数据收集进度: 9/500
[INFO] [1754310690.459479659] [solver_node]: 标定数据收集进度: 10/500
[INFO] [1754310690.472194178] [solver_node]: 标定数据收集进度: 11/500
[INFO] [1754310690.476322332] [solver_node]: 标定数据收集进度: 12/500
[INFO] [1754310690.483269973] [solver_node]: 标定数据收集进度: 13/500
[INFO] [1754310690.497440811] [solver_node]: 标定数据收集进度: 14/500
[INFO] [1754310690.500510638] [solver_node]: 标定数据收集进度: 15/500
[INFO] [1754310690.511341180] [solver_node]: 标定数据收集进度: 16/500
[INFO] [1754310690.527093237] [solver_node]: 标定数据收集进度: 17/500
[INFO] [1754310690.531514838] [solver_node]: 标定数据收集进度: 18/500
[INFO] [1754310690.545054015] [solver_node]: 标定数据收集进度: 19/500
[INFO] [1754310690.552667269] [solver_node]: 标定数据收集进度: 20/500
[INFO] [1754310690.561847183] [solver_node]: 标定数据收集进度: 21/500
[INFO] [1754310690.572708157] [solver_node]: 标定数据收集进度: 22/500
[INFO] [1754310690.581656001] [solver_node]: 标定数据收集进度: 23/500
[INFO] [1754310690.591982275] [solver_node]: 标定数据收集进度: 24/500
[INFO] [1754310690.600687906] [solver_node]: 标定数据收集进度: 25/500
[INFO] [1754310690.611353900] [solver_node]: 标定数据收集进度: 26/500
[INFO] [1754310690.621235908] [solver_node]: 标定数据收集进度: 27/500
[INFO] [1754310690.631818956] [solver_node]: 标定数据收集进度: 28/500
[INFO] [1754310690.642303570] [solver_node]: 标定数据收集进度: 29/500
[INFO] [1754310690.653314083] [solver_node]: 标定数据收集进度: 30/500
[INFO] [1754310690.661887103] [solver_node]: 标定数据收集进度: 31/500
[INFO] [1754310690.670795490] [solver_node]: 标定数据收集进度: 32/500
[INFO] [1754310690.691900561] [solver_node]: 标定数据收集进度: 33/500
[INFO] [1754310690.695764901] [solver_node]: 标定数据收集进度: 34/500
[INFO] [1754310690.700830772] [solver_node]: 标定数据收集进度: 35/500
[INFO] [1754310690.713175171] [solver_node]: 标定数据收集进度: 36/500
[INFO] [1754310690.721745311] [solver_node]: 标定数据收集进度: 37/500
[INFO] [1754310690.734538167] [solver_node]: 标定数据收集进度: 38/500
[INFO] [1754310690.742392579] [solver_node]: 标定数据收集进度: 39/500
[INFO] [1754310690.752725158] [solver_node]: 标定数据收集进度: 40/500
[INFO] [1754310690.768861383] [solver_node]: 标定数据收集进度: 41/500
[INFO] [1754310690.773619408] [solver_node]: 标定数据收集进度: 42/500
[INFO] [1754310690.782992349] [solver_node]: 标定数据收集进度: 43/500
[INFO] [1754310690.791307635] [solver_node]: 标定数据收集进度: 44/500
[INFO] [1754310690.802334469] [solver_node]: 标定数据收集进度: 45/500
[INFO] [1754310690.815730474] [solver_node]: 标定数据收集进度: 46/500
[INFO] [1754310690.824867123] [solver_node]: 标定数据收集进度: 47/500
[INFO] [1754310690.835582109] [solver_node]: 标定数据收集进度: 48/500
[INFO] [1754310690.843657486] [solver_node]: 标定数据收集进度: 49/500
[INFO] [1754310690.866927756] [solver_node]: 标定数据收集进度: 50/500
[INFO] [1754310690.881408938] [solver_node]: 标定数据收集进度: 51/500
[INFO] [1754310690.885050938] [solver_node]: 标定数据收集进度: 52/500
[INFO] [1754310690.902817695] [solver_node]: 标定数据收集进度: 53/500
[INFO] [1754310690.952522880] [solver_node]: 标定数据收集进度: 54/500
[INFO] [1754310690.956695196] [solver_node]: 标定数据收集进度: 55/500
[INFO] [1754310690.960188200] [solver_node]: 标定数据收集进度: 56/500
[INFO] [1754310690.980391587] [solver_node]: 标定数据收集进度: 57/500
[INFO] [1754310690.984664801] [solver_node]: 标定数据收集进度: 58/500
[INFO] [1754310691.006288154] [solver_node]: 标定数据收集进度: 59/500
[INFO] [1754310691.028553058] [solver_node]: 标定数据收集进度: 60/500
[INFO] [1754310691.034950606] [solver_node]: 标定数据收集进度: 61/500
[INFO] [1754310691.039988509] [solver_node]: 标定数据收集进度: 62/500
[INFO] [1754310691.044996267] [solver_node]: 标定数据收集进度: 63/500
[INFO] [1754310691.051480633] [solver_node]: 标定数据收集进度: 64/500
[INFO] [1754310691.055404431] [solver_node]: 标定数据收集进度: 65/500
[INFO] [1754310691.057690273] [solver_node]: 标定数据收集进度: 66/500
[INFO] [1754310691.060210168] [solver_node]: 标定数据收集进度: 67/500
[INFO] [1754310691.062031040] [solver_node]: 标定数据收集进度: 68/500
[INFO] [1754310691.070772799] [solver_node]: 标定数据收集进度: 69/500
[INFO] [1754310691.089560315] [solver_node]: 标定数据收集进度: 70/500
[INFO] [1754310691.092211637] [solver_node]: 标定数据收集进度: 71/500
[INFO] [1754310691.100625422] [solver_node]: 标定数据收集进度: 72/500
[INFO] [1754310691.110576808] [solver_node]: 标定数据收集进度: 73/500
[INFO] [1754310691.124564122] [solver_node]: 标定数据收集进度: 74/500
[INFO] [1754310691.131415088] [solver_node]: 标定数据收集进度: 75/500
[INFO] [1754310691.155907945] [solver_node]: 标定数据收集进度: 76/500
[INFO] [1754310691.159629274] [solver_node]: 标定数据收集进度: 77/500
[INFO] [1754310691.170655404] [solver_node]: 标定数据收集进度: 78/500
[INFO] [1754310691.180062170] [solver_node]: 标定数据收集进度: 79/500
[INFO] [1754310691.185502865] [solver_node]: 标定数据收集进度: 80/500
[INFO] [1754310691.192923284] [solver_node]: 标定数据收集进度: 81/500
[INFO] [1754310691.202495494] [solver_node]: 标定数据收集进度: 82/500
[INFO] [1754310691.210708506] [solver_node]: 标定数据收集进度: 83/500
[INFO] [1754310691.221107422] [solver_node]: 标定数据收集进度: 84/500
[INFO] [1754310691.235886753] [solver_node]: 标定数据收集进度: 85/500
[INFO] [1754310691.240649354] [solver_node]: 标定数据收集进度: 86/500
[INFO] [1754310691.251814526] [solver_node]: 标定数据收集进度: 87/500
[INFO] [1754310691.264946558] [solver_node]: 标定数据收集进度: 88/500
[INFO] [1754310691.273301045] [solver_node]: 标定数据收集进度: 89/500
[INFO] [1754310691.282579552] [solver_node]: 标定数据收集进度: 90/500
[INFO] [1754310691.295840003] [solver_node]: 标定数据收集进度: 91/500
[INFO] [1754310691.302196302] [solver_node]: 标定数据收集进度: 92/500
[INFO] [1754310691.315387951] [solver_node]: 标定数据收集进度: 93/500
[INFO] [1754310691.324287858] [solver_node]: 标定数据收集进度: 94/500
[INFO] [1754310691.331511089] [solver_node]: 标定数据收集进度: 95/500
[INFO] [1754310691.359753788] [solver_node]: 标定数据收集进度: 96/500
[INFO] [1754310691.364709320] [solver_node]: 标定数据收集进度: 97/500
[INFO] [1754310691.381668540] [solver_node]: 标定数据收集进度: 98/500
[INFO] [1754310691.384380247] [solver_node]: 标定数据收集进度: 99/500
[INFO] [1754310691.388550387] [solver_node]: 标定数据收集进度: 100/500
[INFO] [1754310691.390425596] [solver_node]: 标定数据收集进度: 101/500
[INFO] [1754310691.400041550] [solver_node]: 标定数据收集进度: 102/500
[INFO] [1754310691.433284071] [solver_node]: 标定数据收集进度: 103/500
[INFO] [1754310691.441847938] [solver_node]: 标定数据收集进度: 104/500
[INFO] [1754310691.458910648] [solver_node]: 标定数据收集进度: 105/500
[INFO] [1754310691.470470870] [solver_node]: 标定数据收集进度: 106/500
[INFO] [1754310691.483344688] [solver_node]: 标定数据收集进度: 107/500
[INFO] [1754310691.499957916] [solver_node]: 标定数据收集进度: 108/500
[INFO] [1754310691.505539286] [solver_node]: 标定数据收集进度: 109/500
[INFO] [1754310691.510544228] [solver_node]: 标定数据收集进度: 110/500
[INFO] [1754310691.512745748] [solver_node]: 标定数据收集进度: 111/500
[INFO] [1754310691.515290412] [solver_node]: 标定数据收集进度: 112/500
[INFO] [1754310691.517935430] [solver_node]: 标定数据收集进度: 113/500
[INFO] [1754310691.521341072] [solver_node]: 标定数据收集进度: 114/500
[INFO] [1754310691.531369740] [solver_node]: 标定数据收集进度: 115/500
[INFO] [1754310691.547168518] [solver_node]: 标定数据收集进度: 116/500
[INFO] [1754310691.557100672] [solver_node]: 标定数据收集进度: 117/500
[INFO] [1754310691.562846750] [solver_node]: 标定数据收集进度: 118/500
[INFO] [1754310691.574705090] [solver_node]: 标定数据收集进度: 119/500
[INFO] [1754310691.588124552] [solver_node]: 标定数据收集进度: 120/500
[INFO] [1754310691.590292823] [solver_node]: 标定数据收集进度: 121/500
[INFO] [1754310691.601943574] [solver_node]: 标定数据收集进度: 122/500
[INFO] [1754310691.613738745] [solver_node]: 标定数据收集进度: 123/500
[INFO] [1754310691.624302688] [solver_node]: 标定数据收集进度: 124/500
[INFO] [1754310691.631729091] [solver_node]: 标定数据收集进度: 125/500
[INFO] [1754310691.654347507] [solver_node]: 标定数据收集进度: 126/500
[INFO] [1754310691.658259912] [solver_node]: 标定数据收集进度: 127/500
[INFO] [1754310691.664667893] [solver_node]: 标定数据收集进度: 128/500
[INFO] [1754310691.671647086] [solver_node]: 标定数据收集进度: 129/500
[INFO] [1754310691.683593907] [solver_node]: 标定数据收集进度: 130/500
[INFO] [1754310691.692623289] [solver_node]: 标定数据收集进度: 131/500
[INFO] [1754310691.703664523] [solver_node]: 标定数据收集进度: 132/500
[INFO] [1754310691.716767402] [solver_node]: 标定数据收集进度: 133/500
[INFO] [1754310691.731200679] [solver_node]: 标定数据收集进度: 134/500
[INFO] [1754310691.737618419] [solver_node]: 标定数据收集进度: 135/500
[INFO] [1754310691.745624323] [solver_node]: 标定数据收集进度: 136/500
[INFO] [1754310691.751179740] [solver_node]: 标定数据收集进度: 137/500
[INFO] [1754310691.764993579] [solver_node]: 标定数据收集进度: 138/500
[INFO] [1754310691.771177235] [solver_node]: 标定数据收集进度: 139/500
[INFO] [1754310691.788409484] [solver_node]: 标定数据收集进度: 140/500
[INFO] [1754310691.792918703] [solver_node]: 标定数据收集进度: 141/500
[INFO] [1754310691.807542671] [solver_node]: 标定数据收集进度: 142/500
[INFO] [1754310691.817148098] [solver_node]: 标定数据收集进度: 143/500
[INFO] [1754310691.821962347] [solver_node]: 标定数据收集进度: 144/500
[INFO] [1754310691.832552915] [solver_node]: 标定数据收集进度: 145/500
[INFO] [1754310691.844430072] [solver_node]: 标定数据收集进度: 146/500
[INFO] [1754310691.853155351] [solver_node]: 标定数据收集进度: 147/500
[INFO] [1754310691.863341782] [solver_node]: 标定数据收集进度: 148/500
[INFO] [1754310691.871639308] [solver_node]: 标定数据收集进度: 149/500
[INFO] [1754310691.881998607] [solver_node]: 标定数据收集进度: 150/500
[INFO] [1754310691.890337446] [solver_node]: 标定数据收集进度: 151/500
[INFO] [1754310691.903280737] [solver_node]: 标定数据收集进度: 152/500
[INFO] [1754310691.912870899] [solver_node]: 标定数据收集进度: 153/500
[INFO] [1754310691.923813315] [solver_node]: 标定数据收集进度: 154/500
[INFO] [1754310691.931486571] [solver_node]: 标定数据收集进度: 155/500
[INFO] [1754310691.942763042] [solver_node]: 标定数据收集进度: 156/500
[INFO] [1754310691.950794834] [solver_node]: 标定数据收集进度: 157/500
[INFO] [1754310691.961466716] [solver_node]: 标定数据收集进度: 158/500
[INFO] [1754310691.973931469] [solver_node]: 标定数据收集进度: 159/500
[INFO] [1754310691.981369296] [solver_node]: 标定数据收集进度: 160/500
[INFO] [1754310691.994176105] [solver_node]: 标定数据收集进度: 161/500
[INFO] [1754310692.002613634] [solver_node]: 标定数据收集进度: 162/500
[INFO] [1754310692.020024191] [solver_node]: 标定数据收集进度: 163/500
[INFO] [1754310692.023639406] [solver_node]: 标定数据收集进度: 164/500
[INFO] [1754310692.030418851] [solver_node]: 标定数据收集进度: 165/500
[INFO] [1754310692.043091673] [solver_node]: 标定数据收集进度: 166/500
[INFO] [1754310692.050394233] [solver_node]: 标定数据收集进度: 167/500
[INFO] [1754310692.061147268] [solver_node]: 标定数据收集进度: 168/500
[INFO] [1754310692.070165482] [solver_node]: 标定数据收集进度: 169/500
[INFO] [1754310692.081914379] [solver_node]: 标定数据收集进度: 170/500
[INFO] [1754310692.091012499] [solver_node]: 标定数据收集进度: 171/500
[INFO] [1754310692.108340974] [solver_node]: 标定数据收集进度: 172/500
[INFO] [1754310692.112703438] [solver_node]: 标定数据收集进度: 173/500
[INFO] [1754310692.123090033] [solver_node]: 标定数据收集进度: 174/500
[INFO] [1754310692.130854459] [solver_node]: 标定数据收集进度: 175/500
[INFO] [1754310692.141609383] [solver_node]: 标定数据收集进度: 176/500
[INFO] [1754310692.150670574] [solver_node]: 标定数据收集进度: 177/500
[INFO] [1754310692.165158923] [solver_node]: 标定数据收集进度: 178/500
[INFO] [1754310692.171393812] [solver_node]: 标定数据收集进度: 179/500
[INFO] [1754310692.186702403] [solver_node]: 标定数据收集进度: 180/500
[INFO] [1754310692.190808029] [solver_node]: 标定数据收集进度: 181/500
[INFO] [1754310692.204420231] [solver_node]: 标定数据收集进度: 182/500
[INFO] [1754310692.212146097] [solver_node]: 标定数据收集进度: 183/500
[INFO] [1754310692.221595456] [solver_node]: 标定数据收集进度: 184/500
[INFO] [1754310692.231707965] [solver_node]: 标定数据收集进度: 185/500
[INFO] [1754310692.242161954] [solver_node]: 标定数据收集进度: 186/500
[INFO] [1754310692.251647314] [solver_node]: 标定数据收集进度: 187/500
[INFO] [1754310692.261692046] [solver_node]: 标定数据收集进度: 188/500
[INFO] [1754310692.271634792] [solver_node]: 标定数据收集进度: 189/500
[INFO] [1754310692.281290971] [solver_node]: 标定数据收集进度: 190/500
[INFO] [1754310692.290312705] [solver_node]: 标定数据收集进度: 191/500
[INFO] [1754310692.300948554] [solver_node]: 标定数据收集进度: 192/500
[INFO] [1754310692.310723456] [solver_node]: 标定数据收集进度: 193/500
[INFO] [1754310692.320955040] [solver_node]: 标定数据收集进度: 194/500
[INFO] [1754310692.331531720] [solver_node]: 标定数据收集进度: 195/500
[INFO] [1754310692.341470178] [solver_node]: 标定数据收集进度: 196/500
[INFO] [1754310692.351303289] [solver_node]: 标定数据收集进度: 197/500
[INFO] [1754310692.362415053] [solver_node]: 标定数据收集进度: 198/500
[INFO] [1754310692.372738575] [solver_node]: 标定数据收集进度: 199/500
[INFO] [1754310692.381562480] [solver_node]: 标定数据收集进度: 200/500
[INFO] [1754310692.391096769] [solver_node]: 标定数据收集进度: 201/500
[INFO] [1754310692.403077512] [solver_node]: 标定数据收集进度: 202/500
[INFO] [1754310692.416325706] [solver_node]: 标定数据收集进度: 203/500
[INFO] [1754310692.422242668] [solver_node]: 标定数据收集进度: 204/500
[INFO] [1754310692.432779538] [solver_node]: 标定数据收集进度: 205/500
[INFO] [1754310692.442027229] [solver_node]: 标定数据收集进度: 206/500
[INFO] [1754310692.456731775] [solver_node]: 标定数据收集进度: 207/500
[INFO] [1754310692.462385243] [solver_node]: 标定数据收集进度: 208/500
[INFO] [1754310692.488853727] [solver_node]: 标定数据收集进度: 209/500
[INFO] [1754310692.496231745] [solver_node]: 标定数据收集进度: 210/500
[INFO] [1754310692.507463287] [solver_node]: 标定数据收集进度: 211/500
[INFO] [1754310692.513378136] [solver_node]: 标定数据收集进度: 212/500
[INFO] [1754310692.520395250] [solver_node]: 标定数据收集进度: 213/500
[INFO] [1754310692.527638321] [solver_node]: 标定数据收集进度: 214/500
[INFO] [1754310692.538634914] [solver_node]: 标定数据收集进度: 215/500
[INFO] [1754310692.546743251] [solver_node]: 标定数据收集进度: 216/500
[INFO] [1754310692.552333134] [solver_node]: 标定数据收集进度: 217/500
[INFO] [1754310692.567888963] [solver_node]: 标定数据收集进度: 218/500
[INFO] [1754310692.571566387] [solver_node]: 标定数据收集进度: 219/500
[INFO] [1754310692.583303188] [solver_node]: 标定数据收集进度: 220/500
[INFO] [1754310692.591286947] [solver_node]: 标定数据收集进度: 221/500
[INFO] [1754310692.604092860] [solver_node]: 标定数据收集进度: 222/500
[INFO] [1754310692.611675266] [solver_node]: 标定数据收集进度: 223/500
[INFO] [1754310692.621317397] [solver_node]: 标定数据收集进度: 224/500
[INFO] [1754310692.631807067] [solver_node]: 标定数据收集进度: 225/500
[INFO] [1754310692.640831713] [solver_node]: 标定数据收集进度: 226/500
[INFO] [1754310692.651265445] [solver_node]: 标定数据收集进度: 227/500
[INFO] [1754310692.660269387] [solver_node]: 标定数据收集进度: 228/500
[INFO] [1754310692.670365608] [solver_node]: 标定数据收集进度: 229/500
[INFO] [1754310692.681476187] [solver_node]: 标定数据收集进度: 230/500
[INFO] [1754310692.690621827] [solver_node]: 标定数据收集进度: 231/500
[INFO] [1754310692.700512732] [solver_node]: 标定数据收集进度: 232/500
[INFO] [1754310692.710005260] [solver_node]: 标定数据收集进度: 233/500
[INFO] [1754310692.720574804] [solver_node]: 标定数据收集进度: 234/500
[INFO] [1754310692.735627070] [solver_node]: 标定数据收集进度: 235/500
[INFO] [1754310692.740342405] [solver_node]: 标定数据收集进度: 236/500
[INFO] [1754310692.750106715] [solver_node]: 标定数据收集进度: 237/500
[INFO] [1754310692.762880019] [solver_node]: 标定数据收集进度: 238/500
[INFO] [1754310692.770129969] [solver_node]: 标定数据收集进度: 239/500
[INFO] [1754310692.784195238] [solver_node]: 标定数据收集进度: 240/500
[INFO] [1754310692.793099561] [solver_node]: 标定数据收集进度: 241/500
[INFO] [1754310692.802944800] [solver_node]: 标定数据收集进度: 242/500
[INFO] [1754310692.812297389] [solver_node]: 标定数据收集进度: 243/500
[INFO] [1754310692.822694065] [solver_node]: 标定数据收集进度: 244/500
[INFO] [1754310692.833040500] [solver_node]: 标定数据收集进度: 245/500
[INFO] [1754310692.851205410] [solver_node]: 标定数据收集进度: 246/500
[INFO] [1754310692.858204539] [solver_node]: 标定数据收集进度: 247/500
[INFO] [1754310692.866621363] [solver_node]: 标定数据收集进度: 248/500
[INFO] [1754310692.887682977] [solver_node]: 标定数据收集进度: 249/500
[INFO] [1754310692.903259382] [solver_node]: 标定数据收集进度: 250/500
[INFO] [1754310692.914334025] [solver_node]: 标定数据收集进度: 251/500
[INFO] [1754310692.943499528] [solver_node]: 标定数据收集进度: 252/500
[INFO] [1754310692.950135577] [solver_node]: 标定数据收集进度: 253/500
[INFO] [1754310692.971837045] [solver_node]: 标定数据收集进度: 254/500
[INFO] [1754310692.977655156] [solver_node]: 标定数据收集进度: 255/500
[INFO] [1754310692.981142785] [solver_node]: 标定数据收集进度: 256/500
[INFO] [1754310692.984211972] [solver_node]: 标定数据收集进度: 257/500
[INFO] [1754310692.987720785] [solver_node]: 标定数据收集进度: 258/500
[INFO] [1754310693.002457716] [solver_node]: 标定数据收集进度: 259/500
[INFO] [1754310693.007416896] [solver_node]: 标定数据收集进度: 260/500
[INFO] [1754310693.023602979] [solver_node]: 标定数据收集进度: 261/500
[INFO] [1754310693.043791261] [solver_node]: 标定数据收集进度: 262/500
[INFO] [1754310693.053997501] [solver_node]: 标定数据收集进度: 263/500
[INFO] [1754310693.056671127] [solver_node]: 标定数据收集进度: 264/500
[INFO] [1754310693.060662735] [solver_node]: 标定数据收集进度: 265/500
[INFO] [1754310693.066800885] [solver_node]: 标定数据收集进度: 266/500
[INFO] [1754310693.070727243] [solver_node]: 标定数据收集进度: 267/500
[INFO] [1754310693.078664761] [solver_node]: 标定数据收集进度: 268/500
[INFO] [1754310693.094289263] [solver_node]: 标定数据收集进度: 269/500
[INFO] [1754310693.101404203] [solver_node]: 标定数据收集进度: 270/500
[INFO] [1754310693.105122429] [solver_node]: 标定数据收集进度: 271/500
[INFO] [1754310693.110104330] [solver_node]: 标定数据收集进度: 272/500
[INFO] [1754310693.127103678] [solver_node]: 标定数据收集进度: 273/500
[INFO] [1754310693.132775738] [solver_node]: 标定数据收集进度: 274/500
[INFO] [1754310693.140553797] [solver_node]: 标定数据收集进度: 275/500
[INFO] [1754310693.151352209] [solver_node]: 标定数据收集进度: 276/500
[INFO] [1754310693.163622398] [solver_node]: 标定数据收集进度: 277/500
[INFO] [1754310693.177873494] [solver_node]: 标定数据收集进度: 278/500
[INFO] [1754310693.186246414] [solver_node]: 标定数据收集进度: 279/500
[INFO] [1754310693.191804871] [solver_node]: 标定数据收集进度: 280/500
[INFO] [1754310693.202336366] [solver_node]: 标定数据收集进度: 281/500
[INFO] [1754310693.216784203] [solver_node]: 标定数据收集进度: 282/500
[INFO] [1754310693.222168321] [solver_node]: 标定数据收集进度: 283/500
[INFO] [1754310693.241461959] [solver_node]: 标定数据收集进度: 284/500
[INFO] [1754310693.252023471] [solver_node]: 标定数据收集进度: 285/500
[INFO] [1754310693.255873507] [solver_node]: 标定数据收集进度: 286/500
[INFO] [1754310693.262623287] [solver_node]: 标定数据收集进度: 287/500
[INFO] [1754310693.270117307] [solver_node]: 标定数据收集进度: 288/500
[INFO] [1754310693.281712953] [solver_node]: 标定数据收集进度: 289/500
[INFO] [1754310693.290786176] [solver_node]: 标定数据收集进度: 290/500
[INFO] [1754310693.304167173] [solver_node]: 标定数据收集进度: 291/500
[INFO] [1754310693.311290913] [solver_node]: 标定数据收集进度: 292/500
[INFO] [1754310693.324472642] [solver_node]: 标定数据收集进度: 293/500
[INFO] [1754310693.330484517] [solver_node]: 标定数据收集进度: 294/500
[INFO] [1754310693.340375870] [solver_node]: 标定数据收集进度: 295/500
[INFO] [1754310693.350115475] [solver_node]: 标定数据收集进度: 296/500
[INFO] [1754310693.360627354] [solver_node]: 标定数据收集进度: 297/500
[INFO] [1754310693.371583978] [solver_node]: 标定数据收集进度: 298/500
[INFO] [1754310693.380889206] [solver_node]: 标定数据收集进度: 299/500
[INFO] [1754310693.391202360] [solver_node]: 标定数据收集进度: 300/500
[INFO] [1754310693.403312801] [solver_node]: 标定数据收集进度: 301/500
[INFO] [1754310693.414041004] [solver_node]: 标定数据收集进度: 302/500
[INFO] [1754310693.439640829] [solver_node]: 标定数据收集进度: 303/500
[INFO] [1754310693.447884433] [solver_node]: 标定数据收集进度: 304/500
[INFO] [1754310693.450950004] [solver_node]: 标定数据收集进度: 305/500
[INFO] [1754310693.455933506] [solver_node]: 标定数据收集进度: 306/500
[INFO] [1754310693.461116339] [solver_node]: 标定数据收集进度: 307/500
[INFO] [1754310693.470959371] [solver_node]: 标定数据收集进度: 308/500
[INFO] [1754310693.480943941] [solver_node]: 标定数据收集进度: 309/500
[INFO] [1754310693.498760428] [solver_node]: 标定数据收集进度: 310/500
[INFO] [1754310693.509251922] [solver_node]: 标定数据收集进度: 311/500
[INFO] [1754310693.525918815] [solver_node]: 标定数据收集进度: 312/500
[INFO] [1754310693.536913552] [solver_node]: 标定数据收集进度: 313/500
[INFO] [1754310693.539416518] [solver_node]: 标定数据收集进度: 314/500
[INFO] [1754310693.542513322] [solver_node]: 标定数据收集进度: 315/500
[INFO] [1754310693.550442520] [solver_node]: 标定数据收集进度: 316/500
[INFO] [1754310693.564635151] [solver_node]: 标定数据收集进度: 317/500
[INFO] [1754310693.571196927] [solver_node]: 标定数据收集进度: 318/500
[INFO] [1754310693.581899401] [solver_node]: 标定数据收集进度: 319/500
[INFO] [1754310693.591793474] [solver_node]: 标定数据收集进度: 320/500
[INFO] [1754310693.601269937] [solver_node]: 标定数据收集进度: 321/500
[INFO] [1754310693.610587421] [solver_node]: 标定数据收集进度: 322/500
[INFO] [1754310693.621683633] [solver_node]: 标定数据收集进度: 323/500
[INFO] [1754310693.644767082] [solver_node]: 标定数据收集进度: 324/500
[INFO] [1754310693.650638635] [solver_node]: 标定数据收集进度: 325/500
[INFO] [1754310693.655335986] [solver_node]: 标定数据收集进度: 326/500
[INFO] [1754310693.662831542] [solver_node]: 标定数据收集进度: 327/500
[INFO] [1754310693.670265305] [solver_node]: 标定数据收集进度: 328/500
[INFO] [1754310693.681332747] [solver_node]: 标定数据收集进度: 329/500
[INFO] [1754310693.690180397] [solver_node]: 标定数据收集进度: 330/500
[INFO] [1754310693.703405071] [solver_node]: 标定数据收集进度: 331/500
[INFO] [1754310693.710484010] [solver_node]: 标定数据收集进度: 332/500
[INFO] [1754310693.720436004] [solver_node]: 标定数据收集进度: 333/500
[INFO] [1754310693.733509410] [solver_node]: 标定数据收集进度: 334/500
[INFO] [1754310693.740829731] [solver_node]: 标定数据收集进度: 335/500
[INFO] [1754310693.750176527] [solver_node]: 标定数据收集进度: 336/500
[INFO] [1754310693.760257708] [solver_node]: 标定数据收集进度: 337/500
[INFO] [1754310693.772678620] [solver_node]: 标定数据收集进度: 338/500
[INFO] [1754310693.782383089] [solver_node]: 标定数据收集进度: 339/500
[INFO] [1754310693.790051449] [solver_node]: 标定数据收集进度: 340/500
[INFO] [1754310693.802565515] [solver_node]: 标定数据收集进度: 341/500
[INFO] [1754310693.818220002] [solver_node]: 标定数据收集进度: 342/500
[INFO] [1754310693.820033290] [solver_node]: 标定数据收集进度: 343/500
[INFO] [1754310693.830390957] [solver_node]: 标定数据收集进度: 344/500
[INFO] [1754310693.845194129] [solver_node]: 标定数据收集进度: 345/500
[INFO] [1754310693.852441392] [solver_node]: 标定数据收集进度: 346/500
[INFO] [1754310693.860813735] [solver_node]: 标定数据收集进度: 347/500
[INFO] [1754310693.895663778] [solver_node]: 标定数据收集进度: 348/500
[INFO] [1754310693.901127290] [solver_node]: 标定数据收集进度: 349/500
[INFO] [1754310693.906414126] [solver_node]: 标定数据收集进度: 350/500
[INFO] [1754310693.909237932] [solver_node]: 标定数据收集进度: 351/500
[INFO] [1754310693.934201423] [solver_node]: 标定数据收集进度: 352/500
[INFO] [1754310693.936732774] [solver_node]: 标定数据收集进度: 353/500
[INFO] [1754310693.940619867] [solver_node]: 标定数据收集进度: 354/500
[INFO] [1754310693.952868616] [solver_node]: 标定数据收集进度: 355/500
[INFO] [1754310693.955408255] [solver_node]: 标定数据收集进度: 356/500
[INFO] [1754310693.972486229] [solver_node]: 标定数据收集进度: 357/500
[INFO] [1754310693.976272840] [solver_node]: 标定数据收集进度: 358/500
[INFO] [1754310693.984738850] [solver_node]: 标定数据收集进度: 359/500
[INFO] [1754310693.994614746] [solver_node]: 标定数据收集进度: 360/500
[INFO] [1754310694.002554056] [solver_node]: 标定数据收集进度: 361/500
[INFO] [1754310694.013514552] [solver_node]: 标定数据收集进度: 362/500
[INFO] [1754310694.027688815] [solver_node]: 标定数据收集进度: 363/500
[INFO] [1754310694.030578414] [solver_node]: 标定数据收集进度: 364/500
[INFO] [1754310694.043964851] [solver_node]: 标定数据收集进度: 365/500
[INFO] [1754310694.057644383] [solver_node]: 标定数据收集进度: 366/500
[INFO] [1754310694.060645760] [solver_node]: 标定数据收集进度: 367/500
[INFO] [1754310694.070521657] [solver_node]: 标定数据收集进度: 368/500
[INFO] [1754310694.080767417] [solver_node]: 标定数据收集进度: 369/500
[INFO] [1754310694.102142253] [solver_node]: 标定数据收集进度: 370/500
[INFO] [1754310694.114036530] [solver_node]: 标定数据收集进度: 371/500
[INFO] [1754310694.135692428] [solver_node]: 标定数据收集进度: 372/500
[INFO] [1754310694.147755380] [solver_node]: 标定数据收集进度: 373/500
[INFO] [1754310694.159483509] [solver_node]: 标定数据收集进度: 374/500
[INFO] [1754310694.169233099] [solver_node]: 标定数据收集进度: 375/500
[INFO] [1754310694.174557695] [solver_node]: 标定数据收集进度: 376/500
[INFO] [1754310694.180166490] [solver_node]: 标定数据收集进度: 377/500
[INFO] [1754310694.185814902] [solver_node]: 标定数据收集进度: 378/500
[INFO] [1754310694.191018696] [solver_node]: 标定数据收集进度: 379/500
[INFO] [1754310694.194825339] [solver_node]: 标定数据收集进度: 380/500
[INFO] [1754310694.204162024] [solver_node]: 标定数据收集进度: 381/500
[INFO] [1754310694.217763346] [solver_node]: 标定数据收集进度: 382/500
[INFO] [1754310694.220558159] [solver_node]: 标定数据收集进度: 383/500
[INFO] [1754310694.232806139] [solver_node]: 标定数据收集进度: 384/500
[INFO] [1754310694.250044757] [solver_node]: 标定数据收集进度: 385/500
[INFO] [1754310694.252394248] [solver_node]: 标定数据收集进度: 386/500
[INFO] [1754310694.260564699] [solver_node]: 标定数据收集进度: 387/500
[INFO] [1754310694.271048545] [solver_node]: 标定数据收集进度: 388/500
[INFO] [1754310694.280928217] [solver_node]: 标定数据收集进度: 389/500
[INFO] [1754310694.293208870] [solver_node]: 标定数据收集进度: 390/500
[INFO] [1754310694.306484937] [solver_node]: 标定数据收集进度: 391/500
[INFO] [1754310694.311942305] [solver_node]: 标定数据收集进度: 392/500
[INFO] [1754310694.320409978] [solver_node]: 标定数据收集进度: 393/500
[INFO] [1754310694.339012210] [solver_node]: 标定数据收集进度: 394/500
[INFO] [1754310694.342549375] [solver_node]: 标定数据收集进度: 395/500
[INFO] [1754310694.351516900] [solver_node]: 标定数据收集进度: 396/500
[INFO] [1754310694.365846653] [solver_node]: 标定数据收集进度: 397/500
[INFO] [1754310694.370580261] [solver_node]: 标定数据收集进度: 398/500
[INFO] [1754310694.383513952] [solver_node]: 标定数据收集进度: 399/500
[INFO] [1754310694.391303147] [solver_node]: 标定数据收集进度: 400/500
[INFO] [1754310694.410324332] [solver_node]: 标定数据收集进度: 401/500
[INFO] [1754310694.412711072] [solver_node]: 标定数据收集进度: 402/500
[INFO] [1754310694.420710255] [solver_node]: 标定数据收集进度: 403/500
[INFO] [1754310694.431507036] [solver_node]: 标定数据收集进度: 404/500
[INFO] [1754310694.441704571] [solver_node]: 标定数据收集进度: 405/500
[INFO] [1754310694.454135467] [solver_node]: 标定数据收集进度: 406/500
[INFO] [1754310694.461752562] [solver_node]: 标定数据收集进度: 407/500
[INFO] [1754310694.470569715] [solver_node]: 标定数据收集进度: 408/500
[INFO] [1754310694.482490520] [solver_node]: 标定数据收集进度: 409/500
[INFO] [1754310694.500775945] [solver_node]: 标定数据收集进度: 410/500
[INFO] [1754310694.503204062] [solver_node]: 标定数据收集进度: 411/500
[INFO] [1754310694.512135362] [solver_node]: 标定数据收集进度: 412/500
[INFO] [1754310694.528467943] [solver_node]: 标定数据收集进度: 413/500
[INFO] [1754310694.530757850] [solver_node]: 标定数据收集进度: 414/500
[INFO] [1754310694.541040507] [solver_node]: 标定数据收集进度: 415/500
[INFO] [1754310694.550605004] [solver_node]: 标定数据收集进度: 416/500
[INFO] [1754310694.561169428] [solver_node]: 标定数据收集进度: 417/500
[INFO] [1754310694.572305864] [solver_node]: 标定数据收集进度: 418/500
[INFO] [1754310694.581929626] [solver_node]: 标定数据收集进度: 419/500
[INFO] [1754310694.590672122] [solver_node]: 标定数据收集进度: 420/500
[INFO] [1754310694.618654783] [solver_node]: 标定数据收集进度: 421/500
[INFO] [1754310694.622433362] [solver_node]: 标定数据收集进度: 422/500
[INFO] [1754310694.625868637] [solver_node]: 标定数据收集进度: 423/500
[INFO] [1754310694.631538809] [solver_node]: 标定数据收集进度: 424/500
[INFO] [1754310694.643770181] [solver_node]: 标定数据收集进度: 425/500
[INFO] [1754310694.652563974] [solver_node]: 标定数据收集进度: 426/500
[INFO] [1754310694.660429618] [solver_node]: 标定数据收集进度: 427/500
[INFO] [1754310694.670225160] [solver_node]: 标定数据收集进度: 428/500
[INFO] [1754310694.680213059] [solver_node]: 标定数据收集进度: 429/500
[INFO] [1754310694.697476573] [solver_node]: 标定数据收集进度: 430/500
[INFO] [1754310694.714387280] [solver_node]: 标定数据收集进度: 431/500
[INFO] [1754310694.725817706] [solver_node]: 标定数据收集进度: 432/500
[INFO] [1754310694.753686764] [solver_node]: 标定数据收集进度: 433/500
[INFO] [1754310694.760447265] [solver_node]: 标定数据收集进度: 434/500
[INFO] [1754310694.765117095] [solver_node]: 标定数据收集进度: 435/500
[INFO] [1754310694.767672191] [solver_node]: 标定数据收集进度: 436/500
[INFO] [1754310694.771439313] [solver_node]: 标定数据收集进度: 437/500
[INFO] [1754310694.773519903] [solver_node]: 标定数据收集进度: 438/500
[INFO] [1754310694.781032803] [solver_node]: 标定数据收集进度: 439/500
[INFO] [1754310694.790253869] [solver_node]: 标定数据收集进度: 440/500
[INFO] [1754310694.801327872] [solver_node]: 标定数据收集进度: 441/500
[INFO] [1754310694.814365694] [solver_node]: 标定数据收集进度: 442/500
[INFO] [1754310694.827238328] [solver_node]: 标定数据收集进度: 443/500
[INFO] [1754310694.830191096] [solver_node]: 标定数据收集进度: 444/500
[INFO] [1754310694.841306220] [solver_node]: 标定数据收集进度: 445/500
[INFO] [1754310694.850651672] [solver_node]: 标定数据收集进度: 446/500
[INFO] [1754310694.860825591] [solver_node]: 标定数据收集进度: 447/500
[INFO] [1754310694.872427733] [solver_node]: 标定数据收集进度: 448/500
[INFO] [1754310694.897152435] [solver_node]: 标定数据收集进度: 449/500
[INFO] [1754310694.900070579] [solver_node]: 标定数据收集进度: 450/500
[INFO] [1754310694.902123744] [solver_node]: 标定数据收集进度: 451/500
[INFO] [1754310694.910921536] [solver_node]: 标定数据收集进度: 452/500
[INFO] [1754310694.925338076] [solver_node]: 标定数据收集进度: 453/500
[INFO] [1754310694.942605334] [solver_node]: 标定数据收集进度: 454/500
[INFO] [1754310694.959158497] [solver_node]: 标定数据收集进度: 455/500
[INFO] [1754310694.963775718] [solver_node]: 标定数据收集进度: 456/500
[INFO] [1754310694.970502426] [solver_node]: 标定数据收集进度: 457/500
[INFO] [1754310694.978798959] [solver_node]: 标定数据收集进度: 458/500
[INFO] [1754310694.984297224] [solver_node]: 标定数据收集进度: 459/500
[INFO] [1754310694.995219863] [solver_node]: 标定数据收集进度: 460/500
[INFO] [1754310695.006111205] [solver_node]: 标定数据收集进度: 461/500
[INFO] [1754310695.010867438] [solver_node]: 标定数据收集进度: 462/500
[INFO] [1754310695.021951584] [solver_node]: 标定数据收集进度: 463/500
[INFO] [1754310695.032132319] [solver_node]: 标定数据收集进度: 464/500
[INFO] [1754310695.042564132] [solver_node]: 标定数据收集进度: 465/500
[INFO] [1754310695.050402703] [solver_node]: 标定数据收集进度: 466/500
[INFO] [1754310695.061694439] [solver_node]: 标定数据收集进度: 467/500
[INFO] [1754310695.072486803] [solver_node]: 标定数据收集进度: 468/500
[INFO] [1754310695.082490190] [solver_node]: 标定数据收集进度: 469/500
[INFO] [1754310695.092124705] [solver_node]: 标定数据收集进度: 470/500
[INFO] [1754310695.100525689] [solver_node]: 标定数据收集进度: 471/500
[INFO] [1754310695.121905741] [solver_node]: 标定数据收集进度: 472/500
[INFO] [1754310695.124207744] [solver_node]: 标定数据收集进度: 473/500
[INFO] [1754310695.134952651] [solver_node]: 标定数据收集进度: 474/500
[INFO] [1754310695.140469028] [solver_node]: 标定数据收集进度: 475/500
[INFO] [1754310695.156243133] [solver_node]: 标定数据收集进度: 476/500
[INFO] [1754310695.165625515] [solver_node]: 标定数据收集进度: 477/500
[INFO] [1754310695.172301533] [solver_node]: 标定数据收集进度: 478/500
[INFO] [1754310695.184358661] [solver_node]: 标定数据收集进度: 479/500
[INFO] [1754310695.191308989] [solver_node]: 标定数据收集进度: 480/500
[INFO] [1754310695.213335904] [solver_node]: 标定数据收集进度: 481/500
[INFO] [1754310695.217537788] [solver_node]: 标定数据收集进度: 482/500
[INFO] [1754310695.229560035] [solver_node]: 标定数据收集进度: 483/500
[INFO] [1754310695.233818720] [solver_node]: 标定数据收集进度: 484/500
[INFO] [1754310695.242388412] [solver_node]: 标定数据收集进度: 485/500
[INFO] [1754310695.252562619] [solver_node]: 标定数据收集进度: 486/500
[INFO] [1754310695.260969491] [solver_node]: 标定数据收集进度: 487/500
[INFO] [1754310695.272249226] [solver_node]: 标定数据收集进度: 488/500
[INFO] [1754310695.282092610] [solver_node]: 标定数据收集进度: 489/500
[INFO] [1754310695.296474877] [solver_node]: 标定数据收集进度: 490/500
[INFO] [1754310695.302188602] [solver_node]: 标定数据收集进度: 491/500
[INFO] [1754310695.310583538] [solver_node]: 标定数据收集进度: 492/500
[INFO] [1754310695.323627855] [solver_node]: 标定数据收集进度: 493/500
[INFO] [1754310695.333741965] [solver_node]: 标定数据收集进度: 494/500
[INFO] [1754310695.341795773] [solver_node]: 标定数据收集进度: 495/500
[INFO] [1754310695.350738529] [solver_node]: 标定数据收集进度: 496/500
[INFO] [1754310695.362019096] [solver_node]: 标定数据收集进度: 497/500
[INFO] [1754310695.371297347] [solver_node]: 标定数据收集进度: 498/500
[INFO] [1754310695.381706791] [solver_node]: 标定数据收集进度: 499/500
[INFO] [1754310695.405501264] [solver_node]: 标定数据收集进度: 500/500
[INFO] [1754310695.406661610] [solver_node]: 标定数据收集完成，开始标定...
[INFO] [1754310695.407526397] [solver_node]: 开始标定，收集到的数据shape: (500, 5)
[INFO] [1754310695.408438001] [solver_node]: [PerpendicularDistanceLocalizer] 开始标定，扫描数据shape: (500, 5)
[INFO] [1754310695.409944946] [solver_node]: [PerpendicularDistanceLocalizer] 平均测距值 详细内容: 形状: (5,), 类型: float64
[INFO] [1754310695.410785956] [solver_node]: [PerpendicularDistanceLocalizer] 平均测距值[0]: 0.8605700069665909
[INFO] [1754310695.411569845] [solver_node]: [PerpendicularDistanceLocalizer] 平均测距值[1]: 6.408142156600952
[INFO] [1754310695.412333606] [solver_node]: [PerpendicularDistanceLocalizer] 平均测距值[2]: 7.669327930450439
[INFO] [1754310695.413057398] [solver_node]: [PerpendicularDistanceLocalizer] 平均测距值[3]: 1.7109099729061126
[INFO] [1754310695.413894792] [solver_node]: [PerpendicularDistanceLocalizer] 平均测距值[4]: 1.7610000371932983
[INFO] [1754310695.414719706] [solver_node]: [PerpendicularDistanceLocalizer] h_values 详细内容: 形状: (5,), 类型: float64
[INFO] [1754310695.415452234] [solver_node]: [PerpendicularDistanceLocalizer] h_values[0]: 0.37684580873135426
[INFO] [1754310695.416210075] [solver_node]: [PerpendicularDistanceLocalizer] h_values[1]: 0.37684580873135426
[INFO] [1754310695.417288787] [solver_node]: [PerpendicularDistanceLocalizer] h_values[2]: 0.33497201345916283
[INFO] [1754310695.418136453] [solver_node]: [PerpendicularDistanceLocalizer] h_values[3]: 0.2847569265233284
[INFO] [1754310695.418878389] [solver_node]: [PerpendicularDistanceLocalizer] h_values[4]: 0.2847569265233284
[INFO] [1754310695.420195026] [solver_node]: [PerpendicularDistanceLocalizer] 标定完成: m=10.025, n=8.022
[INFO] [1754310695.420947523] [solver_node]: [PerpendicularDistanceLocalizer] 前后左右平均距离: 前=8.004, 后=2.021, 左=1.237, 右=6.785
[INFO] [1754310695.421661234] [solver_node]: [PerpendicularDistanceLocalizer] 计算的初始位姿: x=2.021, y=6.785, phi=1.571
[INFO] [1754310695.422396162] [solver_node]: 标定完成: m=9.960, n=7.970
[INFO] [1754310695.423267510] [solver_node]: 标定得到的初始位姿: x=2.021, y=6.785, phi=1.571
[INFO] [1754310695.426438139] [solver_node]: LIO位置: x=-0.083, y=-0.682
[INFO] [1754310695.428020606] [solver_node]: Started偏移: x=2.103, y=7.467
[INFO] [1754310695.429043508] [solver_node]: 初始化阶段完成，进入运行阶段
[INFO] [1754310695.874658067] [solver_node]: 发布重定位TF: x=-0.025, y=-0.027
[INFO] [1754310696.879588554] [solver_node]: 发布重定位TF: x=-0.029, y=-0.026
[INFO] [1754310697.914643249] [solver_node]: 发布重定位TF: x=-0.019, y=-0.030
[INFO] [1754310698.889920792] [solver_node]: 发布重定位TF: x=-0.018, y=-0.030
[INFO] [1754310699.927438704] [solver_node]: 发布重定位TF: x=-0.030, y=-0.038
[INFO] [1754310700.911321806] [solver_node]: 发布重定位TF: x=-0.022, y=-0.029
[INFO] [1754310701.953257665] [solver_node]: 发布重定位TF: x=-0.031, y=-0.031
[INFO] [1754310702.956579459] [solver_node]: 发布重定位TF: x=-0.015, y=-0.027
[INFO] [1754310703.977755402] [solver_node]: 发布重定位TF: x=-0.024, y=-0.033
[INFO] [1754310705.044306414] [solver_node]: 发布重定位TF: x=-0.015, y=-0.046
[INFO] [1754310705.981771207] [solver_node]: 发布重定位TF: x=-0.038, y=-0.029
[INFO] [1754310707.022623604] [solver_node]: 发布重定位TF: x=-0.021, y=-0.034
[INFO] [1754310708.031801225] [solver_node]: 发布重定位TF: x=-0.018, y=-0.040
[INFO] [1754310720.225017133] [solver_node]: 发布重定位TF: x=0.064, y=0.072
[INFO] [1754310721.212885134] [solver_node]: 发布重定位TF: x=0.057, y=0.090
[INFO] [1754310964.492887875] [solver_node]: 求解线程已停止
[INFO] [1754310964.495078681] [solver_node]: TF发布线程已停止
[INFO] [1754310964.501996964] [solver_node]: Odom TF更新线程已停止
[INFO] [1754310964.585074372] [solver_node]: 位置更新线程已停止
[INFO] [1754310964.590659309] [solver_node]: 重定位计算线程已停止
[INFO] [1754310964.595048762] [solver_node]: SolverNode资源清理完成
