[INFO] [1753416302.030264256] [solver_node]: [Case1BatchSolver] Case1BatchSolver初始化完成: 场地尺寸: 9.998x8.0, 容差: 0.001
[INFO] [1753416302.032047818] [solver_node]: [Case3BatchSolver] Case3BatchSolver初始化完成: 场地尺寸: 9.998x8.0, 容差: 0.001
[INFO] [1753416302.034076313] [solver_node]: [PoseSolver] PoseSolver初始化完成: 场地(9.998x8.0), 4个激光
[INFO] [1753416302.173258327] [solver_node]: 数据详情:
- 第一个元素类型: <class 'float'>
- 整个数组类型: <class 'array.array'>
- 数组长度: 4
- 示例值: array('f', [0.0, 1.2389999628067017, 2.296999931335449, 2.4200000762939453])
[INFO] [1753416302.174873980] [solver_node]: 调用求解器前，distances shape: (4,), values: [       nan 1.23899996 2.29699993 2.42000008]
[INFO] [1753416302.178284171] [solver_node]: [PoseSolver] 第0个组合有8个有效解
[INFO] [1753416302.179152127] [solver_node]: [PoseSolver] 处理完第0个组合后的筛选结果:
[INFO] [1753416302.179921649] [solver_node]: [PoseSolver] 排序后的最终筛选结果:
[INFO] [1753416302.180699075] [solver_node]: [PoseSolver] 找到8个完美相容解 (相容数=N)
[INFO] [1753416302.181509494] [solver_node]: 求解器返回结果: [((8.760418495802268, 8.762418495802267), (6.07368328471838, 6.075683284718381), 2.261768710503754), ((1.2355815041977323, 1.237581504197732), (1.9243167152816192, 1.926316715281619), -0.8798239430860392), ((8.65769765257047, 8.659697652570468), (1.767115917663818, 1.7691159176638178), 0.9766753857285502), ((1.338302347429531, 1.3403023474295308), (6.230884082336182, 6.232884082336183), -2.164917267861243), ((1.9243167152816192, 1.926316715281619), (6.762418495802267, 6.764418495802268), -2.4506202698809356), ((8.07168328471838, 8.07368328471838), (1.2355815041977323, 1.237581504197732), 0.6909723837088575), ((8.228884082336181, 8.23088408233618), (6.659697652570469, 6.66169765257047), 2.5474717125234467), ((1.767115917663818, 1.7691159176638178), (1.338302347429531, 1.3403023474295308), -0.5941209410663464)]
[INFO] [1753416302.273054563] [solver_node]: 数据详情:
- 第一个元素类型: <class 'float'>
- 整个数组类型: <class 'array.array'>
- 数组长度: 4
- 示例值: array('f', [0.0, 1.2389999628067017, 2.296999931335449, 2.4200000762939453])
[INFO] [1753416302.274551589] [solver_node]: 调用求解器前，distances shape: (4,), values: [       nan 1.23899996 2.29699993 2.42000008]
[INFO] [1753416302.277759312] [solver_node]: [PoseSolver] 第0个组合有8个有效解
[INFO] [1753416302.278571875] [solver_node]: [PoseSolver] 处理完第0个组合后的筛选结果:
[INFO] [1753416302.279328308] [solver_node]: [PoseSolver] 排序后的最终筛选结果:
[INFO] [1753416302.280065957] [solver_node]: [PoseSolver] 找到8个完美相容解 (相容数=N)
[INFO] [1753416302.280847671] [solver_node]: 求解器返回结果: [((8.760418495802268, 8.762418495802267), (6.07368328471838, 6.075683284718381), 2.261768710503754), ((1.2355815041977323, 1.237581504197732), (1.9243167152816192, 1.926316715281619), -0.8798239430860392), ((8.65769765257047, 8.659697652570468), (1.767115917663818, 1.7691159176638178), 0.9766753857285502), ((1.338302347429531, 1.3403023474295308), (6.230884082336182, 6.232884082336183), -2.164917267861243), ((1.9243167152816192, 1.926316715281619), (6.762418495802267, 6.764418495802268), -2.4506202698809356), ((8.07168328471838, 8.07368328471838), (1.2355815041977323, 1.237581504197732), 0.6909723837088575), ((8.228884082336181, 8.23088408233618), (6.659697652570469, 6.66169765257047), 2.5474717125234467), ((1.767115917663818, 1.7691159176638178), (1.338302347429531, 1.3403023474295308), -0.5941209410663464)]
[INFO] [1753416302.372988370] [solver_node]: 数据详情:
- 第一个元素类型: <class 'float'>
- 整个数组类型: <class 'array.array'>
- 数组长度: 4
- 示例值: array('f', [0.0, 1.2389999628067017, 2.296999931335449, 2.4200000762939453])
[INFO] [1753416302.374455188] [solver_node]: 调用求解器前，distances shape: (4,), values: [       nan 1.23899996 2.29699993 2.42000008]
[INFO] [1753416302.377662654] [solver_node]: [PoseSolver] 第0个组合有8个有效解
[INFO] [1753416302.378503538] [solver_node]: [PoseSolver] 处理完第0个组合后的筛选结果:
[INFO] [1753416302.379258819] [solver_node]: [PoseSolver] 排序后的最终筛选结果:
[INFO] [1753416302.379981460] [solver_node]: [PoseSolver] 找到8个完美相容解 (相容数=N)
[INFO] [1753416302.380761286] [solver_node]: 求解器返回结果: [((8.760418495802268, 8.762418495802267), (6.07368328471838, 6.075683284718381), 2.261768710503754), ((1.2355815041977323, 1.237581504197732), (1.9243167152816192, 1.926316715281619), -0.8798239430860392), ((8.65769765257047, 8.659697652570468), (1.767115917663818, 1.7691159176638178), 0.9766753857285502), ((1.338302347429531, 1.3403023474295308), (6.230884082336182, 6.232884082336183), -2.164917267861243), ((1.9243167152816192, 1.926316715281619), (6.762418495802267, 6.764418495802268), -2.4506202698809356), ((8.07168328471838, 8.07368328471838), (1.2355815041977323, 1.237581504197732), 0.6909723837088575), ((8.228884082336181, 8.23088408233618), (6.659697652570469, 6.66169765257047), 2.5474717125234467), ((1.767115917663818, 1.7691159176638178), (1.338302347429531, 1.3403023474295308), -0.5941209410663464)]
