[INFO] [1754203283.158323900] [solver_node]: 收到5个激光点，处理后5个有效点
[WARN] [1754203284.167114929] [solver_node]: 无法获取变换 laser_dist_map->chassis_link: "chassis_map" passed to lookupTransform argument target_frame does not exist. 
[WARN] [1754203284.168072551] [solver_node]: 无法获取TF变换，跳过求解
[INFO] [1754203284.169182592] [solver_node]: 收到5个激光点，处理后5个有效点
[WARN] [1754203285.178618729] [solver_node]: 无法获取变换 laser_dist_map->chassis_link: "chassis_map" passed to lookupTransform argument target_frame does not exist. 
[WARN] [1754203285.180397266] [solver_node]: 无法获取TF变换，跳过求解
[INFO] [1754203285.181676368] [solver_node]: 收到5个激光点，处理后5个有效点
[WARN] [1754203286.195685767] [solver_node]: 无法获取变换 laser_dist_map->chassis_link: "chassis_map" passed to lookupTransform argument target_frame does not exist. 
[WARN] [1754203286.196937668] [solver_node]: 无法获取TF变换，跳过求解
[INFO] [1754203286.199278170] [solver_node]: 收到5个激光点，处理后5个有效点
[WARN] [1754203287.208513769] [solver_node]: 无法获取变换 laser_dist_map->chassis_link: "chassis_map" passed to lookupTransform argument target_frame does not exist. 
[WARN] [1754203287.209464447] [solver_node]: 无法获取TF变换，跳过求解
[INFO] [1754203287.210895456] [solver_node]: 收到5个激光点，处理后5个有效点
[WARN] [1754203288.217774238] [solver_node]: 无法获取变换 laser_dist_map->chassis_link: "chassis_map" passed to lookupTransform argument target_frame does not exist. 
[WARN] [1754203288.219467685] [solver_node]: 无法获取TF变换，跳过求解
[INFO] [1754203288.220819460] [solver_node]: 收到5个激光点，处理后5个有效点
[WARN] [1754203289.235064690] [solver_node]: 无法获取变换 laser_dist_map->chassis_link: "chassis_map" passed to lookupTransform argument target_frame does not exist. 
[WARN] [1754203289.236100106] [solver_node]: 无法获取TF变换，跳过求解
[INFO] [1754203289.237799249] [solver_node]: 收到5个激光点，处理后5个有效点
[WARN] [1754203290.245764595] [solver_node]: 无法获取变换 laser_dist_map->chassis_link: "laser_dist_map" passed to lookupTransform argument source_frame does not exist. 
[WARN] [1754203290.247059825] [solver_node]: 无法获取TF变换，跳过求解
[INFO] [1754203290.248560916] [solver_node]: 收到5个激光点，处理后5个有效点
[WARN] [1754203291.263633279] [solver_node]: 无法获取变换 laser_dist_map->chassis_link: Could not find a connection between 'chassis_map' and 'chassis_link' because they are not part of the same tree.Tf has two or more unconnected trees.
[WARN] [1754203291.266076023] [solver_node]: 无法获取TF变换，跳过求解
[INFO] [1754203291.279998712] [solver_node]: 收到5个激光点，处理后5个有效点
[INFO] [1754203291.310929952] [solver_node]: 当前位置: x=7.948, y=0.363, angle=3.036
[INFO] [1754203291.315994933] [solver_node]: 激光距离数据: [0.503 6.747 4.647 4.759 4.726]
[INFO] [1754203291.334675331] [solver_node]: 求解器返回 2 个解
[INFO] [1754203291.335635193] [solver_node]: 无效解: x=3.581, y=0.929, 距离=4.404 > 阈值1.500
[INFO] [1754203291.336519854] [solver_node]: 无效解: x=5.078, y=0.929, 距离=2.925 > 阈值1.500
[WARN] [1754203291.337428066] [solver_node]: 没有满足距离要求的解
[WARN] [1754203291.338282774] [solver_node]: 没有合适的解，不发布TF变换
[INFO] [1754203291.339352591] [solver_node]: 收到5个激光点，处理后5个有效点
[INFO] [1754203291.342232337] [solver_node]: 收到5个激光点，处理后5个有效点
[INFO] [1754203291.344756427] [solver_node]: 收到5个激光点，处理后5个有效点
[INFO] [1754203291.347290182] [solver_node]: 收到5个激光点，处理后5个有效点
[INFO] [1754203291.349141360] [solver_node]: 收到5个激光点，处理后5个有效点
[INFO] [1754203291.350961178] [solver_node]: 收到5个激光点，处理后5个有效点
[INFO] [1754203291.355801034] [solver_node]: 当前位置: x=7.952, y=0.356, angle=3.035
[INFO] [1754203291.358378405] [solver_node]: 激光距离数据: [0.502 6.747 4.647 4.76  4.728]
[INFO] [1754203291.371272782] [solver_node]: 求解器返回 2 个解
[INFO] [1754203291.372112097] [solver_node]: 无效解: x=3.577, y=0.928, 距离=4.412 > 阈值1.500
[INFO] [1754203291.381799360] [solver_node]: 无效解: x=5.077, y=0.928, 距离=2.931 > 阈值1.500
[WARN] [1754203291.385583287] [solver_node]: 没有满足距离要求的解
[WARN] [1754203291.386545838] [solver_node]: 没有合适的解，不发布TF变换
[INFO] [1754203291.400343115] [solver_node]: 收到5个激光点，处理后5个有效点
[INFO] [1754203291.415478600] [solver_node]: 当前位置: x=7.951, y=0.356, angle=3.035
[INFO] [1754203291.418040835] [solver_node]: 激光距离数据: [0.502 6.747 4.647 4.76  4.728]
[INFO] [1754203291.439122728] [solver_node]: 求解器返回 2 个解
[INFO] [1754203291.442637561] [solver_node]: 无效解: x=3.578, y=0.928, 距离=4.410 > 阈值1.500
[INFO] [1754203291.445428026] [solver_node]: 无效解: x=5.077, y=0.928, 距离=2.930 > 阈值1.500
[WARN] [1754203291.446634869] [solver_node]: 没有满足距离要求的解
[WARN] [1754203291.447510954] [solver_node]: 没有合适的解，不发布TF变换
[INFO] [1754203291.501005529] [solver_node]: 收到5个激光点，处理后5个有效点
[INFO] [1754203291.512854602] [solver_node]: 当前位置: x=7.950, y=0.354, angle=3.035
[INFO] [1754203291.530600035] [solver_node]: 激光距离数据: [0.502 6.747 4.647 4.76  4.728]
[INFO] [1754203291.543292871] [solver_node]: 求解器返回 2 个解
[INFO] [1754203291.553126218] [solver_node]: 无效解: x=3.577, y=0.928, 距离=4.410 > 阈值1.500
[INFO] [1754203291.564330572] [solver_node]: 无效解: x=5.077, y=0.928, 距离=2.929 > 阈值1.500
[WARN] [1754203291.566926951] [solver_node]: 没有满足距离要求的解
[WARN] [1754203291.567860573] [solver_node]: 没有合适的解，不发布TF变换
[INFO] [1754203291.612908042] [solver_node]: 收到5个激光点，处理后5个有效点
[INFO] [1754203291.627341783] [solver_node]: 当前位置: x=7.951, y=0.361, angle=3.035
[INFO] [1754203291.634196981] [solver_node]: 激光距离数据: [0.502 6.747 4.647 4.76  4.728]
[INFO] [1754203291.656163278] [solver_node]: 求解器返回 2 个解
[INFO] [1754203291.657031618] [solver_node]: 无效解: x=3.577, y=0.928, 距离=4.411 > 阈值1.500
[INFO] [1754203291.658329696] [solver_node]: 无效解: x=5.077, y=0.928, 距离=2.929 > 阈值1.500
[WARN] [1754203291.659154611] [solver_node]: 没有满足距离要求的解
[WARN] [1754203291.659933381] [solver_node]: 没有合适的解，不发布TF变换
[INFO] [1754203291.701098841] [solver_node]: 收到5个激光点，处理后5个有效点
[INFO] [1754203291.726553539] [solver_node]: 当前位置: x=7.951, y=0.356, angle=3.035
[INFO] [1754203291.728007269] [solver_node]: 激光距离数据: [0.502 6.747 4.646 4.76  4.728]
[INFO] [1754203291.735287245] [solver_node]: 求解器返回 2 个解
[INFO] [1754203291.767983261] [solver_node]: 无效解: x=3.577, y=0.928, 距离=4.410 > 阈值1.500
[INFO] [1754203291.776452000] [solver_node]: 无效解: x=5.076, y=0.928, 距离=2.931 > 阈值1.500
[WARN] [1754203291.778270634] [solver_node]: 没有满足距离要求的解
[WARN] [1754203291.779290146] [solver_node]: 没有合适的解，不发布TF变换
[INFO] [1754203291.812331451] [solver_node]: 收到5个激光点，处理后5个有效点
[INFO] [1754203291.830280664] [solver_node]: 当前位置: x=7.950, y=0.366, angle=3.035
[INFO] [1754203291.832414345] [solver_node]: 激光距离数据: [0.502 6.747 4.646 4.762 4.728]
[INFO] [1754203291.872379746] [solver_node]: 求解器返回 2 个解
[INFO] [1754203291.875695758] [solver_node]: 无效解: x=3.577, y=0.928, 距离=4.410 > 阈值1.500
[INFO] [1754203291.899265549] [solver_node]: 无效解: x=5.076, y=0.928, 距离=2.928 > 阈值1.500
[WARN] [1754203291.901652164] [solver_node]: 没有满足距离要求的解
[WARN] [1754203291.902615802] [solver_node]: 没有合适的解，不发布TF变换
[INFO] [1754203291.904162141] [solver_node]: 收到5个激光点，处理后5个有效点
[INFO] [1754203291.908207451] [solver_node]: 当前位置: x=7.946, y=0.361, angle=3.035
[INFO] [1754203291.922049465] [solver_node]: 激光距离数据: [0.502 6.747 4.646 4.762 4.728]
[INFO] [1754203291.929334529] [solver_node]: 求解器返回 2 个解
[INFO] [1754203291.930149364] [solver_node]: 无效解: x=3.577, y=0.928, 距离=4.405 > 阈值1.500
[INFO] [1754203291.930845316] [solver_node]: 无效解: x=5.076, y=0.928, 距离=2.925 > 阈值1.500
[WARN] [1754203291.931602485] [solver_node]: 没有满足距离要求的解
[WARN] [1754203291.932345414] [solver_node]: 没有合适的解，不发布TF变换
[INFO] [1754203292.000149824] [solver_node]: 收到5个激光点，处理后5个有效点
[INFO] [1754203292.002148590] [solver_node]: 当前位置: x=7.949, y=0.360, angle=3.035
[INFO] [1754203292.003432876] [solver_node]: 激光距离数据: [0.502 6.747 4.646 4.762 4.728]
[INFO] [1754203292.020873469] [solver_node]: 求解器返回 2 个解
[INFO] [1754203292.049212586] [solver_node]: 无效解: x=3.576, y=0.928, 距离=4.410 > 阈值1.500
[INFO] [1754203292.050189856] [solver_node]: 无效解: x=5.076, y=0.928, 距离=2.929 > 阈值1.500
[WARN] [1754203292.050961554] [solver_node]: 没有满足距离要求的解
[WARN] [1754203292.051715588] [solver_node]: 没有合适的解，不发布TF变换
[INFO] [1754203292.111394498] [solver_node]: 收到5个激光点，处理后5个有效点
[INFO] [1754203292.116928482] [solver_node]: 当前位置: x=7.941, y=0.354, angle=3.035
[INFO] [1754203292.120982911] [solver_node]: 激光距离数据: [0.502 6.747 4.647 4.762 4.733]
[INFO] [1754203292.143587752] [solver_node]: 求解器返回 2 个解
[INFO] [1754203292.144444636] [solver_node]: 无效解: x=3.572, y=0.928, 距离=4.406 > 阈值1.500
[INFO] [1754203292.148696093] [solver_node]: 无效解: x=5.077, y=0.928, 距离=2.920 > 阈值1.500
[WARN] [1754203292.160176454] [solver_node]: 没有满足距离要求的解
[WARN] [1754203292.161320192] [solver_node]: 没有合适的解，不发布TF变换
[INFO] [1754203292.205817953] [solver_node]: 收到5个激光点，处理后5个有效点
[INFO] [1754203292.215957131] [solver_node]: 当前位置: x=7.941, y=0.363, angle=3.036
[INFO] [1754203292.220191788] [solver_node]: 激光距离数据: [0.502 6.747 4.647 4.759 4.733]
[INFO] [1754203292.235287848] [solver_node]: 求解器返回 2 个解
[INFO] [1754203292.236179741] [solver_node]: 无效解: x=3.576, y=0.929, 距离=4.402 > 阈值1.500
[INFO] [1754203292.255621596] [solver_node]: 无效解: x=5.078, y=0.929, 距离=2.918 > 阈值1.500
[WARN] [1754203292.256589715] [solver_node]: 没有满足距离要求的解
[WARN] [1754203292.263678998] [solver_node]: 没有合适的解，不发布TF变换
[INFO] [1754203292.315985483] [solver_node]: 收到5个激光点，处理后5个有效点
[INFO] [1754203292.374807734] [solver_node]: 当前位置: x=7.942, y=0.360, angle=3.036
[INFO] [1754203292.376188565] [solver_node]: 激光距离数据: [0.502 6.747 4.647 4.759 4.733]
[INFO] [1754203292.383159286] [solver_node]: 求解器返回 2 个解
[INFO] [1754203292.387515674] [solver_node]: 无效解: x=3.576, y=0.929, 距离=4.404 > 阈值1.500
[INFO] [1754203292.388378734] [solver_node]: 无效解: x=5.078, y=0.929, 距离=2.921 > 阈值1.500
[WARN] [1754203292.389540521] [solver_node]: 没有满足距离要求的解
[WARN] [1754203292.399106885] [solver_node]: 没有合适的解，不发布TF变换
[INFO] [1754203292.402860380] [solver_node]: 收到5个激光点，处理后5个有效点
[INFO] [1754203292.410680624] [solver_node]: 当前位置: x=7.955, y=0.355, angle=3.035
[INFO] [1754203292.411935373] [solver_node]: 激光距离数据: [0.502 6.747 4.647 4.759 4.733]
[INFO] [1754203292.445773208] [solver_node]: 求解器返回 2 个解
[INFO] [1754203292.446639564] [solver_node]: 无效解: x=3.574, y=0.928, 距离=4.419 > 阈值1.500
[INFO] [1754203292.447577858] [solver_node]: 无效解: x=5.077, y=0.928, 距离=2.934 > 阈值1.500
[WARN] [1754203292.473908992] [solver_node]: 没有满足距离要求的解
[WARN] [1754203292.475840237] [solver_node]: 没有合适的解，不发布TF变换
[INFO] [1754203292.498735036] [solver_node]: 收到5个激光点，处理后5个有效点
[INFO] [1754203292.509834588] [solver_node]: 当前位置: x=7.952, y=0.360, angle=3.036
[INFO] [1754203292.511568580] [solver_node]: 激光距离数据: [0.502 6.747 4.647 4.759 4.733]
[INFO] [1754203292.547411549] [solver_node]: 求解器返回 2 个解
[INFO] [1754203292.548391316] [solver_node]: 无效解: x=3.577, y=0.929, 距离=4.413 > 阈值1.500
[INFO] [1754203292.549189894] [solver_node]: 无效解: x=5.078, y=0.929, 距离=2.931 > 阈值1.500
[WARN] [1754203292.553956436] [solver_node]: 没有满足距离要求的解
[WARN] [1754203292.576488571] [solver_node]: 没有合适的解，不发布TF变换
[INFO] [1754203292.611113145] [solver_node]: 收到5个激光点，处理后5个有效点
[INFO] [1754203292.637299316] [solver_node]: 当前位置: x=7.941, y=0.359, angle=3.035
[INFO] [1754203292.651630590] [solver_node]: 激光距离数据: [0.502 6.747 4.647 4.759 4.733]
[INFO] [1754203292.676436505] [solver_node]: 求解器返回 2 个解
[INFO] [1754203292.677537363] [solver_node]: 无效解: x=3.574, y=0.928, 距离=4.404 > 阈值1.500
[INFO] [1754203292.678536298] [solver_node]: 无效解: x=5.078, y=0.928, 距离=2.920 > 阈值1.500
[WARN] [1754203292.679364253] [solver_node]: 没有满足距离要求的解
[WARN] [1754203292.680141679] [solver_node]: 没有合适的解，不发布TF变换
[INFO] [1754203292.702478417] [solver_node]: 收到5个激光点，处理后5个有效点
[INFO] [1754203292.721305475] [solver_node]: 当前位置: x=7.945, y=0.358, angle=3.035
[INFO] [1754203292.722690371] [solver_node]: 激光距离数据: [0.502 6.747 4.647 4.76  4.733]
[INFO] [1754203292.735682638] [solver_node]: 求解器返回 2 个解
[INFO] [1754203292.736941451] [solver_node]: 无效解: x=3.574, y=0.928, 距离=4.408 > 阈值1.500
[INFO] [1754203292.737787902] [solver_node]: 无效解: x=5.077, y=0.928, 距离=2.924 > 阈值1.500
[WARN] [1754203292.752939835] [solver_node]: 没有满足距离要求的解
[WARN] [1754203292.753903858] [solver_node]: 没有合适的解，不发布TF变换
[INFO] [1754203292.800438498] [solver_node]: 收到5个激光点，处理后5个有效点
[INFO] [1754203292.815696801] [solver_node]: 当前位置: x=7.938, y=0.359, angle=3.036
[INFO] [1754203292.817027392] [solver_node]: 激光距离数据: [0.502 6.747 4.647 4.76  4.733]
[INFO] [1754203292.839262080] [solver_node]: 求解器返回 2 个解
[INFO] [1754203292.840151412] [solver_node]: 无效解: x=3.574, y=0.929, 距离=4.400 > 阈值1.500
[INFO] [1754203292.840914662] [solver_node]: 无效解: x=5.078, y=0.929, 距离=2.917 > 阈值1.500
[WARN] [1754203292.841701912] [solver_node]: 没有满足距离要求的解
[WARN] [1754203292.842439593] [solver_node]: 没有合适的解，不发布TF变换
[INFO] [1754203292.897967912] [solver_node]: 收到5个激光点，处理后5个有效点
[INFO] [1754203292.902972795] [solver_node]: 当前位置: x=7.931, y=0.360, angle=3.035
[INFO] [1754203292.905618808] [solver_node]: 激光距离数据: [0.502 6.747 4.647 4.76  4.733]
[INFO] [1754203292.913065764] [solver_node]: 求解器返回 2 个解
[INFO] [1754203292.925729895] [solver_node]: 无效解: x=3.572, y=0.928, 距离=4.396 > 阈值1.500
[INFO] [1754203292.928504903] [solver_node]: 无效解: x=5.077, y=0.928, 距离=2.910 > 阈值1.500
[WARN] [1754203292.930702554] [solver_node]: 没有满足距离要求的解
[WARN] [1754203292.941586165] [solver_node]: 没有合适的解，不发布TF变换
[INFO] [1754203293.010585130] [solver_node]: 收到5个激光点，处理后5个有效点
[INFO] [1754203293.041887227] [solver_node]: 当前位置: x=7.933, y=0.360, angle=3.035
[INFO] [1754203293.052756598] [solver_node]: 激光距离数据: [0.502 6.747 4.647 4.76  4.733]
[INFO] [1754203293.082161979] [solver_node]: 求解器返回 2 个解
[INFO] [1754203293.083053296] [solver_node]: 无效解: x=3.572, y=0.928, 距离=4.397 > 阈值1.500
[INFO] [1754203293.087229904] [solver_node]: 无效解: x=5.077, y=0.928, 距离=2.912 > 阈值1.500
[WARN] [1754203293.088154597] [solver_node]: 没有满足距离要求的解
[WARN] [1754203293.088960344] [solver_node]: 没有合适的解，不发布TF变换
[INFO] [1754203293.109274252] [solver_node]: 收到5个激光点，处理后5个有效点
[INFO] [1754203293.139661544] [solver_node]: 当前位置: x=7.938, y=0.365, angle=3.035
[INFO] [1754203293.164349217] [solver_node]: 激光距离数据: [0.502 6.747 4.647 4.762 4.733]
[INFO] [1754203293.188257639] [solver_node]: 求解器返回 2 个解
[INFO] [1754203293.190378360] [solver_node]: 无效解: x=3.573, y=0.928, 距离=4.401 > 阈值1.500
[INFO] [1754203293.191727767] [solver_node]: 无效解: x=5.077, y=0.928, 距离=2.915 > 阈值1.500
[WARN] [1754203293.193019317] [solver_node]: 没有满足距离要求的解
[WARN] [1754203293.194515128] [solver_node]: 没有合适的解，不发布TF变换
[INFO] [1754203293.206486443] [solver_node]: 收到5个激光点，处理后5个有效点
[INFO] [1754203293.218784359] [solver_node]: 当前位置: x=7.943, y=0.364, angle=3.036
[INFO] [1754203293.220355659] [solver_node]: 激光距离数据: [0.502 6.747 4.647 4.762 4.733]
[INFO] [1754203293.249941749] [solver_node]: 求解器返回 2 个解
[INFO] [1754203293.252515440] [solver_node]: 无效解: x=3.576, y=0.929, 距离=4.403 > 阈值1.500
[INFO] [1754203293.264096123] [solver_node]: 无效解: x=5.078, y=0.929, 距离=2.920 > 阈值1.500
[WARN] [1754203293.265171411] [solver_node]: 没有满足距离要求的解
[WARN] [1754203293.266261645] [solver_node]: 没有合适的解，不发布TF变换
[INFO] [1754203293.296377378] [solver_node]: 收到5个激光点，处理后5个有效点
[INFO] [1754203293.315313655] [solver_node]: 当前位置: x=7.945, y=0.356, angle=3.035
[INFO] [1754203293.329849958] [solver_node]: 激光距离数据: [0.502 6.747 4.647 4.762 4.733]
[INFO] [1754203293.340726176] [solver_node]: 求解器返回 2 个解
[INFO] [1754203293.341553043] [solver_node]: 无效解: x=3.572, y=0.928, 距离=4.410 > 阈值1.500
[INFO] [1754203293.342226627] [solver_node]: 无效解: x=5.077, y=0.928, 距离=2.924 > 阈值1.500
[WARN] [1754203293.342975284] [solver_node]: 没有满足距离要求的解
[WARN] [1754203293.343716901] [solver_node]: 没有合适的解，不发布TF变换
[INFO] [1754203293.413961655] [solver_node]: 收到5个激光点，处理后5个有效点
[INFO] [1754203293.415970182] [solver_node]: 当前位置: x=7.950, y=0.361, angle=3.035
[INFO] [1754203293.417225507] [solver_node]: 激光距离数据: [0.502 6.747 4.647 4.762 4.733]
[INFO] [1754203293.451682460] [solver_node]: 求解器返回 2 个解
[INFO] [1754203293.452509072] [solver_node]: 无效解: x=3.573, y=0.928, 距离=4.413 > 阈值1.500
[INFO] [1754203293.453196703] [solver_node]: 无效解: x=5.077, y=0.928, 距离=2.928 > 阈值1.500
[WARN] [1754203293.471263392] [solver_node]: 没有满足距离要求的解
[WARN] [1754203293.472724609] [solver_node]: 没有合适的解，不发布TF变换
[INFO] [1754203293.502684980] [solver_node]: 收到5个激光点，处理后5个有效点
[INFO] [1754203293.512842174] [solver_node]: 当前位置: x=7.950, y=0.357, angle=3.036
[INFO] [1754203293.514751050] [solver_node]: 激光距离数据: [0.502 6.747 4.647 4.762 4.719]
[INFO] [1754203293.543293627] [solver_node]: 求解器返回 2 个解
[INFO] [1754203293.561175255] [solver_node]: 无效解: x=3.588, y=0.929, 距离=4.399 > 阈值1.500
[INFO] [1754203293.562727035] [solver_node]: 无效解: x=5.078, y=0.929, 距离=2.928 > 阈值1.500
[WARN] [1754203293.563685297] [solver_node]: 没有满足距离要求的解
[WARN] [1754203293.573158251] [solver_node]: 没有合适的解，不发布TF变换
[INFO] [1754203293.596978608] [solver_node]: 收到5个激光点，处理后5个有效点
[INFO] [1754203293.599862738] [solver_node]: 当前位置: x=7.952, y=0.362, angle=3.036
[INFO] [1754203293.601546681] [solver_node]: 激光距离数据: [0.502 6.747 4.647 4.763 4.719]
[INFO] [1754203293.659921562] [solver_node]: 求解器返回 2 个解
[INFO] [1754203293.660846159] [solver_node]: 无效解: x=3.587, y=0.929, 距离=4.401 > 阈值1.500
[INFO] [1754203293.661678627] [solver_node]: 无效解: x=5.078, y=0.929, 距离=2.930 > 阈值1.500
[WARN] [1754203293.662484597] [solver_node]: 没有满足距离要求的解
[WARN] [1754203293.663262343] [solver_node]: 没有合适的解，不发布TF变换
[INFO] [1754203293.703313634] [solver_node]: 收到5个激光点，处理后5个有效点
[INFO] [1754203293.713151588] [solver_node]: 当前位置: x=7.950, y=0.359, angle=3.036
[INFO] [1754203293.742316484] [solver_node]: 激光距离数据: [0.502 6.747 4.647 4.763 4.719]
[INFO] [1754203293.750683493] [solver_node]: 求解器返回 2 个解
[INFO] [1754203293.764144731] [solver_node]: 无效解: x=3.586, y=0.928, 距离=4.401 > 阈值1.500
[INFO] [1754203293.765044304] [solver_node]: 无效解: x=5.078, y=0.928, 距离=2.928 > 阈值1.500
[WARN] [1754203293.765898276] [solver_node]: 没有满足距离要求的解
[WARN] [1754203293.766717655] [solver_node]: 没有合适的解，不发布TF变换
[INFO] [1754203293.805832636] [solver_node]: 收到5个激光点，处理后5个有效点
[INFO] [1754203293.814251582] [solver_node]: 当前位置: x=7.940, y=0.367, angle=3.035
[INFO] [1754203293.816036071] [solver_node]: 激光距离数据: [0.502 6.747 4.647 4.763 4.719]
[INFO] [1754203293.856793202] [solver_node]: 求解器返回 2 个解
[INFO] [1754203293.869962113] [solver_node]: 无效解: x=3.585, y=0.928, 距离=4.391 > 阈值1.500
[INFO] [1754203293.870866518] [solver_node]: 无效解: x=5.077, y=0.928, 距离=2.918 > 阈值1.500
[WARN] [1754203293.871647464] [solver_node]: 没有满足距离要求的解
[WARN] [1754203293.872719937] [solver_node]: 没有合适的解，不发布TF变换
[INFO] [1754203293.903184703] [solver_node]: 收到5个激光点，处理后5个有效点
[INFO] [1754203293.912043051] [solver_node]: 当前位置: x=7.939, y=0.362, angle=3.035
[INFO] [1754203293.914829675] [solver_node]: 激光距离数据: [0.502 6.747 4.647 4.763 4.719]
[INFO] [1754203293.928542759] [solver_node]: 求解器返回 2 个解
[INFO] [1754203293.939976078] [solver_node]: 无效解: x=3.585, y=0.928, 距离=4.391 > 阈值1.500
[INFO] [1754203293.941341262] [solver_node]: 无效解: x=5.077, y=0.928, 距离=2.917 > 阈值1.500
[WARN] [1754203293.948114250] [solver_node]: 没有满足距离要求的解
[WARN] [1754203293.956639950] [solver_node]: 没有合适的解，不发布TF变换
[INFO] [1754203294.003245568] [solver_node]: 收到5个激光点，处理后5个有效点
[INFO] [1754203294.007119705] [solver_node]: 当前位置: x=7.946, y=0.365, angle=3.035
[INFO] [1754203294.022829763] [solver_node]: 激光距离数据: [0.502 6.747 4.647 4.76  4.719]
[INFO] [1754203294.045776916] [solver_node]: 求解器返回 2 个解
[INFO] [1754203294.048730072] [solver_node]: 无效解: x=3.584, y=0.928, 距离=4.398 > 阈值1.500
[INFO] [1754203294.075726502] [solver_node]: 无效解: x=5.077, y=0.928, 距离=2.924 > 阈值1.500
[WARN] [1754203294.078490502] [solver_node]: 没有满足距离要求的解
[WARN] [1754203294.080898301] [solver_node]: 没有合适的解，不发布TF变换
[INFO] [1754203294.101855072] [solver_node]: 收到5个激光点，处理后5个有效点
[INFO] [1754203294.120370891] [solver_node]: 当前位置: x=7.945, y=0.363, angle=3.035
[INFO] [1754203294.136821990] [solver_node]: 激光距离数据: [0.502 6.747 4.647 4.76  4.719]
[INFO] [1754203294.161292506] [solver_node]: 求解器返回 2 个解
[INFO] [1754203294.162187151] [solver_node]: 无效解: x=3.586, y=0.928, 距离=4.396 > 阈值1.500
[INFO] [1754203294.162882911] [solver_node]: 无效解: x=5.077, y=0.928, 距离=2.922 > 阈值1.500
[WARN] [1754203294.163616752] [solver_node]: 没有满足距离要求的解
[WARN] [1754203294.178044220] [solver_node]: 没有合适的解，不发布TF变换
[INFO] [1754203294.199826066] [solver_node]: 收到5个激光点，处理后5个有效点
[INFO] [1754203294.203335715] [solver_node]: 当前位置: x=7.946, y=0.362, angle=3.035
[INFO] [1754203294.225678470] [solver_node]: 激光距离数据: [0.502 6.747 4.647 4.76  4.719]
[INFO] [1754203294.249514667] [solver_node]: 求解器返回 2 个解
[INFO] [1754203294.250549219] [solver_node]: 无效解: x=3.586, y=0.928, 距离=4.397 > 阈值1.500
[INFO] [1754203294.251831680] [solver_node]: 无效解: x=5.077, y=0.928, 距离=2.924 > 阈值1.500
[WARN] [1754203294.281943030] [solver_node]: 没有满足距离要求的解
[WARN] [1754203294.283552507] [solver_node]: 没有合适的解，不发布TF变换
[INFO] [1754203294.301374006] [solver_node]: 收到5个激光点，处理后5个有效点
[INFO] [1754203294.313063491] [solver_node]: 当前位置: x=7.944, y=0.357, angle=3.035
[INFO] [1754203294.316898588] [solver_node]: 激光距离数据: [0.502 6.747 4.647 4.76  4.729]
[INFO] [1754203294.328881008] [solver_node]: 求解器返回 2 个解
[INFO] [1754203294.332631366] [solver_node]: 无效解: x=3.576, y=0.928, 距离=4.405 > 阈值1.500
[INFO] [1754203294.334363790] [solver_node]: 无效解: x=5.077, y=0.928, 距离=2.923 > 阈值1.500
[WARN] [1754203294.335723054] [solver_node]: 没有满足距离要求的解
[WARN] [1754203294.362271121] [solver_node]: 没有合适的解，不发布TF变换
[INFO] [1754203294.399394345] [solver_node]: 收到5个激光点，处理后5个有效点
[INFO] [1754203294.405280209] [solver_node]: 当前位置: x=7.944, y=0.354, angle=3.034
[INFO] [1754203294.406490860] [solver_node]: 激光距离数据: [0.502 6.747 4.647 4.76  4.729]
[INFO] [1754203294.427952859] [solver_node]: 求解器返回 2 个解
[INFO] [1754203294.428868304] [solver_node]: 无效解: x=3.574, y=0.928, 距离=4.407 > 阈值1.500
[INFO] [1754203294.429648194] [solver_node]: 无效解: x=5.077, y=0.928, 距离=2.923 > 阈值1.500
[WARN] [1754203294.430407988] [solver_node]: 没有满足距离要求的解
[WARN] [1754203294.431151781] [solver_node]: 没有合适的解，不发布TF变换
[INFO] [1754203294.498176717] [solver_node]: 收到5个激光点，处理后5个有效点
[INFO] [1754203294.500595429] [solver_node]: 当前位置: x=7.940, y=0.355, angle=3.035
[INFO] [1754203294.502063559] [solver_node]: 激光距离数据: [0.502 6.747 4.647 4.761 4.729]
[INFO] [1754203294.527270508] [solver_node]: 求解器返回 2 个解
[INFO] [1754203294.528350149] [solver_node]: 无效解: x=3.576, y=0.928, 距离=4.401 > 阈值1.500
[INFO] [1754203294.529185592] [solver_node]: 无效解: x=5.077, y=0.928, 距离=2.919 > 阈值1.500
[WARN] [1754203294.530128270] [solver_node]: 没有满足距离要求的解
[WARN] [1754203294.536713317] [solver_node]: 没有合适的解，不发布TF变换
[INFO] [1754203294.601346871] [solver_node]: 收到5个激光点，处理后5个有效点
[INFO] [1754203294.606565679] [solver_node]: 当前位置: x=7.942, y=0.356, angle=3.035
[INFO] [1754203294.608094962] [solver_node]: 激光距离数据: [0.502 6.747 4.647 4.761 4.729]
[INFO] [1754203294.631643985] [solver_node]: 求解器返回 2 个解
[INFO] [1754203294.638754517] [solver_node]: 无效解: x=3.576, y=0.928, 距离=4.403 > 阈值1.500
[INFO] [1754203294.639635657] [solver_node]: 无效解: x=5.077, y=0.928, 距离=2.921 > 阈值1.500
[WARN] [1754203294.666773050] [solver_node]: 没有满足距离要求的解
[WARN] [1754203294.693008727] [solver_node]: 没有合适的解，不发布TF变换
[INFO] [1754203294.701512763] [solver_node]: 收到5个激光点，处理后5个有效点
[INFO] [1754203294.729234394] [solver_node]: 当前位置: x=7.943, y=0.357, angle=3.035
[INFO] [1754203294.730534872] [solver_node]: 激光距离数据: [0.502 6.747 4.647 4.761 4.729]
[INFO] [1754203294.739868911] [solver_node]: 求解器返回 2 个解
[INFO] [1754203294.740741763] [solver_node]: 无效解: x=3.576, y=0.928, 距离=4.404 > 阈值1.500
[INFO] [1754203294.741457236] [solver_node]: 无效解: x=5.077, y=0.928, 距离=2.922 > 阈值1.500
[WARN] [1754203294.742211109] [solver_node]: 没有满足距离要求的解
[WARN] [1754203294.773307602] [solver_node]: 没有合适的解，不发布TF变换
[INFO] [1754203294.804958123] [solver_node]: 收到5个激光点，处理后5个有效点
[INFO] [1754203294.817591950] [solver_node]: 当前位置: x=7.944, y=0.359, angle=3.035
[INFO] [1754203294.818961902] [solver_node]: 激光距离数据: [0.502 6.747 4.647 4.761 4.729]
[INFO] [1754203294.842400362] [solver_node]: 求解器返回 2 个解
[INFO] [1754203294.843331359] [solver_node]: 无效解: x=3.577, y=0.928, 距离=4.404 > 阈值1.500
[INFO] [1754203294.855182000] [solver_node]: 无效解: x=5.077, y=0.928, 距离=2.923 > 阈值1.500
[WARN] [1754203294.856082725] [solver_node]: 没有满足距离要求的解
[WARN] [1754203294.856832118] [solver_node]: 没有合适的解，不发布TF变换
[INFO] [1754203294.906820470] [solver_node]: 收到5个激光点，处理后5个有效点
[INFO] [1754203294.920937532] [solver_node]: 当前位置: x=7.943, y=0.361, angle=3.036
[INFO] [1754203294.922305243] [solver_node]: 激光距离数据: [0.502 6.747 4.647 4.761 4.729]
[INFO] [1754203294.956446702] [solver_node]: 求解器返回 2 个解
[INFO] [1754203294.957418308] [solver_node]: 无效解: x=3.579, y=0.929, 距离=4.401 > 阈值1.500
[INFO] [1754203294.990784197] [solver_node]: 无效解: x=5.078, y=0.929, 距离=2.921 > 阈值1.500
[WARN] [1754203294.991900927] [solver_node]: 没有满足距离要求的解
[WARN] [1754203294.992843285] [solver_node]: 没有合适的解，不发布TF变换
[INFO] [1754203295.064251746] [solver_node]: 收到5个激光点，处理后5个有效点
[INFO] [1754203295.073234193] [solver_node]: 当前位置: x=7.946, y=0.363, angle=3.035
[INFO] [1754203295.074904888] [solver_node]: 激光距离数据: [0.502 6.747 4.647 4.76  4.729]
[INFO] [1754203295.082454630] [solver_node]: 求解器返回 2 个解
[INFO] [1754203295.083344154] [solver_node]: 无效解: x=3.575, y=0.928, 距离=4.408 > 阈值1.500
[INFO] [1754203295.084118316] [solver_node]: 无效解: x=5.077, y=0.928, 距离=2.924 > 阈值1.500
[WARN] [1754203295.084928127] [solver_node]: 没有满足距离要求的解
[WARN] [1754203295.092745395] [solver_node]: 没有合适的解，不发布TF变换
[INFO] [1754203295.113535570] [solver_node]: 收到5个激光点，处理后5个有效点
[INFO] [1754203295.131478192] [solver_node]: 当前位置: x=7.954, y=0.364, angle=3.036
[INFO] [1754203295.138867194] [solver_node]: 激光距离数据: [0.502 6.747 4.647 4.76  4.729]
[INFO] [1754203295.168550822] [solver_node]: 求解器返回 2 个解
[INFO] [1754203295.170051017] [solver_node]: 无效解: x=3.580, y=0.929, 距离=4.411 > 阈值1.500
[INFO] [1754203295.170863484] [solver_node]: 无效解: x=5.078, y=0.929, 距离=2.932 > 阈值1.500
[WARN] [1754203295.171653678] [solver_node]: 没有满足距离要求的解
[WARN] [1754203295.195643767] [solver_node]: 没有合适的解，不发布TF变换
[INFO] [1754203295.206591795] [solver_node]: 收到5个激光点，处理后5个有效点
