[INFO] [1753423669.273266973] [solver_node]: [Case1BatchSolver] Case1BatchSolver初始化完成: 场地尺寸: 9.998x8.0, 容差: 0.001
[INFO] [1753423669.274311477] [solver_node]: [Case3BatchSolver] Case3BatchSolver初始化完成: 场地尺寸: 9.998x8.0, 容差: 0.001
[INFO] [1753423669.275228394] [solver_node]: [PoseSolver] PoseSolver初始化完成: 场地(9.998x8.0), 4个激光
[INFO] [1753423669.476125313] [solver_node]: 数据详情:
- 第一个元素类型: <class 'float'>
- 整个数组类型: <class 'array.array'>
- 数组长度: 4
- 示例值: array('f', [0.0, 4.665999889373779, 1.9900000095367432, 5.369999885559082])
[INFO] [1753423669.477909066] [solver_node]: 调用求解器前，distances shape: (4,), values: [       nan 4.66599989 1.99000001 5.36999989]
[INFO] [1753423669.484315901] [solver_node]: 求解器返回结果: []
[INFO] [1753423669.542326797] [solver_node]: 数据详情:
- 第一个元素类型: <class 'float'>
- 整个数组类型: <class 'array.array'>
- 数组长度: 4
- 示例值: array('f', [0.0, 4.665999889373779, 1.9900000095367432, 5.369999885559082])
[INFO] [1753423669.544072949] [solver_node]: 调用求解器前，distances shape: (4,), values: [       nan 4.66599989 1.99000001 5.36999989]
[INFO] [1753423669.547129403] [solver_node]: 求解器返回结果: []
[INFO] [1753423669.640277583] [solver_node]: 数据详情:
- 第一个元素类型: <class 'float'>
- 整个数组类型: <class 'array.array'>
- 数组长度: 4
- 示例值: array('f', [0.0, 4.665999889373779, 1.9900000095367432, 5.369999885559082])
[INFO] [1753423669.641750225] [solver_node]: 调用求解器前，distances shape: (4,), values: [       nan 4.66599989 1.99000001 5.36999989]
[INFO] [1753423669.646816933] [solver_node]: 求解器返回结果: []
[INFO] [1753423669.741211574] [solver_node]: 数据详情:
- 第一个元素类型: <class 'float'>
- 整个数组类型: <class 'array.array'>
- 数组长度: 4
- 示例值: array('f', [0.0, 4.665999889373779, 1.9900000095367432, 5.369999885559082])
[INFO] [1753423669.742743897] [solver_node]: 调用求解器前，distances shape: (4,), values: [       nan 4.66599989 1.99000001 5.36999989]
[INFO] [1753423669.745390166] [solver_node]: 求解器返回结果: []
[INFO] [1753423669.841613073] [solver_node]: 数据详情:
- 第一个元素类型: <class 'float'>
- 整个数组类型: <class 'array.array'>
- 数组长度: 4
- 示例值: array('f', [0.0, 4.665999889373779, 1.9900000095367432, 5.369999885559082])
[INFO] [1753423669.843189813] [solver_node]: 调用求解器前，distances shape: (4,), values: [       nan 4.66599989 1.99000001 5.36999989]
[INFO] [1753423669.847473143] [solver_node]: 求解器返回结果: []
[INFO] [1753423669.943181446] [solver_node]: 数据详情:
- 第一个元素类型: <class 'float'>
- 整个数组类型: <class 'array.array'>
- 数组长度: 4
- 示例值: array('f', [0.0, 4.665999889373779, 1.9900000095367432, 5.369999885559082])
[INFO] [1753423669.944685640] [solver_node]: 调用求解器前，distances shape: (4,), values: [       nan 4.66599989 1.99000001 5.36999989]
[INFO] [1753423669.947472488] [solver_node]: 求解器返回结果: []
[INFO] [1753423670.042931858] [solver_node]: 数据详情:
- 第一个元素类型: <class 'float'>
- 整个数组类型: <class 'array.array'>
- 数组长度: 4
- 示例值: array('f', [0.0, 4.665999889373779, 1.9900000095367432, 5.369999885559082])
[INFO] [1753423670.044654649] [solver_node]: 调用求解器前，distances shape: (4,), values: [       nan 4.66599989 1.99000001 5.36999989]
[INFO] [1753423670.048128073] [solver_node]: 求解器返回结果: []
[INFO] [1753423670.140458699] [solver_node]: 数据详情:
- 第一个元素类型: <class 'float'>
- 整个数组类型: <class 'array.array'>
- 数组长度: 4
- 示例值: array('f', [0.0, 4.665999889373779, 1.9900000095367432, 5.369999885559082])
[INFO] [1753423670.142033135] [solver_node]: 调用求解器前，distances shape: (4,), values: [       nan 4.66599989 1.99000001 5.36999989]
[INFO] [1753423670.145829542] [solver_node]: 求解器返回结果: []
[INFO] [1753423670.241941791] [solver_node]: 数据详情:
- 第一个元素类型: <class 'float'>
- 整个数组类型: <class 'array.array'>
- 数组长度: 4
- 示例值: array('f', [0.0, 4.665999889373779, 1.9900000095367432, 5.369999885559082])
[INFO] [1753423670.244900931] [solver_node]: 调用求解器前，distances shape: (4,), values: [       nan 4.66599989 1.99000001 5.36999989]
[INFO] [1753423670.248161197] [solver_node]: 求解器返回结果: []
[INFO] [1753423670.340172488] [solver_node]: 数据详情:
- 第一个元素类型: <class 'float'>
- 整个数组类型: <class 'array.array'>
- 数组长度: 4
- 示例值: array('f', [0.0, 4.665999889373779, 1.9900000095367432, 5.369999885559082])
[INFO] [1753423670.341687051] [solver_node]: 调用求解器前，distances shape: (4,), values: [       nan 4.66599989 1.99000001 5.36999989]
[INFO] [1753423670.344433450] [solver_node]: 求解器返回结果: []
[INFO] [1753423670.440853962] [solver_node]: 数据详情:
- 第一个元素类型: <class 'float'>
- 整个数组类型: <class 'array.array'>
- 数组长度: 4
- 示例值: array('f', [0.0, 4.665999889373779, 1.9900000095367432, 5.369999885559082])
[INFO] [1753423670.442826167] [solver_node]: 调用求解器前，distances shape: (4,), values: [       nan 4.66599989 1.99000001 5.36999989]
[INFO] [1753423670.446364584] [solver_node]: 求解器返回结果: []
[INFO] [1753423670.540382961] [solver_node]: 数据详情:
- 第一个元素类型: <class 'float'>
- 整个数组类型: <class 'array.array'>
- 数组长度: 4
- 示例值: array('f', [0.0, 4.665999889373779, 1.9900000095367432, 5.369999885559082])
[INFO] [1753423670.541933460] [solver_node]: 调用求解器前，distances shape: (4,), values: [       nan 4.66599989 1.99000001 5.36999989]
[INFO] [1753423670.545398884] [solver_node]: 求解器返回结果: []
[INFO] [1753423670.641841124] [solver_node]: 数据详情:
- 第一个元素类型: <class 'float'>
- 整个数组类型: <class 'array.array'>
- 数组长度: 4
- 示例值: array('f', [0.0, 4.665999889373779, 1.9900000095367432, 5.369999885559082])
[INFO] [1753423670.643417416] [solver_node]: 调用求解器前，distances shape: (4,), values: [       nan 4.66599989 1.99000001 5.36999989]
[INFO] [1753423670.647118813] [solver_node]: 求解器返回结果: []
[INFO] [1753423670.741160582] [solver_node]: 数据详情:
- 第一个元素类型: <class 'float'>
- 整个数组类型: <class 'array.array'>
- 数组长度: 4
- 示例值: array('f', [0.0, 4.665999889373779, 1.9900000095367432, 5.369999885559082])
[INFO] [1753423670.742645128] [solver_node]: 调用求解器前，distances shape: (4,), values: [       nan 4.66599989 1.99000001 5.36999989]
[INFO] [1753423670.745912595] [solver_node]: 求解器返回结果: []
[INFO] [1753423670.841887081] [solver_node]: 数据详情:
- 第一个元素类型: <class 'float'>
- 整个数组类型: <class 'array.array'>
- 数组长度: 4
- 示例值: array('f', [0.0, 4.665999889373779, 1.9900000095367432, 5.369999885559082])
[INFO] [1753423670.843777460] [solver_node]: 调用求解器前，distances shape: (4,), values: [       nan 4.66599989 1.99000001 5.36999989]
[INFO] [1753423670.851969136] [solver_node]: 求解器返回结果: []
[INFO] [1753423670.940021744] [solver_node]: 数据详情:
- 第一个元素类型: <class 'float'>
- 整个数组类型: <class 'array.array'>
- 数组长度: 4
- 示例值: array('f', [0.0, 4.665999889373779, 1.9900000095367432, 5.369999885559082])
[INFO] [1753423670.941720183] [solver_node]: 调用求解器前，distances shape: (4,), values: [       nan 4.66599989 1.99000001 5.36999989]
[INFO] [1753423670.945309385] [solver_node]: 求解器返回结果: []
[INFO] [1753423671.040237255] [solver_node]: 数据详情:
- 第一个元素类型: <class 'float'>
- 整个数组类型: <class 'array.array'>
- 数组长度: 4
- 示例值: array('f', [0.0, 4.665999889373779, 1.9900000095367432, 5.369999885559082])
[INFO] [1753423671.041681288] [solver_node]: 调用求解器前，distances shape: (4,), values: [       nan 4.66599989 1.99000001 5.36999989]
[INFO] [1753423671.044558282] [solver_node]: 求解器返回结果: []
[INFO] [1753423671.140453182] [solver_node]: 数据详情:
- 第一个元素类型: <class 'float'>
- 整个数组类型: <class 'array.array'>
- 数组长度: 4
- 示例值: array('f', [0.0, 4.665999889373779, 1.9900000095367432, 5.369999885559082])
[INFO] [1753423671.141985985] [solver_node]: 调用求解器前，distances shape: (4,), values: [       nan 4.66599989 1.99000001 5.36999989]
[INFO] [1753423671.144896100] [solver_node]: 求解器返回结果: []
[INFO] [1753423671.240367599] [solver_node]: 数据详情:
- 第一个元素类型: <class 'float'>
- 整个数组类型: <class 'array.array'>
- 数组长度: 4
- 示例值: array('f', [0.0, 4.665999889373779, 1.9900000095367432, 5.369999885559082])
[INFO] [1753423671.241840624] [solver_node]: 调用求解器前，distances shape: (4,), values: [       nan 4.66599989 1.99000001 5.36999989]
[INFO] [1753423671.244667857] [solver_node]: 求解器返回结果: []
[INFO] [1753423671.340843916] [solver_node]: 数据详情:
- 第一个元素类型: <class 'float'>
- 整个数组类型: <class 'array.array'>
- 数组长度: 4
- 示例值: array('f', [0.0, 4.665999889373779, 1.9900000095367432, 5.369999885559082])
[INFO] [1753423671.343965427] [solver_node]: 调用求解器前，distances shape: (4,), values: [       nan 4.66599989 1.99000001 5.36999989]
[INFO] [1753423671.348240789] [solver_node]: 求解器返回结果: []
[INFO] [1753423671.440697467] [solver_node]: 数据详情:
- 第一个元素类型: <class 'float'>
- 整个数组类型: <class 'array.array'>
- 数组长度: 4
- 示例值: array('f', [0.0, 4.665999889373779, 1.9900000095367432, 5.369999885559082])
[INFO] [1753423671.442540453] [solver_node]: 调用求解器前，distances shape: (4,), values: [       nan 4.66599989 1.99000001 5.36999989]
[INFO] [1753423671.445565386] [solver_node]: 求解器返回结果: []
[INFO] [1753423671.540933267] [solver_node]: 数据详情:
- 第一个元素类型: <class 'float'>
- 整个数组类型: <class 'array.array'>
- 数组长度: 4
- 示例值: array('f', [0.0, 4.665999889373779, 1.9900000095367432, 5.369999885559082])
[INFO] [1753423671.542737436] [solver_node]: 调用求解器前，distances shape: (4,), values: [       nan 4.66599989 1.99000001 5.36999989]
[INFO] [1753423671.545709696] [solver_node]: 求解器返回结果: []
[INFO] [1753423671.640143955] [solver_node]: 数据详情:
- 第一个元素类型: <class 'float'>
- 整个数组类型: <class 'array.array'>
- 数组长度: 4
- 示例值: array('f', [0.0, 4.665999889373779, 1.9900000095367432, 5.369999885559082])
[INFO] [1753423671.641738392] [solver_node]: 调用求解器前，distances shape: (4,), values: [       nan 4.66599989 1.99000001 5.36999989]
[INFO] [1753423671.644619290] [solver_node]: 求解器返回结果: []
[INFO] [1753423671.741930446] [solver_node]: 数据详情:
- 第一个元素类型: <class 'float'>
- 整个数组类型: <class 'array.array'>
- 数组长度: 4
- 示例值: array('f', [0.0, 4.665999889373779, 1.9900000095367432, 5.369999885559082])
[INFO] [1753423671.744888754] [solver_node]: 调用求解器前，distances shape: (4,), values: [       nan 4.66599989 1.99000001 5.36999989]
[INFO] [1753423671.749130483] [solver_node]: 求解器返回结果: []
[INFO] [1753423671.839985236] [solver_node]: 数据详情:
- 第一个元素类型: <class 'float'>
- 整个数组类型: <class 'array.array'>
- 数组长度: 4
- 示例值: array('f', [0.0, 4.665999889373779, 1.9900000095367432, 5.369999885559082])
[INFO] [1753423671.841367860] [solver_node]: 调用求解器前，distances shape: (4,), values: [       nan 4.66599989 1.99000001 5.36999989]
[INFO] [1753423671.844003408] [solver_node]: 求解器返回结果: []
[INFO] [1753423671.943595129] [solver_node]: 数据详情:
- 第一个元素类型: <class 'float'>
- 整个数组类型: <class 'array.array'>
- 数组长度: 4
- 示例值: array('f', [0.0, 4.665999889373779, 1.9900000095367432, 5.369999885559082])
[INFO] [1753423671.945165501] [solver_node]: 调用求解器前，distances shape: (4,), values: [       nan 4.66599989 1.99000001 5.36999989]
[INFO] [1753423671.948355494] [solver_node]: 求解器返回结果: []
[INFO] [1753423672.040266080] [solver_node]: 数据详情:
- 第一个元素类型: <class 'float'>
- 整个数组类型: <class 'array.array'>
- 数组长度: 4
- 示例值: array('f', [0.0, 4.665999889373779, 1.9900000095367432, 5.369999885559082])
[INFO] [1753423672.041685728] [solver_node]: 调用求解器前，distances shape: (4,), values: [       nan 4.66599989 1.99000001 5.36999989]
[INFO] [1753423672.044362877] [solver_node]: 求解器返回结果: []
[INFO] [1753423672.143076403] [solver_node]: 数据详情:
- 第一个元素类型: <class 'float'>
- 整个数组类型: <class 'array.array'>
- 数组长度: 4
- 示例值: array('f', [0.0, 4.665999889373779, 1.9900000095367432, 5.369999885559082])
[INFO] [1753423672.145470922] [solver_node]: 调用求解器前，distances shape: (4,), values: [       nan 4.66599989 1.99000001 5.36999989]
[INFO] [1753423672.149158750] [solver_node]: 求解器返回结果: []
[INFO] [1753423672.240407785] [solver_node]: 数据详情:
- 第一个元素类型: <class 'float'>
- 整个数组类型: <class 'array.array'>
- 数组长度: 4
- 示例值: array('f', [0.0, 4.665999889373779, 1.9900000095367432, 5.369999885559082])
[INFO] [1753423672.241836553] [solver_node]: 调用求解器前，distances shape: (4,), values: [       nan 4.66599989 1.99000001 5.36999989]
[INFO] [1753423672.244506055] [solver_node]: 求解器返回结果: []
[INFO] [1753423672.344487705] [solver_node]: 数据详情:
- 第一个元素类型: <class 'float'>
- 整个数组类型: <class 'array.array'>
- 数组长度: 4
- 示例值: array('f', [0.0, 4.665999889373779, 1.9900000095367432, 5.369999885559082])
[INFO] [1753423672.346071037] [solver_node]: 调用求解器前，distances shape: (4,), values: [       nan 4.66599989 1.99000001 5.36999989]
[INFO] [1753423672.349153316] [solver_node]: 求解器返回结果: []
[INFO] [1753423672.440072807] [solver_node]: 数据详情:
- 第一个元素类型: <class 'float'>
- 整个数组类型: <class 'array.array'>
- 数组长度: 4
- 示例值: array('f', [0.0, 4.665999889373779, 1.9900000095367432, 5.369999885559082])
[INFO] [1753423672.441564841] [solver_node]: 调用求解器前，distances shape: (4,), values: [       nan 4.66599989 1.99000001 5.36999989]
[INFO] [1753423672.444402954] [solver_node]: 求解器返回结果: []
[INFO] [1753423672.540831979] [solver_node]: 数据详情:
- 第一个元素类型: <class 'float'>
- 整个数组类型: <class 'array.array'>
- 数组长度: 4
- 示例值: array('f', [0.0, 4.665999889373779, 1.9900000095367432, 5.369999885559082])
[INFO] [1753423672.542829817] [solver_node]: 调用求解器前，distances shape: (4,), values: [       nan 4.66599989 1.99000001 5.36999989]
[INFO] [1753423672.547285727] [solver_node]: 求解器返回结果: []
[INFO] [1753423672.640161807] [solver_node]: 数据详情:
- 第一个元素类型: <class 'float'>
- 整个数组类型: <class 'array.array'>
- 数组长度: 4
- 示例值: array('f', [0.0, 4.665999889373779, 1.9900000095367432, 5.369999885559082])
[INFO] [1753423672.641605424] [solver_node]: 调用求解器前，distances shape: (4,), values: [       nan 4.66599989 1.99000001 5.36999989]
[INFO] [1753423672.644326318] [solver_node]: 求解器返回结果: []
[INFO] [1753423672.741435487] [solver_node]: 数据详情:
- 第一个元素类型: <class 'float'>
- 整个数组类型: <class 'array.array'>
- 数组长度: 4
- 示例值: array('f', [0.0, 4.665999889373779, 1.9900000095367432, 5.369999885559082])
[INFO] [1753423672.744081883] [solver_node]: 调用求解器前，distances shape: (4,), values: [       nan 4.66599989 1.99000001 5.36999989]
[INFO] [1753423672.747654381] [solver_node]: 求解器返回结果: []
[INFO] [1753423672.841183244] [solver_node]: 数据详情:
- 第一个元素类型: <class 'float'>
- 整个数组类型: <class 'array.array'>
- 数组长度: 4
- 示例值: array('f', [0.0, 4.665999889373779, 1.9900000095367432, 5.369999885559082])
[INFO] [1753423672.842854034] [solver_node]: 调用求解器前，distances shape: (4,), values: [       nan 4.66599989 1.99000001 5.36999989]
[INFO] [1753423672.845679251] [solver_node]: 求解器返回结果: []
[INFO] [1753423672.941047772] [solver_node]: 数据详情:
- 第一个元素类型: <class 'float'>
- 整个数组类型: <class 'array.array'>
- 数组长度: 4
- 示例值: array('f', [0.0, 4.665999889373779, 1.9900000095367432, 5.369999885559082])
[INFO] [1753423672.943075274] [solver_node]: 调用求解器前，distances shape: (4,), values: [       nan 4.66599989 1.99000001 5.36999989]
[INFO] [1753423672.946438679] [solver_node]: 求解器返回结果: []
[INFO] [1753423673.041718110] [solver_node]: 数据详情:
- 第一个元素类型: <class 'float'>
- 整个数组类型: <class 'array.array'>
- 数组长度: 4
- 示例值: array('f', [0.0, 4.665999889373779, 1.9900000095367432, 5.369999885559082])
[INFO] [1753423673.043322019] [solver_node]: 调用求解器前，distances shape: (4,), values: [       nan 4.66599989 1.99000001 5.36999989]
[INFO] [1753423673.046919669] [solver_node]: 求解器返回结果: []
[INFO] [1753423673.141036258] [solver_node]: 数据详情:
- 第一个元素类型: <class 'float'>
- 整个数组类型: <class 'array.array'>
- 数组长度: 4
- 示例值: array('f', [0.0, 4.665999889373779, 1.9900000095367432, 5.369999885559082])
[INFO] [1753423673.146261658] [solver_node]: 调用求解器前，distances shape: (4,), values: [       nan 4.66599989 1.99000001 5.36999989]
[INFO] [1753423673.151176810] [solver_node]: 求解器返回结果: []
[INFO] [1753423673.240266436] [solver_node]: 数据详情:
- 第一个元素类型: <class 'float'>
- 整个数组类型: <class 'array.array'>
- 数组长度: 4
- 示例值: array('f', [0.0, 4.665999889373779, 1.9900000095367432, 5.369999885559082])
[INFO] [1753423673.241737413] [solver_node]: 调用求解器前，distances shape: (4,), values: [       nan 4.66599989 1.99000001 5.36999989]
[INFO] [1753423673.244609703] [solver_node]: 求解器返回结果: []
[INFO] [1753423673.340502717] [solver_node]: 数据详情:
- 第一个元素类型: <class 'float'>
- 整个数组类型: <class 'array.array'>
- 数组长度: 4
- 示例值: array('f', [0.0, 4.665999889373779, 1.9900000095367432, 5.369999885559082])
[INFO] [1753423673.342605645] [solver_node]: 调用求解器前，distances shape: (4,), values: [       nan 4.66599989 1.99000001 5.36999989]
[INFO] [1753423673.346220896] [solver_node]: 求解器返回结果: []
[INFO] [1753423673.440762262] [solver_node]: 数据详情:
- 第一个元素类型: <class 'float'>
- 整个数组类型: <class 'array.array'>
- 数组长度: 4
- 示例值: array('f', [0.0, 4.665999889373779, 1.9900000095367432, 5.369999885559082])
[INFO] [1753423673.442604096] [solver_node]: 调用求解器前，distances shape: (4,), values: [       nan 4.66599989 1.99000001 5.36999989]
[INFO] [1753423673.445419457] [solver_node]: 求解器返回结果: []
[INFO] [1753423673.540757737] [solver_node]: 数据详情:
- 第一个元素类型: <class 'float'>
- 整个数组类型: <class 'array.array'>
- 数组长度: 4
- 示例值: array('f', [0.0, 4.665999889373779, 1.9900000095367432, 5.369999885559082])
[INFO] [1753423673.542814104] [solver_node]: 调用求解器前，distances shape: (4,), values: [       nan 4.66599989 1.99000001 5.36999989]
[INFO] [1753423673.546058819] [solver_node]: 求解器返回结果: []
[INFO] [1753423673.640376596] [solver_node]: 数据详情:
- 第一个元素类型: <class 'float'>
- 整个数组类型: <class 'array.array'>
- 数组长度: 4
- 示例值: array('f', [0.0, 4.665999889373779, 1.9900000095367432, 5.369999885559082])
[INFO] [1753423673.641841270] [solver_node]: 调用求解器前，distances shape: (4,), values: [       nan 4.66599989 1.99000001 5.36999989]
[INFO] [1753423673.644663606] [solver_node]: 求解器返回结果: []
[INFO] [1753423673.740301158] [solver_node]: 数据详情:
- 第一个元素类型: <class 'float'>
- 整个数组类型: <class 'array.array'>
- 数组长度: 4
- 示例值: array('f', [0.0, 4.665999889373779, 1.9900000095367432, 5.369999885559082])
[INFO] [1753423673.741982668] [solver_node]: 调用求解器前，distances shape: (4,), values: [       nan 4.66599989 1.99000001 5.36999989]
[INFO] [1753423673.745474908] [solver_node]: 求解器返回结果: []
[INFO] [1753423673.850182428] [solver_node]: 数据详情:
- 第一个元素类型: <class 'float'>
- 整个数组类型: <class 'array.array'>
- 数组长度: 4
- 示例值: array('f', [0.0, 4.665999889373779, 1.9900000095367432, 5.369999885559082])
[INFO] [1753423673.851771488] [solver_node]: 调用求解器前，distances shape: (4,), values: [       nan 4.66599989 1.99000001 5.36999989]
[INFO] [1753423673.854810214] [solver_node]: 求解器返回结果: []
[INFO] [1753423673.940200074] [solver_node]: 数据详情:
- 第一个元素类型: <class 'float'>
- 整个数组类型: <class 'array.array'>
- 数组长度: 4
- 示例值: array('f', [0.0, 4.665999889373779, 1.9900000095367432, 5.369999885559082])
[INFO] [1753423673.941946962] [solver_node]: 调用求解器前，distances shape: (4,), values: [       nan 4.66599989 1.99000001 5.36999989]
[INFO] [1753423673.947829561] [solver_node]: 求解器返回结果: []
[INFO] [1753423674.040396066] [solver_node]: 数据详情:
- 第一个元素类型: <class 'float'>
- 整个数组类型: <class 'array.array'>
- 数组长度: 4
- 示例值: array('f', [0.0, 4.665999889373779, 1.9900000095367432, 5.369999885559082])
[INFO] [1753423674.041914661] [solver_node]: 调用求解器前，distances shape: (4,), values: [       nan 4.66599989 1.99000001 5.36999989]
[INFO] [1753423674.046878231] [solver_node]: 求解器返回结果: []
[INFO] [1753423674.140709565] [solver_node]: 数据详情:
- 第一个元素类型: <class 'float'>
- 整个数组类型: <class 'array.array'>
- 数组长度: 4
- 示例值: array('f', [0.0, 4.665999889373779, 1.9900000095367432, 5.369999885559082])
[INFO] [1753423674.142180511] [solver_node]: 调用求解器前，distances shape: (4,), values: [       nan 4.66599989 1.99000001 5.36999989]
[INFO] [1753423674.145012160] [solver_node]: 求解器返回结果: []
[INFO] [1753423674.240107300] [solver_node]: 数据详情:
- 第一个元素类型: <class 'float'>
- 整个数组类型: <class 'array.array'>
- 数组长度: 4
- 示例值: array('f', [0.0, 4.665999889373779, 1.9900000095367432, 5.369999885559082])
[INFO] [1753423674.241540612] [solver_node]: 调用求解器前，distances shape: (4,), values: [       nan 4.66599989 1.99000001 5.36999989]
[INFO] [1753423674.244372613] [solver_node]: 求解器返回结果: []
[INFO] [1753423674.340036022] [solver_node]: 数据详情:
- 第一个元素类型: <class 'float'>
- 整个数组类型: <class 'array.array'>
- 数组长度: 4
- 示例值: array('f', [0.0, 4.665999889373779, 1.9900000095367432, 5.369999885559082])
[INFO] [1753423674.341542200] [solver_node]: 调用求解器前，distances shape: (4,), values: [       nan 4.66599989 1.99000001 5.36999989]
[INFO] [1753423674.345890556] [solver_node]: 求解器返回结果: []
[INFO] [1753423674.442339743] [solver_node]: 数据详情:
- 第一个元素类型: <class 'float'>
- 整个数组类型: <class 'array.array'>
- 数组长度: 4
- 示例值: array('f', [0.0, 4.665999889373779, 1.9900000095367432, 5.369999885559082])
[INFO] [1753423674.443835969] [solver_node]: 调用求解器前，distances shape: (4,), values: [       nan 4.66599989 1.99000001 5.36999989]
[INFO] [1753423674.446600576] [solver_node]: 求解器返回结果: []
[INFO] [1753423674.540467880] [solver_node]: 数据详情:
- 第一个元素类型: <class 'float'>
- 整个数组类型: <class 'array.array'>
- 数组长度: 4
- 示例值: array('f', [0.0, 4.665999889373779, 1.9900000095367432, 5.369999885559082])
[INFO] [1753423674.547726414] [solver_node]: 调用求解器前，distances shape: (4,), values: [       nan 4.66599989 1.99000001 5.36999989]
[INFO] [1753423674.552662015] [solver_node]: 求解器返回结果: []
[INFO] [1753423674.643311773] [solver_node]: 数据详情:
- 第一个元素类型: <class 'float'>
- 整个数组类型: <class 'array.array'>
- 数组长度: 4
- 示例值: array('f', [0.0, 4.665999889373779, 1.9900000095367432, 5.369999885559082])
[INFO] [1753423674.645373452] [solver_node]: 调用求解器前，distances shape: (4,), values: [       nan 4.66599989 1.99000001 5.36999989]
[INFO] [1753423674.650763464] [solver_node]: 求解器返回结果: []
[INFO] [1753423674.741199040] [solver_node]: 数据详情:
- 第一个元素类型: <class 'float'>
- 整个数组类型: <class 'array.array'>
- 数组长度: 4
- 示例值: array('f', [0.0, 4.665999889373779, 1.9900000095367432, 5.369999885559082])
[INFO] [1753423674.742768452] [solver_node]: 调用求解器前，distances shape: (4,), values: [       nan 4.66599989 1.99000001 5.36999989]
[INFO] [1753423674.748670988] [solver_node]: 求解器返回结果: []
[INFO] [1753423674.844517728] [solver_node]: 数据详情:
- 第一个元素类型: <class 'float'>
- 整个数组类型: <class 'array.array'>
- 数组长度: 4
- 示例值: array('f', [0.0, 4.665999889373779, 1.9900000095367432, 5.369999885559082])
[INFO] [1753423674.845959105] [solver_node]: 调用求解器前，distances shape: (4,), values: [       nan 4.66599989 1.99000001 5.36999989]
[INFO] [1753423674.848779970] [solver_node]: 求解器返回结果: []
[INFO] [1753423674.940642940] [solver_node]: 数据详情:
- 第一个元素类型: <class 'float'>
- 整个数组类型: <class 'array.array'>
- 数组长度: 4
- 示例值: array('f', [0.0, 4.665999889373779, 1.9900000095367432, 5.369999885559082])
[INFO] [1753423674.942080316] [solver_node]: 调用求解器前，distances shape: (4,), values: [       nan 4.66599989 1.99000001 5.36999989]
[INFO] [1753423674.944744442] [solver_node]: 求解器返回结果: []
[INFO] [1753423675.041110266] [solver_node]: 数据详情:
- 第一个元素类型: <class 'float'>
- 整个数组类型: <class 'array.array'>
- 数组长度: 4
- 示例值: array('f', [0.0, 4.665999889373779, 1.9900000095367432, 5.369999885559082])
[INFO] [1753423675.042587420] [solver_node]: 调用求解器前，distances shape: (4,), values: [       nan 4.66599989 1.99000001 5.36999989]
[INFO] [1753423675.045286330] [solver_node]: 求解器返回结果: []
[INFO] [1753423675.140149145] [solver_node]: 数据详情:
- 第一个元素类型: <class 'float'>
- 整个数组类型: <class 'array.array'>
- 数组长度: 4
- 示例值: array('f', [0.0, 4.665999889373779, 1.9900000095367432, 5.369999885559082])
[INFO] [1753423675.141570265] [solver_node]: 调用求解器前，distances shape: (4,), values: [       nan 4.66599989 1.99000001 5.36999989]
[INFO] [1753423675.145693304] [solver_node]: 求解器返回结果: []
[INFO] [1753423675.240383987] [solver_node]: 数据详情:
- 第一个元素类型: <class 'float'>
- 整个数组类型: <class 'array.array'>
- 数组长度: 4
- 示例值: array('f', [0.0, 4.665999889373779, 1.9900000095367432, 5.369999885559082])
[INFO] [1753423675.241801491] [solver_node]: 调用求解器前，distances shape: (4,), values: [       nan 4.66599989 1.99000001 5.36999989]
[INFO] [1753423675.244552434] [solver_node]: 求解器返回结果: []
[INFO] [1753423675.340133889] [solver_node]: 数据详情:
- 第一个元素类型: <class 'float'>
- 整个数组类型: <class 'array.array'>
- 数组长度: 4
- 示例值: array('f', [0.0, 4.665999889373779, 1.9900000095367432, 5.369999885559082])
[INFO] [1753423675.341595203] [solver_node]: 调用求解器前，distances shape: (4,), values: [       nan 4.66599989 1.99000001 5.36999989]
[INFO] [1753423675.344549383] [solver_node]: 求解器返回结果: []
[INFO] [1753423675.441615256] [solver_node]: 数据详情:
- 第一个元素类型: <class 'float'>
- 整个数组类型: <class 'array.array'>
- 数组长度: 4
- 示例值: array('f', [0.0, 4.665999889373779, 1.9900000095367432, 5.369999885559082])
[INFO] [1753423675.443540004] [solver_node]: 调用求解器前，distances shape: (4,), values: [       nan 4.66599989 1.99000001 5.36999989]
[INFO] [1753423675.446905489] [solver_node]: 求解器返回结果: []
[INFO] [1753423675.540389520] [solver_node]: 数据详情:
- 第一个元素类型: <class 'float'>
- 整个数组类型: <class 'array.array'>
- 数组长度: 4
- 示例值: array('f', [0.0, 4.665999889373779, 1.9900000095367432, 5.369999885559082])
[INFO] [1753423675.542160953] [solver_node]: 调用求解器前，distances shape: (4,), values: [       nan 4.66599989 1.99000001 5.36999989]
[INFO] [1753423675.551434349] [solver_node]: 求解器返回结果: []
[INFO] [1753423675.640844335] [solver_node]: 数据详情:
- 第一个元素类型: <class 'float'>
- 整个数组类型: <class 'array.array'>
- 数组长度: 4
- 示例值: array('f', [0.0, 4.665999889373779, 1.9900000095367432, 5.369999885559082])
[INFO] [1753423675.642261488] [solver_node]: 调用求解器前，distances shape: (4,), values: [       nan 4.66599989 1.99000001 5.36999989]
[INFO] [1753423675.644935245] [solver_node]: 求解器返回结果: []
[INFO] [1753423675.740119187] [solver_node]: 数据详情:
- 第一个元素类型: <class 'float'>
- 整个数组类型: <class 'array.array'>
- 数组长度: 4
- 示例值: array('f', [0.0, 4.665999889373779, 1.9900000095367432, 5.369999885559082])
[INFO] [1753423675.741574196] [solver_node]: 调用求解器前，distances shape: (4,), values: [       nan 4.66599989 1.99000001 5.36999989]
[INFO] [1753423675.744351988] [solver_node]: 求解器返回结果: []
[INFO] [1753423675.842957000] [solver_node]: 数据详情:
- 第一个元素类型: <class 'float'>
- 整个数组类型: <class 'array.array'>
- 数组长度: 4
- 示例值: array('f', [0.0, 4.665999889373779, 1.9900000095367432, 5.369999885559082])
[INFO] [1753423675.844878901] [solver_node]: 调用求解器前，distances shape: (4,), values: [       nan 4.66599989 1.99000001 5.36999989]
[INFO] [1753423675.847808344] [solver_node]: 求解器返回结果: []
[INFO] [1753423675.940056634] [solver_node]: 数据详情:
- 第一个元素类型: <class 'float'>
- 整个数组类型: <class 'array.array'>
- 数组长度: 4
- 示例值: array('f', [0.0, 4.665999889373779, 1.940999984741211, 5.369999885559082])
[INFO] [1753423675.941519996] [solver_node]: 调用求解器前，distances shape: (4,), values: [       nan 4.66599989 1.94099998 5.36999989]
[INFO] [1753423675.947472932] [solver_node]: 求解器返回结果: []
[INFO] [1753423676.041150792] [solver_node]: 数据详情:
- 第一个元素类型: <class 'float'>
- 整个数组类型: <class 'array.array'>
- 数组长度: 4
- 示例值: array('f', [0.0, 4.665999889373779, 1.940999984741211, 5.369999885559082])
[INFO] [1753423676.042724972] [solver_node]: 调用求解器前，distances shape: (4,), values: [       nan 4.66599989 1.94099998 5.36999989]
[INFO] [1753423676.045680240] [solver_node]: 求解器返回结果: []
[INFO] [1753423676.140162535] [solver_node]: 数据详情:
- 第一个元素类型: <class 'float'>
- 整个数组类型: <class 'array.array'>
- 数组长度: 4
- 示例值: array('f', [0.0, 4.665999889373779, 1.940999984741211, 5.369999885559082])
[INFO] [1753423676.141602920] [solver_node]: 调用求解器前，distances shape: (4,), values: [       nan 4.66599989 1.94099998 5.36999989]
[INFO] [1753423676.148152062] [solver_node]: 求解器返回结果: []
[INFO] [1753423676.240332703] [solver_node]: 数据详情:
- 第一个元素类型: <class 'float'>
- 整个数组类型: <class 'array.array'>
- 数组长度: 4
- 示例值: array('f', [0.0, 4.665999889373779, 1.940999984741211, 5.369999885559082])
[INFO] [1753423676.242071623] [solver_node]: 调用求解器前，distances shape: (4,), values: [       nan 4.66599989 1.94099998 5.36999989]
[INFO] [1753423676.245133870] [solver_node]: 求解器返回结果: []
[INFO] [1753423676.340278451] [solver_node]: 数据详情:
- 第一个元素类型: <class 'float'>
- 整个数组类型: <class 'array.array'>
- 数组长度: 4
- 示例值: array('f', [0.0, 4.665999889373779, 1.940999984741211, 5.369999885559082])
[INFO] [1753423676.341703252] [solver_node]: 调用求解器前，distances shape: (4,), values: [       nan 4.66599989 1.94099998 5.36999989]
[INFO] [1753423676.345095266] [solver_node]: 求解器返回结果: []
[INFO] [1753423676.440129605] [solver_node]: 数据详情:
- 第一个元素类型: <class 'float'>
- 整个数组类型: <class 'array.array'>
- 数组长度: 4
- 示例值: array('f', [0.0, 4.665999889373779, 1.940000057220459, 5.369999885559082])
[INFO] [1753423676.441539109] [solver_node]: 调用求解器前，distances shape: (4,), values: [       nan 4.66599989 1.94000006 5.36999989]
[INFO] [1753423676.444291108] [solver_node]: 求解器返回结果: []
[INFO] [1753423676.540232892] [solver_node]: 数据详情:
- 第一个元素类型: <class 'float'>
- 整个数组类型: <class 'array.array'>
- 数组长度: 4
- 示例值: array('f', [0.0, 4.665999889373779, 1.940000057220459, 5.369999885559082])
[INFO] [1753423676.541736511] [solver_node]: 调用求解器前，distances shape: (4,), values: [       nan 4.66599989 1.94000006 5.36999989]
[INFO] [1753423676.544558079] [solver_node]: 求解器返回结果: []
[INFO] [1753423676.640284434] [solver_node]: 数据详情:
- 第一个元素类型: <class 'float'>
- 整个数组类型: <class 'array.array'>
- 数组长度: 4
- 示例值: array('f', [0.0, 4.665999889373779, 1.940000057220459, 5.369999885559082])
[INFO] [1753423676.641786325] [solver_node]: 调用求解器前，distances shape: (4,), values: [       nan 4.66599989 1.94000006 5.36999989]
[INFO] [1753423676.644539956] [solver_node]: 求解器返回结果: []
[INFO] [1753423676.741366592] [solver_node]: 数据详情:
- 第一个元素类型: <class 'float'>
- 整个数组类型: <class 'array.array'>
- 数组长度: 4
- 示例值: array('f', [0.0, 4.665999889373779, 1.940000057220459, 5.369999885559082])
[INFO] [1753423676.743096776] [solver_node]: 调用求解器前，distances shape: (4,), values: [       nan 4.66599989 1.94000006 5.36999989]
[INFO] [1753423676.746468757] [solver_node]: 求解器返回结果: []
[INFO] [1753423676.839940500] [solver_node]: 数据详情:
- 第一个元素类型: <class 'float'>
- 整个数组类型: <class 'array.array'>
- 数组长度: 4
- 示例值: array('f', [0.0, 4.665999889373779, 1.940000057220459, 5.369999885559082])
[INFO] [1753423676.841372245] [solver_node]: 调用求解器前，distances shape: (4,), values: [       nan 4.66599989 1.94000006 5.36999989]
[INFO] [1753423676.844218967] [solver_node]: 求解器返回结果: []
[INFO] [1753423676.942548869] [solver_node]: 数据详情:
- 第一个元素类型: <class 'float'>
- 整个数组类型: <class 'array.array'>
- 数组长度: 4
- 示例值: array('f', [0.0, 4.665999889373779, 1.9490000009536743, 5.369999885559082])
[INFO] [1753423676.944252108] [solver_node]: 调用求解器前，distances shape: (4,), values: [       nan 4.66599989 1.949      5.36999989]
[INFO] [1753423676.948759444] [solver_node]: 求解器返回结果: []
[INFO] [1753423677.040082658] [solver_node]: 数据详情:
- 第一个元素类型: <class 'float'>
- 整个数组类型: <class 'array.array'>
- 数组长度: 4
- 示例值: array('f', [0.0, 4.665999889373779, 1.9490000009536743, 5.369999885559082])
[INFO] [1753423677.041590724] [solver_node]: 调用求解器前，distances shape: (4,), values: [       nan 4.66599989 1.949      5.36999989]
[INFO] [1753423677.044643370] [solver_node]: 求解器返回结果: []
[INFO] [1753423677.144559006] [solver_node]: 数据详情:
- 第一个元素类型: <class 'float'>
- 整个数组类型: <class 'array.array'>
- 数组长度: 4
- 示例值: array('f', [0.0, 4.665999889373779, 1.9490000009536743, 5.369999885559082])
[INFO] [1753423677.149962490] [solver_node]: 调用求解器前，distances shape: (4,), values: [       nan 4.66599989 1.949      5.36999989]
[INFO] [1753423677.152938494] [solver_node]: 求解器返回结果: []
[INFO] [1753423677.240575768] [solver_node]: 数据详情:
- 第一个元素类型: <class 'float'>
- 整个数组类型: <class 'array.array'>
- 数组长度: 4
- 示例值: array('f', [0.0, 4.665999889373779, 1.9490000009536743, 5.369999885559082])
[INFO] [1753423677.242196573] [solver_node]: 调用求解器前，distances shape: (4,), values: [       nan 4.66599989 1.949      5.36999989]
[INFO] [1753423677.244924028] [solver_node]: 求解器返回结果: []
[INFO] [1753423677.342367927] [solver_node]: 数据详情:
- 第一个元素类型: <class 'float'>
- 整个数组类型: <class 'array.array'>
- 数组长度: 4
- 示例值: array('f', [0.0, 4.665999889373779, 1.9490000009536743, 5.369999885559082])
[INFO] [1753423677.344709324] [solver_node]: 调用求解器前，distances shape: (4,), values: [       nan 4.66599989 1.949      5.36999989]
[INFO] [1753423677.348751945] [solver_node]: 求解器返回结果: []
[INFO] [1753423677.440505602] [solver_node]: 数据详情:
- 第一个元素类型: <class 'float'>
- 整个数组类型: <class 'array.array'>
- 数组长度: 4
- 示例值: array('f', [0.0, 4.665999889373779, 1.940999984741211, 5.369999885559082])
[INFO] [1753423677.443455973] [solver_node]: 调用求解器前，distances shape: (4,), values: [       nan 4.66599989 1.94099998 5.36999989]
[INFO] [1753423677.446441226] [solver_node]: 求解器返回结果: []
[INFO] [1753423677.540853183] [solver_node]: 数据详情:
- 第一个元素类型: <class 'float'>
- 整个数组类型: <class 'array.array'>
- 数组长度: 4
- 示例值: array('f', [0.0, 4.665999889373779, 1.940999984741211, 5.369999885559082])
[INFO] [1753423677.542295456] [solver_node]: 调用求解器前，distances shape: (4,), values: [       nan 4.66599989 1.94099998 5.36999989]
[INFO] [1753423677.545023199] [solver_node]: 求解器返回结果: []
[INFO] [1753423677.640835924] [solver_node]: 数据详情:
- 第一个元素类型: <class 'float'>
- 整个数组类型: <class 'array.array'>
- 数组长度: 4
- 示例值: array('f', [0.0, 4.665999889373779, 1.940999984741211, 5.369999885559082])
[INFO] [1753423677.643731863] [solver_node]: 调用求解器前，distances shape: (4,), values: [       nan 4.66599989 1.94099998 5.36999989]
[INFO] [1753423677.646764284] [solver_node]: 求解器返回结果: []
[INFO] [1753423677.740090809] [solver_node]: 数据详情:
- 第一个元素类型: <class 'float'>
- 整个数组类型: <class 'array.array'>
- 数组长度: 4
- 示例值: array('f', [0.0, 4.665999889373779, 1.940999984741211, 5.369999885559082])
[INFO] [1753423677.741528570] [solver_node]: 调用求解器前，distances shape: (4,), values: [       nan 4.66599989 1.94099998 5.36999989]
[INFO] [1753423677.744266104] [solver_node]: 求解器返回结果: []
[INFO] [1753423677.846183130] [solver_node]: 数据详情:
- 第一个元素类型: <class 'float'>
- 整个数组类型: <class 'array.array'>
- 数组长度: 4
- 示例值: array('f', [0.0, 4.665999889373779, 1.940999984741211, 5.369999885559082])
[INFO] [1753423677.849043035] [solver_node]: 调用求解器前，distances shape: (4,), values: [       nan 4.66599989 1.94099998 5.36999989]
[INFO] [1753423677.852636014] [solver_node]: 求解器返回结果: []
[INFO] [1753423677.940725074] [solver_node]: 数据详情:
- 第一个元素类型: <class 'float'>
- 整个数组类型: <class 'array.array'>
- 数组长度: 4
- 示例值: array('f', [0.0, 4.665999889373779, 1.940999984741211, 5.369999885559082])
[INFO] [1753423677.942170067] [solver_node]: 调用求解器前，distances shape: (4,), values: [       nan 4.66599989 1.94099998 5.36999989]
[INFO] [1753423677.944968307] [solver_node]: 求解器返回结果: []
[INFO] [1753423678.043661099] [solver_node]: 数据详情:
- 第一个元素类型: <class 'float'>
- 整个数组类型: <class 'array.array'>
- 数组长度: 4
- 示例值: array('f', [0.0, 4.665999889373779, 1.940999984741211, 5.369999885559082])
[INFO] [1753423678.047285950] [solver_node]: 调用求解器前，distances shape: (4,), values: [       nan 4.66599989 1.94099998 5.36999989]
[INFO] [1753423678.052130702] [solver_node]: 求解器返回结果: []
[INFO] [1753423678.140165969] [solver_node]: 数据详情:
- 第一个元素类型: <class 'float'>
- 整个数组类型: <class 'array.array'>
- 数组长度: 4
- 示例值: array('f', [0.0, 4.665999889373779, 1.940999984741211, 5.369999885559082])
[INFO] [1753423678.141764566] [solver_node]: 调用求解器前，distances shape: (4,), values: [       nan 4.66599989 1.94099998 5.36999989]
[INFO] [1753423678.144529941] [solver_node]: 求解器返回结果: []
[INFO] [1753423678.245255996] [solver_node]: 数据详情:
- 第一个元素类型: <class 'float'>
- 整个数组类型: <class 'array.array'>
- 数组长度: 4
- 示例值: array('f', [0.0, 4.665999889373779, 1.940999984741211, 5.369999885559082])
[INFO] [1753423678.247039557] [solver_node]: 调用求解器前，distances shape: (4,), values: [       nan 4.66599989 1.94099998 5.36999989]
[INFO] [1753423678.249975528] [solver_node]: 求解器返回结果: []
[INFO] [1753423678.340355521] [solver_node]: 数据详情:
- 第一个元素类型: <class 'float'>
- 整个数组类型: <class 'array.array'>
- 数组长度: 4
- 示例值: array('f', [0.0, 4.665999889373779, 1.940999984741211, 5.369999885559082])
[INFO] [1753423678.341796899] [solver_node]: 调用求解器前，distances shape: (4,), values: [       nan 4.66599989 1.94099998 5.36999989]
[INFO] [1753423678.344589091] [solver_node]: 求解器返回结果: []
[INFO] [1753423678.444109518] [solver_node]: 数据详情:
- 第一个元素类型: <class 'float'>
- 整个数组类型: <class 'array.array'>
- 数组长度: 4
- 示例值: array('f', [0.0, 4.665999889373779, 1.940999984741211, 5.369999885559082])
[INFO] [1753423678.445631665] [solver_node]: 调用求解器前，distances shape: (4,), values: [       nan 4.66599989 1.94099998 5.36999989]
[INFO] [1753423678.448543443] [solver_node]: 求解器返回结果: []
[INFO] [1753423678.540016838] [solver_node]: 数据详情:
- 第一个元素类型: <class 'float'>
- 整个数组类型: <class 'array.array'>
- 数组长度: 4
- 示例值: array('f', [0.0, 4.665999889373779, 1.940999984741211, 5.369999885559082])
[INFO] [1753423678.541487623] [solver_node]: 调用求解器前，distances shape: (4,), values: [       nan 4.66599989 1.94099998 5.36999989]
[INFO] [1753423678.544371018] [solver_node]: 求解器返回结果: []
[INFO] [1753423678.640279074] [solver_node]: 数据详情:
- 第一个元素类型: <class 'float'>
- 整个数组类型: <class 'array.array'>
- 数组长度: 4
- 示例值: array('f', [0.0, 4.665999889373779, 1.940999984741211, 5.369999885559082])
[INFO] [1753423678.641868838] [solver_node]: 调用求解器前，distances shape: (4,), values: [       nan 4.66599989 1.94099998 5.36999989]
[INFO] [1753423678.645040239] [solver_node]: 求解器返回结果: []
[INFO] [1753423678.740542814] [solver_node]: 数据详情:
- 第一个元素类型: <class 'float'>
- 整个数组类型: <class 'array.array'>
- 数组长度: 4
- 示例值: array('f', [0.0, 4.665999889373779, 1.940999984741211, 5.369999885559082])
[INFO] [1753423678.742060545] [solver_node]: 调用求解器前，distances shape: (4,), values: [       nan 4.66599989 1.94099998 5.36999989]
[INFO] [1753423678.745202729] [solver_node]: 求解器返回结果: []
[INFO] [1753423678.843872384] [solver_node]: 数据详情:
- 第一个元素类型: <class 'float'>
- 整个数组类型: <class 'array.array'>
- 数组长度: 4
- 示例值: array('f', [0.0, 4.665999889373779, 1.940999984741211, 5.369999885559082])
[INFO] [1753423678.846527901] [solver_node]: 调用求解器前，distances shape: (4,), values: [       nan 4.66599989 1.94099998 5.36999989]
[INFO] [1753423678.851576881] [solver_node]: 求解器返回结果: []
[INFO] [1753423678.940115872] [solver_node]: 数据详情:
- 第一个元素类型: <class 'float'>
- 整个数组类型: <class 'array.array'>
- 数组长度: 4
- 示例值: array('f', [0.0, 4.665999889373779, 1.940999984741211, 5.369999885559082])
[INFO] [1753423678.941649219] [solver_node]: 调用求解器前，distances shape: (4,), values: [       nan 4.66599989 1.94099998 5.36999989]
[INFO] [1753423678.944483332] [solver_node]: 求解器返回结果: []
[INFO] [1753423679.041959393] [solver_node]: 数据详情:
- 第一个元素类型: <class 'float'>
- 整个数组类型: <class 'array.array'>
- 数组长度: 4
- 示例值: array('f', [0.0, 4.665999889373779, 1.940999984741211, 5.369999885559082])
[INFO] [1753423679.043602950] [solver_node]: 调用求解器前，distances shape: (4,), values: [       nan 4.66599989 1.94099998 5.36999989]
[INFO] [1753423679.046999764] [solver_node]: 求解器返回结果: []
[INFO] [1753423679.140194767] [solver_node]: 数据详情:
- 第一个元素类型: <class 'float'>
- 整个数组类型: <class 'array.array'>
- 数组长度: 4
- 示例值: array('f', [0.0, 4.665999889373779, 1.940999984741211, 5.369999885559082])
[INFO] [1753423679.142083290] [solver_node]: 调用求解器前，distances shape: (4,), values: [       nan 4.66599989 1.94099998 5.36999989]
[INFO] [1753423679.147063116] [solver_node]: 求解器返回结果: []
[INFO] [1753423679.240796883] [solver_node]: 数据详情:
- 第一个元素类型: <class 'float'>
- 整个数组类型: <class 'array.array'>
- 数组长度: 4
- 示例值: array('f', [0.0, 4.665999889373779, 1.940999984741211, 5.369999885559082])
[INFO] [1753423679.242546139] [solver_node]: 调用求解器前，distances shape: (4,), values: [       nan 4.66599989 1.94099998 5.36999989]
[INFO] [1753423679.245751621] [solver_node]: 求解器返回结果: []
[INFO] [1753423679.340144123] [solver_node]: 数据详情:
- 第一个元素类型: <class 'float'>
- 整个数组类型: <class 'array.array'>
- 数组长度: 4
- 示例值: array('f', [0.0, 4.665999889373779, 1.940999984741211, 5.369999885559082])
[INFO] [1753423679.341640957] [solver_node]: 调用求解器前，distances shape: (4,), values: [       nan 4.66599989 1.94099998 5.36999989]
[INFO] [1753423679.345121325] [solver_node]: 求解器返回结果: []
[INFO] [1753423679.440309333] [solver_node]: 数据详情:
- 第一个元素类型: <class 'float'>
- 整个数组类型: <class 'array.array'>
- 数组长度: 4
- 示例值: array('f', [0.0, 4.665999889373779, 1.940999984741211, 5.369999885559082])
[INFO] [1753423679.442223105] [solver_node]: 调用求解器前，distances shape: (4,), values: [       nan 4.66599989 1.94099998 5.36999989]
[INFO] [1753423679.445305224] [solver_node]: 求解器返回结果: []
[INFO] [1753423679.541088989] [solver_node]: 数据详情:
- 第一个元素类型: <class 'float'>
- 整个数组类型: <class 'array.array'>
- 数组长度: 4
- 示例值: array('f', [0.0, 4.665999889373779, 1.9420000314712524, 5.369999885559082])
[INFO] [1753423679.546802688] [solver_node]: 调用求解器前，distances shape: (4,), values: [       nan 4.66599989 1.94200003 5.36999989]
[INFO] [1753423679.553216500] [solver_node]: 求解器返回结果: []
[INFO] [1753423679.640157151] [solver_node]: 数据详情:
- 第一个元素类型: <class 'float'>
- 整个数组类型: <class 'array.array'>
- 数组长度: 4
- 示例值: array('f', [0.0, 4.665999889373779, 1.9420000314712524, 5.369999885559082])
[INFO] [1753423679.641630368] [solver_node]: 调用求解器前，distances shape: (4,), values: [       nan 4.66599989 1.94200003 5.36999989]
[INFO] [1753423679.644422848] [solver_node]: 求解器返回结果: []
[INFO] [1753423679.740215926] [solver_node]: 数据详情:
- 第一个元素类型: <class 'float'>
- 整个数组类型: <class 'array.array'>
- 数组长度: 4
- 示例值: array('f', [0.0, 4.665999889373779, 1.9420000314712524, 5.369999885559082])
[INFO] [1753423679.741916669] [solver_node]: 调用求解器前，distances shape: (4,), values: [       nan 4.66599989 1.94200003 5.36999989]
[INFO] [1753423679.746029372] [solver_node]: 求解器返回结果: []
[INFO] [1753423679.840466867] [solver_node]: 数据详情:
- 第一个元素类型: <class 'float'>
- 整个数组类型: <class 'array.array'>
- 数组长度: 4
- 示例值: array('f', [0.0, 4.665999889373779, 1.9420000314712524, 5.369999885559082])
[INFO] [1753423679.841994774] [solver_node]: 调用求解器前，distances shape: (4,), values: [       nan 4.66599989 1.94200003 5.36999989]
[INFO] [1753423679.845464901] [solver_node]: 求解器返回结果: []
[INFO] [1753423679.940116257] [solver_node]: 数据详情:
- 第一个元素类型: <class 'float'>
- 整个数组类型: <class 'array.array'>
- 数组长度: 4
- 示例值: array('f', [0.0, 4.665999889373779, 1.9420000314712524, 5.370999813079834])
[INFO] [1753423679.941554850] [solver_node]: 调用求解器前，distances shape: (4,), values: [       nan 4.66599989 1.94200003 5.37099981]
[INFO] [1753423679.945371546] [solver_node]: 求解器返回结果: []
[INFO] [1753423680.040517153] [solver_node]: 数据详情:
- 第一个元素类型: <class 'float'>
- 整个数组类型: <class 'array.array'>
- 数组长度: 4
- 示例值: array('f', [0.0, 4.665999889373779, 1.944000005722046, 5.370999813079834])
[INFO] [1753423680.041953474] [solver_node]: 调用求解器前，distances shape: (4,), values: [       nan 4.66599989 1.94400001 5.37099981]
[INFO] [1753423680.044679649] [solver_node]: 求解器返回结果: []
[INFO] [1753423680.140590170] [solver_node]: 数据详情:
- 第一个元素类型: <class 'float'>
- 整个数组类型: <class 'array.array'>
- 数组长度: 4
- 示例值: array('f', [0.0, 4.665999889373779, 1.944000005722046, 5.370999813079834])
[INFO] [1753423680.142057980] [solver_node]: 调用求解器前，distances shape: (4,), values: [       nan 4.66599989 1.94400001 5.37099981]
[INFO] [1753423680.145039200] [solver_node]: 求解器返回结果: []
[INFO] [1753423680.240095270] [solver_node]: 数据详情:
- 第一个元素类型: <class 'float'>
- 整个数组类型: <class 'array.array'>
- 数组长度: 4
- 示例值: array('f', [0.0, 4.665999889373779, 1.944000005722046, 5.370999813079834])
[INFO] [1753423680.241529606] [solver_node]: 调用求解器前，distances shape: (4,), values: [       nan 4.66599989 1.94400001 5.37099981]
[INFO] [1753423680.244372264] [solver_node]: 求解器返回结果: []
[INFO] [1753423680.340091741] [solver_node]: 数据详情:
- 第一个元素类型: <class 'float'>
- 整个数组类型: <class 'array.array'>
- 数组长度: 4
- 示例值: array('f', [0.0, 4.665999889373779, 1.944000005722046, 5.370999813079834])
[INFO] [1753423680.341750979] [solver_node]: 调用求解器前，distances shape: (4,), values: [       nan 4.66599989 1.94400001 5.37099981]
[INFO] [1753423680.347041340] [solver_node]: 求解器返回结果: []
[INFO] [1753423680.444975908] [solver_node]: 数据详情:
- 第一个元素类型: <class 'float'>
- 整个数组类型: <class 'array.array'>
- 数组长度: 4
- 示例值: array('f', [0.0, 4.665999889373779, 1.944000005722046, 5.370999813079834])
[INFO] [1753423680.446535175] [solver_node]: 调用求解器前，distances shape: (4,), values: [       nan 4.66599989 1.94400001 5.37099981]
[INFO] [1753423680.449473259] [solver_node]: 求解器返回结果: []
[INFO] [1753423680.540208429] [solver_node]: 数据详情:
- 第一个元素类型: <class 'float'>
- 整个数组类型: <class 'array.array'>
- 数组长度: 4
- 示例值: array('f', [0.0, 4.665999889373779, 1.9420000314712524, 5.370999813079834])
[INFO] [1753423680.541709360] [solver_node]: 调用求解器前，distances shape: (4,), values: [       nan 4.66599989 1.94200003 5.37099981]
[INFO] [1753423680.544839224] [solver_node]: 求解器返回结果: []
[INFO] [1753423680.640293542] [solver_node]: 数据详情:
- 第一个元素类型: <class 'float'>
- 整个数组类型: <class 'array.array'>
- 数组长度: 4
- 示例值: array('f', [0.0, 4.665999889373779, 1.9420000314712524, 5.370999813079834])
[INFO] [1753423680.641771176] [solver_node]: 调用求解器前，distances shape: (4,), values: [       nan 4.66599989 1.94200003 5.37099981]
[INFO] [1753423680.644632042] [solver_node]: 求解器返回结果: []
[INFO] [1753423680.740173915] [solver_node]: 数据详情:
- 第一个元素类型: <class 'float'>
- 整个数组类型: <class 'array.array'>
- 数组长度: 4
- 示例值: array('f', [0.0, 4.665999889373779, 1.9420000314712524, 5.370999813079834])
[INFO] [1753423680.741642908] [solver_node]: 调用求解器前，distances shape: (4,), values: [       nan 4.66599989 1.94200003 5.37099981]
[INFO] [1753423680.745036074] [solver_node]: 求解器返回结果: []
[INFO] [1753423680.840866146] [solver_node]: 数据详情:
- 第一个元素类型: <class 'float'>
- 整个数组类型: <class 'array.array'>
- 数组长度: 4
- 示例值: array('f', [0.0, 4.665999889373779, 1.9420000314712524, 5.370999813079834])
[INFO] [1753423680.842506247] [solver_node]: 调用求解器前，distances shape: (4,), values: [       nan 4.66599989 1.94200003 5.37099981]
[INFO] [1753423680.845322504] [solver_node]: 求解器返回结果: []
[INFO] [1753423680.940166793] [solver_node]: 数据详情:
- 第一个元素类型: <class 'float'>
- 整个数组类型: <class 'array.array'>
- 数组长度: 4
- 示例值: array('f', [0.0, 4.665999889373779, 1.9420000314712524, 5.370999813079834])
[INFO] [1753423680.941590441] [solver_node]: 调用求解器前，distances shape: (4,), values: [       nan 4.66599989 1.94200003 5.37099981]
[INFO] [1753423680.944498284] [solver_node]: 求解器返回结果: []
[INFO] [1753423681.040755437] [solver_node]: 数据详情:
- 第一个元素类型: <class 'float'>
- 整个数组类型: <class 'array.array'>
- 数组长度: 4
- 示例值: array('f', [0.0, 4.665999889373779, 1.9420000314712524, 5.370999813079834])
[INFO] [1753423681.042292753] [solver_node]: 调用求解器前，distances shape: (4,), values: [       nan 4.66599989 1.94200003 5.37099981]
[INFO] [1753423681.045262965] [solver_node]: 求解器返回结果: []
[INFO] [1753423681.140228473] [solver_node]: 数据详情:
- 第一个元素类型: <class 'float'>
- 整个数组类型: <class 'array.array'>
- 数组长度: 4
- 示例值: array('f', [0.0, 4.665999889373779, 1.944000005722046, 5.370999813079834])
[INFO] [1753423681.141832286] [solver_node]: 调用求解器前，distances shape: (4,), values: [       nan 4.66599989 1.94400001 5.37099981]
[INFO] [1753423681.145052488] [solver_node]: 求解器返回结果: []
[INFO] [1753423681.241364395] [solver_node]: 数据详情:
- 第一个元素类型: <class 'float'>
- 整个数组类型: <class 'array.array'>
- 数组长度: 4
- 示例值: array('f', [0.0, 4.665999889373779, 1.944000005722046, 5.370999813079834])
[INFO] [1753423681.242888910] [solver_node]: 调用求解器前，distances shape: (4,), values: [       nan 4.66599989 1.94400001 5.37099981]
[INFO] [1753423681.245709582] [solver_node]: 求解器返回结果: []
[INFO] [1753423681.340206663] [solver_node]: 数据详情:
- 第一个元素类型: <class 'float'>
- 整个数组类型: <class 'array.array'>
- 数组长度: 4
- 示例值: array('f', [0.0, 4.665999889373779, 1.944000005722046, 5.370999813079834])
[INFO] [1753423681.341688938] [solver_node]: 调用求解器前，distances shape: (4,), values: [       nan 4.66599989 1.94400001 5.37099981]
[INFO] [1753423681.344626477] [solver_node]: 求解器返回结果: []
[INFO] [1753423681.441174293] [solver_node]: 数据详情:
- 第一个元素类型: <class 'float'>
- 整个数组类型: <class 'array.array'>
- 数组长度: 4
- 示例值: array('f', [0.0, 4.665999889373779, 1.944000005722046, 5.370999813079834])
[INFO] [1753423681.442779482] [solver_node]: 调用求解器前，distances shape: (4,), values: [       nan 4.66599989 1.94400001 5.37099981]
[INFO] [1753423681.445606203] [solver_node]: 求解器返回结果: []
[INFO] [1753423681.540167318] [solver_node]: 数据详情:
- 第一个元素类型: <class 'float'>
- 整个数组类型: <class 'array.array'>
- 数组长度: 4
- 示例值: array('f', [0.0, 4.665999889373779, 1.944000005722046, 5.370999813079834])
[INFO] [1753423681.541641560] [solver_node]: 调用求解器前，distances shape: (4,), values: [       nan 4.66599989 1.94400001 5.37099981]
[INFO] [1753423681.544366966] [solver_node]: 求解器返回结果: []
[INFO] [1753423681.642446722] [solver_node]: 数据详情:
- 第一个元素类型: <class 'float'>
- 整个数组类型: <class 'array.array'>
- 数组长度: 4
- 示例值: array('f', [0.0, 4.665999889373779, 1.9450000524520874, 5.370999813079834])
[INFO] [1753423681.644503601] [solver_node]: 调用求解器前，distances shape: (4,), values: [       nan 4.66599989 1.94500005 5.37099981]
[INFO] [1753423681.648686737] [solver_node]: 求解器返回结果: []
[INFO] [1753423681.740943767] [solver_node]: 数据详情:
- 第一个元素类型: <class 'float'>
- 整个数组类型: <class 'array.array'>
- 数组长度: 4
- 示例值: array('f', [0.0, 4.665999889373779, 1.9450000524520874, 5.370999813079834])
[INFO] [1753423681.742427353] [solver_node]: 调用求解器前，distances shape: (4,), values: [       nan 4.66599989 1.94500005 5.37099981]
[INFO] [1753423681.745365244] [solver_node]: 求解器返回结果: []
[INFO] [1753423681.840540965] [solver_node]: 数据详情:
- 第一个元素类型: <class 'float'>
- 整个数组类型: <class 'array.array'>
- 数组长度: 4
- 示例值: array('f', [0.0, 4.665999889373779, 1.9450000524520874, 5.370999813079834])
[INFO] [1753423681.842046440] [solver_node]: 调用求解器前，distances shape: (4,), values: [       nan 4.66599989 1.94500005 5.37099981]
[INFO] [1753423681.844938282] [solver_node]: 求解器返回结果: []
[INFO] [1753423681.943961995] [solver_node]: 数据详情:
- 第一个元素类型: <class 'float'>
- 整个数组类型: <class 'array.array'>
- 数组长度: 4
- 示例值: array('f', [0.0, 4.665999889373779, 1.9450000524520874, 5.370999813079834])
[INFO] [1753423681.948244813] [solver_node]: 调用求解器前，distances shape: (4,), values: [       nan 4.66599989 1.94500005 5.37099981]
[INFO] [1753423681.951445495] [solver_node]: 求解器返回结果: []
[INFO] [1753423682.041493834] [solver_node]: 数据详情:
- 第一个元素类型: <class 'float'>
- 整个数组类型: <class 'array.array'>
- 数组长度: 4
- 示例值: array('f', [0.0, 4.665999889373779, 1.9450000524520874, 5.370999813079834])
[INFO] [1753423682.043013069] [solver_node]: 调用求解器前，distances shape: (4,), values: [       nan 4.66599989 1.94500005 5.37099981]
[INFO] [1753423682.045818798] [solver_node]: 求解器返回结果: []
[INFO] [1753423682.142061711] [solver_node]: 数据详情:
- 第一个元素类型: <class 'float'>
- 整个数组类型: <class 'array.array'>
- 数组长度: 4
- 示例值: array('f', [0.0, 4.665999889373779, 1.9420000314712524, 5.370999813079834])
[INFO] [1753423682.143841144] [solver_node]: 调用求解器前，distances shape: (4,), values: [       nan 4.66599989 1.94200003 5.37099981]
[INFO] [1753423682.146815613] [solver_node]: 求解器返回结果: []
[INFO] [1753423682.241108914] [solver_node]: 数据详情:
- 第一个元素类型: <class 'float'>
- 整个数组类型: <class 'array.array'>
- 数组长度: 4
- 示例值: array('f', [0.0, 4.665999889373779, 1.9420000314712524, 5.370999813079834])
[INFO] [1753423682.242697814] [solver_node]: 调用求解器前，distances shape: (4,), values: [       nan 4.66599989 1.94200003 5.37099981]
[INFO] [1753423682.245607289] [solver_node]: 求解器返回结果: []
[INFO] [1753423682.341731320] [solver_node]: 数据详情:
- 第一个元素类型: <class 'float'>
- 整个数组类型: <class 'array.array'>
- 数组长度: 4
- 示例值: array('f', [0.0, 4.665999889373779, 1.9420000314712524, 5.370999813079834])
[INFO] [1753423682.343403806] [solver_node]: 调用求解器前，distances shape: (4,), values: [       nan 4.66599989 1.94200003 5.37099981]
[INFO] [1753423682.346524518] [solver_node]: 求解器返回结果: []
[INFO] [1753423682.440160204] [solver_node]: 数据详情:
- 第一个元素类型: <class 'float'>
- 整个数组类型: <class 'array.array'>
- 数组长度: 4
- 示例值: array('f', [0.0, 4.665999889373779, 1.9420000314712524, 5.369999885559082])
[INFO] [1753423682.441600461] [solver_node]: 调用求解器前，distances shape: (4,), values: [       nan 4.66599989 1.94200003 5.36999989]
[INFO] [1753423682.444576593] [solver_node]: 求解器返回结果: []
[INFO] [1753423682.542921507] [solver_node]: 数据详情:
- 第一个元素类型: <class 'float'>
- 整个数组类型: <class 'array.array'>
- 数组长度: 4
- 示例值: array('f', [0.0, 4.665999889373779, 1.9420000314712524, 5.369999885559082])
[INFO] [1753423682.545208024] [solver_node]: 调用求解器前，distances shape: (4,), values: [       nan 4.66599989 1.94200003 5.36999989]
[INFO] [1753423682.548463171] [solver_node]: 求解器返回结果: []
[INFO] [1753423682.640052442] [solver_node]: 数据详情:
- 第一个元素类型: <class 'float'>
- 整个数组类型: <class 'array.array'>
- 数组长度: 4
- 示例值: array('f', [0.0, 4.665999889373779, 1.9420000314712524, 5.369999885559082])
[INFO] [1753423682.642163690] [solver_node]: 调用求解器前，distances shape: (4,), values: [       nan 4.66599989 1.94200003 5.36999989]
[INFO] [1753423682.645054380] [solver_node]: 求解器返回结果: []
[INFO] [1753423682.741556564] [solver_node]: 数据详情:
- 第一个元素类型: <class 'float'>
- 整个数组类型: <class 'array.array'>
- 数组长度: 4
- 示例值: array('f', [0.0, 4.665999889373779, 1.9420000314712524, 5.370999813079834])
[INFO] [1753423682.745961689] [solver_node]: 调用求解器前，distances shape: (4,), values: [       nan 4.66599989 1.94200003 5.37099981]
[INFO] [1753423682.752219497] [solver_node]: 求解器返回结果: []
[INFO] [1753423682.840362577] [solver_node]: 数据详情:
- 第一个元素类型: <class 'float'>
- 整个数组类型: <class 'array.array'>
- 数组长度: 4
- 示例值: array('f', [0.0, 4.665999889373779, 1.9420000314712524, 5.370999813079834])
[INFO] [1753423682.841829715] [solver_node]: 调用求解器前，distances shape: (4,), values: [       nan 4.66599989 1.94200003 5.37099981]
[INFO] [1753423682.844603986] [solver_node]: 求解器返回结果: []
[INFO] [1753423682.941912493] [solver_node]: 数据详情:
- 第一个元素类型: <class 'float'>
- 整个数组类型: <class 'array.array'>
- 数组长度: 4
- 示例值: array('f', [0.0, 4.665999889373779, 1.9420000314712524, 5.370999813079834])
[INFO] [1753423682.945042804] [solver_node]: 调用求解器前，distances shape: (4,), values: [       nan 4.66599989 1.94200003 5.37099981]
[INFO] [1753423682.949927717] [solver_node]: 求解器返回结果: []
[INFO] [1753423683.041052273] [solver_node]: 数据详情:
- 第一个元素类型: <class 'float'>
- 整个数组类型: <class 'array.array'>
- 数组长度: 4
- 示例值: array('f', [0.0, 4.665999889373779, 1.9420000314712524, 5.370999813079834])
[INFO] [1753423683.043110912] [solver_node]: 调用求解器前，distances shape: (4,), values: [       nan 4.66599989 1.94200003 5.37099981]
[INFO] [1753423683.048260407] [solver_node]: 求解器返回结果: []
[INFO] [1753423683.140031314] [solver_node]: 数据详情:
- 第一个元素类型: <class 'float'>
- 整个数组类型: <class 'array.array'>
- 数组长度: 4
- 示例值: array('f', [0.0, 4.665999889373779, 1.9420000314712524, 5.370999813079834])
[INFO] [1753423683.141538421] [solver_node]: 调用求解器前，distances shape: (4,), values: [       nan 4.66599989 1.94200003 5.37099981]
[INFO] [1753423683.144595643] [solver_node]: 求解器返回结果: []
[INFO] [1753423683.243057200] [solver_node]: 数据详情:
- 第一个元素类型: <class 'float'>
- 整个数组类型: <class 'array.array'>
- 数组长度: 4
- 示例值: array('f', [0.0, 4.665999889373779, 1.9420000314712524, 5.370999813079834])
[INFO] [1753423683.244977532] [solver_node]: 调用求解器前，distances shape: (4,), values: [       nan 4.66599989 1.94200003 5.37099981]
[INFO] [1753423683.249402178] [solver_node]: 求解器返回结果: []
[INFO] [1753423683.340181447] [solver_node]: 数据详情:
- 第一个元素类型: <class 'float'>
- 整个数组类型: <class 'array.array'>
- 数组长度: 4
- 示例值: array('f', [0.0, 4.665999889373779, 1.9420000314712524, 5.370999813079834])
[INFO] [1753423683.341758859] [solver_node]: 调用求解器前，distances shape: (4,), values: [       nan 4.66599989 1.94200003 5.37099981]
[INFO] [1753423683.345165273] [solver_node]: 求解器返回结果: []
[INFO] [1753423683.441174870] [solver_node]: 数据详情:
- 第一个元素类型: <class 'float'>
- 整个数组类型: <class 'array.array'>
- 数组长度: 4
- 示例值: array('f', [0.0, 4.665999889373779, 1.9420000314712524, 5.370999813079834])
[INFO] [1753423683.444952717] [solver_node]: 调用求解器前，distances shape: (4,), values: [       nan 4.66599989 1.94200003 5.37099981]
[INFO] [1753423683.448899720] [solver_node]: 求解器返回结果: []
[INFO] [1753423683.541369907] [solver_node]: 数据详情:
- 第一个元素类型: <class 'float'>
- 整个数组类型: <class 'array.array'>
- 数组长度: 4
- 示例值: array('f', [0.0, 4.665999889373779, 1.9420000314712524, 5.370999813079834])
[INFO] [1753423683.542910295] [solver_node]: 调用求解器前，distances shape: (4,), values: [       nan 4.66599989 1.94200003 5.37099981]
[INFO] [1753423683.545723863] [solver_node]: 求解器返回结果: []
