[INFO] [1753970419.641592629] [visualizer_node]: Initializing VisualizerNode...
[INFO] [1753970419.642984570] [visualizer_node]: Using fixed frame: laser_dist_map
[INFO] [1753970419.643674588] [visualizer_node]: Loading configuration...
[INFO] [1753970419.650869409] [visualizer_node]: formatted_laser_config: [((0.37212, 1.55), 1.5708), ((0.37212, -1.55), -1.5708), ((0.37241, 0.45), 0.0), ((0.36471, 3.82), 3.1416)]
[INFO] [1753970419.651626502] [visualizer_node]: Configuration loaded successfully.
[INFO] [1753970419.673863730] [visualizer_node]: TF broadcaster initialized
[INFO] [1753970419.703664309] [visualizer_node]: Publisher initialized for boundary markers
[INFO] [1753970419.707051357] [visualizer_node]: Subscribed to /laser_solutions topic
[INFO] [1753970419.707754271] [visualizer_node]: Marker ID and color map initialized
[INFO] [1753970419.708514757] [visualizer_node]: Boundary publisher timer initialized
[INFO] [1753970419.709228360] [visualizer_node]: Solution visualization timer initialized
[INFO] [1753970419.709886153] [visualizer_node]: VisualizerNode initialized and ready to visualize.
[INFO] [1753970419.710535945] [visualizer_node_main]: VisualizerNode is running...
[INFO] [1753970420.710428978] [visualizer_node]: 发布场地边界: 左下角(0,0), 右上角(9.998,8.0)
[INFO] [1753970420.711215865] [visualizer_node]: Published boundary markers and TFs
[INFO] [1753970421.710046513] [visualizer_node]: 发布场地边界: 左下角(0,0), 右上角(9.998,8.0)
[INFO] [1753970421.710830776] [visualizer_node]: Published boundary markers and TFs
[INFO] [1753970422.710199533] [visualizer_node]: 发布场地边界: 左下角(0,0), 右上角(9.998,8.0)
[INFO] [1753970422.711005589] [visualizer_node]: Published boundary markers and TFs
[INFO] [1753970423.710273097] [visualizer_node]: 发布场地边界: 左下角(0,0), 右上角(9.998,8.0)
[INFO] [1753970423.711072688] [visualizer_node]: Published boundary markers and TFs
[INFO] [1753970424.710469389] [visualizer_node]: 发布场地边界: 左下角(0,0), 右上角(9.998,8.0)
[INFO] [1753970424.711189649] [visualizer_node]: Published boundary markers and TFs
