[INFO] [1754230764.946133626] [solver_node]: [PerpendicularDistanceLocalizer] 前束索引: [2], 后束索引: [3, 4]
[INFO] [1754230764.950845787] [solver_node]: [PerpendicularDistanceLocalizer] 左束索引: [0], 右束索引: [1]
[INFO] [1754230764.959487699] [solver_node]: [PerpendicularDistanceLocalizer] 垂直距离定位器已初始化，需要调用calibrate()方法进行标定
[INFO] [1754230764.982053998] [solver_node]: SolverNode启动，进入初始化阶段，需要收集100次激光数据进行标定...
[INFO] [1754230765.077756637] [solver_node]: 标定数据收集进度: 1/100
[INFO] [1754230765.182648075] [solver_node]: 标定数据收集进度: 2/100
[INFO] [1754230765.298842848] [solver_node]: 标定数据收集进度: 3/100
[INFO] [1754230765.378829717] [solver_node]: 标定数据收集进度: 4/100
[INFO] [1754230765.477195121] [solver_node]: 标定数据收集进度: 5/100
[INFO] [1754230765.578923511] [solver_node]: 标定数据收集进度: 6/100
[INFO] [1754230765.678849386] [solver_node]: 标定数据收集进度: 7/100
[INFO] [1754230765.777694527] [solver_node]: 标定数据收集进度: 8/100
[INFO] [1754230765.887855673] [solver_node]: 标定数据收集进度: 9/100
[INFO] [1754230765.987821126] [solver_node]: 标定数据收集进度: 10/100
[INFO] [1754230766.090365980] [solver_node]: 标定数据收集进度: 11/100
[INFO] [1754230766.178299256] [solver_node]: 标定数据收集进度: 12/100
[INFO] [1754230766.284886350] [solver_node]: 标定数据收集进度: 13/100
[INFO] [1754230766.390161799] [solver_node]: 标定数据收集进度: 14/100
[INFO] [1754230766.476432924] [solver_node]: 标定数据收集进度: 15/100
[INFO] [1754230766.591626538] [solver_node]: 标定数据收集进度: 16/100
[INFO] [1754230766.687816626] [solver_node]: 标定数据收集进度: 17/100
[INFO] [1754230766.780635732] [solver_node]: 标定数据收集进度: 18/100
[INFO] [1754230766.895847199] [solver_node]: 标定数据收集进度: 19/100
[INFO] [1754230766.976730298] [solver_node]: 标定数据收集进度: 20/100
[INFO] [1754230767.080804948] [solver_node]: 标定数据收集进度: 21/100
[INFO] [1754230767.205292788] [solver_node]: 标定数据收集进度: 22/100
[INFO] [1754230767.281199461] [solver_node]: 标定数据收集进度: 23/100
[INFO] [1754230767.379356335] [solver_node]: 标定数据收集进度: 24/100
[INFO] [1754230767.484719681] [solver_node]: 标定数据收集进度: 25/100
[INFO] [1754230767.587214082] [solver_node]: 标定数据收集进度: 26/100
[INFO] [1754230767.676247939] [solver_node]: 标定数据收集进度: 27/100
[INFO] [1754230767.776481590] [solver_node]: 标定数据收集进度: 28/100
[INFO] [1754230767.875262979] [solver_node]: 标定数据收集进度: 29/100
[INFO] [1754230767.991854082] [solver_node]: 标定数据收集进度: 30/100
[INFO] [1754230768.076541245] [solver_node]: 标定数据收集进度: 31/100
[INFO] [1754230768.181872443] [solver_node]: 标定数据收集进度: 32/100
[INFO] [1754230768.284957961] [solver_node]: 标定数据收集进度: 33/100
[INFO] [1754230768.375706100] [solver_node]: 标定数据收集进度: 34/100
[INFO] [1754230768.483223017] [solver_node]: 标定数据收集进度: 35/100
[INFO] [1754230768.582197185] [solver_node]: 标定数据收集进度: 36/100
[INFO] [1754230768.675983299] [solver_node]: 标定数据收集进度: 37/100
[INFO] [1754230768.775360222] [solver_node]: 标定数据收集进度: 38/100
[INFO] [1754230768.877571344] [solver_node]: 标定数据收集进度: 39/100
[INFO] [1754230768.976737707] [solver_node]: 标定数据收集进度: 40/100
[INFO] [1754230769.087295364] [solver_node]: 标定数据收集进度: 41/100
[INFO] [1754230769.176260740] [solver_node]: 标定数据收集进度: 42/100
[INFO] [1754230769.280853111] [solver_node]: 标定数据收集进度: 43/100
[INFO] [1754230769.386396060] [solver_node]: 标定数据收集进度: 44/100
[INFO] [1754230769.480300470] [solver_node]: 标定数据收集进度: 45/100
[INFO] [1754230772.685174000] [solver_node]: 标定数据收集进度: 46/100
[INFO] [1754230772.695656513] [solver_node]: 标定数据收集进度: 47/100
[INFO] [1754230772.781244929] [solver_node]: 标定数据收集进度: 48/100
[INFO] [1754230772.875587639] [solver_node]: 标定数据收集进度: 49/100
[INFO] [1754230772.989772217] [solver_node]: 标定数据收集进度: 50/100
[INFO] [1754230773.075168742] [solver_node]: 标定数据收集进度: 51/100
[INFO] [1754230773.179151061] [solver_node]: 标定数据收集进度: 52/100
[INFO] [1754230773.277379594] [solver_node]: 标定数据收集进度: 53/100
[INFO] [1754230773.380289307] [solver_node]: 标定数据收集进度: 54/100
[INFO] [1754230773.486227938] [solver_node]: 标定数据收集进度: 55/100
[WARN] [1754230773.583218227] [solver_node]: 激光数量不匹配：期望5，实际2
[WARN] [1754230773.677053153] [solver_node]: 激光数量不匹配：期望5，实际2
[INFO] [1754230773.782177955] [solver_node]: 标定数据收集进度: 56/100
[INFO] [1754230773.879160756] [solver_node]: 标定数据收集进度: 57/100
[INFO] [1754230773.978527069] [solver_node]: 标定数据收集进度: 58/100
[INFO] [1754230774.076632597] [solver_node]: 标定数据收集进度: 59/100
[INFO] [1754230774.176394220] [solver_node]: 标定数据收集进度: 60/100
[WARN] [1754230774.276160899] [solver_node]: 激光数量不匹配：期望5，实际6
[INFO] [1754230774.377519912] [solver_node]: 标定数据收集进度: 61/100
[INFO] [1754230774.478308259] [solver_node]: 标定数据收集进度: 62/100
[INFO] [1754230774.581684919] [solver_node]: 标定数据收集进度: 63/100
[INFO] [1754230774.690311183] [solver_node]: 标定数据收集进度: 64/100
[INFO] [1754230774.778604080] [solver_node]: 标定数据收集进度: 65/100
[INFO] [1754230774.881309865] [solver_node]: 标定数据收集进度: 66/100
[INFO] [1754230774.984899868] [solver_node]: 标定数据收集进度: 67/100
[INFO] [1754230775.076641122] [solver_node]: 标定数据收集进度: 68/100
[INFO] [1754230775.184182632] [solver_node]: 标定数据收集进度: 69/100
[INFO] [1754230775.276537357] [solver_node]: 标定数据收集进度: 70/100
[INFO] [1754230775.391361409] [solver_node]: 标定数据收集进度: 71/100
[INFO] [1754230775.483263051] [solver_node]: 标定数据收集进度: 72/100
[INFO] [1754230775.580722601] [solver_node]: 标定数据收集进度: 73/100
[INFO] [1754230775.676688395] [solver_node]: 标定数据收集进度: 74/100
[INFO] [1754230775.775673058] [solver_node]: 标定数据收集进度: 75/100
[INFO] [1754230775.879690877] [solver_node]: 标定数据收集进度: 76/100
[INFO] [1754230775.976153363] [solver_node]: 标定数据收集进度: 77/100
[INFO] [1754230776.076133060] [solver_node]: 标定数据收集进度: 78/100
[INFO] [1754230776.181435878] [solver_node]: 标定数据收集进度: 79/100
[INFO] [1754230776.275357609] [solver_node]: 标定数据收集进度: 80/100
[INFO] [1754230776.376408881] [solver_node]: 标定数据收集进度: 81/100
[INFO] [1754230776.493271543] [solver_node]: 标定数据收集进度: 82/100
[INFO] [1754230776.578204912] [solver_node]: 标定数据收集进度: 83/100
[INFO] [1754230776.679240922] [solver_node]: 标定数据收集进度: 84/100
[INFO] [1754230776.792464073] [solver_node]: 标定数据收集进度: 85/100
[INFO] [1754230776.874892286] [solver_node]: 标定数据收集进度: 86/100
[INFO] [1754230776.976615072] [solver_node]: 标定数据收集进度: 87/100
[INFO] [1754230777.094055611] [solver_node]: 标定数据收集进度: 88/100
[INFO] [1754230777.222754495] [solver_node]: 标定数据收集进度: 89/100
[INFO] [1754230777.300395356] [solver_node]: 标定数据收集进度: 90/100
[INFO] [1754230777.389214227] [solver_node]: 标定数据收集进度: 91/100
[INFO] [1754230777.477516953] [solver_node]: 标定数据收集进度: 92/100
[INFO] [1754230777.576912424] [solver_node]: 标定数据收集进度: 93/100
[INFO] [1754230777.678689068] [solver_node]: 标定数据收集进度: 94/100
[INFO] [1754230777.799090783] [solver_node]: 标定数据收集进度: 95/100
[INFO] [1754230777.882273072] [solver_node]: 标定数据收集进度: 96/100
[INFO] [1754230777.982474180] [solver_node]: 标定数据收集进度: 97/100
[INFO] [1754230778.075305386] [solver_node]: 标定数据收集进度: 98/100
[INFO] [1754230778.203408174] [solver_node]: 标定数据收集进度: 99/100
[INFO] [1754230778.285907062] [solver_node]: 标定数据收集进度: 100/100
[INFO] [1754230778.288784992] [solver_node]: 标定数据收集完成，开始标定过程...
[INFO] [1754230778.290787471] [solver_node]: 开始标定，收集到的数据shape: (100, 5)
[INFO] [1754230778.292625847] [solver_node]: [PerpendicularDistanceLocalizer] 开始标定，扫描数据shape: (100, 5)
[INFO] [1754230778.293754731] [solver_node]: [PerpendicularDistanceLocalizer] 平均测距值 详细内容: 形状: (5,), 类型: float64
[INFO] [1754230778.294491003] [solver_node]: [PerpendicularDistanceLocalizer] 平均测距值[0]: 16.61023999999999
[INFO] [1754230778.295177714] [solver_node]: [PerpendicularDistanceLocalizer] 平均测距值[1]: 5.714999999999993
[INFO] [1754230778.295830382] [solver_node]: [PerpendicularDistanceLocalizer] 平均测距值[2]: 2.896879999999996
[INFO] [1754230778.296552608] [solver_node]: [PerpendicularDistanceLocalizer] 平均测距值[3]: 6.469500000000004
[INFO] [1754230778.297235416] [solver_node]: [PerpendicularDistanceLocalizer] 平均测距值[4]: 6.448999999999997
[INFO] [1754230778.299480066] [solver_node]: [PerpendicularDistanceLocalizer] h_values 详细内容: 形状: (5,), 类型: float64
[INFO] [1754230778.304650543] [solver_node]: [PerpendicularDistanceLocalizer] h_values[0]: 0.37684580873135426
[INFO] [1754230778.310263192] [solver_node]: [PerpendicularDistanceLocalizer] h_values[1]: 0.37684580873135426
[INFO] [1754230778.314137929] [solver_node]: [PerpendicularDistanceLocalizer] h_values[2]: 0.33497201345916283
[INFO] [1754230778.315017091] [solver_node]: [PerpendicularDistanceLocalizer] h_values[3]: 0.2847569265233284
[INFO] [1754230778.315717465] [solver_node]: [PerpendicularDistanceLocalizer] h_values[4]: 0.2847569265233284
[INFO] [1754230778.319212868] [solver_node]: [PerpendicularDistanceLocalizer] 标定完成: m=9.976, n=23.079
[INFO] [1754230778.321222162] [solver_node]: [PerpendicularDistanceLocalizer] 前后左右平均距离: 前=3.232, 后=6.744, 左=16.987, 右=6.092
[INFO] [1754230778.321937989] [solver_node]: [PerpendicularDistanceLocalizer] 计算的初始位姿: x=3.232, y=16.987, phi=3.142
[INFO] [1754230778.322602080] [solver_node]: 标定完成: m=9.976, n=23.079
[INFO] [1754230778.323234112] [solver_node]: 初始位姿: x=3.232, y=16.987, phi=3.142
[INFO] [1754230778.325577595] [solver_node]: chassis_link到chassis_map的变换: x_0=-0.036, y_0=-0.003
[INFO] [1754230778.328137621] [solver_node]: 修正后坐标: x=3.235, y=16.951
[INFO] [1754230778.330799455] [solver_node]: 初始化阶段完成，进入运行阶段
[INFO] [1754230778.424579216] [solver_node]: 收到5个激光点，处理后5个有效点
[INFO] [1754230778.448683512] [solver_node]: 发布静态变换: translation=(-16.951, 3.235, 0.0), rotation=-1.571
[INFO] [1754230778.481754922] [solver_node]: 当前位置: x=3.241, y=16.908, angle=3.098
[INFO] [1754230778.483249222] [solver_node]: 激光距离数据: [1.511 5.715 2.897 6.466 6.449]
[INFO] [1754230778.487045092] [solver_node]: 垂直距离定位器返回 0 个解
[INFO] [1754230778.488151004] [solver_node]: 总共 0 个解
[WARN] [1754230778.489022263] [solver_node]: 没有合适的解，不发布TF变换
[INFO] [1754230778.611875163] [solver_node]: 收到5个激光点，处理后5个有效点
[INFO] [1754230778.621119163] [solver_node]: 当前位置: x=3.242, y=16.909, angle=3.098
[INFO] [1754230778.623108620] [solver_node]: 激光距离数据: [1.511 5.715 2.897 6.466 6.449]
[INFO] [1754230778.624235200] [solver_node]: 垂直距离定位器返回 0 个解
[INFO] [1754230778.624929878] [solver_node]: 总共 0 个解
[WARN] [1754230778.625763095] [solver_node]: 没有合适的解，不发布TF变换
[INFO] [1754230778.627962216] [solver_node]: 发布静态变换: translation=(-16.951, 3.235, 0.0), rotation=-1.571
[INFO] [1754230778.866990922] [solver_node]: 收到5个激光点，处理后5个有效点
[INFO] [1754230778.878404863] [solver_node]: 当前位置: x=3.237, y=16.900, angle=3.097
[INFO] [1754230778.886670548] [solver_node]: 激光距离数据: [1.511 5.715 2.897 6.466 6.449]
[INFO] [1754230778.887831523] [solver_node]: 垂直距离定位器返回 0 个解
[INFO] [1754230778.903958410] [solver_node]: 总共 0 个解
[INFO] [1754230778.904909113] [solver_node]: 发布静态变换: translation=(-16.951, 3.235, 0.0), rotation=-1.571
[WARN] [1754230778.953411452] [solver_node]: 没有合适的解，不发布TF变换
[INFO] [1754230778.975598536] [solver_node]: 收到5个激光点，处理后5个有效点
[INFO] [1754230778.985706788] [solver_node]: 当前位置: x=3.238, y=16.906, angle=3.099
[INFO] [1754230778.987002751] [solver_node]: 激光距离数据: [1.511 5.715 2.897 6.466 6.449]
[INFO] [1754230778.989207119] [solver_node]: 垂直距离定位器返回 0 个解
[INFO] [1754230778.989934080] [solver_node]: 总共 0 个解
[WARN] [1754230778.991458040] [solver_node]: 没有合适的解，不发布TF变换
[INFO] [1754230779.008760811] [solver_node]: 发布静态变换: translation=(-16.951, 3.235, 0.0), rotation=-1.571
[INFO] [1754230779.061465315] [solver_node]: 收到5个激光点，处理后5个有效点
[INFO] [1754230779.067728744] [solver_node]: 发布静态变换: translation=(-16.951, 3.235, 0.0), rotation=-1.571
[INFO] [1754230779.071213492] [solver_node]: 当前位置: x=3.239, y=16.906, angle=3.099
[INFO] [1754230779.073888188] [solver_node]: 激光距离数据: [1.511 5.715 2.897 6.466 6.449]
[INFO] [1754230779.074855401] [solver_node]: 垂直距离定位器返回 0 个解
[INFO] [1754230779.075485353] [solver_node]: 总共 0 个解
[WARN] [1754230779.083415407] [solver_node]: 没有合适的解，不发布TF变换
[INFO] [1754230779.217761569] [solver_node]: 收到5个激光点，处理后5个有效点
[INFO] [1754230779.220555958] [solver_node]: 当前位置: x=3.239, y=16.906, angle=3.099
[INFO] [1754230779.222841498] [solver_node]: 激光距离数据: [1.511 5.715 2.897 6.466 6.449]
[INFO] [1754230779.252022262] [solver_node]: 垂直距离定位器返回 0 个解
[INFO] [1754230779.254538134] [solver_node]: 总共 0 个解
[WARN] [1754230779.261851259] [solver_node]: 没有合适的解，不发布TF变换
[INFO] [1754230779.266727315] [solver_node]: 发布静态变换: translation=(-16.951, 3.235, 0.0), rotation=-1.571
[INFO] [1754230779.401885417] [solver_node]: 收到5个激光点，处理后5个有效点
[INFO] [1754230779.418549691] [solver_node]: 当前位置: x=3.238, y=16.915, angle=3.098
[INFO] [1754230779.422263812] [solver_node]: 激光距离数据: [1.511 5.715 2.897 6.466 6.449]
[INFO] [1754230779.481174857] [solver_node]: 发布静态变换: translation=(-16.951, 3.235, 0.0), rotation=-1.571
[INFO] [1754230779.488676369] [solver_node]: 垂直距离定位器返回 0 个解
[INFO] [1754230779.501939626] [solver_node]: 总共 0 个解
[WARN] [1754230779.502857886] [solver_node]: 没有合适的解，不发布TF变换
[INFO] [1754230779.514516011] [solver_node]: 收到5个激光点，处理后5个有效点
[INFO] [1754230779.530394965] [solver_node]: 当前位置: x=3.230, y=16.906, angle=3.097
[INFO] [1754230779.549075219] [solver_node]: 发布静态变换: translation=(-16.951, 3.235, 0.0), rotation=-1.571
[INFO] [1754230779.564755227] [solver_node]: 激光距离数据: [1.511 5.715 2.897 6.466 6.449]
[INFO] [1754230779.577446763] [solver_node]: 垂直距离定位器返回 0 个解
[INFO] [1754230779.578309672] [solver_node]: 总共 0 个解
[WARN] [1754230779.584168010] [solver_node]: 没有合适的解，不发布TF变换
[INFO] [1754230779.596537803] [solver_node]: 收到5个激光点，处理后5个有效点
[INFO] [1754230779.610848292] [solver_node]: 发布静态变换: translation=(-16.951, 3.235, 0.0), rotation=-1.571
[INFO] [1754230779.616443886] [solver_node]: 当前位置: x=3.234, y=16.904, angle=3.098
[INFO] [1754230779.627022529] [solver_node]: 激光距离数据: [1.511 5.715 2.897 6.466 6.449]
[INFO] [1754230779.636594732] [solver_node]: 垂直距离定位器返回 0 个解
[INFO] [1754230779.639278483] [solver_node]: 总共 0 个解
[WARN] [1754230779.641659976] [solver_node]: 没有合适的解，不发布TF变换
[INFO] [1754230780.064701061] [solver_node]: 收到5个激光点，处理后5个有效点
[INFO] [1754230780.075235708] [solver_node]: 当前位置: x=3.234, y=16.904, angle=3.098
[INFO] [1754230780.078052142] [solver_node]: 激光距离数据: [1.511 5.715 2.897 6.466 6.449]
[INFO] [1754230780.083048914] [solver_node]: 垂直距离定位器返回 0 个解
[INFO] [1754230780.086494564] [solver_node]: 总共 0 个解
[INFO] [1754230780.105719563] [solver_node]: 发布静态变换: translation=(-16.951, 3.235, 0.0), rotation=-1.571
[WARN] [1754230780.113534050] [solver_node]: 没有合适的解，不发布TF变换
[INFO] [1754230780.146416867] [solver_node]: 收到5个激光点，处理后5个有效点
[INFO] [1754230780.162784415] [solver_node]: 当前位置: x=3.240, y=16.908, angle=3.098
[INFO] [1754230780.170613939] [solver_node]: 激光距离数据: [1.511 5.715 2.897 6.467 6.449]
[INFO] [1754230780.171959045] [solver_node]: 垂直距离定位器返回 0 个解
[INFO] [1754230780.172756332] [solver_node]: 总共 0 个解
[WARN] [1754230780.173706394] [solver_node]: 没有合适的解，不发布TF变换
[INFO] [1754230780.176521261] [solver_node]: 发布静态变换: translation=(-16.951, 3.235, 0.0), rotation=-1.571
[INFO] [1754230780.395635599] [solver_node]: 收到5个激光点，处理后5个有效点
[INFO] [1754230780.405164191] [solver_node]: 当前位置: x=3.252, y=16.925, angle=3.095
[INFO] [1754230780.408256199] [solver_node]: 激光距离数据: [1.511 5.715 2.897 6.467 6.449]
[INFO] [1754230780.409782046] [solver_node]: 垂直距离定位器返回 0 个解
[INFO] [1754230780.410660120] [solver_node]: 总共 0 个解
[WARN] [1754230780.411862368] [solver_node]: 没有合适的解，不发布TF变换
[INFO] [1754230780.412672900] [solver_node]: 发布静态变换: translation=(-16.951, 3.235, 0.0), rotation=-1.571
[INFO] [1754230780.423360804] [solver_node]: 收到5个激光点，处理后5个有效点
[INFO] [1754230780.426344764] [solver_node]: 当前位置: x=3.231, y=16.908, angle=3.098
[INFO] [1754230780.427815579] [solver_node]: 激光距离数据: [1.511 5.715 2.897 6.467 6.449]
[INFO] [1754230780.456569811] [solver_node]: 垂直距离定位器返回 0 个解
[INFO] [1754230780.457424400] [solver_node]: 总共 0 个解
[WARN] [1754230780.458617690] [solver_node]: 没有合适的解，不发布TF变换
[INFO] [1754230780.462955620] [solver_node]: 发布静态变换: translation=(-16.951, 3.235, 0.0), rotation=-1.571
[INFO] [1754230780.603986109] [solver_node]: 收到5个激光点，处理后5个有效点
[INFO] [1754230780.615252196] [solver_node]: 当前位置: x=3.232, y=16.905, angle=3.098
[INFO] [1754230780.619544533] [solver_node]: 激光距离数据: [1.511 5.715 2.897 6.467 6.449]
[INFO] [1754230780.620742462] [solver_node]: 垂直距离定位器返回 0 个解
[INFO] [1754230780.627235934] [solver_node]: 发布静态变换: translation=(-16.951, 3.235, 0.0), rotation=-1.571
[INFO] [1754230780.646189902] [solver_node]: 总共 0 个解
[WARN] [1754230780.647375481] [solver_node]: 没有合适的解，不发布TF变换
[INFO] [1754230780.654058621] [solver_node]: 收到5个激光点，处理后5个有效点
[INFO] [1754230780.677962457] [solver_node]: 当前位置: x=3.232, y=16.901, angle=3.097
[INFO] [1754230780.679622300] [solver_node]: 发布静态变换: translation=(-16.951, 3.235, 0.0), rotation=-1.571
[INFO] [1754230780.681994833] [solver_node]: 激光距离数据: [1.511 5.715 2.897 6.467 6.449]
[INFO] [1754230780.683737479] [solver_node]: 垂直距离定位器返回 0 个解
[INFO] [1754230780.684607522] [solver_node]: 总共 0 个解
[WARN] [1754230780.685503321] [solver_node]: 没有合适的解，不发布TF变换
[INFO] [1754230780.700057834] [solver_node]: 收到5个激光点，处理后5个有效点
[INFO] [1754230780.705154368] [solver_node]: 当前位置: x=3.240, y=16.925, angle=3.098
[INFO] [1754230780.708217580] [solver_node]: 激光距离数据: [1.511 5.715 2.897 6.467 6.449]
[INFO] [1754230780.711089621] [solver_node]: 垂直距离定位器返回 0 个解
[INFO] [1754230780.714652853] [solver_node]: 总共 0 个解
[WARN] [1754230780.717016268] [solver_node]: 没有合适的解，不发布TF变换
[INFO] [1754230780.719600737] [solver_node]: 收到5个激光点，处理后5个有效点
[INFO] [1754230780.727822649] [solver_node]: 当前位置: x=3.242, y=16.903, angle=3.098
[INFO] [1754230780.732225720] [solver_node]: 激光距离数据: [1.511 5.715 2.897 6.467 6.449]
[INFO] [1754230780.734520410] [solver_node]: 垂直距离定位器返回 0 个解
[INFO] [1754230780.735469577] [solver_node]: 总共 0 个解
[WARN] [1754230780.749537572] [solver_node]: 没有合适的解，不发布TF变换
[INFO] [1754230780.751992653] [solver_node]: 收到5个激光点，处理后5个有效点
[INFO] [1754230780.765050690] [solver_node]: 当前位置: x=3.242, y=16.903, angle=3.098
[INFO] [1754230780.770951677] [solver_node]: 发布静态变换: translation=(-16.951, 3.235, 0.0), rotation=-1.571
[INFO] [1754230780.778009383] [solver_node]: 激光距离数据: [1.511 5.715 2.897 6.467 6.449]
[INFO] [1754230780.780557250] [solver_node]: 垂直距离定位器返回 0 个解
[INFO] [1754230780.781295537] [solver_node]: 总共 0 个解
[WARN] [1754230780.782097654] [solver_node]: 没有合适的解，不发布TF变换
[INFO] [1754230780.783082944] [solver_node]: 收到5个激光点，处理后5个有效点
[INFO] [1754230780.786294197] [solver_node]: 当前位置: x=3.240, y=16.914, angle=3.097
[INFO] [1754230780.787516859] [solver_node]: 激光距离数据: [1.511 5.715 2.897 6.467 6.449]
[INFO] [1754230780.790455418] [solver_node]: 垂直距离定位器返回 0 个解
[INFO] [1754230780.791239330] [solver_node]: 总共 0 个解
[WARN] [1754230780.792070435] [solver_node]: 没有合适的解，不发布TF变换
[INFO] [1754230780.793030449] [solver_node]: 收到5个激光点，处理后5个有效点
[INFO] [1754230780.796000875] [solver_node]: 收到5个激光点，处理后5个有效点
[INFO] [1754230780.802391419] [solver_node]: 当前位置: x=3.241, y=16.924, angle=3.098
[INFO] [1754230780.824851444] [solver_node]: 激光距离数据: [1.511 5.715 2.897 6.467 6.449]
[INFO] [1754230780.835736661] [solver_node]: 垂直距离定位器返回 0 个解
[INFO] [1754230780.838321962] [solver_node]: 发布静态变换: translation=(-16.951, 3.235, 0.0), rotation=-1.571
[INFO] [1754230780.846968417] [solver_node]: 总共 0 个解
[WARN] [1754230780.849176528] [solver_node]: 没有合适的解，不发布TF变换
[INFO] [1754230780.899407191] [solver_node]: 收到5个激光点，处理后5个有效点
[INFO] [1754230780.911954779] [solver_node]: 当前位置: x=3.241, y=16.915, angle=3.098
[INFO] [1754230780.913400030] [solver_node]: 激光距离数据: [1.511 5.715 2.897 6.467 6.449]
[INFO] [1754230780.936386503] [solver_node]: 发布静态变换: translation=(-16.951, 3.235, 0.0), rotation=-1.571
[INFO] [1754230780.952257742] [solver_node]: 垂直距离定位器返回 0 个解
[INFO] [1754230780.977890659] [solver_node]: 总共 0 个解
[WARN] [1754230780.978808855] [solver_node]: 没有合适的解，不发布TF变换
[INFO] [1754230780.979925772] [solver_node]: 收到5个激光点，处理后5个有效点
[INFO] [1754230781.007726933] [solver_node]: 当前位置: x=3.253, y=16.904, angle=3.099
[INFO] [1754230781.035927612] [solver_node]: 激光距离数据: [1.511 5.715 2.897 6.467 6.449]
[INFO] [1754230781.038582213] [solver_node]: 发布静态变换: translation=(-16.951, 3.235, 0.0), rotation=-1.571
[INFO] [1754230781.050259275] [solver_node]: 垂直距离定位器返回 0 个解
[INFO] [1754230781.052416322] [solver_node]: 总共 0 个解
[WARN] [1754230781.054543004] [solver_node]: 没有合适的解，不发布TF变换
[INFO] [1754230781.078605756] [solver_node]: 收到5个激光点，处理后5个有效点
[INFO] [1754230781.081709089] [solver_node]: 当前位置: x=3.246, y=16.900, angle=3.098
[INFO] [1754230781.083034487] [solver_node]: 激光距离数据: [1.511 5.715 2.897 6.467 6.449]
[INFO] [1754230781.087820603] [solver_node]: 垂直距离定位器返回 0 个解
[INFO] [1754230781.095798678] [solver_node]: 总共 0 个解
[WARN] [1754230781.100468684] [solver_node]: 没有合适的解，不发布TF变换
[INFO] [1754230781.141829526] [solver_node]: 发布静态变换: translation=(-16.951, 3.235, 0.0), rotation=-1.571
[INFO] [1754230781.177115329] [solver_node]: 收到5个激光点，处理后5个有效点
[INFO] [1754230781.181702979] [solver_node]: 当前位置: x=3.238, y=16.890, angle=3.098
[INFO] [1754230781.183295472] [solver_node]: 激光距离数据: [1.511 5.715 2.897 6.467 6.449]
[INFO] [1754230781.188588518] [solver_node]: 垂直距离定位器返回 0 个解
[INFO] [1754230781.189356305] [solver_node]: 总共 0 个解
[WARN] [1754230781.190137529] [solver_node]: 没有合适的解，不发布TF变换
[INFO] [1754230781.238611395] [solver_node]: 发布静态变换: translation=(-16.951, 3.235, 0.0), rotation=-1.571
[INFO] [1754230781.299170165] [solver_node]: 收到5个激光点，处理后5个有效点
[INFO] [1754230781.307569200] [solver_node]: 当前位置: x=3.237, y=16.886, angle=3.098
[INFO] [1754230781.313504548] [solver_node]: 激光距离数据: [1.511 5.715 2.897 6.467 6.449]
[INFO] [1754230781.314631768] [solver_node]: 垂直距离定位器返回 0 个解
[INFO] [1754230781.316034817] [solver_node]: 总共 0 个解
[WARN] [1754230781.319280817] [solver_node]: 没有合适的解，不发布TF变换
[INFO] [1754230781.339535479] [solver_node]: 发布静态变换: translation=(-16.951, 3.235, 0.0), rotation=-1.571
[INFO] [1754230781.379671420] [solver_node]: 收到5个激光点，处理后5个有效点
[INFO] [1754230781.396742857] [solver_node]: 当前位置: x=3.250, y=16.894, angle=3.097
[INFO] [1754230781.401777799] [solver_node]: 激光距离数据: [1.511 5.715 2.897 6.467 6.449]
[INFO] [1754230781.415010879] [solver_node]: 垂直距离定位器返回 0 个解
[INFO] [1754230781.418979296] [solver_node]: 总共 0 个解
[WARN] [1754230781.425350162] [solver_node]: 没有合适的解，不发布TF变换
[INFO] [1754230781.482979843] [solver_node]: 发布静态变换: translation=(-16.951, 3.235, 0.0), rotation=-1.571
[INFO] [1754230781.773669495] [solver_node]: 收到5个激光点，处理后5个有效点
[INFO] [1754230781.776716292] [solver_node]: 当前位置: x=3.241, y=16.923, angle=3.098
[INFO] [1754230781.778175173] [solver_node]: 激光距离数据: [1.511 5.715 2.897 6.467 6.449]
[INFO] [1754230781.788289242] [solver_node]: 垂直距离定位器返回 0 个解
[INFO] [1754230781.790270795] [solver_node]: 总共 0 个解
[INFO] [1754230781.792085174] [solver_node]: 发布静态变换: translation=(-16.951, 3.235, 0.0), rotation=-1.571
[WARN] [1754230781.794195571] [solver_node]: 没有合适的解，不发布TF变换
[INFO] [1754230781.805737870] [solver_node]: 收到5个激光点，处理后5个有效点
[INFO] [1754230781.814812514] [solver_node]: 当前位置: x=3.233, y=16.881, angle=3.098
[INFO] [1754230781.817147869] [solver_node]: 激光距离数据: [1.511 5.715 2.897 6.467 6.449]
[INFO] [1754230781.819270552] [solver_node]: 垂直距离定位器返回 0 个解
[INFO] [1754230781.820431846] [solver_node]: 总共 0 个解
[WARN] [1754230781.821949534] [solver_node]: 没有合适的解，不发布TF变换
[INFO] [1754230781.823226971] [solver_node]: 收到5个激光点，处理后5个有效点
[INFO] [1754230781.827679026] [solver_node]: 当前位置: x=3.233, y=16.881, angle=3.098
[INFO] [1754230781.830728959] [solver_node]: 激光距离数据: [1.511 5.715 2.897 6.467 6.449]
[INFO] [1754230781.832989861] [solver_node]: 垂直距离定位器返回 0 个解
[INFO] [1754230781.834813966] [solver_node]: 总共 0 个解
[WARN] [1754230781.838023716] [solver_node]: 没有合适的解，不发布TF变换
[INFO] [1754230781.842143821] [solver_node]: 收到5个激光点，处理后5个有效点
[INFO] [1754230781.856907675] [solver_node]: 发布静态变换: translation=(-16.951, 3.235, 0.0), rotation=-1.571
[INFO] [1754230781.883189831] [solver_node]: 当前位置: x=3.241, y=16.901, angle=3.098
[INFO] [1754230781.884932829] [solver_node]: 激光距离数据: [1.511 5.715 2.897 6.467 6.449]
[INFO] [1754230781.886212569] [solver_node]: 垂直距离定位器返回 0 个解
[INFO] [1754230781.886994498] [solver_node]: 总共 0 个解
[WARN] [1754230781.887838176] [solver_node]: 没有合适的解，不发布TF变换
[INFO] [1754230781.896088659] [solver_node]: 收到5个激光点，处理后5个有效点
[INFO] [1754230781.904274383] [solver_node]: 当前位置: x=3.240, y=16.906, angle=3.098
[INFO] [1754230781.917126433] [solver_node]: 激光距离数据: [1.511 5.715 2.897 6.467 6.449]
[INFO] [1754230781.921107680] [solver_node]: 垂直距离定位器返回 0 个解
[INFO] [1754230781.963577472] [solver_node]: 总共 0 个解
[INFO] [1754230781.967281130] [solver_node]: 发布静态变换: translation=(-16.951, 3.235, 0.0), rotation=-1.571
[WARN] [1754230781.985631059] [solver_node]: 没有合适的解，不发布TF变换
[INFO] [1754230782.017674028] [solver_node]: 收到5个激光点，处理后5个有效点
[INFO] [1754230782.033109872] [solver_node]: 发布静态变换: translation=(-16.951, 3.235, 0.0), rotation=-1.571
[INFO] [1754230782.037008507] [solver_node]: 当前位置: x=3.254, y=16.915, angle=3.097
[INFO] [1754230782.055166494] [solver_node]: 激光距离数据: [1.511 5.715 2.897 6.467 6.449]
[INFO] [1754230782.080461948] [solver_node]: 垂直距离定位器返回 0 个解
[INFO] [1754230782.082223406] [solver_node]: 总共 0 个解
[WARN] [1754230782.083331172] [solver_node]: 没有合适的解，不发布TF变换
[INFO] [1754230782.084518383] [solver_node]: 收到5个激光点，处理后5个有效点
[INFO] [1754230782.135799841] [solver_node]: 当前位置: x=3.244, y=16.912, angle=3.097
[INFO] [1754230782.138014222] [solver_node]: 激光距离数据: [1.511 5.715 2.897 6.467 6.449]
[INFO] [1754230782.139476494] [solver_node]: 垂直距离定位器返回 0 个解
[INFO] [1754230782.140327308] [solver_node]: 总共 0 个解
[WARN] [1754230782.141501400] [solver_node]: 没有合适的解，不发布TF变换
[INFO] [1754230782.146200104] [solver_node]: 发布静态变换: translation=(-16.951, 3.235, 0.0), rotation=-1.571
[INFO] [1754230782.184841707] [solver_node]: 收到5个激光点，处理后5个有效点
[INFO] [1754230782.195522599] [solver_node]: 当前位置: x=3.250, y=16.914, angle=3.098
[INFO] [1754230782.197397832] [solver_node]: 激光距离数据: [1.511 5.715 2.897 6.467 6.449]
[INFO] [1754230782.198898018] [solver_node]: 垂直距离定位器返回 0 个解
[INFO] [1754230782.210335018] [solver_node]: 总共 0 个解
[WARN] [1754230782.214681201] [solver_node]: 没有合适的解，不发布TF变换
[INFO] [1754230782.236511714] [solver_node]: 发布静态变换: translation=(-16.951, 3.235, 0.0), rotation=-1.571
[INFO] [1754230782.289058962] [solver_node]: 收到5个激光点，处理后5个有效点
[INFO] [1754230782.292420847] [solver_node]: 当前位置: x=3.240, y=16.908, angle=3.097
[INFO] [1754230782.294302543] [solver_node]: 激光距离数据: [1.511 5.715 2.897 6.467 6.449]
[INFO] [1754230782.295325363] [solver_node]: 垂直距离定位器返回 0 个解
[INFO] [1754230782.296031622] [solver_node]: 总共 0 个解
[WARN] [1754230782.314463264] [solver_node]: 没有合适的解，不发布TF变换
[INFO] [1754230782.346600678] [solver_node]: 发布静态变换: translation=(-16.951, 3.235, 0.0), rotation=-1.571
[INFO] [1754230782.380351573] [solver_node]: 收到5个激光点，处理后5个有效点
[INFO] [1754230782.386636979] [solver_node]: 当前位置: x=3.236, y=16.902, angle=3.097
[INFO] [1754230782.389617578] [solver_node]: 激光距离数据: [1.511 5.715 2.897 6.467 6.449]
[INFO] [1754230782.390758300] [solver_node]: 垂直距离定位器返回 0 个解
[INFO] [1754230782.391422134] [solver_node]: 总共 0 个解
[WARN] [1754230782.404748029] [solver_node]: 没有合适的解，不发布TF变换
[INFO] [1754230782.439167974] [solver_node]: 发布静态变换: translation=(-16.951, 3.235, 0.0), rotation=-1.571
[INFO] [1754230782.479574938] [solver_node]: 收到5个激光点，处理后5个有效点
[INFO] [1754230782.482663137] [solver_node]: 当前位置: x=3.242, y=16.901, angle=3.098
[INFO] [1754230782.488531486] [solver_node]: 激光距离数据: [1.511 5.715 2.897 6.467 6.449]
[INFO] [1754230782.493444494] [solver_node]: 垂直距离定位器返回 0 个解
[INFO] [1754230782.495063094] [solver_node]: 总共 0 个解
[WARN] [1754230782.496149967] [solver_node]: 没有合适的解，不发布TF变换
[INFO] [1754230782.541230104] [solver_node]: 发布静态变换: translation=(-16.951, 3.235, 0.0), rotation=-1.571
[INFO] [1754230782.631634659] [solver_node]: 收到5个激光点，处理后5个有效点
[INFO] [1754230782.642902917] [solver_node]: 当前位置: x=3.237, y=16.904, angle=3.098
[INFO] [1754230782.654431903] [solver_node]: 激光距离数据: [1.511 5.715 2.897 6.467 6.449]
[INFO] [1754230782.658440025] [solver_node]: 垂直距离定位器返回 0 个解
[INFO] [1754230782.661930531] [solver_node]: 发布静态变换: translation=(-16.951, 3.235, 0.0), rotation=-1.571
[INFO] [1754230782.670045992] [solver_node]: 总共 0 个解
[WARN] [1754230782.670933152] [solver_node]: 没有合适的解，不发布TF变换
[INFO] [1754230782.738168295] [solver_node]: 收到5个激光点，处理后5个有效点
[INFO] [1754230782.747865178] [solver_node]: 当前位置: x=3.247, y=16.913, angle=3.096
[INFO] [1754230782.751019671] [solver_node]: 激光距离数据: [1.511 5.715 2.897 6.467 6.449]
[INFO] [1754230782.753070685] [solver_node]: 垂直距离定位器返回 0 个解
[INFO] [1754230782.755604281] [solver_node]: 总共 0 个解
[WARN] [1754230782.757371083] [solver_node]: 没有合适的解，不发布TF变换
[INFO] [1754230782.758117176] [solver_node]: 发布静态变换: translation=(-16.951, 3.235, 0.0), rotation=-1.571
[INFO] [1754230782.815233485] [solver_node]: 收到5个激光点，处理后5个有效点
[INFO] [1754230782.829847503] [solver_node]: 当前位置: x=3.238, y=16.901, angle=3.098
[INFO] [1754230782.837548212] [solver_node]: 激光距离数据: [1.511 5.715 2.897 6.467 6.449]
[INFO] [1754230782.840601024] [solver_node]: 发布静态变换: translation=(-16.951, 3.235, 0.0), rotation=-1.571
[INFO] [1754230782.889384817] [solver_node]: 垂直距离定位器返回 0 个解
[INFO] [1754230782.893650116] [solver_node]: 总共 0 个解
[WARN] [1754230782.898523002] [solver_node]: 没有合适的解，不发布TF变换
[INFO] [1754230782.912272960] [solver_node]: 收到5个激光点，处理后5个有效点
[INFO] [1754230782.935087130] [solver_node]: 发布静态变换: translation=(-16.951, 3.235, 0.0), rotation=-1.571
[INFO] [1754230782.978708130] [solver_node]: 当前位置: x=3.248, y=16.899, angle=3.097
[INFO] [1754230782.981178920] [solver_node]: 激光距离数据: [1.511 5.715 2.897 6.468 6.449]
[INFO] [1754230782.989607613] [solver_node]: 垂直距离定位器返回 0 个解
[INFO] [1754230782.990824578] [solver_node]: 总共 0 个解
[WARN] [1754230782.994533163] [solver_node]: 没有合适的解，不发布TF变换
[INFO] [1754230782.997938209] [solver_node]: 收到5个激光点，处理后5个有效点
[INFO] [1754230783.011428014] [solver_node]: 当前位置: x=3.242, y=16.923, angle=3.097
[INFO] [1754230783.036652626] [solver_node]: 激光距离数据: [1.511 5.715 2.897 6.468 6.449]
[INFO] [1754230783.041772801] [solver_node]: 垂直距离定位器返回 0 个解
[INFO] [1754230783.042638780] [solver_node]: 总共 0 个解
[WARN] [1754230783.044018568] [solver_node]: 没有合适的解，不发布TF变换
[INFO] [1754230783.044742201] [solver_node]: 发布静态变换: translation=(-16.951, 3.235, 0.0), rotation=-1.571
[INFO] [1754230783.081950096] [solver_node]: 收到5个激光点，处理后5个有效点
[INFO] [1754230783.084865745] [solver_node]: 当前位置: x=3.247, y=16.911, angle=3.098
[INFO] [1754230783.086154091] [solver_node]: 激光距离数据: [1.511 5.715 2.897 6.468 6.449]
[INFO] [1754230783.088224174] [solver_node]: 垂直距离定位器返回 0 个解
[INFO] [1754230783.089862067] [solver_node]: 总共 0 个解
[WARN] [1754230783.093815317] [solver_node]: 没有合适的解，不发布TF变换
[INFO] [1754230783.137346722] [solver_node]: 发布静态变换: translation=(-16.951, 3.235, 0.0), rotation=-1.571
[INFO] [1754230783.220855613] [solver_node]: 收到5个激光点，处理后5个有效点
[INFO] [1754230783.224055314] [solver_node]: 当前位置: x=3.246, y=16.925, angle=3.098
[INFO] [1754230783.228243216] [solver_node]: 激光距离数据: [1.511 5.715 2.897 6.468 6.449]
[INFO] [1754230783.231209705] [solver_node]: 垂直距离定位器返回 0 个解
[INFO] [1754230783.232035146] [solver_node]: 总共 0 个解
[WARN] [1754230783.232976122] [solver_node]: 没有合适的解，不发布TF变换
[INFO] [1754230783.240499448] [solver_node]: 发布静态变换: translation=(-16.951, 3.235, 0.0), rotation=-1.571
[INFO] [1754230783.316599076] [solver_node]: 收到5个激光点，处理后5个有效点
[INFO] [1754230783.322344147] [solver_node]: 当前位置: x=3.238, y=16.916, angle=3.097
[INFO] [1754230783.334020724] [solver_node]: 激光距离数据: [1.511 5.715 2.897 6.468 6.449]
[INFO] [1754230783.335823424] [solver_node]: 垂直距离定位器返回 0 个解
[INFO] [1754230783.337040165] [solver_node]: 总共 0 个解
[WARN] [1754230783.345532079] [solver_node]: 没有合适的解，不发布TF变换
[INFO] [1754230783.364404641] [solver_node]: 发布静态变换: translation=(-16.951, 3.235, 0.0), rotation=-1.571
[INFO] [1754230783.410297604] [solver_node]: 收到5个激光点，处理后5个有效点
[INFO] [1754230783.437631269] [solver_node]: 当前位置: x=3.241, y=16.912, angle=3.097
[INFO] [1754230783.439993914] [solver_node]: 激光距离数据: [1.511 5.715 2.897 6.468 6.449]
[INFO] [1754230783.441085427] [solver_node]: 垂直距离定位器返回 0 个解
[INFO] [1754230783.441824802] [solver_node]: 总共 0 个解
[WARN] [1754230783.442738166] [solver_node]: 没有合适的解，不发布TF变换
[INFO] [1754230783.443403408] [solver_node]: 发布静态变换: translation=(-16.951, 3.235, 0.0), rotation=-1.571
[INFO] [1754230783.485538579] [solver_node]: 收到5个激光点，处理后5个有效点
[INFO] [1754230783.494769163] [solver_node]: 当前位置: x=3.236, y=16.909, angle=3.098
[INFO] [1754230783.496274373] [solver_node]: 激光距离数据: [1.511 5.715 2.897 6.468 6.449]
[INFO] [1754230783.497340449] [solver_node]: 垂直距离定位器返回 0 个解
[INFO] [1754230783.498045845] [solver_node]: 总共 0 个解
[WARN] [1754230783.499748112] [solver_node]: 没有合适的解，不发布TF变换
[INFO] [1754230783.538155055] [solver_node]: 发布静态变换: translation=(-16.951, 3.235, 0.0), rotation=-1.571
[INFO] [1754230783.579850325] [solver_node]: 收到5个激光点，处理后5个有效点
[INFO] [1754230783.604517935] [solver_node]: 当前位置: x=3.233, y=16.911, angle=3.097
[INFO] [1754230783.620915005] [solver_node]: 激光距离数据: [1.511 5.715 2.897 6.468 6.449]
[INFO] [1754230783.624179144] [solver_node]: 垂直距离定位器返回 0 个解
[INFO] [1754230783.625085789] [solver_node]: 总共 0 个解
[WARN] [1754230783.625893505] [solver_node]: 没有合适的解，不发布TF变换
[INFO] [1754230783.637231383] [solver_node]: 发布静态变换: translation=(-16.951, 3.235, 0.0), rotation=-1.571
[INFO] [1754230783.732904392] [solver_node]: 收到5个激光点，处理后5个有效点
[INFO] [1754230783.743526412] [solver_node]: 发布静态变换: translation=(-16.951, 3.235, 0.0), rotation=-1.571
[INFO] [1754230783.756281448] [solver_node]: 当前位置: x=3.239, y=16.911, angle=3.097
[INFO] [1754230783.765782967] [solver_node]: 激光距离数据: [1.511 5.715 2.897 6.468 6.449]
[INFO] [1754230783.771600667] [solver_node]: 垂直距离定位器返回 0 个解
[INFO] [1754230783.781481264] [solver_node]: 总共 0 个解
[WARN] [1754230783.783099000] [solver_node]: 没有合适的解，不发布TF变换
[INFO] [1754230783.796939085] [solver_node]: 收到5个激光点，处理后5个有效点
[INFO] [1754230783.810592960] [solver_node]: 当前位置: x=3.247, y=16.912, angle=3.097
[INFO] [1754230783.813785494] [solver_node]: 激光距离数据: [1.511 5.715 2.897 6.468 6.449]
[INFO] [1754230783.815205500] [solver_node]: 垂直距离定位器返回 0 个解
[INFO] [1754230783.815979270] [solver_node]: 总共 0 个解
[WARN] [1754230783.817594734] [solver_node]: 没有合适的解，不发布TF变换
[INFO] [1754230783.839574052] [solver_node]: 发布静态变换: translation=(-16.951, 3.235, 0.0), rotation=-1.571
[INFO] [1754230783.916234137] [solver_node]: 收到5个激光点，处理后5个有效点
[INFO] [1754230783.921302736] [solver_node]: 当前位置: x=3.235, y=16.919, angle=3.097
[INFO] [1754230783.926448091] [solver_node]: 激光距离数据: [1.511 5.715 2.897 6.468 6.449]
[INFO] [1754230783.927839269] [solver_node]: 垂直距离定位器返回 0 个解
[INFO] [1754230783.937964821] [solver_node]: 总共 0 个解
[WARN] [1754230783.967353626] [solver_node]: 没有合适的解，不发布TF变换
[INFO] [1754230783.969424957] [solver_node]: 发布静态变换: translation=(-16.951, 3.235, 0.0), rotation=-1.571
[INFO] [1754230784.005863881] [solver_node]: 收到5个激光点，处理后5个有效点
[INFO] [1754230784.024541973] [solver_node]: 当前位置: x=3.249, y=16.915, angle=3.098
[INFO] [1754230784.030568792] [solver_node]: 激光距离数据: [1.511 5.715 2.897 6.468 6.449]
[INFO] [1754230784.045322495] [solver_node]: 发布静态变换: translation=(-16.951, 3.235, 0.0), rotation=-1.571
[INFO] [1754230784.060113600] [solver_node]: 垂直距离定位器返回 0 个解
[INFO] [1754230784.073067995] [solver_node]: 总共 0 个解
[WARN] [1754230784.077489685] [solver_node]: 没有合适的解，不发布TF变换
[INFO] [1754230784.078571342] [solver_node]: 收到5个激光点，处理后5个有效点
[INFO] [1754230784.089229002] [solver_node]: 当前位置: x=3.242, y=16.914, angle=3.098
[INFO] [1754230784.100156701] [solver_node]: 激光距离数据: [1.511 5.715 2.897 6.468 6.449]
[INFO] [1754230784.114226412] [solver_node]: 垂直距离定位器返回 0 个解
[INFO] [1754230784.132548847] [solver_node]: 总共 0 个解
[WARN] [1754230784.133507356] [solver_node]: 没有合适的解，不发布TF变换
[INFO] [1754230784.141480276] [solver_node]: 发布静态变换: translation=(-16.951, 3.235, 0.0), rotation=-1.571
[INFO] [1754230784.183752474] [solver_node]: 收到5个激光点，处理后5个有效点
[INFO] [1754230784.190741385] [solver_node]: 当前位置: x=3.248, y=16.908, angle=3.098
[INFO] [1754230784.212908350] [solver_node]: 激光距离数据: [1.511 5.715 2.897 6.468 6.449]
[INFO] [1754230784.217118296] [solver_node]: 垂直距离定位器返回 0 个解
[INFO] [1754230784.217978612] [solver_node]: 总共 0 个解
[WARN] [1754230784.218784632] [solver_node]: 没有合适的解，不发布TF变换
[INFO] [1754230784.234203801] [solver_node]: 发布静态变换: translation=(-16.951, 3.235, 0.0), rotation=-1.571
[INFO] [1754230784.303519463] [solver_node]: 收到5个激光点，处理后5个有效点
[INFO] [1754230784.333150722] [solver_node]: 当前位置: x=3.241, y=16.901, angle=3.098
[INFO] [1754230784.342751072] [solver_node]: 发布静态变换: translation=(-16.951, 3.235, 0.0), rotation=-1.571
[INFO] [1754230784.355984048] [solver_node]: 激光距离数据: [1.511 5.715 2.897 6.468 6.449]
[INFO] [1754230784.366359607] [solver_node]: 垂直距离定位器返回 0 个解
[INFO] [1754230784.378399519] [solver_node]: 总共 0 个解
[WARN] [1754230784.379314322] [solver_node]: 没有合适的解，不发布TF变换
[INFO] [1754230784.380644518] [solver_node]: 收到5个激光点，处理后5个有效点
[INFO] [1754230784.391390676] [solver_node]: 当前位置: x=3.235, y=16.908, angle=3.098
[INFO] [1754230784.392870225] [solver_node]: 激光距离数据: [1.511 5.715 2.897 6.468 6.449]
[INFO] [1754230784.406009936] [solver_node]: 垂直距离定位器返回 0 个解
[INFO] [1754230784.429722039] [solver_node]: 总共 0 个解
[INFO] [1754230784.440453960] [solver_node]: 发布静态变换: translation=(-16.951, 3.235, 0.0), rotation=-1.571
[WARN] [1754230784.454876353] [solver_node]: 没有合适的解，不发布TF变换
[INFO] [1754230784.487473237] [solver_node]: 收到5个激光点，处理后5个有效点
[INFO] [1754230784.495883018] [solver_node]: 当前位置: x=3.237, y=16.923, angle=3.098
[INFO] [1754230784.500625074] [solver_node]: 激光距离数据: [1.511 5.715 2.897 6.468 6.449]
[INFO] [1754230784.511646198] [solver_node]: 垂直距离定位器返回 0 个解
[INFO] [1754230784.517856444] [solver_node]: 总共 0 个解
[WARN] [1754230784.518793964] [solver_node]: 没有合适的解，不发布TF变换
[INFO] [1754230784.541544424] [solver_node]: 发布静态变换: translation=(-16.951, 3.235, 0.0), rotation=-1.571
[INFO] [1754230784.635527275] [solver_node]: 收到5个激光点，处理后5个有效点
[INFO] [1754230784.646067416] [solver_node]: 当前位置: x=3.246, y=16.924, angle=3.100
[INFO] [1754230784.647360658] [solver_node]: 激光距离数据: [1.511 5.715 2.897 6.468 6.449]
[INFO] [1754230784.651610309] [solver_node]: 垂直距离定位器返回 0 个解
[INFO] [1754230784.655186080] [solver_node]: 发布静态变换: translation=(-16.951, 3.235, 0.0), rotation=-1.571
[INFO] [1754230784.661541329] [solver_node]: 总共 0 个解
[WARN] [1754230784.668396724] [solver_node]: 没有合适的解，不发布TF变换
[INFO] [1754230784.715641951] [solver_node]: 收到5个激光点，处理后5个有效点
[INFO] [1754230784.730351053] [solver_node]: 当前位置: x=3.241, y=16.906, angle=3.097
[INFO] [1754230784.731745494] [solver_node]: 激光距离数据: [1.511 5.715 2.897 6.468 6.449]
[INFO] [1754230784.747113343] [solver_node]: 发布静态变换: translation=(-16.951, 3.235, 0.0), rotation=-1.571
[INFO] [1754230784.758361536] [solver_node]: 垂直距离定位器返回 0 个解
[INFO] [1754230784.770296600] [solver_node]: 总共 0 个解
[WARN] [1754230784.775358511] [solver_node]: 没有合适的解，不发布TF变换
[INFO] [1754230784.787019024] [solver_node]: 收到5个激光点，处理后5个有效点
[INFO] [1754230784.791094175] [solver_node]: 当前位置: x=3.245, y=16.907, angle=3.098
[INFO] [1754230784.792510853] [solver_node]: 激光距离数据: [1.511 5.715 2.897 6.468 6.449]
[INFO] [1754230784.793528425] [solver_node]: 垂直距离定位器返回 0 个解
[INFO] [1754230784.794195459] [solver_node]: 总共 0 个解
[WARN] [1754230784.821051880] [solver_node]: 没有合适的解，不发布TF变换
[INFO] [1754230784.835114329] [solver_node]: 发布静态变换: translation=(-16.951, 3.235, 0.0), rotation=-1.571
[INFO] [1754230784.880563543] [solver_node]: 收到5个激光点，处理后5个有效点
[INFO] [1754230784.888719827] [solver_node]: 当前位置: x=3.248, y=16.914, angle=3.096
[INFO] [1754230784.891685099] [solver_node]: 激光距离数据: [1.511 5.715 2.897 6.468 6.449]
[INFO] [1754230784.900583925] [solver_node]: 垂直距离定位器返回 0 个解
[INFO] [1754230784.909013735] [solver_node]: 总共 0 个解
[WARN] [1754230784.909931674] [solver_node]: 没有合适的解，不发布TF变换
[INFO] [1754230784.969352023] [solver_node]: 发布静态变换: translation=(-16.951, 3.235, 0.0), rotation=-1.571
[INFO] [1754230785.011270674] [solver_node]: 收到5个激光点，处理后5个有效点
[INFO] [1754230785.028358928] [solver_node]: 当前位置: x=3.240, y=16.909, angle=3.097
[INFO] [1754230785.029739867] [solver_node]: 激光距离数据: [1.511 5.715 2.897 6.468 6.449]
[INFO] [1754230785.030842194] [solver_node]: 垂直距离定位器返回 0 个解
[INFO] [1754230785.031500013] [solver_node]: 总共 0 个解
[WARN] [1754230785.034949243] [solver_node]: 没有合适的解，不发布TF变换
[INFO] [1754230785.069883745] [solver_node]: 发布静态变换: translation=(-16.951, 3.235, 0.0), rotation=-1.571
[INFO] [1754230785.088814755] [solver_node]: 收到5个激光点，处理后5个有效点
[INFO] [1754230785.146171666] [solver_node]: 发布静态变换: translation=(-16.951, 3.235, 0.0), rotation=-1.571
[INFO] [1754230785.148728553] [solver_node]: 当前位置: x=3.233, y=16.915, angle=3.098
[INFO] [1754230785.166665220] [solver_node]: 激光距离数据: [1.511 5.715 2.897 6.468 6.449]
[INFO] [1754230785.177084195] [solver_node]: 垂直距离定位器返回 0 个解
[INFO] [1754230785.177903749] [solver_node]: 总共 0 个解
[WARN] [1754230785.178687148] [solver_node]: 没有合适的解，不发布TF变换
[INFO] [1754230785.181952246] [solver_node]: 收到5个激光点，处理后5个有效点
[INFO] [1754230785.219512105] [solver_node]: 当前位置: x=3.243, y=16.925, angle=3.097
[INFO] [1754230785.246842944] [solver_node]: 发布静态变换: translation=(-16.951, 3.235, 0.0), rotation=-1.571
[INFO] [1754230785.257855971] [solver_node]: 激光距离数据: [1.511 5.715 2.897 6.468 6.449]
[INFO] [1754230785.277238016] [solver_node]: 垂直距离定位器返回 0 个解
[INFO] [1754230785.280615512] [solver_node]: 总共 0 个解
[WARN] [1754230785.286093166] [solver_node]: 没有合适的解，不发布TF变换
[INFO] [1754230785.324589105] [solver_node]: 收到5个激光点，处理后5个有效点
[INFO] [1754230785.333157132] [solver_node]: 当前位置: x=3.243, y=16.904, angle=3.097
[INFO] [1754230785.337352999] [solver_node]: 激光距离数据: [ 1.511  5.715  2.897  6.468 21.234]
[INFO] [1754230785.338530034] [solver_node]: 垂直距离定位器返回 0 个解
[INFO] [1754230785.341448945] [solver_node]: 总共 0 个解
[WARN] [1754230785.343283863] [solver_node]: 没有合适的解，不发布TF变换
[INFO] [1754230785.363323119] [solver_node]: 发布静态变换: translation=(-16.951, 3.235, 0.0), rotation=-1.571
[INFO] [1754230785.380055843] [solver_node]: 收到5个激光点，处理后5个有效点
[INFO] [1754230785.386253290] [solver_node]: 当前位置: x=3.242, y=16.893, angle=3.097
[INFO] [1754230785.387814618] [solver_node]: 激光距离数据: [ 1.511  5.715  2.897  6.468 21.234]
[INFO] [1754230785.397742020] [solver_node]: 垂直距离定位器返回 0 个解
[INFO] [1754230785.400600461] [solver_node]: 总共 0 个解
[WARN] [1754230785.403023449] [solver_node]: 没有合适的解，不发布TF变换
[INFO] [1754230785.459392128] [solver_node]: 发布静态变换: translation=(-16.951, 3.235, 0.0), rotation=-1.571
[INFO] [1754230785.499314247] [solver_node]: 收到5个激光点，处理后5个有效点
[INFO] [1754230785.515833244] [solver_node]: 当前位置: x=3.246, y=16.917, angle=3.097
[INFO] [1754230785.536484758] [solver_node]: 激光距离数据: [ 1.511  5.715  2.897  6.468 21.234]
[INFO] [1754230785.540158241] [solver_node]: 发布静态变换: translation=(-16.951, 3.235, 0.0), rotation=-1.571
[INFO] [1754230785.550800637] [solver_node]: 垂直距离定位器返回 0 个解
[INFO] [1754230785.559832785] [solver_node]: 总共 0 个解
[WARN] [1754230785.583349298] [solver_node]: 没有合适的解，不发布TF变换
[INFO] [1754230785.585494952] [solver_node]: 收到5个激光点，处理后5个有效点
[INFO] [1754230785.596826458] [solver_node]: 当前位置: x=3.244, y=16.915, angle=3.097
[INFO] [1754230785.610149498] [solver_node]: 激光距离数据: [ 1.511  5.715  2.897  6.468 21.234]
[INFO] [1754230785.619662724] [solver_node]: 垂直距离定位器返回 0 个解
[INFO] [1754230785.623225249] [solver_node]: 总共 0 个解
[WARN] [1754230785.624688576] [solver_node]: 没有合适的解，不发布TF变换
[INFO] [1754230785.652914669] [solver_node]: 发布静态变换: translation=(-16.951, 3.235, 0.0), rotation=-1.571
[INFO] [1754230785.687159933] [solver_node]: 收到5个激光点，处理后5个有效点
[INFO] [1754230785.692176666] [solver_node]: 当前位置: x=3.237, y=16.906, angle=3.098
[INFO] [1754230785.693752871] [solver_node]: 激光距离数据: [ 1.511  5.715  2.897  6.468 21.234]
[INFO] [1754230785.714651259] [solver_node]: 垂直距离定位器返回 0 个解
[INFO] [1754230785.738574846] [solver_node]: 发布静态变换: translation=(-16.951, 3.235, 0.0), rotation=-1.571
[INFO] [1754230785.745739984] [solver_node]: 总共 0 个解
[WARN] [1754230785.746967732] [solver_node]: 没有合适的解，不发布TF变换
[INFO] [1754230785.782522266] [solver_node]: 收到5个激光点，处理后5个有效点
[INFO] [1754230785.800151780] [solver_node]: 当前位置: x=3.244, y=16.919, angle=3.098
[INFO] [1754230785.809948771] [solver_node]: 激光距离数据: [ 1.511  5.715  2.897  6.468 21.234]
[INFO] [1754230785.816327918] [solver_node]: 垂直距离定位器返回 0 个解
[INFO] [1754230785.817366542] [solver_node]: 总共 0 个解
[WARN] [1754230785.832670686] [solver_node]: 没有合适的解，不发布TF变换
[INFO] [1754230785.838433160] [solver_node]: 发布静态变换: translation=(-16.951, 3.235, 0.0), rotation=-1.571
[INFO] [1754230785.882393859] [solver_node]: 收到5个激光点，处理后5个有效点
[INFO] [1754230785.914905181] [solver_node]: 当前位置: x=3.246, y=16.917, angle=3.099
[INFO] [1754230785.932998944] [solver_node]: 激光距离数据: [ 1.511  5.715  2.897  6.468 21.234]
[INFO] [1754230785.937017270] [solver_node]: 垂直距离定位器返回 0 个解
[INFO] [1754230785.937850166] [solver_node]: 总共 0 个解
[WARN] [1754230785.938650811] [solver_node]: 没有合适的解，不发布TF变换
[INFO] [1754230785.953641339] [solver_node]: 发布静态变换: translation=(-16.951, 3.235, 0.0), rotation=-1.571
[INFO] [1754230785.979856029] [solver_node]: 收到5个激光点，处理后5个有效点
[INFO] [1754230785.995396745] [solver_node]: 当前位置: x=3.243, y=16.912, angle=3.098
[INFO] [1754230786.003498699] [solver_node]: 激光距离数据: [ 1.511  5.715  2.897  6.468 21.234]
[INFO] [1754230786.031092725] [solver_node]: 垂直距离定位器返回 0 个解
[INFO] [1754230786.034807097] [solver_node]: 发布静态变换: translation=(-16.951, 3.235, 0.0), rotation=-1.571
[INFO] [1754230786.062772777] [solver_node]: 总共 0 个解
[WARN] [1754230786.063717048] [solver_node]: 没有合适的解，不发布TF变换
[INFO] [1754230786.085437033] [solver_node]: 收到5个激光点，处理后5个有效点
[INFO] [1754230786.108836760] [solver_node]: 当前位置: x=3.242, y=16.913, angle=3.097
[INFO] [1754230786.110282745] [solver_node]: 激光距离数据: [ 1.511  5.715  2.897  6.468 21.234]
[INFO] [1754230786.111324697] [solver_node]: 垂直距离定位器返回 0 个解
[INFO] [1754230786.113990623] [solver_node]: 总共 0 个解
[WARN] [1754230786.116256162] [solver_node]: 没有合适的解，不发布TF变换
[INFO] [1754230786.143717952] [solver_node]: 发布静态变换: translation=(-16.951, 3.235, 0.0), rotation=-1.571
[INFO] [1754230786.205329558] [solver_node]: 收到5个激光点，处理后5个有效点
[INFO] [1754230786.209646174] [solver_node]: 当前位置: x=3.239, y=16.909, angle=3.097
[INFO] [1754230786.210927992] [solver_node]: 激光距离数据: [ 1.511  5.715  2.897  6.468 21.234]
[INFO] [1754230786.228790747] [solver_node]: 垂直距离定位器返回 0 个解
[INFO] [1754230786.232624845] [solver_node]: 总共 0 个解
[WARN] [1754230786.251145195] [solver_node]: 没有合适的解，不发布TF变换
[INFO] [1754230786.254506118] [solver_node]: 发布静态变换: translation=(-16.951, 3.235, 0.0), rotation=-1.571
[INFO] [1754230786.332736894] [solver_node]: 收到5个激光点，处理后5个有效点
[INFO] [1754230786.346820903] [solver_node]: 当前位置: x=3.240, y=16.911, angle=3.097
[INFO] [1754230786.363079297] [solver_node]: 激光距离数据: [ 1.511  5.715  2.897  6.468 21.234]
[INFO] [1754230786.368889027] [solver_node]: 发布静态变换: translation=(-16.951, 3.235, 0.0), rotation=-1.571
[INFO] [1754230786.382413057] [solver_node]: 垂直距离定位器返回 0 个解
[INFO] [1754230786.383638789] [solver_node]: 总共 0 个解
[WARN] [1754230786.384958746] [solver_node]: 没有合适的解，不发布TF变换
[INFO] [1754230786.385938595] [solver_node]: 收到5个激光点，处理后5个有效点
[INFO] [1754230786.392257558] [solver_node]: 当前位置: x=3.244, y=16.907, angle=3.098
[INFO] [1754230786.400184178] [solver_node]: 激光距离数据: [ 1.511  5.715  2.897  6.468 21.234]
[INFO] [1754230786.408533677] [solver_node]: 垂直距离定位器返回 0 个解
[INFO] [1754230786.409379403] [solver_node]: 总共 0 个解
[WARN] [1754230786.410249381] [solver_node]: 没有合适的解，不发布TF变换
[INFO] [1754230786.451111061] [solver_node]: 发布静态变换: translation=(-16.951, 3.235, 0.0), rotation=-1.571
[INFO] [1754230786.530264703] [solver_node]: 收到5个激光点，处理后5个有效点
[INFO] [1754230786.550136109] [solver_node]: 当前位置: x=3.240, y=16.908, angle=3.098
[INFO] [1754230786.553905545] [solver_node]: 发布静态变换: translation=(-16.951, 3.235, 0.0), rotation=-1.571
[INFO] [1754230786.567739832] [solver_node]: 激光距离数据: [ 1.511  5.715  2.897  6.468 21.234]
[INFO] [1754230786.592925332] [solver_node]: 垂直距离定位器返回 0 个解
[INFO] [1754230786.605242316] [solver_node]: 总共 0 个解
[WARN] [1754230786.608480538] [solver_node]: 没有合适的解，不发布TF变换
[INFO] [1754230786.610357881] [solver_node]: 收到5个激光点，处理后5个有效点
[INFO] [1754230786.621459757] [solver_node]: 当前位置: x=3.241, y=16.919, angle=3.097
[INFO] [1754230786.632312390] [solver_node]: 激光距离数据: [ 1.511  5.715  2.897  6.468 21.234]
[INFO] [1754230786.636008750] [solver_node]: 垂直距离定位器返回 0 个解
[INFO] [1754230786.636807955] [solver_node]: 总共 0 个解
[WARN] [1754230786.637643794] [solver_node]: 没有合适的解，不发布TF变换
[INFO] [1754230786.658099014] [solver_node]: 发布静态变换: translation=(-16.951, 3.235, 0.0), rotation=-1.571
[INFO] [1754230786.732836376] [solver_node]: 收到5个激光点，处理后5个有效点
[INFO] [1754230786.743933964] [solver_node]: 当前位置: x=3.231, y=16.906, angle=3.098
[INFO] [1754230786.750336019] [solver_node]: 发布静态变换: translation=(-16.951, 3.235, 0.0), rotation=-1.571
[INFO] [1754230786.783626511] [solver_node]: 激光距离数据: [ 1.511  5.715  2.897  6.468 21.234]
[INFO] [1754230786.786274296] [solver_node]: 垂直距离定位器返回 0 个解
[INFO] [1754230786.789061291] [solver_node]: 总共 0 个解
[WARN] [1754230786.803611084] [solver_node]: 没有合适的解，不发布TF变换
[INFO] [1754230786.824425481] [solver_node]: 收到5个激光点，处理后5个有效点
[INFO] [1754230786.843183874] [solver_node]: 发布静态变换: translation=(-16.951, 3.235, 0.0), rotation=-1.571
[INFO] [1754230786.849323889] [solver_node]: 当前位置: x=3.232, y=16.903, angle=3.097
[INFO] [1754230786.874581730] [solver_node]: 激光距离数据: [ 1.511  5.715  2.897  6.468 21.234]
[INFO] [1754230786.881328147] [solver_node]: 垂直距离定位器返回 0 个解
[INFO] [1754230786.882139479] [solver_node]: 总共 0 个解
[WARN] [1754230786.882887300] [solver_node]: 没有合适的解，不发布TF变换
[INFO] [1754230786.883999448] [solver_node]: 收到5个激光点，处理后5个有效点
[INFO] [1754230786.902330867] [solver_node]: 当前位置: x=3.234, y=16.909, angle=3.097
[INFO] [1754230786.935287459] [solver_node]: 发布静态变换: translation=(-16.951, 3.235, 0.0), rotation=-1.571
[INFO] [1754230786.945512318] [solver_node]: 激光距离数据: [ 1.511  5.715  2.897  6.468 21.234]
[INFO] [1754230786.946991898] [solver_node]: 垂直距离定位器返回 0 个解
[INFO] [1754230786.952687533] [solver_node]: 总共 0 个解
[WARN] [1754230786.963919565] [solver_node]: 没有合适的解，不发布TF变换
[INFO] [1754230786.989715595] [solver_node]: 收到5个激光点，处理后5个有效点
[INFO] [1754230787.006590053] [solver_node]: 当前位置: x=3.237, y=16.912, angle=3.096
[INFO] [1754230787.029051361] [solver_node]: 激光距离数据: [ 1.511  5.715  2.897  6.468 21.234]
[INFO] [1754230787.039019873] [solver_node]: 垂直距离定位器返回 0 个解
[INFO] [1754230787.045766257] [solver_node]: 总共 0 个解
[WARN] [1754230787.047618228] [solver_node]: 没有合适的解，不发布TF变换
[INFO] [1754230787.057529597] [solver_node]: 发布静态变换: translation=(-16.951, 3.235, 0.0), rotation=-1.571
[INFO] [1754230787.087920658] [solver_node]: 收到5个激光点，处理后5个有效点
[INFO] [1754230787.121791663] [solver_node]: 当前位置: x=3.237, y=16.916, angle=3.097
[INFO] [1754230787.137978289] [solver_node]: 发布静态变换: translation=(-16.951, 3.235, 0.0), rotation=-1.571
[INFO] [1754230787.147186279] [solver_node]: 激光距离数据: [ 1.511  5.715  2.897  6.468 21.234]
[INFO] [1754230787.148940056] [solver_node]: 垂直距离定位器返回 0 个解
[INFO] [1754230787.149865322] [solver_node]: 总共 0 个解
[WARN] [1754230787.150775038] [solver_node]: 没有合适的解，不发布TF变换
[INFO] [1754230787.192005517] [solver_node]: 收到5个激光点，处理后5个有效点
[INFO] [1754230787.216238775] [solver_node]: 当前位置: x=3.242, y=16.895, angle=3.097
[INFO] [1754230787.219084705] [solver_node]: 激光距离数据: [ 1.511  5.715  2.897  6.468 21.234]
[INFO] [1754230787.221079341] [solver_node]: 垂直距离定位器返回 0 个解
[INFO] [1754230787.224297565] [solver_node]: 总共 0 个解
[WARN] [1754230787.225515618] [solver_node]: 没有合适的解，不发布TF变换
[INFO] [1754230787.237852341] [solver_node]: 发布静态变换: translation=(-16.951, 3.235, 0.0), rotation=-1.571
[INFO] [1754230787.282471866] [solver_node]: 收到5个激光点，处理后5个有效点
[INFO] [1754230787.285995867] [solver_node]: 当前位置: x=3.236, y=16.922, angle=3.095
[INFO] [1754230787.287258105] [solver_node]: 激光距离数据: [ 1.511  5.715  2.897  6.468 21.234]
[INFO] [1754230787.288441826] [solver_node]: 垂直距离定位器返回 0 个解
[INFO] [1754230787.289169426] [solver_node]: 总共 0 个解
[WARN] [1754230787.289979413] [solver_node]: 没有合适的解，不发布TF变换
[INFO] [1754230787.365611664] [solver_node]: 发布静态变换: translation=(-16.951, 3.235, 0.0), rotation=-1.571
[INFO] [1754230787.783756325] [solver_node]: 收到5个激光点，处理后5个有效点
[INFO] [1754230787.798662636] [solver_node]: 当前位置: x=3.240, y=16.918, angle=3.097
[INFO] [1754230787.801047677] [solver_node]: 激光距离数据: [ 1.511  5.715  2.897  6.468 21.234]
[INFO] [1754230787.803700484] [solver_node]: 垂直距离定位器返回 0 个解
[INFO] [1754230787.804524613] [solver_node]: 发布静态变换: translation=(-16.951, 3.235, 0.0), rotation=-1.571
[INFO] [1754230787.807859203] [solver_node]: 总共 0 个解
[WARN] [1754230787.808785236] [solver_node]: 没有合适的解，不发布TF变换
[INFO] [1754230787.820839955] [solver_node]: 收到5个激光点，处理后5个有效点
[INFO] [1754230787.831142944] [solver_node]: 当前位置: x=3.243, y=16.908, angle=3.098
[INFO] [1754230787.833941040] [solver_node]: 激光距离数据: [ 1.511  5.715  2.897  6.468 21.234]
[INFO] [1754230787.836387799] [solver_node]: 垂直距离定位器返回 0 个解
[INFO] [1754230787.837822746] [solver_node]: 总共 0 个解
[WARN] [1754230787.844349453] [solver_node]: 没有合适的解，不发布TF变换
[INFO] [1754230787.878611502] [solver_node]: 收到5个激光点，处理后5个有效点
[INFO] [1754230787.909417667] [solver_node]: 发布静态变换: translation=(-16.951, 3.235, 0.0), rotation=-1.571
[INFO] [1754230787.911344090] [solver_node]: 当前位置: x=3.243, y=16.908, angle=3.098
[INFO] [1754230787.916693090] [solver_node]: 激光距离数据: [ 1.511  5.715  2.897  6.468 21.234]
[INFO] [1754230787.920375179] [solver_node]: 垂直距离定位器返回 0 个解
[INFO] [1754230787.922000112] [solver_node]: 总共 0 个解
[WARN] [1754230787.922892519] [solver_node]: 没有合适的解，不发布TF变换
[INFO] [1754230787.934772641] [solver_node]: 收到5个激光点，处理后5个有效点
[INFO] [1754230787.945229205] [solver_node]: 发布静态变换: translation=(-16.951, 3.235, 0.0), rotation=-1.571
[INFO] [1754230787.947799433] [solver_node]: 当前位置: x=3.244, y=16.915, angle=3.098
[INFO] [1754230787.950344833] [solver_node]: 激光距离数据: [ 1.511  5.715  2.897  6.468 21.234]
[INFO] [1754230787.953770545] [solver_node]: 垂直距离定位器返回 0 个解
[INFO] [1754230787.961560993] [solver_node]: 总共 0 个解
[WARN] [1754230787.964558131] [solver_node]: 没有合适的解，不发布TF变换
[INFO] [1754230787.967959623] [solver_node]: 收到5个激光点，处理后5个有效点
[INFO] [1754230787.983495469] [solver_node]: 当前位置: x=3.244, y=16.915, angle=3.098
[INFO] [1754230787.984956748] [solver_node]: 激光距离数据: [ 1.511  5.715  2.897  6.468 21.234]
[INFO] [1754230787.986485921] [solver_node]: 垂直距离定位器返回 0 个解
[INFO] [1754230787.987160985] [solver_node]: 总共 0 个解
[WARN] [1754230787.988368830] [solver_node]: 没有合适的解，不发布TF变换
[INFO] [1754230787.996358671] [solver_node]: 收到5个激光点，处理后5个有效点
[INFO] [1754230788.008804753] [solver_node]: 当前位置: x=3.243, y=16.910, angle=3.098
[INFO] [1754230788.010314408] [solver_node]: 激光距离数据: [ 1.511  5.715  2.897  6.468 21.234]
[INFO] [1754230788.011630205] [solver_node]: 垂直距离定位器返回 0 个解
[INFO] [1754230788.012857248] [solver_node]: 总共 0 个解
[WARN] [1754230788.013687712] [solver_node]: 没有合适的解，不发布TF变换
[INFO] [1754230788.035676864] [solver_node]: 收到5个激光点，处理后5个有效点
[INFO] [1754230788.079834020] [solver_node]: 当前位置: x=3.242, y=16.912, angle=3.098
[INFO] [1754230788.083835611] [solver_node]: 发布静态变换: translation=(-16.951, 3.235, 0.0), rotation=-1.571
[INFO] [1754230788.090068729] [solver_node]: 激光距离数据: [ 1.51   5.715  2.897  6.468 21.234]
[INFO] [1754230788.092729087] [solver_node]: 垂直距离定位器返回 0 个解
[INFO] [1754230788.094675923] [solver_node]: 总共 0 个解
[WARN] [1754230788.096141585] [solver_node]: 没有合适的解，不发布TF变换
[INFO] [1754230788.098597398] [solver_node]: 收到5个激光点，处理后5个有效点
[INFO] [1754230788.134248026] [solver_node]: 当前位置: x=3.241, y=16.912, angle=3.098
[INFO] [1754230788.141102745] [solver_node]: 激光距离数据: [ 1.51   5.715  2.897  6.468 21.234]
[INFO] [1754230788.150162915] [solver_node]: 发布静态变换: translation=(-16.951, 3.235, 0.0), rotation=-1.571
[INFO] [1754230788.171122370] [solver_node]: 垂直距离定位器返回 0 个解
[INFO] [1754230788.175865543] [solver_node]: 总共 0 个解
[WARN] [1754230788.181668168] [solver_node]: 没有合适的解，不发布TF变换
[INFO] [1754230788.218377257] [solver_node]: 收到5个激光点，处理后5个有效点
[INFO] [1754230788.235657055] [solver_node]: 当前位置: x=3.238, y=16.912, angle=3.097
[INFO] [1754230788.238820983] [solver_node]: 激光距离数据: [ 1.51   5.715  2.897  6.468 21.234]
[INFO] [1754230788.241210407] [solver_node]: 垂直距离定位器返回 0 个解
[INFO] [1754230788.246165162] [solver_node]: 总共 0 个解
[WARN] [1754230788.249056748] [solver_node]: 没有合适的解，不发布TF变换
[INFO] [1754230788.287989751] [solver_node]: 发布静态变换: translation=(-16.951, 3.235, 0.0), rotation=-1.571
[INFO] [1754230788.375258817] [solver_node]: 收到5个激光点，处理后5个有效点
[INFO] [1754230788.393646349] [solver_node]: 当前位置: x=3.239, y=16.906, angle=3.097
[INFO] [1754230788.395097869] [solver_node]: 激光距离数据: [ 1.51   5.715  2.897  6.468 21.234]
[INFO] [1754230788.396163816] [solver_node]: 垂直距离定位器返回 0 个解
[INFO] [1754230788.398785460] [solver_node]: 总共 0 个解
[WARN] [1754230788.402616709] [solver_node]: 没有合适的解，不发布TF变换
[INFO] [1754230788.413340719] [solver_node]: 发布静态变换: translation=(-16.951, 3.235, 0.0), rotation=-1.571
[INFO] [1754230788.450519783] [solver_node]: 收到5个激光点，处理后5个有效点
[INFO] [1754230788.464635494] [solver_node]: 发布静态变换: translation=(-16.951, 3.235, 0.0), rotation=-1.571
[INFO] [1754230788.475360688] [solver_node]: 当前位置: x=3.244, y=16.918, angle=3.098
[INFO] [1754230788.488701062] [solver_node]: 激光距离数据: [ 1.51   5.715  2.897  6.468 21.234]
[INFO] [1754230788.490469493] [solver_node]: 垂直距离定位器返回 0 个解
[INFO] [1754230788.491175208] [solver_node]: 总共 0 个解
[WARN] [1754230788.492467617] [solver_node]: 没有合适的解，不发布TF变换
[INFO] [1754230788.504459911] [solver_node]: 收到5个激光点，处理后5个有效点
[INFO] [1754230788.521984184] [solver_node]: 当前位置: x=3.237, y=16.916, angle=3.097
[INFO] [1754230788.523491727] [solver_node]: 激光距离数据: [ 1.51   5.715  2.897  6.468 21.234]
[INFO] [1754230788.524683607] [solver_node]: 垂直距离定位器返回 0 个解
[INFO] [1754230788.532549914] [solver_node]: 总共 0 个解
[WARN] [1754230788.550105158] [solver_node]: 没有合适的解，不发布TF变换
[INFO] [1754230788.553170829] [solver_node]: 发布静态变换: translation=(-16.951, 3.235, 0.0), rotation=-1.571
[INFO] [1754230788.609394348] [solver_node]: 收到5个激光点，处理后5个有效点
[INFO] [1754230788.617788093] [solver_node]: 当前位置: x=3.237, y=16.922, angle=3.098
[INFO] [1754230788.619658621] [solver_node]: 激光距离数据: [ 1.51   5.715  2.897  6.468 21.234]
[INFO] [1754230788.637294524] [solver_node]: 垂直距离定位器返回 0 个解
[INFO] [1754230788.641158408] [solver_node]: 总共 0 个解
[INFO] [1754230788.643139479] [solver_node]: 发布静态变换: translation=(-16.951, 3.235, 0.0), rotation=-1.571
[WARN] [1754230788.647501526] [solver_node]: 没有合适的解，不发布TF变换
[INFO] [1754230788.718498574] [solver_node]: 收到5个激光点，处理后5个有效点
[INFO] [1754230788.735410525] [solver_node]: 当前位置: x=3.239, y=16.919, angle=3.097
[INFO] [1754230788.737210280] [solver_node]: 激光距离数据: [ 1.51   5.715  2.897  6.468 21.234]
[INFO] [1754230788.738534011] [solver_node]: 垂直距离定位器返回 0 个解
[INFO] [1754230788.740677585] [solver_node]: 总共 0 个解
[WARN] [1754230788.741646907] [solver_node]: 没有合适的解，不发布TF变换
[INFO] [1754230788.755047720] [solver_node]: 发布静态变换: translation=(-16.951, 3.235, 0.0), rotation=-1.571
[INFO] [1754230788.943729687] [solver_node]: 收到5个激光点，处理后5个有效点
[INFO] [1754230788.966890274] [solver_node]: 发布静态变换: translation=(-16.951, 3.235, 0.0), rotation=-1.571
[INFO] [1754230788.968749443] [solver_node]: 当前位置: x=3.248, y=16.918, angle=3.098
[INFO] [1754230788.976627748] [solver_node]: 激光距离数据: [ 1.51   5.715  2.897  6.468 21.234]
[INFO] [1754230788.981915732] [solver_node]: 垂直距离定位器返回 0 个解
[INFO] [1754230788.984551006] [solver_node]: 总共 0 个解
[WARN] [1754230788.986273300] [solver_node]: 没有合适的解，不发布TF变换
[INFO] [1754230788.999809772] [solver_node]: 收到5个激光点，处理后5个有效点
[INFO] [1754230789.025104330] [solver_node]: 当前位置: x=3.243, y=16.919, angle=3.098
[INFO] [1754230789.029684711] [solver_node]: 激光距离数据: [ 1.51   5.715  2.897  6.468 21.234]
[INFO] [1754230789.037219707] [solver_node]: 垂直距离定位器返回 0 个解
[INFO] [1754230789.063260134] [solver_node]: 总共 0 个解
[WARN] [1754230789.064252973] [solver_node]: 没有合适的解，不发布TF变换
