[INFO] [1753418871.773872654] [solver_node]: [Case1BatchSolver] Case1BatchSolver初始化完成: 场地尺寸: 9.998x8.0, 容差: 0.001
[INFO] [1753418871.774810032] [solver_node]: [Case3BatchSolver] Case3BatchSolver初始化完成: 场地尺寸: 9.998x8.0, 容差: 0.001
[INFO] [1753418871.775518538] [solver_node]: [PoseSolver] PoseSolver初始化完成: 场地(9.998x8.0), 4个激光
[INFO] [1753418871.912634158] [solver_node]: 数据详情:
- 第一个元素类型: <class 'float'>
- 整个数组类型: <class 'array.array'>
- 数组长度: 4
- 示例值: array('f', [0.0, 0.902999997138977, 9.92300033569336, 4.078999996185303])
[INFO] [1753418871.914257897] [solver_node]: 调用求解器前，distances shape: (4,), values: [       nan 0.903      9.92300034 4.079     ]
[INFO] [1753418871.922625820] [solver_node]: 求解器返回结果: []
[INFO] [1753418872.017246953] [solver_node]: 数据详情:
- 第一个元素类型: <class 'float'>
- 整个数组类型: <class 'array.array'>
- 数组长度: 4
- 示例值: array('f', [0.0, 0.902999997138977, 9.92300033569336, 4.078999996185303])
[INFO] [1753418872.019191377] [solver_node]: 调用求解器前，distances shape: (4,), values: [       nan 0.903      9.92300034 4.079     ]
[INFO] [1753418872.022311491] [solver_node]: 求解器返回结果: []
[INFO] [1753418872.112321032] [solver_node]: 数据详情:
- 第一个元素类型: <class 'float'>
- 整个数组类型: <class 'array.array'>
- 数组长度: 4
- 示例值: array('f', [0.0, 0.902999997138977, 9.92300033569336, 4.078999996185303])
[INFO] [1753418872.113751260] [solver_node]: 调用求解器前，distances shape: (4,), values: [       nan 0.903      9.92300034 4.079     ]
[INFO] [1753418872.116793356] [solver_node]: 求解器返回结果: []
[INFO] [1753418872.213019444] [solver_node]: 数据详情:
- 第一个元素类型: <class 'float'>
- 整个数组类型: <class 'array.array'>
- 数组长度: 4
- 示例值: array('f', [0.0, 0.902999997138977, 9.92300033569336, 4.078999996185303])
[INFO] [1753418872.214485610] [solver_node]: 调用求解器前，distances shape: (4,), values: [       nan 0.903      9.92300034 4.079     ]
[INFO] [1753418872.217604380] [solver_node]: 求解器返回结果: []
[INFO] [1753418872.312762494] [solver_node]: 数据详情:
- 第一个元素类型: <class 'float'>
- 整个数组类型: <class 'array.array'>
- 数组长度: 4
- 示例值: array('f', [0.0, 0.902999997138977, 9.92300033569336, 4.078999996185303])
[INFO] [1753418872.314351384] [solver_node]: 调用求解器前，distances shape: (4,), values: [       nan 0.903      9.92300034 4.079     ]
[INFO] [1753418872.317760853] [solver_node]: 求解器返回结果: []
[INFO] [1753418872.412160795] [solver_node]: 数据详情:
- 第一个元素类型: <class 'float'>
- 整个数组类型: <class 'array.array'>
- 数组长度: 4
- 示例值: array('f', [0.0, 0.902999997138977, 9.92300033569336, 4.078999996185303])
[INFO] [1753418872.413669714] [solver_node]: 调用求解器前，distances shape: (4,), values: [       nan 0.903      9.92300034 4.079     ]
[INFO] [1753418872.416974539] [solver_node]: 求解器返回结果: []
[INFO] [1753418872.512998924] [solver_node]: 数据详情:
- 第一个元素类型: <class 'float'>
- 整个数组类型: <class 'array.array'>
- 数组长度: 4
- 示例值: array('f', [0.0, 0.902999997138977, 9.92300033569336, 4.078999996185303])
[INFO] [1753418872.514622920] [solver_node]: 调用求解器前，distances shape: (4,), values: [       nan 0.903      9.92300034 4.079     ]
[INFO] [1753418872.517901504] [solver_node]: 求解器返回结果: []
[INFO] [1753418872.612037788] [solver_node]: 数据详情:
- 第一个元素类型: <class 'float'>
- 整个数组类型: <class 'array.array'>
- 数组长度: 4
- 示例值: array('f', [0.0, 0.902999997138977, 9.92300033569336, 4.078999996185303])
[INFO] [1753418872.613508402] [solver_node]: 调用求解器前，distances shape: (4,), values: [       nan 0.903      9.92300034 4.079     ]
[INFO] [1753418872.616606499] [solver_node]: 求解器返回结果: []
[INFO] [1753418872.711922443] [solver_node]: 数据详情:
- 第一个元素类型: <class 'float'>
- 整个数组类型: <class 'array.array'>
- 数组长度: 4
- 示例值: array('f', [0.0, 0.902999997138977, 9.92300033569336, 4.078999996185303])
[INFO] [1753418872.713557799] [solver_node]: 调用求解器前，distances shape: (4,), values: [       nan 0.903      9.92300034 4.079     ]
[INFO] [1753418872.716724635] [solver_node]: 求解器返回结果: []
[INFO] [1753418872.812466257] [solver_node]: 数据详情:
- 第一个元素类型: <class 'float'>
- 整个数组类型: <class 'array.array'>
- 数组长度: 4
- 示例值: array('f', [0.0, 0.902999997138977, 9.92300033569336, 4.078999996185303])
[INFO] [1753418872.814076396] [solver_node]: 调用求解器前，distances shape: (4,), values: [       nan 0.903      9.92300034 4.079     ]
[INFO] [1753418872.817442952] [solver_node]: 求解器返回结果: []
[INFO] [1753418872.912198234] [solver_node]: 数据详情:
- 第一个元素类型: <class 'float'>
- 整个数组类型: <class 'array.array'>
- 数组长度: 4
- 示例值: array('f', [0.0, 0.902999997138977, 9.92300033569336, 4.078999996185303])
[INFO] [1753418872.913643119] [solver_node]: 调用求解器前，distances shape: (4,), values: [       nan 0.903      9.92300034 4.079     ]
[INFO] [1753418872.916674271] [solver_node]: 求解器返回结果: []
[INFO] [1753418873.016736564] [solver_node]: 数据详情:
- 第一个元素类型: <class 'float'>
- 整个数组类型: <class 'array.array'>
- 数组长度: 4
- 示例值: array('f', [0.0, 0.902999997138977, 9.92300033569336, 4.078999996185303])
[INFO] [1753418873.018225482] [solver_node]: 调用求解器前，distances shape: (4,), values: [       nan 0.903      9.92300034 4.079     ]
[INFO] [1753418873.021432384] [solver_node]: 求解器返回结果: []
[INFO] [1753418873.112005690] [solver_node]: 数据详情:
- 第一个元素类型: <class 'float'>
- 整个数组类型: <class 'array.array'>
- 数组长度: 4
- 示例值: array('f', [0.0, 0.902999997138977, 9.92300033569336, 4.078999996185303])
[INFO] [1753418873.113444206] [solver_node]: 调用求解器前，distances shape: (4,), values: [       nan 0.903      9.92300034 4.079     ]
[INFO] [1753418873.116612931] [solver_node]: 求解器返回结果: []
[INFO] [1753418873.212381691] [solver_node]: 数据详情:
- 第一个元素类型: <class 'float'>
- 整个数组类型: <class 'array.array'>
- 数组长度: 4
- 示例值: array('f', [0.0, 0.902999997138977, 9.92300033569336, 4.078999996185303])
[INFO] [1753418873.214186845] [solver_node]: 调用求解器前，distances shape: (4,), values: [       nan 0.903      9.92300034 4.079     ]
[INFO] [1753418873.218019689] [solver_node]: 求解器返回结果: []
[INFO] [1753418873.313561273] [solver_node]: 数据详情:
- 第一个元素类型: <class 'float'>
- 整个数组类型: <class 'array.array'>
- 数组长度: 4
- 示例值: array('f', [0.0, 0.902999997138977, 9.92300033569336, 4.078999996185303])
[INFO] [1753418873.315249495] [solver_node]: 调用求解器前，distances shape: (4,), values: [       nan 0.903      9.92300034 4.079     ]
[INFO] [1753418873.318538000] [solver_node]: 求解器返回结果: []
[INFO] [1753418873.412024340] [solver_node]: 数据详情:
- 第一个元素类型: <class 'float'>
- 整个数组类型: <class 'array.array'>
- 数组长度: 4
- 示例值: array('f', [0.0, 0.902999997138977, 9.92300033569336, 4.078999996185303])
[INFO] [1753418873.413506090] [solver_node]: 调用求解器前，distances shape: (4,), values: [       nan 0.903      9.92300034 4.079     ]
[INFO] [1753418873.416633181] [solver_node]: 求解器返回结果: []
[INFO] [1753418873.512356820] [solver_node]: 数据详情:
- 第一个元素类型: <class 'float'>
- 整个数组类型: <class 'array.array'>
- 数组长度: 4
- 示例值: array('f', [0.0, 0.902999997138977, 9.92300033569336, 4.078999996185303])
[INFO] [1753418873.514331580] [solver_node]: 调用求解器前，distances shape: (4,), values: [       nan 0.903      9.92300034 4.079     ]
[INFO] [1753418873.517765466] [solver_node]: 求解器返回结果: []
[INFO] [1753418873.612116286] [solver_node]: 数据详情:
- 第一个元素类型: <class 'float'>
- 整个数组类型: <class 'array.array'>
- 数组长度: 4
- 示例值: array('f', [0.0, 0.902999997138977, 9.92300033569336, 4.078999996185303])
[INFO] [1753418873.613614901] [solver_node]: 调用求解器前，distances shape: (4,), values: [       nan 0.903      9.92300034 4.079     ]
[INFO] [1753418873.616762280] [solver_node]: 求解器返回结果: []
[INFO] [1753418873.712120369] [solver_node]: 数据详情:
- 第一个元素类型: <class 'float'>
- 整个数组类型: <class 'array.array'>
- 数组长度: 4
- 示例值: array('f', [0.0, 0.902999997138977, 9.92300033569336, 4.078999996185303])
[INFO] [1753418873.713562534] [solver_node]: 调用求解器前，distances shape: (4,), values: [       nan 0.903      9.92300034 4.079     ]
[INFO] [1753418873.717616539] [solver_node]: 求解器返回结果: []
[INFO] [1753418873.812584118] [solver_node]: 数据详情:
- 第一个元素类型: <class 'float'>
- 整个数组类型: <class 'array.array'>
- 数组长度: 4
- 示例值: array('f', [0.0, 0.902999997138977, 9.92300033569336, 4.078999996185303])
[INFO] [1753418873.814066476] [solver_node]: 调用求解器前，distances shape: (4,), values: [       nan 0.903      9.92300034 4.079     ]
[INFO] [1753418873.817351653] [solver_node]: 求解器返回结果: []
[INFO] [1753418873.912309535] [solver_node]: 数据详情:
- 第一个元素类型: <class 'float'>
- 整个数组类型: <class 'array.array'>
- 数组长度: 4
- 示例值: array('f', [0.0, 0.902999997138977, 9.92300033569336, 4.078999996185303])
[INFO] [1753418873.914526128] [solver_node]: 调用求解器前，distances shape: (4,), values: [       nan 0.903      9.92300034 4.079     ]
[INFO] [1753418873.918830190] [solver_node]: 求解器返回结果: []
[INFO] [1753418874.012036680] [solver_node]: 数据详情:
- 第一个元素类型: <class 'float'>
- 整个数组类型: <class 'array.array'>
- 数组长度: 4
- 示例值: array('f', [0.0, 0.902999997138977, 9.92300033569336, 4.078999996185303])
[INFO] [1753418874.013548608] [solver_node]: 调用求解器前，distances shape: (4,), values: [       nan 0.903      9.92300034 4.079     ]
[INFO] [1753418874.016774614] [solver_node]: 求解器返回结果: []
[INFO] [1753418874.111978234] [solver_node]: 数据详情:
- 第一个元素类型: <class 'float'>
- 整个数组类型: <class 'array.array'>
- 数组长度: 4
- 示例值: array('f', [0.0, 0.902999997138977, 9.92300033569336, 4.078999996185303])
[INFO] [1753418874.114775776] [solver_node]: 调用求解器前，distances shape: (4,), values: [       nan 0.903      9.92300034 4.079     ]
[INFO] [1753418874.119450764] [solver_node]: 求解器返回结果: []
[INFO] [1753418874.216170311] [solver_node]: 数据详情:
- 第一个元素类型: <class 'float'>
- 整个数组类型: <class 'array.array'>
- 数组长度: 4
- 示例值: array('f', [0.0, 0.902999997138977, 9.92300033569336, 4.078999996185303])
[INFO] [1753418874.217684255] [solver_node]: 调用求解器前，distances shape: (4,), values: [       nan 0.903      9.92300034 4.079     ]
[INFO] [1753418874.221357061] [solver_node]: 求解器返回结果: []
[INFO] [1753418874.312680699] [solver_node]: 数据详情:
- 第一个元素类型: <class 'float'>
- 整个数组类型: <class 'array.array'>
- 数组长度: 4
- 示例值: array('f', [0.0, 0.902999997138977, 9.92300033569336, 4.078999996185303])
[INFO] [1753418874.316619947] [solver_node]: 调用求解器前，distances shape: (4,), values: [       nan 0.903      9.92300034 4.079     ]
[INFO] [1753418874.320046857] [solver_node]: 求解器返回结果: []
[INFO] [1753418874.411965012] [solver_node]: 数据详情:
- 第一个元素类型: <class 'float'>
- 整个数组类型: <class 'array.array'>
- 数组长度: 4
- 示例值: array('f', [0.0, 0.902999997138977, 9.92300033569336, 4.078999996185303])
[INFO] [1753418874.413378216] [solver_node]: 调用求解器前，distances shape: (4,), values: [       nan 0.903      9.92300034 4.079     ]
[INFO] [1753418874.416550300] [solver_node]: 求解器返回结果: []
[INFO] [1753418874.512218065] [solver_node]: 数据详情:
- 第一个元素类型: <class 'float'>
- 整个数组类型: <class 'array.array'>
- 数组长度: 4
- 示例值: array('f', [0.0, 0.902999997138977, 9.92300033569336, 4.078999996185303])
[INFO] [1753418874.514395041] [solver_node]: 调用求解器前，distances shape: (4,), values: [       nan 0.903      9.92300034 4.079     ]
[INFO] [1753418874.518476790] [solver_node]: 求解器返回结果: []
[INFO] [1753418874.612017565] [solver_node]: 数据详情:
- 第一个元素类型: <class 'float'>
- 整个数组类型: <class 'array.array'>
- 数组长度: 4
- 示例值: array('f', [0.0, 0.902999997138977, 9.92300033569336, 4.078999996185303])
[INFO] [1753418874.613469810] [solver_node]: 调用求解器前，distances shape: (4,), values: [       nan 0.903      9.92300034 4.079     ]
[INFO] [1753418874.616549411] [solver_node]: 求解器返回结果: []
[INFO] [1753418874.711996592] [solver_node]: 数据详情:
- 第一个元素类型: <class 'float'>
- 整个数组类型: <class 'array.array'>
- 数组长度: 4
- 示例值: array('f', [0.0, 0.902999997138977, 9.92300033569336, 4.078999996185303])
[INFO] [1753418874.713544073] [solver_node]: 调用求解器前，distances shape: (4,), values: [       nan 0.903      9.92300034 4.079     ]
[INFO] [1753418874.717285362] [solver_node]: 求解器返回结果: []
[INFO] [1753418874.811964610] [solver_node]: 数据详情:
- 第一个元素类型: <class 'float'>
- 整个数组类型: <class 'array.array'>
- 数组长度: 4
- 示例值: array('f', [0.0, 0.902999997138977, 9.92300033569336, 4.078999996185303])
[INFO] [1753418874.813574781] [solver_node]: 调用求解器前，distances shape: (4,), values: [       nan 0.903      9.92300034 4.079     ]
[INFO] [1753418874.816796596] [solver_node]: 求解器返回结果: []
[INFO] [1753418874.912270145] [solver_node]: 数据详情:
- 第一个元素类型: <class 'float'>
- 整个数组类型: <class 'array.array'>
- 数组长度: 4
- 示例值: array('f', [0.0, 0.902999997138977, 9.92300033569336, 4.078999996185303])
[INFO] [1753418874.913884732] [solver_node]: 调用求解器前，distances shape: (4,), values: [       nan 0.903      9.92300034 4.079     ]
[INFO] [1753418874.918522855] [solver_node]: 求解器返回结果: []
[INFO] [1753418875.012215251] [solver_node]: 数据详情:
- 第一个元素类型: <class 'float'>
- 整个数组类型: <class 'array.array'>
- 数组长度: 4
- 示例值: array('f', [0.0, 0.902999997138977, 9.92300033569336, 4.078999996185303])
[INFO] [1753418875.013656232] [solver_node]: 调用求解器前，distances shape: (4,), values: [       nan 0.903      9.92300034 4.079     ]
[INFO] [1753418875.016684311] [solver_node]: 求解器返回结果: []
[INFO] [1753418875.112789084] [solver_node]: 数据详情:
- 第一个元素类型: <class 'float'>
- 整个数组类型: <class 'array.array'>
- 数组长度: 4
- 示例值: array('f', [0.0, 0.902999997138977, 9.92300033569336, 4.078999996185303])
[INFO] [1753418875.115131378] [solver_node]: 调用求解器前，distances shape: (4,), values: [       nan 0.903      9.92300034 4.079     ]
[INFO] [1753418875.118426411] [solver_node]: 求解器返回结果: []
[INFO] [1753418875.212112599] [solver_node]: 数据详情:
- 第一个元素类型: <class 'float'>
- 整个数组类型: <class 'array.array'>
- 数组长度: 4
- 示例值: array('f', [0.0, 0.902999997138977, 9.92300033569336, 4.078999996185303])
[INFO] [1753418875.213578925] [solver_node]: 调用求解器前，distances shape: (4,), values: [       nan 0.903      9.92300034 4.079     ]
[INFO] [1753418875.216663742] [solver_node]: 求解器返回结果: []
[INFO] [1753418875.312083498] [solver_node]: 数据详情:
- 第一个元素类型: <class 'float'>
- 整个数组类型: <class 'array.array'>
- 数组长度: 4
- 示例值: array('f', [0.0, 0.902999997138977, 9.92300033569336, 4.078999996185303])
[INFO] [1753418875.313549824] [solver_node]: 调用求解器前，distances shape: (4,), values: [       nan 0.903      9.92300034 4.079     ]
[INFO] [1753418875.316777142] [solver_node]: 求解器返回结果: []
[INFO] [1753418875.412102463] [solver_node]: 数据详情:
- 第一个元素类型: <class 'float'>
- 整个数组类型: <class 'array.array'>
- 数组长度: 4
- 示例值: array('f', [0.0, 0.902999997138977, 9.92300033569336, 4.078999996185303])
[INFO] [1753418875.413529907] [solver_node]: 调用求解器前，distances shape: (4,), values: [       nan 0.903      9.92300034 4.079     ]
[INFO] [1753418875.416609540] [solver_node]: 求解器返回结果: []
[INFO] [1753418875.511964205] [solver_node]: 数据详情:
- 第一个元素类型: <class 'float'>
- 整个数组类型: <class 'array.array'>
- 数组长度: 4
- 示例值: array('f', [0.0, 0.902999997138977, 9.92300033569336, 4.078999996185303])
[INFO] [1753418875.513436963] [solver_node]: 调用求解器前，distances shape: (4,), values: [       nan 0.903      9.92300034 4.079     ]
[INFO] [1753418875.516662362] [solver_node]: 求解器返回结果: []
[INFO] [1753418875.612059717] [solver_node]: 数据详情:
- 第一个元素类型: <class 'float'>
- 整个数组类型: <class 'array.array'>
- 数组长度: 4
- 示例值: array('f', [0.0, 0.902999997138977, 9.92300033569336, 4.078999996185303])
[INFO] [1753418875.613598973] [solver_node]: 调用求解器前，distances shape: (4,), values: [       nan 0.903      9.92300034 4.079     ]
[INFO] [1753418875.616839700] [solver_node]: 求解器返回结果: []
[INFO] [1753418875.712487657] [solver_node]: 数据详情:
- 第一个元素类型: <class 'float'>
- 整个数组类型: <class 'array.array'>
- 数组长度: 4
- 示例值: array('f', [0.0, 0.902999997138977, 9.92300033569336, 4.078999996185303])
[INFO] [1753418875.714487378] [solver_node]: 调用求解器前，distances shape: (4,), values: [       nan 0.903      9.92300034 4.079     ]
[INFO] [1753418875.717973202] [solver_node]: 求解器返回结果: []
[INFO] [1753418875.812507325] [solver_node]: 数据详情:
- 第一个元素类型: <class 'float'>
- 整个数组类型: <class 'array.array'>
- 数组长度: 4
- 示例值: array('f', [0.0, 0.902999997138977, 9.92300033569336, 4.078999996185303])
[INFO] [1753418875.813948114] [solver_node]: 调用求解器前，distances shape: (4,), values: [       nan 0.903      9.92300034 4.079     ]
[INFO] [1753418875.817090149] [solver_node]: 求解器返回结果: []
[INFO] [1753418875.912221767] [solver_node]: 数据详情:
- 第一个元素类型: <class 'float'>
- 整个数组类型: <class 'array.array'>
- 数组长度: 4
- 示例值: array('f', [0.0, 0.902999997138977, 9.92300033569336, 4.078999996185303])
[INFO] [1753418875.913640091] [solver_node]: 调用求解器前，distances shape: (4,), values: [       nan 0.903      9.92300034 4.079     ]
[INFO] [1753418875.916691659] [solver_node]: 求解器返回结果: []
[INFO] [1753418876.012850098] [solver_node]: 数据详情:
- 第一个元素类型: <class 'float'>
- 整个数组类型: <class 'array.array'>
- 数组长度: 4
- 示例值: array('f', [0.0, 0.9359999895095825, 9.92300033569336, 4.078999996185303])
[INFO] [1753418876.014305191] [solver_node]: 调用求解器前，distances shape: (4,), values: [       nan 0.93599999 9.92300034 4.079     ]
[INFO] [1753418876.017376504] [solver_node]: 求解器返回结果: []
[INFO] [1753418876.114021105] [solver_node]: 数据详情:
- 第一个元素类型: <class 'float'>
- 整个数组类型: <class 'array.array'>
- 数组长度: 4
- 示例值: array('f', [0.0, 0.9359999895095825, 9.92300033569336, 4.078999996185303])
[INFO] [1753418876.115820179] [solver_node]: 调用求解器前，distances shape: (4,), values: [       nan 0.93599999 9.92300034 4.079     ]
[INFO] [1753418876.119283186] [solver_node]: 求解器返回结果: []
[INFO] [1753418876.212970975] [solver_node]: 数据详情:
- 第一个元素类型: <class 'float'>
- 整个数组类型: <class 'array.array'>
- 数组长度: 4
- 示例值: array('f', [0.0, 0.9359999895095825, 9.92300033569336, 4.078999996185303])
[INFO] [1753418876.214620635] [solver_node]: 调用求解器前，distances shape: (4,), values: [       nan 0.93599999 9.92300034 4.079     ]
[INFO] [1753418876.219032637] [solver_node]: 求解器返回结果: []
[INFO] [1753418876.314534476] [solver_node]: 数据详情:
- 第一个元素类型: <class 'float'>
- 整个数组类型: <class 'array.array'>
- 数组长度: 4
- 示例值: array('f', [0.0, 0.9359999895095825, 9.92300033569336, 4.078999996185303])
[INFO] [1753418876.316291309] [solver_node]: 调用求解器前，distances shape: (4,), values: [       nan 0.93599999 9.92300034 4.079     ]
[INFO] [1753418876.320320641] [solver_node]: 求解器返回结果: []
[INFO] [1753418876.411867263] [solver_node]: 数据详情:
- 第一个元素类型: <class 'float'>
- 整个数组类型: <class 'array.array'>
- 数组长度: 4
- 示例值: array('f', [0.0, 0.9359999895095825, 9.92300033569336, 4.078999996185303])
[INFO] [1753418876.413437497] [solver_node]: 调用求解器前，distances shape: (4,), values: [       nan 0.93599999 9.92300034 4.079     ]
[INFO] [1753418876.416588396] [solver_node]: 求解器返回结果: []
[INFO] [1753418876.515108362] [solver_node]: 数据详情:
- 第一个元素类型: <class 'float'>
- 整个数组类型: <class 'array.array'>
- 数组长度: 4
- 示例值: array('f', [0.0, 0.9359999895095825, 9.92300033569336, 4.078999996185303])
[INFO] [1753418876.516673284] [solver_node]: 调用求解器前，distances shape: (4,), values: [       nan 0.93599999 9.92300034 4.079     ]
[INFO] [1753418876.522335891] [solver_node]: 求解器返回结果: []
[INFO] [1753418876.612504511] [solver_node]: 数据详情:
- 第一个元素类型: <class 'float'>
- 整个数组类型: <class 'array.array'>
- 数组长度: 4
- 示例值: array('f', [0.0, 0.9359999895095825, 9.92300033569336, 4.078999996185303])
[INFO] [1753418876.614201693] [solver_node]: 调用求解器前，distances shape: (4,), values: [       nan 0.93599999 9.92300034 4.079     ]
[INFO] [1753418876.618344597] [solver_node]: 求解器返回结果: []
[INFO] [1753418876.714449243] [solver_node]: 数据详情:
- 第一个元素类型: <class 'float'>
- 整个数组类型: <class 'array.array'>
- 数组长度: 4
- 示例值: array('f', [0.0, 0.9359999895095825, 9.92300033569336, 4.078999996185303])
[INFO] [1753418876.720782211] [solver_node]: 调用求解器前，distances shape: (4,), values: [       nan 0.93599999 9.92300034 4.079     ]
[INFO] [1753418876.725754585] [solver_node]: 求解器返回结果: []
[INFO] [1753418876.815459028] [solver_node]: 数据详情:
- 第一个元素类型: <class 'float'>
- 整个数组类型: <class 'array.array'>
- 数组长度: 4
- 示例值: array('f', [0.0, 0.9359999895095825, 9.92300033569336, 4.078999996185303])
[INFO] [1753418876.816990220] [solver_node]: 调用求解器前，distances shape: (4,), values: [       nan 0.93599999 9.92300034 4.079     ]
[INFO] [1753418876.820267204] [solver_node]: 求解器返回结果: []
[INFO] [1753418876.912527901] [solver_node]: 数据详情:
- 第一个元素类型: <class 'float'>
- 整个数组类型: <class 'array.array'>
- 数组长度: 4
- 示例值: array('f', [0.0, 0.9359999895095825, 9.92300033569336, 4.078999996185303])
[INFO] [1753418876.914025620] [solver_node]: 调用求解器前，distances shape: (4,), values: [       nan 0.93599999 9.92300034 4.079     ]
[INFO] [1753418876.919061516] [solver_node]: 求解器返回结果: []
[INFO] [1753418877.013118535] [solver_node]: 数据详情:
- 第一个元素类型: <class 'float'>
- 整个数组类型: <class 'array.array'>
- 数组长度: 4
- 示例值: array('f', [0.0, 0.9359999895095825, 9.92300033569336, 4.078999996185303])
[INFO] [1753418877.014879975] [solver_node]: 调用求解器前，distances shape: (4,), values: [       nan 0.93599999 9.92300034 4.079     ]
[INFO] [1753418877.018365991] [solver_node]: 求解器返回结果: []
[INFO] [1753418877.111962929] [solver_node]: 数据详情:
- 第一个元素类型: <class 'float'>
- 整个数组类型: <class 'array.array'>
- 数组长度: 4
- 示例值: array('f', [0.0, 0.9359999895095825, 9.92300033569336, 4.078999996185303])
[INFO] [1753418877.113624302] [solver_node]: 调用求解器前，distances shape: (4,), values: [       nan 0.93599999 9.92300034 4.079     ]
[INFO] [1753418877.117195633] [solver_node]: 求解器返回结果: []
[INFO] [1753418877.218015972] [solver_node]: 数据详情:
- 第一个元素类型: <class 'float'>
- 整个数组类型: <class 'array.array'>
- 数组长度: 4
- 示例值: array('f', [0.0, 0.9359999895095825, 9.92300033569336, 4.078999996185303])
[INFO] [1753418877.219663520] [solver_node]: 调用求解器前，distances shape: (4,), values: [       nan 0.93599999 9.92300034 4.079     ]
[INFO] [1753418877.226627328] [solver_node]: 求解器返回结果: []
[INFO] [1753418877.315699459] [solver_node]: 数据详情:
- 第一个元素类型: <class 'float'>
- 整个数组类型: <class 'array.array'>
- 数组长度: 4
- 示例值: array('f', [0.0, 0.9359999895095825, 9.92300033569336, 4.078999996185303])
[INFO] [1753418877.318848439] [solver_node]: 调用求解器前，distances shape: (4,), values: [       nan 0.93599999 9.92300034 4.079     ]
[INFO] [1753418877.322135951] [solver_node]: 求解器返回结果: []
[INFO] [1753418877.412592262] [solver_node]: 数据详情:
- 第一个元素类型: <class 'float'>
- 整个数组类型: <class 'array.array'>
- 数组长度: 4
- 示例值: array('f', [0.0, 0.9359999895095825, 9.92300033569336, 4.078999996185303])
[INFO] [1753418877.413996985] [solver_node]: 调用求解器前，distances shape: (4,), values: [       nan 0.93599999 9.92300034 4.079     ]
[INFO] [1753418877.417112652] [solver_node]: 求解器返回结果: []
[INFO] [1753418877.511932130] [solver_node]: 数据详情:
- 第一个元素类型: <class 'float'>
- 整个数组类型: <class 'array.array'>
- 数组长度: 4
- 示例值: array('f', [0.0, 0.9359999895095825, 9.92300033569336, 4.078999996185303])
[INFO] [1753418877.513465275] [solver_node]: 调用求解器前，distances shape: (4,), values: [       nan 0.93599999 9.92300034 4.079     ]
[INFO] [1753418877.516624270] [solver_node]: 求解器返回结果: []
[INFO] [1753418877.612343622] [solver_node]: 数据详情:
- 第一个元素类型: <class 'float'>
- 整个数组类型: <class 'array.array'>
- 数组长度: 4
- 示例值: array('f', [0.0, 0.9359999895095825, 9.92300033569336, 4.078999996185303])
[INFO] [1753418877.614093190] [solver_node]: 调用求解器前，distances shape: (4,), values: [       nan 0.93599999 9.92300034 4.079     ]
[INFO] [1753418877.617123477] [solver_node]: 求解器返回结果: []
[INFO] [1753418877.712181845] [solver_node]: 数据详情:
- 第一个元素类型: <class 'float'>
- 整个数组类型: <class 'array.array'>
- 数组长度: 4
- 示例值: array('f', [0.0, 0.9359999895095825, 9.92300033569336, 4.078999996185303])
[INFO] [1753418877.714339556] [solver_node]: 调用求解器前，distances shape: (4,), values: [       nan 0.93599999 9.92300034 4.079     ]
[INFO] [1753418877.717954409] [solver_node]: 求解器返回结果: []
[INFO] [1753418877.812234667] [solver_node]: 数据详情:
- 第一个元素类型: <class 'float'>
- 整个数组类型: <class 'array.array'>
- 数组长度: 4
- 示例值: array('f', [0.0, 0.9359999895095825, 9.92300033569336, 4.078999996185303])
[INFO] [1753418877.814028749] [solver_node]: 调用求解器前，distances shape: (4,), values: [       nan 0.93599999 9.92300034 4.079     ]
[INFO] [1753418877.817158016] [solver_node]: 求解器返回结果: []
[INFO] [1753418877.916469531] [solver_node]: 数据详情:
- 第一个元素类型: <class 'float'>
- 整个数组类型: <class 'array.array'>
- 数组长度: 4
- 示例值: array('f', [0.0, 0.9359999895095825, 9.92300033569336, 4.078999996185303])
[INFO] [1753418877.918446532] [solver_node]: 调用求解器前，distances shape: (4,), values: [       nan 0.93599999 9.92300034 4.079     ]
[INFO] [1753418877.926045147] [solver_node]: 求解器返回结果: []
[INFO] [1753418878.014035927] [solver_node]: 数据详情:
- 第一个元素类型: <class 'float'>
- 整个数组类型: <class 'array.array'>
- 数组长度: 4
- 示例值: array('f', [0.0, 0.9359999895095825, 1.0490000247955322, 4.078999996185303])
[INFO] [1753418878.019673062] [solver_node]: 调用求解器前，distances shape: (4,), values: [       nan 0.93599999 1.04900002 4.079     ]
[INFO] [1753418878.025664321] [solver_node]: [PoseSolver] 第0个组合有8个有效解
[INFO] [1753418878.026884942] [solver_node]: [PoseSolver] 处理完第0个组合后的筛选结果:
[INFO] [1753418878.027700684] [solver_node]: [PoseSolver] 排序后的最终筛选结果:
[INFO] [1753418878.028439111] [solver_node]: [PoseSolver] 找到8个完美相容解 (相容数=N)
[INFO] [1753418878.029220484] [solver_node]: 求解器返回结果: [((8.728949218130312, 8.730949218130311), (6.693852144535235, 6.695852144535236), 1.8128577009292495), ((1.2670507818696892, 1.269050781869689), (1.3041478554647645, 1.3061478554647643), -1.3287349526605436), ((9.09726736288055, 9.099267362880548), (3.1483009074043276, 3.1503009074043273), 0.7525906481587841), ((0.8987326371194504, 0.9007326371194504), (4.8496990925956736, 4.851699092595674), -2.389002005431009), ((1.3041478554647645, 1.3061478554647643), (6.73094921813031, 6.732949218130311), -2.89953127945544), ((8.691852144535236, 8.693852144535235), (1.267050781869689, 1.2690507818696888), 0.24206137413435308), ((6.847699092595671, 6.849699092595672), (7.099267362880549, 7.10126736288055), 2.3233869749536806), ((3.1483009074043276, 3.1503009074043273), (0.8987326371194505, 0.9007326371194505), -0.8182056786361124)]
[INFO] [1753418878.113212494] [solver_node]: 数据详情:
- 第一个元素类型: <class 'float'>
- 整个数组类型: <class 'array.array'>
- 数组长度: 4
- 示例值: array('f', [0.0, 0.9359999895095825, 1.0490000247955322, 4.078999996185303])
[INFO] [1753418878.115733866] [solver_node]: 调用求解器前，distances shape: (4,), values: [       nan 0.93599999 1.04900002 4.079     ]
[INFO] [1753418878.119345487] [solver_node]: [PoseSolver] 第0个组合有8个有效解
[INFO] [1753418878.120244272] [solver_node]: [PoseSolver] 处理完第0个组合后的筛选结果:
[INFO] [1753418878.121001195] [solver_node]: [PoseSolver] 排序后的最终筛选结果:
[INFO] [1753418878.121737094] [solver_node]: [PoseSolver] 找到8个完美相容解 (相容数=N)
[INFO] [1753418878.122506915] [solver_node]: 求解器返回结果: [((8.728949218130312, 8.730949218130311), (6.693852144535235, 6.695852144535236), 1.8128577009292495), ((1.2670507818696892, 1.269050781869689), (1.3041478554647645, 1.3061478554647643), -1.3287349526605436), ((9.09726736288055, 9.099267362880548), (3.1483009074043276, 3.1503009074043273), 0.7525906481587841), ((0.8987326371194504, 0.9007326371194504), (4.8496990925956736, 4.851699092595674), -2.389002005431009), ((1.3041478554647645, 1.3061478554647643), (6.73094921813031, 6.732949218130311), -2.89953127945544), ((8.691852144535236, 8.693852144535235), (1.267050781869689, 1.2690507818696888), 0.24206137413435308), ((6.847699092595671, 6.849699092595672), (7.099267362880549, 7.10126736288055), 2.3233869749536806), ((3.1483009074043276, 3.1503009074043273), (0.8987326371194505, 0.9007326371194505), -0.8182056786361124)]
[INFO] [1753418878.212516649] [solver_node]: 数据详情:
- 第一个元素类型: <class 'float'>
- 整个数组类型: <class 'array.array'>
- 数组长度: 4
- 示例值: array('f', [0.0, 0.9359999895095825, 1.0490000247955322, 4.078999996185303])
[INFO] [1753418878.214021088] [solver_node]: 调用求解器前，distances shape: (4,), values: [       nan 0.93599999 1.04900002 4.079     ]
[INFO] [1753418878.217991442] [solver_node]: [PoseSolver] 第0个组合有8个有效解
[INFO] [1753418878.219154397] [solver_node]: [PoseSolver] 处理完第0个组合后的筛选结果:
[INFO] [1753418878.220179554] [solver_node]: [PoseSolver] 排序后的最终筛选结果:
[INFO] [1753418878.221073795] [solver_node]: [PoseSolver] 找到8个完美相容解 (相容数=N)
[INFO] [1753418878.222054247] [solver_node]: 求解器返回结果: [((8.728949218130312, 8.730949218130311), (6.693852144535235, 6.695852144535236), 1.8128577009292495), ((1.2670507818696892, 1.269050781869689), (1.3041478554647645, 1.3061478554647643), -1.3287349526605436), ((9.09726736288055, 9.099267362880548), (3.1483009074043276, 3.1503009074043273), 0.7525906481587841), ((0.8987326371194504, 0.9007326371194504), (4.8496990925956736, 4.851699092595674), -2.389002005431009), ((1.3041478554647645, 1.3061478554647643), (6.73094921813031, 6.732949218130311), -2.89953127945544), ((8.691852144535236, 8.693852144535235), (1.267050781869689, 1.2690507818696888), 0.24206137413435308), ((6.847699092595671, 6.849699092595672), (7.099267362880549, 7.10126736288055), 2.3233869749536806), ((3.1483009074043276, 3.1503009074043273), (0.8987326371194505, 0.9007326371194505), -0.8182056786361124)]
[INFO] [1753418878.312630914] [solver_node]: 数据详情:
- 第一个元素类型: <class 'float'>
- 整个数组类型: <class 'array.array'>
- 数组长度: 4
- 示例值: array('f', [0.0, 0.9359999895095825, 1.0490000247955322, 4.078999996185303])
[INFO] [1753418878.314155450] [solver_node]: 调用求解器前，distances shape: (4,), values: [       nan 0.93599999 1.04900002 4.079     ]
[INFO] [1753418878.320066323] [solver_node]: [PoseSolver] 第0个组合有8个有效解
[INFO] [1753418878.323144068] [solver_node]: [PoseSolver] 处理完第0个组合后的筛选结果:
[INFO] [1753418878.324103079] [solver_node]: [PoseSolver] 排序后的最终筛选结果:
[INFO] [1753418878.324925413] [solver_node]: [PoseSolver] 找到8个完美相容解 (相容数=N)
[INFO] [1753418878.325711810] [solver_node]: 求解器返回结果: [((8.728949218130312, 8.730949218130311), (6.693852144535235, 6.695852144535236), 1.8128577009292495), ((1.2670507818696892, 1.269050781869689), (1.3041478554647645, 1.3061478554647643), -1.3287349526605436), ((9.09726736288055, 9.099267362880548), (3.1483009074043276, 3.1503009074043273), 0.7525906481587841), ((0.8987326371194504, 0.9007326371194504), (4.8496990925956736, 4.851699092595674), -2.389002005431009), ((1.3041478554647645, 1.3061478554647643), (6.73094921813031, 6.732949218130311), -2.89953127945544), ((8.691852144535236, 8.693852144535235), (1.267050781869689, 1.2690507818696888), 0.24206137413435308), ((6.847699092595671, 6.849699092595672), (7.099267362880549, 7.10126736288055), 2.3233869749536806), ((3.1483009074043276, 3.1503009074043273), (0.8987326371194505, 0.9007326371194505), -0.8182056786361124)]
[INFO] [1753418878.415078705] [solver_node]: 数据详情:
- 第一个元素类型: <class 'float'>
- 整个数组类型: <class 'array.array'>
- 数组长度: 4
- 示例值: array('f', [0.0, 0.9359999895095825, 1.0490000247955322, 4.078999996185303])
[INFO] [1753418878.416820785] [solver_node]: 调用求解器前，distances shape: (4,), values: [       nan 0.93599999 1.04900002 4.079     ]
[INFO] [1753418878.422867567] [solver_node]: [PoseSolver] 第0个组合有8个有效解
[INFO] [1753418878.423837554] [solver_node]: [PoseSolver] 处理完第0个组合后的筛选结果:
[INFO] [1753418878.424616527] [solver_node]: [PoseSolver] 排序后的最终筛选结果:
[INFO] [1753418878.427001734] [solver_node]: [PoseSolver] 找到8个完美相容解 (相容数=N)
[INFO] [1753418878.427897543] [solver_node]: 求解器返回结果: [((8.728949218130312, 8.730949218130311), (6.693852144535235, 6.695852144535236), 1.8128577009292495), ((1.2670507818696892, 1.269050781869689), (1.3041478554647645, 1.3061478554647643), -1.3287349526605436), ((9.09726736288055, 9.099267362880548), (3.1483009074043276, 3.1503009074043273), 0.7525906481587841), ((0.8987326371194504, 0.9007326371194504), (4.8496990925956736, 4.851699092595674), -2.389002005431009), ((1.3041478554647645, 1.3061478554647643), (6.73094921813031, 6.732949218130311), -2.89953127945544), ((8.691852144535236, 8.693852144535235), (1.267050781869689, 1.2690507818696888), 0.24206137413435308), ((6.847699092595671, 6.849699092595672), (7.099267362880549, 7.10126736288055), 2.3233869749536806), ((3.1483009074043276, 3.1503009074043273), (0.8987326371194505, 0.9007326371194505), -0.8182056786361124)]
[INFO] [1753418878.512565034] [solver_node]: 数据详情:
- 第一个元素类型: <class 'float'>
- 整个数组类型: <class 'array.array'>
- 数组长度: 4
- 示例值: array('f', [0.0, 0.9359999895095825, 1.0490000247955322, 4.078999996185303])
[INFO] [1753418878.514428718] [solver_node]: 调用求解器前，distances shape: (4,), values: [       nan 0.93599999 1.04900002 4.079     ]
[INFO] [1753418878.520471084] [solver_node]: [PoseSolver] 第0个组合有8个有效解
[INFO] [1753418878.521579124] [solver_node]: [PoseSolver] 处理完第0个组合后的筛选结果:
[INFO] [1753418878.522336880] [solver_node]: [PoseSolver] 排序后的最终筛选结果:
[INFO] [1753418878.523111597] [solver_node]: [PoseSolver] 找到8个完美相容解 (相容数=N)
[INFO] [1753418878.530368759] [solver_node]: 求解器返回结果: [((8.728949218130312, 8.730949218130311), (6.693852144535235, 6.695852144535236), 1.8128577009292495), ((1.2670507818696892, 1.269050781869689), (1.3041478554647645, 1.3061478554647643), -1.3287349526605436), ((9.09726736288055, 9.099267362880548), (3.1483009074043276, 3.1503009074043273), 0.7525906481587841), ((0.8987326371194504, 0.9007326371194504), (4.8496990925956736, 4.851699092595674), -2.389002005431009), ((1.3041478554647645, 1.3061478554647643), (6.73094921813031, 6.732949218130311), -2.89953127945544), ((8.691852144535236, 8.693852144535235), (1.267050781869689, 1.2690507818696888), 0.24206137413435308), ((6.847699092595671, 6.849699092595672), (7.099267362880549, 7.10126736288055), 2.3233869749536806), ((3.1483009074043276, 3.1503009074043273), (0.8987326371194505, 0.9007326371194505), -0.8182056786361124)]
[INFO] [1753418878.627903506] [solver_node]: 数据详情:
- 第一个元素类型: <class 'float'>
- 整个数组类型: <class 'array.array'>
- 数组长度: 4
- 示例值: array('f', [0.0, 0.9359999895095825, 1.0490000247955322, 4.078999996185303])
[INFO] [1753418878.629477227] [solver_node]: 调用求解器前，distances shape: (4,), values: [       nan 0.93599999 1.04900002 4.079     ]
[INFO] [1753418878.632615838] [solver_node]: [PoseSolver] 第0个组合有8个有效解
[INFO] [1753418878.633513119] [solver_node]: [PoseSolver] 处理完第0个组合后的筛选结果:
[INFO] [1753418878.634301724] [solver_node]: [PoseSolver] 排序后的最终筛选结果:
[INFO] [1753418878.635100698] [solver_node]: [PoseSolver] 找到8个完美相容解 (相容数=N)
[INFO] [1753418878.635943000] [solver_node]: 求解器返回结果: [((8.728949218130312, 8.730949218130311), (6.693852144535235, 6.695852144535236), 1.8128577009292495), ((1.2670507818696892, 1.269050781869689), (1.3041478554647645, 1.3061478554647643), -1.3287349526605436), ((9.09726736288055, 9.099267362880548), (3.1483009074043276, 3.1503009074043273), 0.7525906481587841), ((0.8987326371194504, 0.9007326371194504), (4.8496990925956736, 4.851699092595674), -2.389002005431009), ((1.3041478554647645, 1.3061478554647643), (6.73094921813031, 6.732949218130311), -2.89953127945544), ((8.691852144535236, 8.693852144535235), (1.267050781869689, 1.2690507818696888), 0.24206137413435308), ((6.847699092595671, 6.849699092595672), (7.099267362880549, 7.10126736288055), 2.3233869749536806), ((3.1483009074043276, 3.1503009074043273), (0.8987326371194505, 0.9007326371194505), -0.8182056786361124)]
[INFO] [1753418878.712184230] [solver_node]: 数据详情:
- 第一个元素类型: <class 'float'>
- 整个数组类型: <class 'array.array'>
- 数组长度: 4
- 示例值: array('f', [0.0, 0.9359999895095825, 1.0490000247955322, 4.078999996185303])
[INFO] [1753418878.713759104] [solver_node]: 调用求解器前，distances shape: (4,), values: [       nan 0.93599999 1.04900002 4.079     ]
[INFO] [1753418878.718174434] [solver_node]: [PoseSolver] 第0个组合有8个有效解
[INFO] [1753418878.720661725] [solver_node]: [PoseSolver] 处理完第0个组合后的筛选结果:
[INFO] [1753418878.734989611] [solver_node]: [PoseSolver] 排序后的最终筛选结果:
[INFO] [1753418878.736336508] [solver_node]: [PoseSolver] 找到8个完美相容解 (相容数=N)
[INFO] [1753418878.738236066] [solver_node]: 求解器返回结果: [((8.728949218130312, 8.730949218130311), (6.693852144535235, 6.695852144535236), 1.8128577009292495), ((1.2670507818696892, 1.269050781869689), (1.3041478554647645, 1.3061478554647643), -1.3287349526605436), ((9.09726736288055, 9.099267362880548), (3.1483009074043276, 3.1503009074043273), 0.7525906481587841), ((0.8987326371194504, 0.9007326371194504), (4.8496990925956736, 4.851699092595674), -2.389002005431009), ((1.3041478554647645, 1.3061478554647643), (6.73094921813031, 6.732949218130311), -2.89953127945544), ((8.691852144535236, 8.693852144535235), (1.267050781869689, 1.2690507818696888), 0.24206137413435308), ((6.847699092595671, 6.849699092595672), (7.099267362880549, 7.10126736288055), 2.3233869749536806), ((3.1483009074043276, 3.1503009074043273), (0.8987326371194505, 0.9007326371194505), -0.8182056786361124)]
[INFO] [1753418878.818727563] [solver_node]: 数据详情:
- 第一个元素类型: <class 'float'>
- 整个数组类型: <class 'array.array'>
- 数组长度: 4
- 示例值: array('f', [0.0, 0.9359999895095825, 1.0490000247955322, 4.078999996185303])
[INFO] [1753418878.820305669] [solver_node]: 调用求解器前，distances shape: (4,), values: [       nan 0.93599999 1.04900002 4.079     ]
[INFO] [1753418878.823302419] [solver_node]: [PoseSolver] 第0个组合有8个有效解
[INFO] [1753418878.825627528] [solver_node]: [PoseSolver] 处理完第0个组合后的筛选结果:
[INFO] [1753418878.826466599] [solver_node]: [PoseSolver] 排序后的最终筛选结果:
[INFO] [1753418878.827254084] [solver_node]: [PoseSolver] 找到8个完美相容解 (相容数=N)
[INFO] [1753418878.828025792] [solver_node]: 求解器返回结果: [((8.728949218130312, 8.730949218130311), (6.693852144535235, 6.695852144535236), 1.8128577009292495), ((1.2670507818696892, 1.269050781869689), (1.3041478554647645, 1.3061478554647643), -1.3287349526605436), ((9.09726736288055, 9.099267362880548), (3.1483009074043276, 3.1503009074043273), 0.7525906481587841), ((0.8987326371194504, 0.9007326371194504), (4.8496990925956736, 4.851699092595674), -2.389002005431009), ((1.3041478554647645, 1.3061478554647643), (6.73094921813031, 6.732949218130311), -2.89953127945544), ((8.691852144535236, 8.693852144535235), (1.267050781869689, 1.2690507818696888), 0.24206137413435308), ((6.847699092595671, 6.849699092595672), (7.099267362880549, 7.10126736288055), 2.3233869749536806), ((3.1483009074043276, 3.1503009074043273), (0.8987326371194505, 0.9007326371194505), -0.8182056786361124)]
[INFO] [1753418878.912975629] [solver_node]: 数据详情:
- 第一个元素类型: <class 'float'>
- 整个数组类型: <class 'array.array'>
- 数组长度: 4
- 示例值: array('f', [0.0, 0.9359999895095825, 1.0490000247955322, 4.078999996185303])
[INFO] [1753418878.915097883] [solver_node]: 调用求解器前，distances shape: (4,), values: [       nan 0.93599999 1.04900002 4.079     ]
[INFO] [1753418878.937390829] [solver_node]: [PoseSolver] 第0个组合有8个有效解
[INFO] [1753418878.938283981] [solver_node]: [PoseSolver] 处理完第0个组合后的筛选结果:
[INFO] [1753418878.939625151] [solver_node]: [PoseSolver] 排序后的最终筛选结果:
[INFO] [1753418878.940399355] [solver_node]: [PoseSolver] 找到8个完美相容解 (相容数=N)
[INFO] [1753418878.941153847] [solver_node]: 求解器返回结果: [((8.728949218130312, 8.730949218130311), (6.693852144535235, 6.695852144535236), 1.8128577009292495), ((1.2670507818696892, 1.269050781869689), (1.3041478554647645, 1.3061478554647643), -1.3287349526605436), ((9.09726736288055, 9.099267362880548), (3.1483009074043276, 3.1503009074043273), 0.7525906481587841), ((0.8987326371194504, 0.9007326371194504), (4.8496990925956736, 4.851699092595674), -2.389002005431009), ((1.3041478554647645, 1.3061478554647643), (6.73094921813031, 6.732949218130311), -2.89953127945544), ((8.691852144535236, 8.693852144535235), (1.267050781869689, 1.2690507818696888), 0.24206137413435308), ((6.847699092595671, 6.849699092595672), (7.099267362880549, 7.10126736288055), 2.3233869749536806), ((3.1483009074043276, 3.1503009074043273), (0.8987326371194505, 0.9007326371194505), -0.8182056786361124)]
[INFO] [1753418879.013324975] [solver_node]: 数据详情:
- 第一个元素类型: <class 'float'>
- 整个数组类型: <class 'array.array'>
- 数组长度: 4
- 示例值: array('f', [0.0, 0.9359999895095825, 1.0490000247955322, 4.078999996185303])
[INFO] [1753418879.014983884] [solver_node]: 调用求解器前，distances shape: (4,), values: [       nan 0.93599999 1.04900002 4.079     ]
[INFO] [1753418879.017977465] [solver_node]: [PoseSolver] 第0个组合有8个有效解
[INFO] [1753418879.019642966] [solver_node]: [PoseSolver] 处理完第0个组合后的筛选结果:
[INFO] [1753418879.020705885] [solver_node]: [PoseSolver] 排序后的最终筛选结果:
[INFO] [1753418879.025698101] [solver_node]: [PoseSolver] 找到8个完美相容解 (相容数=N)
[INFO] [1753418879.033209128] [solver_node]: 求解器返回结果: [((8.728949218130312, 8.730949218130311), (6.693852144535235, 6.695852144535236), 1.8128577009292495), ((1.2670507818696892, 1.269050781869689), (1.3041478554647645, 1.3061478554647643), -1.3287349526605436), ((9.09726736288055, 9.099267362880548), (3.1483009074043276, 3.1503009074043273), 0.7525906481587841), ((0.8987326371194504, 0.9007326371194504), (4.8496990925956736, 4.851699092595674), -2.389002005431009), ((1.3041478554647645, 1.3061478554647643), (6.73094921813031, 6.732949218130311), -2.89953127945544), ((8.691852144535236, 8.693852144535235), (1.267050781869689, 1.2690507818696888), 0.24206137413435308), ((6.847699092595671, 6.849699092595672), (7.099267362880549, 7.10126736288055), 2.3233869749536806), ((3.1483009074043276, 3.1503009074043273), (0.8987326371194505, 0.9007326371194505), -0.8182056786361124)]
[INFO] [1753418879.116053288] [solver_node]: 数据详情:
- 第一个元素类型: <class 'float'>
- 整个数组类型: <class 'array.array'>
- 数组长度: 4
- 示例值: array('f', [0.0, 0.9359999895095825, 1.0490000247955322, 4.078999996185303])
[INFO] [1753418879.119390179] [solver_node]: 调用求解器前，distances shape: (4,), values: [       nan 0.93599999 1.04900002 4.079     ]
[INFO] [1753418879.124711942] [solver_node]: [PoseSolver] 第0个组合有8个有效解
[INFO] [1753418879.125639240] [solver_node]: [PoseSolver] 处理完第0个组合后的筛选结果:
[INFO] [1753418879.126343874] [solver_node]: [PoseSolver] 排序后的最终筛选结果:
[INFO] [1753418879.129595609] [solver_node]: [PoseSolver] 找到8个完美相容解 (相容数=N)
[INFO] [1753418879.130475769] [solver_node]: 求解器返回结果: [((8.728949218130312, 8.730949218130311), (6.693852144535235, 6.695852144535236), 1.8128577009292495), ((1.2670507818696892, 1.269050781869689), (1.3041478554647645, 1.3061478554647643), -1.3287349526605436), ((9.09726736288055, 9.099267362880548), (3.1483009074043276, 3.1503009074043273), 0.7525906481587841), ((0.8987326371194504, 0.9007326371194504), (4.8496990925956736, 4.851699092595674), -2.389002005431009), ((1.3041478554647645, 1.3061478554647643), (6.73094921813031, 6.732949218130311), -2.89953127945544), ((8.691852144535236, 8.693852144535235), (1.267050781869689, 1.2690507818696888), 0.24206137413435308), ((6.847699092595671, 6.849699092595672), (7.099267362880549, 7.10126736288055), 2.3233869749536806), ((3.1483009074043276, 3.1503009074043273), (0.8987326371194505, 0.9007326371194505), -0.8182056786361124)]
[INFO] [1753418879.215464648] [solver_node]: 数据详情:
- 第一个元素类型: <class 'float'>
- 整个数组类型: <class 'array.array'>
- 数组长度: 4
- 示例值: array('f', [0.0, 0.9359999895095825, 1.0490000247955322, 4.078999996185303])
[INFO] [1753418879.216950558] [solver_node]: 调用求解器前，distances shape: (4,), values: [       nan 0.93599999 1.04900002 4.079     ]
[INFO] [1753418879.219924523] [solver_node]: [PoseSolver] 第0个组合有8个有效解
[INFO] [1753418879.221814385] [solver_node]: [PoseSolver] 处理完第0个组合后的筛选结果:
[INFO] [1753418879.225317585] [solver_node]: [PoseSolver] 排序后的最终筛选结果:
[INFO] [1753418879.226870954] [solver_node]: [PoseSolver] 找到8个完美相容解 (相容数=N)
[INFO] [1753418879.228445508] [solver_node]: 求解器返回结果: [((8.728949218130312, 8.730949218130311), (6.693852144535235, 6.695852144535236), 1.8128577009292495), ((1.2670507818696892, 1.269050781869689), (1.3041478554647645, 1.3061478554647643), -1.3287349526605436), ((9.09726736288055, 9.099267362880548), (3.1483009074043276, 3.1503009074043273), 0.7525906481587841), ((0.8987326371194504, 0.9007326371194504), (4.8496990925956736, 4.851699092595674), -2.389002005431009), ((1.3041478554647645, 1.3061478554647643), (6.73094921813031, 6.732949218130311), -2.89953127945544), ((8.691852144535236, 8.693852144535235), (1.267050781869689, 1.2690507818696888), 0.24206137413435308), ((6.847699092595671, 6.849699092595672), (7.099267362880549, 7.10126736288055), 2.3233869749536806), ((3.1483009074043276, 3.1503009074043273), (0.8987326371194505, 0.9007326371194505), -0.8182056786361124)]
[INFO] [1753418879.315756712] [solver_node]: 数据详情:
- 第一个元素类型: <class 'float'>
- 整个数组类型: <class 'array.array'>
- 数组长度: 4
- 示例值: array('f', [0.0, 0.9359999895095825, 1.0490000247955322, 4.078999996185303])
[INFO] [1753418879.317283360] [solver_node]: 调用求解器前，distances shape: (4,), values: [       nan 0.93599999 1.04900002 4.079     ]
[INFO] [1753418879.320367409] [solver_node]: [PoseSolver] 第0个组合有8个有效解
[INFO] [1753418879.323560102] [solver_node]: [PoseSolver] 处理完第0个组合后的筛选结果:
[INFO] [1753418879.324374756] [solver_node]: [PoseSolver] 排序后的最终筛选结果:
[INFO] [1753418879.325109247] [solver_node]: [PoseSolver] 找到8个完美相容解 (相容数=N)
[INFO] [1753418879.325883227] [solver_node]: 求解器返回结果: [((8.728949218130312, 8.730949218130311), (6.693852144535235, 6.695852144535236), 1.8128577009292495), ((1.2670507818696892, 1.269050781869689), (1.3041478554647645, 1.3061478554647643), -1.3287349526605436), ((9.09726736288055, 9.099267362880548), (3.1483009074043276, 3.1503009074043273), 0.7525906481587841), ((0.8987326371194504, 0.9007326371194504), (4.8496990925956736, 4.851699092595674), -2.389002005431009), ((1.3041478554647645, 1.3061478554647643), (6.73094921813031, 6.732949218130311), -2.89953127945544), ((8.691852144535236, 8.693852144535235), (1.267050781869689, 1.2690507818696888), 0.24206137413435308), ((6.847699092595671, 6.849699092595672), (7.099267362880549, 7.10126736288055), 2.3233869749536806), ((3.1483009074043276, 3.1503009074043273), (0.8987326371194505, 0.9007326371194505), -0.8182056786361124)]
[INFO] [1753418879.416717376] [solver_node]: 数据详情:
- 第一个元素类型: <class 'float'>
- 整个数组类型: <class 'array.array'>
- 数组长度: 4
- 示例值: array('f', [0.0, 0.9359999895095825, 1.0490000247955322, 4.078999996185303])
[INFO] [1753418879.418213143] [solver_node]: 调用求解器前，distances shape: (4,), values: [       nan 0.93599999 1.04900002 4.079     ]
[INFO] [1753418879.421164004] [solver_node]: [PoseSolver] 第0个组合有8个有效解
[INFO] [1753418879.421962817] [solver_node]: [PoseSolver] 处理完第0个组合后的筛选结果:
[INFO] [1753418879.422646746] [solver_node]: [PoseSolver] 排序后的最终筛选结果:
[INFO] [1753418879.424855659] [solver_node]: [PoseSolver] 找到8个完美相容解 (相容数=N)
[INFO] [1753418879.425623271] [solver_node]: 求解器返回结果: [((8.728949218130312, 8.730949218130311), (6.693852144535235, 6.695852144535236), 1.8128577009292495), ((1.2670507818696892, 1.269050781869689), (1.3041478554647645, 1.3061478554647643), -1.3287349526605436), ((9.09726736288055, 9.099267362880548), (3.1483009074043276, 3.1503009074043273), 0.7525906481587841), ((0.8987326371194504, 0.9007326371194504), (4.8496990925956736, 4.851699092595674), -2.389002005431009), ((1.3041478554647645, 1.3061478554647643), (6.73094921813031, 6.732949218130311), -2.89953127945544), ((8.691852144535236, 8.693852144535235), (1.267050781869689, 1.2690507818696888), 0.24206137413435308), ((6.847699092595671, 6.849699092595672), (7.099267362880549, 7.10126736288055), 2.3233869749536806), ((3.1483009074043276, 3.1503009074043273), (0.8987326371194505, 0.9007326371194505), -0.8182056786361124)]
[INFO] [1753418879.512122925] [solver_node]: 数据详情:
- 第一个元素类型: <class 'float'>
- 整个数组类型: <class 'array.array'>
- 数组长度: 4
- 示例值: array('f', [0.0, 0.9359999895095825, 1.0490000247955322, 4.078999996185303])
[INFO] [1753418879.513992818] [solver_node]: 调用求解器前，distances shape: (4,), values: [       nan 0.93599999 1.04900002 4.079     ]
[INFO] [1753418879.522360517] [solver_node]: [PoseSolver] 第0个组合有8个有效解
[INFO] [1753418879.526221491] [solver_node]: [PoseSolver] 处理完第0个组合后的筛选结果:
[INFO] [1753418879.530146467] [solver_node]: [PoseSolver] 排序后的最终筛选结果:
[INFO] [1753418879.532511865] [solver_node]: [PoseSolver] 找到8个完美相容解 (相容数=N)
[INFO] [1753418879.534409631] [solver_node]: 求解器返回结果: [((8.728949218130312, 8.730949218130311), (6.693852144535235, 6.695852144535236), 1.8128577009292495), ((1.2670507818696892, 1.269050781869689), (1.3041478554647645, 1.3061478554647643), -1.3287349526605436), ((9.09726736288055, 9.099267362880548), (3.1483009074043276, 3.1503009074043273), 0.7525906481587841), ((0.8987326371194504, 0.9007326371194504), (4.8496990925956736, 4.851699092595674), -2.389002005431009), ((1.3041478554647645, 1.3061478554647643), (6.73094921813031, 6.732949218130311), -2.89953127945544), ((8.691852144535236, 8.693852144535235), (1.267050781869689, 1.2690507818696888), 0.24206137413435308), ((6.847699092595671, 6.849699092595672), (7.099267362880549, 7.10126736288055), 2.3233869749536806), ((3.1483009074043276, 3.1503009074043273), (0.8987326371194505, 0.9007326371194505), -0.8182056786361124)]
[INFO] [1753418879.612850397] [solver_node]: 数据详情:
- 第一个元素类型: <class 'float'>
- 整个数组类型: <class 'array.array'>
- 数组长度: 4
- 示例值: array('f', [0.0, 0.9359999895095825, 1.0490000247955322, 4.078999996185303])
[INFO] [1753418879.615976304] [solver_node]: 调用求解器前，distances shape: (4,), values: [       nan 0.93599999 1.04900002 4.079     ]
[INFO] [1753418879.621273362] [solver_node]: [PoseSolver] 第0个组合有8个有效解
[INFO] [1753418879.623712780] [solver_node]: [PoseSolver] 处理完第0个组合后的筛选结果:
[INFO] [1753418879.625605009] [solver_node]: [PoseSolver] 排序后的最终筛选结果:
[INFO] [1753418879.627273198] [solver_node]: [PoseSolver] 找到8个完美相容解 (相容数=N)
[INFO] [1753418879.628898698] [solver_node]: 求解器返回结果: [((8.728949218130312, 8.730949218130311), (6.693852144535235, 6.695852144535236), 1.8128577009292495), ((1.2670507818696892, 1.269050781869689), (1.3041478554647645, 1.3061478554647643), -1.3287349526605436), ((9.09726736288055, 9.099267362880548), (3.1483009074043276, 3.1503009074043273), 0.7525906481587841), ((0.8987326371194504, 0.9007326371194504), (4.8496990925956736, 4.851699092595674), -2.389002005431009), ((1.3041478554647645, 1.3061478554647643), (6.73094921813031, 6.732949218130311), -2.89953127945544), ((8.691852144535236, 8.693852144535235), (1.267050781869689, 1.2690507818696888), 0.24206137413435308), ((6.847699092595671, 6.849699092595672), (7.099267362880549, 7.10126736288055), 2.3233869749536806), ((3.1483009074043276, 3.1503009074043273), (0.8987326371194505, 0.9007326371194505), -0.8182056786361124)]
[INFO] [1753418879.713297795] [solver_node]: 数据详情:
- 第一个元素类型: <class 'float'>
- 整个数组类型: <class 'array.array'>
- 数组长度: 4
- 示例值: array('f', [0.0, 0.9359999895095825, 1.0490000247955322, 4.078999996185303])
[INFO] [1753418879.715730108] [solver_node]: 调用求解器前，distances shape: (4,), values: [       nan 0.93599999 1.04900002 4.079     ]
[INFO] [1753418879.724639811] [solver_node]: [PoseSolver] 第0个组合有8个有效解
[INFO] [1753418879.725720139] [solver_node]: [PoseSolver] 处理完第0个组合后的筛选结果:
[INFO] [1753418879.729011556] [solver_node]: [PoseSolver] 排序后的最终筛选结果:
[INFO] [1753418879.732821295] [solver_node]: [PoseSolver] 找到8个完美相容解 (相容数=N)
[INFO] [1753418879.733660718] [solver_node]: 求解器返回结果: [((8.728949218130312, 8.730949218130311), (6.693852144535235, 6.695852144535236), 1.8128577009292495), ((1.2670507818696892, 1.269050781869689), (1.3041478554647645, 1.3061478554647643), -1.3287349526605436), ((9.09726736288055, 9.099267362880548), (3.1483009074043276, 3.1503009074043273), 0.7525906481587841), ((0.8987326371194504, 0.9007326371194504), (4.8496990925956736, 4.851699092595674), -2.389002005431009), ((1.3041478554647645, 1.3061478554647643), (6.73094921813031, 6.732949218130311), -2.89953127945544), ((8.691852144535236, 8.693852144535235), (1.267050781869689, 1.2690507818696888), 0.24206137413435308), ((6.847699092595671, 6.849699092595672), (7.099267362880549, 7.10126736288055), 2.3233869749536806), ((3.1483009074043276, 3.1503009074043273), (0.8987326371194505, 0.9007326371194505), -0.8182056786361124)]
[INFO] [1753418879.813316537] [solver_node]: 数据详情:
- 第一个元素类型: <class 'float'>
- 整个数组类型: <class 'array.array'>
- 数组长度: 4
- 示例值: array('f', [0.0, 0.9359999895095825, 1.0490000247955322, 4.078999996185303])
[INFO] [1753418879.814912596] [solver_node]: 调用求解器前，distances shape: (4,), values: [       nan 0.93599999 1.04900002 4.079     ]
[INFO] [1753418879.819933708] [solver_node]: [PoseSolver] 第0个组合有8个有效解
[INFO] [1753418879.820809068] [solver_node]: [PoseSolver] 处理完第0个组合后的筛选结果:
[INFO] [1753418879.821572904] [solver_node]: [PoseSolver] 排序后的最终筛选结果:
[INFO] [1753418879.822270786] [solver_node]: [PoseSolver] 找到8个完美相容解 (相容数=N)
[INFO] [1753418879.823086239] [solver_node]: 求解器返回结果: [((8.728949218130312, 8.730949218130311), (6.693852144535235, 6.695852144535236), 1.8128577009292495), ((1.2670507818696892, 1.269050781869689), (1.3041478554647645, 1.3061478554647643), -1.3287349526605436), ((9.09726736288055, 9.099267362880548), (3.1483009074043276, 3.1503009074043273), 0.7525906481587841), ((0.8987326371194504, 0.9007326371194504), (4.8496990925956736, 4.851699092595674), -2.389002005431009), ((1.3041478554647645, 1.3061478554647643), (6.73094921813031, 6.732949218130311), -2.89953127945544), ((8.691852144535236, 8.693852144535235), (1.267050781869689, 1.2690507818696888), 0.24206137413435308), ((6.847699092595671, 6.849699092595672), (7.099267362880549, 7.10126736288055), 2.3233869749536806), ((3.1483009074043276, 3.1503009074043273), (0.8987326371194505, 0.9007326371194505), -0.8182056786361124)]
