[INFO] [1754293662.825821259] [solver_node]: [PerpendicularDistanceLocalizer] 激光配置 详细内容: 列表长度: 5
[INFO] [1754293662.826868867] [solver_node]: [PerpendicularDistanceLocalizer] 激光配置[0]: ((0.37685, 1.56608), 1.5708)
[INFO] [1754293662.828052318] [solver_node]: [PerpendicularDistanceLocalizer] 激光配置[1]: ((0.37685, -1.56608), -1.5708)
[INFO] [1754293662.828866672] [solver_node]: [PerpendicularDistanceLocalizer] 激光配置[2]: ((0.37645, 0.47385), 0.0)
[INFO] [1754293662.829655522] [solver_node]: [PerpendicularDistanceLocalizer] 激光配置[3]: ((0.37771, 2.42478), 3.14159)
[INFO] [1754293662.830776092] [solver_node]: [PerpendicularDistanceLocalizer] 激光配置[4]: ((0.37771, -2.42478), 3.14159)
[INFO] [1754293662.831664080] [solver_node]: [PerpendicularDistanceLocalizer] 前束索引: [2], 后束索引: [3, 4]
[INFO] [1754293662.833127793] [solver_node]: [PerpendicularDistanceLocalizer] 左束索引: [0], 右束索引: [1]
[INFO] [1754293662.852058337] [solver_node]: [PerpendicularDistanceLocalizer] h_values: [0.37684581 0.37684581 0.33497201 0.28475693 0.28475693]
[INFO] [1754293662.856138558] [solver_node]: [PerpendicularDistanceLocalizer] 垂直距离定位器已初始化，需要调用calibrate()方法进行标定
[INFO] [1754293662.887274116] [solver_node]: SolverNode启动，进入初始化阶段，需要收集100次激光数据进行标定...
[INFO] [1754293662.893795929] [solver_node]: 标定数据收集进度: 1/100
[INFO] [1754293662.899638622] [solver_node]: 标定数据收集进度: 2/100
[INFO] [1754293662.910637401] [solver_node]: 标定数据收集进度: 3/100
[INFO] [1754293662.916132534] [solver_node]: 标定数据收集进度: 4/100
[INFO] [1754293662.921481264] [solver_node]: 标定数据收集进度: 5/100
[INFO] [1754293662.929458022] [solver_node]: 标定数据收集进度: 6/100
[INFO] [1754293662.939842035] [solver_node]: 标定数据收集进度: 7/100
[INFO] [1754293662.948879393] [solver_node]: 标定数据收集进度: 8/100
[INFO] [1754293662.955394837] [solver_node]: 标定数据收集进度: 9/100
[INFO] [1754293662.971361697] [solver_node]: 标定数据收集进度: 10/100
[INFO] [1754293662.974851633] [solver_node]: 标定数据收集进度: 11/100
[INFO] [1754293662.984367274] [solver_node]: 标定数据收集进度: 12/100
[INFO] [1754293662.994351694] [solver_node]: 标定数据收集进度: 13/100
[INFO] [1754293663.004582423] [solver_node]: 标定数据收集进度: 14/100
[INFO] [1754293663.016568904] [solver_node]: 标定数据收集进度: 15/100
[INFO] [1754293663.025284143] [solver_node]: 标定数据收集进度: 16/100
[INFO] [1754293663.035416470] [solver_node]: 标定数据收集进度: 17/100
[INFO] [1754293663.044439972] [solver_node]: 标定数据收集进度: 18/100
[INFO] [1754293663.055240346] [solver_node]: 标定数据收集进度: 19/100
[INFO] [1754293663.065211517] [solver_node]: 标定数据收集进度: 20/100
[INFO] [1754293663.075008124] [solver_node]: 标定数据收集进度: 21/100
[INFO] [1754293663.086040792] [solver_node]: 标定数据收集进度: 22/100
[INFO] [1754293663.097580063] [solver_node]: 标定数据收集进度: 23/100
[INFO] [1754293663.104835716] [solver_node]: 标定数据收集进度: 24/100
[INFO] [1754293663.114819048] [solver_node]: 标定数据收集进度: 25/100
[INFO] [1754293663.124147005] [solver_node]: 标定数据收集进度: 26/100
[INFO] [1754293663.135001236] [solver_node]: 标定数据收集进度: 27/100
[INFO] [1754293663.144360169] [solver_node]: 标定数据收集进度: 28/100
[INFO] [1754293663.154454447] [solver_node]: 标定数据收集进度: 29/100
[INFO] [1754293663.166702951] [solver_node]: 标定数据收集进度: 30/100
[INFO] [1754293663.174378038] [solver_node]: 标定数据收集进度: 31/100
[INFO] [1754293663.184799971] [solver_node]: 标定数据收集进度: 32/100
[INFO] [1754293663.194371645] [solver_node]: 标定数据收集进度: 33/100
[INFO] [1754293663.204174333] [solver_node]: 标定数据收集进度: 34/100
[INFO] [1754293663.214109023] [solver_node]: 标定数据收集进度: 35/100
[INFO] [1754293663.226063280] [solver_node]: 标定数据收集进度: 36/100
[INFO] [1754293663.234029381] [solver_node]: 标定数据收集进度: 37/100
[INFO] [1754293663.244823067] [solver_node]: 标定数据收集进度: 38/100
[INFO] [1754293663.255794582] [solver_node]: 标定数据收集进度: 39/100
[INFO] [1754293663.266235524] [solver_node]: 标定数据收集进度: 40/100
[INFO] [1754293663.276867702] [solver_node]: 标定数据收集进度: 41/100
[INFO] [1754293663.284473059] [solver_node]: 标定数据收集进度: 42/100
[INFO] [1754293663.294550761] [solver_node]: 标定数据收集进度: 43/100
[INFO] [1754293663.304133316] [solver_node]: 标定数据收集进度: 44/100
[INFO] [1754293663.313878242] [solver_node]: 标定数据收集进度: 45/100
[INFO] [1754293663.324744121] [solver_node]: 标定数据收集进度: 46/100
[INFO] [1754293663.335102118] [solver_node]: 标定数据收集进度: 47/100
[INFO] [1754293663.347716933] [solver_node]: 标定数据收集进度: 48/100
[INFO] [1754293663.356225831] [solver_node]: 标定数据收集进度: 49/100
[INFO] [1754293663.364349216] [solver_node]: 标定数据收集进度: 50/100
[INFO] [1754293663.374558281] [solver_node]: 标定数据收集进度: 51/100
[INFO] [1754293663.384713552] [solver_node]: 标定数据收集进度: 52/100
[INFO] [1754293663.394905497] [solver_node]: 标定数据收集进度: 53/100
[INFO] [1754293663.404470291] [solver_node]: 标定数据收集进度: 54/100
[INFO] [1754293663.414620570] [solver_node]: 标定数据收集进度: 55/100
[INFO] [1754293663.424731425] [solver_node]: 标定数据收集进度: 56/100
[INFO] [1754293663.434562209] [solver_node]: 标定数据收集进度: 57/100
[INFO] [1754293663.444450658] [solver_node]: 标定数据收集进度: 58/100
[INFO] [1754293663.453967643] [solver_node]: 标定数据收集进度: 59/100
[INFO] [1754293663.468750124] [solver_node]: 标定数据收集进度: 60/100
[INFO] [1754293663.474238889] [solver_node]: 标定数据收集进度: 61/100
[INFO] [1754293663.484167884] [solver_node]: 标定数据收集进度: 62/100
[INFO] [1754293663.494957378] [solver_node]: 标定数据收集进度: 63/100
[INFO] [1754293663.505461649] [solver_node]: 标定数据收集进度: 64/100
[INFO] [1754293663.516270439] [solver_node]: 标定数据收集进度: 65/100
[INFO] [1754293663.524121274] [solver_node]: 标定数据收集进度: 66/100
[INFO] [1754293663.534191616] [solver_node]: 标定数据收集进度: 67/100
[INFO] [1754293663.544396329] [solver_node]: 标定数据收集进度: 68/100
[INFO] [1754293663.554458062] [solver_node]: 标定数据收集进度: 69/100
[INFO] [1754293663.564446098] [solver_node]: 标定数据收集进度: 70/100
[INFO] [1754293663.574720604] [solver_node]: 标定数据收集进度: 71/100
[INFO] [1754293663.584271414] [solver_node]: 标定数据收集进度: 72/100
[INFO] [1754293663.594029844] [solver_node]: 标定数据收集进度: 73/100
[INFO] [1754293663.604572260] [solver_node]: 标定数据收集进度: 74/100
[INFO] [1754293663.614846319] [solver_node]: 标定数据收集进度: 75/100
[INFO] [1754293663.624625070] [solver_node]: 标定数据收集进度: 76/100
[INFO] [1754293663.635124957] [solver_node]: 标定数据收集进度: 77/100
[INFO] [1754293663.644195468] [solver_node]: 标定数据收集进度: 78/100
[INFO] [1754293663.654362803] [solver_node]: 标定数据收集进度: 79/100
[INFO] [1754293663.664584093] [solver_node]: 标定数据收集进度: 80/100
[INFO] [1754293663.674315994] [solver_node]: 标定数据收集进度: 81/100
[INFO] [1754293663.684193084] [solver_node]: 标定数据收集进度: 82/100
[INFO] [1754293663.694159167] [solver_node]: 标定数据收集进度: 83/100
[INFO] [1754293663.707076773] [solver_node]: 标定数据收集进度: 84/100
[INFO] [1754293663.714439949] [solver_node]: 标定数据收集进度: 85/100
[INFO] [1754293663.728989177] [solver_node]: 标定数据收集进度: 86/100
[INFO] [1754293663.734312498] [solver_node]: 标定数据收集进度: 87/100
[INFO] [1754293663.747509279] [solver_node]: 标定数据收集进度: 88/100
[INFO] [1754293663.762261679] [solver_node]: 标定数据收集进度: 89/100
[INFO] [1754293663.768042771] [solver_node]: 标定数据收集进度: 90/100
[INFO] [1754293663.775142229] [solver_node]: 标定数据收集进度: 91/100
[INFO] [1754293663.784076928] [solver_node]: 标定数据收集进度: 92/100
[INFO] [1754293663.794464237] [solver_node]: 标定数据收集进度: 93/100
[INFO] [1754293663.804317166] [solver_node]: 标定数据收集进度: 94/100
[INFO] [1754293663.814305714] [solver_node]: 标定数据收集进度: 95/100
[INFO] [1754293663.825927067] [solver_node]: 标定数据收集进度: 96/100
[INFO] [1754293663.838764159] [solver_node]: 标定数据收集进度: 97/100
[INFO] [1754293663.845377814] [solver_node]: 标定数据收集进度: 98/100
[INFO] [1754293663.854345410] [solver_node]: 标定数据收集进度: 99/100
[INFO] [1754293663.866039085] [solver_node]: 标定数据收集进度: 100/100
[INFO] [1754293663.868074555] [solver_node]: 标定数据收集完成，开始标定过程...
[INFO] [1754293663.870243277] [solver_node]: 开始标定，收集到的数据shape: (100, 5)
[INFO] [1754293663.871741583] [solver_node]: [PerpendicularDistanceLocalizer] 开始标定，扫描数据shape: (100, 5)
[INFO] [1754293663.873512631] [solver_node]: [PerpendicularDistanceLocalizer] 平均测距值 详细内容: 形状: (5,), 类型: float64
[INFO] [1754293663.874315818] [solver_node]: [PerpendicularDistanceLocalizer] 平均测距值[0]: 1.4509999752044678
[INFO] [1754293663.875003001] [solver_node]: [PerpendicularDistanceLocalizer] 平均测距值[1]: 6.451000213623047
[INFO] [1754293663.876379065] [solver_node]: [PerpendicularDistanceLocalizer] 平均测距值[2]: 4.328000068664551
[INFO] [1754293663.877148458] [solver_node]: [PerpendicularDistanceLocalizer] 平均测距值[3]: 5.017000198364258
[INFO] [1754293663.877852762] [solver_node]: [PerpendicularDistanceLocalizer] 平均测距值[4]: 5.0229997634887695
[INFO] [1754293663.879337756] [solver_node]: [PerpendicularDistanceLocalizer] h_values 详细内容: 形状: (5,), 类型: float64
[INFO] [1754293663.880886911] [solver_node]: [PerpendicularDistanceLocalizer] h_values[0]: 0.37684580873135426
[INFO] [1754293663.882374081] [solver_node]: [PerpendicularDistanceLocalizer] h_values[1]: 0.37684580873135426
[INFO] [1754293663.883130003] [solver_node]: [PerpendicularDistanceLocalizer] h_values[2]: 0.33497201345916283
[INFO] [1754293663.883823138] [solver_node]: [PerpendicularDistanceLocalizer] h_values[3]: 0.2847569265233284
[INFO] [1754293663.884511442] [solver_node]: [PerpendicularDistanceLocalizer] h_values[4]: 0.2847569265233284
[INFO] [1754293663.885730062] [solver_node]: [PerpendicularDistanceLocalizer] 标定完成: m=9.968, n=8.656
[INFO] [1754293663.886455454] [solver_node]: [PerpendicularDistanceLocalizer] 前后左右平均距离: 前=4.663, 后=5.305, 左=1.828, 右=6.828
[INFO] [1754293663.887147694] [solver_node]: [PerpendicularDistanceLocalizer] 计算的初始位姿: x=5.305, y=6.828, phi=1.571
[INFO] [1754293663.887864382] [solver_node]: 标定完成: m=9.968, n=8.656
[INFO] [1754293663.888549614] [solver_node]: 初始位姿: x=5.305, y=6.828, phi=1.571
[INFO] [1754293663.891462032] [solver_node]: 初始化阶段完成，进入运行阶段
[INFO] [1754293663.895513101] [solver_node]: 收到5个激光点，处理后5个有效点
[INFO] [1754293663.897768928] [solver_node]: 收到5个激光点，处理后5个有效点
[INFO] [1754293663.899678220] [solver_node]: 收到5个激光点，处理后5个有效点
[INFO] [1754293663.904838625] [solver_node]: 当前位置: x=4.665, y=1.184, angle=3.140
[INFO] [1754293663.906138303] [solver_node]: 激光距离数据: [1.45099998 6.45100021 4.32800007 5.0170002  5.02299976]
[INFO] [1754293663.907207511] [solver_node]: 垂直距离定位器返回 1 个解
[INFO] [1754293663.907895911] [solver_node]: 总共 1 个解
[INFO] [1754293663.908639960] [solver_node]: 无效解: x=4.663, y=1.828, 距离=0.644 > 阈值0.100
[INFO] [1754293663.916343912] [solver_node]: 收到5个激光点，处理后5个有效点
[WARN] [1754293663.919996667] [solver_node]: 没有满足距离要求的解
[WARN] [1754293663.923212228] [solver_node]: 没有合适的解，不发布TF变换
[INFO] [1754293663.923689423] [solver_node]: 收到5个激光点，处理后5个有效点
[INFO] [1754293663.929507764] [solver_node]: 收到5个激光点，处理后5个有效点
[INFO] [1754293663.938073143] [solver_node]: 收到5个激光点，处理后5个有效点
[INFO] [1754293663.942846340] [solver_node]: 当前位置: x=4.665, y=1.184, angle=3.140
[INFO] [1754293663.948583079] [solver_node]: 激光距离数据: [1.45099998 6.45100021 4.32800007 5.0170002  5.02299976]
[INFO] [1754293663.951499977] [solver_node]: 收到5个激光点，处理后5个有效点
[INFO] [1754293663.953558872] [solver_node]: 垂直距离定位器返回 1 个解
[INFO] [1754293663.955789643] [solver_node]: 总共 1 个解
[INFO] [1754293663.957314286] [solver_node]: 无效解: x=4.663, y=1.828, 距离=0.644 > 阈值0.100
[WARN] [1754293663.958345733] [solver_node]: 没有满足距离要求的解
[WARN] [1754293663.961415691] [solver_node]: 没有合适的解，不发布TF变换
[INFO] [1754293663.963226036] [solver_node]: 收到5个激光点，处理后5个有效点
[INFO] [1754293663.969680392] [solver_node]: 收到5个激光点，处理后5个有效点
[INFO] [1754293663.972688076] [solver_node]: 当前位置: x=4.665, y=1.184, angle=3.140
[INFO] [1754293663.975056610] [solver_node]: 激光距离数据: [1.45099998 6.45100021 4.32800007 5.0170002  5.02299976]
[INFO] [1754293663.976050521] [solver_node]: 垂直距离定位器返回 1 个解
[INFO] [1754293663.977763616] [solver_node]: 总共 1 个解
[INFO] [1754293663.978538866] [solver_node]: 无效解: x=4.663, y=1.828, 距离=0.644 > 阈值0.100
[WARN] [1754293663.979278050] [solver_node]: 没有满足距离要求的解
[WARN] [1754293663.980049300] [solver_node]: 没有合适的解，不发布TF变换
[INFO] [1754293663.980892135] [solver_node]: 当前位置: x=4.665, y=1.184, angle=3.140
[INFO] [1754293663.983311742] [solver_node]: 收到5个激光点，处理后5个有效点
[INFO] [1754293663.985578482] [solver_node]: 收到5个激光点，处理后5个有效点
[INFO] [1754293663.990039032] [solver_node]: 激光距离数据: [1.45099998 6.45100021 4.32800007 5.0170002  5.02299976]
[INFO] [1754293663.992634323] [solver_node]: 垂直距离定位器返回 1 个解
[INFO] [1754293663.993348707] [solver_node]: 总共 1 个解
[INFO] [1754293663.996611341] [solver_node]: 无效解: x=4.663, y=1.828, 距离=0.644 > 阈值0.100
[WARN] [1754293663.997479201] [solver_node]: 没有满足距离要求的解
[WARN] [1754293663.998296180] [solver_node]: 没有合适的解，不发布TF变换
[INFO] [1754293663.999149895] [solver_node]: 当前位置: x=4.665, y=1.184, angle=3.140
[INFO] [1754293664.004793544] [solver_node]: 发布静态变换完成: translation=(-5.305, -6.828, 0.0), 无旋转
[INFO] [1754293664.005576698] [solver_node]: 已提交静态TF发布任务: translation=(-5.305, -6.828, 0.0)
[INFO] [1754293664.022451066] [solver_node]: 收到5个激光点，处理后5个有效点
[INFO] [1754293664.024337221] [solver_node]: 激光距离数据: [1.45099998 6.45100021 4.32800007 5.0170002  5.02299976]
[INFO] [1754293664.038962259] [solver_node]: 垂直距离定位器返回 1 个解
[INFO] [1754293664.041665520] [solver_node]: 收到5个激光点，处理后5个有效点
[INFO] [1754293664.048116099] [solver_node]: 总共 1 个解
[INFO] [1754293664.055575469] [solver_node]: 无效解: x=4.663, y=1.828, 距离=0.644 > 阈值0.100
[INFO] [1754293664.057273524] [solver_node]: 收到5个激光点，处理后5个有效点
[INFO] [1754293664.060066228] [solver_node]: 收到5个激光点，处理后5个有效点
[INFO] [1754293664.062591533] [solver_node]: 收到5个激光点，处理后5个有效点
[INFO] [1754293664.064603643] [solver_node]: 收到5个激光点，处理后5个有效点
[INFO] [1754293664.066525223] [solver_node]: 收到5个激光点，处理后5个有效点
[WARN] [1754293664.068518996] [solver_node]: 没有满足距离要求的解
[WARN] [1754293664.069412681] [solver_node]: 没有合适的解，不发布TF变换
[INFO] [1754293664.070273660] [solver_node]: 收到5个激光点，处理后5个有效点
[INFO] [1754293664.072531248] [solver_node]: 当前位置: x=8.551, y=6.029, angle=-0.001
[INFO] [1754293664.073833166] [solver_node]: 激光距离数据: [1.45099998 6.45100021 4.32800007 5.0170002  5.02299976]
[INFO] [1754293664.074844357] [solver_node]: 垂直距离定位器返回 1 个解
[INFO] [1754293664.075535060] [solver_node]: 总共 1 个解
[INFO] [1754293664.076259621] [solver_node]: 无效解: x=5.305, y=6.828, 距离=3.343 > 阈值0.100
[WARN] [1754293664.077717606] [solver_node]: 没有满足距离要求的解
[WARN] [1754293664.078520344] [solver_node]: 没有合适的解，不发布TF变换
[INFO] [1754293664.082072425] [solver_node]: 收到5个激光点，处理后5个有效点
[INFO] [1754293664.086177159] [solver_node]: 收到5个激光点，处理后5个有效点
[INFO] [1754293664.089716984] [solver_node]: 当前位置: x=8.551, y=6.029, angle=-0.001
[INFO] [1754293664.090969108] [solver_node]: 激光距离数据: [1.45099998 6.45100021 4.32800007 5.0170002  5.02299976]
[INFO] [1754293664.091959275] [solver_node]: 垂直距离定位器返回 1 个解
[INFO] [1754293664.092651098] [solver_node]: 总共 1 个解
[INFO] [1754293664.095172436] [solver_node]: 无效解: x=5.305, y=6.828, 距离=3.343 > 阈值0.100
[WARN] [1754293664.096425680] [solver_node]: 没有满足距离要求的解
[WARN] [1754293664.098083638] [solver_node]: 没有合适的解，不发布TF变换
[INFO] [1754293664.103024295] [solver_node]: 发布静态变换完成: translation=(-5.305, -6.828, 0.0), 无旋转
[INFO] [1754293664.106192047] [solver_node]: 已提交静态TF发布任务: translation=(-5.305, -6.828, 0.0)
[INFO] [1754293664.110479377] [solver_node]: 收到5个激光点，处理后5个有效点
[INFO] [1754293664.111969299] [solver_node]: 当前位置: x=8.551, y=6.029, angle=-0.001
[INFO] [1754293664.113170542] [solver_node]: 激光距离数据: [1.45099998 6.45100021 4.32800007 5.0170002  5.02299976]
[INFO] [1754293664.114442955] [solver_node]: 垂直距离定位器返回 1 个解
[INFO] [1754293664.115785386] [solver_node]: 总共 1 个解
[INFO] [1754293664.117481232] [solver_node]: 无效解: x=5.305, y=6.828, 距离=3.343 > 阈值0.100
[WARN] [1754293664.123675357] [solver_node]: 没有满足距离要求的解
[WARN] [1754293664.125498919] [solver_node]: 没有合适的解，不发布TF变换
[INFO] [1754293664.126654305] [solver_node]: 收到5个激光点，处理后5个有效点
[INFO] [1754293664.130444792] [solver_node]: 当前位置: x=8.551, y=6.029, angle=-0.001
[INFO] [1754293664.135740880] [solver_node]: 激光距离数据: [1.45099998 6.45100021 4.32800007 5.0170002  5.02299976]
[INFO] [1754293664.138974426] [solver_node]: 收到5个激光点，处理后5个有效点
[INFO] [1754293664.145900088] [solver_node]: 垂直距离定位器返回 1 个解
[INFO] [1754293664.147621055] [solver_node]: 总共 1 个解
[INFO] [1754293664.149973717] [solver_node]: 无效解: x=5.305, y=6.828, 距离=3.343 > 阈值0.100
[INFO] [1754293664.150647428] [solver_node]: 收到5个激光点，处理后5个有效点
[WARN] [1754293664.155874523] [solver_node]: 没有满足距离要求的解
[WARN] [1754293664.158696700] [solver_node]: 没有合适的解，不发布TF变换
[INFO] [1754293664.159440109] [solver_node]: 收到5个激光点，处理后5个有效点
[INFO] [1754293664.165320467] [solver_node]: 当前位置: x=8.551, y=6.029, angle=-0.001
[INFO] [1754293664.169674038] [solver_node]: 收到5个激光点，处理后5个有效点
[INFO] [1754293664.172012555] [solver_node]: 收到5个激光点，处理后5个有效点
[INFO] [1754293664.174533125] [solver_node]: 激光距离数据: [1.45099998 6.45100021 4.32800007 5.0170002  5.02299976]
[INFO] [1754293664.175712191] [solver_node]: 垂直距离定位器返回 1 个解
[INFO] [1754293664.180173829] [solver_node]: 总共 1 个解
[INFO] [1754293664.183122856] [solver_node]: 收到5个激光点，处理后5个有效点
[INFO] [1754293664.186576151] [solver_node]: 无效解: x=5.305, y=6.828, 距离=3.343 > 阈值0.100
[INFO] [1754293664.191301475] [solver_node]: 收到5个激光点，处理后5个有效点
[WARN] [1754293664.193831676] [solver_node]: 没有满足距离要求的解
[INFO] [1754293664.195332255] [solver_node]: 已提交静态TF发布任务: translation=(-5.305, -6.828, 0.0)
[INFO] [1754293664.206369978] [solver_node]: 收到5个激光点，处理后5个有效点
[INFO] [1754293664.208061921] [solver_node]: 发布静态变换完成: translation=(-5.305, -6.828, 0.0), 无旋转
[WARN] [1754293664.208731888] [solver_node]: 没有合适的解，不发布TF变换
[INFO] [1754293664.213712033] [solver_node]: 当前位置: x=8.549, y=6.028, angle=-0.001
[INFO] [1754293664.215049984] [solver_node]: 激光距离数据: [1.45099998 6.45100021 4.32800007 5.0170002  5.02299976]
[INFO] [1754293664.216170778] [solver_node]: 垂直距离定位器返回 1 个解
[INFO] [1754293664.216825896] [solver_node]: 总共 1 个解
[INFO] [1754293664.217630747] [solver_node]: 收到5个激光点，处理后5个有效点
[INFO] [1754293664.219865326] [solver_node]: 收到5个激光点，处理后5个有效点
[INFO] [1754293664.221828026] [solver_node]: 收到5个激光点，处理后5个有效点
[INFO] [1754293664.224312147] [solver_node]: 无效解: x=5.305, y=6.828, 距离=3.342 > 阈值0.100
[WARN] [1754293664.227080370] [solver_node]: 没有满足距离要求的解
[WARN] [1754293664.228589077] [solver_node]: 没有合适的解，不发布TF变换
[INFO] [1754293664.229491081] [solver_node]: 收到5个激光点，处理后5个有效点
[INFO] [1754293664.231677115] [solver_node]: 当前位置: x=8.549, y=6.028, angle=-0.001
[INFO] [1754293664.233038394] [solver_node]: 激光距离数据: [1.45099998 6.45100021 4.32800007 5.0170002  5.02299976]
[INFO] [1754293664.234013456] [solver_node]: 垂直距离定位器返回 1 个解
[INFO] [1754293664.235176043] [solver_node]: 总共 1 个解
[INFO] [1754293664.236057407] [solver_node]: 无效解: x=5.305, y=6.828, 距离=3.342 > 阈值0.100
[INFO] [1754293664.238003211] [solver_node]: 收到5个激光点，处理后5个有效点
[WARN] [1754293664.239355178] [solver_node]: 没有满足距离要求的解
[WARN] [1754293664.240134204] [solver_node]: 没有合适的解，不发布TF变换
[INFO] [1754293664.241001103] [solver_node]: 当前位置: x=8.549, y=6.028, angle=-0.001
[INFO] [1754293664.242416368] [solver_node]: 激光距离数据: [1.45099998 6.45100021 4.32800007 5.0170002  5.02299976]
[INFO] [1754293664.243444039] [solver_node]: 垂直距离定位器返回 1 个解
[INFO] [1754293664.244067349] [solver_node]: 总共 1 个解
[INFO] [1754293664.244726500] [solver_node]: 无效解: x=5.305, y=6.828, 距离=3.342 > 阈值0.100
[INFO] [1754293664.249360526] [solver_node]: 收到5个激光点，处理后5个有效点
[WARN] [1754293664.251732132] [solver_node]: 没有满足距离要求的解
[INFO] [1754293664.255623805] [solver_node]: 收到5个激光点，处理后5个有效点
[WARN] [1754293664.264519399] [solver_node]: 没有合适的解，不发布TF变换
[INFO] [1754293664.271040060] [solver_node]: 当前位置: x=8.549, y=6.028, angle=-0.001
[INFO] [1754293664.276250067] [solver_node]: 激光距离数据: [1.45099998 6.45100021 4.32800007 5.0170002  5.02299976]
[INFO] [1754293664.279046675] [solver_node]: 垂直距离定位器返回 1 个解
[INFO] [1754293664.279730082] [solver_node]: 总共 1 个解
[INFO] [1754293664.280417522] [solver_node]: 无效解: x=5.305, y=6.828, 距离=3.342 > 阈值0.100
[WARN] [1754293664.283389846] [solver_node]: 没有满足距离要求的解
[INFO] [1754293664.285262336] [solver_node]: 收到5个激光点，处理后5个有效点
[WARN] [1754293664.287891420] [solver_node]: 没有合适的解，不发布TF变换
[INFO] [1754293664.289581187] [solver_node]: 收到5个激光点，处理后5个有效点
[INFO] [1754293664.291613329] [solver_node]: 当前位置: x=8.549, y=6.028, angle=-0.001
[INFO] [1754293664.297712700] [solver_node]: 已提交静态TF发布任务: translation=(-5.305, -6.828, 0.0)
[INFO] [1754293664.300310263] [solver_node]: 收到5个激光点，处理后5个有效点
[INFO] [1754293664.303050358] [solver_node]: 激光距离数据: [1.45099998 6.45100021 4.32800007 5.0170002  5.02299976]
[INFO] [1754293664.305014178] [solver_node]: 发布静态变换完成: translation=(-5.305, -6.828, 0.0), 无旋转
[INFO] [1754293664.305477069] [solver_node]: 收到5个激光点，处理后5个有效点
[INFO] [1754293664.309171457] [solver_node]: 收到5个激光点，处理后5个有效点
[INFO] [1754293664.312874774] [solver_node]: 垂直距离定位器返回 1 个解
[INFO] [1754293664.315017318] [solver_node]: 总共 1 个解
[INFO] [1754293664.317538656] [solver_node]: 收到5个激光点，处理后5个有效点
[INFO] [1754293664.320327007] [solver_node]: 无效解: x=5.305, y=6.828, 距离=3.342 > 阈值0.100
[WARN] [1754293664.324377308] [solver_node]: 没有满足距离要求的解
[WARN] [1754293664.325522006] [solver_node]: 没有合适的解，不发布TF变换
[INFO] [1754293664.326434923] [solver_node]: 收到5个激光点，处理后5个有效点
[INFO] [1754293664.330796302] [solver_node]: 当前位置: x=8.553, y=6.030, angle=0.001
[INFO] [1754293664.336285963] [solver_node]: 激光距离数据: [1.45099998 6.45100021 4.32800007 5.0170002  5.02299976]
[INFO] [1754293664.338842725] [solver_node]: 垂直距离定位器返回 1 个解
[INFO] [1754293664.340856883] [solver_node]: 总共 1 个解
[INFO] [1754293664.345205014] [solver_node]: 无效解: x=5.305, y=6.828, 距离=3.345 > 阈值0.100
[WARN] [1754293664.347769905] [solver_node]: 没有满足距离要求的解
[WARN] [1754293664.350423501] [solver_node]: 没有合适的解，不发布TF变换
[INFO] [1754293664.351320130] [solver_node]: 收到5个激光点，处理后5个有效点
[INFO] [1754293664.355995532] [solver_node]: 收到5个激光点，处理后5个有效点
[INFO] [1754293664.358251616] [solver_node]: 收到5个激光点，处理后5个有效点
[INFO] [1754293664.363623738] [solver_node]: 当前位置: x=8.553, y=6.030, angle=0.001
[INFO] [1754293664.365654856] [solver_node]: 激光距离数据: [1.45099998 6.45100021 4.32800007 5.0170002  5.02299976]
[INFO] [1754293664.367021896] [solver_node]: 垂直距离定位器返回 1 个解
[INFO] [1754293664.369757734] [solver_node]: 总共 1 个解
[INFO] [1754293664.370479158] [solver_node]: 无效解: x=5.305, y=6.828, 距离=3.345 > 阈值0.100
[WARN] [1754293664.377032716] [solver_node]: 没有满足距离要求的解
[INFO] [1754293664.379613127] [solver_node]: 收到5个激光点，处理后5个有效点
[WARN] [1754293664.382609483] [solver_node]: 没有合适的解，不发布TF变换
[INFO] [1754293664.384686394] [solver_node]: 收到5个激光点，处理后5个有效点
[INFO] [1754293664.389729581] [solver_node]: 当前位置: x=8.553, y=6.030, angle=0.001
[INFO] [1754293664.392692305] [solver_node]: 激光距离数据: [1.45099998 6.45100021 4.32800007 5.0170002  5.02299976]
[INFO] [1754293664.395349645] [solver_node]: 垂直距离定位器返回 1 个解
[INFO] [1754293664.404636417] [solver_node]: 发布静态变换完成: translation=(-5.305, -6.828, 0.0), 无旋转
[INFO] [1754293664.405356945] [solver_node]: 已提交静态TF发布任务: translation=(-5.305, -6.828, 0.0)
[INFO] [1754293664.407513538] [solver_node]: 收到5个激光点，处理后5个有效点
[INFO] [1754293664.408825888] [solver_node]: 总共 1 个解
[INFO] [1754293664.412429394] [solver_node]: 无效解: x=5.305, y=6.828, 距离=3.345 > 阈值0.100
[WARN] [1754293664.419102539] [solver_node]: 没有满足距离要求的解
[INFO] [1754293664.422068174] [solver_node]: 收到5个激光点，处理后5个有效点
[INFO] [1754293664.427486186] [solver_node]: 收到5个激光点，处理后5个有效点
[WARN] [1754293664.431123581] [solver_node]: 没有合适的解，不发布TF变换
[INFO] [1754293664.440080073] [solver_node]: 收到5个激光点，处理后5个有效点
[INFO] [1754293664.444833109] [solver_node]: 收到5个激光点，处理后5个有效点
[INFO] [1754293664.450512470] [solver_node]: 当前位置: x=8.533, y=6.032, angle=-0.001
[INFO] [1754293664.463289562] [solver_node]: 收到5个激光点，处理后5个有效点
[INFO] [1754293664.466350943] [solver_node]: 收到5个激光点，处理后5个有效点
[INFO] [1754293664.468947259] [solver_node]: 收到5个激光点，处理后5个有效点
[INFO] [1754293664.469950321] [solver_node]: 激光距离数据: [1.45099998 6.45100021 4.32800007 5.0170002  5.02299976]
[INFO] [1754293664.476046044] [solver_node]: 收到5个激光点，处理后5个有效点
[INFO] [1754293664.478757690] [solver_node]: 垂直距离定位器返回 1 个解
[INFO] [1754293664.480642789] [solver_node]: 总共 1 个解
[INFO] [1754293664.484065139] [solver_node]: 收到5个激光点，处理后5个有效点
[INFO] [1754293664.485673304] [solver_node]: 无效解: x=5.305, y=6.828, 距离=3.325 > 阈值0.100
[WARN] [1754293664.486496619] [solver_node]: 没有满足距离要求的解
[WARN] [1754293664.487225563] [solver_node]: 没有合适的解，不发布TF变换
[INFO] [1754293664.488046862] [solver_node]: 当前位置: x=8.533, y=6.032, angle=-0.001
[INFO] [1754293664.489258089] [solver_node]: 激光距离数据: [1.45099998 6.45100021 4.32800007 5.0170002  5.02299976]
[INFO] [1754293664.492150187] [solver_node]: 已提交静态TF发布任务: translation=(-5.305, -6.828, 0.0)
[INFO] [1754293664.501998124] [solver_node]: 发布静态变换完成: translation=(-5.305, -6.828, 0.0), 无旋转
[INFO] [1754293664.503309322] [solver_node]: 收到5个激光点，处理后5个有效点
[INFO] [1754293664.504378882] [solver_node]: 垂直距离定位器返回 1 个解
[INFO] [1754293664.509853599] [solver_node]: 收到5个激光点，处理后5个有效点
[INFO] [1754293664.512864868] [solver_node]: 总共 1 个解
[INFO] [1754293664.515196825] [solver_node]: 收到5个激光点，处理后5个有效点
[INFO] [1754293664.518857964] [solver_node]: 收到5个激光点，处理后5个有效点
[INFO] [1754293664.524782323] [solver_node]: 无效解: x=5.305, y=6.828, 距离=3.325 > 阈值0.100
[INFO] [1754293664.526183539] [solver_node]: 收到5个激光点，处理后5个有效点
[INFO] [1754293664.535692012] [solver_node]: 收到5个激光点，处理后5个有效点
[WARN] [1754293664.542742700] [solver_node]: 没有满足距离要求的解
[INFO] [1754293664.546010103] [solver_node]: 收到5个激光点，处理后5个有效点
[INFO] [1754293664.554688861] [solver_node]: 收到5个激光点，处理后5个有效点
[WARN] [1754293664.564107763] [solver_node]: 没有合适的解，不发布TF变换
[INFO] [1754293664.564716673] [solver_node]: 收到5个激光点，处理后5个有效点
[INFO] [1754293664.568626874] [solver_node]: 当前位置: x=8.545, y=6.035, angle=-0.001
[INFO] [1754293664.571867780] [solver_node]: 激光距离数据: [1.45099998 6.45100021 4.32800007 5.0170002  5.02299976]
[INFO] [1754293664.582164175] [solver_node]: 垂直距离定位器返回 1 个解
[INFO] [1754293664.585794018] [solver_node]: 总共 1 个解
[INFO] [1754293664.586859354] [solver_node]: 收到5个激光点，处理后5个有效点
[INFO] [1754293664.590317929] [solver_node]: 无效解: x=5.305, y=6.828, 距离=3.336 > 阈值0.100
[WARN] [1754293664.594035997] [solver_node]: 没有满足距离要求的解
[INFO] [1754293664.595414589] [solver_node]: 已提交静态TF发布任务: translation=(-5.305, -6.828, 0.0)
[INFO] [1754293664.598169948] [solver_node]: 收到5个激光点，处理后5个有效点
[INFO] [1754293664.607810359] [solver_node]: 发布静态变换完成: translation=(-5.305, -6.828, 0.0), 无旋转
[INFO] [1754293664.608832527] [solver_node]: 收到5个激光点，处理后5个有效点
[WARN] [1754293664.612040536] [solver_node]: 没有合适的解，不发布TF变换
[INFO] [1754293664.613694078] [solver_node]: 收到5个激光点，处理后5个有效点
[INFO] [1754293664.615673547] [solver_node]: 当前位置: x=8.545, y=6.035, angle=-0.001
[INFO] [1754293664.620212882] [solver_node]: 激光距离数据: [1.45099998 6.45100021 4.32800007 5.0170002  5.02299976]
[INFO] [1754293664.626772936] [solver_node]: 收到5个激光点，处理后5个有效点
[INFO] [1754293664.631770681] [solver_node]: 垂直距离定位器返回 1 个解
[INFO] [1754293664.634830943] [solver_node]: 收到5个激光点，处理后5个有效点
[INFO] [1754293664.641425654] [solver_node]: 收到5个激光点，处理后5个有效点
[INFO] [1754293664.645688471] [solver_node]: 总共 1 个解
[INFO] [1754293664.650534213] [solver_node]: 无效解: x=5.305, y=6.828, 距离=3.336 > 阈值0.100
[WARN] [1754293664.652377135] [solver_node]: 没有满足距离要求的解
[INFO] [1754293664.654311899] [solver_node]: 收到5个激光点，处理后5个有效点
[INFO] [1754293664.667471399] [solver_node]: 收到5个激光点，处理后5个有效点
[WARN] [1754293664.673614195] [solver_node]: 没有合适的解，不发布TF变换
[INFO] [1754293664.676396083] [solver_node]: 收到5个激光点，处理后5个有效点
[INFO] [1754293664.683771291] [solver_node]: 收到5个激光点，处理后5个有效点
[INFO] [1754293664.686583451] [solver_node]: 当前位置: x=8.542, y=6.029, angle=-0.001
[INFO] [1754293664.691250213] [solver_node]: 收到5个激光点，处理后5个有效点
[INFO] [1754293664.695241184] [solver_node]: 激光距离数据: [1.45099998 6.45100021 4.32800007 5.0170002  5.02299976]
[INFO] [1754293664.701639282] [solver_node]: 发布静态变换完成: translation=(-5.305, -6.828, 0.0), 无旋转
[INFO] [1754293664.702241280] [solver_node]: 已提交静态TF发布任务: translation=(-5.305, -6.828, 0.0)
[INFO] [1754293664.706927114] [solver_node]: 收到5个激光点，处理后5个有效点
[INFO] [1754293664.709835949] [solver_node]: 垂直距离定位器返回 1 个解
[INFO] [1754293664.712720078] [solver_node]: 收到5个激光点，处理后5个有效点
[INFO] [1754293664.715812341] [solver_node]: 总共 1 个解
[INFO] [1754293664.718060680] [solver_node]: 收到5个激光点，处理后5个有效点
[INFO] [1754293664.724993094] [solver_node]: 无效解: x=5.305, y=6.828, 距离=3.334 > 阈值0.100
[INFO] [1754293664.726987540] [solver_node]: 收到5个激光点，处理后5个有效点
[WARN] [1754293664.734889608] [solver_node]: 没有满足距离要求的解
[INFO] [1754293664.736934774] [solver_node]: 收到5个激光点，处理后5个有效点
[WARN] [1754293664.741828358] [solver_node]: 没有合适的解，不发布TF变换
[INFO] [1754293664.748304409] [solver_node]: 收到5个激光点，处理后5个有效点
[INFO] [1754293664.750915253] [solver_node]: 当前位置: x=8.542, y=6.029, angle=-0.001
[INFO] [1754293664.757197124] [solver_node]: 激光距离数据: [1.45099998 6.45100021 4.32800007 5.0170002  5.02299976]
[INFO] [1754293664.761370947] [solver_node]: 垂直距离定位器返回 1 个解
[INFO] [1754293664.763534421] [solver_node]: 总共 1 个解
[INFO] [1754293664.765556963] [solver_node]: 无效解: x=5.305, y=6.828, 距离=3.334 > 阈值0.100
[INFO] [1754293664.767906392] [solver_node]: 收到5个激光点，处理后5个有效点
[WARN] [1754293664.772074743] [solver_node]: 没有满足距离要求的解
[INFO] [1754293664.774227464] [solver_node]: 收到5个激光点，处理后5个有效点
[WARN] [1754293664.777017256] [solver_node]: 没有合适的解，不发布TF变换
[INFO] [1754293664.777902492] [solver_node]: 收到5个激光点，处理后5个有效点
[INFO] [1754293664.788128965] [solver_node]: 当前位置: x=8.543, y=6.030, angle=0.000
[INFO] [1754293664.790411577] [solver_node]: 激光距离数据: [1.45099998 6.45100021 4.32800007 5.0170002  5.02299976]
[INFO] [1754293664.791438192] [solver_node]: 垂直距离定位器返回 1 个解
[INFO] [1754293664.792116256] [solver_node]: 总共 1 个解
[INFO] [1754293664.792817232] [solver_node]: 无效解: x=5.305, y=6.828, 距离=3.335 > 阈值0.100
[WARN] [1754293664.794433493] [solver_node]: 没有满足距离要求的解
[WARN] [1754293664.795252263] [solver_node]: 没有合适的解，不发布TF变换
[INFO] [1754293664.796431650] [solver_node]: 收到5个激光点，处理后5个有效点
[INFO] [1754293664.807487262] [solver_node]: 已提交静态TF发布任务: translation=(-5.305, -6.828, 0.0)
[INFO] [1754293664.810578181] [solver_node]: 发布静态变换完成: translation=(-5.305, -6.828, 0.0), 无旋转
[INFO] [1754293664.811104209] [solver_node]: 当前位置: x=8.543, y=6.030, angle=0.000
[INFO] [1754293664.812292812] [solver_node]: 激光距离数据: [1.45099998 6.45100021 4.32800007 5.0170002  5.02299976]
[INFO] [1754293664.813386661] [solver_node]: 垂直距离定位器返回 1 个解
[INFO] [1754293664.814534431] [solver_node]: 总共 1 个解
[INFO] [1754293664.816093378] [solver_node]: 无效解: x=5.305, y=6.828, 距离=3.335 > 阈值0.100
[INFO] [1754293664.817477826] [solver_node]: 收到5个激光点，处理后5个有效点
[INFO] [1754293664.821591968] [solver_node]: 收到5个激光点，处理后5个有效点
[WARN] [1754293664.822747098] [solver_node]: 没有满足距离要求的解
[WARN] [1754293664.823622638] [solver_node]: 没有合适的解，不发布TF变换
[INFO] [1754293664.824492162] [solver_node]: 当前位置: x=8.543, y=6.030, angle=0.000
[INFO] [1754293664.825696413] [solver_node]: 激光距离数据: [1.45099998 6.45100021 4.32800007 5.0170002  5.02299976]
[INFO] [1754293664.826671091] [solver_node]: 垂直距离定位器返回 1 个解
[INFO] [1754293664.827397188] [solver_node]: 总共 1 个解
[INFO] [1754293664.828089780] [solver_node]: 无效解: x=5.305, y=6.828, 距离=3.335 > 阈值0.100
[WARN] [1754293664.828823845] [solver_node]: 没有满足距离要求的解
[WARN] [1754293664.829571958] [solver_node]: 没有合适的解，不发布TF变换
[INFO] [1754293664.831537282] [solver_node]: 收到5个激光点，处理后5个有效点
[INFO] [1754293664.833606098] [solver_node]: 收到5个激光点，处理后5个有效点
[INFO] [1754293664.840780405] [solver_node]: 收到5个激光点，处理后5个有效点
[INFO] [1754293664.844945620] [solver_node]: 当前位置: x=8.543, y=6.030, angle=0.000
[INFO] [1754293664.846262994] [solver_node]: 激光距离数据: [1.45099998 6.45100021 4.32800007 5.0170002  5.02299976]
[INFO] [1754293664.847303210] [solver_node]: 垂直距离定位器返回 1 个解
[INFO] [1754293664.848377634] [solver_node]: 总共 1 个解
[INFO] [1754293664.849148660] [solver_node]: 无效解: x=5.305, y=6.828, 距离=3.335 > 阈值0.100
[WARN] [1754293664.849893573] [solver_node]: 没有满足距离要求的解
[WARN] [1754293664.850659894] [solver_node]: 没有合适的解，不发布TF变换
[INFO] [1754293664.851512906] [solver_node]: 收到5个激光点，处理后5个有效点
[INFO] [1754293664.855511781] [solver_node]: 收到5个激光点，处理后5个有效点
[INFO] [1754293664.861991448] [solver_node]: 当前位置: x=8.543, y=6.030, angle=0.000
[INFO] [1754293664.863248565] [solver_node]: 激光距离数据: [1.45099998 6.45100021 4.32800007 5.0170002  5.02299976]
[INFO] [1754293664.864389167] [solver_node]: 垂直距离定位器返回 1 个解
[INFO] [1754293664.865110976] [solver_node]: 总共 1 个解
[INFO] [1754293664.866718980] [solver_node]: 无效解: x=5.305, y=6.828, 距离=3.335 > 阈值0.100
[WARN] [1754293664.868211910] [solver_node]: 没有满足距离要求的解
[WARN] [1754293664.871740151] [solver_node]: 没有合适的解，不发布TF变换
[INFO] [1754293664.873349083] [solver_node]: 收到5个激光点，处理后5个有效点
[INFO] [1754293664.877235380] [solver_node]: 当前位置: x=8.543, y=6.030, angle=0.000
[INFO] [1754293664.879720429] [solver_node]: 收到5个激光点，处理后5个有效点
[INFO] [1754293664.888532725] [solver_node]: 激光距离数据: [1.45099998 6.45100021 4.32800007 5.0170002  5.02299976]
[INFO] [1754293664.890323870] [solver_node]: 收到5个激光点，处理后5个有效点
[INFO] [1754293664.892014885] [solver_node]: 已提交静态TF发布任务: translation=(-5.305, -6.828, 0.0)
[INFO] [1754293664.895640631] [solver_node]: 收到5个激光点，处理后5个有效点
[INFO] [1754293664.904715078] [solver_node]: 发布静态变换完成: translation=(-5.305, -6.828, 0.0), 无旋转
[INFO] [1754293664.905032813] [solver_node]: 垂直距离定位器返回 1 个解
[INFO] [1754293664.905714525] [solver_node]: 总共 1 个解
[INFO] [1754293664.906441038] [solver_node]: 无效解: x=5.305, y=6.828, 距离=3.335 > 阈值0.100
[WARN] [1754293664.907173438] [solver_node]: 没有满足距离要求的解
[WARN] [1754293664.907947056] [solver_node]: 没有合适的解，不发布TF变换
[INFO] [1754293664.910135298] [solver_node]: 当前位置: x=8.540, y=6.023, angle=0.001
[INFO] [1754293664.911946891] [solver_node]: 激光距离数据: [1.45099998 6.45100021 4.32800007 5.0170002  5.02299976]
[INFO] [1754293664.914199166] [solver_node]: 垂直距离定位器返回 1 个解
[INFO] [1754293664.918169465] [solver_node]: 收到5个激光点，处理后5个有效点
[INFO] [1754293664.922668159] [solver_node]: 收到5个激光点，处理后5个有效点
[INFO] [1754293664.926972129] [solver_node]: 总共 1 个解
[INFO] [1754293664.927872982] [solver_node]: 无效解: x=5.305, y=6.828, 距离=3.334 > 阈值0.100
[WARN] [1754293664.928649192] [solver_node]: 没有满足距离要求的解
[WARN] [1754293664.931978932] [solver_node]: 没有合适的解，不发布TF变换
[INFO] [1754293664.939920265] [solver_node]: 收到5个激光点，处理后5个有效点
[INFO] [1754293664.942288159] [solver_node]: 当前位置: x=8.540, y=6.023, angle=0.001
[INFO] [1754293664.946398300] [solver_node]: 激光距离数据: [1.45099998 6.45100021 4.32800007 5.0170002  5.02299976]
[INFO] [1754293664.948781427] [solver_node]: 垂直距离定位器返回 1 个解
[INFO] [1754293664.949926381] [solver_node]: 总共 1 个解
[INFO] [1754293664.952794990] [solver_node]: 无效解: x=5.305, y=6.828, 距离=3.334 > 阈值0.100
[INFO] [1754293664.953951752] [solver_node]: 收到5个激光点，处理后5个有效点
[INFO] [1754293664.956711367] [solver_node]: 收到5个激光点，处理后5个有效点
[WARN] [1754293664.960308057] [solver_node]: 没有满足距离要求的解
[WARN] [1754293664.963670598] [solver_node]: 没有合适的解，不发布TF变换
[INFO] [1754293664.964404759] [solver_node]: 收到5个激光点，处理后5个有效点
[INFO] [1754293664.967147509] [solver_node]: 当前位置: x=8.540, y=6.023, angle=0.001
[INFO] [1754293664.969683567] [solver_node]: 激光距离数据: [1.45099998 6.45100021 4.32800007 5.0170002  5.02299976]
[INFO] [1754293664.970748295] [solver_node]: 垂直距离定位器返回 1 个解
[INFO] [1754293664.971466680] [solver_node]: 总共 1 个解
[INFO] [1754293664.972240745] [solver_node]: 无效解: x=5.305, y=6.828, 距离=3.334 > 阈值0.100
[WARN] [1754293664.973092893] [solver_node]: 没有满足距离要求的解
[INFO] [1754293664.974558494] [solver_node]: 收到5个激光点，处理后5个有效点
[WARN] [1754293664.975507476] [solver_node]: 没有合适的解，不发布TF变换
[INFO] [1754293664.976441097] [solver_node]: 当前位置: x=8.540, y=6.023, angle=0.001
[INFO] [1754293664.977747079] [solver_node]: 激光距离数据: [1.45099998 6.45100021 4.32800007 5.0170002  5.02299976]
[INFO] [1754293664.980071420] [solver_node]: 收到5个激光点，处理后5个有效点
[INFO] [1754293664.985227217] [solver_node]: 收到5个激光点，处理后5个有效点
[INFO] [1754293664.989234252] [solver_node]: 垂直距离定位器返回 1 个解
[INFO] [1754293664.990043519] [solver_node]: 总共 1 个解
[INFO] [1754293664.991850984] [solver_node]: 已提交静态TF发布任务: translation=(-5.305, -6.828, 0.0)
[INFO] [1754293664.995517116] [solver_node]: 无效解: x=5.305, y=6.828, 距离=3.334 > 阈值0.100
[WARN] [1754293664.997157921] [solver_node]: 没有满足距离要求的解
[INFO] [1754293664.998212025] [solver_node]: 收到5个激光点，处理后5个有效点
[INFO] [1754293665.003604212] [solver_node]: 发布静态变换完成: translation=(-5.305, -6.828, 0.0), 无旋转
[WARN] [1754293665.004777359] [solver_node]: 没有合适的解，不发布TF变换
[INFO] [1754293665.008464611] [solver_node]: 收到5个激光点，处理后5个有效点
[INFO] [1754293665.015147003] [solver_node]: 收到5个激光点，处理后5个有效点
[INFO] [1754293665.025393572] [solver_node]: 收到5个激光点，处理后5个有效点
[INFO] [1754293665.033993576] [solver_node]: 当前位置: x=8.540, y=6.023, angle=0.001
[INFO] [1754293665.035597965] [solver_node]: 激光距离数据: [1.45099998 6.45100021 4.32800007 5.0170002  5.02299976]
[INFO] [1754293665.036647909] [solver_node]: 垂直距离定位器返回 1 个解
[INFO] [1754293665.037528825] [solver_node]: 总共 1 个解
[INFO] [1754293665.038281130] [solver_node]: 无效解: x=5.305, y=6.828, 距离=3.334 > 阈值0.100
[INFO] [1754293665.039519238] [solver_node]: 收到5个激光点，处理后5个有效点
[WARN] [1754293665.040431611] [solver_node]: 没有满足距离要求的解
[INFO] [1754293665.045662354] [solver_node]: 收到5个激光点，处理后5个有效点
[WARN] [1754293665.048463986] [solver_node]: 没有合适的解，不发布TF变换
[INFO] [1754293665.050713029] [solver_node]: 当前位置: x=8.541, y=6.022, angle=-0.001
[INFO] [1754293665.051910881] [solver_node]: 激光距离数据: [1.45099998 6.45100021 4.32800007 5.0170002  5.02299976]
[INFO] [1754293665.052891607] [solver_node]: 垂直距离定位器返回 1 个解
[INFO] [1754293665.054769282] [solver_node]: 总共 1 个解
[INFO] [1754293665.056222947] [solver_node]: 无效解: x=5.305, y=6.828, 距离=3.335 > 阈值0.100
[WARN] [1754293665.058147823] [solver_node]: 没有满足距离要求的解
[INFO] [1754293665.061459866] [solver_node]: 收到5个激光点，处理后5个有效点
[WARN] [1754293665.067709001] [solver_node]: 没有合适的解，不发布TF变换
[INFO] [1754293665.069993853] [solver_node]: 收到5个激光点，处理后5个有效点
[INFO] [1754293665.076820760] [solver_node]: 收到5个激光点，处理后5个有效点
[INFO] [1754293665.086777755] [solver_node]: 当前位置: x=8.541, y=6.022, angle=-0.001
[INFO] [1754293665.090104167] [solver_node]: 激光距离数据: [1.45099998 6.45100021 4.32800007 5.0170002  5.02299976]
[INFO] [1754293665.096585243] [solver_node]: 垂直距离定位器返回 1 个解
[INFO] [1754293665.098838222] [solver_node]: 总共 1 个解
[INFO] [1754293665.100575350] [solver_node]: 无效解: x=5.305, y=6.828, 距离=3.335 > 阈值0.100
[INFO] [1754293665.107305583] [solver_node]: 发布静态变换完成: translation=(-5.305, -6.828, 0.0), 无旋转
[INFO] [1754293665.109640804] [solver_node]: 已提交静态TF发布任务: translation=(-5.305, -6.828, 0.0)
[INFO] [1754293665.113343160] [solver_node]: 收到5个激光点，处理后5个有效点
[INFO] [1754293665.127087090] [solver_node]: 收到5个激光点，处理后5个有效点
[WARN] [1754293665.131515735] [solver_node]: 没有满足距离要求的解
[WARN] [1754293665.133105627] [solver_node]: 没有合适的解，不发布TF变换
[INFO] [1754293665.137617570] [solver_node]: 收到5个激光点，处理后5个有效点
[INFO] [1754293665.141286997] [solver_node]: 当前位置: x=8.541, y=6.022, angle=-0.001
[INFO] [1754293665.142778615] [solver_node]: 激光距离数据: [1.45099998 6.45100021 4.32800007 5.0170002  5.02299976]
[INFO] [1754293665.144253817] [solver_node]: 垂直距离定位器返回 1 个解
[INFO] [1754293665.151288153] [solver_node]: 总共 1 个解
[INFO] [1754293665.154095481] [solver_node]: 收到5个激光点，处理后5个有效点
[INFO] [1754293665.159706937] [solver_node]: 无效解: x=5.305, y=6.828, 距离=3.335 > 阈值0.100
[WARN] [1754293665.163028389] [solver_node]: 没有满足距离要求的解
[WARN] [1754293665.165218454] [solver_node]: 没有合适的解，不发布TF变换
[INFO] [1754293665.167577068] [solver_node]: 收到5个激光点，处理后5个有效点
[INFO] [1754293665.177608977] [solver_node]: 收到5个激光点，处理后5个有效点
[INFO] [1754293665.180549812] [solver_node]: 当前位置: x=8.535, y=6.034, angle=-0.000
[INFO] [1754293665.186759393] [solver_node]: 激光距离数据: [1.45099998 6.45100021 4.32800007 5.0170002  5.02299976]
[INFO] [1754293665.192763274] [solver_node]: 垂直距离定位器返回 1 个解
[INFO] [1754293665.194922555] [solver_node]: 总共 1 个解
[INFO] [1754293665.196429374] [solver_node]: 收到5个激光点，处理后5个有效点
[INFO] [1754293665.199300735] [solver_node]: 已提交静态TF发布任务: translation=(-5.305, -6.828, 0.0)
[INFO] [1754293665.203585025] [solver_node]: 无效解: x=5.305, y=6.828, 距离=3.327 > 阈值0.100
[WARN] [1754293665.205424043] [solver_node]: 没有满足距离要求的解
[INFO] [1754293665.209737965] [solver_node]: 发布静态变换完成: translation=(-5.305, -6.828, 0.0), 无旋转
[WARN] [1754293665.212490636] [solver_node]: 没有合适的解，不发布TF变换
[INFO] [1754293665.214453496] [solver_node]: 收到5个激光点，处理后5个有效点
[INFO] [1754293665.218855069] [solver_node]: 当前位置: x=8.535, y=6.034, angle=-0.000
[INFO] [1754293665.221452952] [solver_node]: 激光距离数据: [1.45099998 6.45100021 4.32800007 5.0170002  5.02299976]
[INFO] [1754293665.223665034] [solver_node]: 垂直距离定位器返回 1 个解
[INFO] [1754293665.225233102] [solver_node]: 总共 1 个解
[INFO] [1754293665.226704463] [solver_node]: 无效解: x=5.305, y=6.828, 距离=3.327 > 阈值0.100
[WARN] [1754293665.228598779] [solver_node]: 没有满足距离要求的解
[INFO] [1754293665.230269377] [solver_node]: 收到5个激光点，处理后5个有效点
[INFO] [1754293665.235958402] [solver_node]: 收到5个激光点，处理后5个有效点
[INFO] [1754293665.240213027] [solver_node]: 收到5个激光点，处理后5个有效点
[WARN] [1754293665.242292563] [solver_node]: 没有合适的解，不发布TF变换
[INFO] [1754293665.244388770] [solver_node]: 当前位置: x=8.535, y=6.034, angle=-0.000
[INFO] [1754293665.246424657] [solver_node]: 激光距离数据: [1.45099998 6.45100021 4.32800007 5.0170002  5.02299976]
[INFO] [1754293665.249844031] [solver_node]: 垂直距离定位器返回 1 个解
[INFO] [1754293665.254861169] [solver_node]: 收到5个激光点，处理后5个有效点
[INFO] [1754293665.259334295] [solver_node]: 总共 1 个解
[INFO] [1754293665.262477887] [solver_node]: 无效解: x=5.305, y=6.828, 距离=3.327 > 阈值0.100
[WARN] [1754293665.264885941] [solver_node]: 没有满足距离要求的解
[INFO] [1754293665.267486353] [solver_node]: 收到5个激光点，处理后5个有效点
[WARN] [1754293665.272089562] [solver_node]: 没有合适的解，不发布TF变换
[INFO] [1754293665.273872482] [solver_node]: 收到5个激光点，处理后5个有效点
[INFO] [1754293665.277188622] [solver_node]: 当前位置: x=8.542, y=6.030, angle=-0.001
[INFO] [1754293665.279641126] [solver_node]: 激光距离数据: [1.45099998 6.45100021 4.32800007 5.0170002  5.02299976]
[INFO] [1754293665.283483805] [solver_node]: 收到5个激光点，处理后5个有效点
[INFO] [1754293665.286038679] [solver_node]: 垂直距离定位器返回 1 个解
[INFO] [1754293665.287584251] [solver_node]: 总共 1 个解
[INFO] [1754293665.289433701] [solver_node]: 无效解: x=5.305, y=6.828, 距离=3.334 > 阈值0.100
[WARN] [1754293665.290916807] [solver_node]: 没有满足距离要求的解
[WARN] [1754293665.292477738] [solver_node]: 没有合适的解，不发布TF变换
[INFO] [1754293665.294507384] [solver_node]: 当前位置: x=8.542, y=6.030, angle=-0.001
[INFO] [1754293665.296993937] [solver_node]: 已提交静态TF发布任务: translation=(-5.305, -6.828, 0.0)
[INFO] [1754293665.300259548] [solver_node]: 收到5个激光点，处理后5个有效点
[INFO] [1754293665.309270441] [solver_node]: 发布静态变换完成: translation=(-5.305, -6.828, 0.0), 无旋转
[INFO] [1754293665.311964166] [solver_node]: 激光距离数据: [1.45099998 6.45100021 4.32800007 5.0170002  5.02299976]
[INFO] [1754293665.314351709] [solver_node]: 垂直距离定位器返回 1 个解
[INFO] [1754293665.316067076] [solver_node]: 总共 1 个解
[INFO] [1754293665.318641278] [solver_node]: 无效解: x=5.305, y=6.828, 距离=3.334 > 阈值0.100
[INFO] [1754293665.320443047] [solver_node]: 收到5个激光点，处理后5个有效点
[WARN] [1754293665.323910422] [solver_node]: 没有满足距离要求的解
[INFO] [1754293665.328366012] [solver_node]: 收到5个激光点，处理后5个有效点
[WARN] [1754293665.330969847] [solver_node]: 没有合适的解，不发布TF变换
[INFO] [1754293665.333488913] [solver_node]: 当前位置: x=8.542, y=6.030, angle=-0.001
[INFO] [1754293665.339122833] [solver_node]: 收到5个激光点，处理后5个有效点
[INFO] [1754293665.343483444] [solver_node]: 激光距离数据: [1.45099998 6.45100021 4.32800007 5.0170002  5.02299976]
[INFO] [1754293665.345739368] [solver_node]: 垂直距离定位器返回 1 个解
[INFO] [1754293665.347339404] [solver_node]: 总共 1 个解
[INFO] [1754293665.349641953] [solver_node]: 无效解: x=5.305, y=6.828, 距离=3.334 > 阈值0.100
[WARN] [1754293665.351361352] [solver_node]: 没有满足距离要求的解
[INFO] [1754293665.353770815] [solver_node]: 收到5个激光点，处理后5个有效点
[INFO] [1754293665.357212557] [solver_node]: 收到5个激光点，处理后5个有效点
[WARN] [1754293665.359874442] [solver_node]: 没有合适的解，不发布TF变换
[INFO] [1754293665.361773685] [solver_node]: 当前位置: x=8.542, y=6.030, angle=-0.001
[INFO] [1754293665.364239085] [solver_node]: 激光距离数据: [1.45099998 6.45100021 4.32800007 5.0170002  5.02299976]
[INFO] [1754293665.366468160] [solver_node]: 垂直距离定位器返回 1 个解
[INFO] [1754293665.370042930] [solver_node]: 收到5个激光点，处理后5个有效点
[INFO] [1754293665.374120078] [solver_node]: 总共 1 个解
[INFO] [1754293665.375778740] [solver_node]: 无效解: x=5.305, y=6.828, 距离=3.334 > 阈值0.100
[WARN] [1754293665.377356248] [solver_node]: 没有满足距离要求的解
[WARN] [1754293665.379211490] [solver_node]: 没有合适的解，不发布TF变换
[INFO] [1754293665.380301371] [solver_node]: 收到5个激光点，处理后5个有效点
[INFO] [1754293665.386685645] [solver_node]: 当前位置: x=8.547, y=6.021, angle=-0.001
[INFO] [1754293665.389520781] [solver_node]: 激光距离数据: [1.45099998 6.45100021 4.32800007 5.0170002  5.02299976]
[INFO] [1754293665.392344750] [solver_node]: 垂直距离定位器返回 1 个解
[INFO] [1754293665.394758309] [solver_node]: 收到5个激光点，处理后5个有效点
[INFO] [1754293665.398362519] [solver_node]: 已提交静态TF发布任务: translation=(-5.305, -6.828, 0.0)
[INFO] [1754293665.401975657] [solver_node]: 收到5个激光点，处理后5个有效点
[INFO] [1754293665.410686064] [solver_node]: 发布静态变换完成: translation=(-5.305, -6.828, 0.0), 无旋转
[INFO] [1754293665.412472536] [solver_node]: 总共 1 个解
[INFO] [1754293665.414687115] [solver_node]: 无效解: x=5.305, y=6.828, 距离=3.341 > 阈值0.100
[WARN] [1754293665.416730265] [solver_node]: 没有满足距离要求的解
[WARN] [1754293665.418871946] [solver_node]: 没有合适的解，不发布TF变换
[INFO] [1754293665.425192794] [solver_node]: 收到5个激光点，处理后5个有效点
[INFO] [1754293665.429676704] [solver_node]: 当前位置: x=8.547, y=6.021, angle=-0.001
[INFO] [1754293665.433022381] [solver_node]: 激光距离数据: [1.45099998 6.45100021 4.32800007 5.0170002  5.02299976]
[INFO] [1754293665.436002993] [solver_node]: 收到5个激光点，处理后5个有效点
[INFO] [1754293665.439853864] [solver_node]: 收到5个激光点，处理后5个有效点
[INFO] [1754293665.443156148] [solver_node]: 收到5个激光点，处理后5个有效点
[INFO] [1754293665.447298866] [solver_node]: 垂直距离定位器返回 1 个解
[INFO] [1754293665.449454083] [solver_node]: 收到5个激光点，处理后5个有效点
[INFO] [1754293665.451206187] [solver_node]: 总共 1 个解
[INFO] [1754293665.457423065] [solver_node]: 收到5个激光点，处理后5个有效点
[INFO] [1754293665.463043769] [solver_node]: 收到5个激光点，处理后5个有效点
[INFO] [1754293665.470569764] [solver_node]: 无效解: x=5.305, y=6.828, 距离=3.341 > 阈值0.100
[WARN] [1754293665.471703582] [solver_node]: 没有满足距离要求的解
[INFO] [1754293665.473515399] [solver_node]: 收到5个激光点，处理后5个有效点
[INFO] [1754293665.478679357] [solver_node]: 收到5个激光点，处理后5个有效点
[WARN] [1754293665.481980584] [solver_node]: 没有合适的解，不发布TF变换
[INFO] [1754293665.484732263] [solver_node]: 当前位置: x=8.556, y=6.025, angle=-0.001
[INFO] [1754293665.487926640] [solver_node]: 激光距离数据: [1.45099998 6.45100021 4.32800007 5.0170002  5.02299976]
[INFO] [1754293665.492971395] [solver_node]: 垂直距离定位器返回 1 个解
[INFO] [1754293665.494115709] [solver_node]: 总共 1 个解
[INFO] [1754293665.495117491] [solver_node]: 收到5个激光点，处理后5个有效点
[INFO] [1754293665.497502474] [solver_node]: 无效解: x=5.305, y=6.828, 距离=3.349 > 阈值0.100
[INFO] [1754293665.500712883] [solver_node]: 已提交静态TF发布任务: translation=(-5.305, -6.828, 0.0)
[INFO] [1754293665.506668155] [solver_node]: 发布静态变换完成: translation=(-5.305, -6.828, 0.0), 无旋转
[WARN] [1754293665.517482193] [solver_node]: 没有满足距离要求的解
[WARN] [1754293665.518439079] [solver_node]: 没有合适的解，不发布TF变换
[INFO] [1754293665.522140923] [solver_node]: 收到5个激光点，处理后5个有效点
[INFO] [1754293665.528231046] [solver_node]: 当前位置: x=8.556, y=6.025, angle=-0.001
[INFO] [1754293665.530293941] [solver_node]: 激光距离数据: [1.45099998 6.45100021 4.32800007 5.0170002  5.02299976]
[INFO] [1754293665.532403429] [solver_node]: 垂直距离定位器返回 1 个解
[INFO] [1754293665.533223480] [solver_node]: 总共 1 个解
[INFO] [1754293665.535877876] [solver_node]: 收到5个激光点，处理后5个有效点
[INFO] [1754293665.540524894] [solver_node]: 无效解: x=5.305, y=6.828, 距离=3.349 > 阈值0.100
[INFO] [1754293665.543203643] [solver_node]: 收到5个激光点，处理后5个有效点
[WARN] [1754293665.545155016] [solver_node]: 没有满足距离要求的解
[WARN] [1754293665.546981489] [solver_node]: 没有合适的解，不发布TF变换
[INFO] [1754293665.556805553] [solver_node]: 当前位置: x=8.556, y=6.025, angle=-0.001
[INFO] [1754293665.558811231] [solver_node]: 激光距离数据: [1.45099998 6.45100021 4.32800007 5.0170002  5.02299976]
[INFO] [1754293665.569628405] [solver_node]: 垂直距离定位器返回 1 个解
[INFO] [1754293665.570430344] [solver_node]: 总共 1 个解
[INFO] [1754293665.571183769] [solver_node]: 无效解: x=5.305, y=6.828, 距离=3.349 > 阈值0.100
[WARN] [1754293665.572429301] [solver_node]: 没有满足距离要求的解
[INFO] [1754293665.574551749] [solver_node]: 收到5个激光点，处理后5个有效点
[WARN] [1754293665.579755932] [solver_node]: 没有合适的解，不发布TF变换
[INFO] [1754293665.580266056] [solver_node]: 收到5个激光点，处理后5个有效点
[INFO] [1754293665.582161363] [solver_node]: 当前位置: x=8.556, y=6.025, angle=-0.001
[INFO] [1754293665.583951196] [solver_node]: 激光距离数据: [1.45099998 6.45100021 4.32800007 5.0170002  5.02299976]
[INFO] [1754293665.584949266] [solver_node]: 垂直距离定位器返回 1 个解
[INFO] [1754293665.585620770] [solver_node]: 总共 1 个解
[INFO] [1754293665.586304113] [solver_node]: 无效解: x=5.305, y=6.828, 距离=3.349 > 阈值0.100
[INFO] [1754293665.589815425] [solver_node]: 收到5个激光点，处理后5个有效点
[INFO] [1754293665.591575945] [solver_node]: 已提交静态TF发布任务: translation=(-5.305, -6.828, 0.0)
[INFO] [1754293665.594041538] [solver_node]: 收到5个激光点，处理后5个有效点
[WARN] [1754293665.596945892] [solver_node]: 没有满足距离要求的解
[WARN] [1754293665.598126751] [solver_node]: 没有合适的解，不发布TF变换
[INFO] [1754293665.598693676] [solver_node]: 收到5个激光点，处理后5个有效点
[INFO] [1754293665.603641884] [solver_node]: 发布静态变换完成: translation=(-5.305, -6.828, 0.0), 无旋转
[INFO] [1754293665.617479672] [solver_node]: 当前位置: x=8.552, y=6.029, angle=-0.001
[INFO] [1754293665.619133213] [solver_node]: 激光距离数据: [1.45099998 6.45100021 4.32800007 5.0170002  5.02299976]
[INFO] [1754293665.620137588] [solver_node]: 垂直距离定位器返回 1 个解
[INFO] [1754293665.620790979] [solver_node]: 总共 1 个解
[INFO] [1754293665.627081522] [solver_node]: 收到5个激光点，处理后5个有效点
[INFO] [1754293665.634145651] [solver_node]: 收到5个激光点，处理后5个有效点
[INFO] [1754293665.642191563] [solver_node]: 无效解: x=5.305, y=6.828, 距离=3.344 > 阈值0.100
[WARN] [1754293665.643444775] [solver_node]: 没有满足距离要求的解
[WARN] [1754293665.644274330] [solver_node]: 没有合适的解，不发布TF变换
[INFO] [1754293665.645184751] [solver_node]: 收到5个激光点，处理后5个有效点
[INFO] [1754293665.651434365] [solver_node]: 当前位置: x=8.552, y=6.029, angle=-0.001
[INFO] [1754293665.653275847] [solver_node]: 激光距离数据: [1.45099998 6.45100021 4.32800007 5.0170002  5.02299976]
[INFO] [1754293665.654374624] [solver_node]: 垂直距离定位器返回 1 个解
[INFO] [1754293665.655029103] [solver_node]: 总共 1 个解
[INFO] [1754293665.655731487] [solver_node]: 无效解: x=5.305, y=6.828, 距离=3.344 > 阈值0.100
[INFO] [1754293665.667448330] [solver_node]: 收到5个激光点，处理后5个有效点
[INFO] [1754293665.671008347] [solver_node]: 收到5个激光点，处理后5个有效点
[WARN] [1754293665.673615575] [solver_node]: 没有满足距离要求的解
[WARN] [1754293665.674549196] [solver_node]: 没有合适的解，不发布TF变换
[INFO] [1754293665.675435488] [solver_node]: 收到5个激光点，处理后5个有效点
[INFO] [1754293665.677335851] [solver_node]: 当前位置: x=8.552, y=6.029, angle=-0.001
[INFO] [1754293665.678869422] [solver_node]: 激光距离数据: [1.45099998 6.45100021 4.32800007 5.0170002  5.02299976]
[INFO] [1754293665.679804772] [solver_node]: 垂直距离定位器返回 1 个解
[INFO] [1754293665.680704472] [solver_node]: 总共 1 个解
[INFO] [1754293665.681430377] [solver_node]: 无效解: x=5.305, y=6.828, 距离=3.344 > 阈值0.100
[WARN] [1754293665.682180346] [solver_node]: 没有满足距离要求的解
[WARN] [1754293665.683517592] [solver_node]: 没有合适的解，不发布TF变换
[INFO] [1754293665.685537606] [solver_node]: 收到5个激光点，处理后5个有效点
[INFO] [1754293665.688633901] [solver_node]: 收到5个激光点，处理后5个有效点
[INFO] [1754293665.690521784] [solver_node]: 已提交静态TF发布任务: translation=(-5.305, -6.828, 0.0)
[INFO] [1754293665.692400003] [solver_node]: 收到5个激光点，处理后5个有效点
[INFO] [1754293665.695135009] [solver_node]: 收到5个激光点，处理后5个有效点
[INFO] [1754293665.696570978] [solver_node]: 当前位置: x=8.552, y=6.029, angle=-0.001
[INFO] [1754293665.697753213] [solver_node]: 激光距离数据: [1.45099998 6.45100021 4.32800007 5.0170002  5.02299976]
[INFO] [1754293665.698689842] [solver_node]: 垂直距离定位器返回 1 个解
[INFO] [1754293665.699322048] [solver_node]: 总共 1 个解
[INFO] [1754293665.703300027] [solver_node]: 发布静态变换完成: translation=(-5.305, -6.828, 0.0), 无旋转
[INFO] [1754293665.705022178] [solver_node]: 无效解: x=5.305, y=6.828, 距离=3.344 > 阈值0.100
[WARN] [1754293665.705838773] [solver_node]: 没有满足距离要求的解
[WARN] [1754293665.706864332] [solver_node]: 没有合适的解，不发布TF变换
[INFO] [1754293665.710601569] [solver_node]: 收到5个激光点，处理后5个有效点
[INFO] [1754293665.713968398] [solver_node]: 收到5个激光点，处理后5个有效点
[INFO] [1754293665.716659531] [solver_node]: 收到5个激光点，处理后5个有效点
[INFO] [1754293665.719064834] [solver_node]: 当前位置: x=8.541, y=6.040, angle=-0.000
[INFO] [1754293665.720271134] [solver_node]: 激光距离数据: [1.45099998 6.45100021 4.32800007 5.0170002  5.02299976]
[INFO] [1754293665.721964644] [solver_node]: 垂直距离定位器返回 1 个解
[INFO] [1754293665.723257730] [solver_node]: 总共 1 个解
[INFO] [1754293665.724356251] [solver_node]: 无效解: x=5.305, y=6.828, 距离=3.331 > 阈值0.100
[WARN] [1754293665.725285840] [solver_node]: 没有满足距离要求的解
[WARN] [1754293665.726080386] [solver_node]: 没有合适的解，不发布TF变换
[INFO] [1754293665.729925114] [solver_node]: 收到5个激光点，处理后5个有效点
[INFO] [1754293665.733476235] [solver_node]: 收到5个激光点，处理后5个有效点
[INFO] [1754293665.736477647] [solver_node]: 收到5个激光点，处理后5个有效点
[INFO] [1754293665.738139605] [solver_node]: 当前位置: x=8.541, y=6.040, angle=-0.000
[INFO] [1754293665.739294255] [solver_node]: 激光距离数据: [1.45099998 6.45100021 4.32800007 5.0170002  5.02299976]
[INFO] [1754293665.740226884] [solver_node]: 垂直距离定位器返回 1 个解
[INFO] [1754293665.740873395] [solver_node]: 总共 1 个解
[INFO] [1754293665.741591524] [solver_node]: 无效解: x=5.305, y=6.828, 距离=3.331 > 阈值0.100
[WARN] [1754293665.742339093] [solver_node]: 没有满足距离要求的解
[WARN] [1754293665.743128359] [solver_node]: 没有合适的解，不发布TF变换
[INFO] [1754293665.745830436] [solver_node]: 收到5个激光点，处理后5个有效点
[INFO] [1754293665.754924659] [solver_node]: 收到5个激光点，处理后5个有效点
[INFO] [1754293665.756733245] [solver_node]: 当前位置: x=8.541, y=6.040, angle=-0.000
[INFO] [1754293665.758013882] [solver_node]: 激光距离数据: [1.45099998 6.45100021 4.32800007 5.0170002  5.02299976]
[INFO] [1754293665.758980048] [solver_node]: 垂直距离定位器返回 1 个解
[INFO] [1754293665.759629823] [solver_node]: 总共 1 个解
[INFO] [1754293665.766520604] [solver_node]: 无效解: x=5.305, y=6.828, 距离=3.331 > 阈值0.100
[WARN] [1754293665.768899346] [solver_node]: 没有满足距离要求的解
[WARN] [1754293665.770365587] [solver_node]: 没有合适的解，不发布TF变换
[INFO] [1754293665.773751680] [solver_node]: 收到5个激光点，处理后5个有效点
[INFO] [1754293665.776682819] [solver_node]: 收到5个激光点，处理后5个有效点
[INFO] [1754293665.782132895] [solver_node]: 当前位置: x=8.541, y=6.040, angle=-0.000
[INFO] [1754293665.783440573] [solver_node]: 激光距离数据: [1.45099998 6.45100021 4.32800007 5.0170002  5.02299976]
[INFO] [1754293665.784439348] [solver_node]: 垂直距离定位器返回 1 个解
[INFO] [1754293665.785142020] [solver_node]: 总共 1 个解
[INFO] [1754293665.786511491] [solver_node]: 无效解: x=5.305, y=6.828, 距离=3.331 > 阈值0.100
[WARN] [1754293665.787608796] [solver_node]: 没有满足距离要求的解
[WARN] [1754293665.788660244] [solver_node]: 没有合适的解，不发布TF变换
[INFO] [1754293665.789891120] [solver_node]: 已提交静态TF发布任务: translation=(-5.305, -6.828, 0.0)
[INFO] [1754293665.791986720] [solver_node]: 收到5个激光点，处理后5个有效点
[INFO] [1754293665.800314110] [solver_node]: 发布静态变换完成: translation=(-5.305, -6.828, 0.0), 无旋转
[INFO] [1754293665.800776200] [solver_node]: 收到5个激光点，处理后5个有效点
[INFO] [1754293665.805302319] [solver_node]: 当前位置: x=8.541, y=6.040, angle=-0.000
[INFO] [1754293665.807869674] [solver_node]: 激光距离数据: [1.45099998 6.45100021 4.32800007 5.0170002  5.02299976]
[INFO] [1754293665.810221823] [solver_node]: 垂直距离定位器返回 1 个解
[INFO] [1754293665.811843876] [solver_node]: 总共 1 个解
[INFO] [1754293665.814101048] [solver_node]: 无效解: x=5.305, y=6.828, 距离=3.331 > 阈值0.100
[WARN] [1754293665.815300883] [solver_node]: 没有满足距离要求的解
[WARN] [1754293665.816535471] [solver_node]: 没有合适的解，不发布TF变换
[INFO] [1754293665.822453718] [solver_node]: 收到5个激光点，处理后5个有效点
[INFO] [1754293665.828376125] [solver_node]: 收到5个激光点，处理后5个有效点
[INFO] [1754293665.833987837] [solver_node]: 当前位置: x=8.539, y=6.035, angle=0.001
[INFO] [1754293665.836457173] [solver_node]: 激光距离数据: [1.45099998 6.45100021 4.32800007 5.0170002  5.02299976]
[INFO] [1754293665.838975087] [solver_node]: 垂直距离定位器返回 1 个解
[INFO] [1754293665.840727702] [solver_node]: 总共 1 个解
[INFO] [1754293665.842065141] [solver_node]: 无效解: x=5.305, y=6.828, 距离=3.330 > 阈值0.100
[WARN] [1754293665.847060519] [solver_node]: 没有满足距离要求的解
[WARN] [1754293665.850026922] [solver_node]: 没有合适的解，不发布TF变换
[INFO] [1754293665.851944790] [solver_node]: 收到5个激光点，处理后5个有效点
[INFO] [1754293665.860230611] [solver_node]: 当前位置: x=8.539, y=6.035, angle=0.001
[INFO] [1754293665.864759226] [solver_node]: 激光距离数据: [1.45099998 6.45100021 4.32800007 5.0170002  5.02299976]
[INFO] [1754293665.867471736] [solver_node]: 收到5个激光点，处理后5个有效点
[INFO] [1754293665.873552258] [solver_node]: 垂直距离定位器返回 1 个解
[INFO] [1754293665.874812735] [solver_node]: 总共 1 个解
[INFO] [1754293665.876110365] [solver_node]: 无效解: x=5.305, y=6.828, 距离=3.330 > 阈值0.100
[WARN] [1754293665.877636447] [solver_node]: 没有满足距离要求的解
[WARN] [1754293665.879382631] [solver_node]: 没有合适的解，不发布TF变换
[INFO] [1754293665.881429974] [solver_node]: 收到5个激光点，处理后5个有效点
[INFO] [1754293665.884920709] [solver_node]: 当前位置: x=8.539, y=6.035, angle=0.001
[INFO] [1754293665.887454943] [solver_node]: 激光距离数据: [1.45099998 6.45100021 4.32800007 5.0170002  5.02299976]
[INFO] [1754293665.892248332] [solver_node]: 收到5个激光点，处理后5个有效点
[INFO] [1754293665.895428693] [solver_node]: 垂直距离定位器返回 1 个解
[INFO] [1754293665.897966735] [solver_node]: 已提交静态TF发布任务: translation=(-5.305, -6.828, 0.0)
[INFO] [1754293665.901644067] [solver_node]: 收到5个激光点，处理后5个有效点
[INFO] [1754293665.910605967] [solver_node]: 发布静态变换完成: translation=(-5.305, -6.828, 0.0), 无旋转
[INFO] [1754293665.911168668] [solver_node]: 总共 1 个解
[INFO] [1754293665.913371790] [solver_node]: 无效解: x=5.305, y=6.828, 距离=3.330 > 阈值0.100
[INFO] [1754293665.919802240] [solver_node]: 收到5个激光点，处理后5个有效点
[INFO] [1754293665.923483316] [solver_node]: 收到5个激光点，处理后5个有效点
[WARN] [1754293665.925722247] [solver_node]: 没有满足距离要求的解
[INFO] [1754293665.930528981] [solver_node]: 收到5个激光点，处理后5个有效点
[INFO] [1754293665.935169310] [solver_node]: 收到5个激光点，处理后5个有效点
[WARN] [1754293665.951357679] [solver_node]: 没有合适的解，不发布TF变换
[INFO] [1754293665.954080909] [solver_node]: 收到5个激光点，处理后5个有效点
[INFO] [1754293665.961952353] [solver_node]: 当前位置: x=8.546, y=6.025, angle=0.000
[INFO] [1754293665.965410607] [solver_node]: 激光距离数据: [1.45099998 6.45100021 4.32800007 5.0170002  5.02299976]
[INFO] [1754293665.968349970] [solver_node]: 垂直距离定位器返回 1 个解
[INFO] [1754293665.973008125] [solver_node]: 总共 1 个解
[INFO] [1754293665.975293457] [solver_node]: 收到5个激光点，处理后5个有效点
[INFO] [1754293665.981663970] [solver_node]: 收到5个激光点，处理后5个有效点
[INFO] [1754293665.984342591] [solver_node]: 无效解: x=5.305, y=6.828, 距离=3.339 > 阈值0.100
[WARN] [1754293665.986376237] [solver_node]: 没有满足距离要求的解
[WARN] [1754293665.991221148] [solver_node]: 没有合适的解，不发布TF变换
[INFO] [1754293665.994440549] [solver_node]: 当前位置: x=8.546, y=6.025, angle=0.000
[INFO] [1754293665.997516811] [solver_node]: 已提交静态TF发布任务: translation=(-5.305, -6.828, 0.0)
[INFO] [1754293666.001807021] [solver_node]: 收到5个激光点，处理后5个有效点
[INFO] [1754293666.010439665] [solver_node]: 激光距离数据: [1.45099998 6.45100021 4.32800007 5.0170002  5.02299976]
[INFO] [1754293666.013754365] [solver_node]: 垂直距离定位器返回 1 个解
[INFO] [1754293666.015688137] [solver_node]: 总共 1 个解
[INFO] [1754293666.017664246] [solver_node]: 发布静态变换完成: translation=(-5.305, -6.828, 0.0), 无旋转
[INFO] [1754293666.021780148] [solver_node]: 收到5个激光点，处理后5个有效点
[INFO] [1754293666.028084771] [solver_node]: 无效解: x=5.305, y=6.828, 距离=3.339 > 阈值0.100
[WARN] [1754293666.029288447] [solver_node]: 没有满足距离要求的解
[WARN] [1754293666.030335799] [solver_node]: 没有合适的解，不发布TF变换
[INFO] [1754293666.034249776] [solver_node]: 收到5个激光点，处理后5个有效点
[INFO] [1754293666.038648244] [solver_node]: 当前位置: x=8.546, y=6.025, angle=0.000
[INFO] [1754293666.041194414] [solver_node]: 激光距离数据: [1.45099998 6.45100021 4.32800007 5.0170002  5.02299976]
[INFO] [1754293666.043879339] [solver_node]: 垂直距离定位器返回 1 个解
[INFO] [1754293666.045666164] [solver_node]: 总共 1 个解
[INFO] [1754293666.047909607] [solver_node]: 收到5个激光点，处理后5个有效点
[INFO] [1754293666.053250849] [solver_node]: 收到5个激光点，处理后5个有效点
[INFO] [1754293666.055890557] [solver_node]: 无效解: x=5.305, y=6.828, 距离=3.339 > 阈值0.100
[WARN] [1754293666.056768337] [solver_node]: 没有满足距离要求的解
[WARN] [1754293666.060452933] [solver_node]: 没有合适的解，不发布TF变换
[INFO] [1754293666.066679507] [solver_node]: 收到5个激光点，处理后5个有效点
[INFO] [1754293666.071357821] [solver_node]: 当前位置: x=8.535, y=6.008, angle=-0.000
[INFO] [1754293666.074360258] [solver_node]: 激光距离数据: [1.45099998 6.45100021 4.32800007 5.0170002  5.02299976]
[INFO] [1754293666.081521221] [solver_node]: 收到5个激光点，处理后5个有效点
[INFO] [1754293666.086763292] [solver_node]: 垂直距离定位器返回 1 个解
[INFO] [1754293666.088862476] [solver_node]: 总共 1 个解
[INFO] [1754293666.091178785] [solver_node]: 无效解: x=5.305, y=6.828, 距离=3.333 > 阈值0.100
[WARN] [1754293666.093143406] [solver_node]: 没有满足距离要求的解
[INFO] [1754293666.095665703] [solver_node]: 收到5个激光点，处理后5个有效点
[INFO] [1754293666.098800078] [solver_node]: 已提交静态TF发布任务: translation=(-5.305, -6.828, 0.0)
[INFO] [1754293666.113649889] [solver_node]: 发布静态变换完成: translation=(-5.305, -6.828, 0.0), 无旋转
[WARN] [1754293666.125516335] [solver_node]: 没有合适的解，不发布TF变换
[INFO] [1754293666.129799729] [solver_node]: 收到5个激光点，处理后5个有效点
[INFO] [1754293666.141713536] [solver_node]: 当前位置: x=8.535, y=6.008, angle=-0.000
[INFO] [1754293666.145452309] [solver_node]: 激光距离数据: [1.45099998 6.45100021 4.32800007 5.0170002  5.02299976]
[INFO] [1754293666.157268834] [solver_node]: 收到5个激光点，处理后5个有效点
[INFO] [1754293666.161560132] [solver_node]: 垂直距离定位器返回 1 个解
[INFO] [1754293666.163843288] [solver_node]: 总共 1 个解
[INFO] [1754293666.165397980] [solver_node]: 无效解: x=5.305, y=6.828, 距离=3.333 > 阈值0.100
[WARN] [1754293666.166849245] [solver_node]: 没有满足距离要求的解
[INFO] [1754293666.168831786] [solver_node]: 收到5个激光点，处理后5个有效点
[WARN] [1754293666.172499901] [solver_node]: 没有合适的解，不发布TF变换
[INFO] [1754293666.174790609] [solver_node]: 收到5个激光点，处理后5个有效点
[INFO] [1754293666.191188615] [solver_node]: 收到5个激光点，处理后5个有效点
[INFO] [1754293666.198748595] [solver_node]: 当前位置: x=8.536, y=6.027, angle=-0.001
[INFO] [1754293666.201278925] [solver_node]: 激光距离数据: [1.45099998 6.45100021 4.32800007 5.0170002  5.02299976]
[INFO] [1754293666.213308031] [solver_node]: 已提交静态TF发布任务: translation=(-5.305, -6.828, 0.0)
[INFO] [1754293666.219961431] [solver_node]: 垂直距离定位器返回 1 个解
[INFO] [1754293666.222568050] [solver_node]: 总共 1 个解
[INFO] [1754293666.223919153] [solver_node]: 无效解: x=5.305, y=6.828, 距离=3.329 > 阈值0.100
[INFO] [1754293666.224994825] [solver_node]: 发布静态变换完成: translation=(-5.305, -6.828, 0.0), 无旋转
[WARN] [1754293666.226021089] [solver_node]: 没有满足距离要求的解
[WARN] [1754293666.227023607] [solver_node]: 没有合适的解，不发布TF变换
[INFO] [1754293666.228027022] [solver_node]: 收到5个激光点，处理后5个有效点
[INFO] [1754293666.234675462] [solver_node]: 收到5个激光点，处理后5个有效点
[INFO] [1754293666.236747477] [solver_node]: 当前位置: x=8.536, y=6.027, angle=-0.001
[INFO] [1754293666.238280472] [solver_node]: 激光距离数据: [1.45099998 6.45100021 4.32800007 5.0170002  5.02299976]
[INFO] [1754293666.239520852] [solver_node]: 垂直距离定位器返回 1 个解
[INFO] [1754293666.244210815] [solver_node]: 收到5个激光点，处理后5个有效点
[INFO] [1754293666.247678094] [solver_node]: 收到5个激光点，处理后5个有效点
[INFO] [1754293666.251300064] [solver_node]: 总共 1 个解
[INFO] [1754293666.254933587] [solver_node]: 无效解: x=5.305, y=6.828, 距离=3.329 > 阈值0.100
[WARN] [1754293666.256130446] [solver_node]: 没有满足距离要求的解
[WARN] [1754293666.257315721] [solver_node]: 没有合适的解，不发布TF变换
[INFO] [1754293666.258307136] [solver_node]: 收到5个激光点，处理后5个有效点
[INFO] [1754293666.262286747] [solver_node]: 当前位置: x=8.536, y=6.027, angle=-0.001
[INFO] [1754293666.265729609] [solver_node]: 激光距离数据: [1.45099998 6.45100021 4.32800007 5.0170002  5.02299976]
[INFO] [1754293666.268098911] [solver_node]: 收到5个激光点，处理后5个有效点
[INFO] [1754293666.273566556] [solver_node]: 收到5个激光点，处理后5个有效点
[INFO] [1754293666.278338376] [solver_node]: 收到5个激光点，处理后5个有效点
[INFO] [1754293666.282192416] [solver_node]: 垂直距离定位器返回 1 个解
[INFO] [1754293666.282649291] [solver_node]: 收到5个激光点，处理后5个有效点
[INFO] [1754293666.285618350] [solver_node]: 收到5个激光点，处理后5个有效点
[INFO] [1754293666.288361517] [solver_node]: 总共 1 个解
[INFO] [1754293666.289819150] [solver_node]: 无效解: x=5.305, y=6.828, 距离=3.329 > 阈值0.100
[WARN] [1754293666.291430419] [solver_node]: 没有满足距离要求的解
[WARN] [1754293666.292258213] [solver_node]: 没有合适的解，不发布TF变换
[INFO] [1754293666.292701264] [solver_node]: 收到5个激光点，处理后5个有效点
[INFO] [1754293666.295213001] [solver_node]: 已提交静态TF发布任务: translation=(-5.305, -6.828, 0.0)
[INFO] [1754293666.301001293] [solver_node]: 发布静态变换完成: translation=(-5.305, -6.828, 0.0), 无旋转
[INFO] [1754293666.303358946] [solver_node]: 收到5个激光点，处理后5个有效点
[INFO] [1754293666.304987975] [solver_node]: 当前位置: x=8.536, y=6.027, angle=-0.001
[INFO] [1754293666.308104878] [solver_node]: 收到5个激光点，处理后5个有效点
[INFO] [1754293666.314870057] [solver_node]: 激光距离数据: [1.45099998 6.45100021 4.32800007 5.0170002  5.02299976]
[INFO] [1754293666.317021306] [solver_node]: 垂直距离定位器返回 1 个解
[INFO] [1754293666.319100777] [solver_node]: 收到5个激光点，处理后5个有效点
[INFO] [1754293666.324108283] [solver_node]: 总共 1 个解
[INFO] [1754293666.325029296] [solver_node]: 无效解: x=5.305, y=6.828, 距离=3.329 > 阈值0.100
[WARN] [1754293666.326160266] [solver_node]: 没有满足距离要求的解
[WARN] [1754293666.326978684] [solver_node]: 没有合适的解，不发布TF变换
[INFO] [1754293666.329261616] [solver_node]: 当前位置: x=8.540, y=6.035, angle=0.001
[INFO] [1754293666.332390456] [solver_node]: 收到5个激光点，处理后5个有效点
[INFO] [1754293666.343921598] [solver_node]: 收到5个激光点，处理后5个有效点
[INFO] [1754293666.345930316] [solver_node]: 激光距离数据: [1.45099998 6.45100021 4.32800007 5.0170002  5.02299976]
[INFO] [1754293666.347035525] [solver_node]: 垂直距离定位器返回 1 个解
[INFO] [1754293666.348188000] [solver_node]: 总共 1 个解
[INFO] [1754293666.348942129] [solver_node]: 无效解: x=5.305, y=6.828, 距离=3.331 > 阈值0.100
[INFO] [1754293666.353095247] [solver_node]: 收到5个激光点，处理后5个有效点
[INFO] [1754293666.357155884] [solver_node]: 收到5个激光点，处理后5个有效点
[WARN] [1754293666.361256393] [solver_node]: 没有满足距离要求的解
[WARN] [1754293666.362527558] [solver_node]: 没有合适的解，不发布TF变换
[INFO] [1754293666.363865125] [solver_node]: 当前位置: x=8.540, y=6.035, angle=0.001
[INFO] [1754293666.365582668] [solver_node]: 激光距离数据: [1.45099998 6.45100021 4.32800007 5.0170002  5.02299976]
[INFO] [1754293666.366845481] [solver_node]: 垂直距离定位器返回 1 个解
[INFO] [1754293666.368087429] [solver_node]: 总共 1 个解
[INFO] [1754293666.369120188] [solver_node]: 无效解: x=5.305, y=6.828, 距离=3.331 > 阈值0.100
[WARN] [1754293666.372731023] [solver_node]: 没有满足距离要求的解
[INFO] [1754293666.376102651] [solver_node]: 收到5个激光点，处理后5个有效点
[WARN] [1754293666.383374401] [solver_node]: 没有合适的解，不发布TF变换
[INFO] [1754293666.384786593] [solver_node]: 收到5个激光点，处理后5个有效点
[INFO] [1754293666.391822722] [solver_node]: 当前位置: x=8.540, y=6.035, angle=0.001
[INFO] [1754293666.396584782] [solver_node]: 发布静态变换完成: translation=(-5.305, -6.828, 0.0), 无旋转
[INFO] [1754293666.397604421] [solver_node]: 激光距离数据: [1.45099998 6.45100021 4.32800007 5.0170002  5.02299976]
[INFO] [1754293666.400551528] [solver_node]: 垂直距离定位器返回 1 个解
[INFO] [1754293666.401374555] [solver_node]: 已提交静态TF发布任务: translation=(-5.305, -6.828, 0.0)
[INFO] [1754293666.404658054] [solver_node]: 收到5个激光点，处理后5个有效点
[INFO] [1754293666.410622094] [solver_node]: 总共 1 个解
[INFO] [1754293666.412278836] [solver_node]: 无效解: x=5.305, y=6.828, 距离=3.331 > 阈值0.100
[WARN] [1754293666.413979802] [solver_node]: 没有满足距离要求的解
[INFO] [1754293666.414603689] [solver_node]: 收到5个激光点，处理后5个有效点
[WARN] [1754293666.420709172] [solver_node]: 没有合适的解，不发布TF变换
[INFO] [1754293666.422311800] [solver_node]: 收到5个激光点，处理后5个有效点
[INFO] [1754293666.425006326] [solver_node]: 当前位置: x=8.540, y=6.035, angle=0.001
[INFO] [1754293666.426567449] [solver_node]: 激光距离数据: [1.45099998 6.45100021 4.32800007 5.0170002  5.02299976]
[INFO] [1754293666.430388496] [solver_node]: 垂直距离定位器返回 1 个解
[INFO] [1754293666.431463753] [solver_node]: 总共 1 个解
[INFO] [1754293666.433473238] [solver_node]: 收到5个激光点，处理后5个有效点
[INFO] [1754293666.437026663] [solver_node]: 无效解: x=5.305, y=6.828, 距离=3.331 > 阈值0.100
[WARN] [1754293666.437863674] [solver_node]: 没有满足距离要求的解
[WARN] [1754293666.438778351] [solver_node]: 没有合适的解，不发布TF变换
[INFO] [1754293666.440641690] [solver_node]: 收到5个激光点，处理后5个有效点
[INFO] [1754293666.444575603] [solver_node]: 当前位置: x=8.557, y=6.037, angle=-0.008
[INFO] [1754293666.448961111] [solver_node]: 收到5个激光点，处理后5个有效点
[INFO] [1754293666.451892730] [solver_node]: 激光距离数据: [1.45099998 6.45100021 4.32800007 5.0170002  5.02299976]
[INFO] [1754293666.455549837] [solver_node]: 垂直距离定位器返回 1 个解
[INFO] [1754293666.457733855] [solver_node]: 总共 1 个解
[INFO] [1754293666.459521448] [solver_node]: 无效解: x=5.305, y=6.828, 距离=3.347 > 阈值0.100
[INFO] [1754293666.460803493] [solver_node]: 收到5个激光点，处理后5个有效点
[WARN] [1754293666.463970349] [solver_node]: 没有满足距离要求的解
[INFO] [1754293666.480956112] [solver_node]: 收到5个激光点，处理后5个有效点
[WARN] [1754293666.481737090] [solver_node]: 没有合适的解，不发布TF变换
[INFO] [1754293666.494347393] [solver_node]: 当前位置: x=8.557, y=6.037, angle=-0.008
[INFO] [1754293666.496860442] [solver_node]: 激光距离数据: [1.45099998 6.45100021 4.32800007 5.0170002  5.02299976]
[INFO] [1754293666.498243674] [solver_node]: 收到5个激光点，处理后5个有效点
[INFO] [1754293666.500377419] [solver_node]: 已提交静态TF发布任务: translation=(-5.305, -6.828, 0.0)
[INFO] [1754293666.506477974] [solver_node]: 发布静态变换完成: translation=(-5.305, -6.828, 0.0), 无旋转
[INFO] [1754293666.507571726] [solver_node]: 收到5个激光点，处理后5个有效点
[INFO] [1754293666.511391237] [solver_node]: 收到5个激光点，处理后5个有效点
[INFO] [1754293666.514349353] [solver_node]: 收到5个激光点，处理后5个有效点
[INFO] [1754293666.517409743] [solver_node]: 垂直距离定位器返回 1 个解
[INFO] [1754293666.518180960] [solver_node]: 总共 1 个解
[INFO] [1754293666.519013747] [solver_node]: 无效解: x=5.305, y=6.828, 距离=3.347 > 阈值0.100
[WARN] [1754293666.520254191] [solver_node]: 没有满足距离要求的解
[WARN] [1754293666.521192229] [solver_node]: 没有合适的解，不发布TF变换
[INFO] [1754293666.521796914] [solver_node]: 收到5个激光点，处理后5个有效点
[INFO] [1754293666.524854968] [solver_node]: 当前位置: x=8.557, y=6.037, angle=-0.008
[INFO] [1754293666.526207703] [solver_node]: 激光距离数据: [1.45099998 6.45100021 4.32800007 5.0170002  5.02299976]
[INFO] [1754293666.527839580] [solver_node]: 收到5个激光点，处理后5个有效点
[INFO] [1754293666.531154248] [solver_node]: 收到5个激光点，处理后5个有效点
[INFO] [1754293666.532568008] [solver_node]: 垂直距离定位器返回 1 个解
[INFO] [1754293666.539458373] [solver_node]: 总共 1 个解
[INFO] [1754293666.541312815] [solver_node]: 无效解: x=5.305, y=6.828, 距离=3.347 > 阈值0.100
[WARN] [1754293666.542217860] [solver_node]: 没有满足距离要求的解
[WARN] [1754293666.544423734] [solver_node]: 没有合适的解，不发布TF变换
[INFO] [1754293666.546416131] [solver_node]: 当前位置: x=8.541, y=6.027, angle=0.000
[INFO] [1754293666.547630783] [solver_node]: 激光距离数据: [1.45099998 6.45100021 4.32800007 5.0170002  5.02299976]
[INFO] [1754293666.550362685] [solver_node]: 收到5个激光点，处理后5个有效点
[INFO] [1754293666.551779197] [solver_node]: 垂直距离定位器返回 1 个解
[INFO] [1754293666.552470285] [solver_node]: 总共 1 个解
[INFO] [1754293666.555460273] [solver_node]: 收到5个激光点，处理后5个有效点
[INFO] [1754293666.558211088] [solver_node]: 收到5个激光点，处理后5个有效点
[INFO] [1754293666.559444908] [solver_node]: 无效解: x=5.305, y=6.828, 距离=3.334 > 阈值0.100
[WARN] [1754293666.560286303] [solver_node]: 没有满足距离要求的解
[WARN] [1754293666.561201524] [solver_node]: 没有合适的解，不发布TF变换
[INFO] [1754293666.562074088] [solver_node]: 当前位置: x=8.541, y=6.027, angle=0.000
[INFO] [1754293666.563191105] [solver_node]: 激光距离数据: [1.45099998 6.45100021 4.32800007 5.0170002  5.02299976]
[INFO] [1754293666.564109046] [solver_node]: 垂直距离定位器返回 1 个解
[INFO] [1754293666.565061004] [solver_node]: 总共 1 个解
[INFO] [1754293666.565759324] [solver_node]: 无效解: x=5.305, y=6.828, 距离=3.334 > 阈值0.100
[WARN] [1754293666.566482924] [solver_node]: 没有满足距离要求的解
[WARN] [1754293666.567225597] [solver_node]: 没有合适的解，不发布TF变换
[INFO] [1754293666.569362030] [solver_node]: 收到5个激光点，处理后5个有效点
[INFO] [1754293666.575095441] [solver_node]: 收到5个激光点，处理后5个有效点
[INFO] [1754293666.579154029] [solver_node]: 当前位置: x=8.541, y=6.027, angle=0.000
[INFO] [1754293666.580636271] [solver_node]: 激光距离数据: [1.45099998 6.45100021 4.32800007 5.0170002  5.02299976]
[INFO] [1754293666.581693479] [solver_node]: 垂直距离定位器返回 1 个解
[INFO] [1754293666.582381335] [solver_node]: 总共 1 个解
[INFO] [1754293666.583092807] [solver_node]: 无效解: x=5.305, y=6.828, 距离=3.334 > 阈值0.100
[WARN] [1754293666.584254113] [solver_node]: 没有满足距离要求的解
[WARN] [1754293666.585254104] [solver_node]: 没有合适的解，不发布TF变换
[INFO] [1754293666.587253286] [solver_node]: 收到5个激光点，处理后5个有效点
[INFO] [1754293666.592169078] [solver_node]: 已提交静态TF发布任务: translation=(-5.305, -6.828, 0.0)
[INFO] [1754293666.595275708] [solver_node]: 收到5个激光点，处理后5个有效点
[INFO] [1754293666.597122278] [solver_node]: 当前位置: x=8.541, y=6.027, angle=0.000
[INFO] [1754293666.598312706] [solver_node]: 激光距离数据: [1.45099998 6.45100021 4.32800007 5.0170002  5.02299976]
[INFO] [1754293666.599283928] [solver_node]: 垂直距离定位器返回 1 个解
[INFO] [1754293666.600123915] [solver_node]: 总共 1 个解
[INFO] [1754293666.600951550] [solver_node]: 无效解: x=5.305, y=6.828, 距离=3.334 > 阈值0.100
[INFO] [1754293666.604211816] [solver_node]: 发布静态变换完成: translation=(-5.305, -6.828, 0.0), 无旋转
[WARN] [1754293666.606286615] [solver_node]: 没有满足距离要求的解
[WARN] [1754293666.607311343] [solver_node]: 没有合适的解，不发布TF变换
[INFO] [1754293666.609974987] [solver_node]: 收到5个激光点，处理后5个有效点
[INFO] [1754293666.615409735] [solver_node]: 收到5个激光点，处理后5个有效点
[INFO] [1754293666.619487396] [solver_node]: 当前位置: x=8.541, y=6.027, angle=0.000
[INFO] [1754293666.620893636] [solver_node]: 激光距离数据: [1.45099998 6.45100021 4.32800007 5.0170002  5.02299976]
[INFO] [1754293666.621943804] [solver_node]: 垂直距离定位器返回 1 个解
[INFO] [1754293666.622616075] [solver_node]: 总共 1 个解
[INFO] [1754293666.623324635] [solver_node]: 无效解: x=5.305, y=6.828, 距离=3.334 > 阈值0.100
[WARN] [1754293666.624065036] [solver_node]: 没有满足距离要求的解
[WARN] [1754293666.625377162] [solver_node]: 没有合适的解，不发布TF变换
[INFO] [1754293666.627540411] [solver_node]: 收到5个激光点，处理后5个有效点
[INFO] [1754293666.634534939] [solver_node]: 收到5个激光点，处理后5个有效点
[INFO] [1754293666.637424797] [solver_node]: 当前位置: x=8.541, y=6.027, angle=0.000
[INFO] [1754293666.638629752] [solver_node]: 激光距离数据: [1.45099998 6.45100021 4.32800007 5.0170002  5.02299976]
[INFO] [1754293666.639610030] [solver_node]: 垂直距离定位器返回 1 个解
[INFO] [1754293666.640278366] [solver_node]: 总共 1 个解
[INFO] [1754293666.641115953] [solver_node]: 无效解: x=5.305, y=6.828, 距离=3.334 > 阈值0.100
[WARN] [1754293666.641888706] [solver_node]: 没有满足距离要求的解
[WARN] [1754293666.642658036] [solver_node]: 没有合适的解，不发布TF变换
[INFO] [1754293666.644750435] [solver_node]: 收到5个激光点，处理后5个有效点
[INFO] [1754293666.655472728] [solver_node]: 当前位置: x=8.535, y=6.034, angle=-0.001
[INFO] [1754293666.656762197] [solver_node]: 激光距离数据: [1.45099998 6.45100021 4.32800007 5.0170002  5.02299976]
[INFO] [1754293666.658263863] [solver_node]: 垂直距离定位器返回 1 个解
[INFO] [1754293666.658959271] [solver_node]: 总共 1 个解
[INFO] [1754293666.659727385] [solver_node]: 无效解: x=5.305, y=6.828, 距离=3.326 > 阈值0.100
[WARN] [1754293666.660471530] [solver_node]: 没有满足距离要求的解
[WARN] [1754293666.661564834] [solver_node]: 没有合适的解，不发布TF变换
[INFO] [1754293666.663798261] [solver_node]: 收到5个激光点，处理后5个有效点
[INFO] [1754293666.666330735] [solver_node]: 收到5个激光点，处理后5个有效点
[INFO] [1754293666.673172171] [solver_node]: 当前位置: x=8.535, y=6.034, angle=-0.001
[INFO] [1754293666.674526762] [solver_node]: 激光距离数据: [1.45099998 6.45100021 4.32800007 5.0170002  5.02299976]
[INFO] [1754293666.675696612] [solver_node]: 垂直距离定位器返回 1 个解
[INFO] [1754293666.676441429] [solver_node]: 总共 1 个解
[INFO] [1754293666.677184742] [solver_node]: 无效解: x=5.305, y=6.828, 距离=3.326 > 阈值0.100
[WARN] [1754293666.677944280] [solver_node]: 没有满足距离要求的解
[WARN] [1754293666.678757482] [solver_node]: 没有合适的解，不发布TF变换
[INFO] [1754293666.681087199] [solver_node]: 收到5个激光点，处理后5个有效点
[INFO] [1754293666.685803467] [solver_node]: 收到5个激光点，处理后5个有效点
[INFO] [1754293666.691819988] [solver_node]: 当前位置: x=8.535, y=6.034, angle=-0.001
[INFO] [1754293666.693113649] [solver_node]: 激光距离数据: [1.45099998 6.45100021 4.32800007 5.0170002  5.02299976]
[INFO] [1754293666.694242603] [solver_node]: 垂直距离定位器返回 1 个解
[INFO] [1754293666.694925402] [solver_node]: 总共 1 个解
[INFO] [1754293666.695636363] [solver_node]: 无效解: x=5.305, y=6.828, 距离=3.326 > 阈值0.100
[WARN] [1754293666.696474398] [solver_node]: 没有满足距离要求的解
[WARN] [1754293666.697265872] [solver_node]: 没有合适的解，不发布TF变换
[INFO] [1754293666.698511724] [solver_node]: 已提交静态TF发布任务: translation=(-5.305, -6.828, 0.0)
[INFO] [1754293666.703152886] [solver_node]: 发布静态变换完成: translation=(-5.305, -6.828, 0.0), 无旋转
[INFO] [1754293666.704821532] [solver_node]: 收到5个激光点，处理后5个有效点
[INFO] [1754293666.711274159] [solver_node]: 收到5个激光点，处理后5个有效点
[INFO] [1754293666.714062318] [solver_node]: 当前位置: x=8.535, y=6.034, angle=-0.001
[INFO] [1754293666.715653011] [solver_node]: 激光距离数据: [1.45099998 6.45100021 4.32800007 5.0170002  5.02299976]
[INFO] [1754293666.716814829] [solver_node]: 垂直距离定位器返回 1 个解
[INFO] [1754293666.717566174] [solver_node]: 总共 1 个解
[INFO] [1754293666.718264078] [solver_node]: 无效解: x=5.305, y=6.828, 距离=3.326 > 阈值0.100
[WARN] [1754293666.720892266] [solver_node]: 没有满足距离要求的解
[WARN] [1754293666.722454446] [solver_node]: 没有合适的解，不发布TF变换
[INFO] [1754293666.759854946] [solver_node]: 求解循环已停止
[INFO] [1754293666.777193901] [solver_node]: SolverNode资源清理完成
