[INFO] [1754306516.526093986] [solver_node]: [PerpendicularDistanceLocalizer] 激光配置 详细内容: 列表长度: 5
[INFO] [1754306516.529082490] [solver_node]: [PerpendicularDistanceLocalizer] 激光配置[0]: ((0.37685, 1.56608), 1.5708)
[INFO] [1754306516.531899563] [solver_node]: [PerpendicularDistanceLocalizer] 激光配置[1]: ((0.37685, -1.56608), -1.5708)
[INFO] [1754306516.534974119] [solver_node]: [PerpendicularDistanceLocalizer] 激光配置[2]: ((0.37645, 0.47385), 0.0)
[INFO] [1754306516.537276228] [solver_node]: [PerpendicularDistanceLocalizer] 激光配置[3]: ((0.37771, 2.42478), 3.14159)
[INFO] [1754306516.538905061] [solver_node]: [PerpendicularDistanceLocalizer] 激光配置[4]: ((0.37771, -2.42478), 3.14159)
[INFO] [1754306516.540786961] [solver_node]: [PerpendicularDistanceLocalizer] 前束索引: [2], 后束索引: [3, 4]
[INFO] [1754306516.542597786] [solver_node]: [PerpendicularDistanceLocalizer] 左束索引: [0], 右束索引: [1]
[INFO] [1754306516.545963297] [solver_node]: [PerpendicularDistanceLocalizer] h_values: [0.37684581 0.37684581 0.33497201 0.28475693 0.28475693]
[INFO] [1754306516.548100887] [solver_node]: [PerpendicularDistanceLocalizer] 垂直距离定位器已初始化，需要调用calibrate()方法进行标定
[INFO] [1754306516.551194164] [solver_node]: 位置更新线程运行中...
[INFO] [1754306516.562503995] [solver_node]: SolverNode启动，进入初始化阶段...
[INFO] [1754306516.568632754] [solver_node]: 标定数据收集进度: 1/500
[INFO] [1754306516.574153392] [solver_node]: 位置更新线程运行中...
[INFO] [1754306516.576016987] [solver_node]: 标定数据收集进度: 2/500
[INFO] [1754306516.583220701] [solver_node]: 标定数据收集进度: 3/500
[INFO] [1754306516.590802222] [solver_node]: 标定数据收集进度: 4/500
[INFO] [1754306516.595679890] [solver_node]: 位置更新线程运行中...
[INFO] [1754306516.600135557] [solver_node]: 标定数据收集进度: 5/500
[INFO] [1754306516.610383906] [solver_node]: 标定数据收集进度: 6/500
[INFO] [1754306516.616546170] [solver_node]: 位置更新线程运行中...
[INFO] [1754306516.620520250] [solver_node]: 标定数据收集进度: 7/500
[INFO] [1754306516.630740853] [solver_node]: 标定数据收集进度: 8/500
[INFO] [1754306516.638149567] [solver_node]: 位置更新线程运行中...
[INFO] [1754306516.641748656] [solver_node]: 标定数据收集进度: 9/500
[INFO] [1754306516.650419981] [solver_node]: 标定数据收集进度: 10/500
[INFO] [1754306516.659645600] [solver_node]: 位置更新线程运行中...
[INFO] [1754306516.661210783] [solver_node]: 标定数据收集进度: 11/500
[INFO] [1754306516.670444659] [solver_node]: 标定数据收集进度: 12/500
[INFO] [1754306516.680843509] [solver_node]: 位置更新线程运行中...
[INFO] [1754306516.684147962] [solver_node]: 标定数据收集进度: 13/500
[INFO] [1754306516.690667328] [solver_node]: 标定数据收集进度: 14/500
[INFO] [1754306516.700668787] [solver_node]: 标定数据收集进度: 15/500
[INFO] [1754306516.701704829] [solver_node]: 位置更新线程运行中...
[INFO] [1754306516.710718183] [solver_node]: 标定数据收集进度: 16/500
[INFO] [1754306516.720467664] [solver_node]: 标定数据收集进度: 17/500
[INFO] [1754306516.722709738] [solver_node]: 位置更新线程运行中...
[INFO] [1754306516.733199696] [solver_node]: 标定数据收集进度: 18/500
[INFO] [1754306516.740450004] [solver_node]: 标定数据收集进度: 19/500
[INFO] [1754306516.743982434] [solver_node]: 位置更新线程运行中...
[INFO] [1754306516.750108185] [solver_node]: 标定数据收集进度: 20/500
[INFO] [1754306516.760958285] [solver_node]: 标定数据收集进度: 21/500
[INFO] [1754306516.765008944] [solver_node]: 位置更新线程运行中...
[INFO] [1754306516.770275172] [solver_node]: 标定数据收集进度: 22/500
[INFO] [1754306516.782087519] [solver_node]: 标定数据收集进度: 23/500
[INFO] [1754306516.786174340] [solver_node]: 位置更新线程运行中...
[INFO] [1754306516.790938020] [solver_node]: 标定数据收集进度: 24/500
[INFO] [1754306516.800907253] [solver_node]: 标定数据收集进度: 25/500
[INFO] [1754306516.807192594] [solver_node]: 位置更新线程运行中...
[INFO] [1754306516.811313848] [solver_node]: 标定数据收集进度: 26/500
[INFO] [1754306516.820883161] [solver_node]: 标定数据收集进度: 27/500
[INFO] [1754306516.828520140] [solver_node]: 位置更新线程运行中...
[INFO] [1754306516.830998704] [solver_node]: 标定数据收集进度: 28/500
[INFO] [1754306516.840463981] [solver_node]: 标定数据收集进度: 29/500
[INFO] [1754306516.849901544] [solver_node]: 位置更新线程运行中...
[INFO] [1754306516.851309729] [solver_node]: 标定数据收集进度: 30/500
[INFO] [1754306516.860783614] [solver_node]: 标定数据收集进度: 31/500
[INFO] [1754306516.870710222] [solver_node]: 位置更新线程运行中...
[INFO] [1754306516.871203234] [solver_node]: 标定数据收集进度: 32/500
[INFO] [1754306516.884689056] [solver_node]: 标定数据收集进度: 33/500
[INFO] [1754306516.891764221] [solver_node]: 位置更新线程运行中...
[INFO] [1754306516.892796039] [solver_node]: 标定数据收集进度: 34/500
[INFO] [1754306516.902206625] [solver_node]: 标定数据收集进度: 35/500
[INFO] [1754306516.912656998] [solver_node]: 位置更新线程运行中...
[INFO] [1754306516.913855734] [solver_node]: 标定数据收集进度: 36/500
[INFO] [1754306516.921113914] [solver_node]: 标定数据收集进度: 37/500
[INFO] [1754306516.930757822] [solver_node]: 标定数据收集进度: 38/500
[INFO] [1754306516.933868539] [solver_node]: 位置更新线程运行中...
[INFO] [1754306516.940474853] [solver_node]: 标定数据收集进度: 39/500
[INFO] [1754306516.950361683] [solver_node]: 标定数据收集进度: 40/500
[INFO] [1754306516.956038424] [solver_node]: 位置更新线程运行中...
[INFO] [1754306516.960358117] [solver_node]: 标定数据收集进度: 41/500
[INFO] [1754306516.970728007] [solver_node]: 标定数据收集进度: 42/500
[INFO] [1754306516.983183644] [solver_node]: 位置更新线程运行中...
[INFO] [1754306516.983927322] [solver_node]: 标定数据收集进度: 43/500
[INFO] [1754306516.997191824] [solver_node]: 标定数据收集进度: 44/500
[INFO] [1754306517.009591203] [solver_node]: 位置更新线程运行中...
[INFO] [1754306517.014626573] [solver_node]: 标定数据收集进度: 45/500
[INFO] [1754306517.019497361] [solver_node]: 标定数据收集进度: 46/500
[INFO] [1754306517.022294721] [solver_node]: 标定数据收集进度: 47/500
[INFO] [1754306517.031809152] [solver_node]: 标定数据收集进度: 48/500
[INFO] [1754306517.039496181] [solver_node]: 位置更新线程运行中...
[INFO] [1754306517.041025394] [solver_node]: 标定数据收集进度: 49/500
[INFO] [1754306517.051077062] [solver_node]: 标定数据收集进度: 50/500
[INFO] [1754306517.060991605] [solver_node]: 位置更新线程运行中...
[INFO] [1754306517.062543219] [solver_node]: 标定数据收集进度: 51/500
[INFO] [1754306517.071356885] [solver_node]: 标定数据收集进度: 52/500
[INFO] [1754306517.087168561] [solver_node]: 位置更新线程运行中...
[INFO] [1754306517.089088030] [solver_node]: 标定数据收集进度: 53/500
[INFO] [1754306517.091248853] [solver_node]: 标定数据收集进度: 54/500
[INFO] [1754306517.101029886] [solver_node]: 标定数据收集进度: 55/500
[INFO] [1754306517.115415808] [solver_node]: 位置更新线程运行中...
[INFO] [1754306517.117178599] [solver_node]: 标定数据收集进度: 56/500
[INFO] [1754306517.122135310] [solver_node]: 标定数据收集进度: 57/500
[INFO] [1754306517.130715975] [solver_node]: 标定数据收集进度: 58/500
[INFO] [1754306517.136506064] [solver_node]: 位置更新线程运行中...
[INFO] [1754306517.141929258] [solver_node]: 标定数据收集进度: 59/500
[INFO] [1754306517.150661833] [solver_node]: 标定数据收集进度: 60/500
[INFO] [1754306517.160193288] [solver_node]: 位置更新线程运行中...
[INFO] [1754306517.162916949] [solver_node]: 标定数据收集进度: 61/500
[INFO] [1754306517.171475629] [solver_node]: 标定数据收集进度: 62/500
[INFO] [1754306517.182874936] [solver_node]: 位置更新线程运行中...
[INFO] [1754306517.185919346] [solver_node]: 标定数据收集进度: 63/500
[INFO] [1754306517.190654160] [solver_node]: 标定数据收集进度: 64/500
[INFO] [1754306517.200238738] [solver_node]: 标定数据收集进度: 65/500
[INFO] [1754306517.204023818] [solver_node]: 位置更新线程运行中...
[INFO] [1754306517.210422059] [solver_node]: 标定数据收集进度: 66/500
[INFO] [1754306517.220526977] [solver_node]: 标定数据收集进度: 67/500
[INFO] [1754306517.225283648] [solver_node]: 位置更新线程运行中...
[INFO] [1754306517.230415311] [solver_node]: 标定数据收集进度: 68/500
[INFO] [1754306517.240398848] [solver_node]: 标定数据收集进度: 69/500
[INFO] [1754306517.251013482] [solver_node]: 位置更新线程运行中...
[INFO] [1754306517.252217307] [solver_node]: 标定数据收集进度: 70/500
[INFO] [1754306517.260927001] [solver_node]: 标定数据收集进度: 71/500
[INFO] [1754306517.271861552] [solver_node]: 位置更新线程运行中...
[INFO] [1754306517.273149892] [solver_node]: 标定数据收集进度: 72/500
[INFO] [1754306517.283257627] [solver_node]: 标定数据收集进度: 73/500
[INFO] [1754306517.290675365] [solver_node]: 标定数据收集进度: 74/500
[INFO] [1754306517.294930352] [solver_node]: 位置更新线程运行中...
[INFO] [1754306517.300719832] [solver_node]: 标定数据收集进度: 75/500
[INFO] [1754306517.311426567] [solver_node]: 标定数据收集进度: 76/500
[INFO] [1754306517.316209767] [solver_node]: 位置更新线程运行中...
[INFO] [1754306517.320217320] [solver_node]: 标定数据收集进度: 77/500
[INFO] [1754306517.331030267] [solver_node]: 标定数据收集进度: 78/500
[INFO] [1754306517.339167298] [solver_node]: 位置更新线程运行中...
[INFO] [1754306517.340624924] [solver_node]: 标定数据收集进度: 79/500
[INFO] [1754306517.350723378] [solver_node]: 标定数据收集进度: 80/500
[INFO] [1754306517.360464602] [solver_node]: 位置更新线程运行中...
[INFO] [1754306517.361313404] [solver_node]: 标定数据收集进度: 81/500
[INFO] [1754306517.370923710] [solver_node]: 标定数据收集进度: 82/500
[INFO] [1754306517.382128417] [solver_node]: 位置更新线程运行中...
[INFO] [1754306517.382506832] [solver_node]: 标定数据收集进度: 83/500
[INFO] [1754306517.390769884] [solver_node]: 标定数据收集进度: 84/500
[INFO] [1754306517.400311100] [solver_node]: 标定数据收集进度: 85/500
[INFO] [1754306517.403368406] [solver_node]: 位置更新线程运行中...
[INFO] [1754306517.410463988] [solver_node]: 标定数据收集进度: 86/500
[INFO] [1754306517.420649037] [solver_node]: 标定数据收集进度: 87/500
[INFO] [1754306517.424431365] [solver_node]: 位置更新线程运行中...
[INFO] [1754306517.430169260] [solver_node]: 标定数据收集进度: 88/500
[INFO] [1754306517.440503595] [solver_node]: 标定数据收集进度: 89/500
[INFO] [1754306517.445307596] [solver_node]: 位置更新线程运行中...
[INFO] [1754306517.450432986] [solver_node]: 标定数据收集进度: 90/500
[INFO] [1754306517.460372970] [solver_node]: 标定数据收集进度: 91/500
[INFO] [1754306517.466504384] [solver_node]: 位置更新线程运行中...
[INFO] [1754306517.470385660] [solver_node]: 标定数据收集进度: 92/500
[INFO] [1754306517.487686420] [solver_node]: 位置更新线程运行中...
[INFO] [1754306517.489241490] [solver_node]: 标定数据收集进度: 93/500
[INFO] [1754306517.492121798] [solver_node]: 标定数据收集进度: 94/500
[INFO] [1754306517.501308375] [solver_node]: 标定数据收集进度: 95/500
[INFO] [1754306517.508842790] [solver_node]: 位置更新线程运行中...
[INFO] [1754306517.511972900] [solver_node]: 标定数据收集进度: 96/500
[INFO] [1754306517.520360373] [solver_node]: 标定数据收集进度: 97/500
[INFO] [1754306517.530599696] [solver_node]: 位置更新线程运行中...
[INFO] [1754306517.531619961] [solver_node]: 标定数据收集进度: 98/500
[INFO] [1754306517.540834604] [solver_node]: 标定数据收集进度: 99/500
[INFO] [1754306517.550856223] [solver_node]: 标定数据收集进度: 100/500
[INFO] [1754306517.561389478] [solver_node]: 标定数据收集进度: 101/500
[INFO] [1754306517.563223536] [solver_node]: 位置更新线程运行中...
[INFO] [1754306517.572554727] [solver_node]: 标定数据收集进度: 102/500
[INFO] [1754306517.585619732] [solver_node]: 标定数据收集进度: 103/500
[INFO] [1754306517.592681936] [solver_node]: 位置更新线程运行中...
[INFO] [1754306517.593051999] [solver_node]: 标定数据收集进度: 104/500
[INFO] [1754306517.601491506] [solver_node]: 标定数据收集进度: 105/500
[INFO] [1754306517.610803368] [solver_node]: 标定数据收集进度: 106/500
[INFO] [1754306517.621192042] [solver_node]: 位置更新线程运行中...
[INFO] [1754306517.622790058] [solver_node]: 标定数据收集进度: 107/500
[INFO] [1754306517.630715337] [solver_node]: 标定数据收集进度: 108/500
[INFO] [1754306517.640399054] [solver_node]: 标定数据收集进度: 109/500
[INFO] [1754306517.651781399] [solver_node]: 位置更新线程运行中...
[INFO] [1754306517.652048002] [solver_node]: 标定数据收集进度: 110/500
[INFO] [1754306517.660725279] [solver_node]: 标定数据收集进度: 111/500
[INFO] [1754306517.670629837] [solver_node]: 标定数据收集进度: 112/500
[INFO] [1754306517.675814621] [solver_node]: 位置更新线程运行中...
[INFO] [1754306517.686798135] [solver_node]: 标定数据收集进度: 113/500
[INFO] [1754306517.691274603] [solver_node]: 标定数据收集进度: 114/500
[INFO] [1754306517.697021650] [solver_node]: 位置更新线程运行中...
[INFO] [1754306517.701029779] [solver_node]: 标定数据收集进度: 115/500
[INFO] [1754306517.710364426] [solver_node]: 标定数据收集进度: 116/500
[INFO] [1754306517.719010246] [solver_node]: 位置更新线程运行中...
[INFO] [1754306517.721117018] [solver_node]: 标定数据收集进度: 117/500
[INFO] [1754306517.730783455] [solver_node]: 标定数据收集进度: 118/500
[INFO] [1754306517.741767672] [solver_node]: 位置更新线程运行中...
[INFO] [1754306517.741984481] [solver_node]: 标定数据收集进度: 119/500
[INFO] [1754306517.750675870] [solver_node]: 标定数据收集进度: 120/500
[INFO] [1754306517.760576396] [solver_node]: 标定数据收集进度: 121/500
[INFO] [1754306517.770933261] [solver_node]: 位置更新线程运行中...
[INFO] [1754306517.771785967] [solver_node]: 标定数据收集进度: 122/500
[INFO] [1754306517.780936799] [solver_node]: 标定数据收集进度: 123/500
[INFO] [1754306517.791401891] [solver_node]: 标定数据收集进度: 124/500
[INFO] [1754306517.800042943] [solver_node]: 位置更新线程运行中...
[INFO] [1754306517.801692065] [solver_node]: 标定数据收集进度: 125/500
[INFO] [1754306517.810431776] [solver_node]: 标定数据收集进度: 126/500
[INFO] [1754306517.822786097] [solver_node]: 位置更新线程运行中...
[INFO] [1754306517.822997913] [solver_node]: 标定数据收集进度: 127/500
[INFO] [1754306517.830808435] [solver_node]: 标定数据收集进度: 128/500
[INFO] [1754306517.840895817] [solver_node]: 标定数据收集进度: 129/500
[INFO] [1754306517.851280042] [solver_node]: 位置更新线程运行中...
[INFO] [1754306517.851630680] [solver_node]: 标定数据收集进度: 130/500
[INFO] [1754306517.860643075] [solver_node]: 标定数据收集进度: 131/500
[INFO] [1754306517.872910064] [solver_node]: 位置更新线程运行中...
[INFO] [1754306517.876401244] [solver_node]: 标定数据收集进度: 132/500
[INFO] [1754306517.886992198] [solver_node]: 标定数据收集进度: 133/500
[INFO] [1754306517.890492082] [solver_node]: 标定数据收集进度: 134/500
[INFO] [1754306517.894625944] [solver_node]: 位置更新线程运行中...
[INFO] [1754306517.900387584] [solver_node]: 标定数据收集进度: 135/500
[INFO] [1754306517.910547864] [solver_node]: 标定数据收集进度: 136/500
[INFO] [1754306517.920876184] [solver_node]: 位置更新线程运行中...
[INFO] [1754306517.921522450] [solver_node]: 标定数据收集进度: 137/500
[INFO] [1754306517.930360245] [solver_node]: 标定数据收集进度: 138/500
[INFO] [1754306517.940464427] [solver_node]: 标定数据收集进度: 139/500
[INFO] [1754306517.950772073] [solver_node]: 位置更新线程运行中...
[INFO] [1754306517.951310815] [solver_node]: 标定数据收集进度: 140/500
[INFO] [1754306517.960472399] [solver_node]: 标定数据收集进度: 141/500
[INFO] [1754306517.970335228] [solver_node]: 标定数据收集进度: 142/500
[INFO] [1754306517.983057243] [solver_node]: 位置更新线程运行中...
[INFO] [1754306517.986076340] [solver_node]: 标定数据收集进度: 143/500
[INFO] [1754306517.990849108] [solver_node]: 标定数据收集进度: 144/500
[INFO] [1754306518.007414382] [solver_node]: 标定数据收集进度: 145/500
[INFO] [1754306518.010616334] [solver_node]: 位置更新线程运行中...
[INFO] [1754306518.011660984] [solver_node]: 标定数据收集进度: 146/500
[INFO] [1754306518.021357886] [solver_node]: 标定数据收集进度: 147/500
[INFO] [1754306518.030748951] [solver_node]: 标定数据收集进度: 148/500
[INFO] [1754306518.031866468] [solver_node]: 位置更新线程运行中...
[INFO] [1754306518.040593218] [solver_node]: 标定数据收集进度: 149/500
[INFO] [1754306518.050586291] [solver_node]: 标定数据收集进度: 150/500
[INFO] [1754306518.054524689] [solver_node]: 位置更新线程运行中...
[INFO] [1754306518.060575908] [solver_node]: 标定数据收集进度: 151/500
[INFO] [1754306518.070856865] [solver_node]: 标定数据收集进度: 152/500
[INFO] [1754306518.086180232] [solver_node]: 位置更新线程运行中...
[INFO] [1754306518.087370712] [solver_node]: 标定数据收集进度: 153/500
[INFO] [1754306518.091292053] [solver_node]: 标定数据收集进度: 154/500
[INFO] [1754306518.100950297] [solver_node]: 标定数据收集进度: 155/500
[INFO] [1754306518.108523945] [solver_node]: 位置更新线程运行中...
[INFO] [1754306518.111742891] [solver_node]: 标定数据收集进度: 156/500
[INFO] [1754306518.120285473] [solver_node]: 标定数据收集进度: 157/500
[INFO] [1754306518.131904692] [solver_node]: 标定数据收集进度: 158/500
[INFO] [1754306518.135930262] [solver_node]: 位置更新线程运行中...
[INFO] [1754306518.140666836] [solver_node]: 标定数据收集进度: 159/500
[INFO] [1754306518.152867454] [solver_node]: 标定数据收集进度: 160/500
[INFO] [1754306518.158967634] [solver_node]: 位置更新线程运行中...
[INFO] [1754306518.160612565] [solver_node]: 标定数据收集进度: 161/500
[INFO] [1754306518.172205350] [solver_node]: 标定数据收集进度: 162/500
[INFO] [1754306518.180630360] [solver_node]: 位置更新线程运行中...
[INFO] [1754306518.190360575] [solver_node]: 标定数据收集进度: 163/500
[INFO] [1754306518.203458829] [solver_node]: 位置更新线程运行中...
[INFO] [1754306518.209307192] [solver_node]: 标定数据收集进度: 164/500
[INFO] [1754306518.212396308] [solver_node]: 标定数据收集进度: 165/500
[INFO] [1754306518.216418517] [solver_node]: 标定数据收集进度: 166/500
[INFO] [1754306518.220411285] [solver_node]: 标定数据收集进度: 167/500
[INFO] [1754306518.224603550] [solver_node]: 位置更新线程运行中...
[INFO] [1754306518.230821559] [solver_node]: 标定数据收集进度: 168/500
[INFO] [1754306518.240239313] [solver_node]: 标定数据收集进度: 169/500
[INFO] [1754306518.245817649] [solver_node]: 位置更新线程运行中...
[INFO] [1754306518.250443179] [solver_node]: 标定数据收集进度: 170/500
[INFO] [1754306518.260335384] [solver_node]: 标定数据收集进度: 171/500
[INFO] [1754306518.269657646] [solver_node]: 位置更新线程运行中...
[INFO] [1754306518.271986540] [solver_node]: 标定数据收集进度: 172/500
[INFO] [1754306518.283767109] [solver_node]: 标定数据收集进度: 173/500
[INFO] [1754306518.291174446] [solver_node]: 位置更新线程运行中...
[INFO] [1754306518.292150838] [solver_node]: 标定数据收集进度: 174/500
[INFO] [1754306518.307036139] [solver_node]: 标定数据收集进度: 175/500
[INFO] [1754306518.311028683] [solver_node]: 标定数据收集进度: 176/500
[INFO] [1754306518.312121975] [solver_node]: 位置更新线程运行中...
[INFO] [1754306518.321098368] [solver_node]: 标定数据收集进度: 177/500
[INFO] [1754306518.330881128] [solver_node]: 标定数据收集进度: 178/500
[INFO] [1754306518.333127331] [solver_node]: 位置更新线程运行中...
[INFO] [1754306518.340966109] [solver_node]: 标定数据收集进度: 179/500
[INFO] [1754306518.350595104] [solver_node]: 标定数据收集进度: 180/500
[INFO] [1754306518.361855684] [solver_node]: 标定数据收集进度: 181/500
[INFO] [1754306518.371694607] [solver_node]: 位置更新线程运行中...
[INFO] [1754306518.373913992] [solver_node]: 标定数据收集进度: 182/500
[INFO] [1754306518.384064704] [solver_node]: 标定数据收集进度: 183/500
[INFO] [1754306518.394934836] [solver_node]: 位置更新线程运行中...
[INFO] [1754306518.406752783] [solver_node]: 标定数据收集进度: 184/500
[INFO] [1754306518.412422866] [solver_node]: 标定数据收集进度: 185/500
[INFO] [1754306518.416167016] [solver_node]: 位置更新线程运行中...
[INFO] [1754306518.417106510] [solver_node]: 标定数据收集进度: 186/500
[INFO] [1754306518.421124144] [solver_node]: 标定数据收集进度: 187/500
[INFO] [1754306518.431237094] [solver_node]: 标定数据收集进度: 188/500
[INFO] [1754306518.437443135] [solver_node]: 位置更新线程运行中...
[INFO] [1754306518.440800197] [solver_node]: 标定数据收集进度: 189/500
[INFO] [1754306518.450597615] [solver_node]: 标定数据收集进度: 190/500
[INFO] [1754306518.458960479] [solver_node]: 位置更新线程运行中...
[INFO] [1754306518.468410394] [solver_node]: 标定数据收集进度: 191/500
[INFO] [1754306518.470740407] [solver_node]: 标定数据收集进度: 192/500
[INFO] [1754306518.483847942] [solver_node]: 位置更新线程运行中...
[INFO] [1754306518.484972435] [solver_node]: 标定数据收集进度: 193/500
[INFO] [1754306518.490574228] [solver_node]: 标定数据收集进度: 194/500
[INFO] [1754306518.500290330] [solver_node]: 标定数据收集进度: 195/500
[INFO] [1754306518.511068363] [solver_node]: 标定数据收集进度: 196/500
[INFO] [1754306518.522124006] [solver_node]: 标定数据收集进度: 197/500
[INFO] [1754306518.530528472] [solver_node]: 位置更新线程运行中...
[INFO] [1754306518.531079502] [solver_node]: 标定数据收集进度: 198/500
[INFO] [1754306518.540317793] [solver_node]: 标定数据收集进度: 199/500
[INFO] [1754306518.550608222] [solver_node]: 标定数据收集进度: 200/500
[INFO] [1754306518.563368798] [solver_node]: 位置更新线程运行中...
[INFO] [1754306518.563719436] [solver_node]: 标定数据收集进度: 201/500
[INFO] [1754306518.570263891] [solver_node]: 标定数据收集进度: 202/500
[INFO] [1754306518.587780466] [solver_node]: 位置更新线程运行中...
[INFO] [1754306518.587944281] [solver_node]: 标定数据收集进度: 203/500
[INFO] [1754306518.590252886] [solver_node]: 标定数据收集进度: 204/500
[INFO] [1754306518.600983396] [solver_node]: 标定数据收集进度: 205/500
[INFO] [1754306518.609292978] [solver_node]: 位置更新线程运行中...
[INFO] [1754306518.611296323] [solver_node]: 标定数据收集进度: 206/500
[INFO] [1754306518.621004520] [solver_node]: 标定数据收集进度: 207/500
[INFO] [1754306518.631598770] [solver_node]: 标定数据收集进度: 208/500
[INFO] [1754306518.636910567] [solver_node]: 位置更新线程运行中...
[INFO] [1754306518.640314736] [solver_node]: 标定数据收集进度: 209/500
[INFO] [1754306518.650449830] [solver_node]: 标定数据收集进度: 210/500
[INFO] [1754306518.661376381] [solver_node]: 标定数据收集进度: 211/500
[INFO] [1754306518.664125836] [solver_node]: 位置更新线程运行中...
[INFO] [1754306518.670500747] [solver_node]: 标定数据收集进度: 212/500
[INFO] [1754306518.683181289] [solver_node]: 标定数据收集进度: 213/500
[INFO] [1754306518.695676734] [solver_node]: 位置更新线程运行中...
[INFO] [1754306518.696968242] [solver_node]: 标定数据收集进度: 214/500
[INFO] [1754306518.704800845] [solver_node]: 标定数据收集进度: 215/500
[INFO] [1754306518.711019814] [solver_node]: 标定数据收集进度: 216/500
[INFO] [1754306518.718859745] [solver_node]: 位置更新线程运行中...
[INFO] [1754306518.721451177] [solver_node]: 标定数据收集进度: 217/500
[INFO] [1754306518.731050282] [solver_node]: 标定数据收集进度: 218/500
[INFO] [1754306518.741993634] [solver_node]: 位置更新线程运行中...
[INFO] [1754306518.742214795] [solver_node]: 标定数据收集进度: 219/500
[INFO] [1754306518.750455701] [solver_node]: 标定数据收集进度: 220/500
[INFO] [1754306518.760576396] [solver_node]: 标定数据收集进度: 221/500
[INFO] [1754306518.763371004] [solver_node]: 位置更新线程运行中...
[INFO] [1754306518.771452320] [solver_node]: 标定数据收集进度: 222/500
[INFO] [1754306518.781868419] [solver_node]: 标定数据收集进度: 223/500
[INFO] [1754306518.784862427] [solver_node]: 位置更新线程运行中...
[INFO] [1754306518.791088149] [solver_node]: 标定数据收集进度: 224/500
[INFO] [1754306518.800845533] [solver_node]: 标定数据收集进度: 225/500
[INFO] [1754306518.811532714] [solver_node]: 标定数据收集进度: 226/500
[INFO] [1754306518.822124595] [solver_node]: 标定数据收集进度: 227/500
[INFO] [1754306518.827492746] [solver_node]: 位置更新线程运行中...
[INFO] [1754306518.830574854] [solver_node]: 标定数据收集进度: 228/500
[INFO] [1754306518.840646522] [solver_node]: 标定数据收集进度: 229/500
[INFO] [1754306518.852366353] [solver_node]: 标定数据收集进度: 230/500
[INFO] [1754306518.858486983] [solver_node]: 位置更新线程运行中...
[INFO] [1754306518.864732097] [solver_node]: 标定数据收集进度: 231/500
[INFO] [1754306518.873985653] [solver_node]: 标定数据收集进度: 232/500
[INFO] [1754306518.881051281] [solver_node]: 标定数据收集进度: 233/500
[INFO] [1754306518.891508308] [solver_node]: 标定数据收集进度: 234/500
[INFO] [1754306518.900999185] [solver_node]: 位置更新线程运行中...
[INFO] [1754306518.901294813] [solver_node]: 标定数据收集进度: 235/500
[INFO] [1754306518.910781146] [solver_node]: 标定数据收集进度: 236/500
[INFO] [1754306518.924784300] [solver_node]: 标定数据收集进度: 237/500
[INFO] [1754306518.935416631] [solver_node]: 位置更新线程运行中...
[INFO] [1754306518.937186206] [solver_node]: 标定数据收集进度: 238/500
[INFO] [1754306518.940496931] [solver_node]: 标定数据收集进度: 239/500
[INFO] [1754306518.950561591] [solver_node]: 标定数据收集进度: 240/500
[INFO] [1754306518.961547888] [solver_node]: 标定数据收集进度: 241/500
[INFO] [1754306518.970480471] [solver_node]: 位置更新线程运行中...
[INFO] [1754306518.973144066] [solver_node]: 标定数据收集进度: 242/500
[INFO] [1754306518.980645391] [solver_node]: 标定数据收集进度: 243/500
[INFO] [1754306518.990530492] [solver_node]: 标定数据收集进度: 244/500
[INFO] [1754306519.001476755] [solver_node]: 标定数据收集进度: 245/500
[INFO] [1754306519.014679941] [solver_node]: 位置更新线程运行中...
[INFO] [1754306519.020645876] [solver_node]: 标定数据收集进度: 246/500
[INFO] [1754306519.023450565] [solver_node]: 标定数据收集进度: 247/500
[INFO] [1754306519.031111320] [solver_node]: 标定数据收集进度: 248/500
[INFO] [1754306519.043134042] [solver_node]: 位置更新线程运行中...
[INFO] [1754306519.043816245] [solver_node]: 标定数据收集进度: 249/500
[INFO] [1754306519.050926035] [solver_node]: 标定数据收集进度: 250/500
[INFO] [1754306519.062340380] [solver_node]: 标定数据收集进度: 251/500
[INFO] [1754306519.072987111] [solver_node]: 标定数据收集进度: 252/500
[INFO] [1754306519.090863060] [solver_node]: 位置更新线程运行中...
[INFO] [1754306519.092360880] [solver_node]: 标定数据收集进度: 253/500
[INFO] [1754306519.095280709] [solver_node]: 标定数据收集进度: 254/500
[INFO] [1754306519.102696815] [solver_node]: 标定数据收集进度: 255/500
[INFO] [1754306519.111030717] [solver_node]: 标定数据收集进度: 256/500
[INFO] [1754306519.114335457] [solver_node]: 位置更新线程运行中...
[INFO] [1754306519.120832550] [solver_node]: 标定数据收集进度: 257/500
[INFO] [1754306519.131714746] [solver_node]: 标定数据收集进度: 258/500
[INFO] [1754306519.140728548] [solver_node]: 位置更新线程运行中...
[INFO] [1754306519.141993494] [solver_node]: 标定数据收集进度: 259/500
[INFO] [1754306519.151780383] [solver_node]: 标定数据收集进度: 260/500
[INFO] [1754306519.160927790] [solver_node]: 标定数据收集进度: 261/500
[INFO] [1754306519.173831923] [solver_node]: 标定数据收集进度: 262/500
[INFO] [1754306519.183920936] [solver_node]: 位置更新线程运行中...
[INFO] [1754306519.184405147] [solver_node]: 标定数据收集进度: 263/500
[INFO] [1754306519.194638006] [solver_node]: 标定数据收集进度: 264/500
[INFO] [1754306519.202497937] [solver_node]: 标定数据收集进度: 265/500
[INFO] [1754306519.212788845] [solver_node]: 位置更新线程运行中...
[INFO] [1754306519.213282977] [solver_node]: 标定数据收集进度: 266/500
[INFO] [1754306519.222617016] [solver_node]: 标定数据收集进度: 267/500
[INFO] [1754306519.237695924] [solver_node]: 位置更新线程运行中...
[INFO] [1754306519.238231722] [solver_node]: 标定数据收集进度: 268/500
[INFO] [1754306519.240717165] [solver_node]: 标定数据收集进度: 269/500
[INFO] [1754306519.250782753] [solver_node]: 标定数据收集进度: 270/500
[INFO] [1754306519.259833484] [solver_node]: 位置更新线程运行中...
[INFO] [1754306519.262693759] [solver_node]: 标定数据收集进度: 271/500
[INFO] [1754306519.271051054] [solver_node]: 标定数据收集进度: 272/500
[INFO] [1754306519.280932922] [solver_node]: 位置更新线程运行中...
[INFO] [1754306519.281688088] [solver_node]: 标定数据收集进度: 273/500
[INFO] [1754306519.290588221] [solver_node]: 标定数据收集进度: 274/500
[INFO] [1754306519.300623120] [solver_node]: 标定数据收集进度: 275/500
[INFO] [1754306519.310354390] [solver_node]: 位置更新线程运行中...
[INFO] [1754306519.311294748] [solver_node]: 标定数据收集进度: 276/500
[INFO] [1754306519.320494957] [solver_node]: 标定数据收集进度: 277/500
[INFO] [1754306519.330238931] [solver_node]: 标定数据收集进度: 278/500
[INFO] [1754306519.338328216] [solver_node]: 位置更新线程运行中...
[INFO] [1754306519.341580250] [solver_node]: 标定数据收集进度: 279/500
[INFO] [1754306519.350349242] [solver_node]: 标定数据收集进度: 280/500
[INFO] [1754306519.362474656] [solver_node]: 标定数据收集进度: 281/500
[INFO] [1754306519.367896281] [solver_node]: 位置更新线程运行中...
[INFO] [1754306519.371910746] [solver_node]: 标定数据收集进度: 282/500
[INFO] [1754306519.384687387] [solver_node]: 标定数据收集进度: 283/500
[INFO] [1754306519.389001704] [solver_node]: 位置更新线程运行中...
[INFO] [1754306519.391268323] [solver_node]: 标定数据收集进度: 284/500
[INFO] [1754306519.400733790] [solver_node]: 标定数据收集进度: 285/500
[INFO] [1754306519.410428131] [solver_node]: 位置更新线程运行中...
[INFO] [1754306519.411950848] [solver_node]: 标定数据收集进度: 286/500
[INFO] [1754306519.420636060] [solver_node]: 标定数据收集进度: 287/500
[INFO] [1754306519.430561866] [solver_node]: 标定数据收集进度: 288/500
[INFO] [1754306519.441575492] [solver_node]: 位置更新线程运行中...
[INFO] [1754306519.441889297] [solver_node]: 标定数据收集进度: 289/500
[INFO] [1754306519.450660432] [solver_node]: 标定数据收集进度: 290/500
[INFO] [1754306519.460437880] [solver_node]: 标定数据收集进度: 291/500
[INFO] [1754306519.471906052] [solver_node]: 标定数据收集进度: 292/500
[INFO] [1754306519.480904301] [solver_node]: 位置更新线程运行中...
[INFO] [1754306519.481379712] [solver_node]: 标定数据收集进度: 293/500
[INFO] [1754306519.490722039] [solver_node]: 标定数据收集进度: 294/500
[INFO] [1754306519.500543393] [solver_node]: 标定数据收集进度: 295/500
[INFO] [1754306519.502823772] [solver_node]: 位置更新线程运行中...
[INFO] [1754306519.510740794] [solver_node]: 标定数据收集进度: 296/500
[INFO] [1754306519.520706185] [solver_node]: 标定数据收集进度: 297/500
[INFO] [1754306519.523835143] [solver_node]: 位置更新线程运行中...
[INFO] [1754306519.532022383] [solver_node]: 标定数据收集进度: 298/500
[INFO] [1754306519.540456545] [solver_node]: 标定数据收集进度: 299/500
[INFO] [1754306519.544804208] [solver_node]: 位置更新线程运行中...
[INFO] [1754306519.550930789] [solver_node]: 标定数据收集进度: 300/500
[INFO] [1754306519.562974984] [solver_node]: 标定数据收集进度: 301/500
[INFO] [1754306519.566064260] [solver_node]: 位置更新线程运行中...
[INFO] [1754306519.573615251] [solver_node]: 标定数据收集进度: 302/500
[INFO] [1754306519.580522280] [solver_node]: 标定数据收集进度: 303/500
[INFO] [1754306519.587119952] [solver_node]: 位置更新线程运行中...
[INFO] [1754306519.591158226] [solver_node]: 标定数据收集进度: 304/500
[INFO] [1754306519.600320642] [solver_node]: 标定数据收集进度: 305/500
[INFO] [1754306519.608389253] [solver_node]: 位置更新线程运行中...
[INFO] [1754306519.610451128] [solver_node]: 标定数据收集进度: 306/500
[INFO] [1754306519.620223744] [solver_node]: 标定数据收集进度: 307/500
[INFO] [1754306519.629573047] [solver_node]: 位置更新线程运行中...
[INFO] [1754306519.631717357] [solver_node]: 标定数据收集进度: 308/500
[INFO] [1754306519.640343335] [solver_node]: 标定数据收集进度: 309/500
[INFO] [1754306519.651122071] [solver_node]: 标定数据收集进度: 310/500
[INFO] [1754306519.653552184] [solver_node]: 位置更新线程运行中...
[INFO] [1754306519.661131848] [solver_node]: 标定数据收集进度: 311/500
[INFO] [1754306519.671117369] [solver_node]: 标定数据收集进度: 312/500
[INFO] [1754306519.675119193] [solver_node]: 位置更新线程运行中...
[INFO] [1754306519.682132339] [solver_node]: 标定数据收集进度: 313/500
[INFO] [1754306519.691446600] [solver_node]: 标定数据收集进度: 314/500
[INFO] [1754306519.696352109] [solver_node]: 位置更新线程运行中...
[INFO] [1754306519.701413592] [solver_node]: 标定数据收集进度: 315/500
[INFO] [1754306519.710457442] [solver_node]: 标定数据收集进度: 316/500
[INFO] [1754306519.717681988] [solver_node]: 位置更新线程运行中...
[INFO] [1754306519.720643259] [solver_node]: 标定数据收集进度: 317/500
[INFO] [1754306519.730363521] [solver_node]: 标定数据收集进度: 318/500
[INFO] [1754306519.739089823] [solver_node]: 位置更新线程运行中...
[INFO] [1754306519.741232212] [solver_node]: 标定数据收集进度: 319/500
[INFO] [1754306519.750483239] [solver_node]: 标定数据收集进度: 320/500
[INFO] [1754306519.760117578] [solver_node]: 位置更新线程运行中...
[INFO] [1754306519.762744883] [solver_node]: 标定数据收集进度: 321/500
[INFO] [1754306519.774928252] [solver_node]: 标定数据收集进度: 322/500
[INFO] [1754306519.780987407] [solver_node]: 位置更新线程运行中...
[INFO] [1754306519.782214624] [solver_node]: 标定数据收集进度: 323/500
[INFO] [1754306519.790890108] [solver_node]: 标定数据收集进度: 324/500
[INFO] [1754306519.800701221] [solver_node]: 标定数据收集进度: 325/500
[INFO] [1754306519.802566448] [solver_node]: 位置更新线程运行中...
[INFO] [1754306519.810571121] [solver_node]: 标定数据收集进度: 326/500
[INFO] [1754306519.820675526] [solver_node]: 标定数据收集进度: 327/500
[INFO] [1754306519.830471631] [solver_node]: 位置更新线程运行中...
[INFO] [1754306519.835786948] [solver_node]: 标定数据收集进度: 328/500
[INFO] [1754306519.841078136] [solver_node]: 标定数据收集进度: 329/500
[INFO] [1754306519.850503698] [solver_node]: 标定数据收集进度: 330/500
[INFO] [1754306519.862550421] [solver_node]: 标定数据收集进度: 331/500
[INFO] [1754306519.868131477] [solver_node]: 位置更新线程运行中...
[INFO] [1754306519.871325557] [solver_node]: 标定数据收集进度: 332/500
[INFO] [1754306519.880588905] [solver_node]: 标定数据收集进度: 333/500
[INFO] [1754306519.892003091] [solver_node]: 标定数据收集进度: 334/500
[INFO] [1754306519.899788139] [solver_node]: 位置更新线程运行中...
[INFO] [1754306519.903609092] [solver_node]: 标定数据收集进度: 335/500
[INFO] [1754306519.913779132] [solver_node]: 标定数据收集进度: 336/500
[INFO] [1754306519.921545491] [solver_node]: 标定数据收集进度: 337/500
[INFO] [1754306519.927674249] [solver_node]: 位置更新线程运行中...
[INFO] [1754306519.930622239] [solver_node]: 标定数据收集进度: 338/500
[INFO] [1754306519.940334757] [solver_node]: 标定数据收集进度: 339/500
[INFO] [1754306519.951728014] [solver_node]: 位置更新线程运行中...
[INFO] [1754306519.951957495] [solver_node]: 标定数据收集进度: 340/500
[INFO] [1754306519.960579953] [solver_node]: 标定数据收集进度: 341/500
[INFO] [1754306519.972062045] [solver_node]: 标定数据收集进度: 342/500
[INFO] [1754306519.984703448] [solver_node]: 位置更新线程运行中...
[INFO] [1754306519.989844902] [solver_node]: 标定数据收集进度: 343/500
[INFO] [1754306519.992150467] [solver_node]: 标定数据收集进度: 344/500
[INFO] [1754306520.000510578] [solver_node]: 标定数据收集进度: 345/500
[INFO] [1754306520.009576829] [solver_node]: 位置更新线程运行中...
[INFO] [1754306520.012991782] [solver_node]: 标定数据收集进度: 346/500
[INFO] [1754306520.020859713] [solver_node]: 标定数据收集进度: 347/500
[INFO] [1754306520.032485843] [solver_node]: 位置更新线程运行中...
[INFO] [1754306520.033646529] [solver_node]: 标定数据收集进度: 348/500
[INFO] [1754306520.040506708] [solver_node]: 标定数据收集进度: 349/500
[INFO] [1754306520.050421185] [solver_node]: 标定数据收集进度: 350/500
[INFO] [1754306520.061059723] [solver_node]: 位置更新线程运行中...
[INFO] [1754306520.062444675] [solver_node]: 标定数据收集进度: 351/500
[INFO] [1754306520.070729071] [solver_node]: 标定数据收集进度: 352/500
[INFO] [1754306520.081072845] [solver_node]: 标定数据收集进度: 353/500
[INFO] [1754306520.082929207] [solver_node]: 位置更新线程运行中...
[INFO] [1754306520.090553353] [solver_node]: 标定数据收集进度: 354/500
[INFO] [1754306520.100723456] [solver_node]: 标定数据收集进度: 355/500
[INFO] [1754306520.110227037] [solver_node]: 位置更新线程运行中...
[INFO] [1754306520.111821052] [solver_node]: 标定数据收集进度: 356/500
[INFO] [1754306520.120356498] [solver_node]: 标定数据收集进度: 357/500
[INFO] [1754306520.131450127] [solver_node]: 标定数据收集进度: 358/500
[INFO] [1754306520.137742123] [solver_node]: 位置更新线程运行中...
[INFO] [1754306520.140821638] [solver_node]: 标定数据收集进度: 359/500
[INFO] [1754306520.150548620] [solver_node]: 标定数据收集进度: 360/500
[INFO] [1754306520.162090074] [solver_node]: 位置更新线程运行中...
[INFO] [1754306520.162438440] [solver_node]: 标定数据收集进度: 361/500
[INFO] [1754306520.175413520] [solver_node]: 标定数据收集进度: 362/500
[INFO] [1754306520.183134821] [solver_node]: 位置更新线程运行中...
[INFO] [1754306520.186096539] [solver_node]: 标定数据收集进度: 363/500
[INFO] [1754306520.196890636] [solver_node]: 标定数据收集进度: 364/500
[INFO] [1754306520.200923405] [solver_node]: 标定数据收集进度: 365/500
[INFO] [1754306520.208242930] [solver_node]: 位置更新线程运行中...
[INFO] [1754306520.212355959] [solver_node]: 标定数据收集进度: 366/500
[INFO] [1754306520.220806858] [solver_node]: 标定数据收集进度: 367/500
[INFO] [1754306520.229985337] [solver_node]: 位置更新线程运行中...
[INFO] [1754306520.231948104] [solver_node]: 标定数据收集进度: 368/500
[INFO] [1754306520.240760489] [solver_node]: 标定数据收集进度: 369/500
[INFO] [1754306520.250839485] [solver_node]: 位置更新线程运行中...
[INFO] [1754306520.251375954] [solver_node]: 标定数据收集进度: 370/500
[INFO] [1754306520.268387516] [solver_node]: Odom TF更新线程已停止
[INFO] [1754306520.272019021] [solver_node]: 位置更新线程已停止
[INFO] [1754306520.296483201] [solver_node]: 求解线程已停止
[INFO] [1754306520.299790309] [solver_node]: 重定位线程已停止
[INFO] [1754306520.302278441] [solver_node]: SolverNode资源清理完成
