[INFO] [1753424624.603506243] [solver_node]: [Case1BatchSolver] Case1BatchSolver初始化完成: 场地尺寸: 9.998x8.0, 容差: 0.001
[INFO] [1753424624.605380050] [solver_node]: [Case3BatchSolver] Case3BatchSolver初始化完成: 场地尺寸: 9.998x8.0, 容差: 0.001
[INFO] [1753424624.607000059] [solver_node]: [PoseSolver] PoseSolver初始化完成: 场地(9.998x8.0), 4个激光
[INFO] [1753424624.861500096] [solver_node]: 数据详情:
- 第一个元素类型: <class 'float'>
- 整个数组类型: <class 'array.array'>
- 数组长度: 4
- 示例值: array('f', [0.0, 4.665999889373779, 1.8070000410079956, 5.369999885559082])
[INFO] [1753424624.863338510] [solver_node]: 调用求解器前，distances shape: (4,), values: [       nan 4.66599989 1.80700004 5.36999989]
[INFO] [1753424624.866610080] [solver_node]: 求解器返回结果: []
[INFO] [1753424624.918010126] [solver_node]: 数据详情:
- 第一个元素类型: <class 'float'>
- 整个数组类型: <class 'array.array'>
- 数组长度: 4
- 示例值: array('f', [0.0, 4.665999889373779, 1.8070000410079956, 5.369999885559082])
[INFO] [1753424624.919585333] [solver_node]: 调用求解器前，distances shape: (4,), values: [       nan 4.66599989 1.80700004 5.36999989]
[INFO] [1753424624.922572225] [solver_node]: 求解器返回结果: []
[INFO] [1753424625.018380364] [solver_node]: 数据详情:
- 第一个元素类型: <class 'float'>
- 整个数组类型: <class 'array.array'>
- 数组长度: 4
- 示例值: array('f', [0.0, 4.665999889373779, 1.8070000410079956, 5.369999885559082])
[INFO] [1753424625.020727591] [solver_node]: 调用求解器前，distances shape: (4,), values: [       nan 4.66599989 1.80700004 5.36999989]
[INFO] [1753424625.028155522] [solver_node]: 求解器返回结果: []
[INFO] [1753424625.118581925] [solver_node]: 数据详情:
- 第一个元素类型: <class 'float'>
- 整个数组类型: <class 'array.array'>
- 数组长度: 4
- 示例值: array('f', [0.0, 4.665999889373779, 1.8070000410079956, 5.369999885559082])
[INFO] [1753424625.120161165] [solver_node]: 调用求解器前，distances shape: (4,), values: [       nan 4.66599989 1.80700004 5.36999989]
[INFO] [1753424625.123088247] [solver_node]: 求解器返回结果: []
[INFO] [1753424625.217426525] [solver_node]: 数据详情:
- 第一个元素类型: <class 'float'>
- 整个数组类型: <class 'array.array'>
- 数组长度: 4
- 示例值: array('f', [0.0, 4.665999889373779, 1.8070000410079956, 5.369999885559082])
[INFO] [1753424625.218992356] [solver_node]: 调用求解器前，distances shape: (4,), values: [       nan 4.66599989 1.80700004 5.36999989]
[INFO] [1753424625.221902222] [solver_node]: 求解器返回结果: []
[INFO] [1753424625.318261863] [solver_node]: 数据详情:
- 第一个元素类型: <class 'float'>
- 整个数组类型: <class 'array.array'>
- 数组长度: 4
- 示例值: array('f', [0.0, 4.665999889373779, 1.8070000410079956, 5.369999885559082])
[INFO] [1753424625.319815822] [solver_node]: 调用求解器前，distances shape: (4,), values: [       nan 4.66599989 1.80700004 5.36999989]
[INFO] [1753424625.322751192] [solver_node]: 求解器返回结果: []
[INFO] [1753424625.417572010] [solver_node]: 数据详情:
- 第一个元素类型: <class 'float'>
- 整个数组类型: <class 'array.array'>
- 数组长度: 4
- 示例值: array('f', [0.0, 4.665999889373779, 1.8070000410079956, 5.369999885559082])
[INFO] [1753424625.419232084] [solver_node]: 调用求解器前，distances shape: (4,), values: [       nan 4.66599989 1.80700004 5.36999989]
[INFO] [1753424625.422454885] [solver_node]: 求解器返回结果: []
[INFO] [1753424625.518584984] [solver_node]: 数据详情:
- 第一个元素类型: <class 'float'>
- 整个数组类型: <class 'array.array'>
- 数组长度: 4
- 示例值: array('f', [0.0, 4.665999889373779, 1.8070000410079956, 5.369999885559082])
[INFO] [1753424625.520325188] [solver_node]: 调用求解器前，distances shape: (4,), values: [       nan 4.66599989 1.80700004 5.36999989]
[INFO] [1753424625.523165163] [solver_node]: 求解器返回结果: []
[INFO] [1753424625.617496913] [solver_node]: 数据详情:
- 第一个元素类型: <class 'float'>
- 整个数组类型: <class 'array.array'>
- 数组长度: 4
- 示例值: array('f', [0.0, 4.665999889373779, 1.8070000410079956, 5.369999885559082])
[INFO] [1753424625.619401185] [solver_node]: 调用求解器前，distances shape: (4,), values: [       nan 4.66599989 1.80700004 5.36999989]
[INFO] [1753424625.622207848] [solver_node]: 求解器返回结果: []
[INFO] [1753424625.718822439] [solver_node]: 数据详情:
- 第一个元素类型: <class 'float'>
- 整个数组类型: <class 'array.array'>
- 数组长度: 4
- 示例值: array('f', [0.0, 4.665999889373779, 1.8070000410079956, 5.369999885559082])
[INFO] [1753424625.720293292] [solver_node]: 调用求解器前，distances shape: (4,), values: [       nan 4.66599989 1.80700004 5.36999989]
[INFO] [1753424625.723179669] [solver_node]: 求解器返回结果: []
[INFO] [1753424625.817434521] [solver_node]: 数据详情:
- 第一个元素类型: <class 'float'>
- 整个数组类型: <class 'array.array'>
- 数组长度: 4
- 示例值: array('f', [0.0, 4.665999889373779, 1.8070000410079956, 5.369999885559082])
[INFO] [1753424625.819051234] [solver_node]: 调用求解器前，distances shape: (4,), values: [       nan 4.66599989 1.80700004 5.36999989]
[INFO] [1753424625.821859721] [solver_node]: 求解器返回结果: []
[INFO] [1753424625.919744584] [solver_node]: 数据详情:
- 第一个元素类型: <class 'float'>
- 整个数组类型: <class 'array.array'>
- 数组长度: 4
- 示例值: array('f', [0.0, 4.665999889373779, 1.8070000410079956, 5.369999885559082])
[INFO] [1753424625.921201869] [solver_node]: 调用求解器前，distances shape: (4,), values: [       nan 4.66599989 1.80700004 5.36999989]
[INFO] [1753424625.923900689] [solver_node]: 求解器返回结果: []
[INFO] [1753424626.017896046] [solver_node]: 数据详情:
- 第一个元素类型: <class 'float'>
- 整个数组类型: <class 'array.array'>
- 数组长度: 4
- 示例值: array('f', [0.0, 4.665999889373779, 1.8070000410079956, 5.369999885559082])
[INFO] [1753424626.020095750] [solver_node]: 调用求解器前，distances shape: (4,), values: [       nan 4.66599989 1.80700004 5.36999989]
[INFO] [1753424626.023940934] [solver_node]: 求解器返回结果: []
[INFO] [1753424626.117742495] [solver_node]: 数据详情:
- 第一个元素类型: <class 'float'>
- 整个数组类型: <class 'array.array'>
- 数组长度: 4
- 示例值: array('f', [0.0, 4.665999889373779, 1.8070000410079956, 5.369999885559082])
[INFO] [1753424626.120293727] [solver_node]: 调用求解器前，distances shape: (4,), values: [       nan 4.66599989 1.80700004 5.36999989]
[INFO] [1753424626.123412206] [solver_node]: 求解器返回结果: []
[INFO] [1753424626.217691763] [solver_node]: 数据详情:
- 第一个元素类型: <class 'float'>
- 整个数组类型: <class 'array.array'>
- 数组长度: 4
- 示例值: array('f', [0.0, 4.665999889373779, 1.8070000410079956, 5.369999885559082])
[INFO] [1753424626.219519745] [solver_node]: 调用求解器前，distances shape: (4,), values: [       nan 4.66599989 1.80700004 5.36999989]
[INFO] [1753424626.222293766] [solver_node]: 求解器返回结果: []
[INFO] [1753424626.318021840] [solver_node]: 数据详情:
- 第一个元素类型: <class 'float'>
- 整个数组类型: <class 'array.array'>
- 数组长度: 4
- 示例值: array('f', [0.0, 4.665999889373779, 1.8070000410079956, 5.369999885559082])
[INFO] [1753424626.320157509] [solver_node]: 调用求解器前，distances shape: (4,), values: [       nan 4.66599989 1.80700004 5.36999989]
[INFO] [1753424626.322904395] [solver_node]: 求解器返回结果: []
[INFO] [1753424626.417445622] [solver_node]: 数据详情:
- 第一个元素类型: <class 'float'>
- 整个数组类型: <class 'array.array'>
- 数组长度: 4
- 示例值: array('f', [0.0, 4.665999889373779, 1.8070000410079956, 5.369999885559082])
[INFO] [1753424626.418912027] [solver_node]: 调用求解器前，distances shape: (4,), values: [       nan 4.66599989 1.80700004 5.36999989]
[INFO] [1753424626.422162637] [solver_node]: 求解器返回结果: []
[INFO] [1753424626.519716132] [solver_node]: 数据详情:
- 第一个元素类型: <class 'float'>
- 整个数组类型: <class 'array.array'>
- 数组长度: 4
- 示例值: array('f', [0.0, 4.665999889373779, 1.8070000410079956, 5.369999885559082])
[INFO] [1753424626.522004925] [solver_node]: 调用求解器前，distances shape: (4,), values: [       nan 4.66599989 1.80700004 5.36999989]
[INFO] [1753424626.525026921] [solver_node]: 求解器返回结果: []
[INFO] [1753424626.617425343] [solver_node]: 数据详情:
- 第一个元素类型: <class 'float'>
- 整个数组类型: <class 'array.array'>
- 数组长度: 4
- 示例值: array('f', [0.0, 4.665999889373779, 1.8070000410079956, 5.369999885559082])
[INFO] [1753424626.619091881] [solver_node]: 调用求解器前，distances shape: (4,), values: [       nan 4.66599989 1.80700004 5.36999989]
[INFO] [1753424626.621962769] [solver_node]: 求解器返回结果: []
[INFO] [1753424626.717492309] [solver_node]: 数据详情:
- 第一个元素类型: <class 'float'>
- 整个数组类型: <class 'array.array'>
- 数组长度: 4
- 示例值: array('f', [0.0, 4.665999889373779, 1.8070000410079956, 5.369999885559082])
[INFO] [1753424626.719072445] [solver_node]: 调用求解器前，distances shape: (4,), values: [       nan 4.66599989 1.80700004 5.36999989]
[INFO] [1753424626.721950886] [solver_node]: 求解器返回结果: []
[INFO] [1753424626.819218070] [solver_node]: 数据详情:
- 第一个元素类型: <class 'float'>
- 整个数组类型: <class 'array.array'>
- 数组长度: 4
- 示例值: array('f', [0.0, 4.665999889373779, 1.8070000410079956, 5.369999885559082])
[INFO] [1753424626.821462190] [solver_node]: 调用求解器前，distances shape: (4,), values: [       nan 4.66599989 1.80700004 5.36999989]
[INFO] [1753424626.824777665] [solver_node]: 求解器返回结果: []
[INFO] [1753424626.917812327] [solver_node]: 数据详情:
- 第一个元素类型: <class 'float'>
- 整个数组类型: <class 'array.array'>
- 数组长度: 4
- 示例值: array('f', [0.0, 4.665999889373779, 1.8070000410079956, 5.369999885559082])
[INFO] [1753424626.919528306] [solver_node]: 调用求解器前，distances shape: (4,), values: [       nan 4.66599989 1.80700004 5.36999989]
[INFO] [1753424626.922476892] [solver_node]: 求解器返回结果: []
[INFO] [1753424627.018956088] [solver_node]: 数据详情:
- 第一个元素类型: <class 'float'>
- 整个数组类型: <class 'array.array'>
- 数组长度: 4
- 示例值: array('f', [0.0, 4.665999889373779, 1.8070000410079956, 5.369999885559082])
[INFO] [1753424627.020617442] [solver_node]: 调用求解器前，distances shape: (4,), values: [       nan 4.66599989 1.80700004 5.36999989]
[INFO] [1753424627.023685199] [solver_node]: 求解器返回结果: []
[INFO] [1753424627.117871474] [solver_node]: 数据详情:
- 第一个元素类型: <class 'float'>
- 整个数组类型: <class 'array.array'>
- 数组长度: 4
- 示例值: array('f', [0.0, 4.665999889373779, 1.8070000410079956, 5.369999885559082])
[INFO] [1753424627.120519029] [solver_node]: 调用求解器前，distances shape: (4,), values: [       nan 4.66599989 1.80700004 5.36999989]
[INFO] [1753424627.126178339] [solver_node]: 求解器返回结果: []
[INFO] [1753424627.218827903] [solver_node]: 数据详情:
- 第一个元素类型: <class 'float'>
- 整个数组类型: <class 'array.array'>
- 数组长度: 4
- 示例值: array('f', [0.0, 4.665999889373779, 1.8070000410079956, 5.369999885559082])
[INFO] [1753424627.220307012] [solver_node]: 调用求解器前，distances shape: (4,), values: [       nan 4.66599989 1.80700004 5.36999989]
[INFO] [1753424627.223344049] [solver_node]: 求解器返回结果: []
[INFO] [1753424627.318427722] [solver_node]: 数据详情:
- 第一个元素类型: <class 'float'>
- 整个数组类型: <class 'array.array'>
- 数组长度: 4
- 示例值: array('f', [0.0, 4.665999889373779, 1.8070000410079956, 5.369999885559082])
[INFO] [1753424627.320172886] [solver_node]: 调用求解器前，distances shape: (4,), values: [       nan 4.66599989 1.80700004 5.36999989]
[INFO] [1753424627.323812689] [solver_node]: 求解器返回结果: []
[INFO] [1753424627.419471257] [solver_node]: 数据详情:
- 第一个元素类型: <class 'float'>
- 整个数组类型: <class 'array.array'>
- 数组长度: 4
- 示例值: array('f', [0.0, 4.665999889373779, 1.8070000410079956, 5.369999885559082])
[INFO] [1753424627.420930717] [solver_node]: 调用求解器前，distances shape: (4,), values: [       nan 4.66599989 1.80700004 5.36999989]
[INFO] [1753424627.423692483] [solver_node]: 求解器返回结果: []
[INFO] [1753424627.517480795] [solver_node]: 数据详情:
- 第一个元素类型: <class 'float'>
- 整个数组类型: <class 'array.array'>
- 数组长度: 4
- 示例值: array('f', [0.0, 4.665999889373779, 1.8070000410079956, 5.369999885559082])
[INFO] [1753424627.519004354] [solver_node]: 调用求解器前，distances shape: (4,), values: [       nan 4.66599989 1.80700004 5.36999989]
[INFO] [1753424627.521924555] [solver_node]: 求解器返回结果: []
[INFO] [1753424627.619446594] [solver_node]: 数据详情:
- 第一个元素类型: <class 'float'>
- 整个数组类型: <class 'array.array'>
- 数组长度: 4
- 示例值: array('f', [0.0, 4.665999889373779, 1.8070000410079956, 5.369999885559082])
[INFO] [1753424627.620926663] [solver_node]: 调用求解器前，distances shape: (4,), values: [       nan 4.66599989 1.80700004 5.36999989]
[INFO] [1753424627.623707437] [solver_node]: 求解器返回结果: []
[INFO] [1753424627.717524102] [solver_node]: 数据详情:
- 第一个元素类型: <class 'float'>
- 整个数组类型: <class 'array.array'>
- 数组长度: 4
- 示例值: array('f', [0.0, 4.665999889373779, 1.8070000410079956, 5.369999885559082])
[INFO] [1753424627.719098414] [solver_node]: 调用求解器前，distances shape: (4,), values: [       nan 4.66599989 1.80700004 5.36999989]
[INFO] [1753424627.722326751] [solver_node]: 求解器返回结果: []
[INFO] [1753424627.818326991] [solver_node]: 数据详情:
- 第一个元素类型: <class 'float'>
- 整个数组类型: <class 'array.array'>
- 数组长度: 4
- 示例值: array('f', [0.0, 4.665999889373779, 1.8070000410079956, 5.369999885559082])
[INFO] [1753424627.819911927] [solver_node]: 调用求解器前，distances shape: (4,), values: [       nan 4.66599989 1.80700004 5.36999989]
[INFO] [1753424627.822739710] [solver_node]: 求解器返回结果: []
