[INFO] [1754313674.192300927] [solver_node]: [PerpendicularDistanceLocalizer] 激光配置 详细内容: 列表长度: 5
[INFO] [1754313674.195144797] [solver_node]: [PerpendicularDistanceLocalizer] 激光配置[0]: ((0.37685, 1.56608), 1.5708)
[INFO] [1754313674.197492943] [solver_node]: [PerpendicularDistanceLocalizer] 激光配置[1]: ((0.37685, -1.56608), -1.5708)
[INFO] [1754313674.200980987] [solver_node]: [PerpendicularDistanceLocalizer] 激光配置[2]: ((0.37645, 0.47385), 0.0)
[INFO] [1754313674.203561522] [solver_node]: [PerpendicularDistanceLocalizer] 激光配置[3]: ((0.37771, 2.42478), 3.14159)
[INFO] [1754313674.206130186] [solver_node]: [PerpendicularDistanceLocalizer] 激光配置[4]: ((0.37771, -2.42478), 3.14159)
[INFO] [1754313674.210245091] [solver_node]: [PerpendicularDistanceLocalizer] 前束索引: [2], 后束索引: [3, 4]
[INFO] [1754313674.212948381] [solver_node]: [PerpendicularDistanceLocalizer] 左束索引: [0], 右束索引: [1]
[INFO] [1754313674.215671992] [solver_node]: [PerpendicularDistanceLocalizer] h_values: [0.37684581 0.37684581 0.33497201 0.28475693 0.28475693]
[INFO] [1754313674.219047937] [solver_node]: [PerpendicularDistanceLocalizer] 垂直距离定位器已初始化，需要调用calibrate()方法进行标定
[INFO] [1754313674.286345070] [solver_node]: 发布重定位TF: x=0.000, y=0.000
[INFO] [1754313674.289012104] [solver_node]: SolverNode启动，进入初始化阶段...
[INFO] [1754313674.396954275] [solver_node]: 标定数据收集进度: 1/100
[INFO] [1754313674.448386426] [solver_node]: 标定数据收集进度: 2/100
[INFO] [1754313674.497373692] [solver_node]: 标定数据收集进度: 3/100
[INFO] [1754313675.009827223] [solver_node]: 标定数据收集进度: 4/100
[INFO] [1754313675.352540736] [solver_node]: 标定数据收集进度: 5/100
[INFO] [1754313675.353567830] [solver_node]: 发布重定位TF: x=0.000, y=0.000
[INFO] [1754313675.362790653] [solver_node]: 标定数据收集进度: 6/100
[INFO] [1754313675.393562006] [solver_node]: 标定数据收集进度: 7/100
[INFO] [1754313675.405094031] [solver_node]: 标定数据收集进度: 8/100
[INFO] [1754313675.407437250] [solver_node]: 标定数据收集进度: 9/100
[INFO] [1754313675.409631025] [solver_node]: 标定数据收集进度: 10/100
[INFO] [1754313675.459588712] [solver_node]: 标定数据收集进度: 11/100
[INFO] [1754313675.501121161] [solver_node]: 标定数据收集进度: 12/100
[INFO] [1754313675.547461394] [solver_node]: 标定数据收集进度: 13/100
[INFO] [1754313675.613134428] [solver_node]: 标定数据收集进度: 14/100
[INFO] [1754313675.646732785] [solver_node]: 标定数据收集进度: 15/100
[INFO] [1754313675.696843276] [solver_node]: 标定数据收集进度: 16/100
[INFO] [1754313675.748678923] [solver_node]: 标定数据收集进度: 17/100
[INFO] [1754313675.801375869] [solver_node]: 标定数据收集进度: 18/100
[INFO] [1754313675.864261291] [solver_node]: 标定数据收集进度: 19/100
[INFO] [1754313675.901265386] [solver_node]: 标定数据收集进度: 20/100
[INFO] [1754313675.946884484] [solver_node]: 标定数据收集进度: 21/100
[INFO] [1754313675.996709144] [solver_node]: 标定数据收集进度: 22/100
[INFO] [1754313676.054497560] [solver_node]: 标定数据收集进度: 23/100
[INFO] [1754313676.105551750] [solver_node]: 标定数据收集进度: 24/100
[INFO] [1754313676.149882916] [solver_node]: 标定数据收集进度: 25/100
[INFO] [1754313676.197670860] [solver_node]: 标定数据收集进度: 26/100
[INFO] [1754313676.249544876] [solver_node]: 标定数据收集进度: 27/100
[INFO] [1754313676.297418838] [solver_node]: 标定数据收集进度: 28/100
[INFO] [1754313676.351011067] [solver_node]: 标定数据收集进度: 29/100
[INFO] [1754313676.356687478] [solver_node]: 发布重定位TF: x=0.000, y=0.000
[INFO] [1754313676.403567434] [solver_node]: 标定数据收集进度: 30/100
[INFO] [1754313676.450157464] [solver_node]: 标定数据收集进度: 31/100
[INFO] [1754313676.503519801] [solver_node]: 标定数据收集进度: 32/100
[INFO] [1754313676.553426383] [solver_node]: 标定数据收集进度: 33/100
[INFO] [1754313676.598984390] [solver_node]: 标定数据收集进度: 34/100
[INFO] [1754313676.652086625] [solver_node]: 标定数据收集进度: 35/100
[INFO] [1754313676.697076973] [solver_node]: 标定数据收集进度: 36/100
[INFO] [1754313676.761031538] [solver_node]: 标定数据收集进度: 37/100
[INFO] [1754313676.803709580] [solver_node]: 标定数据收集进度: 38/100
[INFO] [1754313676.853188152] [solver_node]: 标定数据收集进度: 39/100
[INFO] [1754313676.905487266] [solver_node]: 标定数据收集进度: 40/100
[INFO] [1754313676.948498595] [solver_node]: 标定数据收集进度: 41/100
[INFO] [1754313677.010342202] [solver_node]: 标定数据收集进度: 42/100
[INFO] [1754313677.047458876] [solver_node]: 标定数据收集进度: 43/100
[INFO] [1754313677.101437769] [solver_node]: 标定数据收集进度: 44/100
[INFO] [1754313677.147007394] [solver_node]: 标定数据收集进度: 45/100
[INFO] [1754313677.214568437] [solver_node]: 标定数据收集进度: 46/100
[INFO] [1754313677.256406940] [solver_node]: 标定数据收集进度: 47/100
[INFO] [1754313677.297599734] [solver_node]: 标定数据收集进度: 48/100
[INFO] [1754313677.357171516] [solver_node]: 标定数据收集进度: 49/100
[INFO] [1754313677.366084061] [solver_node]: 发布重定位TF: x=0.000, y=0.000
[INFO] [1754313677.409743116] [solver_node]: 标定数据收集进度: 50/100
[INFO] [1754313677.452206849] [solver_node]: 标定数据收集进度: 51/100
[INFO] [1754313677.514100729] [solver_node]: 标定数据收集进度: 52/100
[INFO] [1754313677.561805568] [solver_node]: 标定数据收集进度: 53/100
[INFO] [1754313677.597686247] [solver_node]: 标定数据收集进度: 54/100
[INFO] [1754313677.656062035] [solver_node]: 标定数据收集进度: 55/100
[INFO] [1754313677.699814468] [solver_node]: 标定数据收集进度: 56/100
[INFO] [1754313677.748517440] [solver_node]: 标定数据收集进度: 57/100
[INFO] [1754313677.798876287] [solver_node]: 标定数据收集进度: 58/100
[INFO] [1754313677.850745600] [solver_node]: 标定数据收集进度: 59/100
[INFO] [1754313677.896438586] [solver_node]: 标定数据收集进度: 60/100
[INFO] [1754313677.950074241] [solver_node]: 标定数据收集进度: 61/100
[INFO] [1754313677.997074424] [solver_node]: 标定数据收集进度: 62/100
[INFO] [1754313678.049501796] [solver_node]: 标定数据收集进度: 63/100
[INFO] [1754313678.100417648] [solver_node]: 标定数据收集进度: 64/100
[INFO] [1754313678.153203940] [solver_node]: 标定数据收集进度: 65/100
[INFO] [1754313678.197506496] [solver_node]: 标定数据收集进度: 66/100
[INFO] [1754313678.246409408] [solver_node]: 标定数据收集进度: 67/100
[INFO] [1754313678.303975260] [solver_node]: 标定数据收集进度: 68/100
[INFO] [1754313678.352028265] [solver_node]: 标定数据收集进度: 69/100
[INFO] [1754313678.367763133] [solver_node]: 发布重定位TF: x=0.000, y=0.000
[INFO] [1754313678.401533334] [solver_node]: 标定数据收集进度: 70/100
[INFO] [1754313678.449760520] [solver_node]: 标定数据收集进度: 71/100
[INFO] [1754313678.503587378] [solver_node]: 标定数据收集进度: 72/100
[INFO] [1754313678.555409778] [solver_node]: 标定数据收集进度: 73/100
[INFO] [1754313678.609764295] [solver_node]: 标定数据收集进度: 74/100
[INFO] [1754313678.656504313] [solver_node]: 标定数据收集进度: 75/100
[INFO] [1754313678.698365089] [solver_node]: 标定数据收集进度: 76/100
[INFO] [1754313678.749523730] [solver_node]: 标定数据收集进度: 77/100
[INFO] [1754313678.799093280] [solver_node]: 标定数据收集进度: 78/100
[INFO] [1754313678.848425002] [solver_node]: 标定数据收集进度: 79/100
[INFO] [1754313678.898406337] [solver_node]: 标定数据收集进度: 80/100
[INFO] [1754313678.957026419] [solver_node]: 标定数据收集进度: 81/100
[INFO] [1754313679.001834299] [solver_node]: 标定数据收集进度: 82/100
[INFO] [1754313679.094976470] [solver_node]: 标定数据收集进度: 83/100
[INFO] [1754313679.100888726] [solver_node]: 标定数据收集进度: 84/100
[INFO] [1754313679.159534696] [solver_node]: 标定数据收集进度: 85/100
[INFO] [1754313679.198980668] [solver_node]: 标定数据收集进度: 86/100
[INFO] [1754313679.251564044] [solver_node]: 标定数据收集进度: 87/100
[INFO] [1754313679.321194476] [solver_node]: 标定数据收集进度: 88/100
[INFO] [1754313679.354877347] [solver_node]: 标定数据收集进度: 89/100
[INFO] [1754313679.375173241] [solver_node]: 发布重定位TF: x=0.000, y=0.000
[INFO] [1754313679.410441811] [solver_node]: 标定数据收集进度: 90/100
[INFO] [1754313679.458450752] [solver_node]: 标定数据收集进度: 91/100
[INFO] [1754313679.518696341] [solver_node]: 标定数据收集进度: 92/100
[INFO] [1754313679.558422191] [solver_node]: 标定数据收集进度: 93/100
[INFO] [1754313679.596559782] [solver_node]: 标定数据收集进度: 94/100
[INFO] [1754313679.668013581] [solver_node]: 标定数据收集进度: 95/100
[INFO] [1754313679.699559159] [solver_node]: 标定数据收集进度: 96/100
[INFO] [1754313679.748621210] [solver_node]: 标定数据收集进度: 97/100
[INFO] [1754313679.800755904] [solver_node]: 标定数据收集进度: 98/100
[INFO] [1754313679.855773156] [solver_node]: 标定数据收集进度: 99/100
[INFO] [1754313679.912306313] [solver_node]: 标定数据收集进度: 100/100
[INFO] [1754313679.915362059] [solver_node]: 标定数据收集完成，开始标定...
[INFO] [1754313679.922948719] [solver_node]: 开始标定，收集到的数据shape: (100, 5)
[INFO] [1754313679.928524359] [solver_node]: [PerpendicularDistanceLocalizer] 开始标定，扫描数据shape: (100, 5)
[INFO] [1754313679.934661356] [solver_node]: [PerpendicularDistanceLocalizer] 平均测距值 详细内容: 形状: (5,), 类型: float64
[INFO] [1754313679.938413437] [solver_node]: [PerpendicularDistanceLocalizer] 平均测距值[0]: 0.4429999887943268
[INFO] [1754313679.941828551] [solver_node]: [PerpendicularDistanceLocalizer] 平均测距值[1]: 4.653070123419166
[INFO] [1754313679.945845726] [solver_node]: [PerpendicularDistanceLocalizer] 平均测距值[2]: 7.337750010490417
[INFO] [1754313679.952598351] [solver_node]: [PerpendicularDistanceLocalizer] 平均测距值[3]: 0.6067699843645096
[INFO] [1754313679.956841899] [solver_node]: [PerpendicularDistanceLocalizer] 平均测距值[4]: 0.8797299802303314
[INFO] [1754313679.960938051] [solver_node]: [PerpendicularDistanceLocalizer] h_values 详细内容: 形状: (5,), 类型: float64
[INFO] [1754313679.963608989] [solver_node]: [PerpendicularDistanceLocalizer] h_values[0]: 0.37684580873135426
[INFO] [1754313679.967398511] [solver_node]: [PerpendicularDistanceLocalizer] h_values[1]: 0.37684580873135426
[INFO] [1754313679.972315225] [solver_node]: [PerpendicularDistanceLocalizer] h_values[2]: 0.33497201345916283
[INFO] [1754313679.976410322] [solver_node]: [PerpendicularDistanceLocalizer] h_values[3]: 0.2847569265233284
[INFO] [1754313679.980589356] [solver_node]: [PerpendicularDistanceLocalizer] h_values[4]: 0.2847569265233284
[INFO] [1754313679.984902633] [solver_node]: [PerpendicularDistanceLocalizer] 标定完成: m=8.701, n=5.850
[INFO] [1754313679.993526147] [solver_node]: [PerpendicularDistanceLocalizer] 前后左右平均距离: 前=7.673, 后=1.028, 左=0.820, 右=5.030
[INFO] [1754313679.996172156] [solver_node]: [PerpendicularDistanceLocalizer] 计算的初始位姿: x=1.028, y=5.030, phi=1.571
[INFO] [1754313680.002191998] [solver_node]: 标定完成: m=9.960, n=7.970
[INFO] [1754313680.006678239] [solver_node]: 标定得到的初始位姿: x=1.028, y=5.030, phi=1.571
[INFO] [1754313680.012373658] [solver_node]: LIO位置: x=1.552, y=-0.085
[INFO] [1754313680.019287984] [solver_node]: Started偏移: x=-0.524, y=5.115
[INFO] [1754313680.028459830] [solver_node]: 初始化阶段完成，进入运行阶段
[INFO] [1754313680.429147203] [solver_node]: 发布重定位TF: x=0.000, y=0.000
[INFO] [1754313681.434020424] [solver_node]: 发布重定位TF: x=0.000, y=0.000
[INFO] [1754313682.437694643] [solver_node]: 发布重定位TF: x=0.000, y=0.000
[INFO] [1754313683.441684646] [solver_node]: 发布重定位TF: x=0.000, y=0.000
[INFO] [1754313684.421946839] [solver_node]: 发布重定位TF: x=0.000, y=0.000
[INFO] [1754313685.439145350] [solver_node]: 发布重定位TF: x=0.000, y=0.000
[INFO] [1754313686.457117734] [solver_node]: 发布重定位TF: x=0.000, y=0.000
[INFO] [1754313687.470506851] [solver_node]: 发布重定位TF: x=0.000, y=0.000
[INFO] [1754313688.467354587] [solver_node]: 发布重定位TF: x=0.000, y=0.000
[INFO] [1754313689.474940763] [solver_node]: 发布重定位TF: x=0.000, y=0.000
[INFO] [1754313690.492839801] [solver_node]: 发布重定位TF: x=0.000, y=0.000
[INFO] [1754313691.497934083] [solver_node]: 发布重定位TF: x=0.000, y=0.000
[INFO] [1754313692.511317375] [solver_node]: 发布重定位TF: x=0.000, y=0.000
[INFO] [1754313693.524990050] [solver_node]: 发布重定位TF: x=0.000, y=0.000
[INFO] [1754313694.537971446] [solver_node]: 发布重定位TF: x=0.000, y=0.000
[INFO] [1754313695.557744221] [solver_node]: 发布重定位TF: x=0.000, y=0.000
[INFO] [1754313696.568966027] [solver_node]: 发布重定位TF: x=0.000, y=0.000
[INFO] [1754313697.614940391] [solver_node]: 发布重定位TF: x=0.000, y=0.000
[INFO] [1754313698.613797418] [solver_node]: 发布重定位TF: x=0.000, y=0.000
[INFO] [1754313699.613332795] [solver_node]: 发布重定位TF: x=0.000, y=0.000
[INFO] [1754313700.626664855] [solver_node]: 发布重定位TF: x=0.000, y=0.000
[INFO] [1754313701.627864332] [solver_node]: 发布重定位TF: x=0.000, y=0.000
[INFO] [1754313702.636572195] [solver_node]: 发布重定位TF: x=0.000, y=0.000
[INFO] [1754313703.637666518] [solver_node]: 发布重定位TF: x=0.000, y=0.000
[INFO] [1754313704.649861337] [solver_node]: 发布重定位TF: x=0.000, y=0.000
[INFO] [1754313705.662303777] [solver_node]: 发布重定位TF: x=0.000, y=0.000
[INFO] [1754313706.669253682] [solver_node]: 发布重定位TF: x=0.000, y=0.000
[INFO] [1754313707.690345269] [solver_node]: 发布重定位TF: x=0.000, y=0.000
[INFO] [1754313708.688672428] [solver_node]: 发布重定位TF: x=0.000, y=0.000
[INFO] [1754313709.713581025] [solver_node]: 发布重定位TF: x=0.000, y=0.000
[INFO] [1754313710.716179605] [solver_node]: 发布重定位TF: x=0.000, y=0.000
[INFO] [1754313711.729824214] [solver_node]: 发布重定位TF: x=0.000, y=0.000
[INFO] [1754313712.735666576] [solver_node]: 发布重定位TF: x=0.000, y=0.000
[INFO] [1754313713.756514125] [solver_node]: 发布重定位TF: x=0.000, y=0.000
[INFO] [1754313714.760787204] [solver_node]: 发布重定位TF: x=0.000, y=0.000
[INFO] [1754313715.761773653] [solver_node]: 发布重定位TF: x=0.000, y=0.000
[INFO] [1754313716.769651194] [solver_node]: 发布重定位TF: x=0.000, y=0.000
[INFO] [1754313717.787144206] [solver_node]: 发布重定位TF: x=0.000, y=0.000
[INFO] [1754313718.777085840] [solver_node]: 发布重定位TF: x=0.000, y=0.000
[INFO] [1754313719.790860628] [solver_node]: 发布重定位TF: x=0.000, y=0.000
[INFO] [1754313720.800553185] [solver_node]: 发布重定位TF: x=0.000, y=0.000
[INFO] [1754313721.807995228] [solver_node]: 发布重定位TF: x=0.000, y=0.000
[INFO] [1754313721.968970032] [solver_node]: 求解线程已停止
[INFO] [1754313721.974779918] [solver_node]: TF发布线程已停止
[INFO] [1754313722.017629643] [solver_node]: 位置更新线程已停止
[INFO] [1754313722.043435032] [solver_node]: 重定位计算线程已停止
[INFO] [1754313722.044999418] [solver_node]: SolverNode资源清理完成
