[INFO] [1753424125.744972676] [solver_node]: [Case1BatchSolver] Case1BatchSolver初始化完成: 场地尺寸: 9.998x8.0, 容差: 0.001
[INFO] [1753424125.747341214] [solver_node]: [Case3BatchSolver] Case3BatchSolver初始化完成: 场地尺寸: 9.998x8.0, 容差: 0.001
[INFO] [1753424125.750565037] [solver_node]: [PoseSolver] PoseSolver初始化完成: 场地(9.998x8.0), 4个激光
[INFO] [1753424125.930922156] [solver_node]: 数据详情:
- 第一个元素类型: <class 'float'>
- 整个数组类型: <class 'array.array'>
- 数组长度: 4
- 示例值: array('f', [0.0, 4.665999889373779, 3.7869999408721924, 5.369999885559082])
[INFO] [1753424125.932690615] [solver_node]: 调用求解器前，distances shape: (4,), values: [       nan 4.66599989 3.78699994 5.36999989]
[INFO] [1753424125.937027681] [solver_node]: [PoseSolver] 第0个组合有4个有效解
[INFO] [1753424125.937875062] [solver_node]: [PoseSolver] 处理完第0个组合后的筛选结果:
[INFO] [1753424125.938920495] [solver_node]: [PoseSolver] 排序后的最终筛选结果:
[INFO] [1753424125.939637185] [solver_node]: [PoseSolver] 找到4个完美相容解 (相容数=N)
[INFO] [1753424125.940362067] [solver_node]: 求解器返回结果: [((4.226770858078017, 4.2287708580780174), (3.373876759570993, 3.3758767595709926), -0.9972858023302216), ((4.003892498399789, 4.005892498399789), (3.370604671000826, 3.372604671000826), -2.224233295800749), ((5.769229141921982, 5.7712291419219826), (4.624123240429007, 4.626123240429008), 2.1443068512595715), ((5.99210750160021, 5.994107501600211), (4.627395328999174, 4.629395328999174), 0.9173593577890439)]
[INFO] [1753424125.993052701] [solver_node]: 数据详情:
- 第一个元素类型: <class 'float'>
- 整个数组类型: <class 'array.array'>
- 数组长度: 4
- 示例值: array('f', [0.0, 4.665999889373779, 3.7869999408721924, 5.369999885559082])
[INFO] [1753424125.999510491] [solver_node]: 调用求解器前，distances shape: (4,), values: [       nan 4.66599989 3.78699994 5.36999989]
[INFO] [1753424126.007992330] [solver_node]: [PoseSolver] 第0个组合有4个有效解
[INFO] [1753424126.008887232] [solver_node]: [PoseSolver] 处理完第0个组合后的筛选结果:
[INFO] [1753424126.009619506] [solver_node]: [PoseSolver] 排序后的最终筛选结果:
[INFO] [1753424126.010334628] [solver_node]: [PoseSolver] 找到4个完美相容解 (相容数=N)
[INFO] [1753424126.011104406] [solver_node]: 求解器返回结果: [((4.226770858078017, 4.2287708580780174), (3.373876759570993, 3.3758767595709926), -0.9972858023302216), ((4.003892498399789, 4.005892498399789), (3.370604671000826, 3.372604671000826), -2.224233295800749), ((5.769229141921982, 5.7712291419219826), (4.624123240429007, 4.626123240429008), 2.1443068512595715), ((5.99210750160021, 5.994107501600211), (4.627395328999174, 4.629395328999174), 0.9173593577890439)]
[INFO] [1753424126.088870182] [solver_node]: 数据详情:
- 第一个元素类型: <class 'float'>
- 整个数组类型: <class 'array.array'>
- 数组长度: 4
- 示例值: array('f', [0.0, 4.665999889373779, 3.7869999408721924, 5.369999885559082])
[INFO] [1753424126.090417932] [solver_node]: 调用求解器前，distances shape: (4,), values: [       nan 4.66599989 3.78699994 5.36999989]
[INFO] [1753424126.094376749] [solver_node]: [PoseSolver] 第0个组合有4个有效解
[INFO] [1753424126.096431871] [solver_node]: [PoseSolver] 处理完第0个组合后的筛选结果:
[INFO] [1753424126.097164561] [solver_node]: [PoseSolver] 排序后的最终筛选结果:
[INFO] [1753424126.097876419] [solver_node]: [PoseSolver] 找到4个完美相容解 (相容数=N)
[INFO] [1753424126.098603445] [solver_node]: 求解器返回结果: [((4.226770858078017, 4.2287708580780174), (3.373876759570993, 3.3758767595709926), -0.9972858023302216), ((4.003892498399789, 4.005892498399789), (3.370604671000826, 3.372604671000826), -2.224233295800749), ((5.769229141921982, 5.7712291419219826), (4.624123240429007, 4.626123240429008), 2.1443068512595715), ((5.99210750160021, 5.994107501600211), (4.627395328999174, 4.629395328999174), 0.9173593577890439)]
[INFO] [1753424126.188155973] [solver_node]: 数据详情:
- 第一个元素类型: <class 'float'>
- 整个数组类型: <class 'array.array'>
- 数组长度: 4
- 示例值: array('f', [0.0, 4.665999889373779, 3.7869999408721924, 5.369999885559082])
[INFO] [1753424126.190108789] [solver_node]: 调用求解器前，distances shape: (4,), values: [       nan 4.66599989 3.78699994 5.36999989]
[INFO] [1753424126.193955475] [solver_node]: [PoseSolver] 第0个组合有4个有效解
[INFO] [1753424126.195985989] [solver_node]: [PoseSolver] 处理完第0个组合后的筛选结果:
[INFO] [1753424126.196903419] [solver_node]: [PoseSolver] 排序后的最终筛选结果:
[INFO] [1753424126.197699855] [solver_node]: [PoseSolver] 找到4个完美相容解 (相容数=N)
[INFO] [1753424126.198475970] [solver_node]: 求解器返回结果: [((4.226770858078017, 4.2287708580780174), (3.373876759570993, 3.3758767595709926), -0.9972858023302216), ((4.003892498399789, 4.005892498399789), (3.370604671000826, 3.372604671000826), -2.224233295800749), ((5.769229141921982, 5.7712291419219826), (4.624123240429007, 4.626123240429008), 2.1443068512595715), ((5.99210750160021, 5.994107501600211), (4.627395328999174, 4.629395328999174), 0.9173593577890439)]
[INFO] [1753424126.287863726] [solver_node]: 数据详情:
- 第一个元素类型: <class 'float'>
- 整个数组类型: <class 'array.array'>
- 数组长度: 4
- 示例值: array('f', [0.0, 4.665999889373779, 3.7869999408721924, 5.369999885559082])
[INFO] [1753424126.289390387] [solver_node]: 调用求解器前，distances shape: (4,), values: [       nan 4.66599989 3.78699994 5.36999989]
[INFO] [1753424126.292961963] [solver_node]: [PoseSolver] 第0个组合有4个有效解
[INFO] [1753424126.293865313] [solver_node]: [PoseSolver] 处理完第0个组合后的筛选结果:
[INFO] [1753424126.294597331] [solver_node]: [PoseSolver] 排序后的最终筛选结果:
[INFO] [1753424126.295366982] [solver_node]: [PoseSolver] 找到4个完美相容解 (相容数=N)
[INFO] [1753424126.296098775] [solver_node]: 求解器返回结果: [((4.226770858078017, 4.2287708580780174), (3.373876759570993, 3.3758767595709926), -0.9972858023302216), ((4.003892498399789, 4.005892498399789), (3.370604671000826, 3.372604671000826), -2.224233295800749), ((5.769229141921982, 5.7712291419219826), (4.624123240429007, 4.626123240429008), 2.1443068512595715), ((5.99210750160021, 5.994107501600211), (4.627395328999174, 4.629395328999174), 0.9173593577890439)]
[INFO] [1753424126.388128613] [solver_node]: 数据详情:
- 第一个元素类型: <class 'float'>
- 整个数组类型: <class 'array.array'>
- 数组长度: 4
- 示例值: array('f', [0.0, 4.665999889373779, 3.7869999408721924, 5.369999885559082])
[INFO] [1753424126.389918128] [solver_node]: 调用求解器前，distances shape: (4,), values: [       nan 4.66599989 3.78699994 5.36999989]
[INFO] [1753424126.395090479] [solver_node]: [PoseSolver] 第0个组合有4个有效解
[INFO] [1753424126.396354766] [solver_node]: [PoseSolver] 处理完第0个组合后的筛选结果:
[INFO] [1753424126.397162786] [solver_node]: [PoseSolver] 排序后的最终筛选结果:
[INFO] [1753424126.397909908] [solver_node]: [PoseSolver] 找到4个完美相容解 (相容数=N)
[INFO] [1753424126.398653862] [solver_node]: 求解器返回结果: [((4.226770858078017, 4.2287708580780174), (3.373876759570993, 3.3758767595709926), -0.9972858023302216), ((4.003892498399789, 4.005892498399789), (3.370604671000826, 3.372604671000826), -2.224233295800749), ((5.769229141921982, 5.7712291419219826), (4.624123240429007, 4.626123240429008), 2.1443068512595715), ((5.99210750160021, 5.994107501600211), (4.627395328999174, 4.629395328999174), 0.9173593577890439)]
[INFO] [1753424126.488458205] [solver_node]: 数据详情:
- 第一个元素类型: <class 'float'>
- 整个数组类型: <class 'array.array'>
- 数组长度: 4
- 示例值: array('f', [0.0, 4.665999889373779, 3.7869999408721924, 5.369999885559082])
[INFO] [1753424126.490110981] [solver_node]: 调用求解器前，distances shape: (4,), values: [       nan 4.66599989 3.78699994 5.36999989]
[INFO] [1753424126.493964996] [solver_node]: [PoseSolver] 第0个组合有4个有效解
[INFO] [1753424126.494838457] [solver_node]: [PoseSolver] 处理完第0个组合后的筛选结果:
[INFO] [1753424126.495544586] [solver_node]: [PoseSolver] 排序后的最终筛选结果:
[INFO] [1753424126.496237627] [solver_node]: [PoseSolver] 找到4个完美相容解 (相容数=N)
[INFO] [1753424126.496954573] [solver_node]: 求解器返回结果: [((4.226770858078017, 4.2287708580780174), (3.373876759570993, 3.3758767595709926), -0.9972858023302216), ((4.003892498399789, 4.005892498399789), (3.370604671000826, 3.372604671000826), -2.224233295800749), ((5.769229141921982, 5.7712291419219826), (4.624123240429007, 4.626123240429008), 2.1443068512595715), ((5.99210750160021, 5.994107501600211), (4.627395328999174, 4.629395328999174), 0.9173593577890439)]
[INFO] [1753424126.587772092] [solver_node]: 数据详情:
- 第一个元素类型: <class 'float'>
- 整个数组类型: <class 'array.array'>
- 数组长度: 4
- 示例值: array('f', [0.0, 4.665999889373779, 3.7869999408721924, 5.369999885559082])
[INFO] [1753424126.589203839] [solver_node]: 调用求解器前，distances shape: (4,), values: [       nan 4.66599989 3.78699994 5.36999989]
[INFO] [1753424126.592503504] [solver_node]: [PoseSolver] 第0个组合有4个有效解
[INFO] [1753424126.593319332] [solver_node]: [PoseSolver] 处理完第0个组合后的筛选结果:
[INFO] [1753424126.594019957] [solver_node]: [PoseSolver] 排序后的最终筛选结果:
[INFO] [1753424126.594740135] [solver_node]: [PoseSolver] 找到4个完美相容解 (相容数=N)
[INFO] [1753424126.595477145] [solver_node]: 求解器返回结果: [((4.226770858078017, 4.2287708580780174), (3.373876759570993, 3.3758767595709926), -0.9972858023302216), ((4.003892498399789, 4.005892498399789), (3.370604671000826, 3.372604671000826), -2.224233295800749), ((5.769229141921982, 5.7712291419219826), (4.624123240429007, 4.626123240429008), 2.1443068512595715), ((5.99210750160021, 5.994107501600211), (4.627395328999174, 4.629395328999174), 0.9173593577890439)]
[INFO] [1753424126.689382420] [solver_node]: 数据详情:
- 第一个元素类型: <class 'float'>
- 整个数组类型: <class 'array.array'>
- 数组长度: 4
- 示例值: array('f', [0.0, 4.665999889373779, 3.7869999408721924, 5.369999885559082])
[INFO] [1753424126.691882865] [solver_node]: 调用求解器前，distances shape: (4,), values: [       nan 4.66599989 3.78699994 5.36999989]
[INFO] [1753424126.695472137] [solver_node]: [PoseSolver] 第0个组合有4个有效解
[INFO] [1753424126.696369247] [solver_node]: [PoseSolver] 处理完第0个组合后的筛选结果:
[INFO] [1753424126.697377751] [solver_node]: [PoseSolver] 排序后的最终筛选结果:
[INFO] [1753424126.698294894] [solver_node]: [PoseSolver] 找到4个完美相容解 (相容数=N)
[INFO] [1753424126.699187044] [solver_node]: 求解器返回结果: [((4.226770858078017, 4.2287708580780174), (3.373876759570993, 3.3758767595709926), -0.9972858023302216), ((4.003892498399789, 4.005892498399789), (3.370604671000826, 3.372604671000826), -2.224233295800749), ((5.769229141921982, 5.7712291419219826), (4.624123240429007, 4.626123240429008), 2.1443068512595715), ((5.99210750160021, 5.994107501600211), (4.627395328999174, 4.629395328999174), 0.9173593577890439)]
[INFO] [1753424126.787976673] [solver_node]: 数据详情:
- 第一个元素类型: <class 'float'>
- 整个数组类型: <class 'array.array'>
- 数组长度: 4
- 示例值: array('f', [0.0, 4.665999889373779, 3.7869999408721924, 5.369999885559082])
[INFO] [1753424126.789471046] [solver_node]: 调用求解器前，distances shape: (4,), values: [       nan 4.66599989 3.78699994 5.36999989]
[INFO] [1753424126.792922362] [solver_node]: [PoseSolver] 第0个组合有4个有效解
[INFO] [1753424126.793785232] [solver_node]: [PoseSolver] 处理完第0个组合后的筛选结果:
[INFO] [1753424126.795289716] [solver_node]: [PoseSolver] 排序后的最终筛选结果:
[INFO] [1753424126.796194443] [solver_node]: [PoseSolver] 找到4个完美相容解 (相容数=N)
[INFO] [1753424126.796966813] [solver_node]: 求解器返回结果: [((4.226770858078017, 4.2287708580780174), (3.373876759570993, 3.3758767595709926), -0.9972858023302216), ((4.003892498399789, 4.005892498399789), (3.370604671000826, 3.372604671000826), -2.224233295800749), ((5.769229141921982, 5.7712291419219826), (4.624123240429007, 4.626123240429008), 2.1443068512595715), ((5.99210750160021, 5.994107501600211), (4.627395328999174, 4.629395328999174), 0.9173593577890439)]
[INFO] [1753424126.890224393] [solver_node]: 数据详情:
- 第一个元素类型: <class 'float'>
- 整个数组类型: <class 'array.array'>
- 数组长度: 4
- 示例值: array('f', [0.0, 4.665999889373779, 3.7869999408721924, 5.369999885559082])
[INFO] [1753424126.892247962] [solver_node]: 调用求解器前，distances shape: (4,), values: [       nan 4.66599989 3.78699994 5.36999989]
[INFO] [1753424126.896056311] [solver_node]: [PoseSolver] 第0个组合有4个有效解
[INFO] [1753424126.896980590] [solver_node]: [PoseSolver] 处理完第0个组合后的筛选结果:
[INFO] [1753424126.897713792] [solver_node]: [PoseSolver] 排序后的最终筛选结果:
[INFO] [1753424126.898433361] [solver_node]: [PoseSolver] 找到4个完美相容解 (相容数=N)
[INFO] [1753424126.899802579] [solver_node]: 求解器返回结果: [((4.226770858078017, 4.2287708580780174), (3.373876759570993, 3.3758767595709926), -0.9972858023302216), ((4.003892498399789, 4.005892498399789), (3.370604671000826, 3.372604671000826), -2.224233295800749), ((5.769229141921982, 5.7712291419219826), (4.624123240429007, 4.626123240429008), 2.1443068512595715), ((5.99210750160021, 5.994107501600211), (4.627395328999174, 4.629395328999174), 0.9173593577890439)]
[INFO] [1753424126.988245928] [solver_node]: 数据详情:
- 第一个元素类型: <class 'float'>
- 整个数组类型: <class 'array.array'>
- 数组长度: 4
- 示例值: array('f', [0.0, 4.665999889373779, 3.7869999408721924, 5.369999885559082])
[INFO] [1753424126.989994227] [solver_node]: 调用求解器前，distances shape: (4,), values: [       nan 4.66599989 3.78699994 5.36999989]
[INFO] [1753424126.994625860] [solver_node]: [PoseSolver] 第0个组合有4个有效解
[INFO] [1753424126.995492410] [solver_node]: [PoseSolver] 处理完第0个组合后的筛选结果:
[INFO] [1753424126.996269773] [solver_node]: [PoseSolver] 排序后的最终筛选结果:
[INFO] [1753424126.997085921] [solver_node]: [PoseSolver] 找到4个完美相容解 (相容数=N)
[INFO] [1753424126.998058360] [solver_node]: 求解器返回结果: [((4.226770858078017, 4.2287708580780174), (3.373876759570993, 3.3758767595709926), -0.9972858023302216), ((4.003892498399789, 4.005892498399789), (3.370604671000826, 3.372604671000826), -2.224233295800749), ((5.769229141921982, 5.7712291419219826), (4.624123240429007, 4.626123240429008), 2.1443068512595715), ((5.99210750160021, 5.994107501600211), (4.627395328999174, 4.629395328999174), 0.9173593577890439)]
[INFO] [1753424127.092092471] [solver_node]: 数据详情:
- 第一个元素类型: <class 'float'>
- 整个数组类型: <class 'array.array'>
- 数组长度: 4
- 示例值: array('f', [0.0, 4.665999889373779, 3.7869999408721924, 5.369999885559082])
[INFO] [1753424127.096043607] [solver_node]: 调用求解器前，distances shape: (4,), values: [       nan 4.66599989 3.78699994 5.36999989]
[INFO] [1753424127.099480844] [solver_node]: [PoseSolver] 第0个组合有4个有效解
[INFO] [1753424127.102024746] [solver_node]: [PoseSolver] 处理完第0个组合后的筛选结果:
[INFO] [1753424127.103715603] [solver_node]: [PoseSolver] 排序后的最终筛选结果:
[INFO] [1753424127.104502183] [solver_node]: [PoseSolver] 找到4个完美相容解 (相容数=N)
[INFO] [1753424127.105226680] [solver_node]: 求解器返回结果: [((4.226770858078017, 4.2287708580780174), (3.373876759570993, 3.3758767595709926), -0.9972858023302216), ((4.003892498399789, 4.005892498399789), (3.370604671000826, 3.372604671000826), -2.224233295800749), ((5.769229141921982, 5.7712291419219826), (4.624123240429007, 4.626123240429008), 2.1443068512595715), ((5.99210750160021, 5.994107501600211), (4.627395328999174, 4.629395328999174), 0.9173593577890439)]
[INFO] [1753424127.188617234] [solver_node]: 数据详情:
- 第一个元素类型: <class 'float'>
- 整个数组类型: <class 'array.array'>
- 数组长度: 4
- 示例值: array('f', [0.0, 4.665999889373779, 3.7869999408721924, 5.369999885559082])
[INFO] [1753424127.190112151] [solver_node]: 调用求解器前，distances shape: (4,), values: [       nan 4.66599989 3.78699994 5.36999989]
[INFO] [1753424127.193449864] [solver_node]: [PoseSolver] 第0个组合有4个有效解
[INFO] [1753424127.194289533] [solver_node]: [PoseSolver] 处理完第0个组合后的筛选结果:
[INFO] [1753424127.195025455] [solver_node]: [PoseSolver] 排序后的最终筛选结果:
[INFO] [1753424127.195715232] [solver_node]: [PoseSolver] 找到4个完美相容解 (相容数=N)
[INFO] [1753424127.196440850] [solver_node]: 求解器返回结果: [((4.226770858078017, 4.2287708580780174), (3.373876759570993, 3.3758767595709926), -0.9972858023302216), ((4.003892498399789, 4.005892498399789), (3.370604671000826, 3.372604671000826), -2.224233295800749), ((5.769229141921982, 5.7712291419219826), (4.624123240429007, 4.626123240429008), 2.1443068512595715), ((5.99210750160021, 5.994107501600211), (4.627395328999174, 4.629395328999174), 0.9173593577890439)]
[INFO] [1753424127.288111446] [solver_node]: 数据详情:
- 第一个元素类型: <class 'float'>
- 整个数组类型: <class 'array.array'>
- 数组长度: 4
- 示例值: array('f', [0.0, 4.665999889373779, 3.7869999408721924, 5.369999885559082])
[INFO] [1753424127.290022629] [solver_node]: 调用求解器前，distances shape: (4,), values: [       nan 4.66599989 3.78699994 5.36999989]
[INFO] [1753424127.294162762] [solver_node]: [PoseSolver] 第0个组合有4个有效解
[INFO] [1753424127.296040120] [solver_node]: [PoseSolver] 处理完第0个组合后的筛选结果:
[INFO] [1753424127.298248654] [solver_node]: [PoseSolver] 排序后的最终筛选结果:
[INFO] [1753424127.300335105] [solver_node]: [PoseSolver] 找到4个完美相容解 (相容数=N)
[INFO] [1753424127.301134325] [solver_node]: 求解器返回结果: [((4.226770858078017, 4.2287708580780174), (3.373876759570993, 3.3758767595709926), -0.9972858023302216), ((4.003892498399789, 4.005892498399789), (3.370604671000826, 3.372604671000826), -2.224233295800749), ((5.769229141921982, 5.7712291419219826), (4.624123240429007, 4.626123240429008), 2.1443068512595715), ((5.99210750160021, 5.994107501600211), (4.627395328999174, 4.629395328999174), 0.9173593577890439)]
[INFO] [1753424127.388613203] [solver_node]: 数据详情:
- 第一个元素类型: <class 'float'>
- 整个数组类型: <class 'array.array'>
- 数组长度: 4
- 示例值: array('f', [0.0, 4.665999889373779, 3.7869999408721924, 5.369999885559082])
[INFO] [1753424127.390045270] [solver_node]: 调用求解器前，distances shape: (4,), values: [       nan 4.66599989 3.78699994 5.36999989]
[INFO] [1753424127.393227716] [solver_node]: [PoseSolver] 第0个组合有4个有效解
[INFO] [1753424127.394027895] [solver_node]: [PoseSolver] 处理完第0个组合后的筛选结果:
[INFO] [1753424127.394778346] [solver_node]: [PoseSolver] 排序后的最终筛选结果:
[INFO] [1753424127.395474971] [solver_node]: [PoseSolver] 找到4个完美相容解 (相容数=N)
[INFO] [1753424127.396169388] [solver_node]: 求解器返回结果: [((4.226770858078017, 4.2287708580780174), (3.373876759570993, 3.3758767595709926), -0.9972858023302216), ((4.003892498399789, 4.005892498399789), (3.370604671000826, 3.372604671000826), -2.224233295800749), ((5.769229141921982, 5.7712291419219826), (4.624123240429007, 4.626123240429008), 2.1443068512595715), ((5.99210750160021, 5.994107501600211), (4.627395328999174, 4.629395328999174), 0.9173593577890439)]
[INFO] [1753424127.487865809] [solver_node]: 数据详情:
- 第一个元素类型: <class 'float'>
- 整个数组类型: <class 'array.array'>
- 数组长度: 4
- 示例值: array('f', [0.0, 4.665999889373779, 3.7869999408721924, 5.369999885559082])
[INFO] [1753424127.489438327] [solver_node]: 调用求解器前，distances shape: (4,), values: [       nan 4.66599989 3.78699994 5.36999989]
[INFO] [1753424127.492556291] [solver_node]: [PoseSolver] 第0个组合有4个有效解
[INFO] [1753424127.494264301] [solver_node]: [PoseSolver] 处理完第0个组合后的筛选结果:
[INFO] [1753424127.495102562] [solver_node]: [PoseSolver] 排序后的最终筛选结果:
[INFO] [1753424127.495783826] [solver_node]: [PoseSolver] 找到4个完美相容解 (相容数=N)
[INFO] [1753424127.496512452] [solver_node]: 求解器返回结果: [((4.226770858078017, 4.2287708580780174), (3.373876759570993, 3.3758767595709926), -0.9972858023302216), ((4.003892498399789, 4.005892498399789), (3.370604671000826, 3.372604671000826), -2.224233295800749), ((5.769229141921982, 5.7712291419219826), (4.624123240429007, 4.626123240429008), 2.1443068512595715), ((5.99210750160021, 5.994107501600211), (4.627395328999174, 4.629395328999174), 0.9173593577890439)]
[INFO] [1753424127.587973316] [solver_node]: 数据详情:
- 第一个元素类型: <class 'float'>
- 整个数组类型: <class 'array.array'>
- 数组长度: 4
- 示例值: array('f', [0.0, 4.665999889373779, 3.7869999408721924, 5.369999885559082])
[INFO] [1753424127.589409447] [solver_node]: 调用求解器前，distances shape: (4,), values: [       nan 4.66599989 3.78699994 5.36999989]
[INFO] [1753424127.592545492] [solver_node]: [PoseSolver] 第0个组合有4个有效解
[INFO] [1753424127.593364904] [solver_node]: [PoseSolver] 处理完第0个组合后的筛选结果:
[INFO] [1753424127.594085017] [solver_node]: [PoseSolver] 排序后的最终筛选结果:
[INFO] [1753424127.594859372] [solver_node]: [PoseSolver] 找到4个完美相容解 (相容数=N)
[INFO] [1753424127.595582046] [solver_node]: 求解器返回结果: [((4.226770858078017, 4.2287708580780174), (3.373876759570993, 3.3758767595709926), -0.9972858023302216), ((4.003892498399789, 4.005892498399789), (3.370604671000826, 3.372604671000826), -2.224233295800749), ((5.769229141921982, 5.7712291419219826), (4.624123240429007, 4.626123240429008), 2.1443068512595715), ((5.99210750160021, 5.994107501600211), (4.627395328999174, 4.629395328999174), 0.9173593577890439)]
[INFO] [1753424127.687799568] [solver_node]: 数据详情:
- 第一个元素类型: <class 'float'>
- 整个数组类型: <class 'array.array'>
- 数组长度: 4
- 示例值: array('f', [0.0, 4.665999889373779, 3.7869999408721924, 5.369999885559082])
[INFO] [1753424127.689246707] [solver_node]: 调用求解器前，distances shape: (4,), values: [       nan 4.66599989 3.78699994 5.36999989]
[INFO] [1753424127.692472066] [solver_node]: [PoseSolver] 第0个组合有4个有效解
[INFO] [1753424127.693299382] [solver_node]: [PoseSolver] 处理完第0个组合后的筛选结果:
[INFO] [1753424127.694009448] [solver_node]: [PoseSolver] 排序后的最终筛选结果:
[INFO] [1753424127.694746298] [solver_node]: [PoseSolver] 找到4个完美相容解 (相容数=N)
[INFO] [1753424127.695480396] [solver_node]: 求解器返回结果: [((4.226770858078017, 4.2287708580780174), (3.373876759570993, 3.3758767595709926), -0.9972858023302216), ((4.003892498399789, 4.005892498399789), (3.370604671000826, 3.372604671000826), -2.224233295800749), ((5.769229141921982, 5.7712291419219826), (4.624123240429007, 4.626123240429008), 2.1443068512595715), ((5.99210750160021, 5.994107501600211), (4.627395328999174, 4.629395328999174), 0.9173593577890439)]
[INFO] [1753424127.787787104] [solver_node]: 数据详情:
- 第一个元素类型: <class 'float'>
- 整个数组类型: <class 'array.array'>
- 数组长度: 4
- 示例值: array('f', [0.0, 4.665999889373779, 3.7869999408721924, 5.369999885559082])
[INFO] [1753424127.789227651] [solver_node]: 调用求解器前，distances shape: (4,), values: [       nan 4.66599989 3.78699994 5.36999989]
[INFO] [1753424127.793569421] [solver_node]: [PoseSolver] 第0个组合有4个有效解
[INFO] [1753424127.794535301] [solver_node]: [PoseSolver] 处理完第0个组合后的筛选结果:
[INFO] [1753424127.795318328] [solver_node]: [PoseSolver] 排序后的最终筛选结果:
[INFO] [1753424127.796043274] [solver_node]: [PoseSolver] 找到4个完美相容解 (相容数=N)
[INFO] [1753424127.796778716] [solver_node]: 求解器返回结果: [((4.226770858078017, 4.2287708580780174), (3.373876759570993, 3.3758767595709926), -0.9972858023302216), ((4.003892498399789, 4.005892498399789), (3.370604671000826, 3.372604671000826), -2.224233295800749), ((5.769229141921982, 5.7712291419219826), (4.624123240429007, 4.626123240429008), 2.1443068512595715), ((5.99210750160021, 5.994107501600211), (4.627395328999174, 4.629395328999174), 0.9173593577890439)]
[INFO] [1753424127.888363614] [solver_node]: 数据详情:
- 第一个元素类型: <class 'float'>
- 整个数组类型: <class 'array.array'>
- 数组长度: 4
- 示例值: array('f', [0.0, 4.665999889373779, 3.7869999408721924, 5.369999885559082])
[INFO] [1753424127.889818626] [solver_node]: 调用求解器前，distances shape: (4,), values: [       nan 4.66599989 3.78699994 5.36999989]
[INFO] [1753424127.892970031] [solver_node]: [PoseSolver] 第0个组合有4个有效解
[INFO] [1753424127.894880414] [solver_node]: [PoseSolver] 处理完第0个组合后的筛选结果:
[INFO] [1753424127.895943000] [solver_node]: [PoseSolver] 排序后的最终筛选结果:
[INFO] [1753424127.898007466] [solver_node]: [PoseSolver] 找到4个完美相容解 (相容数=N)
[INFO] [1753424127.899354571] [solver_node]: 求解器返回结果: [((4.226770858078017, 4.2287708580780174), (3.373876759570993, 3.3758767595709926), -0.9972858023302216), ((4.003892498399789, 4.005892498399789), (3.370604671000826, 3.372604671000826), -2.224233295800749), ((5.769229141921982, 5.7712291419219826), (4.624123240429007, 4.626123240429008), 2.1443068512595715), ((5.99210750160021, 5.994107501600211), (4.627395328999174, 4.629395328999174), 0.9173593577890439)]
[INFO] [1753424127.987984389] [solver_node]: 数据详情:
- 第一个元素类型: <class 'float'>
- 整个数组类型: <class 'array.array'>
- 数组长度: 4
- 示例值: array('f', [0.0, 4.665999889373779, 3.7869999408721924, 5.369999885559082])
[INFO] [1753424127.989445353] [solver_node]: 调用求解器前，distances shape: (4,), values: [       nan 4.66599989 3.78699994 5.36999989]
[INFO] [1753424127.992606038] [solver_node]: [PoseSolver] 第0个组合有4个有效解
[INFO] [1753424127.993419818] [solver_node]: [PoseSolver] 处理完第0个组合后的筛选结果:
[INFO] [1753424127.994104923] [solver_node]: [PoseSolver] 排序后的最终筛选结果:
[INFO] [1753424127.994816525] [solver_node]: [PoseSolver] 找到4个完美相容解 (相容数=N)
[INFO] [1753424127.995532862] [solver_node]: 求解器返回结果: [((4.226770858078017, 4.2287708580780174), (3.373876759570993, 3.3758767595709926), -0.9972858023302216), ((4.003892498399789, 4.005892498399789), (3.370604671000826, 3.372604671000826), -2.224233295800749), ((5.769229141921982, 5.7712291419219826), (4.624123240429007, 4.626123240429008), 2.1443068512595715), ((5.99210750160021, 5.994107501600211), (4.627395328999174, 4.629395328999174), 0.9173593577890439)]
[INFO] [1753424128.088104473] [solver_node]: 数据详情:
- 第一个元素类型: <class 'float'>
- 整个数组类型: <class 'array.array'>
- 数组长度: 4
- 示例值: array('f', [0.0, 4.665999889373779, 3.7869999408721924, 5.369999885559082])
[INFO] [1753424128.089609534] [solver_node]: 调用求解器前，distances shape: (4,), values: [       nan 4.66599989 3.78699994 5.36999989]
[INFO] [1753424128.092832813] [solver_node]: [PoseSolver] 第0个组合有4个有效解
[INFO] [1753424128.097477950] [solver_node]: [PoseSolver] 处理完第0个组合后的筛选结果:
[INFO] [1753424128.099161511] [solver_node]: [PoseSolver] 排序后的最终筛选结果:
[INFO] [1753424128.100562250] [solver_node]: [PoseSolver] 找到4个完美相容解 (相容数=N)
[INFO] [1753424128.103954589] [solver_node]: 求解器返回结果: [((4.226770858078017, 4.2287708580780174), (3.373876759570993, 3.3758767595709926), -0.9972858023302216), ((4.003892498399789, 4.005892498399789), (3.370604671000826, 3.372604671000826), -2.224233295800749), ((5.769229141921982, 5.7712291419219826), (4.624123240429007, 4.626123240429008), 2.1443068512595715), ((5.99210750160021, 5.994107501600211), (4.627395328999174, 4.629395328999174), 0.9173593577890439)]
[INFO] [1753424128.187864451] [solver_node]: 数据详情:
- 第一个元素类型: <class 'float'>
- 整个数组类型: <class 'array.array'>
- 数组长度: 4
- 示例值: array('f', [0.0, 4.665999889373779, 3.7869999408721924, 5.369999885559082])
[INFO] [1753424128.189299623] [solver_node]: 调用求解器前，distances shape: (4,), values: [       nan 4.66599989 3.78699994 5.36999989]
[INFO] [1753424128.192456660] [solver_node]: [PoseSolver] 第0个组合有4个有效解
[INFO] [1753424128.193284584] [solver_node]: [PoseSolver] 处理完第0个组合后的筛选结果:
[INFO] [1753424128.194037851] [solver_node]: [PoseSolver] 排序后的最终筛选结果:
[INFO] [1753424128.194788333] [solver_node]: [PoseSolver] 找到4个完美相容解 (相容数=N)
[INFO] [1753424128.195512479] [solver_node]: 求解器返回结果: [((4.226770858078017, 4.2287708580780174), (3.373876759570993, 3.3758767595709926), -0.9972858023302216), ((4.003892498399789, 4.005892498399789), (3.370604671000826, 3.372604671000826), -2.224233295800749), ((5.769229141921982, 5.7712291419219826), (4.624123240429007, 4.626123240429008), 2.1443068512595715), ((5.99210750160021, 5.994107501600211), (4.627395328999174, 4.629395328999174), 0.9173593577890439)]
[INFO] [1753424128.288518436] [solver_node]: 数据详情:
- 第一个元素类型: <class 'float'>
- 整个数组类型: <class 'array.array'>
- 数组长度: 4
- 示例值: array('f', [0.0, 4.665999889373779, 3.7869999408721924, 5.369999885559082])
[INFO] [1753424128.289970248] [solver_node]: 调用求解器前，distances shape: (4,), values: [       nan 4.66599989 3.78699994 5.36999989]
[INFO] [1753424128.293456893] [solver_node]: [PoseSolver] 第0个组合有4个有效解
[INFO] [1753424128.294296594] [solver_node]: [PoseSolver] 处理完第0个组合后的筛选结果:
[INFO] [1753424128.295037252] [solver_node]: [PoseSolver] 排序后的最终筛选结果:
[INFO] [1753424128.295739477] [solver_node]: [PoseSolver] 找到4个完美相容解 (相容数=N)
[INFO] [1753424128.296477287] [solver_node]: 求解器返回结果: [((4.226770858078017, 4.2287708580780174), (3.373876759570993, 3.3758767595709926), -0.9972858023302216), ((4.003892498399789, 4.005892498399789), (3.370604671000826, 3.372604671000826), -2.224233295800749), ((5.769229141921982, 5.7712291419219826), (4.624123240429007, 4.626123240429008), 2.1443068512595715), ((5.99210750160021, 5.994107501600211), (4.627395328999174, 4.629395328999174), 0.9173593577890439)]
[INFO] [1753424128.388349584] [solver_node]: 数据详情:
- 第一个元素类型: <class 'float'>
- 整个数组类型: <class 'array.array'>
- 数组长度: 4
- 示例值: array('f', [0.0, 4.665999889373779, 3.7869999408721924, 5.369999885559082])
[INFO] [1753424128.389766771] [solver_node]: 调用求解器前，distances shape: (4,), values: [       nan 4.66599989 3.78699994 5.36999989]
[INFO] [1753424128.393184199] [solver_node]: [PoseSolver] 第0个组合有4个有效解
[INFO] [1753424128.394047228] [solver_node]: [PoseSolver] 处理完第0个组合后的筛选结果:
[INFO] [1753424128.394816943] [solver_node]: [PoseSolver] 排序后的最终筛选结果:
[INFO] [1753424128.395549473] [solver_node]: [PoseSolver] 找到4个完美相容解 (相容数=N)
[INFO] [1753424128.396308115] [solver_node]: 求解器返回结果: [((4.226770858078017, 4.2287708580780174), (3.373876759570993, 3.3758767595709926), -0.9972858023302216), ((4.003892498399789, 4.005892498399789), (3.370604671000826, 3.372604671000826), -2.224233295800749), ((5.769229141921982, 5.7712291419219826), (4.624123240429007, 4.626123240429008), 2.1443068512595715), ((5.99210750160021, 5.994107501600211), (4.627395328999174, 4.629395328999174), 0.9173593577890439)]
[INFO] [1753424128.488159228] [solver_node]: 数据详情:
- 第一个元素类型: <class 'float'>
- 整个数组类型: <class 'array.array'>
- 数组长度: 4
- 示例值: array('f', [0.0, 4.665999889373779, 3.7869999408721924, 5.369999885559082])
[INFO] [1753424128.489640001] [solver_node]: 调用求解器前，distances shape: (4,), values: [       nan 4.66599989 3.78699994 5.36999989]
[INFO] [1753424128.492994163] [solver_node]: [PoseSolver] 第0个组合有4个有效解
[INFO] [1753424128.493869352] [solver_node]: [PoseSolver] 处理完第0个组合后的筛选结果:
[INFO] [1753424128.494731997] [solver_node]: [PoseSolver] 排序后的最终筛选结果:
[INFO] [1753424128.495504016] [solver_node]: [PoseSolver] 找到4个完美相容解 (相容数=N)
[INFO] [1753424128.496260291] [solver_node]: 求解器返回结果: [((4.226770858078017, 4.2287708580780174), (3.373876759570993, 3.3758767595709926), -0.9972858023302216), ((4.003892498399789, 4.005892498399789), (3.370604671000826, 3.372604671000826), -2.224233295800749), ((5.769229141921982, 5.7712291419219826), (4.624123240429007, 4.626123240429008), 2.1443068512595715), ((5.99210750160021, 5.994107501600211), (4.627395328999174, 4.629395328999174), 0.9173593577890439)]
[INFO] [1753424128.588572919] [solver_node]: 数据详情:
- 第一个元素类型: <class 'float'>
- 整个数组类型: <class 'array.array'>
- 数组长度: 4
- 示例值: array('f', [0.0, 4.665999889373779, 3.7869999408721924, 5.369999885559082])
[INFO] [1753424128.590083292] [solver_node]: 调用求解器前，distances shape: (4,), values: [       nan 4.66599989 3.78699994 5.36999989]
[INFO] [1753424128.593428142] [solver_node]: [PoseSolver] 第0个组合有4个有效解
[INFO] [1753424128.594325668] [solver_node]: [PoseSolver] 处理完第0个组合后的筛选结果:
[INFO] [1753424128.595170009] [solver_node]: [PoseSolver] 排序后的最终筛选结果:
[INFO] [1753424128.595952140] [solver_node]: [PoseSolver] 找到4个完美相容解 (相容数=N)
[INFO] [1753424128.596900163] [solver_node]: 求解器返回结果: [((4.226770858078017, 4.2287708580780174), (3.373876759570993, 3.3758767595709926), -0.9972858023302216), ((4.003892498399789, 4.005892498399789), (3.370604671000826, 3.372604671000826), -2.224233295800749), ((5.769229141921982, 5.7712291419219826), (4.624123240429007, 4.626123240429008), 2.1443068512595715), ((5.99210750160021, 5.994107501600211), (4.627395328999174, 4.629395328999174), 0.9173593577890439)]
[INFO] [1753424128.688186526] [solver_node]: 数据详情:
- 第一个元素类型: <class 'float'>
- 整个数组类型: <class 'array.array'>
- 数组长度: 4
- 示例值: array('f', [0.0, 4.665999889373779, 3.7869999408721924, 5.369999885559082])
[INFO] [1753424128.689612353] [solver_node]: 调用求解器前，distances shape: (4,), values: [       nan 4.66599989 3.78699994 5.36999989]
[INFO] [1753424128.693514433] [solver_node]: [PoseSolver] 第0个组合有4个有效解
[INFO] [1753424128.694363221] [solver_node]: [PoseSolver] 处理完第0个组合后的筛选结果:
[INFO] [1753424128.695106376] [solver_node]: [PoseSolver] 排序后的最终筛选结果:
[INFO] [1753424128.695814745] [solver_node]: [PoseSolver] 找到4个完美相容解 (相容数=N)
[INFO] [1753424128.696535819] [solver_node]: 求解器返回结果: [((4.226770858078017, 4.2287708580780174), (3.373876759570993, 3.3758767595709926), -0.9972858023302216), ((4.003892498399789, 4.005892498399789), (3.370604671000826, 3.372604671000826), -2.224233295800749), ((5.769229141921982, 5.7712291419219826), (4.624123240429007, 4.626123240429008), 2.1443068512595715), ((5.99210750160021, 5.994107501600211), (4.627395328999174, 4.629395328999174), 0.9173593577890439)]
[INFO] [1753424128.792546873] [solver_node]: 数据详情:
- 第一个元素类型: <class 'float'>
- 整个数组类型: <class 'array.array'>
- 数组长度: 4
- 示例值: array('f', [0.0, 4.665999889373779, 3.7869999408721924, 5.369999885559082])
[INFO] [1753424128.794321413] [solver_node]: 调用求解器前，distances shape: (4,), values: [       nan 4.66599989 3.78699994 5.36999989]
[INFO] [1753424128.797674007] [solver_node]: [PoseSolver] 第0个组合有4个有效解
[INFO] [1753424128.798523340] [solver_node]: [PoseSolver] 处理完第0个组合后的筛选结果:
[INFO] [1753424128.799316991] [solver_node]: [PoseSolver] 排序后的最终筛选结果:
[INFO] [1753424128.800030833] [solver_node]: [PoseSolver] 找到4个完美相容解 (相容数=N)
[INFO] [1753424128.800742146] [solver_node]: 求解器返回结果: [((4.226770858078017, 4.2287708580780174), (3.373876759570993, 3.3758767595709926), -0.9972858023302216), ((4.003892498399789, 4.005892498399789), (3.370604671000826, 3.372604671000826), -2.224233295800749), ((5.769229141921982, 5.7712291419219826), (4.624123240429007, 4.626123240429008), 2.1443068512595715), ((5.99210750160021, 5.994107501600211), (4.627395328999174, 4.629395328999174), 0.9173593577890439)]
[INFO] [1753424128.890599802] [solver_node]: 数据详情:
- 第一个元素类型: <class 'float'>
- 整个数组类型: <class 'array.array'>
- 数组长度: 4
- 示例值: array('f', [0.0, 4.665999889373779, 3.7869999408721924, 5.369999885559082])
[INFO] [1753424128.892377446] [solver_node]: 调用求解器前，distances shape: (4,), values: [       nan 4.66599989 3.78699994 5.36999989]
[INFO] [1753424128.895735960] [solver_node]: [PoseSolver] 第0个组合有4个有效解
[INFO] [1753424128.896548524] [solver_node]: [PoseSolver] 处理完第0个组合后的筛选结果:
[INFO] [1753424128.897363808] [solver_node]: [PoseSolver] 排序后的最终筛选结果:
[INFO] [1753424128.898096242] [solver_node]: [PoseSolver] 找到4个完美相容解 (相容数=N)
[INFO] [1753424128.898820100] [solver_node]: 求解器返回结果: [((4.226770858078017, 4.2287708580780174), (3.373876759570993, 3.3758767595709926), -0.9972858023302216), ((4.003892498399789, 4.005892498399789), (3.370604671000826, 3.372604671000826), -2.224233295800749), ((5.769229141921982, 5.7712291419219826), (4.624123240429007, 4.626123240429008), 2.1443068512595715), ((5.99210750160021, 5.994107501600211), (4.627395328999174, 4.629395328999174), 0.9173593577890439)]
[INFO] [1753424128.988434934] [solver_node]: 数据详情:
- 第一个元素类型: <class 'float'>
- 整个数组类型: <class 'array.array'>
- 数组长度: 4
- 示例值: array('f', [0.0, 4.665999889373779, 3.7869999408721924, 5.369999885559082])
[INFO] [1753424128.990339429] [solver_node]: 调用求解器前，distances shape: (4,), values: [       nan 4.66599989 3.78699994 5.36999989]
[INFO] [1753424128.994040319] [solver_node]: [PoseSolver] 第0个组合有4个有效解
[INFO] [1753424128.995007927] [solver_node]: [PoseSolver] 处理完第0个组合后的筛选结果:
[INFO] [1753424128.995834699] [solver_node]: [PoseSolver] 排序后的最终筛选结果:
[INFO] [1753424128.996607902] [solver_node]: [PoseSolver] 找到4个完美相容解 (相容数=N)
[INFO] [1753424128.997368817] [solver_node]: 求解器返回结果: [((4.226770858078017, 4.2287708580780174), (3.373876759570993, 3.3758767595709926), -0.9972858023302216), ((4.003892498399789, 4.005892498399789), (3.370604671000826, 3.372604671000826), -2.224233295800749), ((5.769229141921982, 5.7712291419219826), (4.624123240429007, 4.626123240429008), 2.1443068512595715), ((5.99210750160021, 5.994107501600211), (4.627395328999174, 4.629395328999174), 0.9173593577890439)]
[INFO] [1753424129.091242635] [solver_node]: 数据详情:
- 第一个元素类型: <class 'float'>
- 整个数组类型: <class 'array.array'>
- 数组长度: 4
- 示例值: array('f', [0.0, 4.665999889373779, 3.7869999408721924, 5.369999885559082])
[INFO] [1753424129.092851027] [solver_node]: 调用求解器前，distances shape: (4,), values: [       nan 4.66599989 3.78699994 5.36999989]
[INFO] [1753424129.096107811] [solver_node]: [PoseSolver] 第0个组合有4个有效解
[INFO] [1753424129.096929303] [solver_node]: [PoseSolver] 处理完第0个组合后的筛选结果:
[INFO] [1753424129.097748171] [solver_node]: [PoseSolver] 排序后的最终筛选结果:
[INFO] [1753424129.098443868] [solver_node]: [PoseSolver] 找到4个完美相容解 (相容数=N)
[INFO] [1753424129.099196878] [solver_node]: 求解器返回结果: [((4.226770858078017, 4.2287708580780174), (3.373876759570993, 3.3758767595709926), -0.9972858023302216), ((4.003892498399789, 4.005892498399789), (3.370604671000826, 3.372604671000826), -2.224233295800749), ((5.769229141921982, 5.7712291419219826), (4.624123240429007, 4.626123240429008), 2.1443068512595715), ((5.99210750160021, 5.994107501600211), (4.627395328999174, 4.629395328999174), 0.9173593577890439)]
[INFO] [1753424129.188599067] [solver_node]: 数据详情:
- 第一个元素类型: <class 'float'>
- 整个数组类型: <class 'array.array'>
- 数组长度: 4
- 示例值: array('f', [0.0, 4.665999889373779, 3.7869999408721924, 5.369999885559082])
[INFO] [1753424129.190682767] [solver_node]: 调用求解器前，distances shape: (4,), values: [       nan 4.66599989 3.78699994 5.36999989]
[INFO] [1753424129.195523237] [solver_node]: [PoseSolver] 第0个组合有4个有效解
[INFO] [1753424129.196561118] [solver_node]: [PoseSolver] 处理完第0个组合后的筛选结果:
[INFO] [1753424129.197336177] [solver_node]: [PoseSolver] 排序后的最终筛选结果:
[INFO] [1753424129.198077508] [solver_node]: [PoseSolver] 找到4个完美相容解 (相容数=N)
[INFO] [1753424129.198879095] [solver_node]: 求解器返回结果: [((4.226770858078017, 4.2287708580780174), (3.373876759570993, 3.3758767595709926), -0.9972858023302216), ((4.003892498399789, 4.005892498399789), (3.370604671000826, 3.372604671000826), -2.224233295800749), ((5.769229141921982, 5.7712291419219826), (4.624123240429007, 4.626123240429008), 2.1443068512595715), ((5.99210750160021, 5.994107501600211), (4.627395328999174, 4.629395328999174), 0.9173593577890439)]
[INFO] [1753424129.287828985] [solver_node]: 数据详情:
- 第一个元素类型: <class 'float'>
- 整个数组类型: <class 'array.array'>
- 数组长度: 4
- 示例值: array('f', [0.0, 4.665999889373779, 3.7869999408721924, 5.369999885559082])
[INFO] [1753424129.289332254] [solver_node]: 调用求解器前，distances shape: (4,), values: [       nan 4.66599989 3.78699994 5.36999989]
[INFO] [1753424129.292850292] [solver_node]: [PoseSolver] 第0个组合有4个有效解
[INFO] [1753424129.293717802] [solver_node]: [PoseSolver] 处理完第0个组合后的筛选结果:
[INFO] [1753424129.294454236] [solver_node]: [PoseSolver] 排序后的最终筛选结果:
[INFO] [1753424129.295224046] [solver_node]: [PoseSolver] 找到4个完美相容解 (相容数=N)
[INFO] [1753424129.295967393] [solver_node]: 求解器返回结果: [((4.226770858078017, 4.2287708580780174), (3.373876759570993, 3.3758767595709926), -0.9972858023302216), ((4.003892498399789, 4.005892498399789), (3.370604671000826, 3.372604671000826), -2.224233295800749), ((5.769229141921982, 5.7712291419219826), (4.624123240429007, 4.626123240429008), 2.1443068512595715), ((5.99210750160021, 5.994107501600211), (4.627395328999174, 4.629395328999174), 0.9173593577890439)]
[INFO] [1753424129.388255733] [solver_node]: 数据详情:
- 第一个元素类型: <class 'float'>
- 整个数组类型: <class 'array.array'>
- 数组长度: 4
- 示例值: array('f', [0.0, 4.665999889373779, 3.7869999408721924, 5.369999885559082])
[INFO] [1753424129.390130755] [solver_node]: 调用求解器前，distances shape: (4,), values: [       nan 4.66599989 3.78699994 5.36999989]
[INFO] [1753424129.394460973] [solver_node]: [PoseSolver] 第0个组合有4个有效解
[INFO] [1753424129.395977458] [solver_node]: [PoseSolver] 处理完第0个组合后的筛选结果:
[INFO] [1753424129.396891048] [solver_node]: [PoseSolver] 排序后的最终筛选结果:
[INFO] [1753424129.397669563] [solver_node]: [PoseSolver] 找到4个完美相容解 (相容数=N)
[INFO] [1753424129.398458254] [solver_node]: 求解器返回结果: [((4.226770858078017, 4.2287708580780174), (3.373876759570993, 3.3758767595709926), -0.9972858023302216), ((4.003892498399789, 4.005892498399789), (3.370604671000826, 3.372604671000826), -2.224233295800749), ((5.769229141921982, 5.7712291419219826), (4.624123240429007, 4.626123240429008), 2.1443068512595715), ((5.99210750160021, 5.994107501600211), (4.627395328999174, 4.629395328999174), 0.9173593577890439)]
[INFO] [1753424129.489005464] [solver_node]: 数据详情:
- 第一个元素类型: <class 'float'>
- 整个数组类型: <class 'array.array'>
- 数组长度: 4
- 示例值: array('f', [0.0, 4.665999889373779, 3.7869999408721924, 5.369999885559082])
[INFO] [1753424129.490524925] [solver_node]: 调用求解器前，distances shape: (4,), values: [       nan 4.66599989 3.78699994 5.36999989]
[INFO] [1753424129.493911440] [solver_node]: [PoseSolver] 第0个组合有4个有效解
[INFO] [1753424129.494808678] [solver_node]: [PoseSolver] 处理完第0个组合后的筛选结果:
[INFO] [1753424129.495570233] [solver_node]: [PoseSolver] 排序后的最终筛选结果:
[INFO] [1753424129.496301642] [solver_node]: [PoseSolver] 找到4个完美相容解 (相容数=N)
[INFO] [1753424129.497057341] [solver_node]: 求解器返回结果: [((4.226770858078017, 4.2287708580780174), (3.373876759570993, 3.3758767595709926), -0.9972858023302216), ((4.003892498399789, 4.005892498399789), (3.370604671000826, 3.372604671000826), -2.224233295800749), ((5.769229141921982, 5.7712291419219826), (4.624123240429007, 4.626123240429008), 2.1443068512595715), ((5.99210750160021, 5.994107501600211), (4.627395328999174, 4.629395328999174), 0.9173593577890439)]
[INFO] [1753424129.587849164] [solver_node]: 数据详情:
- 第一个元素类型: <class 'float'>
- 整个数组类型: <class 'array.array'>
- 数组长度: 4
- 示例值: array('f', [0.0, 4.665999889373779, 3.7869999408721924, 5.369999885559082])
[INFO] [1753424129.589351441] [solver_node]: 调用求解器前，distances shape: (4,), values: [       nan 4.66599989 3.78699994 5.36999989]
[INFO] [1753424129.592739268] [solver_node]: [PoseSolver] 第0个组合有4个有效解
[INFO] [1753424129.593693531] [solver_node]: [PoseSolver] 处理完第0个组合后的筛选结果:
[INFO] [1753424129.594505327] [solver_node]: [PoseSolver] 排序后的最终筛选结果:
[INFO] [1753424129.595388293] [solver_node]: [PoseSolver] 找到4个完美相容解 (相容数=N)
[INFO] [1753424129.596429214] [solver_node]: 求解器返回结果: [((4.226770858078017, 4.2287708580780174), (3.373876759570993, 3.3758767595709926), -0.9972858023302216), ((4.003892498399789, 4.005892498399789), (3.370604671000826, 3.372604671000826), -2.224233295800749), ((5.769229141921982, 5.7712291419219826), (4.624123240429007, 4.626123240429008), 2.1443068512595715), ((5.99210750160021, 5.994107501600211), (4.627395328999174, 4.629395328999174), 0.9173593577890439)]
[INFO] [1753424129.688275047] [solver_node]: 数据详情:
- 第一个元素类型: <class 'float'>
- 整个数组类型: <class 'array.array'>
- 数组长度: 4
- 示例值: array('f', [0.0, 4.665999889373779, 3.7869999408721924, 5.369999885559082])
[INFO] [1753424129.690396763] [solver_node]: 调用求解器前，distances shape: (4,), values: [       nan 4.66599989 3.78699994 5.36999989]
[INFO] [1753424129.694324060] [solver_node]: [PoseSolver] 第0个组合有4个有效解
[INFO] [1753424129.695254322] [solver_node]: [PoseSolver] 处理完第0个组合后的筛选结果:
[INFO] [1753424129.696018853] [solver_node]: [PoseSolver] 排序后的最终筛选结果:
[INFO] [1753424129.696716470] [solver_node]: [PoseSolver] 找到4个完美相容解 (相容数=N)
[INFO] [1753424129.697426344] [solver_node]: 求解器返回结果: [((4.226770858078017, 4.2287708580780174), (3.373876759570993, 3.3758767595709926), -0.9972858023302216), ((4.003892498399789, 4.005892498399789), (3.370604671000826, 3.372604671000826), -2.224233295800749), ((5.769229141921982, 5.7712291419219826), (4.624123240429007, 4.626123240429008), 2.1443068512595715), ((5.99210750160021, 5.994107501600211), (4.627395328999174, 4.629395328999174), 0.9173593577890439)]
[INFO] [1753424129.787772108] [solver_node]: 数据详情:
- 第一个元素类型: <class 'float'>
- 整个数组类型: <class 'array.array'>
- 数组长度: 4
- 示例值: array('f', [0.0, 4.665999889373779, 3.7869999408721924, 5.369999885559082])
[INFO] [1753424129.793328052] [solver_node]: 调用求解器前，distances shape: (4,), values: [       nan 4.66599989 3.78699994 5.36999989]
[INFO] [1753424129.799008095] [solver_node]: [PoseSolver] 第0个组合有4个有效解
[INFO] [1753424129.799984567] [solver_node]: [PoseSolver] 处理完第0个组合后的筛选结果:
[INFO] [1753424129.800805643] [solver_node]: [PoseSolver] 排序后的最终筛选结果:
[INFO] [1753424129.801655488] [solver_node]: [PoseSolver] 找到4个完美相容解 (相容数=N)
[INFO] [1753424129.802614999] [solver_node]: 求解器返回结果: [((4.226770858078017, 4.2287708580780174), (3.373876759570993, 3.3758767595709926), -0.9972858023302216), ((4.003892498399789, 4.005892498399789), (3.370604671000826, 3.372604671000826), -2.224233295800749), ((5.769229141921982, 5.7712291419219826), (4.624123240429007, 4.626123240429008), 2.1443068512595715), ((5.99210750160021, 5.994107501600211), (4.627395328999174, 4.629395328999174), 0.9173593577890439)]
[INFO] [1753424129.887832702] [solver_node]: 数据详情:
- 第一个元素类型: <class 'float'>
- 整个数组类型: <class 'array.array'>
- 数组长度: 4
- 示例值: array('f', [0.0, 4.665999889373779, 3.7869999408721924, 5.369999885559082])
[INFO] [1753424129.889219520] [solver_node]: 调用求解器前，distances shape: (4,), values: [       nan 4.66599989 3.78699994 5.36999989]
[INFO] [1753424129.892337292] [solver_node]: [PoseSolver] 第0个组合有4个有效解
[INFO] [1753424129.893937748] [solver_node]: [PoseSolver] 处理完第0个组合后的筛选结果:
[INFO] [1753424129.895616509] [solver_node]: [PoseSolver] 排序后的最终筛选结果:
[INFO] [1753424129.897359399] [solver_node]: [PoseSolver] 找到4个完美相容解 (相容数=N)
[INFO] [1753424129.898988463] [solver_node]: 求解器返回结果: [((4.226770858078017, 4.2287708580780174), (3.373876759570993, 3.3758767595709926), -0.9972858023302216), ((4.003892498399789, 4.005892498399789), (3.370604671000826, 3.372604671000826), -2.224233295800749), ((5.769229141921982, 5.7712291419219826), (4.624123240429007, 4.626123240429008), 2.1443068512595715), ((5.99210750160021, 5.994107501600211), (4.627395328999174, 4.629395328999174), 0.9173593577890439)]
[INFO] [1753424129.988303931] [solver_node]: 数据详情:
- 第一个元素类型: <class 'float'>
- 整个数组类型: <class 'array.array'>
- 数组长度: 4
- 示例值: array('f', [0.0, 4.665999889373779, 3.7869999408721924, 5.369999885559082])
[INFO] [1753424129.989876193] [solver_node]: 调用求解器前，distances shape: (4,), values: [       nan 4.66599989 3.78699994 5.36999989]
[INFO] [1753424129.993244147] [solver_node]: [PoseSolver] 第0个组合有4个有效解
[INFO] [1753424129.995230244] [solver_node]: [PoseSolver] 处理完第0个组合后的筛选结果:
[INFO] [1753424129.996769610] [solver_node]: [PoseSolver] 排序后的最终筛选结果:
[INFO] [1753424129.998462931] [solver_node]: [PoseSolver] 找到4个完美相容解 (相容数=N)
[INFO] [1753424129.999426443] [solver_node]: 求解器返回结果: [((4.226770858078017, 4.2287708580780174), (3.373876759570993, 3.3758767595709926), -0.9972858023302216), ((4.003892498399789, 4.005892498399789), (3.370604671000826, 3.372604671000826), -2.224233295800749), ((5.769229141921982, 5.7712291419219826), (4.624123240429007, 4.626123240429008), 2.1443068512595715), ((5.99210750160021, 5.994107501600211), (4.627395328999174, 4.629395328999174), 0.9173593577890439)]
[INFO] [1753424130.087853408] [solver_node]: 数据详情:
- 第一个元素类型: <class 'float'>
- 整个数组类型: <class 'array.array'>
- 数组长度: 4
- 示例值: array('f', [0.0, 4.665999889373779, 3.7869999408721924, 5.369999885559082])
[INFO] [1753424130.089367110] [solver_node]: 调用求解器前，distances shape: (4,), values: [       nan 4.66599989 3.78699994 5.36999989]
[INFO] [1753424130.093088929] [solver_node]: [PoseSolver] 第0个组合有4个有效解
[INFO] [1753424130.094034136] [solver_node]: [PoseSolver] 处理完第0个组合后的筛选结果:
[INFO] [1753424130.094840588] [solver_node]: [PoseSolver] 排序后的最终筛选结果:
[INFO] [1753424130.095617407] [solver_node]: [PoseSolver] 找到4个完美相容解 (相容数=N)
[INFO] [1753424130.096378929] [solver_node]: 求解器返回结果: [((4.226770858078017, 4.2287708580780174), (3.373876759570993, 3.3758767595709926), -0.9972858023302216), ((4.003892498399789, 4.005892498399789), (3.370604671000826, 3.372604671000826), -2.224233295800749), ((5.769229141921982, 5.7712291419219826), (4.624123240429007, 4.626123240429008), 2.1443068512595715), ((5.99210750160021, 5.994107501600211), (4.627395328999174, 4.629395328999174), 0.9173593577890439)]
[INFO] [1753424130.187997301] [solver_node]: 数据详情:
- 第一个元素类型: <class 'float'>
- 整个数组类型: <class 'array.array'>
- 数组长度: 4
- 示例值: array('f', [0.0, 4.665999889373779, 3.7869999408721924, 5.369999885559082])
[INFO] [1753424130.189431288] [solver_node]: 调用求解器前，distances shape: (4,), values: [       nan 4.66599989 3.78699994 5.36999989]
[INFO] [1753424130.192544964] [solver_node]: [PoseSolver] 第0个组合有4个有效解
[INFO] [1753424130.193331128] [solver_node]: [PoseSolver] 处理完第0个组合后的筛选结果:
[INFO] [1753424130.194045417] [solver_node]: [PoseSolver] 排序后的最终筛选结果:
[INFO] [1753424130.194752250] [solver_node]: [PoseSolver] 找到4个完美相容解 (相容数=N)
[INFO] [1753424130.195505453] [solver_node]: 求解器返回结果: [((4.226770858078017, 4.2287708580780174), (3.373876759570993, 3.3758767595709926), -0.9972858023302216), ((4.003892498399789, 4.005892498399789), (3.370604671000826, 3.372604671000826), -2.224233295800749), ((5.769229141921982, 5.7712291419219826), (4.624123240429007, 4.626123240429008), 2.1443068512595715), ((5.99210750160021, 5.994107501600211), (4.627395328999174, 4.629395328999174), 0.9173593577890439)]
[INFO] [1753424130.288167690] [solver_node]: 数据详情:
- 第一个元素类型: <class 'float'>
- 整个数组类型: <class 'array.array'>
- 数组长度: 4
- 示例值: array('f', [0.0, 4.665999889373779, 3.7869999408721924, 5.369999885559082])
[INFO] [1753424130.289564204] [solver_node]: 调用求解器前，distances shape: (4,), values: [       nan 4.66599989 3.78699994 5.36999989]
[INFO] [1753424130.292768635] [solver_node]: [PoseSolver] 第0个组合有4个有效解
[INFO] [1753424130.293627984] [solver_node]: [PoseSolver] 处理完第0个组合后的筛选结果:
[INFO] [1753424130.294349570] [solver_node]: [PoseSolver] 排序后的最终筛选结果:
[INFO] [1753424130.295044915] [solver_node]: [PoseSolver] 找到4个完美相容解 (相容数=N)
[INFO] [1753424130.295747300] [solver_node]: 求解器返回结果: [((4.226770858078017, 4.2287708580780174), (3.373876759570993, 3.3758767595709926), -0.9972858023302216), ((4.003892498399789, 4.005892498399789), (3.370604671000826, 3.372604671000826), -2.224233295800749), ((5.769229141921982, 5.7712291419219826), (4.624123240429007, 4.626123240429008), 2.1443068512595715), ((5.99210750160021, 5.994107501600211), (4.627395328999174, 4.629395328999174), 0.9173593577890439)]
[INFO] [1753424130.388128538] [solver_node]: 数据详情:
- 第一个元素类型: <class 'float'>
- 整个数组类型: <class 'array.array'>
- 数组长度: 4
- 示例值: array('f', [0.0, 4.665999889373779, 3.7869999408721924, 5.369999885559082])
[INFO] [1753424130.389729601] [solver_node]: 调用求解器前，distances shape: (4,), values: [       nan 4.66599989 3.78699994 5.36999989]
[INFO] [1753424130.393007890] [solver_node]: [PoseSolver] 第0个组合有4个有效解
[INFO] [1753424130.393868999] [solver_node]: [PoseSolver] 处理完第0个组合后的筛选结果:
[INFO] [1753424130.394652090] [solver_node]: [PoseSolver] 排序后的最终筛选结果:
[INFO] [1753424130.395385356] [solver_node]: [PoseSolver] 找到4个完美相容解 (相容数=N)
[INFO] [1753424130.396326019] [solver_node]: 求解器返回结果: [((4.226770858078017, 4.2287708580780174), (3.373876759570993, 3.3758767595709926), -0.9972858023302216), ((4.003892498399789, 4.005892498399789), (3.370604671000826, 3.372604671000826), -2.224233295800749), ((5.769229141921982, 5.7712291419219826), (4.624123240429007, 4.626123240429008), 2.1443068512595715), ((5.99210750160021, 5.994107501600211), (4.627395328999174, 4.629395328999174), 0.9173593577890439)]
[INFO] [1753424130.489325032] [solver_node]: 数据详情:
- 第一个元素类型: <class 'float'>
- 整个数组类型: <class 'array.array'>
- 数组长度: 4
- 示例值: array('f', [0.0, 4.665999889373779, 3.7869999408721924, 5.369999885559082])
[INFO] [1753424130.490807053] [solver_node]: 调用求解器前，distances shape: (4,), values: [       nan 4.66599989 3.78699994 5.36999989]
[INFO] [1753424130.493952314] [solver_node]: [PoseSolver] 第0个组合有4个有效解
[INFO] [1753424130.494762126] [solver_node]: [PoseSolver] 处理完第0个组合后的筛选结果:
[INFO] [1753424130.495441374] [solver_node]: [PoseSolver] 排序后的最终筛选结果:
[INFO] [1753424130.497435055] [solver_node]: [PoseSolver] 找到4个完美相容解 (相容数=N)
[INFO] [1753424130.498340261] [solver_node]: 求解器返回结果: [((4.226770858078017, 4.2287708580780174), (3.373876759570993, 3.3758767595709926), -0.9972858023302216), ((4.003892498399789, 4.005892498399789), (3.370604671000826, 3.372604671000826), -2.224233295800749), ((5.769229141921982, 5.7712291419219826), (4.624123240429007, 4.626123240429008), 2.1443068512595715), ((5.99210750160021, 5.994107501600211), (4.627395328999174, 4.629395328999174), 0.9173593577890439)]
[INFO] [1753424130.588781356] [solver_node]: 数据详情:
- 第一个元素类型: <class 'float'>
- 整个数组类型: <class 'array.array'>
- 数组长度: 4
- 示例值: array('f', [0.0, 4.665999889373779, 3.7869999408721924, 5.369999885559082])
[INFO] [1753424130.590391220] [solver_node]: 调用求解器前，distances shape: (4,), values: [       nan 4.66599989 3.78699994 5.36999989]
[INFO] [1753424130.595628052] [solver_node]: [PoseSolver] 第0个组合有4个有效解
[INFO] [1753424130.596582667] [solver_node]: [PoseSolver] 处理完第0个组合后的筛选结果:
[INFO] [1753424130.597349214] [solver_node]: [PoseSolver] 排序后的最终筛选结果:
[INFO] [1753424130.598145361] [solver_node]: [PoseSolver] 找到4个完美相容解 (相容数=N)
[INFO] [1753424130.598981542] [solver_node]: 求解器返回结果: [((4.226770858078017, 4.2287708580780174), (3.373876759570993, 3.3758767595709926), -0.9972858023302216), ((4.003892498399789, 4.005892498399789), (3.370604671000826, 3.372604671000826), -2.224233295800749), ((5.769229141921982, 5.7712291419219826), (4.624123240429007, 4.626123240429008), 2.1443068512595715), ((5.99210750160021, 5.994107501600211), (4.627395328999174, 4.629395328999174), 0.9173593577890439)]
[INFO] [1753424130.688206671] [solver_node]: 数据详情:
- 第一个元素类型: <class 'float'>
- 整个数组类型: <class 'array.array'>
- 数组长度: 4
- 示例值: array('f', [0.0, 4.665999889373779, 3.7869999408721924, 5.369999885559082])
[INFO] [1753424130.689688915] [solver_node]: 调用求解器前，distances shape: (4,), values: [       nan 4.66599989 3.78699994 5.36999989]
[INFO] [1753424130.693058438] [solver_node]: [PoseSolver] 第0个组合有4个有效解
[INFO] [1753424130.693873850] [solver_node]: [PoseSolver] 处理完第0个组合后的筛选结果:
[INFO] [1753424130.695292221] [solver_node]: [PoseSolver] 排序后的最终筛选结果:
[INFO] [1753424130.696051343] [solver_node]: [PoseSolver] 找到4个完美相容解 (相容数=N)
[INFO] [1753424130.696791521] [solver_node]: 求解器返回结果: [((4.226770858078017, 4.2287708580780174), (3.373876759570993, 3.3758767595709926), -0.9972858023302216), ((4.003892498399789, 4.005892498399789), (3.370604671000826, 3.372604671000826), -2.224233295800749), ((5.769229141921982, 5.7712291419219826), (4.624123240429007, 4.626123240429008), 2.1443068512595715), ((5.99210750160021, 5.994107501600211), (4.627395328999174, 4.629395328999174), 0.9173593577890439)]
[INFO] [1753424130.787973114] [solver_node]: 数据详情:
- 第一个元素类型: <class 'float'>
- 整个数组类型: <class 'array.array'>
- 数组长度: 4
- 示例值: array('f', [0.0, 4.665999889373779, 3.7869999408721924, 5.369999885559082])
[INFO] [1753424130.789449790] [solver_node]: 调用求解器前，distances shape: (4,), values: [       nan 4.66599989 3.78699994 5.36999989]
[INFO] [1753424130.792747119] [solver_node]: [PoseSolver] 第0个组合有4个有效解
[INFO] [1753424130.794597917] [solver_node]: [PoseSolver] 处理完第0个组合后的筛选结果:
[INFO] [1753424130.795487474] [solver_node]: [PoseSolver] 排序后的最终筛选结果:
[INFO] [1753424130.796341095] [solver_node]: [PoseSolver] 找到4个完美相容解 (相容数=N)
[INFO] [1753424130.797186716] [solver_node]: 求解器返回结果: [((4.226770858078017, 4.2287708580780174), (3.373876759570993, 3.3758767595709926), -0.9972858023302216), ((4.003892498399789, 4.005892498399789), (3.370604671000826, 3.372604671000826), -2.224233295800749), ((5.769229141921982, 5.7712291419219826), (4.624123240429007, 4.626123240429008), 2.1443068512595715), ((5.99210750160021, 5.994107501600211), (4.627395328999174, 4.629395328999174), 0.9173593577890439)]
[INFO] [1753424130.888097422] [solver_node]: 数据详情:
- 第一个元素类型: <class 'float'>
- 整个数组类型: <class 'array.array'>
- 数组长度: 4
- 示例值: array('f', [0.0, 4.665999889373779, 3.7869999408721924, 5.369999885559082])
[INFO] [1753424130.889591891] [solver_node]: 调用求解器前，distances shape: (4,), values: [       nan 4.66599989 3.78699994 5.36999989]
[INFO] [1753424130.892942597] [solver_node]: [PoseSolver] 第0个组合有4个有效解
[INFO] [1753424130.893794842] [solver_node]: [PoseSolver] 处理完第0个组合后的筛选结果:
[INFO] [1753424130.894533676] [solver_node]: [PoseSolver] 排序后的最终筛选结果:
[INFO] [1753424130.895282910] [solver_node]: [PoseSolver] 找到4个完美相容解 (相容数=N)
[INFO] [1753424130.896023184] [solver_node]: 求解器返回结果: [((4.226770858078017, 4.2287708580780174), (3.373876759570993, 3.3758767595709926), -0.9972858023302216), ((4.003892498399789, 4.005892498399789), (3.370604671000826, 3.372604671000826), -2.224233295800749), ((5.769229141921982, 5.7712291419219826), (4.624123240429007, 4.626123240429008), 2.1443068512595715), ((5.99210750160021, 5.994107501600211), (4.627395328999174, 4.629395328999174), 0.9173593577890439)]
[INFO] [1753424130.988008253] [solver_node]: 数据详情:
- 第一个元素类型: <class 'float'>
- 整个数组类型: <class 'array.array'>
- 数组长度: 4
- 示例值: array('f', [0.0, 4.665999889373779, 3.7869999408721924, 5.369999885559082])
[INFO] [1753424130.989459425] [solver_node]: 调用求解器前，distances shape: (4,), values: [       nan 4.66599989 3.78699994 5.36999989]
[INFO] [1753424130.992682064] [solver_node]: [PoseSolver] 第0个组合有4个有效解
[INFO] [1753424130.993489859] [solver_node]: [PoseSolver] 处理完第0个组合后的筛选结果:
[INFO] [1753424130.994191861] [solver_node]: [PoseSolver] 排序后的最终筛选结果:
[INFO] [1753424130.994917126] [solver_node]: [PoseSolver] 找到4个完美相容解 (相容数=N)
[INFO] [1753424130.996466028] [solver_node]: 求解器返回结果: [((4.226770858078017, 4.2287708580780174), (3.373876759570993, 3.3758767595709926), -0.9972858023302216), ((4.003892498399789, 4.005892498399789), (3.370604671000826, 3.372604671000826), -2.224233295800749), ((5.769229141921982, 5.7712291419219826), (4.624123240429007, 4.626123240429008), 2.1443068512595715), ((5.99210750160021, 5.994107501600211), (4.627395328999174, 4.629395328999174), 0.9173593577890439)]
[INFO] [1753424131.091166812] [solver_node]: 数据详情:
- 第一个元素类型: <class 'float'>
- 整个数组类型: <class 'array.array'>
- 数组长度: 4
- 示例值: array('f', [0.0, 4.665999889373779, 3.7869999408721924, 5.369999885559082])
[INFO] [1753424131.093167469] [solver_node]: 调用求解器前，distances shape: (4,), values: [       nan 4.66599989 3.78699994 5.36999989]
[INFO] [1753424131.096491710] [solver_node]: [PoseSolver] 第0个组合有4个有效解
[INFO] [1753424131.097308690] [solver_node]: [PoseSolver] 处理完第0个组合后的筛选结果:
[INFO] [1753424131.098011459] [solver_node]: [PoseSolver] 排序后的最终筛选结果:
[INFO] [1753424131.098709076] [solver_node]: [PoseSolver] 找到4个完美相容解 (相容数=N)
[INFO] [1753424131.099475911] [solver_node]: 求解器返回结果: [((4.226770858078017, 4.2287708580780174), (3.373876759570993, 3.3758767595709926), -0.9972858023302216), ((4.003892498399789, 4.005892498399789), (3.370604671000826, 3.372604671000826), -2.224233295800749), ((5.769229141921982, 5.7712291419219826), (4.624123240429007, 4.626123240429008), 2.1443068512595715), ((5.99210750160021, 5.994107501600211), (4.627395328999174, 4.629395328999174), 0.9173593577890439)]
[INFO] [1753424131.187815131] [solver_node]: 数据详情:
- 第一个元素类型: <class 'float'>
- 整个数组类型: <class 'array.array'>
- 数组长度: 4
- 示例值: array('f', [0.0, 4.665999889373779, 3.7869999408721924, 5.369999885559082])
[INFO] [1753424131.189404098] [solver_node]: 调用求解器前，distances shape: (4,), values: [       nan 4.66599989 3.78699994 5.36999989]
[INFO] [1753424131.192599152] [solver_node]: [PoseSolver] 第0个组合有4个有效解
[INFO] [1753424131.193383267] [solver_node]: [PoseSolver] 处理完第0个组合后的筛选结果:
[INFO] [1753424131.194112757] [solver_node]: [PoseSolver] 排序后的最终筛选结果:
[INFO] [1753424131.194834663] [solver_node]: [PoseSolver] 找到4个完美相容解 (相容数=N)
[INFO] [1753424131.195524984] [solver_node]: 求解器返回结果: [((4.226770858078017, 4.2287708580780174), (3.373876759570993, 3.3758767595709926), -0.9972858023302216), ((4.003892498399789, 4.005892498399789), (3.370604671000826, 3.372604671000826), -2.224233295800749), ((5.769229141921982, 5.7712291419219826), (4.624123240429007, 4.626123240429008), 2.1443068512595715), ((5.99210750160021, 5.994107501600211), (4.627395328999174, 4.629395328999174), 0.9173593577890439)]
[INFO] [1753424131.291207775] [solver_node]: 数据详情:
- 第一个元素类型: <class 'float'>
- 整个数组类型: <class 'array.array'>
- 数组长度: 4
- 示例值: array('f', [0.0, 4.665999889373779, 3.7869999408721924, 5.369999885559082])
[INFO] [1753424131.292975914] [solver_node]: 调用求解器前，distances shape: (4,), values: [       nan 4.66599989 3.78699994 5.36999989]
[INFO] [1753424131.296216442] [solver_node]: [PoseSolver] 第0个组合有4个有效解
[INFO] [1753424131.297019277] [solver_node]: [PoseSolver] 处理完第0个组合后的筛选结果:
[INFO] [1753424131.297728607] [solver_node]: [PoseSolver] 排序后的最终筛选结果:
[INFO] [1753424131.298435632] [solver_node]: [PoseSolver] 找到4个完美相容解 (相容数=N)
[INFO] [1753424131.299157282] [solver_node]: 求解器返回结果: [((4.226770858078017, 4.2287708580780174), (3.373876759570993, 3.3758767595709926), -0.9972858023302216), ((4.003892498399789, 4.005892498399789), (3.370604671000826, 3.372604671000826), -2.224233295800749), ((5.769229141921982, 5.7712291419219826), (4.624123240429007, 4.626123240429008), 2.1443068512595715), ((5.99210750160021, 5.994107501600211), (4.627395328999174, 4.629395328999174), 0.9173593577890439)]
[INFO] [1753424131.388333834] [solver_node]: 数据详情:
- 第一个元素类型: <class 'float'>
- 整个数组类型: <class 'array.array'>
- 数组长度: 4
- 示例值: array('f', [0.0, 4.665999889373779, 3.7869999408721924, 5.369999885559082])
[INFO] [1753424131.389749869] [solver_node]: 调用求解器前，distances shape: (4,), values: [       nan 4.66599989 3.78699994 5.36999989]
[INFO] [1753424131.393012541] [solver_node]: [PoseSolver] 第0个组合有4个有效解
[INFO] [1753424131.393822288] [solver_node]: [PoseSolver] 处理完第0个组合后的筛选结果:
[INFO] [1753424131.394652421] [solver_node]: [PoseSolver] 排序后的最终筛选结果:
[INFO] [1753424131.395367958] [solver_node]: [PoseSolver] 找到4个完美相容解 (相容数=N)
[INFO] [1753424131.396067431] [solver_node]: 求解器返回结果: [((4.226770858078017, 4.2287708580780174), (3.373876759570993, 3.3758767595709926), -0.9972858023302216), ((4.003892498399789, 4.005892498399789), (3.370604671000826, 3.372604671000826), -2.224233295800749), ((5.769229141921982, 5.7712291419219826), (4.624123240429007, 4.626123240429008), 2.1443068512595715), ((5.99210750160021, 5.994107501600211), (4.627395328999174, 4.629395328999174), 0.9173593577890439)]
[INFO] [1753424131.488468254] [solver_node]: 数据详情:
- 第一个元素类型: <class 'float'>
- 整个数组类型: <class 'array.array'>
- 数组长度: 4
- 示例值: array('f', [0.0, 4.665999889373779, 3.7869999408721924, 5.369999885559082])
[INFO] [1753424131.490001444] [solver_node]: 调用求解器前，distances shape: (4,), values: [       nan 4.66599989 3.78699994 5.36999989]
[INFO] [1753424131.493770272] [solver_node]: [PoseSolver] 第0个组合有4个有效解
[INFO] [1753424131.494617397] [solver_node]: [PoseSolver] 处理完第0个组合后的筛选结果:
[INFO] [1753424131.495401032] [solver_node]: [PoseSolver] 排序后的最终筛选结果:
[INFO] [1753424131.496109882] [solver_node]: [PoseSolver] 找到4个完美相容解 (相容数=N)
[INFO] [1753424131.496827851] [solver_node]: 求解器返回结果: [((4.226770858078017, 4.2287708580780174), (3.373876759570993, 3.3758767595709926), -0.9972858023302216), ((4.003892498399789, 4.005892498399789), (3.370604671000826, 3.372604671000826), -2.224233295800749), ((5.769229141921982, 5.7712291419219826), (4.624123240429007, 4.626123240429008), 2.1443068512595715), ((5.99210750160021, 5.994107501600211), (4.627395328999174, 4.629395328999174), 0.9173593577890439)]
[INFO] [1753424131.587782687] [solver_node]: 数据详情:
- 第一个元素类型: <class 'float'>
- 整个数组类型: <class 'array.array'>
- 数组长度: 4
- 示例值: array('f', [0.0, 4.665999889373779, 3.7869999408721924, 5.369999885559082])
[INFO] [1753424131.589266403] [solver_node]: 调用求解器前，distances shape: (4,), values: [       nan 4.66599989 3.78699994 5.36999989]
[INFO] [1753424131.592533363] [solver_node]: [PoseSolver] 第0个组合有4个有效解
[INFO] [1753424131.593381960] [solver_node]: [PoseSolver] 处理完第0个组合后的筛选结果:
[INFO] [1753424131.594177499] [solver_node]: [PoseSolver] 排序后的最终筛选结果:
[INFO] [1753424131.594978095] [solver_node]: [PoseSolver] 找到4个完美相容解 (相容数=N)
[INFO] [1753424131.595746594] [solver_node]: 求解器返回结果: [((4.226770858078017, 4.2287708580780174), (3.373876759570993, 3.3758767595709926), -0.9972858023302216), ((4.003892498399789, 4.005892498399789), (3.370604671000826, 3.372604671000826), -2.224233295800749), ((5.769229141921982, 5.7712291419219826), (4.624123240429007, 4.626123240429008), 2.1443068512595715), ((5.99210750160021, 5.994107501600211), (4.627395328999174, 4.629395328999174), 0.9173593577890439)]
[INFO] [1753424131.688383423] [solver_node]: 数据详情:
- 第一个元素类型: <class 'float'>
- 整个数组类型: <class 'array.array'>
- 数组长度: 4
- 示例值: array('f', [0.0, 4.665999889373779, 3.7869999408721924, 5.369999885559082])
[INFO] [1753424131.690000742] [solver_node]: 调用求解器前，distances shape: (4,), values: [       nan 4.66599989 3.78699994 5.36999989]
[INFO] [1753424131.694105579] [solver_node]: [PoseSolver] 第0个组合有4个有效解
[INFO] [1753424131.695037954] [solver_node]: [PoseSolver] 处理完第0个组合后的筛选结果:
[INFO] [1753424131.695769204] [solver_node]: [PoseSolver] 排序后的最终筛选结果:
[INFO] [1753424131.696501222] [solver_node]: [PoseSolver] 找到4个完美相容解 (相容数=N)
[INFO] [1753424131.697214775] [solver_node]: 求解器返回结果: [((4.226770858078017, 4.2287708580780174), (3.373876759570993, 3.3758767595709926), -0.9972858023302216), ((4.003892498399789, 4.005892498399789), (3.370604671000826, 3.372604671000826), -2.224233295800749), ((5.769229141921982, 5.7712291419219826), (4.624123240429007, 4.626123240429008), 2.1443068512595715), ((5.99210750160021, 5.994107501600211), (4.627395328999174, 4.629395328999174), 0.9173593577890439)]
[INFO] [1753424131.787895716] [solver_node]: 数据详情:
- 第一个元素类型: <class 'float'>
- 整个数组类型: <class 'array.array'>
- 数组长度: 4
- 示例值: array('f', [0.0, 4.665999889373779, 3.7869999408721924, 5.369999885559082])
[INFO] [1753424131.789369000] [solver_node]: 调用求解器前，distances shape: (4,), values: [       nan 4.66599989 3.78699994 5.36999989]
[INFO] [1753424131.792973408] [solver_node]: [PoseSolver] 第0个组合有4个有效解
[INFO] [1753424131.793831157] [solver_node]: [PoseSolver] 处理完第0个组合后的筛选结果:
[INFO] [1753424131.794571080] [solver_node]: [PoseSolver] 排序后的最终筛选结果:
[INFO] [1753424131.795284633] [solver_node]: [PoseSolver] 找到4个完美相容解 (相容数=N)
[INFO] [1753424131.796022955] [solver_node]: 求解器返回结果: [((4.226770858078017, 4.2287708580780174), (3.373876759570993, 3.3758767595709926), -0.9972858023302216), ((4.003892498399789, 4.005892498399789), (3.370604671000826, 3.372604671000826), -2.224233295800749), ((5.769229141921982, 5.7712291419219826), (4.624123240429007, 4.626123240429008), 2.1443068512595715), ((5.99210750160021, 5.994107501600211), (4.627395328999174, 4.629395328999174), 0.9173593577890439)]
[INFO] [1753424131.891282664] [solver_node]: 数据详情:
- 第一个元素类型: <class 'float'>
- 整个数组类型: <class 'array.array'>
- 数组长度: 4
- 示例值: array('f', [0.0, 4.665999889373779, 3.7869999408721924, 5.369999885559082])
[INFO] [1753424131.893356507] [solver_node]: 调用求解器前，distances shape: (4,), values: [       nan 4.66599989 3.78699994 5.36999989]
[INFO] [1753424131.896702157] [solver_node]: [PoseSolver] 第0个组合有4个有效解
[INFO] [1753424131.897561634] [solver_node]: [PoseSolver] 处理完第0个组合后的筛选结果:
[INFO] [1753424131.898509977] [solver_node]: [PoseSolver] 排序后的最终筛选结果:
[INFO] [1753424131.899352910] [solver_node]: [PoseSolver] 找到4个完美相容解 (相容数=N)
[INFO] [1753424131.900161602] [solver_node]: 求解器返回结果: [((4.226770858078017, 4.2287708580780174), (3.373876759570993, 3.3758767595709926), -0.9972858023302216), ((4.003892498399789, 4.005892498399789), (3.370604671000826, 3.372604671000826), -2.224233295800749), ((5.769229141921982, 5.7712291419219826), (4.624123240429007, 4.626123240429008), 2.1443068512595715), ((5.99210750160021, 5.994107501600211), (4.627395328999174, 4.629395328999174), 0.9173593577890439)]
[INFO] [1753424131.988130092] [solver_node]: 数据详情:
- 第一个元素类型: <class 'float'>
- 整个数组类型: <class 'array.array'>
- 数组长度: 4
- 示例值: array('f', [0.0, 4.665999889373779, 3.7869999408721924, 5.369999885559082])
[INFO] [1753424131.989586416] [solver_node]: 调用求解器前，distances shape: (4,), values: [       nan 4.66599989 3.78699994 5.36999989]
[INFO] [1753424131.992773086] [solver_node]: [PoseSolver] 第0个组合有4个有效解
[INFO] [1753424131.994486536] [solver_node]: [PoseSolver] 处理完第0个组合后的筛选结果:
[INFO] [1753424131.995292156] [solver_node]: [PoseSolver] 排序后的最终筛选结果:
[INFO] [1753424131.995996109] [solver_node]: [PoseSolver] 找到4个完美相容解 (相容数=N)
[INFO] [1753424131.996712446] [solver_node]: 求解器返回结果: [((4.226770858078017, 4.2287708580780174), (3.373876759570993, 3.3758767595709926), -0.9972858023302216), ((4.003892498399789, 4.005892498399789), (3.370604671000826, 3.372604671000826), -2.224233295800749), ((5.769229141921982, 5.7712291419219826), (4.624123240429007, 4.626123240429008), 2.1443068512595715), ((5.99210750160021, 5.994107501600211), (4.627395328999174, 4.629395328999174), 0.9173593577890439)]
[INFO] [1753424132.088204095] [solver_node]: 数据详情:
- 第一个元素类型: <class 'float'>
- 整个数组类型: <class 'array.array'>
- 数组长度: 4
- 示例值: array('f', [0.0, 4.665999889373779, 3.7869999408721924, 5.369999885559082])
[INFO] [1753424132.089722053] [solver_node]: 调用求解器前，distances shape: (4,), values: [       nan 4.66599989 3.78699994 5.36999989]
[INFO] [1753424132.093152057] [solver_node]: [PoseSolver] 第0个组合有4个有效解
[INFO] [1753424132.094005517] [solver_node]: [PoseSolver] 处理完第0个组合后的筛选结果:
[INFO] [1753424132.094788449] [solver_node]: [PoseSolver] 排序后的最终筛选结果:
[INFO] [1753424132.095518611] [solver_node]: [PoseSolver] 找到4个完美相容解 (相容数=N)
[INFO] [1753424132.096267909] [solver_node]: 求解器返回结果: [((4.226770858078017, 4.2287708580780174), (3.373876759570993, 3.3758767595709926), -0.9972858023302216), ((4.003892498399789, 4.005892498399789), (3.370604671000826, 3.372604671000826), -2.224233295800749), ((5.769229141921982, 5.7712291419219826), (4.624123240429007, 4.626123240429008), 2.1443068512595715), ((5.99210750160021, 5.994107501600211), (4.627395328999174, 4.629395328999174), 0.9173593577890439)]
[INFO] [1753424132.188295059] [solver_node]: 数据详情:
- 第一个元素类型: <class 'float'>
- 整个数组类型: <class 'array.array'>
- 数组长度: 4
- 示例值: array('f', [0.0, 4.665999889373779, 3.7869999408721924, 5.369999885559082])
[INFO] [1753424132.190367398] [solver_node]: 调用求解器前，distances shape: (4,), values: [       nan 4.66599989 3.78699994 5.36999989]
[INFO] [1753424132.194228932] [solver_node]: [PoseSolver] 第0个组合有4个有效解
[INFO] [1753424132.195067193] [solver_node]: [PoseSolver] 处理完第0个组合后的筛选结果:
[INFO] [1753424132.195811467] [solver_node]: [PoseSolver] 排序后的最终筛选结果:
[INFO] [1753424132.199318881] [solver_node]: [PoseSolver] 找到4个完美相容解 (相容数=N)
[INFO] [1753424132.205433111] [solver_node]: 求解器返回结果: [((4.226770858078017, 4.2287708580780174), (3.373876759570993, 3.3758767595709926), -0.9972858023302216), ((4.003892498399789, 4.005892498399789), (3.370604671000826, 3.372604671000826), -2.224233295800749), ((5.769229141921982, 5.7712291419219826), (4.624123240429007, 4.626123240429008), 2.1443068512595715), ((5.99210750160021, 5.994107501600211), (4.627395328999174, 4.629395328999174), 0.9173593577890439)]
[INFO] [1753424132.289055927] [solver_node]: 数据详情:
- 第一个元素类型: <class 'float'>
- 整个数组类型: <class 'array.array'>
- 数组长度: 4
- 示例值: array('f', [0.0, 4.665999889373779, 3.7869999408721924, 5.369999885559082])
[INFO] [1753424132.290496058] [solver_node]: 调用求解器前，distances shape: (4,), values: [       nan 4.66599989 3.78699994 5.36999989]
[INFO] [1753424132.293820716] [solver_node]: [PoseSolver] 第0个组合有4个有效解
[INFO] [1753424132.295310384] [solver_node]: [PoseSolver] 处理完第0个组合后的筛选结果:
[INFO] [1753424132.296655505] [solver_node]: [PoseSolver] 排序后的最终筛选结果:
[INFO] [1753424132.297982450] [solver_node]: [PoseSolver] 找到4个完美相容解 (相容数=N)
[INFO] [1753424132.299462134] [solver_node]: 求解器返回结果: [((4.226770858078017, 4.2287708580780174), (3.373876759570993, 3.3758767595709926), -0.9972858023302216), ((4.003892498399789, 4.005892498399789), (3.370604671000826, 3.372604671000826), -2.224233295800749), ((5.769229141921982, 5.7712291419219826), (4.624123240429007, 4.626123240429008), 2.1443068512595715), ((5.99210750160021, 5.994107501600211), (4.627395328999174, 4.629395328999174), 0.9173593577890439)]
[INFO] [1753424132.387860907] [solver_node]: 数据详情:
- 第一个元素类型: <class 'float'>
- 整个数组类型: <class 'array.array'>
- 数组长度: 4
- 示例值: array('f', [0.0, 4.665999889373779, 2.1019999980926514, 5.369999885559082])
[INFO] [1753424132.389312143] [solver_node]: 调用求解器前，distances shape: (4,), values: [       nan 4.66599989 2.102      5.36999989]
[INFO] [1753424132.392625664] [solver_node]: [PoseSolver] 第0个组合有4个有效解
[INFO] [1753424132.393444916] [solver_node]: [PoseSolver] 处理完第0个组合后的筛选结果:
[INFO] [1753424132.394174534] [solver_node]: [PoseSolver] 排序后的最终筛选结果:
[INFO] [1753424132.394898456] [solver_node]: [PoseSolver] 找到4个完美相容解 (相容数=N)
[INFO] [1753424132.395600489] [solver_node]: 求解器返回结果: [((5.005973504711803, 5.007973504711804), (2.403998741736684, 2.405998741736684), -1.4612092198406819), ((4.931961466203136, 4.933961466203137), (2.417890500728738, 2.4198905007287377), -1.776930828536993), ((4.990026495288196, 4.992026495288196), (5.594001258263316, 5.596001258263317), 1.6803834337491108), ((5.064038533796863, 5.066038533796863), (5.580109499271262, 5.5821094992712625), 1.3646618250528002)]
[INFO] [1753424132.488935703] [solver_node]: 数据详情:
- 第一个元素类型: <class 'float'>
- 整个数组类型: <class 'array.array'>
- 数组长度: 4
- 示例值: array('f', [0.0, 4.665999889373779, 2.1019999980926514, 5.369999885559082])
[INFO] [1753424132.492300393] [solver_node]: 调用求解器前，distances shape: (4,), values: [       nan 4.66599989 2.102      5.36999989]
[INFO] [1753424132.495495960] [solver_node]: [PoseSolver] 第0个组合有4个有效解
[INFO] [1753424132.496290283] [solver_node]: [PoseSolver] 处理完第0个组合后的筛选结果:
[INFO] [1753424132.497019773] [solver_node]: [PoseSolver] 排序后的最终筛选结果:
[INFO] [1753424132.497715662] [solver_node]: [PoseSolver] 找到4个完美相容解 (相容数=N)
[INFO] [1753424132.498405151] [solver_node]: 求解器返回结果: [((5.005973504711803, 5.007973504711804), (2.403998741736684, 2.405998741736684), -1.4612092198406819), ((4.931961466203136, 4.933961466203137), (2.417890500728738, 2.4198905007287377), -1.776930828536993), ((4.990026495288196, 4.992026495288196), (5.594001258263316, 5.596001258263317), 1.6803834337491108), ((5.064038533796863, 5.066038533796863), (5.580109499271262, 5.5821094992712625), 1.3646618250528002)]
[INFO] [1753424132.588071955] [solver_node]: 数据详情:
- 第一个元素类型: <class 'float'>
- 整个数组类型: <class 'array.array'>
- 数组长度: 4
- 示例值: array('f', [0.0, 4.665999889373779, 2.1019999980926514, 5.369999885559082])
[INFO] [1753424132.590600593] [solver_node]: 调用求解器前，distances shape: (4,), values: [       nan 4.66599989 2.102      5.36999989]
[INFO] [1753424132.594461840] [solver_node]: [PoseSolver] 第0个组合有4个有效解
[INFO] [1753424132.596085912] [solver_node]: [PoseSolver] 处理完第0个组合后的筛选结果:
[INFO] [1753424132.597419768] [solver_node]: [PoseSolver] 排序后的最终筛选结果:
[INFO] [1753424132.598168843] [solver_node]: [PoseSolver] 找到4个完美相容解 (相容数=N)
[INFO] [1753424132.598932477] [solver_node]: 求解器返回结果: [((5.005973504711803, 5.007973504711804), (2.403998741736684, 2.405998741736684), -1.4612092198406819), ((4.931961466203136, 4.933961466203137), (2.417890500728738, 2.4198905007287377), -1.776930828536993), ((4.990026495288196, 4.992026495288196), (5.594001258263316, 5.596001258263317), 1.6803834337491108), ((5.064038533796863, 5.066038533796863), (5.580109499271262, 5.5821094992712625), 1.3646618250528002)]
[INFO] [1753424132.691186705] [solver_node]: 数据详情:
- 第一个元素类型: <class 'float'>
- 整个数组类型: <class 'array.array'>
- 数组长度: 4
- 示例值: array('f', [0.0, 4.665999889373779, 2.1019999980926514, 5.369999885559082])
[INFO] [1753424132.693650253] [solver_node]: 调用求解器前，distances shape: (4,), values: [       nan 4.66599989 2.102      5.36999989]
[INFO] [1753424132.697746706] [solver_node]: [PoseSolver] 第0个组合有4个有效解
[INFO] [1753424132.698680137] [solver_node]: [PoseSolver] 处理完第0个组合后的筛选结果:
[INFO] [1753424132.699395834] [solver_node]: [PoseSolver] 排序后的最终筛选结果:
[INFO] [1753424132.700181261] [solver_node]: [PoseSolver] 找到4个完美相容解 (相容数=N)
[INFO] [1753424132.700962464] [solver_node]: 求解器返回结果: [((5.005973504711803, 5.007973504711804), (2.403998741736684, 2.405998741736684), -1.4612092198406819), ((4.931961466203136, 4.933961466203137), (2.417890500728738, 2.4198905007287377), -1.776930828536993), ((4.990026495288196, 4.992026495288196), (5.594001258263316, 5.596001258263317), 1.6803834337491108), ((5.064038533796863, 5.066038533796863), (5.580109499271262, 5.5821094992712625), 1.3646618250528002)]
[INFO] [1753424132.787875729] [solver_node]: 数据详情:
- 第一个元素类型: <class 'float'>
- 整个数组类型: <class 'array.array'>
- 数组长度: 4
- 示例值: array('f', [0.0, 4.665999889373779, 2.1019999980926514, 5.369999885559082])
[INFO] [1753424132.789422871] [solver_node]: 调用求解器前，distances shape: (4,), values: [       nan 4.66599989 2.102      5.36999989]
[INFO] [1753424132.792793834] [solver_node]: [PoseSolver] 第0个组合有4个有效解
[INFO] [1753424132.793652543] [solver_node]: [PoseSolver] 处理完第0个组合后的筛选结果:
[INFO] [1753424132.794375985] [solver_node]: [PoseSolver] 排序后的最终筛选结果:
[INFO] [1753424132.795116195] [solver_node]: [PoseSolver] 找到4个完美相容解 (相容数=N)
[INFO] [1753424132.795820628] [solver_node]: 求解器返回结果: [((5.005973504711803, 5.007973504711804), (2.403998741736684, 2.405998741736684), -1.4612092198406819), ((4.931961466203136, 4.933961466203137), (2.417890500728738, 2.4198905007287377), -1.776930828536993), ((4.990026495288196, 4.992026495288196), (5.594001258263316, 5.596001258263317), 1.6803834337491108), ((5.064038533796863, 5.066038533796863), (5.580109499271262, 5.5821094992712625), 1.3646618250528002)]
[INFO] [1753424132.892044585] [solver_node]: 数据详情:
- 第一个元素类型: <class 'float'>
- 整个数组类型: <class 'array.array'>
- 数组长度: 4
- 示例值: array('f', [0.0, 4.665999889373779, 2.1040000915527344, 5.369999885559082])
[INFO] [1753424132.893774163] [solver_node]: 调用求解器前，distances shape: (4,), values: [       nan 4.66599989 2.10400009 5.36999989]
[INFO] [1753424132.897202343] [solver_node]: [PoseSolver] 第0个组合有4个有效解
[INFO] [1753424132.898051612] [solver_node]: [PoseSolver] 处理完第0个组合后的筛选结果:
[INFO] [1753424132.898796206] [solver_node]: [PoseSolver] 排序后的最终筛选结果:
[INFO] [1753424132.899513344] [solver_node]: [PoseSolver] 找到4个完美相容解 (相容数=N)
[INFO] [1753424132.900257362] [solver_node]: 求解器返回结果: [((5.005099674439499, 5.0070996744395), (2.40531943298218, 2.4073194329821797), -1.4596559175605996), ((4.93039009547316, 4.932390095473161), (2.4193242929510395, 2.4213242929510392), -1.778460308108384), ((4.990900325560499, 4.9929003255605), (5.59268056701782, 5.594680567017821), 1.681936736029194), ((5.065609904526838, 5.067609904526838), (5.57867570704896, 5.580675707048961), 1.3631323454814095)]
[INFO] [1753424132.987793810] [solver_node]: 数据详情:
- 第一个元素类型: <class 'float'>
- 整个数组类型: <class 'array.array'>
- 数组长度: 4
- 示例值: array('f', [0.0, 4.665999889373779, 2.1040000915527344, 5.369999885559082])
[INFO] [1753424132.989255958] [solver_node]: 调用求解器前，distances shape: (4,), values: [       nan 4.66599989 2.10400009 5.36999989]
[INFO] [1753424132.992700106] [solver_node]: [PoseSolver] 第0个组合有4个有效解
[INFO] [1753424132.993517278] [solver_node]: [PoseSolver] 处理完第0个组合后的筛选结果:
[INFO] [1753424132.994244048] [solver_node]: [PoseSolver] 排序后的最终筛选结果:
[INFO] [1753424132.994982946] [solver_node]: [PoseSolver] 找到4个完美相容解 (相容数=N)
[INFO] [1753424132.995690036] [solver_node]: 求解器返回结果: [((5.005099674439499, 5.0070996744395), (2.40531943298218, 2.4073194329821797), -1.4596559175605996), ((4.93039009547316, 4.932390095473161), (2.4193242929510395, 2.4213242929510392), -1.778460308108384), ((4.990900325560499, 4.9929003255605), (5.59268056701782, 5.594680567017821), 1.681936736029194), ((5.065609904526838, 5.067609904526838), (5.57867570704896, 5.580675707048961), 1.3631323454814095)]
[INFO] [1753424133.089292584] [solver_node]: 数据详情:
- 第一个元素类型: <class 'float'>
- 整个数组类型: <class 'array.array'>
- 数组长度: 4
- 示例值: array('f', [0.0, 4.665999889373779, 2.1040000915527344, 5.369999885559082])
[INFO] [1753424133.090980786] [solver_node]: 调用求解器前，distances shape: (4,), values: [       nan 4.66599989 2.10400009 5.36999989]
[INFO] [1753424133.094348196] [solver_node]: [PoseSolver] 第0个组合有4个有效解
[INFO] [1753424133.095219610] [solver_node]: [PoseSolver] 处理完第0个组合后的筛选结果:
[INFO] [1753424133.095944619] [solver_node]: [PoseSolver] 排序后的最终筛选结果:
[INFO] [1753424133.096658845] [solver_node]: [PoseSolver] 找到4个完美相容解 (相容数=N)
[INFO] [1753424133.097432592] [solver_node]: 求解器返回结果: [((5.005099674439499, 5.0070996744395), (2.40531943298218, 2.4073194329821797), -1.4596559175605996), ((4.93039009547316, 4.932390095473161), (2.4193242929510395, 2.4213242929510392), -1.778460308108384), ((4.990900325560499, 4.9929003255605), (5.59268056701782, 5.594680567017821), 1.681936736029194), ((5.065609904526838, 5.067609904526838), (5.57867570704896, 5.580675707048961), 1.3631323454814095)]
[INFO] [1753424133.187862583] [solver_node]: 数据详情:
- 第一个元素类型: <class 'float'>
- 整个数组类型: <class 'array.array'>
- 数组长度: 4
- 示例值: array('f', [0.0, 4.665999889373779, 2.1040000915527344, 5.369999885559082])
[INFO] [1753424133.189474527] [solver_node]: 调用求解器前，distances shape: (4,), values: [       nan 4.66599989 2.10400009 5.36999989]
[INFO] [1753424133.193072311] [solver_node]: [PoseSolver] 第0个组合有4个有效解
[INFO] [1753424133.193937196] [solver_node]: [PoseSolver] 处理完第0个组合后的筛选结果:
[INFO] [1753424133.194715679] [solver_node]: [PoseSolver] 排序后的最终筛选结果:
[INFO] [1753424133.195413968] [solver_node]: [PoseSolver] 找到4个完美相容解 (相容数=N)
[INFO] [1753424133.196150818] [solver_node]: 求解器返回结果: [((5.005099674439499, 5.0070996744395), (2.40531943298218, 2.4073194329821797), -1.4596559175605996), ((4.93039009547316, 4.932390095473161), (2.4193242929510395, 2.4213242929510392), -1.778460308108384), ((4.990900325560499, 4.9929003255605), (5.59268056701782, 5.594680567017821), 1.681936736029194), ((5.065609904526838, 5.067609904526838), (5.57867570704896, 5.580675707048961), 1.3631323454814095)]
[INFO] [1753424133.290907859] [solver_node]: 数据详情:
- 第一个元素类型: <class 'float'>
- 整个数组类型: <class 'array.array'>
- 数组长度: 4
- 示例值: array('f', [0.0, 4.665999889373779, 2.1040000915527344, 5.369999885559082])
[INFO] [1753424133.292722880] [solver_node]: 调用求解器前，distances shape: (4,), values: [       nan 4.66599989 2.10400009 5.36999989]
[INFO] [1753424133.296361497] [solver_node]: [PoseSolver] 第0个组合有4个有效解
[INFO] [1753424133.297268207] [solver_node]: [PoseSolver] 处理完第0个组合后的筛选结果:
[INFO] [1753424133.298037250] [solver_node]: [PoseSolver] 排序后的最终筛选结果:
[INFO] [1753424133.298828661] [solver_node]: [PoseSolver] 找到4个完美相容解 (相容数=N)
[INFO] [1753424133.299583976] [solver_node]: 求解器返回结果: [((5.005099674439499, 5.0070996744395), (2.40531943298218, 2.4073194329821797), -1.4596559175605996), ((4.93039009547316, 4.932390095473161), (2.4193242929510395, 2.4213242929510392), -1.778460308108384), ((4.990900325560499, 4.9929003255605), (5.59268056701782, 5.594680567017821), 1.681936736029194), ((5.065609904526838, 5.067609904526838), (5.57867570704896, 5.580675707048961), 1.3631323454814095)]
