[INFO] [1754209892.062821743] [solver_node]: [PerpendicularDistanceLocalizer] 前束索引: [2], 后束索引: [3, 4]
[INFO] [1754209892.063798624] [solver_node]: [PerpendicularDistanceLocalizer] 左束索引: [0], 右束索引: [1]
[INFO] [1754209892.065220022] [solver_node]: [PerpendicularDistanceLocalizer] 垂直距离定位器已初始化，需要调用calibrate()方法进行标定
[INFO] [1754209892.097188348] [solver_node]: SolverNode启动，进入初始化阶段，需要收集100次激光数据进行标定...
[INFO] [1754209892.228138686] [solver_node]: 标定数据收集进度: 1/100
[INFO] [1754209892.249715235] [solver_node]: 标定数据收集进度: 2/100
[INFO] [1754209892.349432467] [solver_node]: 标定数据收集进度: 3/100
[INFO] [1754209892.450427234] [solver_node]: 标定数据收集进度: 4/100
[INFO] [1754209892.549029959] [solver_node]: 标定数据收集进度: 5/100
[INFO] [1754209892.653354811] [solver_node]: 标定数据收集进度: 6/100
[INFO] [1754209892.751457450] [solver_node]: 标定数据收集进度: 7/100
[INFO] [1754209892.847247163] [solver_node]: 标定数据收集进度: 8/100
[INFO] [1754209892.953051285] [solver_node]: 标定数据收集进度: 9/100
[INFO] [1754209893.048810702] [solver_node]: 标定数据收集进度: 10/100
[INFO] [1754209893.160929249] [solver_node]: 标定数据收集进度: 11/100
[INFO] [1754209893.248968437] [solver_node]: 标定数据收集进度: 12/100
[INFO] [1754209893.361787589] [solver_node]: 标定数据收集进度: 13/100
[INFO] [1754209893.448557945] [solver_node]: 标定数据收集进度: 14/100
[INFO] [1754209893.611019273] [solver_node]: 标定数据收集进度: 15/100
[INFO] [1754209893.648570344] [solver_node]: 标定数据收集进度: 16/100
[INFO] [1754209893.775111860] [solver_node]: 标定数据收集进度: 17/100
[INFO] [1754209893.886879496] [solver_node]: 标定数据收集进度: 18/100
[INFO] [1754209893.947377919] [solver_node]: 标定数据收集进度: 19/100
[INFO] [1754209894.063549571] [solver_node]: 标定数据收集进度: 20/100
[INFO] [1754209894.150939342] [solver_node]: 标定数据收集进度: 21/100
[INFO] [1754209894.248525057] [solver_node]: 标定数据收集进度: 22/100
[INFO] [1754209894.347830517] [solver_node]: 标定数据收集进度: 23/100
[INFO] [1754209894.471794613] [solver_node]: 标定数据收集进度: 24/100
[INFO] [1754209894.555373606] [solver_node]: 标定数据收集进度: 25/100
[INFO] [1754209894.653987226] [solver_node]: 标定数据收集进度: 26/100
[INFO] [1754209894.755568405] [solver_node]: 标定数据收集进度: 27/100
[INFO] [1754209894.854508911] [solver_node]: 标定数据收集进度: 28/100
[INFO] [1754209894.948586291] [solver_node]: 标定数据收集进度: 29/100
[INFO] [1754209895.073670060] [solver_node]: 标定数据收集进度: 30/100
[INFO] [1754209895.148016501] [solver_node]: 标定数据收集进度: 31/100
[INFO] [1754209895.251626772] [solver_node]: 标定数据收集进度: 32/100
[INFO] [1754209895.351913874] [solver_node]: 标定数据收集进度: 33/100
[INFO] [1754209895.454559582] [solver_node]: 标定数据收集进度: 34/100
[INFO] [1754209895.568949402] [solver_node]: 标定数据收集进度: 35/100
[INFO] [1754209895.654588083] [solver_node]: 标定数据收集进度: 36/100
[INFO] [1754209895.748083001] [solver_node]: 标定数据收集进度: 37/100
[INFO] [1754209895.858686551] [solver_node]: 标定数据收集进度: 38/100
[INFO] [1754209895.957717844] [solver_node]: 标定数据收集进度: 39/100
[INFO] [1754209896.048259095] [solver_node]: 标定数据收集进度: 40/100
[INFO] [1754209896.160744573] [solver_node]: 标定数据收集进度: 41/100
[INFO] [1754209896.258981942] [solver_node]: 标定数据收集进度: 42/100
[INFO] [1754209896.400313715] [solver_node]: 标定数据收集进度: 43/100
[INFO] [1754209896.456580751] [solver_node]: 标定数据收集进度: 44/100
[INFO] [1754209896.578442868] [solver_node]: 标定数据收集进度: 45/100
[INFO] [1754209896.651237247] [solver_node]: 标定数据收集进度: 46/100
[INFO] [1754209896.766837405] [solver_node]: 标定数据收集进度: 47/100
[INFO] [1754209896.851883906] [solver_node]: 标定数据收集进度: 48/100
[INFO] [1754209896.952115950] [solver_node]: 标定数据收集进度: 49/100
[INFO] [1754209897.048545029] [solver_node]: 标定数据收集进度: 50/100
[INFO] [1754209897.147930380] [solver_node]: 标定数据收集进度: 51/100
[INFO] [1754209897.248482988] [solver_node]: 标定数据收集进度: 52/100
[INFO] [1754209897.356232475] [solver_node]: 标定数据收集进度: 53/100
[INFO] [1754209897.448137452] [solver_node]: 标定数据收集进度: 54/100
[INFO] [1754209897.547228299] [solver_node]: 标定数据收集进度: 55/100
[INFO] [1754209897.648042689] [solver_node]: 标定数据收集进度: 56/100
[INFO] [1754209897.752462429] [solver_node]: 标定数据收集进度: 57/100
[INFO] [1754209897.893637338] [solver_node]: 标定数据收集进度: 58/100
[INFO] [1754209897.956316266] [solver_node]: 标定数据收集进度: 59/100
[INFO] [1754209898.049505310] [solver_node]: 标定数据收集进度: 60/100
[INFO] [1754209898.151307958] [solver_node]: 标定数据收集进度: 61/100
[INFO] [1754209898.249831079] [solver_node]: 标定数据收集进度: 62/100
[INFO] [1754209898.347475242] [solver_node]: 标定数据收集进度: 63/100
[INFO] [1754209898.462223170] [solver_node]: 标定数据收集进度: 64/100
[INFO] [1754209898.558228002] [solver_node]: 标定数据收集进度: 65/100
[INFO] [1754209898.647281604] [solver_node]: 标定数据收集进度: 66/100
[INFO] [1754209898.748827621] [solver_node]: 标定数据收集进度: 67/100
[INFO] [1754209898.850329140] [solver_node]: 标定数据收集进度: 68/100
[INFO] [1754209898.952705034] [solver_node]: 标定数据收集进度: 69/100
[INFO] [1754209899.074775933] [solver_node]: 标定数据收集进度: 70/100
[INFO] [1754209899.148751124] [solver_node]: 标定数据收集进度: 71/100
[INFO] [1754209899.267568639] [solver_node]: 标定数据收集进度: 72/100
[INFO] [1754209899.359620983] [solver_node]: 标定数据收集进度: 73/100
[INFO] [1754209899.470538538] [solver_node]: 标定数据收集进度: 74/100
[INFO] [1754209899.557954578] [solver_node]: 标定数据收集进度: 75/100
[INFO] [1754209899.651077913] [solver_node]: 标定数据收集进度: 76/100
[INFO] [1754209899.753157167] [solver_node]: 标定数据收集进度: 77/100
[INFO] [1754209899.934092735] [solver_node]: 标定数据收集进度: 78/100
[INFO] [1754209899.948557292] [solver_node]: 标定数据收集进度: 79/100
[INFO] [1754209900.048136896] [solver_node]: 标定数据收集进度: 80/100
[INFO] [1754209900.149457081] [solver_node]: 标定数据收集进度: 81/100
[INFO] [1754209900.250453189] [solver_node]: 标定数据收集进度: 82/100
[INFO] [1754209900.349699824] [solver_node]: 标定数据收集进度: 83/100
[INFO] [1754209900.448025387] [solver_node]: 标定数据收集进度: 84/100
[INFO] [1754209900.547552633] [solver_node]: 标定数据收集进度: 85/100
[INFO] [1754209900.650163742] [solver_node]: 标定数据收集进度: 86/100
[INFO] [1754209900.749364538] [solver_node]: 标定数据收集进度: 87/100
[INFO] [1754209900.848316362] [solver_node]: 标定数据收集进度: 88/100
[INFO] [1754209900.952574273] [solver_node]: 标定数据收集进度: 89/100
[INFO] [1754209901.052773462] [solver_node]: 标定数据收集进度: 90/100
[INFO] [1754209901.178404956] [solver_node]: 标定数据收集进度: 91/100
[INFO] [1754209901.250252086] [solver_node]: 标定数据收集进度: 92/100
[INFO] [1754209901.348225612] [solver_node]: 标定数据收集进度: 93/100
[INFO] [1754209901.477386692] [solver_node]: 标定数据收集进度: 94/100
[INFO] [1754209901.549687217] [solver_node]: 标定数据收集进度: 95/100
[INFO] [1754209901.662664017] [solver_node]: 标定数据收集进度: 96/100
[INFO] [1754209901.752584780] [solver_node]: 标定数据收集进度: 97/100
[INFO] [1754209901.850212354] [solver_node]: 标定数据收集进度: 98/100
[INFO] [1754209901.947976731] [solver_node]: 标定数据收集进度: 99/100
[INFO] [1754209902.049030263] [solver_node]: 标定数据收集进度: 100/100
[INFO] [1754209902.049871426] [solver_node]: 标定数据收集完成，开始标定过程...
[INFO] [1754209902.050796532] [solver_node]: 开始标定，收集到的数据shape: (100, 1)
[INFO] [1754209902.051725291] [solver_node]: [PerpendicularDistanceLocalizer] 开始标定，扫描数据shape: (100, 1)
[INFO] [1754209902.140512248] [solver_node]: [PerpendicularDistanceLocalizer] 测距值平均数: [4.911]
[INFO] [1754209902.141890339] [solver_node]: [PerpendicularDistanceLocalizer] h_values: [0.57630701 0.57630701 0.44066891 2.25386116 2.25386116]
[INFO] [1754209902.151363195] [solver_node]: [PerpendicularDistanceLocalizer] 标定完成: m=12.517, n=10.975
[INFO] [1754209902.155955455] [solver_node]: [PerpendicularDistanceLocalizer] 前后左右平均距离: 前=5.352, 后=7.165, 左=5.487, 右=5.487
[INFO] [1754209902.159840880] [solver_node]: [PerpendicularDistanceLocalizer] 计算的初始位姿: x=5.352, y=5.487, phi=3.142
[INFO] [1754209902.160811884] [solver_node]: 标定完成: m=12.517, n=10.975
[INFO] [1754209902.161644970] [solver_node]: 初始位姿: x=5.352, y=5.487, phi=3.142
[INFO] [1754209902.185811633] [solver_node]: 发布静态变换: translation=(-5.487, 5.352, 0.0), rotation=-1.571
[INFO] [1754209902.190684633] [solver_node]: 初始化阶段完成，进入运行阶段
[INFO] [1754209902.423001075] [solver_node]: 收到5个激光点，处理后5个有效点
[INFO] [1754209902.431059942] [solver_node]: 当前位置: x=5.351, y=5.483, angle=3.141
[INFO] [1754209902.432399187] [solver_node]: 激光距离数据: [4.892 4.325 0.569 6.783 6.792]
[INFO] [1754209902.480132572] [solver_node]: 角度求解器返回 2 个解
[INFO] [1754209902.481052261] [solver_node]: 无效解: x=1.234, y=6.074, 距离=4.159 > 阈值1.500
[INFO] [1754209902.481796051] [solver_node]: 无效解: x=1.234, y=10.083, 距离=6.173 > 阈值1.500
[WARN] [1754209902.482531507] [solver_node]: 没有满足距离要求的解
[WARN] [1754209902.483254432] [solver_node]: 没有合适的解，不发布TF变换
[INFO] [1754209902.492759211] [solver_node]: 收到5个激光点，处理后5个有效点
[INFO] [1754209902.516467376] [solver_node]: 当前位置: x=5.343, y=5.500, angle=3.141
[INFO] [1754209902.518107938] [solver_node]: 激光距离数据: [4.892 4.325 0.569 6.783 6.792]
[INFO] [1754209902.543494198] [solver_node]: 角度求解器返回 2 个解
[INFO] [1754209902.544301322] [solver_node]: 无效解: x=1.234, y=6.074, 距离=4.149 > 阈值1.500
[INFO] [1754209902.546581987] [solver_node]: 无效解: x=1.234, y=10.083, 距离=6.156 > 阈值1.500
[WARN] [1754209902.547545586] [solver_node]: 没有满足距离要求的解
[WARN] [1754209902.548348736] [solver_node]: 没有合适的解，不发布TF变换
[INFO] [1754209902.549877021] [solver_node]: 收到5个激光点，处理后5个有效点
[INFO] [1754209902.571292406] [solver_node]: 当前位置: x=5.350, y=5.514, angle=3.141
[INFO] [1754209902.577538497] [solver_node]: 激光距离数据: [4.892 4.325 0.569 6.783 6.792]
[INFO] [1754209902.585490151] [solver_node]: 角度求解器返回 2 个解
[INFO] [1754209902.596307220] [solver_node]: 无效解: x=1.233, y=6.074, 距离=4.154 > 阈值1.500
[INFO] [1754209902.597312871] [solver_node]: 无效解: x=1.233, y=10.082, 距离=6.149 > 阈值1.500
[WARN] [1754209902.598103969] [solver_node]: 没有满足距离要求的解
[WARN] [1754209902.598842631] [solver_node]: 没有合适的解，不发布TF变换
[INFO] [1754209902.600240979] [solver_node]: 收到5个激光点，处理后5个有效点
[INFO] [1754209902.603383832] [solver_node]: 收到5个激光点，处理后5个有效点
[INFO] [1754209902.615123282] [solver_node]: 当前位置: x=5.403, y=5.465, angle=3.138
[INFO] [1754209902.616517079] [solver_node]: 激光距离数据: [4.892 4.325 0.569 6.783 6.792]
[INFO] [1754209902.623394940] [solver_node]: 角度求解器返回 2 个解
[INFO] [1754209902.624245333] [solver_node]: 无效解: x=1.244, y=6.079, 距离=4.205 > 阈值1.500
[INFO] [1754209902.625065213] [solver_node]: 无效解: x=1.244, y=10.115, 距离=6.239 > 阈值1.500
[WARN] [1754209902.646228352] [solver_node]: 没有满足距离要求的解
[WARN] [1754209902.647166503] [solver_node]: 没有合适的解，不发布TF变换
[INFO] [1754209902.866807460] [solver_node]: 收到5个激光点，处理后5个有效点
[INFO] [1754209902.880978442] [solver_node]: 当前位置: x=5.346, y=5.472, angle=3.140
[INFO] [1754209902.893278250] [solver_node]: 激光距离数据: [4.892 4.325 0.569 6.783 6.792]
[INFO] [1754209902.900419383] [solver_node]: 角度求解器返回 2 个解
[INFO] [1754209902.901298527] [solver_node]: 无效解: x=1.236, y=6.075, 距离=4.154 > 阈值1.500
[INFO] [1754209902.902636970] [solver_node]: 无效解: x=1.236, y=10.091, 距离=6.183 > 阈值1.500
[WARN] [1754209902.903473934] [solver_node]: 没有满足距离要求的解
[WARN] [1754209902.904281539] [solver_node]: 没有合适的解，不发布TF变换
[INFO] [1754209902.905311998] [solver_node]: 收到5个激光点，处理后5个有效点
[INFO] [1754209902.908602225] [solver_node]: 收到5个激光点，处理后5个有效点
[INFO] [1754209902.918043285] [solver_node]: 当前位置: x=5.339, y=5.473, angle=3.141
[INFO] [1754209902.919586539] [solver_node]: 激光距离数据: [4.892 4.325 0.569 6.783 6.792]
[INFO] [1754209902.996515102] [solver_node]: 角度求解器返回 2 个解
[INFO] [1754209902.997560850] [solver_node]: 无效解: x=1.235, y=6.074, 距离=4.148 > 阈值1.500
[INFO] [1754209902.999192950] [solver_node]: 无效解: x=1.235, y=10.088, 距离=6.176 > 阈值1.500
[WARN] [1754209903.000010331] [solver_node]: 没有满足距离要求的解
[WARN] [1754209903.000744441] [solver_node]: 没有合适的解，不发布TF变换
