[INFO] [1753418496.545537473] [solver_node]: [Case1BatchSolver] Case1BatchSolver初始化完成: 场地尺寸: 9.998x8.0, 容差: 0.001
[INFO] [1753418496.558599943] [solver_node]: [Case3BatchSolver] Case3BatchSolver初始化完成: 场地尺寸: 9.998x8.0, 容差: 0.001
[INFO] [1753418496.563783963] [solver_node]: [PoseSolver] PoseSolver初始化完成: 场地(9.998x8.0), 4个激光
[INFO] [1753418496.927128458] [solver_node]: 数据详情:
- 第一个元素类型: <class 'float'>
- 整个数组类型: <class 'array.array'>
- 数组长度: 4
- 示例值: array('f', [0.0, 0.996999979019165, 0.8349999785423279, 2.453000068664551])
[INFO] [1753418496.932164185] [solver_node]: 调用求解器前，distances shape: (4,), values: [       nan 0.99699998 0.83499998 2.45300007]
[INFO] [1753418496.936721911] [solver_node]: [PoseSolver] 第0个组合有8个有效解
[INFO] [1753418496.938846753] [solver_node]: [PoseSolver] 处理完第0个组合后的筛选结果:
[INFO] [1753418496.940373686] [solver_node]: [PoseSolver] 排序后的最终筛选结果:
[INFO] [1753418496.941234068] [solver_node]: [PoseSolver] 找到8个完美相容解 (相容数=N)
[INFO] [1753418496.942072177] [solver_node]: 求解器返回结果: [((8.73567098263466, 8.73767098263466), (6.980346092558803, 6.982346092558804), 1.964508585358931), ((1.2603290173653392, 1.262329017365339), (1.0176539074411968, 1.0196539074411965), -1.177084068230862), ((9.162898847667403, 9.164898847667402), (1.8364941664462693, 1.838494166446269), 0.6494653944786339), ((0.8331011523325972, 0.8351011523325972), (6.16150583355373, 6.163505833553731), -2.492127259111159), ((1.0176539074411968, 1.0196539074411965), (6.73767098263466, 6.739670982634661), -2.7478803950257586), ((8.978346092558803, 8.980346092558802), (1.2603290173653399, 1.2623290173653396), 0.3937122585640345), ((8.15950583355373, 8.16150583355373), (7.164898847667402, 7.166898847667403), 2.2202617212735305), ((1.8364941664462695, 1.8384941664462693), (0.8331011523325974, 0.8351011523325974), -0.9213309323162626)]
[INFO] [1753418496.987212529] [solver_node]: 数据详情:
- 第一个元素类型: <class 'float'>
- 整个数组类型: <class 'array.array'>
- 数组长度: 4
- 示例值: array('f', [0.0, 0.996999979019165, 0.8349999785423279, 2.453000068664551])
[INFO] [1753418496.989630181] [solver_node]: 调用求解器前，distances shape: (4,), values: [       nan 0.99699998 0.83499998 2.45300007]
[INFO] [1753418497.000430524] [solver_node]: [PoseSolver] 第0个组合有8个有效解
[INFO] [1753418497.004511306] [solver_node]: [PoseSolver] 处理完第0个组合后的筛选结果:
[INFO] [1753418497.008761438] [solver_node]: [PoseSolver] 排序后的最终筛选结果:
[INFO] [1753418497.013031570] [solver_node]: [PoseSolver] 找到8个完美相容解 (相容数=N)
[INFO] [1753418497.028498252] [solver_node]: 求解器返回结果: [((8.73567098263466, 8.73767098263466), (6.980346092558803, 6.982346092558804), 1.964508585358931), ((1.2603290173653392, 1.262329017365339), (1.0176539074411968, 1.0196539074411965), -1.177084068230862), ((9.162898847667403, 9.164898847667402), (1.8364941664462693, 1.838494166446269), 0.6494653944786339), ((0.8331011523325972, 0.8351011523325972), (6.16150583355373, 6.163505833553731), -2.492127259111159), ((1.0176539074411968, 1.0196539074411965), (6.73767098263466, 6.739670982634661), -2.7478803950257586), ((8.978346092558803, 8.980346092558802), (1.2603290173653399, 1.2623290173653396), 0.3937122585640345), ((8.15950583355373, 8.16150583355373), (7.164898847667402, 7.166898847667403), 2.2202617212735305), ((1.8364941664462695, 1.8384941664462693), (0.8331011523325974, 0.8351011523325974), -0.9213309323162626)]
[INFO] [1753418497.084841425] [solver_node]: 数据详情:
- 第一个元素类型: <class 'float'>
- 整个数组类型: <class 'array.array'>
- 数组长度: 4
- 示例值: array('f', [0.0, 0.996999979019165, 0.8349999785423279, 2.453000068664551])
[INFO] [1753418497.087052734] [solver_node]: 调用求解器前，distances shape: (4,), values: [       nan 0.99699998 0.83499998 2.45300007]
[INFO] [1753418497.093070831] [solver_node]: [PoseSolver] 第0个组合有8个有效解
[INFO] [1753418497.094097779] [solver_node]: [PoseSolver] 处理完第0个组合后的筛选结果:
[INFO] [1753418497.095111638] [solver_node]: [PoseSolver] 排序后的最终筛选结果:
[INFO] [1753418497.096102265] [solver_node]: [PoseSolver] 找到8个完美相容解 (相容数=N)
[INFO] [1753418497.097457608] [solver_node]: 求解器返回结果: [((8.73567098263466, 8.73767098263466), (6.980346092558803, 6.982346092558804), 1.964508585358931), ((1.2603290173653392, 1.262329017365339), (1.0176539074411968, 1.0196539074411965), -1.177084068230862), ((9.162898847667403, 9.164898847667402), (1.8364941664462693, 1.838494166446269), 0.6494653944786339), ((0.8331011523325972, 0.8351011523325972), (6.16150583355373, 6.163505833553731), -2.492127259111159), ((1.0176539074411968, 1.0196539074411965), (6.73767098263466, 6.739670982634661), -2.7478803950257586), ((8.978346092558803, 8.980346092558802), (1.2603290173653399, 1.2623290173653396), 0.3937122585640345), ((8.15950583355373, 8.16150583355373), (7.164898847667402, 7.166898847667403), 2.2202617212735305), ((1.8364941664462695, 1.8384941664462693), (0.8331011523325974, 0.8351011523325974), -0.9213309323162626)]
[INFO] [1753418497.184056905] [solver_node]: 数据详情:
- 第一个元素类型: <class 'float'>
- 整个数组类型: <class 'array.array'>
- 数组长度: 4
- 示例值: array('f', [0.0, 0.996999979019165, 0.8349999785423279, 2.453000068664551])
[INFO] [1753418497.185545853] [solver_node]: 调用求解器前，distances shape: (4,), values: [       nan 0.99699998 0.83499998 2.45300007]
[INFO] [1753418497.190742065] [solver_node]: [PoseSolver] 第0个组合有8个有效解
[INFO] [1753418497.192026622] [solver_node]: [PoseSolver] 处理完第0个组合后的筛选结果:
[INFO] [1753418497.193328395] [solver_node]: [PoseSolver] 排序后的最终筛选结果:
[INFO] [1753418497.194600023] [solver_node]: [PoseSolver] 找到8个完美相容解 (相容数=N)
[INFO] [1753418497.198617507] [solver_node]: 求解器返回结果: [((8.73567098263466, 8.73767098263466), (6.980346092558803, 6.982346092558804), 1.964508585358931), ((1.2603290173653392, 1.262329017365339), (1.0176539074411968, 1.0196539074411965), -1.177084068230862), ((9.162898847667403, 9.164898847667402), (1.8364941664462693, 1.838494166446269), 0.6494653944786339), ((0.8331011523325972, 0.8351011523325972), (6.16150583355373, 6.163505833553731), -2.492127259111159), ((1.0176539074411968, 1.0196539074411965), (6.73767098263466, 6.739670982634661), -2.7478803950257586), ((8.978346092558803, 8.980346092558802), (1.2603290173653399, 1.2623290173653396), 0.3937122585640345), ((8.15950583355373, 8.16150583355373), (7.164898847667402, 7.166898847667403), 2.2202617212735305), ((1.8364941664462695, 1.8384941664462693), (0.8331011523325974, 0.8351011523325974), -0.9213309323162626)]
[INFO] [1753418497.287621656] [solver_node]: 数据详情:
- 第一个元素类型: <class 'float'>
- 整个数组类型: <class 'array.array'>
- 数组长度: 4
- 示例值: array('f', [0.0, 0.996999979019165, 0.8349999785423279, 2.453000068664551])
[INFO] [1753418497.291657412] [solver_node]: 调用求解器前，distances shape: (4,), values: [       nan 0.99699998 0.83499998 2.45300007]
[INFO] [1753418497.304470113] [solver_node]: [PoseSolver] 第0个组合有8个有效解
[INFO] [1753418497.307743315] [solver_node]: [PoseSolver] 处理完第0个组合后的筛选结果:
[INFO] [1753418497.308996318] [solver_node]: [PoseSolver] 排序后的最终筛选结果:
[INFO] [1753418497.321477200] [solver_node]: [PoseSolver] 找到8个完美相容解 (相容数=N)
[INFO] [1753418497.325012171] [solver_node]: 求解器返回结果: [((8.73567098263466, 8.73767098263466), (6.980346092558803, 6.982346092558804), 1.964508585358931), ((1.2603290173653392, 1.262329017365339), (1.0176539074411968, 1.0196539074411965), -1.177084068230862), ((9.162898847667403, 9.164898847667402), (1.8364941664462693, 1.838494166446269), 0.6494653944786339), ((0.8331011523325972, 0.8351011523325972), (6.16150583355373, 6.163505833553731), -2.492127259111159), ((1.0176539074411968, 1.0196539074411965), (6.73767098263466, 6.739670982634661), -2.7478803950257586), ((8.978346092558803, 8.980346092558802), (1.2603290173653399, 1.2623290173653396), 0.3937122585640345), ((8.15950583355373, 8.16150583355373), (7.164898847667402, 7.166898847667403), 2.2202617212735305), ((1.8364941664462695, 1.8384941664462693), (0.8331011523325974, 0.8351011523325974), -0.9213309323162626)]
[INFO] [1753418497.384944301] [solver_node]: 数据详情:
- 第一个元素类型: <class 'float'>
- 整个数组类型: <class 'array.array'>
- 数组长度: 4
- 示例值: array('f', [0.0, 0.996999979019165, 0.8349999785423279, 2.453000068664551])
[INFO] [1753418497.388094235] [solver_node]: 调用求解器前，distances shape: (4,), values: [       nan 0.99699998 0.83499998 2.45300007]
[INFO] [1753418497.395354807] [solver_node]: [PoseSolver] 第0个组合有8个有效解
[INFO] [1753418497.396759336] [solver_node]: [PoseSolver] 处理完第0个组合后的筛选结果:
[INFO] [1753418497.397586469] [solver_node]: [PoseSolver] 排序后的最终筛选结果:
[INFO] [1753418497.398346911] [solver_node]: [PoseSolver] 找到8个完美相容解 (相容数=N)
[INFO] [1753418497.399225150] [solver_node]: 求解器返回结果: [((8.73567098263466, 8.73767098263466), (6.980346092558803, 6.982346092558804), 1.964508585358931), ((1.2603290173653392, 1.262329017365339), (1.0176539074411968, 1.0196539074411965), -1.177084068230862), ((9.162898847667403, 9.164898847667402), (1.8364941664462693, 1.838494166446269), 0.6494653944786339), ((0.8331011523325972, 0.8351011523325972), (6.16150583355373, 6.163505833553731), -2.492127259111159), ((1.0176539074411968, 1.0196539074411965), (6.73767098263466, 6.739670982634661), -2.7478803950257586), ((8.978346092558803, 8.980346092558802), (1.2603290173653399, 1.2623290173653396), 0.3937122585640345), ((8.15950583355373, 8.16150583355373), (7.164898847667402, 7.166898847667403), 2.2202617212735305), ((1.8364941664462695, 1.8384941664462693), (0.8331011523325974, 0.8351011523325974), -0.9213309323162626)]
[INFO] [1753418497.484532498] [solver_node]: 数据详情:
- 第一个元素类型: <class 'float'>
- 整个数组类型: <class 'array.array'>
- 数组长度: 4
- 示例值: array('f', [0.0, 0.996999979019165, 0.8349999785423279, 2.453000068664551])
[INFO] [1753418497.488704195] [solver_node]: 调用求解器前，distances shape: (4,), values: [       nan 0.99699998 0.83499998 2.45300007]
[INFO] [1753418497.513974065] [solver_node]: [PoseSolver] 第0个组合有8个有效解
[INFO] [1753418497.515793808] [solver_node]: [PoseSolver] 处理完第0个组合后的筛选结果:
[INFO] [1753418497.516851925] [solver_node]: [PoseSolver] 排序后的最终筛选结果:
[INFO] [1753418497.517910106] [solver_node]: [PoseSolver] 找到8个完美相容解 (相容数=N)
[INFO] [1753418497.519219847] [solver_node]: 求解器返回结果: [((8.73567098263466, 8.73767098263466), (6.980346092558803, 6.982346092558804), 1.964508585358931), ((1.2603290173653392, 1.262329017365339), (1.0176539074411968, 1.0196539074411965), -1.177084068230862), ((9.162898847667403, 9.164898847667402), (1.8364941664462693, 1.838494166446269), 0.6494653944786339), ((0.8331011523325972, 0.8351011523325972), (6.16150583355373, 6.163505833553731), -2.492127259111159), ((1.0176539074411968, 1.0196539074411965), (6.73767098263466, 6.739670982634661), -2.7478803950257586), ((8.978346092558803, 8.980346092558802), (1.2603290173653399, 1.2623290173653396), 0.3937122585640345), ((8.15950583355373, 8.16150583355373), (7.164898847667402, 7.166898847667403), 2.2202617212735305), ((1.8364941664462695, 1.8384941664462693), (0.8331011523325974, 0.8351011523325974), -0.9213309323162626)]
[INFO] [1753418497.595841646] [solver_node]: 数据详情:
- 第一个元素类型: <class 'float'>
- 整个数组类型: <class 'array.array'>
- 数组长度: 4
- 示例值: array('f', [0.0, 0.996999979019165, 0.8349999785423279, 2.453000068664551])
[INFO] [1753418497.598053370] [solver_node]: 调用求解器前，distances shape: (4,), values: [       nan 0.99699998 0.83499998 2.45300007]
[INFO] [1753418497.605568928] [solver_node]: [PoseSolver] 第0个组合有8个有效解
[INFO] [1753418497.606500288] [solver_node]: [PoseSolver] 处理完第0个组合后的筛选结果:
[INFO] [1753418497.607280795] [solver_node]: [PoseSolver] 排序后的最终筛选结果:
[INFO] [1753418497.610554861] [solver_node]: [PoseSolver] 找到8个完美相容解 (相容数=N)
[INFO] [1753418497.611445932] [solver_node]: 求解器返回结果: [((8.73567098263466, 8.73767098263466), (6.980346092558803, 6.982346092558804), 1.964508585358931), ((1.2603290173653392, 1.262329017365339), (1.0176539074411968, 1.0196539074411965), -1.177084068230862), ((9.162898847667403, 9.164898847667402), (1.8364941664462693, 1.838494166446269), 0.6494653944786339), ((0.8331011523325972, 0.8351011523325972), (6.16150583355373, 6.163505833553731), -2.492127259111159), ((1.0176539074411968, 1.0196539074411965), (6.73767098263466, 6.739670982634661), -2.7478803950257586), ((8.978346092558803, 8.980346092558802), (1.2603290173653399, 1.2623290173653396), 0.3937122585640345), ((8.15950583355373, 8.16150583355373), (7.164898847667402, 7.166898847667403), 2.2202617212735305), ((1.8364941664462695, 1.8384941664462693), (0.8331011523325974, 0.8351011523325974), -0.9213309323162626)]
[INFO] [1753418497.685297810] [solver_node]: 数据详情:
- 第一个元素类型: <class 'float'>
- 整个数组类型: <class 'array.array'>
- 数组长度: 4
- 示例值: array('f', [0.0, 0.996999979019165, 0.8349999785423279, 2.453000068664551])
[INFO] [1753418497.690505063] [solver_node]: 调用求解器前，distances shape: (4,), values: [       nan 0.99699998 0.83499998 2.45300007]
[INFO] [1753418497.696583930] [solver_node]: [PoseSolver] 第0个组合有8个有效解
[INFO] [1753418497.697687136] [solver_node]: [PoseSolver] 处理完第0个组合后的筛选结果:
[INFO] [1753418497.698483996] [solver_node]: [PoseSolver] 排序后的最终筛选结果:
[INFO] [1753418497.699427709] [solver_node]: [PoseSolver] 找到8个完美相容解 (相容数=N)
[INFO] [1753418497.701015092] [solver_node]: 求解器返回结果: [((8.73567098263466, 8.73767098263466), (6.980346092558803, 6.982346092558804), 1.964508585358931), ((1.2603290173653392, 1.262329017365339), (1.0176539074411968, 1.0196539074411965), -1.177084068230862), ((9.162898847667403, 9.164898847667402), (1.8364941664462693, 1.838494166446269), 0.6494653944786339), ((0.8331011523325972, 0.8351011523325972), (6.16150583355373, 6.163505833553731), -2.492127259111159), ((1.0176539074411968, 1.0196539074411965), (6.73767098263466, 6.739670982634661), -2.7478803950257586), ((8.978346092558803, 8.980346092558802), (1.2603290173653399, 1.2623290173653396), 0.3937122585640345), ((8.15950583355373, 8.16150583355373), (7.164898847667402, 7.166898847667403), 2.2202617212735305), ((1.8364941664462695, 1.8384941664462693), (0.8331011523325974, 0.8351011523325974), -0.9213309323162626)]
[INFO] [1753418497.786483086] [solver_node]: 数据详情:
- 第一个元素类型: <class 'float'>
- 整个数组类型: <class 'array.array'>
- 数组长度: 4
- 示例值: array('f', [0.0, 0.996999979019165, 0.8349999785423279, 2.453000068664551])
[INFO] [1753418497.789583706] [solver_node]: 调用求解器前，distances shape: (4,), values: [       nan 0.99699998 0.83499998 2.45300007]
[INFO] [1753418497.799020930] [solver_node]: [PoseSolver] 第0个组合有8个有效解
[INFO] [1753418497.800909379] [solver_node]: [PoseSolver] 处理完第0个组合后的筛选结果:
[INFO] [1753418497.801799778] [solver_node]: [PoseSolver] 排序后的最终筛选结果:
[INFO] [1753418497.803301910] [solver_node]: [PoseSolver] 找到8个完美相容解 (相容数=N)
[INFO] [1753418497.804265848] [solver_node]: 求解器返回结果: [((8.73567098263466, 8.73767098263466), (6.980346092558803, 6.982346092558804), 1.964508585358931), ((1.2603290173653392, 1.262329017365339), (1.0176539074411968, 1.0196539074411965), -1.177084068230862), ((9.162898847667403, 9.164898847667402), (1.8364941664462693, 1.838494166446269), 0.6494653944786339), ((0.8331011523325972, 0.8351011523325972), (6.16150583355373, 6.163505833553731), -2.492127259111159), ((1.0176539074411968, 1.0196539074411965), (6.73767098263466, 6.739670982634661), -2.7478803950257586), ((8.978346092558803, 8.980346092558802), (1.2603290173653399, 1.2623290173653396), 0.3937122585640345), ((8.15950583355373, 8.16150583355373), (7.164898847667402, 7.166898847667403), 2.2202617212735305), ((1.8364941664462695, 1.8384941664462693), (0.8331011523325974, 0.8351011523325974), -0.9213309323162626)]
[INFO] [1753418497.900759345] [solver_node]: 数据详情:
- 第一个元素类型: <class 'float'>
- 整个数组类型: <class 'array.array'>
- 数组长度: 4
- 示例值: array('f', [0.0, 0.996999979019165, 0.8349999785423279, 2.453000068664551])
[INFO] [1753418497.902390473] [solver_node]: 调用求解器前，distances shape: (4,), values: [       nan 0.99699998 0.83499998 2.45300007]
[INFO] [1753418497.909065521] [solver_node]: [PoseSolver] 第0个组合有8个有效解
[INFO] [1753418497.910111638] [solver_node]: [PoseSolver] 处理完第0个组合后的筛选结果:
[INFO] [1753418497.911369665] [solver_node]: [PoseSolver] 排序后的最终筛选结果:
[INFO] [1753418497.912142300] [solver_node]: [PoseSolver] 找到8个完美相容解 (相容数=N)
[INFO] [1753418497.912932696] [solver_node]: 求解器返回结果: [((8.73567098263466, 8.73767098263466), (6.980346092558803, 6.982346092558804), 1.964508585358931), ((1.2603290173653392, 1.262329017365339), (1.0176539074411968, 1.0196539074411965), -1.177084068230862), ((9.162898847667403, 9.164898847667402), (1.8364941664462693, 1.838494166446269), 0.6494653944786339), ((0.8331011523325972, 0.8351011523325972), (6.16150583355373, 6.163505833553731), -2.492127259111159), ((1.0176539074411968, 1.0196539074411965), (6.73767098263466, 6.739670982634661), -2.7478803950257586), ((8.978346092558803, 8.980346092558802), (1.2603290173653399, 1.2623290173653396), 0.3937122585640345), ((8.15950583355373, 8.16150583355373), (7.164898847667402, 7.166898847667403), 2.2202617212735305), ((1.8364941664462695, 1.8384941664462693), (0.8331011523325974, 0.8351011523325974), -0.9213309323162626)]
[INFO] [1753418497.985605205] [solver_node]: 数据详情:
- 第一个元素类型: <class 'float'>
- 整个数组类型: <class 'array.array'>
- 数组长度: 4
- 示例值: array('f', [0.0, 0.996999979019165, 0.8349999785423279, 2.453000068664551])
[INFO] [1753418497.987165291] [solver_node]: 调用求解器前，distances shape: (4,), values: [       nan 0.99699998 0.83499998 2.45300007]
[INFO] [1753418497.991261657] [solver_node]: [PoseSolver] 第0个组合有8个有效解
[INFO] [1753418497.992149432] [solver_node]: [PoseSolver] 处理完第0个组合后的筛选结果:
[INFO] [1753418497.992901522] [solver_node]: [PoseSolver] 排序后的最终筛选结果:
[INFO] [1753418497.993632524] [solver_node]: [PoseSolver] 找到8个完美相容解 (相容数=N)
[INFO] [1753418497.994401031] [solver_node]: 求解器返回结果: [((8.73567098263466, 8.73767098263466), (6.980346092558803, 6.982346092558804), 1.964508585358931), ((1.2603290173653392, 1.262329017365339), (1.0176539074411968, 1.0196539074411965), -1.177084068230862), ((9.162898847667403, 9.164898847667402), (1.8364941664462693, 1.838494166446269), 0.6494653944786339), ((0.8331011523325972, 0.8351011523325972), (6.16150583355373, 6.163505833553731), -2.492127259111159), ((1.0176539074411968, 1.0196539074411965), (6.73767098263466, 6.739670982634661), -2.7478803950257586), ((8.978346092558803, 8.980346092558802), (1.2603290173653399, 1.2623290173653396), 0.3937122585640345), ((8.15950583355373, 8.16150583355373), (7.164898847667402, 7.166898847667403), 2.2202617212735305), ((1.8364941664462695, 1.8384941664462693), (0.8331011523325974, 0.8351011523325974), -0.9213309323162626)]
[INFO] [1753418498.088432170] [solver_node]: 数据详情:
- 第一个元素类型: <class 'float'>
- 整个数组类型: <class 'array.array'>
- 数组长度: 4
- 示例值: array('f', [0.0, 0.996999979019165, 0.8349999785423279, 2.453000068664551])
[INFO] [1753418498.095215478] [solver_node]: 调用求解器前，distances shape: (4,), values: [       nan 0.99699998 0.83499998 2.45300007]
[INFO] [1753418498.103414099] [solver_node]: [PoseSolver] 第0个组合有8个有效解
[INFO] [1753418498.105917642] [solver_node]: [PoseSolver] 处理完第0个组合后的筛选结果:
[INFO] [1753418498.108372575] [solver_node]: [PoseSolver] 排序后的最终筛选结果:
[INFO] [1753418498.112652660] [solver_node]: [PoseSolver] 找到8个完美相容解 (相容数=N)
[INFO] [1753418498.117369784] [solver_node]: 求解器返回结果: [((8.73567098263466, 8.73767098263466), (6.980346092558803, 6.982346092558804), 1.964508585358931), ((1.2603290173653392, 1.262329017365339), (1.0176539074411968, 1.0196539074411965), -1.177084068230862), ((9.162898847667403, 9.164898847667402), (1.8364941664462693, 1.838494166446269), 0.6494653944786339), ((0.8331011523325972, 0.8351011523325972), (6.16150583355373, 6.163505833553731), -2.492127259111159), ((1.0176539074411968, 1.0196539074411965), (6.73767098263466, 6.739670982634661), -2.7478803950257586), ((8.978346092558803, 8.980346092558802), (1.2603290173653399, 1.2623290173653396), 0.3937122585640345), ((8.15950583355373, 8.16150583355373), (7.164898847667402, 7.166898847667403), 2.2202617212735305), ((1.8364941664462695, 1.8384941664462693), (0.8331011523325974, 0.8351011523325974), -0.9213309323162626)]
[INFO] [1753418498.184566136] [solver_node]: 数据详情:
- 第一个元素类型: <class 'float'>
- 整个数组类型: <class 'array.array'>
- 数组长度: 4
- 示例值: array('f', [0.0, 0.996999979019165, 0.8349999785423279, 2.453000068664551])
[INFO] [1753418498.187723813] [solver_node]: 调用求解器前，distances shape: (4,), values: [       nan 0.99699998 0.83499998 2.45300007]
[INFO] [1753418498.190856466] [solver_node]: [PoseSolver] 第0个组合有8个有效解
[INFO] [1753418498.193097920] [solver_node]: [PoseSolver] 处理完第0个组合后的筛选结果:
[INFO] [1753418498.193873851] [solver_node]: [PoseSolver] 排序后的最终筛选结果:
[INFO] [1753418498.194604244] [solver_node]: [PoseSolver] 找到8个完美相容解 (相容数=N)
[INFO] [1753418498.195543541] [solver_node]: 求解器返回结果: [((8.73567098263466, 8.73767098263466), (6.980346092558803, 6.982346092558804), 1.964508585358931), ((1.2603290173653392, 1.262329017365339), (1.0176539074411968, 1.0196539074411965), -1.177084068230862), ((9.162898847667403, 9.164898847667402), (1.8364941664462693, 1.838494166446269), 0.6494653944786339), ((0.8331011523325972, 0.8351011523325972), (6.16150583355373, 6.163505833553731), -2.492127259111159), ((1.0176539074411968, 1.0196539074411965), (6.73767098263466, 6.739670982634661), -2.7478803950257586), ((8.978346092558803, 8.980346092558802), (1.2603290173653399, 1.2623290173653396), 0.3937122585640345), ((8.15950583355373, 8.16150583355373), (7.164898847667402, 7.166898847667403), 2.2202617212735305), ((1.8364941664462695, 1.8384941664462693), (0.8331011523325974, 0.8351011523325974), -0.9213309323162626)]
[INFO] [1753418498.284883446] [solver_node]: 数据详情:
- 第一个元素类型: <class 'float'>
- 整个数组类型: <class 'array.array'>
- 数组长度: 4
- 示例值: array('f', [0.0, 0.996999979019165, 0.8349999785423279, 2.453000068664551])
[INFO] [1753418498.286458669] [solver_node]: 调用求解器前，distances shape: (4,), values: [       nan 0.99699998 0.83499998 2.45300007]
[INFO] [1753418498.293011153] [solver_node]: [PoseSolver] 第0个组合有8个有效解
[INFO] [1753418498.295369187] [solver_node]: [PoseSolver] 处理完第0个组合后的筛选结果:
[INFO] [1753418498.297809079] [solver_node]: [PoseSolver] 排序后的最终筛选结果:
[INFO] [1753418498.299842046] [solver_node]: [PoseSolver] 找到8个完美相容解 (相容数=N)
[INFO] [1753418498.302059595] [solver_node]: 求解器返回结果: [((8.73567098263466, 8.73767098263466), (6.980346092558803, 6.982346092558804), 1.964508585358931), ((1.2603290173653392, 1.262329017365339), (1.0176539074411968, 1.0196539074411965), -1.177084068230862), ((9.162898847667403, 9.164898847667402), (1.8364941664462693, 1.838494166446269), 0.6494653944786339), ((0.8331011523325972, 0.8351011523325972), (6.16150583355373, 6.163505833553731), -2.492127259111159), ((1.0176539074411968, 1.0196539074411965), (6.73767098263466, 6.739670982634661), -2.7478803950257586), ((8.978346092558803, 8.980346092558802), (1.2603290173653399, 1.2623290173653396), 0.3937122585640345), ((8.15950583355373, 8.16150583355373), (7.164898847667402, 7.166898847667403), 2.2202617212735305), ((1.8364941664462695, 1.8384941664462693), (0.8331011523325974, 0.8351011523325974), -0.9213309323162626)]
[INFO] [1753418498.384139536] [solver_node]: 数据详情:
- 第一个元素类型: <class 'float'>
- 整个数组类型: <class 'array.array'>
- 数组长度: 4
- 示例值: array('f', [0.0, 0.996999979019165, 0.8349999785423279, 2.453000068664551])
[INFO] [1753418498.385953263] [solver_node]: 调用求解器前，distances shape: (4,), values: [       nan 0.99699998 0.83499998 2.45300007]
[INFO] [1753418498.391742520] [solver_node]: [PoseSolver] 第0个组合有8个有效解
[INFO] [1753418498.392984835] [solver_node]: [PoseSolver] 处理完第0个组合后的筛选结果:
[INFO] [1753418498.406570427] [solver_node]: [PoseSolver] 排序后的最终筛选结果:
[INFO] [1753418498.410977012] [solver_node]: [PoseSolver] 找到8个完美相容解 (相容数=N)
[INFO] [1753418498.411921045] [solver_node]: 求解器返回结果: [((8.73567098263466, 8.73767098263466), (6.980346092558803, 6.982346092558804), 1.964508585358931), ((1.2603290173653392, 1.262329017365339), (1.0176539074411968, 1.0196539074411965), -1.177084068230862), ((9.162898847667403, 9.164898847667402), (1.8364941664462693, 1.838494166446269), 0.6494653944786339), ((0.8331011523325972, 0.8351011523325972), (6.16150583355373, 6.163505833553731), -2.492127259111159), ((1.0176539074411968, 1.0196539074411965), (6.73767098263466, 6.739670982634661), -2.7478803950257586), ((8.978346092558803, 8.980346092558802), (1.2603290173653399, 1.2623290173653396), 0.3937122585640345), ((8.15950583355373, 8.16150583355373), (7.164898847667402, 7.166898847667403), 2.2202617212735305), ((1.8364941664462695, 1.8384941664462693), (0.8331011523325974, 0.8351011523325974), -0.9213309323162626)]
[INFO] [1753418498.484490255] [solver_node]: 数据详情:
- 第一个元素类型: <class 'float'>
- 整个数组类型: <class 'array.array'>
- 数组长度: 4
- 示例值: array('f', [0.0, 0.996999979019165, 0.8349999785423279, 2.453000068664551])
[INFO] [1753418498.487006247] [solver_node]: 调用求解器前，distances shape: (4,), values: [       nan 0.99699998 0.83499998 2.45300007]
[INFO] [1753418498.493060633] [solver_node]: [PoseSolver] 第0个组合有8个有效解
[INFO] [1753418498.496524402] [solver_node]: [PoseSolver] 处理完第0个组合后的筛选结果:
[INFO] [1753418498.499957609] [solver_node]: [PoseSolver] 排序后的最终筛选结果:
[INFO] [1753418498.501876332] [solver_node]: [PoseSolver] 找到8个完美相容解 (相容数=N)
[INFO] [1753418498.504914293] [solver_node]: 求解器返回结果: [((8.73567098263466, 8.73767098263466), (6.980346092558803, 6.982346092558804), 1.964508585358931), ((1.2603290173653392, 1.262329017365339), (1.0176539074411968, 1.0196539074411965), -1.177084068230862), ((9.162898847667403, 9.164898847667402), (1.8364941664462693, 1.838494166446269), 0.6494653944786339), ((0.8331011523325972, 0.8351011523325972), (6.16150583355373, 6.163505833553731), -2.492127259111159), ((1.0176539074411968, 1.0196539074411965), (6.73767098263466, 6.739670982634661), -2.7478803950257586), ((8.978346092558803, 8.980346092558802), (1.2603290173653399, 1.2623290173653396), 0.3937122585640345), ((8.15950583355373, 8.16150583355373), (7.164898847667402, 7.166898847667403), 2.2202617212735305), ((1.8364941664462695, 1.8384941664462693), (0.8331011523325974, 0.8351011523325974), -0.9213309323162626)]
[INFO] [1753418498.586605836] [solver_node]: 数据详情:
- 第一个元素类型: <class 'float'>
- 整个数组类型: <class 'array.array'>
- 数组长度: 4
- 示例值: array('f', [0.0, 0.996999979019165, 0.8349999785423279, 2.453000068664551])
[INFO] [1753418498.590975172] [solver_node]: 调用求解器前，distances shape: (4,), values: [       nan 0.99699998 0.83499998 2.45300007]
[INFO] [1753418498.595913040] [solver_node]: [PoseSolver] 第0个组合有8个有效解
[INFO] [1753418498.597641740] [solver_node]: [PoseSolver] 处理完第0个组合后的筛选结果:
[INFO] [1753418498.598773971] [solver_node]: [PoseSolver] 排序后的最终筛选结果:
[INFO] [1753418498.600540337] [solver_node]: [PoseSolver] 找到8个完美相容解 (相容数=N)
[INFO] [1753418498.601645527] [solver_node]: 求解器返回结果: [((8.73567098263466, 8.73767098263466), (6.980346092558803, 6.982346092558804), 1.964508585358931), ((1.2603290173653392, 1.262329017365339), (1.0176539074411968, 1.0196539074411965), -1.177084068230862), ((9.162898847667403, 9.164898847667402), (1.8364941664462693, 1.838494166446269), 0.6494653944786339), ((0.8331011523325972, 0.8351011523325972), (6.16150583355373, 6.163505833553731), -2.492127259111159), ((1.0176539074411968, 1.0196539074411965), (6.73767098263466, 6.739670982634661), -2.7478803950257586), ((8.978346092558803, 8.980346092558802), (1.2603290173653399, 1.2623290173653396), 0.3937122585640345), ((8.15950583355373, 8.16150583355373), (7.164898847667402, 7.166898847667403), 2.2202617212735305), ((1.8364941664462695, 1.8384941664462693), (0.8331011523325974, 0.8351011523325974), -0.9213309323162626)]
[INFO] [1753418498.684712190] [solver_node]: 数据详情:
- 第一个元素类型: <class 'float'>
- 整个数组类型: <class 'array.array'>
- 数组长度: 4
- 示例值: array('f', [0.0, 0.996999979019165, 0.8349999785423279, 2.453000068664551])
[INFO] [1753418498.689873969] [solver_node]: 调用求解器前，distances shape: (4,), values: [       nan 0.99699998 0.83499998 2.45300007]
[INFO] [1753418498.705902719] [solver_node]: [PoseSolver] 第0个组合有8个有效解
[INFO] [1753418498.708320435] [solver_node]: [PoseSolver] 处理完第0个组合后的筛选结果:
[INFO] [1753418498.710048431] [solver_node]: [PoseSolver] 排序后的最终筛选结果:
[INFO] [1753418498.711615653] [solver_node]: [PoseSolver] 找到8个完美相容解 (相容数=N)
[INFO] [1753418498.713163259] [solver_node]: 求解器返回结果: [((8.73567098263466, 8.73767098263466), (6.980346092558803, 6.982346092558804), 1.964508585358931), ((1.2603290173653392, 1.262329017365339), (1.0176539074411968, 1.0196539074411965), -1.177084068230862), ((9.162898847667403, 9.164898847667402), (1.8364941664462693, 1.838494166446269), 0.6494653944786339), ((0.8331011523325972, 0.8351011523325972), (6.16150583355373, 6.163505833553731), -2.492127259111159), ((1.0176539074411968, 1.0196539074411965), (6.73767098263466, 6.739670982634661), -2.7478803950257586), ((8.978346092558803, 8.980346092558802), (1.2603290173653399, 1.2623290173653396), 0.3937122585640345), ((8.15950583355373, 8.16150583355373), (7.164898847667402, 7.166898847667403), 2.2202617212735305), ((1.8364941664462695, 1.8384941664462693), (0.8331011523325974, 0.8351011523325974), -0.9213309323162626)]
[INFO] [1753418498.789691295] [solver_node]: 数据详情:
- 第一个元素类型: <class 'float'>
- 整个数组类型: <class 'array.array'>
- 数组长度: 4
- 示例值: array('f', [0.0, 0.996999979019165, 0.8349999785423279, 2.453000068664551])
[INFO] [1753418498.792605092] [solver_node]: 调用求解器前，distances shape: (4,), values: [       nan 0.99699998 0.83499998 2.45300007]
[INFO] [1753418498.795767730] [solver_node]: [PoseSolver] 第0个组合有8个有效解
[INFO] [1753418498.796673361] [solver_node]: [PoseSolver] 处理完第0个组合后的筛选结果:
[INFO] [1753418498.797430124] [solver_node]: [PoseSolver] 排序后的最终筛选结果:
[INFO] [1753418498.798183814] [solver_node]: [PoseSolver] 找到8个完美相容解 (相容数=N)
[INFO] [1753418498.799169832] [solver_node]: 求解器返回结果: [((8.73567098263466, 8.73767098263466), (6.980346092558803, 6.982346092558804), 1.964508585358931), ((1.2603290173653392, 1.262329017365339), (1.0176539074411968, 1.0196539074411965), -1.177084068230862), ((9.162898847667403, 9.164898847667402), (1.8364941664462693, 1.838494166446269), 0.6494653944786339), ((0.8331011523325972, 0.8351011523325972), (6.16150583355373, 6.163505833553731), -2.492127259111159), ((1.0176539074411968, 1.0196539074411965), (6.73767098263466, 6.739670982634661), -2.7478803950257586), ((8.978346092558803, 8.980346092558802), (1.2603290173653399, 1.2623290173653396), 0.3937122585640345), ((8.15950583355373, 8.16150583355373), (7.164898847667402, 7.166898847667403), 2.2202617212735305), ((1.8364941664462695, 1.8384941664462693), (0.8331011523325974, 0.8351011523325974), -0.9213309323162626)]
[INFO] [1753418498.883537564] [solver_node]: 数据详情:
- 第一个元素类型: <class 'float'>
- 整个数组类型: <class 'array.array'>
- 数组长度: 4
- 示例值: array('f', [0.0, 0.996999979019165, 0.8349999785423279, 2.453000068664551])
[INFO] [1753418498.885436382] [solver_node]: 调用求解器前，distances shape: (4,), values: [       nan 0.99699998 0.83499998 2.45300007]
[INFO] [1753418498.889276164] [solver_node]: [PoseSolver] 第0个组合有8个有效解
[INFO] [1753418498.890248165] [solver_node]: [PoseSolver] 处理完第0个组合后的筛选结果:
[INFO] [1753418498.891273481] [solver_node]: [PoseSolver] 排序后的最终筛选结果:
[INFO] [1753418498.892096838] [solver_node]: [PoseSolver] 找到8个完美相容解 (相容数=N)
[INFO] [1753418498.892921154] [solver_node]: 求解器返回结果: [((8.73567098263466, 8.73767098263466), (6.980346092558803, 6.982346092558804), 1.964508585358931), ((1.2603290173653392, 1.262329017365339), (1.0176539074411968, 1.0196539074411965), -1.177084068230862), ((9.162898847667403, 9.164898847667402), (1.8364941664462693, 1.838494166446269), 0.6494653944786339), ((0.8331011523325972, 0.8351011523325972), (6.16150583355373, 6.163505833553731), -2.492127259111159), ((1.0176539074411968, 1.0196539074411965), (6.73767098263466, 6.739670982634661), -2.7478803950257586), ((8.978346092558803, 8.980346092558802), (1.2603290173653399, 1.2623290173653396), 0.3937122585640345), ((8.15950583355373, 8.16150583355373), (7.164898847667402, 7.166898847667403), 2.2202617212735305), ((1.8364941664462695, 1.8384941664462693), (0.8331011523325974, 0.8351011523325974), -0.9213309323162626)]
