[INFO] [1754287106.441406884] [solver_node]: [PerpendicularDistanceLocalizer] 前束索引: [2], 后束索引: []
[INFO] [1754287106.456410404] [solver_node]: [PerpendicularDistanceLocalizer] 左束索引: [], 右束索引: []
[INFO] [1754287106.462407768] [solver_node]: [PerpendicularDistanceLocalizer] 垂直距离定位器已初始化，需要调用calibrate()方法进行标定
[INFO] [1754287106.551040245] [solver_node]: SolverNode启动，进入初始化阶段，需要收集100次激光数据进行标定...
[INFO] [1754287106.558260775] [solver_node]: 标定数据收集进度: 1/100
[INFO] [1754287106.596671735] [solver_node]: 标定数据收集进度: 2/100
[INFO] [1754287106.609451014] [solver_node]: 标定数据收集进度: 3/100
[INFO] [1754287106.620527486] [solver_node]: 标定数据收集进度: 4/100
[INFO] [1754287106.627277015] [solver_node]: 标定数据收集进度: 5/100
[INFO] [1754287106.647685677] [solver_node]: 标定数据收集进度: 6/100
[INFO] [1754287106.667911034] [solver_node]: 标定数据收集进度: 7/100
[INFO] [1754287106.675171982] [solver_node]: 标定数据收集进度: 8/100
[INFO] [1754287106.678796231] [solver_node]: 标定数据收集进度: 9/100
[INFO] [1754287106.693572732] [solver_node]: 标定数据收集进度: 10/100
[INFO] [1754287106.702443523] [solver_node]: 标定数据收集进度: 11/100
[INFO] [1754287106.709310179] [solver_node]: 标定数据收集进度: 12/100
[INFO] [1754287106.717914684] [solver_node]: 标定数据收集进度: 13/100
[INFO] [1754287106.721807491] [solver_node]: 标定数据收集进度: 14/100
[INFO] [1754287106.727187191] [solver_node]: 标定数据收集进度: 15/100
[INFO] [1754287106.731865735] [solver_node]: 标定数据收集进度: 16/100
[INFO] [1754287106.735363546] [solver_node]: 标定数据收集进度: 17/100
[INFO] [1754287106.755738542] [solver_node]: 标定数据收集进度: 18/100
[INFO] [1754287106.763473722] [solver_node]: 标定数据收集进度: 19/100
[INFO] [1754287106.770957562] [solver_node]: 标定数据收集进度: 20/100
[INFO] [1754287106.780304697] [solver_node]: 标定数据收集进度: 21/100
[INFO] [1754287106.792169816] [solver_node]: 标定数据收集进度: 22/100
[INFO] [1754287106.802042610] [solver_node]: 标定数据收集进度: 23/100
[INFO] [1754287106.807104822] [solver_node]: 标定数据收集进度: 24/100
[INFO] [1754287106.811117763] [solver_node]: 标定数据收集进度: 25/100
[INFO] [1754287106.814351625] [solver_node]: 标定数据收集进度: 26/100
[INFO] [1754287106.839216931] [solver_node]: 标定数据收集进度: 27/100
[INFO] [1754287106.845414529] [solver_node]: 标定数据收集进度: 28/100
[INFO] [1754287106.854452368] [solver_node]: 标定数据收集进度: 29/100
[INFO] [1754287106.862210365] [solver_node]: 标定数据收集进度: 30/100
[INFO] [1754287106.876211531] [solver_node]: 标定数据收集进度: 31/100
[INFO] [1754287106.883798319] [solver_node]: 标定数据收集进度: 32/100
[INFO] [1754287106.890733043] [solver_node]: 标定数据收集进度: 33/100
[INFO] [1754287106.911217260] [solver_node]: 标定数据收集进度: 34/100
[INFO] [1754287106.916782890] [solver_node]: 标定数据收集进度: 35/100
[INFO] [1754287106.923248341] [solver_node]: 标定数据收集进度: 36/100
[INFO] [1754287106.932175550] [solver_node]: 标定数据收集进度: 37/100
[INFO] [1754287106.975458472] [solver_node]: 标定数据收集进度: 38/100
[INFO] [1754287107.023751153] [solver_node]: 标定数据收集进度: 39/100
[INFO] [1754287107.043275513] [solver_node]: 标定数据收集进度: 40/100
[INFO] [1754287107.063402719] [solver_node]: 标定数据收集进度: 41/100
[INFO] [1754287107.075602096] [solver_node]: 标定数据收集进度: 42/100
[INFO] [1754287107.095134616] [solver_node]: 标定数据收集进度: 43/100
[INFO] [1754287107.105513035] [solver_node]: 标定数据收集进度: 44/100
[INFO] [1754287107.117667737] [solver_node]: 标定数据收集进度: 45/100
[INFO] [1754287107.127071194] [solver_node]: 标定数据收集进度: 46/100
[INFO] [1754287107.132762558] [solver_node]: 标定数据收集进度: 47/100
[INFO] [1754287107.148789362] [solver_node]: 标定数据收集进度: 48/100
[INFO] [1754287107.170271998] [solver_node]: 标定数据收集进度: 49/100
[INFO] [1754287107.180296863] [solver_node]: 标定数据收集进度: 50/100
[INFO] [1754287107.200266621] [solver_node]: 标定数据收集进度: 51/100
[INFO] [1754287107.215811545] [solver_node]: 标定数据收集进度: 52/100
[INFO] [1754287107.226186956] [solver_node]: 标定数据收集进度: 53/100
[INFO] [1754287107.232130461] [solver_node]: 标定数据收集进度: 54/100
[INFO] [1754287107.258568422] [solver_node]: 标定数据收集进度: 55/100
[INFO] [1754287107.268307448] [solver_node]: 标定数据收集进度: 56/100
[INFO] [1754287107.285743733] [solver_node]: 标定数据收集进度: 57/100
[INFO] [1754287107.296905808] [solver_node]: 标定数据收集进度: 58/100
[INFO] [1754287107.303153200] [solver_node]: 标定数据收集进度: 59/100
[INFO] [1754287107.320108372] [solver_node]: 标定数据收集进度: 60/100
[INFO] [1754287107.325893532] [solver_node]: 标定数据收集进度: 61/100
[INFO] [1754287107.340292221] [solver_node]: 标定数据收集进度: 62/100
[INFO] [1754287107.360804503] [solver_node]: 标定数据收集进度: 63/100
[INFO] [1754287107.382167837] [solver_node]: 标定数据收集进度: 64/100
[INFO] [1754287107.390507720] [solver_node]: 标定数据收集进度: 65/100
[INFO] [1754287107.413921206] [solver_node]: 标定数据收集进度: 66/100
[INFO] [1754287107.429924266] [solver_node]: 标定数据收集进度: 67/100
[INFO] [1754287107.457645237] [solver_node]: 标定数据收集进度: 68/100
[INFO] [1754287107.585804629] [solver_node]: 标定数据收集进度: 69/100
[INFO] [1754287107.606109509] [solver_node]: 标定数据收集进度: 70/100
[INFO] [1754287107.627121528] [solver_node]: 标定数据收集进度: 71/100
[INFO] [1754287107.662973764] [solver_node]: 标定数据收集进度: 72/100
[INFO] [1754287107.675464931] [solver_node]: 标定数据收集进度: 73/100
[INFO] [1754287107.680782291] [solver_node]: 标定数据收集进度: 74/100
[INFO] [1754287107.689135167] [solver_node]: 标定数据收集进度: 75/100
[INFO] [1754287107.694949960] [solver_node]: 标定数据收集进度: 76/100
[INFO] [1754287107.705679662] [solver_node]: 标定数据收集进度: 77/100
[INFO] [1754287107.718063208] [solver_node]: 标定数据收集进度: 78/100
[INFO] [1754287107.723101674] [solver_node]: 标定数据收集进度: 79/100
[INFO] [1754287107.738395640] [solver_node]: 标定数据收集进度: 80/100
[INFO] [1754287107.743431738] [solver_node]: 标定数据收集进度: 81/100
[INFO] [1754287107.807111062] [solver_node]: 标定数据收集进度: 82/100
[INFO] [1754287107.826108098] [solver_node]: 标定数据收集进度: 83/100
[INFO] [1754287107.861890794] [solver_node]: 标定数据收集进度: 84/100
[INFO] [1754287107.887440006] [solver_node]: 标定数据收集进度: 85/100
[INFO] [1754287107.893929842] [solver_node]: 标定数据收集进度: 86/100
[INFO] [1754287107.910698573] [solver_node]: 标定数据收集进度: 87/100
[INFO] [1754287107.981001372] [solver_node]: 标定数据收集进度: 88/100
[INFO] [1754287107.999086617] [solver_node]: 标定数据收集进度: 89/100
[INFO] [1754287108.035942231] [solver_node]: 标定数据收集进度: 90/100
[INFO] [1754287108.049776538] [solver_node]: 标定数据收集进度: 91/100
[INFO] [1754287108.059117496] [solver_node]: 标定数据收集进度: 92/100
[INFO] [1754287108.062308091] [solver_node]: 标定数据收集进度: 93/100
[INFO] [1754287108.065274003] [solver_node]: 标定数据收集进度: 94/100
[INFO] [1754287108.068767909] [solver_node]: 标定数据收集进度: 95/100
[INFO] [1754287108.071602966] [solver_node]: 标定数据收集进度: 96/100
[INFO] [1754287108.076118109] [solver_node]: 标定数据收集进度: 97/100
[INFO] [1754287108.079392389] [solver_node]: 标定数据收集进度: 98/100
[INFO] [1754287108.082915385] [solver_node]: 标定数据收集进度: 99/100
[INFO] [1754287108.091727868] [solver_node]: 标定数据收集进度: 100/100
[INFO] [1754287108.092482498] [solver_node]: 标定数据收集完成，开始标定过程...
[INFO] [1754287108.093246953] [solver_node]: 开始标定，收集到的数据shape: (100, 5)
[INFO] [1754287108.093989167] [solver_node]: [PerpendicularDistanceLocalizer] 开始标定，扫描数据shape: (100, 5)
[INFO] [1754287108.096528177] [solver_node]: [PerpendicularDistanceLocalizer] 平均测距值 详细内容: 形状: (5,), 类型: float64
[INFO] [1754287108.097536773] [solver_node]: [PerpendicularDistanceLocalizer] 平均测距值[0]: 1.4830000400543213
[INFO] [1754287108.098411025] [solver_node]: [PerpendicularDistanceLocalizer] 平均测距值[1]: 5.73799991607666
[INFO] [1754287108.099187609] [solver_node]: [PerpendicularDistanceLocalizer] 平均测距值[2]: 5.068149828910828
[INFO] [1754287108.103583386] [solver_node]: [PerpendicularDistanceLocalizer] 平均测距值[3]: 4.270189967155456
[INFO] [1754287108.104417221] [solver_node]: [PerpendicularDistanceLocalizer] 平均测距值[4]: 4.287640132904053
[INFO] [1754287108.105244399] [solver_node]: [PerpendicularDistanceLocalizer] h_values 详细内容: 形状: (5,), 类型: float64
[INFO] [1754287108.105943987] [solver_node]: [PerpendicularDistanceLocalizer] h_values[0]: 0.0
[INFO] [1754287108.106609173] [solver_node]: [PerpendicularDistanceLocalizer] h_values[1]: 0.0
[INFO] [1754287108.107324953] [solver_node]: [PerpendicularDistanceLocalizer] h_values[2]: 0.33497201345916283
[INFO] [1754287108.108070143] [solver_node]: [PerpendicularDistanceLocalizer] h_values[3]: 0.0
[INFO] [1754287108.112206131] [solver_node]: [PerpendicularDistanceLocalizer] h_values[4]: 0.0
[INFO] [1754287108.123845254] [solver_node]: [PerpendicularDistanceLocalizer] 标定完成: m=0.000, n=5.403
[INFO] [1754287108.124636623] [solver_node]: [PerpendicularDistanceLocalizer] 前后左右平均距离: 前=5.403, 后=0.000, 左=0.000, 右=0.000
[INFO] [1754287108.125338898] [solver_node]: [PerpendicularDistanceLocalizer] 计算的初始位姿: x=0.000, y=0.000, phi=1.571
[INFO] [1754287108.126010613] [solver_node]: 标定完成: m=0.000, n=5.403
[INFO] [1754287108.126711705] [solver_node]: 初始位姿: x=0.000, y=0.000, phi=1.571
[INFO] [1754287108.129170006] [solver_node]: 初始化阶段完成，进入运行阶段
[INFO] [1754287108.218782141] [solver_node]: 收到5个激光点，处理后5个有效点
[INFO] [1754287108.230158531] [solver_node]: 当前位置: x=5.156, y=1.887, angle=-1.751
[INFO] [1754287108.231563371] [solver_node]: 激光距离数据: [1.48300004 5.73799992 5.06699991 4.27099991 4.28999996]
[INFO] [1754287108.232545821] [solver_node]: 垂直距离定位器返回 1 个解
[INFO] [1754287108.233464236] [solver_node]: 总共 1 个解
[INFO] [1754287108.234616231] [solver_node]: 无效解: x=0.000, y=5.403, 距离=6.241 > 阈值0.100
[WARN] [1754287108.235781891] [solver_node]: 没有满足距离要求的解
[WARN] [1754287108.236767573] [solver_node]: 没有合适的解，不发布TF变换
[INFO] [1754287108.237681092] [solver_node]: 收到5个激光点，处理后5个有效点
[INFO] [1754287108.246847801] [solver_node]: 发布静态变换: translation=(-0.000, -0.000, 0.0), 无旋转
[INFO] [1754287108.251717874] [solver_node]: 当前位置: x=5.150, y=1.899, angle=-1.752
[INFO] [1754287108.252908495] [solver_node]: 激光距离数据: [1.48300004 5.73799992 5.06699991 4.27099991 4.28999996]
[INFO] [1754287108.253773339] [solver_node]: 垂直距离定位器返回 1 个解
[INFO] [1754287108.254943511] [solver_node]: 总共 1 个解
[INFO] [1754287108.255652955] [solver_node]: 无效解: x=0.000, y=5.403, 距离=6.229 > 阈值0.100
[WARN] [1754287108.256371616] [solver_node]: 没有满足距离要求的解
[WARN] [1754287108.257083396] [solver_node]: 没有合适的解，不发布TF变换
[INFO] [1754287108.258390567] [solver_node]: 收到5个激光点，处理后5个有效点
[INFO] [1754287108.265507283] [solver_node]: 当前位置: x=2.744, y=-1.513, angle=1.389
[INFO] [1754287108.266826230] [solver_node]: 激光距离数据: [1.48300004 5.73799992 5.06899977 4.27099991 4.28599977]
[INFO] [1754287108.267791400] [solver_node]: 垂直距离定位器返回 1 个解
[INFO] [1754287108.268866623] [solver_node]: 总共 1 个解
[INFO] [1754287108.279760076] [solver_node]: 无效解: x=0.000, y=-0.000, 距离=3.134 > 阈值0.100
[WARN] [1754287108.280966698] [solver_node]: 没有满足距离要求的解
[WARN] [1754287108.282054465] [solver_node]: 没有合适的解，不发布TF变换
[INFO] [1754287108.283393350] [solver_node]: 收到5个激光点，处理后5个有效点
[INFO] [1754287108.288579407] [solver_node]: 收到5个激光点，处理后5个有效点
[INFO] [1754287108.291904601] [solver_node]: 收到5个激光点，处理后5个有效点
[INFO] [1754287108.294241904] [solver_node]: 收到5个激光点，处理后5个有效点
[INFO] [1754287108.297694497] [solver_node]: 当前位置: x=2.745, y=-1.513, angle=1.389
[INFO] [1754287108.299504126] [solver_node]: 激光距离数据: [1.48300004 5.73799992 5.06899977 4.27099991 4.28599977]
[INFO] [1754287108.301855894] [solver_node]: 垂直距离定位器返回 1 个解
[INFO] [1754287108.304214703] [solver_node]: 总共 1 个解
[INFO] [1754287108.305250884] [solver_node]: 无效解: x=0.000, y=-0.000, 距离=3.134 > 阈值0.100
[WARN] [1754287108.306533445] [solver_node]: 没有满足距离要求的解
[WARN] [1754287108.309267185] [solver_node]: 没有合适的解，不发布TF变换
[INFO] [1754287108.310461230] [solver_node]: 收到5个激光点，处理后5个有效点
[INFO] [1754287108.313701268] [solver_node]: 收到5个激光点，处理后5个有效点
[INFO] [1754287108.329677189] [solver_node]: 当前位置: x=2.747, y=-1.514, angle=1.389
[INFO] [1754287108.338749301] [solver_node]: 激光距离数据: [1.48300004 5.73799992 5.06899977 4.26999998 4.28599977]
[INFO] [1754287108.372531828] [solver_node]: 垂直距离定位器返回 1 个解
[INFO] [1754287108.375513453] [solver_node]: 总共 1 个解
[INFO] [1754287108.376704298] [solver_node]: 无效解: x=0.000, y=-0.000, 距离=3.137 > 阈值0.100
[WARN] [1754287108.378312764] [solver_node]: 没有满足距离要求的解
[WARN] [1754287108.379956112] [solver_node]: 没有合适的解，不发布TF变换
[INFO] [1754287108.381130028] [solver_node]: 收到5个激光点，处理后5个有效点
[INFO] [1754287108.394754309] [solver_node]: 发布静态变换: translation=(-0.000, -0.000, 0.0), 无旋转
[INFO] [1754287108.397299111] [solver_node]: 当前位置: x=2.747, y=-1.514, angle=1.389
[INFO] [1754287108.400020178] [solver_node]: 激光距离数据: [1.48300004 5.73799992 5.06899977 4.26999998 4.28599977]
[INFO] [1754287108.401337750] [solver_node]: 垂直距离定位器返回 1 个解
[INFO] [1754287108.402057018] [solver_node]: 总共 1 个解
[INFO] [1754287108.403174483] [solver_node]: 无效解: x=0.000, y=-0.000, 距离=3.137 > 阈值0.100
[WARN] [1754287108.404517272] [solver_node]: 没有满足距离要求的解
[WARN] [1754287108.405797178] [solver_node]: 没有合适的解，不发布TF变换
[INFO] [1754287108.406784620] [solver_node]: 收到5个激光点，处理后5个有效点
[INFO] [1754287108.414402770] [solver_node]: 收到5个激光点，处理后5个有效点
[INFO] [1754287108.429916395] [solver_node]: 收到5个激光点，处理后5个有效点
[INFO] [1754287108.449668029] [solver_node]: 当前位置: x=2.758, y=-1.509, angle=1.391
[INFO] [1754287108.456506811] [solver_node]: 激光距离数据: [1.48300004 5.73799992 5.06899977 4.26999998 4.28599977]
[INFO] [1754287108.459782627] [solver_node]: 垂直距离定位器返回 1 个解
[INFO] [1754287108.462311204] [solver_node]: 发布静态变换: translation=(-0.000, -0.000, 0.0), 无旋转
[INFO] [1754287108.464461970] [solver_node]: 总共 1 个解
[INFO] [1754287108.466193322] [solver_node]: 无效解: x=0.000, y=-0.000, 距离=3.144 > 阈值0.100
[WARN] [1754287108.467212607] [solver_node]: 没有满足距离要求的解
[WARN] [1754287108.468243315] [solver_node]: 没有合适的解，不发布TF变换
[INFO] [1754287108.629338818] [solver_node]: 收到5个激光点，处理后5个有效点
[INFO] [1754287108.636316487] [solver_node]: 当前位置: x=2.755, y=-1.519, angle=1.390
[INFO] [1754287108.637623754] [solver_node]: 激光距离数据: [1.48300004 5.73799992 5.06899977 4.26999998 4.28599977]
[INFO] [1754287108.639270910] [solver_node]: 垂直距离定位器返回 1 个解
[INFO] [1754287108.640014148] [solver_node]: 总共 1 个解
[INFO] [1754287108.640768746] [solver_node]: 无效解: x=0.000, y=-0.000, 距离=3.146 > 阈值0.100
[WARN] [1754287108.641804447] [solver_node]: 没有满足距离要求的解
[WARN] [1754287108.642575335] [solver_node]: 没有合适的解，不发布TF变换
[INFO] [1754287108.643350799] [solver_node]: 发布静态变换: translation=(-0.000, -0.000, 0.0), 无旋转
[INFO] [1754287108.655542942] [solver_node]: 收到5个激光点，处理后5个有效点
[INFO] [1754287108.660413719] [solver_node]: 当前位置: x=2.741, y=-1.511, angle=1.391
[INFO] [1754287108.664106452] [solver_node]: 激光距离数据: [1.48300004 5.73799992 5.06899977 4.26999998 4.28599977]
[INFO] [1754287108.671965862] [solver_node]: 垂直距离定位器返回 1 个解
[INFO] [1754287108.673107328] [solver_node]: 总共 1 个解
[INFO] [1754287108.673986797] [solver_node]: 无效解: x=0.000, y=-0.000, 距离=3.129 > 阈值0.100
[WARN] [1754287108.674879419] [solver_node]: 没有满足距离要求的解
[WARN] [1754287108.675727590] [solver_node]: 没有合适的解，不发布TF变换
[INFO] [1754287108.676817630] [solver_node]: 收到5个激光点，处理后5个有效点
[INFO] [1754287108.685045283] [solver_node]: 收到5个激光点，处理后5个有效点
[INFO] [1754287108.688000314] [solver_node]: 收到5个激光点，处理后5个有效点
[INFO] [1754287108.691705911] [solver_node]: 当前位置: x=2.738, y=-1.507, angle=1.391
[INFO] [1754287108.693058685] [solver_node]: 激光距离数据: [1.48300004 5.73799992 5.06899977 4.26999998 4.28599977]
[INFO] [1754287108.694199063] [solver_node]: 垂直距离定位器返回 1 个解
[INFO] [1754287108.695096005] [solver_node]: 总共 1 个解
[INFO] [1754287108.695976626] [solver_node]: 无效解: x=0.000, y=-0.000, 距离=3.125 > 阈值0.100
[WARN] [1754287108.696835934] [solver_node]: 没有满足距离要求的解
[WARN] [1754287108.697648903] [solver_node]: 没有合适的解，不发布TF变换
[INFO] [1754287108.698755264] [solver_node]: 收到5个激光点，处理后5个有效点
[INFO] [1754287108.701826781] [solver_node]: 收到5个激光点，处理后5个有效点
[INFO] [1754287108.712669000] [solver_node]: 当前位置: x=2.737, y=-1.507, angle=1.391
[INFO] [1754287108.714916059] [solver_node]: 激光距离数据: [1.48300004 5.73799992 5.06899977 4.26999998 4.28599977]
[INFO] [1754287108.718011993] [solver_node]: 垂直距离定位器返回 1 个解
[INFO] [1754287108.719038413] [solver_node]: 总共 1 个解
[INFO] [1754287108.720230666] [solver_node]: 无效解: x=0.000, y=-0.000, 距离=3.125 > 阈值0.100
[WARN] [1754287108.722175886] [solver_node]: 没有满足距离要求的解
[WARN] [1754287108.723353098] [solver_node]: 没有合适的解，不发布TF变换
[INFO] [1754287108.724313883] [solver_node]: 收到5个激光点，处理后5个有效点
[INFO] [1754287108.726730871] [solver_node]: 收到5个激光点，处理后5个有效点
[INFO] [1754287108.744663052] [solver_node]: 当前位置: x=2.738, y=-1.507, angle=1.391
[INFO] [1754287108.756547596] [solver_node]: 激光距离数据: [1.48300004 5.73799992 5.06899977 4.26999998 4.28599977]
[INFO] [1754287108.759736399] [solver_node]: 垂直距离定位器返回 1 个解
[INFO] [1754287108.766171768] [solver_node]: 发布静态变换: translation=(-0.000, -0.000, 0.0), 无旋转
[INFO] [1754287108.772735848] [solver_node]: 总共 1 个解
[INFO] [1754287108.777478938] [solver_node]: 无效解: x=0.000, y=-0.000, 距离=3.126 > 阈值0.100
[WARN] [1754287108.782298097] [solver_node]: 没有满足距离要求的解
[WARN] [1754287108.784189361] [solver_node]: 没有合适的解，不发布TF变换
[INFO] [1754287108.787080773] [solver_node]: 收到5个激光点，处理后5个有效点
[INFO] [1754287108.802686115] [solver_node]: 收到5个激光点，处理后5个有效点
[INFO] [1754287108.823014163] [solver_node]: 当前位置: x=2.728, y=-1.508, angle=1.390
[INFO] [1754287108.840426349] [solver_node]: 激光距离数据: [1.48300004 5.73799992 5.06799984 4.26999998 4.28599977]
[INFO] [1754287108.845955752] [solver_node]: 垂直距离定位器返回 1 个解
[INFO] [1754287108.846896856] [solver_node]: 总共 1 个解
[INFO] [1754287108.848985827] [solver_node]: 无效解: x=0.000, y=0.000, 距离=3.117 > 阈值0.100
[WARN] [1754287108.853832859] [solver_node]: 没有满足距离要求的解
[WARN] [1754287108.855821569] [solver_node]: 没有合适的解，不发布TF变换
[INFO] [1754287108.856965403] [solver_node]: 收到5个激光点，处理后5个有效点
[INFO] [1754287108.864129738] [solver_node]: 发布静态变换: translation=(-0.000, -0.000, 0.0), 无旋转
[INFO] [1754287108.869833229] [solver_node]: 当前位置: x=2.756, y=-1.511, angle=1.390
[INFO] [1754287108.873752118] [solver_node]: 激光距离数据: [1.48300004 5.73799992 5.06799984 4.26999998 4.28599977]
[INFO] [1754287108.874868975] [solver_node]: 垂直距离定位器返回 1 个解
[INFO] [1754287108.875595284] [solver_node]: 总共 1 个解
[INFO] [1754287108.876348634] [solver_node]: 无效解: x=0.000, y=0.000, 距离=3.143 > 阈值0.100
[WARN] [1754287108.877127586] [solver_node]: 没有满足距离要求的解
[WARN] [1754287108.877909322] [solver_node]: 没有合适的解，不发布TF变换
[INFO] [1754287108.878952576] [solver_node]: 收到5个激光点，处理后5个有效点
[INFO] [1754287108.882328588] [solver_node]: 收到5个激光点，处理后5个有效点
[INFO] [1754287108.884711110] [solver_node]: 收到5个激光点，处理后5个有效点
[INFO] [1754287108.894629953] [solver_node]: 当前位置: x=2.750, y=-1.512, angle=1.391
[INFO] [1754287108.895971750] [solver_node]: 激光距离数据: [1.48300004 5.73799992 5.06799984 4.26900005 4.28599977]
[INFO] [1754287108.896922135] [solver_node]: 垂直距离定位器返回 1 个解
[INFO] [1754287108.897596089] [solver_node]: 总共 1 个解
[INFO] [1754287108.898449605] [solver_node]: 无效解: x=0.000, y=0.000, 距离=3.139 > 阈值0.100
[WARN] [1754287108.904974834] [solver_node]: 没有满足距离要求的解
[WARN] [1754287108.908196919] [solver_node]: 没有合适的解，不发布TF变换
[INFO] [1754287108.909331281] [solver_node]: 收到5个激光点，处理后5个有效点
[INFO] [1754287108.914150760] [solver_node]: 收到5个激光点，处理后5个有效点
[INFO] [1754287108.917742495] [solver_node]: 收到5个激光点，处理后5个有效点
[INFO] [1754287108.921289525] [solver_node]: 当前位置: x=2.734, y=-1.519, angle=1.391
[INFO] [1754287108.923004909] [solver_node]: 激光距离数据: [1.48300004 5.73799992 5.06799984 4.26900005 4.28599977]
[INFO] [1754287108.923927516] [solver_node]: 垂直距离定位器返回 1 个解
[INFO] [1754287108.926357688] [solver_node]: 总共 1 个解
[INFO] [1754287108.928004236] [solver_node]: 无效解: x=0.000, y=0.000, 距离=3.127 > 阈值0.100
[WARN] [1754287108.928800213] [solver_node]: 没有满足距离要求的解
[WARN] [1754287108.929574973] [solver_node]: 没有合适的解，不发布TF变换
[INFO] [1754287108.961398040] [solver_node]: 收到5个激光点，处理后5个有效点
[INFO] [1754287108.968539205] [solver_node]: 发布静态变换: translation=(-0.000, -0.000, 0.0), 无旋转
[INFO] [1754287108.970236284] [solver_node]: 当前位置: x=2.734, y=-1.519, angle=1.391
[INFO] [1754287108.972625814] [solver_node]: 激光距离数据: [1.48300004 5.73799992 5.06799984 4.26900005 4.28599977]
[INFO] [1754287108.973762192] [solver_node]: 垂直距离定位器返回 1 个解
[INFO] [1754287108.974669887] [solver_node]: 总共 1 个解
[INFO] [1754287108.975509098] [solver_node]: 无效解: x=0.000, y=0.000, 距离=3.127 > 阈值0.100
[WARN] [1754287108.976423384] [solver_node]: 没有满足距离要求的解
[WARN] [1754287108.977781342] [solver_node]: 没有合适的解，不发布TF变换
[INFO] [1754287108.991826572] [solver_node]: 收到5个激光点，处理后5个有效点
[INFO] [1754287108.995788759] [solver_node]: 收到5个激光点，处理后5个有效点
[INFO] [1754287109.000981120] [solver_node]: 当前位置: x=2.740, y=-1.515, angle=1.392
[INFO] [1754287109.002698936] [solver_node]: 激光距离数据: [1.48300004 5.73799992 5.06799984 4.26900005 4.28599977]
[INFO] [1754287109.003869524] [solver_node]: 垂直距离定位器返回 1 个解
[INFO] [1754287109.004570328] [solver_node]: 总共 1 个解
[INFO] [1754287109.005315614] [solver_node]: 无效解: x=0.000, y=0.000, 距离=3.131 > 阈值0.100
[WARN] [1754287109.006097478] [solver_node]: 没有满足距离要求的解
[WARN] [1754287109.006908400] [solver_node]: 没有合适的解，不发布TF变换
[INFO] [1754287109.021365266] [solver_node]: 收到5个激光点，处理后5个有效点
[INFO] [1754287109.024035739] [solver_node]: 收到5个激光点，处理后5个有效点
[INFO] [1754287109.026198633] [solver_node]: 收到5个激光点，处理后5个有效点
[INFO] [1754287109.040597001] [solver_node]: 当前位置: x=2.733, y=-1.511, angle=1.391
[INFO] [1754287109.045950394] [solver_node]: 激光距离数据: [1.48300004 5.73799992 5.06799984 4.26900005 4.28599977]
[INFO] [1754287109.049037112] [solver_node]: 发布静态变换: translation=(-0.000, -0.000, 0.0), 无旋转
[INFO] [1754287109.050463297] [solver_node]: 垂直距离定位器返回 1 个解
[INFO] [1754287109.055137776] [solver_node]: 总共 1 个解
[INFO] [1754287109.056330125] [solver_node]: 无效解: x=0.000, y=0.000, 距离=3.123 > 阈值0.100
[WARN] [1754287109.057895293] [solver_node]: 没有满足距离要求的解
[WARN] [1754287109.059371880] [solver_node]: 没有合适的解，不发布TF变换
[INFO] [1754287109.080438908] [solver_node]: 收到5个激光点，处理后5个有效点
[INFO] [1754287109.087375839] [solver_node]: 当前位置: x=2.733, y=-1.512, angle=1.392
[INFO] [1754287109.088926254] [solver_node]: 激光距离数据: [1.48300004 5.73799992 5.06799984 4.26900005 4.28599977]
[INFO] [1754287109.089965251] [solver_node]: 垂直距离定位器返回 1 个解
[INFO] [1754287109.090674695] [solver_node]: 总共 1 个解
[INFO] [1754287109.091488401] [solver_node]: 无效解: x=0.000, y=0.000, 距离=3.124 > 阈值0.100
[WARN] [1754287109.092299098] [solver_node]: 没有满足距离要求的解
[WARN] [1754287109.093099395] [solver_node]: 没有合适的解，不发布TF变换
[INFO] [1754287109.094122808] [solver_node]: 收到5个激光点，处理后5个有效点
[INFO] [1754287109.099177626] [solver_node]: 收到5个激光点，处理后5个有效点
[INFO] [1754287109.102318618] [solver_node]: 收到5个激光点，处理后5个有效点
[INFO] [1754287109.104823546] [solver_node]: 收到5个激光点，处理后5个有效点
[INFO] [1754287109.107067245] [solver_node]: 收到5个激光点，处理后5个有效点
[INFO] [1754287109.109378179] [solver_node]: 当前位置: x=2.735, y=-1.515, angle=1.392
[INFO] [1754287109.110660549] [solver_node]: 激光距离数据: [1.48300004 5.73799992 5.06799984 4.26900005 4.28599977]
[INFO] [1754287109.111938246] [solver_node]: 垂直距离定位器返回 1 个解
[INFO] [1754287109.113332077] [solver_node]: 总共 1 个解
[INFO] [1754287109.114795896] [solver_node]: 无效解: x=0.000, y=0.000, 距离=3.127 > 阈值0.100
[WARN] [1754287109.119703891] [solver_node]: 没有满足距离要求的解
[WARN] [1754287109.120641923] [solver_node]: 没有合适的解，不发布TF变换
[INFO] [1754287109.132183344] [solver_node]: 收到5个激光点，处理后5个有效点
[INFO] [1754287109.141733112] [solver_node]: 当前位置: x=2.738, y=-1.513, angle=1.391
[INFO] [1754287109.143504787] [solver_node]: 激光距离数据: [1.48300004 5.73799992 5.06799984 4.26900005 4.28599977]
[INFO] [1754287109.145116325] [solver_node]: 垂直距离定位器返回 1 个解
[INFO] [1754287109.149416705] [solver_node]: 总共 1 个解
[INFO] [1754287109.150351120] [solver_node]: 无效解: x=0.000, y=0.000, 距离=3.128 > 阈值0.100
[WARN] [1754287109.151224573] [solver_node]: 没有满足距离要求的解
[WARN] [1754287109.152024742] [solver_node]: 没有合适的解，不发布TF变换
[INFO] [1754287109.152776748] [solver_node]: 发布静态变换: translation=(-0.000, -0.000, 0.0), 无旋转
[INFO] [1754287109.284015198] [solver_node]: 收到5个激光点，处理后5个有效点
[INFO] [1754287109.300242587] [solver_node]: 当前位置: x=2.733, y=-1.510, angle=1.392
[INFO] [1754287109.301632610] [solver_node]: 激光距离数据: [1.48300004 5.73799992 5.06799984 4.26900005 4.28599977]
[INFO] [1754287109.302631381] [solver_node]: 垂直距离定位器返回 1 个解
[INFO] [1754287109.305544650] [solver_node]: 总共 1 个解
[INFO] [1754287109.309971756] [solver_node]: 无效解: x=0.000, y=0.000, 距离=3.123 > 阈值0.100
[INFO] [1754287109.313388731] [solver_node]: 发布静态变换: translation=(-0.000, -0.000, 0.0), 无旋转
[WARN] [1754287109.317338820] [solver_node]: 没有满足距离要求的解
[WARN] [1754287109.318268692] [solver_node]: 没有合适的解，不发布TF变换
[INFO] [1754287109.329868453] [solver_node]: 收到5个激光点，处理后5个有效点
[INFO] [1754287109.337061812] [solver_node]: 当前位置: x=2.750, y=-1.510, angle=1.391
[INFO] [1754287109.338425818] [solver_node]: 激光距离数据: [1.48300004 5.73799992 5.06799984 4.26900005 4.28599977]
[INFO] [1754287109.339436973] [solver_node]: 垂直距离定位器返回 1 个解
[INFO] [1754287109.342179450] [solver_node]: 总共 1 个解
[INFO] [1754287109.343284114] [solver_node]: 无效解: x=0.000, y=0.000, 距离=3.137 > 阈值0.100
[WARN] [1754287109.344162047] [solver_node]: 没有满足距离要求的解
[WARN] [1754287109.345015947] [solver_node]: 没有合适的解，不发布TF变换
[INFO] [1754287109.345502243] [solver_node]: 发布静态变换: translation=(-0.000, -0.000, 0.0), 无旋转
