[INFO] [1754209697.443050969] [solver_node]: [PerpendicularDistanceLocalizer] 前束索引: [2], 后束索引: [3, 4]
[INFO] [1754209697.446179937] [solver_node]: [PerpendicularDistanceLocalizer] 左束索引: [0], 右束索引: [1]
[INFO] [1754209697.459992025] [solver_node]: [PerpendicularDistanceLocalizer] 垂直距离定位器已初始化，需要调用calibrate()方法进行标定
[INFO] [1754209697.571342937] [solver_node]: SolverNode启动，进入初始化阶段，需要收集100次激光数据进行标定...
[INFO] [1754209697.670304675] [solver_node]: 标定数据收集进度: 1/100
[INFO] [1754209697.754060481] [solver_node]: 标定数据收集进度: 2/100
[INFO] [1754209697.903163847] [solver_node]: 标定数据收集进度: 3/100
[INFO] [1754209697.978560586] [solver_node]: 标定数据收集进度: 4/100
[INFO] [1754209698.092323790] [solver_node]: 标定数据收集进度: 5/100
[INFO] [1754209698.153424617] [solver_node]: 标定数据收集进度: 6/100
[INFO] [1754209698.275249380] [solver_node]: 标定数据收集进度: 7/100
[INFO] [1754209698.374747428] [solver_node]: 标定数据收集进度: 8/100
[INFO] [1754209698.451139254] [solver_node]: 标定数据收集进度: 9/100
[INFO] [1754209698.637492346] [solver_node]: 标定数据收集进度: 10/100
[INFO] [1754209698.651733565] [solver_node]: 标定数据收集进度: 11/100
[INFO] [1754209698.766285728] [solver_node]: 标定数据收集进度: 12/100
[INFO] [1754209698.865623861] [solver_node]: 标定数据收集进度: 13/100
[INFO] [1754209698.970000396] [solver_node]: 标定数据收集进度: 14/100
[INFO] [1754209699.097679850] [solver_node]: 标定数据收集进度: 15/100
[INFO] [1754209699.267478286] [solver_node]: 标定数据收集进度: 16/100
[INFO] [1754209699.351666073] [solver_node]: 标定数据收集进度: 17/100
[INFO] [1754209699.385354354] [solver_node]: 标定数据收集进度: 18/100
[INFO] [1754209699.460909967] [solver_node]: 标定数据收集进度: 19/100
[INFO] [1754209699.572111202] [solver_node]: 标定数据收集进度: 20/100
[INFO] [1754209699.709329079] [solver_node]: 标定数据收集进度: 21/100
[INFO] [1754209699.758562432] [solver_node]: 标定数据收集进度: 22/100
[INFO] [1754209699.848365998] [solver_node]: 标定数据收集进度: 23/100
[INFO] [1754209699.987945033] [solver_node]: 标定数据收集进度: 24/100
[INFO] [1754209700.048376820] [solver_node]: 标定数据收集进度: 25/100
[INFO] [1754209700.147777135] [solver_node]: 标定数据收集进度: 26/100
[INFO] [1754209700.252265428] [solver_node]: 标定数据收集进度: 27/100
[INFO] [1754209700.354457171] [solver_node]: 标定数据收集进度: 28/100
[INFO] [1754209700.528272680] [solver_node]: 标定数据收集进度: 29/100
[INFO] [1754209700.556286938] [solver_node]: 标定数据收集进度: 30/100
[INFO] [1754209700.653751357] [solver_node]: 标定数据收集进度: 31/100
[INFO] [1754209700.756880001] [solver_node]: 标定数据收集进度: 32/100
[INFO] [1754209700.866746137] [solver_node]: 标定数据收集进度: 33/100
[INFO] [1754209700.974943264] [solver_node]: 标定数据收集进度: 34/100
[INFO] [1754209701.048108505] [solver_node]: 标定数据收集进度: 35/100
[INFO] [1754209701.161835844] [solver_node]: 标定数据收集进度: 36/100
[INFO] [1754209701.271569905] [solver_node]: 标定数据收集进度: 37/100
[INFO] [1754209701.375306041] [solver_node]: 标定数据收集进度: 38/100
[INFO] [1754209701.456242336] [solver_node]: 标定数据收集进度: 39/100
[INFO] [1754209701.560629822] [solver_node]: 标定数据收集进度: 40/100
[INFO] [1754209701.653316946] [solver_node]: 标定数据收集进度: 41/100
[INFO] [1754209701.780238127] [solver_node]: 标定数据收集进度: 42/100
[INFO] [1754209701.883569019] [solver_node]: 标定数据收集进度: 43/100
[INFO] [1754209701.950242509] [solver_node]: 标定数据收集进度: 44/100
[INFO] [1754209702.048427917] [solver_node]: 标定数据收集进度: 45/100
[INFO] [1754209702.165882282] [solver_node]: 标定数据收集进度: 46/100
[INFO] [1754209702.247814899] [solver_node]: 标定数据收集进度: 47/100
[INFO] [1754209702.392415582] [solver_node]: 标定数据收集进度: 48/100
[INFO] [1754209702.491388911] [solver_node]: 标定数据收集进度: 49/100
[INFO] [1754209702.597046453] [solver_node]: 标定数据收集进度: 50/100
[INFO] [1754209702.690063115] [solver_node]: 标定数据收集进度: 51/100
[INFO] [1754209702.779447767] [solver_node]: 标定数据收集进度: 52/100
[INFO] [1754209702.851633516] [solver_node]: 标定数据收集进度: 53/100
[INFO] [1754209702.948222285] [solver_node]: 标定数据收集进度: 54/100
[INFO] [1754209703.050911059] [solver_node]: 标定数据收集进度: 55/100
[INFO] [1754209703.181854318] [solver_node]: 标定数据收集进度: 56/100
[INFO] [1754209703.283102033] [solver_node]: 标定数据收集进度: 57/100
[INFO] [1754209703.356401108] [solver_node]: 标定数据收集进度: 58/100
[INFO] [1754209703.456592441] [solver_node]: 标定数据收集进度: 59/100
[INFO] [1754209703.548049840] [solver_node]: 标定数据收集进度: 60/100
[INFO] [1754209703.656257959] [solver_node]: 标定数据收集进度: 61/100
[INFO] [1754209703.753824703] [solver_node]: 标定数据收集进度: 62/100
[INFO] [1754209703.879760807] [solver_node]: 标定数据收集进度: 63/100
[INFO] [1754209703.950280605] [solver_node]: 标定数据收集进度: 64/100
[INFO] [1754209704.064871616] [solver_node]: 标定数据收集进度: 65/100
[INFO] [1754209704.203306585] [solver_node]: 标定数据收集进度: 66/100
[INFO] [1754209704.265441273] [solver_node]: 标定数据收集进度: 67/100
[INFO] [1754209704.358830741] [solver_node]: 标定数据收集进度: 68/100
[INFO] [1754209704.448463494] [solver_node]: 标定数据收集进度: 69/100
[INFO] [1754209704.571855548] [solver_node]: 标定数据收集进度: 70/100
[INFO] [1754209704.648281374] [solver_node]: 标定数据收集进度: 71/100
[INFO] [1754209704.778291630] [solver_node]: 标定数据收集进度: 72/100
[INFO] [1754209704.904273009] [solver_node]: 标定数据收集进度: 73/100
[INFO] [1754209704.998727072] [solver_node]: 标定数据收集进度: 74/100
[INFO] [1754209705.051684818] [solver_node]: 标定数据收集进度: 75/100
[INFO] [1754209705.202680614] [solver_node]: 标定数据收集进度: 76/100
[INFO] [1754209705.250066060] [solver_node]: 标定数据收集进度: 77/100
[INFO] [1754209705.351637665] [solver_node]: 标定数据收集进度: 78/100
[INFO] [1754209705.456481100] [solver_node]: 标定数据收集进度: 79/100
[INFO] [1754209705.552647955] [solver_node]: 标定数据收集进度: 80/100
[INFO] [1754209705.653454411] [solver_node]: 标定数据收集进度: 81/100
[INFO] [1754209705.756127069] [solver_node]: 标定数据收集进度: 82/100
[INFO] [1754209705.850461066] [solver_node]: 标定数据收集进度: 83/100
[INFO] [1754209705.958857961] [solver_node]: 标定数据收集进度: 84/100
[INFO] [1754209706.053735445] [solver_node]: 标定数据收集进度: 85/100
[INFO] [1754209706.150488876] [solver_node]: 标定数据收集进度: 86/100
[INFO] [1754209706.253754746] [solver_node]: 标定数据收集进度: 87/100
[INFO] [1754209706.352607824] [solver_node]: 标定数据收集进度: 88/100
[INFO] [1754209706.452346635] [solver_node]: 标定数据收集进度: 89/100
[INFO] [1754209706.552330110] [solver_node]: 标定数据收集进度: 90/100
[INFO] [1754209706.684536879] [solver_node]: 标定数据收集进度: 91/100
[INFO] [1754209706.749414142] [solver_node]: 标定数据收集进度: 92/100
[INFO] [1754209706.850681705] [solver_node]: 标定数据收集进度: 93/100
[INFO] [1754209706.949889141] [solver_node]: 标定数据收集进度: 94/100
[INFO] [1754209707.055024157] [solver_node]: 标定数据收集进度: 95/100
[INFO] [1754209707.153126784] [solver_node]: 标定数据收集进度: 96/100
[INFO] [1754209707.260716776] [solver_node]: 标定数据收集进度: 97/100
[INFO] [1754209707.363230033] [solver_node]: 标定数据收集进度: 98/100
[INFO] [1754209707.450259208] [solver_node]: 标定数据收集进度: 99/100
[INFO] [1754209707.548313102] [solver_node]: 标定数据收集进度: 100/100
[INFO] [1754209707.552436644] [solver_node]: 标定数据收集完成，开始标定过程...
[INFO] [1754209707.555145706] [solver_node]: 开始标定，收集到的数据shape: (100, 1)
[INFO] [1754209707.561817936] [solver_node]: [PerpendicularDistanceLocalizer] 开始标定，扫描数据shape: (100, 1)
[INFO] [1754209707.564669710] [solver_node]: [PerpendicularDistanceLocalizer] 标定完成: m=12.554, n=11.012
[INFO] [1754209707.570462533] [solver_node]: [PerpendicularDistanceLocalizer] 前后左右平均距离: 前=5.371, 后=7.184, 左=5.506, 右=5.506
[INFO] [1754209707.575221335] [solver_node]: [PerpendicularDistanceLocalizer] 计算的初始位姿: x=5.371, y=5.506, phi=3.142
[INFO] [1754209707.579709273] [solver_node]: 标定完成: m=12.554, n=11.012
[INFO] [1754209707.597218424] [solver_node]: 初始位姿: x=5.371, y=5.506, phi=3.142
[INFO] [1754209707.607660679] [solver_node]: 发布静态变换: translation=(-5.506, 5.371, 0.0), rotation=-1.571
[INFO] [1754209707.687131723] [solver_node]: 初始化阶段完成，进入运行阶段
[INFO] [1754209707.693961320] [solver_node]: 收到5个激光点，处理后5个有效点
[INFO] [1754209707.740557012] [solver_node]: 当前位置: x=5.380, y=5.503, angle=-3.140
[INFO] [1754209707.749417342] [solver_node]: 激光距离数据: [4.892 4.325 0.569 6.783 6.788]
[INFO] [1754209707.942434552] [solver_node]: 角度求解器返回 2 个解
[INFO] [1754209707.950720290] [solver_node]: 无效解: x=1.229, y=6.109, 距离=4.196 > 阈值1.500
[INFO] [1754209707.954240763] [solver_node]: 无效解: x=1.229, y=10.104, 距离=6.197 > 阈值1.500
[WARN] [1754209707.956037685] [solver_node]: 没有满足距离要求的解
[WARN] [1754209707.956927554] [solver_node]: 没有合适的解，不发布TF变换
[INFO] [1754209707.958913458] [solver_node]: 收到5个激光点，处理后5个有效点
[INFO] [1754209707.963117539] [solver_node]: 收到5个激光点，处理后5个有效点
[INFO] [1754209707.985645989] [solver_node]: 当前位置: x=5.422, y=5.522, angle=3.134
[INFO] [1754209708.033029151] [solver_node]: 激光距离数据: [4.892 4.325 0.569 6.783 6.788]
[INFO] [1754209708.201648040] [solver_node]: 角度求解器返回 2 个解
[INFO] [1754209708.222800759] [solver_node]: 无效解: x=1.254, y=6.122, 距离=4.211 > 阈值1.500
[INFO] [1754209708.235906961] [solver_node]: 无效解: x=1.254, y=10.187, 距离=6.256 > 阈值1.500
[WARN] [1754209708.255608854] [solver_node]: 没有满足距离要求的解
[WARN] [1754209708.256677887] [solver_node]: 没有合适的解，不发布TF变换
[INFO] [1754209708.258935624] [solver_node]: 收到5个激光点，处理后5个有效点
[INFO] [1754209708.261869275] [solver_node]: 收到5个激光点，处理后5个有效点
[INFO] [1754209708.263966033] [solver_node]: 收到5个激光点，处理后5个有效点
[INFO] [1754209708.268007561] [solver_node]: 收到5个激光点，处理后5个有效点
[INFO] [1754209708.382438870] [solver_node]: 收到5个激光点，处理后5个有效点
[INFO] [1754209708.386679999] [solver_node]: 当前位置: x=5.380, y=5.509, angle=-3.141
[INFO] [1754209708.402548058] [solver_node]: 激光距离数据: [4.892 4.325 0.569 6.783 6.788]
[INFO] [1754209708.445999035] [solver_node]: 角度求解器返回 2 个解
[INFO] [1754209708.446908433] [solver_node]: 无效解: x=1.231, y=6.110, 距离=4.192 > 阈值1.500
[INFO] [1754209708.447658484] [solver_node]: 无效解: x=1.231, y=10.113, 距离=6.198 > 阈值1.500
[WARN] [1754209708.448413079] [solver_node]: 没有满足距离要求的解
[WARN] [1754209708.462834151] [solver_node]: 没有合适的解，不发布TF变换
[INFO] [1754209708.464497505] [solver_node]: 收到5个激光点，处理后5个有效点
[INFO] [1754209708.483976791] [solver_node]: 当前位置: x=5.380, y=5.507, angle=-3.141
[INFO] [1754209708.485555607] [solver_node]: 激光距离数据: [4.892 4.325 0.569 6.783 6.788]
[INFO] [1754209708.551363974] [solver_node]: 角度求解器返回 2 个解
[INFO] [1754209708.553194001] [solver_node]: 无效解: x=1.232, y=6.110, 距离=4.192 > 阈值1.500
[INFO] [1754209708.557010012] [solver_node]: 无效解: x=1.232, y=10.114, 距离=6.199 > 阈值1.500
[WARN] [1754209708.557957136] [solver_node]: 没有满足距离要求的解
[WARN] [1754209708.604505334] [solver_node]: 没有合适的解，不发布TF变换
[INFO] [1754209708.606940689] [solver_node]: 收到5个激光点，处理后5个有效点
[INFO] [1754209708.697657758] [solver_node]: 当前位置: x=5.379, y=5.509, angle=-3.142
[INFO] [1754209708.710180840] [solver_node]: 激光距离数据: [4.892 4.325 0.569 6.783 6.788]
[INFO] [1754209708.840134443] [solver_node]: 角度求解器返回 2 个解
[INFO] [1754209708.917179404] [solver_node]: 无效解: x=1.233, y=6.111, 距离=4.190 > 阈值1.500
[INFO] [1754209708.918050629] [solver_node]: 无效解: x=1.233, y=10.118, 距离=6.200 > 阈值1.500
[WARN] [1754209708.918826662] [solver_node]: 没有满足距离要求的解
[WARN] [1754209708.919558507] [solver_node]: 没有合适的解，不发布TF变换
[INFO] [1754209708.942736982] [solver_node]: 收到5个激光点，处理后5个有效点
[INFO] [1754209708.945632267] [solver_node]: 收到5个激光点，处理后5个有效点
[INFO] [1754209708.953205510] [solver_node]: 收到5个激光点，处理后5个有效点
[INFO] [1754209708.955494541] [solver_node]: 收到5个激光点，处理后5个有效点
[INFO] [1754209709.003240370] [solver_node]: 当前位置: x=5.366, y=5.519, angle=3.140
[INFO] [1754209709.004524714] [solver_node]: 激光距离数据: [4.892 4.325 0.569 6.783 6.788]
[INFO] [1754209709.060133071] [solver_node]: 角度求解器返回 2 个解
[INFO] [1754209709.061070765] [solver_node]: 无效解: x=1.236, y=6.113, 距离=4.172 > 阈值1.500
[INFO] [1754209709.061805569] [solver_node]: 无效解: x=1.236, y=10.128, 距离=6.189 > 阈值1.500
[WARN] [1754209709.065387310] [solver_node]: 没有满足距离要求的解
[WARN] [1754209709.066303535] [solver_node]: 没有合适的解，不发布TF变换
[INFO] [1754209709.238744847] [solver_node]: 收到5个激光点，处理后5个有效点
[INFO] [1754209709.243934901] [solver_node]: 收到5个激光点，处理后5个有效点
[INFO] [1754209709.246957500] [solver_node]: 当前位置: x=5.363, y=5.511, angle=-3.139
[INFO] [1754209709.248182940] [solver_node]: 激光距离数据: [4.892 4.325 0.569 6.783 6.785]
[INFO] [1754209709.254835082] [solver_node]: 角度求解器返回 2 个解
[INFO] [1754209709.258803663] [solver_node]: 无效解: x=1.227, y=6.108, 距离=4.179 > 阈值1.500
[INFO] [1754209709.259705233] [solver_node]: 无效解: x=1.227, y=10.099, 距离=6.177 > 阈值1.500
[WARN] [1754209709.260489856] [solver_node]: 没有满足距离要求的解
[WARN] [1754209709.261277326] [solver_node]: 没有合适的解，不发布TF变换
[INFO] [1754209709.262285126] [solver_node]: 收到5个激光点，处理后5个有效点
[INFO] [1754209709.276488452] [solver_node]: 当前位置: x=5.371, y=5.510, angle=-3.141
[INFO] [1754209709.306855062] [solver_node]: 激光距离数据: [4.892 4.325 0.569 6.783 6.785]
[INFO] [1754209709.341955038] [solver_node]: 角度求解器返回 2 个解
[INFO] [1754209709.342967381] [solver_node]: 无效解: x=1.232, y=6.111, 距离=4.182 > 阈值1.500
[INFO] [1754209709.343702952] [solver_node]: 无效解: x=1.232, y=10.116, 距离=6.193 > 阈值1.500
[WARN] [1754209709.347353198] [solver_node]: 没有满足距离要求的解
[WARN] [1754209709.349697082] [solver_node]: 没有合适的解，不发布TF变换
[INFO] [1754209709.482606336] [solver_node]: 收到5个激光点，处理后5个有效点
[INFO] [1754209709.495941977] [solver_node]: 当前位置: x=5.359, y=5.496, angle=-3.140
[INFO] [1754209709.500749894] [solver_node]: 激光距离数据: [4.892 4.325 0.569 6.783 6.785]
[INFO] [1754209709.535944675] [solver_node]: 角度求解器返回 2 个解
[INFO] [1754209709.539730906] [solver_node]: 无效解: x=1.229, y=6.109, 距离=4.175 > 阈值1.500
[INFO] [1754209709.543260748] [solver_node]: 无效解: x=1.229, y=10.106, 距离=6.189 > 阈值1.500
[WARN] [1754209709.545970291] [solver_node]: 没有满足距离要求的解
[WARN] [1754209709.548186221] [solver_node]: 没有合适的解，不发布TF变换
[INFO] [1754209709.550470496] [solver_node]: 收到5个激光点，处理后5个有效点
[INFO] [1754209709.552866312] [solver_node]: 收到5个激光点，处理后5个有效点
[INFO] [1754209709.597409243] [solver_node]: 当前位置: x=5.361, y=5.501, angle=-3.140
[INFO] [1754209709.613595469] [solver_node]: 激光距离数据: [4.892 4.325 0.569 6.783 6.785]
[INFO] [1754209709.625303502] [solver_node]: 角度求解器返回 2 个解
[INFO] [1754209709.627754608] [solver_node]: 无效解: x=1.229, y=6.109, 距离=4.176 > 阈值1.500
[INFO] [1754209709.640627225] [solver_node]: 无效解: x=1.229, y=10.107, 距离=6.187 > 阈值1.500
[WARN] [1754209709.643574503] [solver_node]: 没有满足距离要求的解
[WARN] [1754209709.647610308] [solver_node]: 没有合适的解，不发布TF变换
[INFO] [1754209709.925133489] [solver_node]: 收到5个激光点，处理后5个有效点
[INFO] [1754209709.928259821] [solver_node]: 收到5个激光点，处理后5个有效点
[INFO] [1754209709.933150033] [solver_node]: 当前位置: x=5.372, y=5.523, angle=-3.141
[INFO] [1754209709.934511204] [solver_node]: 激光距离数据: [4.892 4.325 0.569 6.783 6.785]
[INFO] [1754209709.950048441] [solver_node]: 角度求解器返回 2 个解
[INFO] [1754209709.973355815] [solver_node]: 无效解: x=1.231, y=6.110, 距离=4.182 > 阈值1.500
[INFO] [1754209709.974240363] [solver_node]: 无效解: x=1.231, y=10.113, 距离=6.182 > 阈值1.500
[WARN] [1754209709.975020506] [solver_node]: 没有满足距离要求的解
[WARN] [1754209709.975808296] [solver_node]: 没有合适的解，不发布TF变换
[INFO] [1754209709.987429875] [solver_node]: 收到5个激光点，处理后5个有效点
[INFO] [1754209709.990262573] [solver_node]: 收到5个激光点，处理后5个有效点
[INFO] [1754209709.999086842] [solver_node]: 当前位置: x=5.376, y=5.527, angle=-3.141
[INFO] [1754209710.006218974] [solver_node]: 激光距离数据: [4.892 4.325 0.569 6.783 6.785]
[INFO] [1754209710.077820708] [solver_node]: 角度求解器返回 2 个解
[INFO] [1754209710.089725011] [solver_node]: 无效解: x=1.233, y=6.111, 距离=4.185 > 阈值1.500
[INFO] [1754209710.095694921] [solver_node]: 无效解: x=1.233, y=10.117, 距离=6.184 > 阈值1.500
[WARN] [1754209710.107404624] [solver_node]: 没有满足距离要求的解
[WARN] [1754209710.117177354] [solver_node]: 没有合适的解，不发布TF变换
[INFO] [1754209710.122040554] [solver_node]: 收到5个激光点，处理后5个有效点
[INFO] [1754209710.153509995] [solver_node]: 当前位置: x=5.383, y=5.517, angle=-3.141
[INFO] [1754209710.182148302] [solver_node]: 激光距离数据: [4.892 4.325 0.569 6.783 6.785]
[INFO] [1754209710.196748684] [solver_node]: 角度求解器返回 2 个解
[INFO] [1754209710.201166019] [solver_node]: 无效解: x=1.232, y=6.110, 距离=4.193 > 阈值1.500
[INFO] [1754209710.207138264] [solver_node]: 无效解: x=1.232, y=10.115, 距离=6.195 > 阈值1.500
[WARN] [1754209710.213980577] [solver_node]: 没有满足距离要求的解
[WARN] [1754209710.219073060] [solver_node]: 没有合适的解，不发布TF变换
[INFO] [1754209710.221807118] [solver_node]: 收到5个激光点，处理后5个有效点
[INFO] [1754209710.250410101] [solver_node]: 当前位置: x=5.375, y=5.509, angle=3.141
[INFO] [1754209710.276951966] [solver_node]: 激光距离数据: [4.892 4.325 0.569 6.787 6.785]
[INFO] [1754209710.289933159] [solver_node]: 角度求解器返回 2 个解
[INFO] [1754209710.291410030] [solver_node]: 无效解: x=1.234, y=6.112, 距离=4.185 > 阈值1.500
[INFO] [1754209710.292464746] [solver_node]: 无效解: x=1.234, y=10.122, 距离=6.199 > 阈值1.500
[WARN] [1754209710.293604924] [solver_node]: 没有满足距离要求的解
[WARN] [1754209710.294792583] [solver_node]: 没有合适的解，不发布TF变换
[INFO] [1754209710.296789037] [solver_node]: 收到5个激光点，处理后5个有效点
[INFO] [1754209710.352143107] [solver_node]: 当前位置: x=5.371, y=5.515, angle=3.141
[INFO] [1754209710.356289917] [solver_node]: 激光距离数据: [4.892 4.325 0.569 6.787 6.785]
[INFO] [1754209710.403905626] [solver_node]: 角度求解器返回 2 个解
[INFO] [1754209710.412102681] [solver_node]: 无效解: x=1.234, y=6.111, 距离=4.180 > 阈值1.500
[INFO] [1754209710.415247696] [solver_node]: 无效解: x=1.234, y=10.120, 距离=6.191 > 阈值1.500
[WARN] [1754209710.420778812] [solver_node]: 没有满足距离要求的解
[WARN] [1754209710.427204025] [solver_node]: 没有合适的解，不发布TF变换
[INFO] [1754209710.712375820] [solver_node]: 收到5个激光点，处理后5个有效点
[INFO] [1754209710.717792774] [solver_node]: 当前位置: x=5.378, y=5.512, angle=3.142
[INFO] [1754209710.719669531] [solver_node]: 激光距离数据: [4.892 4.325 0.569 6.787 6.785]
[INFO] [1754209710.729324708] [solver_node]: 角度求解器返回 2 个解
[INFO] [1754209710.730147133] [solver_node]: 无效解: x=1.233, y=6.111, 距离=4.189 > 阈值1.500
[INFO] [1754209710.768885873] [solver_node]: 无效解: x=1.233, y=10.118, 距离=6.197 > 阈值1.500
[WARN] [1754209710.769909713] [solver_node]: 没有满足距离要求的解
[WARN] [1754209710.790189257] [solver_node]: 没有合适的解，不发布TF变换
[INFO] [1754209710.797509237] [solver_node]: 收到5个激光点，处理后5个有效点
[INFO] [1754209710.800001086] [solver_node]: 收到5个激光点，处理后5个有效点
[INFO] [1754209710.804098269] [solver_node]: 收到5个激光点，处理后5个有效点
[INFO] [1754209710.807100358] [solver_node]: 收到5个激光点，处理后5个有效点
[INFO] [1754209710.821775451] [solver_node]: 当前位置: x=5.372, y=5.524, angle=3.142
[INFO] [1754209710.858384281] [solver_node]: 激光距离数据: [4.892 4.325 0.569 6.78  6.785]
[INFO] [1754209710.993456062] [solver_node]: 角度求解器返回 2 个解
[INFO] [1754209711.000360095] [solver_node]: 无效解: x=1.233, y=6.111, 距离=4.181 > 阈值1.500
[INFO] [1754209711.012198216] [solver_node]: 无效解: x=1.233, y=10.119, 距离=6.185 > 阈值1.500
[WARN] [1754209711.017527875] [solver_node]: 没有满足距离要求的解
[WARN] [1754209711.019867440] [solver_node]: 没有合适的解，不发布TF变换
[INFO] [1754209711.031642340] [solver_node]: 收到5个激光点，处理后5个有效点
[INFO] [1754209711.034310465] [solver_node]: 收到5个激光点，处理后5个有效点
[INFO] [1754209711.040631244] [solver_node]: 当前位置: x=5.344, y=5.520, angle=3.139
[INFO] [1754209711.043906801] [solver_node]: 激光距离数据: [4.892 4.325 0.569 6.78  6.785]
[INFO] [1754209711.206894297] [solver_node]: 角度求解器返回 2 个解
[INFO] [1754209711.207715330] [solver_node]: 无效解: x=1.240, y=6.115, 距离=4.147 > 阈值1.500
[INFO] [1754209711.208388448] [solver_node]: 无效解: x=1.240, y=10.140, 距离=6.180 > 阈值1.500
[WARN] [1754209711.210881718] [solver_node]: 没有满足距离要求的解
[WARN] [1754209711.211819918] [solver_node]: 没有合适的解，不发布TF变换
[INFO] [1754209711.714479139] [solver_node]: 收到5个激光点，处理后5个有效点
[INFO] [1754209711.717028145] [solver_node]: 收到5个激光点，处理后5个有效点
[INFO] [1754209711.720753685] [solver_node]: 当前位置: x=5.387, y=5.494, angle=-3.141
[INFO] [1754209711.722024797] [solver_node]: 激光距离数据: [4.892 4.325 0.569 6.783 6.785]
[INFO] [1754209711.744657066] [solver_node]: 角度求解器返回 2 个解
[INFO] [1754209711.752007552] [solver_node]: 无效解: x=1.232, y=6.111, 距离=4.200 > 阈值1.500
[INFO] [1754209711.787000236] [solver_node]: 无效解: x=1.232, y=10.116, 距离=6.214 > 阈值1.500
[WARN] [1754209711.789747358] [solver_node]: 没有满足距离要求的解
[WARN] [1754209711.792166463] [solver_node]: 没有合适的解，不发布TF变换
[INFO] [1754209711.821702563] [solver_node]: 收到5个激光点，处理后5个有效点
[INFO] [1754209711.824093320] [solver_node]: 收到5个激光点，处理后5个有效点
[INFO] [1754209711.827708604] [solver_node]: 收到5个激光点，处理后5个有效点
[INFO] [1754209711.836159378] [solver_node]: 收到5个激光点，处理后5个有效点
[INFO] [1754209711.840521114] [solver_node]: 收到5个激光点，处理后5个有效点
[INFO] [1754209711.867521869] [solver_node]: 当前位置: x=5.385, y=5.498, angle=-3.141
[INFO] [1754209711.876967379] [solver_node]: 激光距离数据: [4.892 4.325 0.569 6.785 6.785]
[INFO] [1754209711.993394716] [solver_node]: 角度求解器返回 2 个解
[INFO] [1754209712.013817766] [solver_node]: 无效解: x=1.231, y=6.110, 距离=4.198 > 阈值1.500
[INFO] [1754209712.047307065] [solver_node]: 无效解: x=1.231, y=10.113, 距离=6.209 > 阈值1.500
[WARN] [1754209712.055228808] [solver_node]: 没有满足距离要求的解
[WARN] [1754209712.103173019] [solver_node]: 没有合适的解，不发布TF变换
[INFO] [1754209712.106164273] [solver_node]: 收到5个激光点，处理后5个有效点
[INFO] [1754209712.108573511] [solver_node]: 收到5个激光点，处理后5个有效点
[INFO] [1754209712.114587726] [solver_node]: 收到5个激光点，处理后5个有效点
[INFO] [1754209712.136261072] [solver_node]: 当前位置: x=5.380, y=5.533, angle=-3.141
[INFO] [1754209712.140466559] [solver_node]: 激光距离数据: [4.892 4.325 0.569 6.785 6.789]
[INFO] [1754209712.274315869] [solver_node]: 角度求解器返回 2 个解
[INFO] [1754209712.306999732] [solver_node]: 无效解: x=1.231, y=6.110, 距离=4.190 > 阈值1.500
[INFO] [1754209712.336602115] [solver_node]: 无效解: x=1.231, y=10.111, 距离=6.179 > 阈值1.500
[WARN] [1754209712.359573297] [solver_node]: 没有满足距离要求的解
[WARN] [1754209712.362365671] [solver_node]: 没有合适的解，不发布TF变换
[INFO] [1754209712.366336413] [solver_node]: 收到5个激光点，处理后5个有效点
[INFO] [1754209712.369904277] [solver_node]: 收到5个激光点，处理后5个有效点
[INFO] [1754209712.375358967] [solver_node]: 收到5个激光点，处理后5个有效点
[INFO] [1754209712.389209275] [solver_node]: 当前位置: x=5.392, y=5.508, angle=-3.140
[INFO] [1754209712.419013001] [solver_node]: 激光距离数据: [4.892 4.325 0.569 6.785 6.789]
[INFO] [1754209712.471459547] [solver_node]: 角度求解器返回 2 个解
[INFO] [1754209712.475427730] [solver_node]: 无效解: x=1.228, y=6.109, 距离=4.207 > 阈值1.500
[INFO] [1754209712.477726457] [solver_node]: 无效解: x=1.228, y=10.103, 距离=6.201 > 阈值1.500
[WARN] [1754209712.480231455] [solver_node]: 没有满足距离要求的解
[WARN] [1754209712.482243765] [solver_node]: 没有合适的解，不发布TF变换
[INFO] [1754209712.483416885] [solver_node]: 收到5个激光点，处理后5个有效点
[INFO] [1754209712.542734466] [solver_node]: 当前位置: x=5.388, y=5.503, angle=-3.140
[INFO] [1754209712.549488655] [solver_node]: 激光距离数据: [4.892 4.325 0.569 6.785 6.789]
[INFO] [1754209712.607984707] [solver_node]: 角度求解器返回 2 个解
[INFO] [1754209712.630536181] [solver_node]: 无效解: x=1.228, y=6.108, 距离=4.204 > 阈值1.500
[INFO] [1754209712.633375492] [solver_node]: 无效解: x=1.228, y=10.102, 距离=6.201 > 阈值1.500
[WARN] [1754209712.635820532] [solver_node]: 没有满足距离要求的解
[WARN] [1754209712.637847240] [solver_node]: 没有合适的解，不发布TF变换
[INFO] [1754209712.641016832] [solver_node]: 收到5个激光点，处理后5个有效点
[INFO] [1754209712.648347696] [solver_node]: 当前位置: x=5.374, y=5.510, angle=-3.141
[INFO] [1754209712.650368005] [solver_node]: 激光距离数据: [4.892 4.325 0.569 6.785 6.789]
[INFO] [1754209712.670008916] [solver_node]: 角度求解器返回 2 个解
[INFO] [1754209712.686032660] [solver_node]: 无效解: x=1.232, y=6.111, 距离=4.185 > 阈值1.500
[INFO] [1754209712.695372890] [solver_node]: 无效解: x=1.232, y=10.116, 距离=6.194 > 阈值1.500
[WARN] [1754209712.698387948] [solver_node]: 没有满足距离要求的解
[WARN] [1754209712.699619874] [solver_node]: 没有合适的解，不发布TF变换
[INFO] [1754209712.701203263] [solver_node]: 收到5个激光点，处理后5个有效点
[INFO] [1754209712.730297282] [solver_node]: 当前位置: x=5.373, y=5.557, angle=3.141
[INFO] [1754209712.731548661] [solver_node]: 激光距离数据: [4.892 4.325 0.569 6.785 6.782]
[INFO] [1754209712.800678682] [solver_node]: 角度求解器返回 2 个解
[INFO] [1754209712.802008000] [solver_node]: 无效解: x=1.234, y=6.112, 距离=4.176 > 阈值1.500
[INFO] [1754209712.802748327] [solver_node]: 无效解: x=1.234, y=10.123, 距离=6.163 > 阈值1.500
[WARN] [1754209712.803486350] [solver_node]: 没有满足距离要求的解
[WARN] [1754209712.804208152] [solver_node]: 没有合适的解，不发布TF变换
[INFO] [1754209712.831317600] [solver_node]: 收到5个激光点，处理后5个有效点
[INFO] [1754209712.864734431] [solver_node]: 当前位置: x=5.368, y=5.497, angle=3.141
[INFO] [1754209712.866982671] [solver_node]: 激光距离数据: [4.892 4.325 0.569 6.785 6.782]
[INFO] [1754209712.884099867] [solver_node]: 角度求解器返回 2 个解
[INFO] [1754209712.885675065] [solver_node]: 无效解: x=1.234, y=6.112, 距离=4.180 > 阈值1.500
[INFO] [1754209712.886613567] [solver_node]: 无效解: x=1.234, y=10.121, 距离=6.203 > 阈值1.500
[WARN] [1754209712.887378082] [solver_node]: 没有满足距离要求的解
[WARN] [1754209712.888077616] [solver_node]: 没有合适的解，不发布TF变换
[INFO] [1754209712.888938627] [solver_node]: 收到5个激光点，处理后5个有效点
[INFO] [1754209712.927110007] [solver_node]: 当前位置: x=5.372, y=5.506, angle=-3.140
[INFO] [1754209712.952021159] [solver_node]: 激光距离数据: [4.892 4.325 0.569 6.785 6.782]
[INFO] [1754209712.993866977] [solver_node]: 角度求解器返回 2 个解
[INFO] [1754209713.011522020] [solver_node]: 无效解: x=1.228, y=6.109, 距离=4.187 > 阈值1.500
[INFO] [1754209713.026286222] [solver_node]: 无效解: x=1.228, y=10.104, 距离=6.190 > 阈值1.500
[WARN] [1754209713.033447804] [solver_node]: 没有满足距离要求的解
[WARN] [1754209713.036126326] [solver_node]: 没有合适的解，不发布TF变换
[INFO] [1754209713.050541472] [solver_node]: 收到5个激光点，处理后5个有效点
[INFO] [1754209713.052999970] [solver_node]: 收到5个激光点，处理后5个有效点
[INFO] [1754209713.059482762] [solver_node]: 当前位置: x=5.378, y=5.510, angle=-3.141
[INFO] [1754209713.067024626] [solver_node]: 激光距离数据: [4.892 4.325 0.569 6.785 6.782]
[INFO] [1754209713.113077426] [solver_node]: 角度求解器返回 2 个解
[INFO] [1754209713.125841319] [solver_node]: 无效解: x=1.232, y=6.111, 距离=4.189 > 阈值1.500
[INFO] [1754209713.156915716] [solver_node]: 无效解: x=1.232, y=10.117, 距离=6.197 > 阈值1.500
[WARN] [1754209713.178545841] [solver_node]: 没有满足距离要求的解
[WARN] [1754209713.181823807] [solver_node]: 没有合适的解，不发布TF变换
[INFO] [1754209713.201217282] [solver_node]: 收到5个激光点，处理后5个有效点
[INFO] [1754209713.264114355] [solver_node]: 当前位置: x=5.327, y=5.495, angle=3.141
[INFO] [1754209713.266912311] [solver_node]: 激光距离数据: [4.892 4.325 0.569 6.785 6.782]
[INFO] [1754209713.340495734] [solver_node]: 角度求解器返回 2 个解
[INFO] [1754209713.381440693] [solver_node]: 无效解: x=1.234, y=6.112, 距离=4.139 > 阈值1.500
[INFO] [1754209713.382635676] [solver_node]: 无效解: x=1.234, y=10.122, 距离=6.177 > 阈值1.500
[WARN] [1754209713.383771406] [solver_node]: 没有满足距离要求的解
[WARN] [1754209713.384812401] [solver_node]: 没有合适的解，不发布TF变换
[INFO] [1754209713.385952930] [solver_node]: 收到5个激光点，处理后5个有效点
[INFO] [1754209713.388570952] [solver_node]: 收到5个激光点，处理后5个有效点
[INFO] [1754209713.431778764] [solver_node]: 当前位置: x=5.386, y=5.489, angle=-3.139
[INFO] [1754209713.433541164] [solver_node]: 激光距离数据: [4.892 4.325 0.569 6.785 6.782]
[INFO] [1754209713.514478997] [solver_node]: 角度求解器返回 2 个解
[INFO] [1754209713.520946656] [solver_node]: 无效解: x=1.225, y=6.107, 距离=4.207 > 阈值1.500
[INFO] [1754209713.534759479] [solver_node]: 无效解: x=1.225, y=10.091, 距离=6.205 > 阈值1.500
[WARN] [1754209713.536512697] [solver_node]: 没有满足距离要求的解
[WARN] [1754209713.581131805] [solver_node]: 没有合适的解，不发布TF变换
[INFO] [1754209713.583451673] [solver_node]: 收到5个激光点，处理后5个有效点
[INFO] [1754209713.585979886] [solver_node]: 收到5个激光点，处理后5个有效点
[INFO] [1754209713.628318768] [solver_node]: 当前位置: x=5.386, y=5.496, angle=-3.140
[INFO] [1754209713.633297577] [solver_node]: 激光距离数据: [4.892 4.325 0.569 6.785 6.782]
[INFO] [1754209713.646505070] [solver_node]: 角度求解器返回 2 个解
[INFO] [1754209713.647417320] [solver_node]: 无效解: x=1.228, y=6.108, 距离=4.203 > 阈值1.500
[INFO] [1754209713.649289109] [solver_node]: 无效解: x=1.228, y=10.103, 距离=6.206 > 阈值1.500
[WARN] [1754209713.650111616] [solver_node]: 没有满足距离要求的解
[WARN] [1754209713.650862647] [solver_node]: 没有合适的解，不发布TF变换
[INFO] [1754209714.705885879] [solver_node]: 收到5个激光点，处理后5个有效点
[INFO] [1754209714.708464025] [solver_node]: 收到5个激光点，处理后5个有效点
[INFO] [1754209714.717171838] [solver_node]: 当前位置: x=5.369, y=5.505, angle=-3.141
[INFO] [1754209714.720837641] [solver_node]: 激光距离数据: [4.892 4.325 0.569 6.781 6.782]
[INFO] [1754209714.754448592] [solver_node]: 角度求解器返回 2 个解
[INFO] [1754209714.788405554] [solver_node]: 无效解: x=1.232, y=6.110, 距离=4.181 > 阈值1.500
[INFO] [1754209714.806811545] [solver_node]: 无效解: x=1.232, y=10.114, 距离=6.193 > 阈值1.500
[WARN] [1754209714.810190940] [solver_node]: 没有满足距离要求的解
[WARN] [1754209714.812155639] [solver_node]: 没有合适的解，不发布TF变换
[INFO] [1754209714.823862699] [solver_node]: 收到5个激光点，处理后5个有效点
[INFO] [1754209714.832706102] [solver_node]: 当前位置: x=5.369, y=5.505, angle=-3.141
[INFO] [1754209714.834093123] [solver_node]: 激光距离数据: [4.892 4.325 0.568 6.781 6.782]
[INFO] [1754209714.848749072] [solver_node]: 角度求解器返回 2 个解
[INFO] [1754209714.849616900] [solver_node]: 无效解: x=1.231, y=6.110, 距离=4.182 > 阈值1.500
[INFO] [1754209714.852510440] [solver_node]: 无效解: x=1.231, y=10.114, 距离=6.193 > 阈值1.500
[WARN] [1754209714.853753810] [solver_node]: 没有满足距离要求的解
[WARN] [1754209714.854566353] [solver_node]: 没有合适的解，不发布TF变换
[INFO] [1754209714.884880868] [solver_node]: 收到5个激光点，处理后5个有效点
[INFO] [1754209714.890251326] [solver_node]: 当前位置: x=5.368, y=5.506, angle=-3.141
[INFO] [1754209714.892360060] [solver_node]: 激光距离数据: [4.892 4.325 0.568 6.781 6.782]
[INFO] [1754209714.903539001] [solver_node]: 角度求解器返回 2 个解
[INFO] [1754209714.904820475] [solver_node]: 无效解: x=1.231, y=6.110, 距离=4.181 > 阈值1.500
[INFO] [1754209714.905901477] [solver_node]: 无效解: x=1.231, y=10.114, 距离=6.193 > 阈值1.500
[WARN] [1754209714.906996365] [solver_node]: 没有满足距离要求的解
[WARN] [1754209714.908393592] [solver_node]: 没有合适的解，不发布TF变换
[INFO] [1754209714.920272554] [solver_node]: 收到5个激光点，处理后5个有效点
[INFO] [1754209714.946753940] [solver_node]: 当前位置: x=5.372, y=5.510, angle=-3.141
[INFO] [1754209714.950220518] [solver_node]: 激光距离数据: [4.892 4.325 0.568 6.781 6.782]
[INFO] [1754209715.075244943] [solver_node]: 角度求解器返回 2 个解
[INFO] [1754209715.087300932] [solver_node]: 无效解: x=1.232, y=6.111, 距离=4.183 > 阈值1.500
[INFO] [1754209715.094906765] [solver_node]: 无效解: x=1.232, y=10.117, 距离=6.194 > 阈值1.500
[WARN] [1754209715.101039921] [solver_node]: 没有满足距离要求的解
[WARN] [1754209715.110974443] [solver_node]: 没有合适的解，不发布TF变换
[INFO] [1754209715.113443580] [solver_node]: 收到5个激光点，处理后5个有效点
[INFO] [1754209715.125935028] [solver_node]: 当前位置: x=5.379, y=5.491, angle=-3.134
[INFO] [1754209715.146570915] [solver_node]: 激光距离数据: [4.892 4.325 0.568 6.781 6.782]
[INFO] [1754209715.159930433] [solver_node]: 角度求解器返回 2 个解
[INFO] [1754209715.161028983] [solver_node]: 无效解: x=1.212, y=6.101, 距离=4.211 > 阈值1.500
[INFO] [1754209715.165550483] [solver_node]: 无效解: x=1.212, y=10.054, 距离=6.179 > 阈值1.500
[WARN] [1754209715.168812475] [solver_node]: 没有满足距离要求的解
[WARN] [1754209715.170002109] [solver_node]: 没有合适的解，不发布TF变换
[INFO] [1754209715.171260593] [solver_node]: 收到5个激光点，处理后5个有效点
[INFO] [1754209715.175844703] [solver_node]: 当前位置: x=5.369, y=5.506, angle=-3.141
[INFO] [1754209715.200856233] [solver_node]: 激光距离数据: [4.892 4.325 0.568 6.785 6.782]
[INFO] [1754209715.263676435] [solver_node]: 角度求解器返回 2 个解
[INFO] [1754209715.264975038] [solver_node]: 无效解: x=1.232, y=6.111, 距离=4.181 > 阈值1.500
[INFO] [1754209715.266139174] [solver_node]: 无效解: x=1.232, y=10.117, 距离=6.194 > 阈值1.500
[WARN] [1754209715.267285585] [solver_node]: 没有满足距离要求的解
[WARN] [1754209715.268403267] [solver_node]: 没有合适的解，不发布TF变换
[INFO] [1754209715.269968949] [solver_node]: 收到5个激光点，处理后5个有效点
[INFO] [1754209715.272367445] [solver_node]: 收到5个激光点，处理后5个有效点
[INFO] [1754209715.278337980] [solver_node]: 收到5个激光点，处理后5个有效点
[INFO] [1754209715.284562732] [solver_node]: 收到5个激光点，处理后5个有效点
[INFO] [1754209715.296338685] [solver_node]: 当前位置: x=5.373, y=5.503, angle=-3.142
[INFO] [1754209715.299070710] [solver_node]: 激光距离数据: [4.892 4.325 0.568 6.784 6.782]
[INFO] [1754209715.336343145] [solver_node]: 角度求解器返回 2 个解
[INFO] [1754209715.341769924] [solver_node]: 无效解: x=1.232, y=6.111, 距离=4.185 > 阈值1.500
[INFO] [1754209715.349072526] [solver_node]: 无效解: x=1.232, y=10.118, 距离=6.200 > 阈值1.500
[WARN] [1754209715.350239925] [solver_node]: 没有满足距离要求的解
[WARN] [1754209715.351201032] [solver_node]: 没有合适的解，不发布TF变换
[INFO] [1754209715.352200339] [solver_node]: 收到5个激光点，处理后5个有效点
[INFO] [1754209715.388459870] [solver_node]: 当前位置: x=5.371, y=5.504, angle=-3.142
[INFO] [1754209715.395506687] [solver_node]: 激光距离数据: [4.892 4.325 0.568 6.784 6.782]
[INFO] [1754209715.439378994] [solver_node]: 角度求解器返回 2 个解
[INFO] [1754209715.447375688] [solver_node]: 无效解: x=1.232, y=6.111, 距离=4.184 > 阈值1.500
[INFO] [1754209715.452958498] [solver_node]: 无效解: x=1.232, y=10.117, 距离=6.198 > 阈值1.500
[WARN] [1754209715.479716535] [solver_node]: 没有满足距离要求的解
[WARN] [1754209715.485313453] [solver_node]: 没有合适的解，不发布TF变换
[INFO] [1754209715.496970583] [solver_node]: 收到5个激光点，处理后5个有效点
[INFO] [1754209715.500889075] [solver_node]: 收到5个激光点，处理后5个有效点
[INFO] [1754209715.509404891] [solver_node]: 当前位置: x=5.370, y=5.507, angle=-3.141
[INFO] [1754209715.514690580] [solver_node]: 激光距离数据: [4.892 4.325 0.568 6.784 6.782]
[INFO] [1754209715.564661426] [solver_node]: 角度求解器返回 2 个解
[INFO] [1754209715.567301439] [solver_node]: 无效解: x=1.231, y=6.110, 距离=4.182 > 阈值1.500
[INFO] [1754209715.570668081] [solver_node]: 无效解: x=1.231, y=10.115, 距离=6.193 > 阈值1.500
[WARN] [1754209715.573212658] [solver_node]: 没有满足距离要求的解
[WARN] [1754209715.576463005] [solver_node]: 没有合适的解，不发布TF变换
[INFO] [1754209715.581432857] [solver_node]: 收到5个激光点，处理后5个有效点
[INFO] [1754209715.617845411] [solver_node]: 当前位置: x=5.369, y=5.501, angle=-3.141
[INFO] [1754209715.619346787] [solver_node]: 激光距离数据: [4.892 4.325 0.568 6.784 6.783]
[INFO] [1754209715.633832082] [solver_node]: 角度求解器返回 2 个解
[INFO] [1754209715.634780520] [solver_node]: 无效解: x=1.231, y=6.110, 距离=4.183 > 阈值1.500
[INFO] [1754209715.636434023] [solver_node]: 无效解: x=1.231, y=10.113, 距离=6.196 > 阈值1.500
[WARN] [1754209715.637265398] [solver_node]: 没有满足距离要求的解
[WARN] [1754209715.638817003] [solver_node]: 没有合适的解，不发布TF变换
[INFO] [1754209716.654561627] [solver_node]: 收到5个激光点，处理后5个有效点
[INFO] [1754209716.669802380] [solver_node]: 当前位置: x=5.368, y=5.528, angle=-3.141
[INFO] [1754209716.671175187] [solver_node]: 激光距离数据: [4.892 4.325 0.568 6.784 6.783]
[INFO] [1754209716.681894698] [solver_node]: 角度求解器返回 2 个解
[INFO] [1754209716.732822331] [solver_node]: 无效解: x=1.230, y=6.110, 距离=4.179 > 阈值1.500
[INFO] [1754209716.743921787] [solver_node]: 无效解: x=1.230, y=10.110, 距离=6.174 > 阈值1.500
[WARN] [1754209716.744906522] [solver_node]: 没有满足距离要求的解
[WARN] [1754209716.760962130] [solver_node]: 没有合适的解，不发布TF变换
[INFO] [1754209716.768654234] [solver_node]: 收到5个激光点，处理后5个有效点
[INFO] [1754209716.772774959] [solver_node]: 收到5个激光点，处理后5个有效点
[INFO] [1754209716.777592102] [solver_node]: 收到5个激光点，处理后5个有效点
[INFO] [1754209716.781552608] [solver_node]: 收到5个激光点，处理后5个有效点
[INFO] [1754209716.807238822] [solver_node]: 当前位置: x=5.371, y=5.529, angle=-3.142
[INFO] [1754209716.838868130] [solver_node]: 激光距离数据: [4.892 4.325 0.568 6.784 6.783]
[INFO] [1754209716.935477967] [solver_node]: 角度求解器返回 2 个解
[INFO] [1754209716.955708975] [solver_node]: 无效解: x=1.232, y=6.111, 距离=4.179 > 阈值1.500
[INFO] [1754209716.956713034] [solver_node]: 无效解: x=1.232, y=10.118, 距离=6.179 > 阈值1.500
[WARN] [1754209716.957626234] [solver_node]: 没有满足距离要求的解
[WARN] [1754209716.958345623] [solver_node]: 没有合适的解，不发布TF变换
[INFO] [1754209716.996380160] [solver_node]: 收到5个激光点，处理后5个有效点
[INFO] [1754209717.006061088] [solver_node]: 当前位置: x=5.340, y=5.448, angle=-3.141
[INFO] [1754209717.007995181] [solver_node]: 激光距离数据: [4.892 4.325 0.568 6.784 6.783]
[INFO] [1754209717.109060871] [solver_node]: 角度求解器返回 2 个解
[INFO] [1754209717.115159623] [solver_node]: 无效解: x=1.232, y=6.111, 距离=4.162 > 阈值1.500
[INFO] [1754209717.118826162] [solver_node]: 无效解: x=1.232, y=10.116, 距离=6.218 > 阈值1.500
[WARN] [1754209717.135724196] [solver_node]: 没有满足距离要求的解
[WARN] [1754209717.138400510] [solver_node]: 没有合适的解，不发布TF变换
[INFO] [1754209717.142340647] [solver_node]: 收到5个激光点，处理后5个有效点
[INFO] [1754209717.144867301] [solver_node]: 收到5个激光点，处理后5个有效点
[INFO] [1754209717.149326673] [solver_node]: 收到5个激光点，处理后5个有效点
[INFO] [1754209717.153144632] [solver_node]: 收到5个激光点，处理后5个有效点
[INFO] [1754209717.194504314] [solver_node]: 当前位置: x=5.375, y=5.501, angle=3.140
[INFO] [1754209717.206567355] [solver_node]: 激光距离数据: [4.892 4.325 0.569 6.784 6.788]
[INFO] [1754209717.258535550] [solver_node]: 角度求解器返回 2 个解
[INFO] [1754209717.263701503] [solver_node]: 无效解: x=1.236, y=6.113, 距离=4.183 > 阈值1.500
[INFO] [1754209717.270806860] [solver_node]: 无效解: x=1.236, y=10.129, 距离=6.209 > 阈值1.500
[WARN] [1754209717.284080937] [solver_node]: 没有满足距离要求的解
[WARN] [1754209717.286445870] [solver_node]: 没有合适的解，不发布TF变换
[INFO] [1754209717.288552370] [solver_node]: 收到5个激光点，处理后5个有效点
[INFO] [1754209717.295550713] [solver_node]: 当前位置: x=5.373, y=5.510, angle=-3.141
[INFO] [1754209717.300075253] [solver_node]: 激光距离数据: [4.892 4.325 0.569 6.784 6.788]
[INFO] [1754209717.310152597] [solver_node]: 角度求解器返回 2 个解
[INFO] [1754209717.312757088] [solver_node]: 无效解: x=1.231, y=6.110, 距离=4.185 > 阈值1.500
[INFO] [1754209717.314899643] [solver_node]: 无效解: x=1.231, y=10.113, 距离=6.192 > 阈值1.500
[WARN] [1754209717.317294457] [solver_node]: 没有满足距离要求的解
[WARN] [1754209717.319362438] [solver_node]: 没有合适的解，不发布TF变换
[INFO] [1754209717.321519646] [solver_node]: 收到5个激光点，处理后5个有效点
[INFO] [1754209717.340919732] [solver_node]: 当前位置: x=5.372, y=5.514, angle=-3.141
[INFO] [1754209717.345423861] [solver_node]: 激光距离数据: [4.892 4.325 0.569 6.784 6.788]
[INFO] [1754209717.379423976] [solver_node]: 角度求解器返回 2 个解
[INFO] [1754209717.391190128] [solver_node]: 无效解: x=1.232, y=6.110, 距离=4.184 > 阈值1.500
[INFO] [1754209717.394585373] [solver_node]: 无效解: x=1.232, y=10.114, 距离=6.189 > 阈值1.500
[WARN] [1754209717.397281906] [solver_node]: 没有满足距离要求的解
[WARN] [1754209717.400820476] [solver_node]: 没有合适的解，不发布TF变换
[INFO] [1754209717.403587552] [solver_node]: 收到5个激光点，处理后5个有效点
[INFO] [1754209717.444683011] [solver_node]: 当前位置: x=5.372, y=5.526, angle=-3.141
[INFO] [1754209717.447670386] [solver_node]: 激光距离数据: [4.892 4.325 0.569 6.784 6.788]
[INFO] [1754209717.467420020] [solver_node]: 角度求解器返回 2 个解
[INFO] [1754209717.481151074] [solver_node]: 无效解: x=1.231, y=6.110, 距离=4.181 > 阈值1.500
[INFO] [1754209717.483683743] [solver_node]: 无效解: x=1.231, y=10.113, 距离=6.179 > 阈值1.500
[WARN] [1754209717.486016396] [solver_node]: 没有满足距离要求的解
[WARN] [1754209717.488649232] [solver_node]: 没有合适的解，不发布TF变换
[INFO] [1754209717.491039311] [solver_node]: 收到5个激光点，处理后5个有效点
[INFO] [1754209717.515997672] [solver_node]: 当前位置: x=5.371, y=5.535, angle=-3.141
[INFO] [1754209717.519131604] [solver_node]: 激光距离数据: [4.892 4.325 0.569 6.784 6.788]
[INFO] [1754209717.562252206] [solver_node]: 角度求解器返回 2 个解
[INFO] [1754209717.565004022] [solver_node]: 无效解: x=1.231, y=6.110, 距离=4.180 > 阈值1.500
[INFO] [1754209717.567269299] [solver_node]: 无效解: x=1.231, y=10.111, 距离=6.171 > 阈值1.500
[WARN] [1754209717.571644499] [solver_node]: 没有满足距离要求的解
[WARN] [1754209717.574467946] [solver_node]: 没有合适的解，不发布TF变换
[INFO] [1754209717.578433325] [solver_node]: 收到5个激光点，处理后5个有效点
[INFO] [1754209717.600109118] [solver_node]: 当前位置: x=5.375, y=5.530, angle=-3.141
[INFO] [1754209717.603629644] [solver_node]: 激光距离数据: [4.892 4.325 0.569 6.784 6.788]
[INFO] [1754209717.634331867] [solver_node]: 角度求解器返回 2 个解
[INFO] [1754209717.645535723] [solver_node]: 无效解: x=1.230, y=6.110, 距离=4.185 > 阈值1.500
[INFO] [1754209717.649411459] [solver_node]: 无效解: x=1.230, y=10.110, 距离=6.177 > 阈值1.500
[WARN] [1754209717.651757197] [solver_node]: 没有满足距离要求的解
[WARN] [1754209717.654737854] [solver_node]: 没有合适的解，不发布TF变换
[INFO] [1754209718.014166882] [solver_node]: 收到5个激光点，处理后5个有效点
[INFO] [1754209718.020869084] [solver_node]: 当前位置: x=5.370, y=5.510, angle=3.141
[INFO] [1754209718.022215397] [solver_node]: 激光距离数据: [4.892 4.325 0.569 6.784 6.788]
[INFO] [1754209718.038493854] [solver_node]: 角度求解器返回 2 个解
[INFO] [1754209718.044980238] [solver_node]: 无效解: x=1.234, y=6.112, 距离=4.179 > 阈值1.500
[INFO] [1754209718.060852877] [solver_node]: 无效解: x=1.234, y=10.121, 距离=6.195 > 阈值1.500
[WARN] [1754209718.070091394] [solver_node]: 没有满足距离要求的解
[WARN] [1754209718.073045908] [solver_node]: 没有合适的解，不发布TF变换
[INFO] [1754209718.075951377] [solver_node]: 收到5个激光点，处理后5个有效点
[INFO] [1754209718.081420004] [solver_node]: 收到5个激光点，处理后5个有效点
[INFO] [1754209718.087048078] [solver_node]: 收到5个激光点，处理后5个有效点
[INFO] [1754209718.092026589] [solver_node]: 收到5个激光点，处理后5个有效点
[INFO] [1754209718.101245303] [solver_node]: 当前位置: x=5.320, y=5.453, angle=3.135
[INFO] [1754209718.104529973] [solver_node]: 激光距离数据: [4.892 4.325 0.568 6.782 6.784]
[INFO] [1754209718.127153825] [solver_node]: 角度求解器返回 2 个解
[INFO] [1754209718.129913860] [solver_node]: 无效解: x=1.250, y=6.120, 距离=4.125 > 阈值1.500
[INFO] [1754209718.140990598] [solver_node]: 无效解: x=1.250, y=10.173, 距离=6.233 > 阈值1.500
[WARN] [1754209718.143685337] [solver_node]: 没有满足距离要求的解
[WARN] [1754209718.151577092] [solver_node]: 没有合适的解，不发布TF变换
[INFO] [1754209718.503115781] [solver_node]: 收到5个激光点，处理后5个有效点
[INFO] [1754209718.510576190] [solver_node]: 当前位置: x=5.382, y=5.500, angle=-3.140
[INFO] [1754209718.513981852] [solver_node]: 激光距离数据: [4.892 4.325 0.568 6.782 6.784]
[INFO] [1754209718.531842883] [solver_node]: 角度求解器返回 2 个解
[INFO] [1754209718.535315600] [solver_node]: 无效解: x=1.229, y=6.109, 距离=4.198 > 阈值1.500
[INFO] [1754209718.539075765] [solver_node]: 无效解: x=1.229, y=10.108, 距离=6.203 > 阈值1.500
[WARN] [1754209718.565377755] [solver_node]: 没有满足距离要求的解
[WARN] [1754209718.569228713] [solver_node]: 没有合适的解，不发布TF变换
[INFO] [1754209718.570353259] [solver_node]: 收到5个激光点，处理后5个有效点
[INFO] [1754209718.572860366] [solver_node]: 收到5个激光点，处理后5个有效点
[INFO] [1754209718.574844694] [solver_node]: 收到5个激光点，处理后5个有效点
[INFO] [1754209718.576604055] [solver_node]: 收到5个激光点，处理后5个有效点
[INFO] [1754209718.590114062] [solver_node]: 当前位置: x=5.382, y=5.502, angle=-3.141
[INFO] [1754209718.598889561] [solver_node]: 激光距离数据: [4.892 4.325 0.568 6.783 6.784]
[INFO] [1754209718.623164386] [solver_node]: 角度求解器返回 2 个解
[INFO] [1754209718.623996174] [solver_node]: 无效解: x=1.230, y=6.110, 距离=4.196 > 阈值1.500
[INFO] [1754209718.624704059] [solver_node]: 无效解: x=1.230, y=10.110, 距离=6.202 > 阈值1.500
[WARN] [1754209718.638209555] [solver_node]: 没有满足距离要求的解
[WARN] [1754209718.639105072] [solver_node]: 没有合适的解，不发布TF变换
[INFO] [1754209718.714913012] [solver_node]: 收到5个激光点，处理后5个有效点
[INFO] [1754209718.723453658] [solver_node]: 当前位置: x=5.381, y=5.502, angle=-3.141
[INFO] [1754209718.737672158] [solver_node]: 激光距离数据: [4.892 4.325 0.568 6.783 6.784]
[INFO] [1754209718.765719017] [solver_node]: 角度求解器返回 2 个解
[INFO] [1754209718.768342510] [solver_node]: 无效解: x=1.230, y=6.110, 距离=4.196 > 阈值1.500
[INFO] [1754209718.770788385] [solver_node]: 无效解: x=1.230, y=10.110, 距离=6.202 > 阈值1.500
[WARN] [1754209718.775283243] [solver_node]: 没有满足距离要求的解
[WARN] [1754209718.785842864] [solver_node]: 没有合适的解，不发布TF变换
[INFO] [1754209718.796625021] [solver_node]: 收到5个激光点，处理后5个有效点
[INFO] [1754209718.818119624] [solver_node]: 当前位置: x=5.372, y=5.517, angle=-3.141
[INFO] [1754209718.827648051] [solver_node]: 激光距离数据: [4.892 4.325 0.568 6.783 6.784]
[INFO] [1754209718.838662021] [solver_node]: 角度求解器返回 2 个解
[INFO] [1754209718.868334354] [solver_node]: 无效解: x=1.231, y=6.110, 距离=4.183 > 阈值1.500
[INFO] [1754209718.869853169] [solver_node]: 无效解: x=1.231, y=10.114, 距离=6.187 > 阈值1.500
[WARN] [1754209718.881950063] [solver_node]: 没有满足距离要求的解
[WARN] [1754209718.882888833] [solver_node]: 没有合适的解，不发布TF变换
[INFO] [1754209718.884118376] [solver_node]: 收到5个激光点，处理后5个有效点
[INFO] [1754209718.906065664] [solver_node]: 当前位置: x=5.371, y=5.515, angle=-3.141
[INFO] [1754209718.908391953] [solver_node]: 激光距离数据: [4.892 4.325 0.568 6.785 6.784]
[INFO] [1754209718.924665739] [solver_node]: 角度求解器返回 2 个解
[INFO] [1754209718.953997263] [solver_node]: 无效解: x=1.231, y=6.110, 距离=4.182 > 阈值1.500
[INFO] [1754209718.954932481] [solver_node]: 无效解: x=1.231, y=10.114, 距离=6.188 > 阈值1.500
[WARN] [1754209718.966300025] [solver_node]: 没有满足距离要求的解
[WARN] [1754209718.967218192] [solver_node]: 没有合适的解，不发布TF变换
[INFO] [1754209719.016606931] [solver_node]: 收到5个激光点，处理后5个有效点
[INFO] [1754209719.023673852] [solver_node]: 当前位置: x=5.369, y=5.513, angle=-3.141
[INFO] [1754209719.024969987] [solver_node]: 激光距离数据: [4.892 4.325 0.568 6.785 6.784]
[INFO] [1754209719.070394928] [solver_node]: 角度求解器返回 2 个解
[INFO] [1754209719.071226419] [solver_node]: 无效解: x=1.230, y=6.110, 距离=4.181 > 阈值1.500
[INFO] [1754209719.071877382] [solver_node]: 无效解: x=1.230, y=10.111, 距离=6.186 > 阈值1.500
[WARN] [1754209719.104359238] [solver_node]: 没有满足距离要求的解
[WARN] [1754209719.110938416] [solver_node]: 没有合适的解，不发布TF变换
[INFO] [1754209719.115434948] [solver_node]: 收到5个激光点，处理后5个有效点
[INFO] [1754209719.134260341] [solver_node]: 当前位置: x=5.369, y=5.513, angle=-3.141
[INFO] [1754209719.136407706] [solver_node]: 激光距离数据: [4.892 4.325 0.568 6.785 6.784]
[INFO] [1754209719.155229355] [solver_node]: 角度求解器返回 2 个解
[INFO] [1754209719.156042003] [solver_node]: 无效解: x=1.231, y=6.110, 距离=4.181 > 阈值1.500
[INFO] [1754209719.201727195] [solver_node]: 无效解: x=1.231, y=10.113, 距离=6.188 > 阈值1.500
[WARN] [1754209719.214635698] [solver_node]: 没有满足距离要求的解
[WARN] [1754209719.241927734] [solver_node]: 没有合适的解，不发布TF变换
[INFO] [1754209719.244722799] [solver_node]: 收到5个激光点，处理后5个有效点
[INFO] [1754209719.250131440] [solver_node]: 收到5个激光点，处理后5个有效点
[INFO] [1754209719.265976154] [solver_node]: 当前位置: x=5.369, y=5.504, angle=3.139
[INFO] [1754209719.269279627] [solver_node]: 激光距离数据: [4.892 4.325 0.568 6.785 6.784]
[INFO] [1754209719.296315220] [solver_node]: 角度求解器返回 2 个解
[INFO] [1754209719.298594869] [solver_node]: 无效解: x=1.238, y=6.114, 距离=4.175 > 阈值1.500
[INFO] [1754209719.300599232] [solver_node]: 无效解: x=1.238, y=10.137, 距离=6.207 > 阈值1.500
[WARN] [1754209719.302604331] [solver_node]: 没有满足距离要求的解
[WARN] [1754209719.304500019] [solver_node]: 没有合适的解，不发布TF变换
[INFO] [1754209719.488944942] [solver_node]: 收到5个激光点，处理后5个有效点
[INFO] [1754209719.494567383] [solver_node]: 收到5个激光点，处理后5个有效点
[INFO] [1754209719.499257367] [solver_node]: 当前位置: x=5.366, y=5.514, angle=3.141
[INFO] [1754209719.500523303] [solver_node]: 激光距离数据: [4.892 4.325 0.568 6.785 6.784]
[INFO] [1754209719.535537445] [solver_node]: 角度求解器返回 2 个解
[INFO] [1754209719.536407134] [solver_node]: 无效解: x=1.234, y=6.112, 距离=4.175 > 阈值1.500
[INFO] [1754209719.537388473] [solver_node]: 无效解: x=1.234, y=10.124, 距离=6.191 > 阈值1.500
[WARN] [1754209719.542172192] [solver_node]: 没有满足距离要求的解
[WARN] [1754209719.543147805] [solver_node]: 没有合适的解，不发布TF变换
[INFO] [1754209719.572194735] [solver_node]: 收到5个激光点，处理后5个有效点
[INFO] [1754209719.580330587] [solver_node]: 当前位置: x=5.369, y=5.512, angle=3.141
[INFO] [1754209719.584553943] [solver_node]: 激光距离数据: [4.892 4.325 0.569 6.785 6.784]
[INFO] [1754209719.611609563] [solver_node]: 角度求解器返回 2 个解
[INFO] [1754209719.618415145] [solver_node]: 无效解: x=1.233, y=6.111, 距离=4.178 > 阈值1.500
[INFO] [1754209719.620657396] [solver_node]: 无效解: x=1.233, y=10.120, 距离=6.191 > 阈值1.500
[WARN] [1754209719.630525235] [solver_node]: 没有满足距离要求的解
[WARN] [1754209719.632707855] [solver_node]: 没有合适的解，不发布TF变换
[INFO] [1754209720.284798796] [solver_node]: 收到5个激光点，处理后5个有效点
[INFO] [1754209720.302706569] [solver_node]: 当前位置: x=5.425, y=5.540, angle=-3.140
[INFO] [1754209720.308701707] [solver_node]: 激光距离数据: [4.892 4.325 0.569 6.785 6.784]
[INFO] [1754209720.353715822] [solver_node]: 角度求解器返回 2 个解
[INFO] [1754209720.366057905] [solver_node]: 无效解: x=1.228, y=6.109, 距离=4.236 > 阈值1.500
[INFO] [1754209720.368383884] [solver_node]: 无效解: x=1.228, y=10.103, 距离=6.200 > 阈值1.500
[WARN] [1754209720.370493604] [solver_node]: 没有满足距离要求的解
[WARN] [1754209720.372342659] [solver_node]: 没有合适的解，不发布TF变换
[INFO] [1754209720.374969163] [solver_node]: 收到5个激光点，处理后5个有效点
[INFO] [1754209720.381891468] [solver_node]: 当前位置: x=5.352, y=5.486, angle=-3.137
[INFO] [1754209720.401779076] [solver_node]: 激光距离数据: [4.892 4.325 0.569 6.785 6.784]
[INFO] [1754209720.457156687] [solver_node]: 角度求解器返回 2 个解
[INFO] [1754209720.518060094] [solver_node]: 无效解: x=1.221, y=6.105, 距离=4.177 > 阈值1.500
[INFO] [1754209720.526686823] [solver_node]: 无效解: x=1.221, y=10.080, 距离=6.178 > 阈值1.500
[WARN] [1754209720.537450815] [solver_node]: 没有满足距离要求的解
[WARN] [1754209720.697385621] [solver_node]: 没有合适的解，不发布TF变换
