[INFO] [1754210297.069035403] [solver_node]: [PerpendicularDistanceLocalizer] 前束索引: [2], 后束索引: [3, 4]
[INFO] [1754210297.070876468] [solver_node]: [PerpendicularDistanceLocalizer] 左束索引: [0], 右束索引: [1]
[INFO] [1754210297.073046927] [solver_node]: [PerpendicularDistanceLocalizer] 垂直距离定位器已初始化，需要调用calibrate()方法进行标定
[INFO] [1754210297.096121522] [solver_node]: SolverNode启动，进入初始化阶段，需要收集100次激光数据进行标定...
[INFO] [1754210297.148990744] [solver_node]: 标定数据收集进度: 1/100
[INFO] [1754210297.291483370] [solver_node]: 标定数据收集进度: 2/100
[INFO] [1754210297.357010854] [solver_node]: 标定数据收集进度: 3/100
[INFO] [1754210297.448567622] [solver_node]: 标定数据收集进度: 4/100
[INFO] [1754210297.548340095] [solver_node]: 标定数据收集进度: 5/100
[INFO] [1754210297.653894870] [solver_node]: 标定数据收集进度: 6/100
[INFO] [1754210297.771395918] [solver_node]: 标定数据收集进度: 7/100
[INFO] [1754210297.858174656] [solver_node]: 标定数据收集进度: 8/100
[INFO] [1754210297.950012957] [solver_node]: 标定数据收集进度: 9/100
[INFO] [1754210298.048466524] [solver_node]: 标定数据收集进度: 10/100
[INFO] [1754210298.148062237] [solver_node]: 标定数据收集进度: 11/100
[INFO] [1754210298.248116145] [solver_node]: 标定数据收集进度: 12/100
[INFO] [1754210298.368459522] [solver_node]: 标定数据收集进度: 13/100
[INFO] [1754210298.448978408] [solver_node]: 标定数据收集进度: 14/100
[INFO] [1754210298.554611092] [solver_node]: 标定数据收集进度: 15/100
[INFO] [1754210298.665004728] [solver_node]: 标定数据收集进度: 16/100
[INFO] [1754210298.784631250] [solver_node]: 标定数据收集进度: 17/100
[INFO] [1754210298.856250132] [solver_node]: 标定数据收集进度: 18/100
[INFO] [1754210298.950974038] [solver_node]: 标定数据收集进度: 19/100
[INFO] [1754210299.059247276] [solver_node]: 标定数据收集进度: 20/100
[INFO] [1754210299.156211637] [solver_node]: 标定数据收集进度: 21/100
[INFO] [1754210299.263325450] [solver_node]: 标定数据收集进度: 22/100
[INFO] [1754210299.350895700] [solver_node]: 标定数据收集进度: 23/100
[INFO] [1754210299.450190104] [solver_node]: 标定数据收集进度: 24/100
[INFO] [1754210299.587144898] [solver_node]: 标定数据收集进度: 25/100
[INFO] [1754210299.656302616] [solver_node]: 标定数据收集进度: 26/100
[INFO] [1754210299.747892208] [solver_node]: 标定数据收集进度: 27/100
[INFO] [1754210299.864443130] [solver_node]: 标定数据收集进度: 28/100
[INFO] [1754210299.947202575] [solver_node]: 标定数据收集进度: 29/100
[INFO] [1754210300.064433142] [solver_node]: 标定数据收集进度: 30/100
[INFO] [1754210300.154591947] [solver_node]: 标定数据收集进度: 31/100
[INFO] [1754210300.249683105] [solver_node]: 标定数据收集进度: 32/100
[INFO] [1754210300.350965391] [solver_node]: 标定数据收集进度: 33/100
[INFO] [1754210300.450624345] [solver_node]: 标定数据收集进度: 34/100
[INFO] [1754210300.556569127] [solver_node]: 标定数据收集进度: 35/100
[INFO] [1754210300.647546493] [solver_node]: 标定数据收集进度: 36/100
[INFO] [1754210300.750393086] [solver_node]: 标定数据收集进度: 37/100
[INFO] [1754210300.847987051] [solver_node]: 标定数据收集进度: 38/100
[INFO] [1754210300.975188657] [solver_node]: 标定数据收集进度: 39/100
[INFO] [1754210301.050784057] [solver_node]: 标定数据收集进度: 40/100
[INFO] [1754210301.164644572] [solver_node]: 标定数据收集进度: 41/100
[INFO] [1754210301.249483600] [solver_node]: 标定数据收集进度: 42/100
[INFO] [1754210301.368578261] [solver_node]: 标定数据收集进度: 43/100
[INFO] [1754210301.464240761] [solver_node]: 标定数据收集进度: 44/100
[INFO] [1754210301.584015808] [solver_node]: 标定数据收集进度: 45/100
[INFO] [1754210301.651706208] [solver_node]: 标定数据收集进度: 46/100
[INFO] [1754210301.748913630] [solver_node]: 标定数据收集进度: 47/100
[INFO] [1754210301.854163696] [solver_node]: 标定数据收集进度: 48/100
[INFO] [1754210301.954444516] [solver_node]: 标定数据收集进度: 49/100
[INFO] [1754210302.076129213] [solver_node]: 标定数据收集进度: 50/100
[INFO] [1754210302.157416422] [solver_node]: 标定数据收集进度: 51/100
[INFO] [1754210302.284078704] [solver_node]: 标定数据收集进度: 52/100
[INFO] [1754210302.350419312] [solver_node]: 标定数据收集进度: 53/100
[INFO] [1754210302.451714804] [solver_node]: 标定数据收集进度: 54/100
[INFO] [1754210302.549304750] [solver_node]: 标定数据收集进度: 55/100
[INFO] [1754210302.648551338] [solver_node]: 标定数据收集进度: 56/100
[INFO] [1754210302.754637245] [solver_node]: 标定数据收集进度: 57/100
[INFO] [1754210302.884361606] [solver_node]: 标定数据收集进度: 58/100
[INFO] [1754210302.978401714] [solver_node]: 标定数据收集进度: 59/100
[INFO] [1754210303.110883712] [solver_node]: 标定数据收集进度: 60/100
[INFO] [1754210303.153847631] [solver_node]: 标定数据收集进度: 61/100
[INFO] [1754210303.249907100] [solver_node]: 标定数据收集进度: 62/100
[INFO] [1754210303.351154693] [solver_node]: 标定数据收集进度: 63/100
[INFO] [1754210303.450344709] [solver_node]: 标定数据收集进度: 64/100
[INFO] [1754210303.582536126] [solver_node]: 标定数据收集进度: 65/100
[INFO] [1754210303.651797062] [solver_node]: 标定数据收集进度: 66/100
[INFO] [1754210303.756042848] [solver_node]: 标定数据收集进度: 67/100
[INFO] [1754210303.848451633] [solver_node]: 标定数据收集进度: 68/100
[INFO] [1754210303.950578129] [solver_node]: 标定数据收集进度: 69/100
[INFO] [1754210304.074858120] [solver_node]: 标定数据收集进度: 70/100
[INFO] [1754210304.182680753] [solver_node]: 标定数据收集进度: 71/100
[INFO] [1754210304.247652625] [solver_node]: 标定数据收集进度: 72/100
[INFO] [1754210304.354282602] [solver_node]: 标定数据收集进度: 73/100
[INFO] [1754210304.500420998] [solver_node]: 标定数据收集进度: 74/100
[INFO] [1754210304.557787400] [solver_node]: 标定数据收集进度: 75/100
[INFO] [1754210304.659163533] [solver_node]: 标定数据收集进度: 76/100
[INFO] [1754210304.749209252] [solver_node]: 标定数据收集进度: 77/100
[INFO] [1754210304.849331749] [solver_node]: 标定数据收集进度: 78/100
[INFO] [1754210304.948264150] [solver_node]: 标定数据收集进度: 79/100
[INFO] [1754210305.062015344] [solver_node]: 标定数据收集进度: 80/100
[INFO] [1754210305.149649199] [solver_node]: 标定数据收集进度: 81/100
[INFO] [1754210305.255964687] [solver_node]: 标定数据收集进度: 82/100
[INFO] [1754210305.350694953] [solver_node]: 标定数据收集进度: 83/100
[INFO] [1754210305.459584612] [solver_node]: 标定数据收集进度: 84/100
[INFO] [1754210305.548503744] [solver_node]: 标定数据收集进度: 85/100
[INFO] [1754210305.647963597] [solver_node]: 标定数据收集进度: 86/100
[INFO] [1754210305.754578058] [solver_node]: 标定数据收集进度: 87/100
[INFO] [1754210305.848571339] [solver_node]: 标定数据收集进度: 88/100
[INFO] [1754210305.948882936] [solver_node]: 标定数据收集进度: 89/100
[INFO] [1754210306.054017036] [solver_node]: 标定数据收集进度: 90/100
[INFO] [1754210306.147919118] [solver_node]: 标定数据收集进度: 91/100
[INFO] [1754210306.250713154] [solver_node]: 标定数据收集进度: 92/100
[INFO] [1754210306.350684177] [solver_node]: 标定数据收集进度: 93/100
[INFO] [1754210306.447435795] [solver_node]: 标定数据收集进度: 94/100
[INFO] [1754210306.548149979] [solver_node]: 标定数据收集进度: 95/100
[INFO] [1754210306.663134078] [solver_node]: 标定数据收集进度: 96/100
[INFO] [1754210306.749616258] [solver_node]: 标定数据收集进度: 97/100
[INFO] [1754210306.848098143] [solver_node]: 标定数据收集进度: 98/100
[INFO] [1754210306.949031830] [sol