[INFO] [1754311590.845134922] [solver_node]: [PerpendicularDistanceLocalizer] 激光配置 详细内容: 列表长度: 5
[INFO] [1754311590.847251930] [solver_node]: [PerpendicularDistanceLocalizer] 激光配置[0]: ((0.37685, 1.56608), 1.5708)
[INFO] [1754311590.848818333] [solver_node]: [PerpendicularDistanceLocalizer] 激光配置[1]: ((0.37685, -1.56608), -1.5708)
[INFO] [1754311590.850111194] [solver_node]: [PerpendicularDistanceLocalizer] 激光配置[2]: ((0.37645, 0.47385), 0.0)
[INFO] [1754311590.851393303] [solver_node]: [PerpendicularDistanceLocalizer] 激光配置[3]: ((0.37771, 2.42478), 3.14159)
[INFO] [1754311590.852723477] [solver_node]: [PerpendicularDistanceLocalizer] 激光配置[4]: ((0.37771, -2.42478), 3.14159)
[INFO] [1754311590.854266679] [solver_node]: [PerpendicularDistanceLocalizer] 前束索引: [2], 后束索引: [3, 4]
[INFO] [1754311590.855526292] [solver_node]: [PerpendicularDistanceLocalizer] 左束索引: [0], 右束索引: [1]
[INFO] [1754311590.857437279] [solver_node]: [PerpendicularDistanceLocalizer] h_values: [0.37684581 0.37684581 0.33497201 0.28475693 0.28475693]
[INFO] [1754311590.858900127] [solver_node]: [PerpendicularDistanceLocalizer] 垂直距离定位器已初始化，需要调用calibrate()方法进行标定
[INFO] [1754311591.091142277] [solver_node]: 发布重定位TF: x=0.000, y=0.000
[INFO] [1754311591.093645917] [solver_node]: SolverNode启动，进入初始化阶段...
[INFO] [1754311591.107404850] [solver_node]: 标定数据收集进度: 1/500
[INFO] [1754311591.114594548] [solver_node]: 标定数据收集进度: 2/500
[INFO] [1754311591.121690196] [solver_node]: 标定数据收集进度: 3/500
[INFO] [1754311591.132534951] [solver_node]: 标定数据收集进度: 4/500
[INFO] [1754311591.141077832] [solver_node]: 标定数据收集进度: 5/500
[INFO] [1754311591.151997533] [solver_node]: 标定数据收集进度: 6/500
[INFO] [1754311591.171377073] [solver_node]: 标定数据收集进度: 7/500
[INFO] [1754311591.175282665] [solver_node]: 标定数据收集进度: 8/500
[INFO] [1754311591.183172186] [solver_node]: 标定数据收集进度: 9/500
[INFO] [1754311591.190782405] [solver_node]: 标定数据收集进度: 10/500
[INFO] [1754311591.203144475] [solver_node]: 标定数据收集进度: 11/500
[INFO] [1754311591.211975553] [solver_node]: 标定数据收集进度: 12/500
[INFO] [1754311591.222663026] [solver_node]: 标定数据收集进度: 13/500
[INFO] [1754311591.232262666] [solver_node]: 标定数据收集进度: 14/500
[INFO] [1754311591.242208393] [solver_node]: 标定数据收集进度: 15/500
[INFO] [1754311591.251647709] [solver_node]: 标定数据收集进度: 16/500
[INFO] [1754311591.262167978] [solver_node]: 标定数据收集进度: 17/500
[INFO] [1754311591.271550045] [solver_node]: 标定数据收集进度: 18/500
[INFO] [1754311591.282957533] [solver_node]: 标定数据收集进度: 19/500
[INFO] [1754311591.292375185] [solver_node]: 标定数据收集进度: 20/500
[INFO] [1754311591.302691289] [solver_node]: 标定数据收集进度: 21/500
[INFO] [1754311591.311489023] [solver_node]: 标定数据收集进度: 22/500
[INFO] [1754311591.329314767] [solver_node]: 标定数据收集进度: 23/500
[INFO] [1754311591.332791774] [solver_node]: 标定数据收集进度: 24/500
[INFO] [1754311591.346213195] [solver_node]: 标定数据收集进度: 25/500
[INFO] [1754311591.372074897] [solver_node]: 标定数据收集进度: 26/500
[INFO] [1754311591.389644796] [solver_node]: 标定数据收集进度: 27/500
[INFO] [1754311591.393947901] [solver_node]: 标定数据收集进度: 28/500
[INFO] [1754311591.400548081] [solver_node]: 标定数据收集进度: 29/500
[INFO] [1754311591.402923078] [solver_node]: 标定数据收集进度: 30/500
[INFO] [1754311591.405087095] [solver_node]: 标定数据收集进度: 31/500
[INFO] [1754311591.413780538] [solver_node]: 标定数据收集进度: 32/500
[INFO] [1754311591.422900071] [solver_node]: 标定数据收集进度: 33/500
[INFO] [1754311591.431713518] [solver_node]: 标定数据收集进度: 34/500
[INFO] [1754311591.442183865] [solver_node]: 标定数据收集进度: 35/500
[INFO] [1754311591.451525067] [solver_node]: 标定数据收集进度: 36/500
[INFO] [1754311591.463607259] [solver_node]: 标定数据收集进度: 37/500
[INFO] [1754311591.474210409] [solver_node]: 标定数据收集进度: 38/500
[INFO] [1754311591.507128525] [solver_node]: 标定数据收集进度: 39/500
[INFO] [1754311591.515051391] [solver_node]: 标定数据收集进度: 40/500
[INFO] [1754311591.520375927] [solver_node]: 标定数据收集进度: 41/500
[INFO] [1754311591.524093418] [solver_node]: 标定数据收集进度: 42/500
[INFO] [1754311591.537447799] [solver_node]: 标定数据收集进度: 43/500
[INFO] [1754311591.560342713] [solver_node]: 标定数据收集进度: 44/500
[INFO] [1754311591.570819589] [solver_node]: 标定数据收集进度: 45/500
[INFO] [1754311591.588906332] [solver_node]: 标定数据收集进度: 46/500
[INFO] [1754311591.930119027] [solver_node]: 标定数据收集进度: 47/500
[INFO] [1754311591.933229337] [solver_node]: 标定数据收集进度: 48/500
[INFO] [1754311591.937067951] [solver_node]: 标定数据收集进度: 49/500
[INFO] [1754311591.942261348] [solver_node]: 标定数据收集进度: 50/500
[INFO] [1754311591.949752876] [solver_node]: 标定数据收集进度: 51/500
[INFO] [1754311591.952678158] [solver_node]: 标定数据收集进度: 52/500
[INFO] [1754311591.955782772] [solver_node]: 标定数据收集进度: 53/500
[INFO] [1754311591.958497041] [solver_node]: 标定数据收集进度: 54/500
[INFO] [1754311591.966218238] [solver_node]: 标定数据收集进度: 55/500
[INFO] [1754311591.985949082] [solver_node]: 标定数据收集进度: 56/500
[INFO] [1754311592.003035962] [solver_node]: 标定数据收集进度: 57/500
[INFO] [1754311592.015336142] [solver_node]: 标定数据收集进度: 58/500
[INFO] [1754311592.029762387] [solver_node]: 标定数据收集进度: 59/500
[INFO] [1754311592.044387612] [solver_node]: 标定数据收集进度: 60/500
[INFO] [1754311592.046714416] [solver_node]: 标定数据收集进度: 61/500
[INFO] [1754311592.048498072] [solver_node]: 标定数据收集进度: 62/500
[INFO] [1754311592.050182750] [solver_node]: 标定数据收集进度: 63/500
[INFO] [1754311592.065072781] [solver_node]: 标定数据收集进度: 64/500
[INFO] [1754311592.068737247] [solver_node]: 标定数据收集进度: 65/500
[INFO] [1754311592.071521309] [solver_node]: 标定数据收集进度: 66/500
[INFO] [1754311592.081828325] [solver_node]: 标定数据收集进度: 67/500
[INFO] [1754311592.092656569] [solver_node]: 标定数据收集进度: 68/500
[INFO] [1754311592.102716251] [solver_node]: 发布重定位TF: x=0.000, y=0.000
[INFO] [1754311592.105534714] [solver_node]: 标定数据收集进度: 69/500
[INFO] [1754311592.111950250] [solver_node]: 标定数据收集进度: 70/500
[INFO] [1754311592.121296892] [solver_node]: 标定数据收集进度: 71/500
[INFO] [1754311592.131113593] [solver_node]: 标定数据收集进度: 72/500
[INFO] [1754311592.141100442] [solver_node]: 标定数据收集进度: 73/500
[INFO] [1754311592.151987950] [solver_node]: 标定数据收集进度: 74/500
[INFO] [1754311592.160957624] [solver_node]: 标定数据收集进度: 75/500
[INFO] [1754311592.171634664] [solver_node]: 标定数据收集进度: 76/500
[INFO] [1754311592.182161269] [solver_node]: 标定数据收集进度: 77/500
[INFO] [1754311592.191413733] [solver_node]: 标定数据收集进度: 78/500
[INFO] [1754311592.201407781] [solver_node]: 标定数据收集进度: 79/500
[INFO] [1754311592.211807791] [solver_node]: 标定数据收集进度: 80/500
[INFO] [1754311592.221871185] [solver_node]: 标定数据收集进度: 81/500
[INFO] [1754311592.234628624] [solver_node]: 标定数据收集进度: 82/500
[INFO] [1754311592.241558924] [solver_node]: 标定数据收集进度: 83/500
[INFO] [1754311592.252511714] [solver_node]: 标定数据收集进度: 84/500
[INFO] [1754311592.261202822] [solver_node]: 标定数据收集进度: 85/500
[INFO] [1754311592.273496602] [solver_node]: 标定数据收集进度: 86/500
[INFO] [1754311592.280860895] [solver_node]: 标定数据收集进度: 87/500
[INFO] [1754311592.299423233] [solver_node]: 标定数据收集进度: 88/500
[INFO] [1754311592.304024424] [solver_node]: 标定数据收集进度: 89/500
[INFO] [1754311592.311466031] [solver_node]: 标定数据收集进度: 90/500
[INFO] [1754311592.321537938] [solver_node]: 标定数据收集进度: 91/500
[INFO] [1754311592.331584564] [solver_node]: 标定数据收集进度: 92/500
[INFO] [1754311592.341466738] [solver_node]: 标定数据收集进度: 93/500
[INFO] [1754311592.351149484] [solver_node]: 标定数据收集进度: 94/500
[INFO] [1754311592.363033687] [solver_node]: 标定数据收集进度: 95/500
[INFO] [1754311592.372425418] [solver_node]: 标定数据收集进度: 96/500
[INFO] [1754311592.384243539] [solver_node]: 标定数据收集进度: 97/500
[INFO] [1754311592.392155269] [solver_node]: 标定数据收集进度: 98/500
[INFO] [1754311592.402445389] [solver_node]: 标定数据收集进度: 99/500
[INFO] [1754311592.412915064] [solver_node]: 标定数据收集进度: 100/500
[INFO] [1754311592.423383299] [solver_node]: 标定数据收集进度: 101/500
[INFO] [1754311592.432039270] [solver_node]: 标定数据收集进度: 102/500
[INFO] [1754311592.441709631] [solver_node]: 标定数据收集进度: 103/500
[INFO] [1754311592.452805625] [solver_node]: 标定数据收集进度: 104/500
[INFO] [1754311592.461889253] [solver_node]: 标定数据收集进度: 105/500
[INFO] [1754311592.472617110] [solver_node]: 标定数据收集进度: 106/500
[INFO] [1754311592.483587021] [solver_node]: 标定数据收集进度: 107/500
[INFO] [1754311592.493122531] [solver_node]: 标定数据收集进度: 108/500
[INFO] [1754311592.502576664] [solver_node]: 标定数据收集进度: 109/500
[INFO] [1754311592.512127918] [solver_node]: 标定数据收集进度: 110/500
[INFO] [1754311592.521874889] [solver_node]: 标定数据收集进度: 111/500
[INFO] [1754311592.532261235] [solver_node]: 标定数据收集进度: 112/500
[INFO] [1754311592.542252372] [solver_node]: 标定数据收集进度: 113/500
[INFO] [1754311592.553107496] [solver_node]: 标定数据收集进度: 114/500
[INFO] [1754311592.561459075] [solver_node]: 标定数据收集进度: 115/500
[INFO] [1754311592.572538492] [solver_node]: 标定数据收集进度: 116/500
[INFO] [1754311592.581232832] [solver_node]: 标定数据收集进度: 117/500
[INFO] [1754311592.592355802] [solver_node]: 标定数据收集进度: 118/500
[INFO] [1754311592.602349051] [solver_node]: 标定数据收集进度: 119/500
[INFO] [1754311592.611232002] [solver_node]: 标定数据收集进度: 120/500
[INFO] [1754311592.621936019] [solver_node]: 标定数据收集进度: 121/500
[INFO] [1754311592.631683022] [solver_node]: 标定数据收集进度: 122/500
[INFO] [1754311592.640943198] [solver_node]: 标定数据收集进度: 123/500
[INFO] [1754311592.651470507] [solver_node]: 标定数据收集进度: 124/500
[INFO] [1754311592.662120314] [solver_node]: 标定数据收集进度: 125/500
[INFO] [1754311592.672999599] [solver_node]: 标定数据收集进度: 126/500
[INFO] [1754311592.681065956] [solver_node]: 标定数据收集进度: 127/500
[INFO] [1754311592.690823871] [solver_node]: 标定数据收集进度: 128/500
[INFO] [1754311592.703506493] [solver_node]: 标定数据收集进度: 129/500
[INFO] [1754311592.710810849] [solver_node]: 标定数据收集进度: 130/500
[INFO] [1754311592.721272780] [solver_node]: 标定数据收集进度: 131/500
[INFO] [1754311592.731688566] [solver_node]: 标定数据收集进度: 132/500
[INFO] [1754311592.742770031] [solver_node]: 标定数据收集进度: 133/500
[INFO] [1754311592.754548056] [solver_node]: 标定数据收集进度: 134/500
[INFO] [1754311592.761886909] [solver_node]: 标定数据收集进度: 135/500
[INFO] [1754311592.777015729] [solver_node]: 标定数据收集进度: 136/500
[INFO] [1754311592.790223770] [solver_node]: 标定数据收集进度: 137/500
[INFO] [1754311592.793712168] [solver_node]: 标定数据收集进度: 138/500
[INFO] [1754311592.804933797] [solver_node]: 标定数据收集进度: 139/500
[INFO] [1754311592.812286218] [solver_node]: 标定数据收集进度: 140/500
[INFO] [1754311592.825014856] [solver_node]: 标定数据收集进度: 141/500
[INFO] [1754311592.833191520] [solver_node]: 标定数据收集进度: 142/500
[INFO] [1754311592.843951858] [solver_node]: 标定数据收集进度: 143/500
[INFO] [1754311592.851207893] [solver_node]: 标定数据收集进度: 144/500
[INFO] [1754311592.860925167] [solver_node]: 标定数据收集进度: 145/500
[INFO] [1754311592.871295416] [solver_node]: 标定数据收集进度: 146/500
[INFO] [1754311592.882194189] [solver_node]: 标定数据收集进度: 147/500
[INFO] [1754311592.893020929] [solver_node]: 标定数据收集进度: 148/500
[INFO] [1754311592.906928633] [solver_node]: 标定数据收集进度: 149/500
[INFO] [1754311592.920027008] [solver_node]: 标定数据收集进度: 150/500
[INFO] [1754311592.923212584] [solver_node]: 标定数据收集进度: 151/500
[INFO] [1754311592.932603195] [solver_node]: 标定数据收集进度: 152/500
[INFO] [1754311592.942941603] [solver_node]: 标定数据收集进度: 153/500
[INFO] [1754311592.952937764] [solver_node]: 标定数据收集进度: 154/500
[INFO] [1754311592.962003888] [solver_node]: 标定数据收集进度: 155/500
[INFO] [1754311592.973362639] [solver_node]: 标定数据收集进度: 156/500
[INFO] [1754311592.982262839] [solver_node]: 标定数据收集进度: 157/500
[INFO] [1754311592.992948487] [solver_node]: 标定数据收集进度: 158/500
[INFO] [1754311593.002381115] [solver_node]: 标定数据收集进度: 159/500
[INFO] [1754311593.011780079] [solver_node]: 标定数据收集进度: 160/500
[INFO] [1754311593.023242640] [solver_node]: 标定数据收集进度: 161/500
[INFO] [1754311593.032530849] [solver_node]: 标定数据收集进度: 162/500
[INFO] [1754311593.043038029] [solver_node]: 标定数据收集进度: 163/500
[INFO] [1754311593.053181777] [solver_node]: 标定数据收集进度: 164/500
[INFO] [1754311593.063896674] [solver_node]: 标定数据收集进度: 165/500
[INFO] [1754311593.073742079] [solver_node]: 标定数据收集进度: 166/500
[INFO] [1754311593.083556988] [solver_node]: 标定数据收集进度: 167/500
[INFO] [1754311593.091547888] [solver_node]: 标定数据收集进度: 168/500
[INFO] [1754311593.102824909] [solver_node]: 标定数据收集进度: 169/500
[INFO] [1754311593.104673175] [solver_node]: 发布重定位TF: x=0.000, y=0.000
[INFO] [1754311593.115584876] [solver_node]: 标定数据收集进度: 170/500
[INFO] [1754311593.123922567] [solver_node]: 标定数据收集进度: 171/500
[INFO] [1754311593.133156151] [solver_node]: 标定数据收集进度: 172/500
[INFO] [1754311593.144217104] [solver_node]: 标定数据收集进度: 173/500
[INFO] [1754311593.152118273] [solver_node]: 标定数据收集进度: 174/500
[INFO] [1754311593.161014089] [solver_node]: 标定数据收集进度: 175/500
[INFO] [1754311593.171013194] [solver_node]: 标定数据收集进度: 176/500
[INFO] [1754311593.181582551] [solver_node]: 标定数据收集进度: 177/500
[INFO] [1754311593.191516503] [solver_node]: 标定数据收集进度: 178/500
[INFO] [1754311593.200869001] [solver_node]: 标定数据收集进度: 179/500
[INFO] [1754311593.219868468] [solver_node]: 标定数据收集进度: 180/500
[INFO] [1754311593.225087209] [solver_node]: 标定数据收集进度: 181/500
[INFO] [1754311593.231262004] [solver_node]: 标定数据收集进度: 182/500
[INFO] [1754311593.242003046] [solver_node]: 标定数据收集进度: 183/500
[INFO] [1754311593.251222869] [solver_node]: 标定数据收集进度: 184/500
[INFO] [1754311593.262187627] [solver_node]: 标定数据收集进度: 185/500
[INFO] [1754311593.270821325] [solver_node]: 标定数据收集进度: 186/500
[INFO] [1754311593.283456521] [solver_node]: 标定数据收集进度: 187/500
[INFO] [1754311593.294592228] [solver_node]: 标定数据收集进度: 188/500
[INFO] [1754311593.301312187] [solver_node]: 标定数据收集进度: 189/500
[INFO] [1754311593.311921673] [solver_node]: 标定数据收集进度: 190/500
[INFO] [1754311593.321095095] [solver_node]: 标定数据收集进度: 191/500
[INFO] [1754311593.333524175] [solver_node]: 标定数据收集进度: 192/500
[INFO] [1754311593.341472641] [solver_node]: 标定数据收集进度: 193/500
[INFO] [1754311593.351921900] [solver_node]: 标定数据收集进度: 194/500
[INFO] [1754311593.360859349] [solver_node]: 标定数据收集进度: 195/500
[INFO] [1754311593.374678796] [solver_node]: 标定数据收集进度: 196/500
[INFO] [1754311593.389592219] [solver_node]: 标定数据收集进度: 197/500
[INFO] [1754311593.396442645] [solver_node]: 标定数据收集进度: 198/500
[INFO] [1754311593.412362395] [solver_node]: 标定数据收集进度: 199/500
[INFO] [1754311593.424380489] [solver_node]: 标定数据收集进度: 200/500
[INFO] [1754311593.439104564] [solver_node]: 标定数据收集进度: 201/500
[INFO] [1754311593.449506462] [solver_node]: 标定数据收集进度: 202/500
[INFO] [1754311593.458194241] [solver_node]: 标定数据收集进度: 203/500
[INFO] [1754311593.466637055] [solver_node]: 标定数据收集进度: 204/500
[INFO] [1754311593.470721787] [solver_node]: 标定数据收集进度: 205/500
[INFO] [1754311593.476938663] [solver_node]: 标定数据收集进度: 206/500
[INFO] [1754311593.482879980] [solver_node]: 标定数据收集进度: 207/500
[INFO] [1754311593.490987138] [solver_node]: 标定数据收集进度: 208/500
[INFO] [1754311593.505113184] [solver_node]: 标定数据收集进度: 209/500
[INFO] [1754311593.512411236] [solver_node]: 标定数据收集进度: 210/500
[INFO] [1754311593.524067530] [solver_node]: 标定数据收集进度: 211/500
[INFO] [1754311593.535130083] [solver_node]: 标定数据收集进度: 212/500
[INFO] [1754311593.554429204] [solver_node]: 标定数据收集进度: 213/500
[INFO] [1754311593.569601449] [solver_node]: 标定数据收集进度: 214/500
[INFO] [1754311593.580477182] [solver_node]: 标定数据收集进度: 215/500
[INFO] [1754311593.585071461] [solver_node]: 标定数据收集进度: 216/500
[INFO] [1754311593.587584158] [solver_node]: 标定数据收集进度: 217/500
[INFO] [1754311593.591299601] [solver_node]: 标定数据收集进度: 218/500
[INFO] [1754311593.601520119] [solver_node]: 标定数据收集进度: 219/500
[INFO] [1754311593.611653883] [solver_node]: 标定数据收集进度: 220/500
[INFO] [1754311593.639593679] [solver_node]: 标定数据收集进度: 221/500
[INFO] [1754311593.642341453] [solver_node]: 标定数据收集进度: 222/500
[INFO] [1754311593.645112171] [solver_node]: 标定数据收集进度: 223/500
[INFO] [1754311593.669927385] [solver_node]: 标定数据收集进度: 224/500
[INFO] [1754311593.682076330] [solver_node]: 标定数据收集进度: 225/500
[INFO] [1754311593.684610275] [solver_node]: 标定数据收集进度: 226/500
[INFO] [1754311593.687540933] [solver_node]: 标定数据收集进度: 227/500
[INFO] [1754311593.703363624] [solver_node]: 标定数据收集进度: 228/500
[INFO] [1754311593.714700935] [solver_node]: 标定数据收集进度: 229/500
[INFO] [1754311593.718328441] [solver_node]: 标定数据收集进度: 230/500
[INFO] [1754311593.737756077] [solver_node]: 标定数据收集进度: 231/500
[INFO] [1754311593.739832380] [solver_node]: 标定数据收集进度: 232/500
[INFO] [1754311593.750657039] [solver_node]: 标定数据收集进度: 233/500
[INFO] [1754311593.752552666] [solver_node]: 标定数据收集进度: 234/500
[INFO] [1754311593.760691441] [solver_node]: 标定数据收集进度: 235/500
[INFO] [1754311593.770782804] [solver_node]: 标定数据收集进度: 236/500
[INFO] [1754311593.780682898] [solver_node]: 标定数据收集进度: 237/500
[INFO] [1754311593.801799597] [solver_node]: 标定数据收集进度: 238/500
[INFO] [1754311593.815638084] [solver_node]: 标定数据收集进度: 239/500
[INFO] [1754311593.824873812] [solver_node]: 标定数据收集进度: 240/500
[INFO] [1754311593.834966806] [solver_node]: 标定数据收集进度: 241/500
[INFO] [1754311593.840594645] [solver_node]: 标定数据收集进度: 242/500
[INFO] [1754311593.850184844] [solver_node]: 标定数据收集进度: 243/500
[INFO] [1754311593.854332426] [solver_node]: 标定数据收集进度: 244/500
[INFO] [1754311593.861124226] [solver_node]: 标定数据收集进度: 245/500
[INFO] [1754311593.871658383] [solver_node]: 标定数据收集进度: 246/500
[INFO] [1754311593.888950036] [solver_node]: 标定数据收集进度: 247/500
[INFO] [1754311593.892336224] [solver_node]: 标定数据收集进度: 248/500
[INFO] [1754311593.900922369] [solver_node]: 标定数据收集进度: 249/500
[INFO] [1754311593.911757237] [solver_node]: 标定数据收集进度: 250/500
[INFO] [1754311593.921200169] [solver_node]: 标定数据收集进度: 251/500
[INFO] [1754311593.932919632] [solver_node]: 标定数据收集进度: 252/500
[INFO] [1754311593.941613268] [solver_node]: 标定数据收集进度: 253/500
[INFO] [1754311593.953176664] [solver_node]: 标定数据收集进度: 254/500
[INFO] [1754311593.961505811] [solver_node]: 标定数据收集进度: 255/500
[INFO] [1754311593.973462816] [solver_node]: 标定数据收集进度: 256/500
[INFO] [1754311593.981601111] [solver_node]: 标定数据收集进度: 257/500
[INFO] [1754311593.995814038] [solver_node]: 标定数据收集进度: 258/500
[INFO] [1754311594.001924831] [solver_node]: 标定数据收集进度: 259/500
[INFO] [1754311594.011808221] [solver_node]: 标定数据收集进度: 260/500
[INFO] [1754311594.021830399] [solver_node]: 标定数据收集进度: 261/500
[INFO] [1754311594.032379436] [solver_node]: 标定数据收集进度: 262/500
[INFO] [1754311594.042061061] [solver_node]: 标定数据收集进度: 263/500
[INFO] [1754311594.052423726] [solver_node]: 标定数据收集进度: 264/500
[INFO] [1754311594.061341847] [solver_node]: 标定数据收集进度: 265/500
[INFO] [1754311594.073488552] [solver_node]: 标定数据收集进度: 266/500
[INFO] [1754311594.083447752] [solver_node]: 标定数据收集进度: 267/500
[INFO] [1754311594.090878991] [solver_node]: 标定数据收集进度: 268/500
[INFO] [1754311594.102762714] [solver_node]: 标定数据收集进度: 269/500
[INFO] [1754311594.112937567] [solver_node]: 标定数据收集进度: 270/500
[INFO] [1754311594.122492085] [solver_node]: 发布重定位TF: x=0.000, y=0.000
[INFO] [1754311594.123146852] [solver_node]: 标定数据收集进度: 271/500
[INFO] [1754311594.131150104] [solver_node]: 标定数据收集进度: 272/500
[INFO] [1754311594.141973835] [solver_node]: 标定数据收集进度: 273/500
[INFO] [1754311594.150921236] [solver_node]: 标定数据收集进度: 274/500
[INFO] [1754311594.161048056] [solver_node]: 标定数据收集进度: 275/500
[INFO] [1754311594.170880629] [solver_node]: 标定数据收集进度: 276/500
[INFO] [1754311594.180903606] [solver_node]: 标定数据收集进度: 277/500
[INFO] [1754311594.190934328] [solver_node]: 标定数据收集进度: 278/500
[INFO] [1754311594.201171998] [solver_node]: 标定数据收集进度: 279/500
[INFO] [1754311594.211144382] [solver_node]: 标定数据收集进度: 280/500
[INFO] [1754311594.221130558] [solver_node]: 标定数据收集进度: 281/500
[INFO] [1754311594.234407561] [solver_node]: 标定数据收集进度: 282/500
[INFO] [1754311594.241637547] [solver_node]: 标定数据收集进度: 283/500
[INFO] [1754311594.253108173] [solver_node]: 标定数据收集进度: 284/500
[INFO] [1754311594.262374845] [solver_node]: 标定数据收集进度: 285/500
[INFO] [1754311594.272058775] [solver_node]: 标定数据收集进度: 286/500
[INFO] [1754311594.285530630] [solver_node]: 标定数据收集进度: 287/500
[INFO] [1754311594.293052431] [solver_node]: 标定数据收集进度: 288/500
[INFO] [1754311594.300766428] [solver_node]: 标定数据收集进度: 289/500
[INFO] [1754311594.312975855] [solver_node]: 标定数据收集进度: 290/500
[INFO] [1754311594.322882125] [solver_node]: 标定数据收集进度: 291/500
[INFO] [1754311594.334689943] [solver_node]: 标定数据收集进度: 292/500
[INFO] [1754311594.342042204] [solver_node]: 标定数据收集进度: 293/500
[INFO] [1754311594.351303724] [solver_node]: 标定数据收集进度: 294/500
[INFO] [1754311594.361025031] [solver_node]: 标定数据收集进度: 295/500
[INFO] [1754311594.370787682] [solver_node]: 标定数据收集进度: 296/500
[INFO] [1754311594.382171138] [solver_node]: 标定数据收集进度: 297/500
[INFO] [1754311594.393193978] [solver_node]: 标定数据收集进度: 298/500
[INFO] [1754311594.401804667] [solver_node]: 标定数据收集进度: 299/500
[INFO] [1754311594.424183826] [solver_node]: 标定数据收集进度: 300/500
[INFO] [1754311594.426384228] [solver_node]: 标定数据收集进度: 301/500
[INFO] [1754311594.430917450] [solver_node]: 标定数据收集进度: 302/500
[INFO] [1754311594.441469207] [solver_node]: 标定数据收集进度: 303/500
[INFO] [1754311594.451595546] [solver_node]: 标定数据收集进度: 304/500
[INFO] [1754311594.462842967] [solver_node]: 标定数据收集进度: 305/500
[INFO] [1754311594.473237601] [solver_node]: 标定数据收集进度: 306/500
[INFO] [1754311594.483760621] [solver_node]: 标定数据收集进度: 307/500
[INFO] [1754311594.493394950] [solver_node]: 标定数据收集进度: 308/500
[INFO] [1754311594.503635788] [solver_node]: 标定数据收集进度: 309/500
[INFO] [1754311594.513802033] [solver_node]: 标定数据收集进度: 310/500
[INFO] [1754311594.523528267] [solver_node]: 标定数据收集进度: 311/500
[INFO] [1754311594.532031530] [solver_node]: 标定数据收集进度: 312/500
[INFO] [1754311594.542086988] [solver_node]: 标定数据收集进度: 313/500
[INFO] [1754311594.552170831] [solver_node]: 标定数据收集进度: 314/500
[INFO] [1754311594.561795527] [solver_node]: 标定数据收集进度: 315/500
[INFO] [1754311594.572534265] [solver_node]: 标定数据收集进度: 316/500
[INFO] [1754311594.582371990] [solver_node]: 标定数据收集进度: 317/500
[INFO] [1754311594.593343084] [solver_node]: 标定数据收集进度: 318/500
[INFO] [1754311594.601712393] [solver_node]: 标定数据收集进度: 319/500
[INFO] [1754311594.612197236] [solver_node]: 标定数据收集进度: 320/500
[INFO] [1754311594.621310369] [solver_node]: 标定数据收集进度: 321/500
[INFO] [1754311594.631909583] [solver_node]: 标定数据收集进度: 322/500
[INFO] [1754311594.649512763] [solver_node]: 标定数据收集进度: 323/500
[INFO] [1754311594.665241276] [solver_node]: 标定数据收集进度: 324/500
[INFO] [1754311594.667688371] [solver_node]: 标定数据收集进度: 325/500
[INFO] [1754311594.672197881] [solver_node]: 标定数据收集进度: 326/500
[INFO] [1754311594.684347146] [solver_node]: 标定数据收集进度: 327/500
[INFO] [1754311594.692561730] [solver_node]: 标定数据收集进度: 328/500
[INFO] [1754311594.703196530] [solver_node]: 标定数据收集进度: 329/500
[INFO] [1754311594.714227817] [solver_node]: 标定数据收集进度: 330/500
[INFO] [1754311594.721674705] [solver_node]: 标定数据收集进度: 331/500
[INFO] [1754311594.730850719] [solver_node]: 标定数据收集进度: 332/500
[INFO] [1754311594.741122438] [solver_node]: 标定数据收集进度: 333/500
[INFO] [1754311594.758701201] [solver_node]: 标定数据收集进度: 334/500
[INFO] [1754311594.766785543] [solver_node]: 标定数据收集进度: 335/500
[INFO] [1754311594.771579507] [solver_node]: 标定数据收集进度: 336/500
[INFO] [1754311594.781585011] [solver_node]: 标定数据收集进度: 337/500
[INFO] [1754311594.792751662] [solver_node]: 标定数据收集进度: 338/500
[INFO] [1754311594.801636982] [solver_node]: 标定数据收集进度: 339/500
[INFO] [1754311594.811968926] [solver_node]: 标定数据收集进度: 340/500
[INFO] [1754311594.823957932] [solver_node]: 标定数据收集进度: 341/500
[INFO] [1754311594.831376147] [solver_node]: 标定数据收集进度: 342/500
[INFO] [1754311594.840689444] [solver_node]: 标定数据收集进度: 343/500
[INFO] [1754311594.852280200] [solver_node]: 标定数据收集进度: 344/500
[INFO] [1754311594.862218696] [solver_node]: 标定数据收集进度: 345/500
[INFO] [1754311594.872180680] [solver_node]: 标定数据收集进度: 346/500
[INFO] [1754311594.888273873] [solver_node]: 标定数据收集进度: 347/500
[INFO] [1754311594.892810039] [solver_node]: 标定数据收集进度: 348/500
[INFO] [1754311594.901767649] [solver_node]: 标定数据收集进度: 349/500
[INFO] [1754311594.911533564] [solver_node]: 标定数据收集进度: 350/500
[INFO] [1754311594.921636831] [solver_node]: 标定数据收集进度: 351/500
[INFO] [1754311594.931593855] [solver_node]: 标定数据收集进度: 352/500
[INFO] [1754311594.942900893] [solver_node]: 标定数据收集进度: 353/500
[INFO] [1754311594.957170238] [solver_node]: 标定数据收集进度: 354/500
[INFO] [1754311594.964213660] [solver_node]: 标定数据收集进度: 355/500
[INFO] [1754311594.975527451] [solver_node]: 标定数据收集进度: 356/500
[INFO] [1754311594.981940843] [solver_node]: 标定数据收集进度: 357/500
[INFO] [1754311595.013891065] [solver_node]: 标定数据收集进度: 358/500
[INFO] [1754311595.023620532] [solver_node]: 标定数据收集进度: 359/500
[INFO] [1754311595.028600707] [solver_node]: 标定数据收集进度: 360/500
[INFO] [1754311595.033031207] [solver_node]: 标定数据收集进度: 361/500
[INFO] [1754311595.036418419] [solver_node]: 标定数据收集进度: 362/500
[INFO] [1754311595.041083964] [solver_node]: 标定数据收集进度: 363/500
[INFO] [1754311595.051032828] [solver_node]: 标定数据收集进度: 364/500
[INFO] [1754311595.061202272] [solver_node]: 标定数据收集进度: 365/500
[INFO] [1754311595.072698243] [solver_node]: 标定数据收集进度: 366/500
[INFO] [1754311595.085688166] [solver_node]: 标定数据收集进度: 367/500
[INFO] [1754311595.092082966] [solver_node]: 标定数据收集进度: 368/500
[INFO] [1754311595.100926269] [solver_node]: 标定数据收集进度: 369/500
[INFO] [1754311595.117657173] [solver_node]: 标定数据收集进度: 370/500
[INFO] [1754311595.123551609] [solver_node]: 标定数据收集进度: 371/500
[INFO] [1754311595.134780854] [solver_node]: 标定数据收集进度: 372/500
[INFO] [1754311595.137761529] [solver_node]: 发布重定位TF: x=0.000, y=0.000
[INFO] [1754311595.141581967] [solver_node]: 标定数据收集进度: 373/500
[INFO] [1754311595.155133791] [solver_node]: 标定数据收集进度: 374/500
[INFO] [1754311595.161700755] [solver_node]: 标定数据收集进度: 375/500
[INFO] [1754311595.170636284] [solver_node]: 标定数据收集进度: 376/500
[INFO] [1754311595.182121374] [solver_node]: 标定数据收集进度: 377/500
[INFO] [1754311595.190928708] [solver_node]: 标定数据收集进度: 378/500
[INFO] [1754311595.203006291] [solver_node]: 标定数据收集进度: 379/500
[INFO] [1754311595.210767746] [solver_node]: 标定数据收集进度: 380/500
[INFO] [1754311595.224517271] [solver_node]: 标定数据收集进度: 381/500
[INFO] [1754311595.230990792] [solver_node]: 标定数据收集进度: 382/500
[INFO] [1754311595.242568652] [solver_node]: 标定数据收集进度: 383/500
[INFO] [1754311595.254206898] [solver_node]: 标定数据收集进度: 384/500
[INFO] [1754311595.261451957] [solver_node]: 标定数据收集进度: 385/500
[INFO] [1754311595.274245972] [solver_node]: 标定数据收集进度: 386/500
[INFO] [1754311595.288145133] [solver_node]: 标定数据收集进度: 387/500
[INFO] [1754311595.300295358] [solver_node]: 标定数据收集进度: 388/500
[INFO] [1754311595.305721112] [solver_node]: 标定数据收集进度: 389/500
[INFO] [1754311595.312186665] [solver_node]: 标定数据收集进度: 390/500
[INFO] [1754311595.320942670] [solver_node]: 标定数据收集进度: 391/500
[INFO] [1754311595.332497649] [solver_node]: 标定数据收集进度: 392/500
[INFO] [1754311595.341728929] [solver_node]: 标定数据收集进度: 393/500
[INFO] [1754311595.357622086] [solver_node]: 标定数据收集进度: 394/500
[INFO] [1754311595.362812091] [solver_node]: 标定数据收集进度: 395/500
[INFO] [1754311595.380583338] [solver_node]: 标定数据收集进度: 396/500
[INFO] [1754311595.396066022] [solver_node]: 标定数据收集进度: 397/500
[INFO] [1754311595.400368231] [solver_node]: 标定数据收集进度: 398/500
[INFO] [1754311595.402687451] [solver_node]: 标定数据收集进度: 399/500
[INFO] [1754311595.417499432] [solver_node]: 标定数据收集进度: 400/500
[INFO] [1754311595.427348933] [solver_node]: 标定数据收集进度: 401/500
[INFO] [1754311595.434332162] [solver_node]: 标定数据收集进度: 402/500
[INFO] [1754311595.443328428] [solver_node]: 标定数据收集进度: 403/500
[INFO] [1754311595.463177994] [solver_node]: 标定数据收集进度: 404/500
[INFO] [1754311595.466106924] [solver_node]: 标定数据收集进度: 405/500
[INFO] [1754311595.489345015] [solver_node]: 标定数据收集进度: 406/500
[INFO] [1754311595.499639966] [solver_node]: 标定数据收集进度: 407/500
[INFO] [1754311595.502250393] [solver_node]: 标定数据收集进度: 408/500
[INFO] [1754311595.508135453] [solver_node]: 标定数据收集进度: 409/500
[INFO] [1754311595.513080332] [solver_node]: 标定数据收集进度: 410/500
[INFO] [1754311595.523552951] [solver_node]: 标定数据收集进度: 411/500
[INFO] [1754311595.533549976] [solver_node]: 标定数据收集进度: 412/500
[INFO] [1754311595.542554434] [solver_node]: 标定数据收集进度: 413/500
[INFO] [1754311595.556255158] [solver_node]: 标定数据收集进度: 414/500
[INFO] [1754311595.566115380] [solver_node]: 标定数据收集进度: 415/500
[INFO] [1754311595.575120510] [solver_node]: 标定数据收集进度: 416/500
[INFO] [1754311595.582980719] [solver_node]: 标定数据收集进度: 417/500
[INFO] [1754311595.597569687] [solver_node]: 标定数据收集进度: 418/500
[INFO] [1754311595.602963568] [solver_node]: 标定数据收集进度: 419/500
[INFO] [1754311595.615893619] [solver_node]: 标定数据收集进度: 420/500
[INFO] [1754311595.622943089] [solver_node]: 标定数据收集进度: 421/500
[INFO] [1754311595.632317636] [solver_node]: 标定数据收集进度: 422/500
[INFO] [1754311595.642656492] [solver_node]: 标定数据收集进度: 423/500
[INFO] [1754311595.651428401] [solver_node]: 标定数据收集进度: 424/500
[INFO] [1754311595.662582188] [solver_node]: 标定数据收集进度: 425/500
[INFO] [1754311595.685290570] [solver_node]: 标定数据收集进度: 426/500
[INFO] [1754311595.689915986] [solver_node]: 标定数据收集进度: 427/500
[INFO] [1754311595.694506426] [solver_node]: 标定数据收集进度: 428/500
[INFO] [1754311595.703457411] [solver_node]: 标定数据收集进度: 429/500
[INFO] [1754311595.711755325] [solver_node]: 标定数据收集进度: 430/500
[INFO] [1754311595.721165585] [solver_node]: 标定数据收集进度: 431/500
[INFO] [1754311595.731137041] [solver_node]: 标定数据收集进度: 432/500
[INFO] [1754311595.741526394] [solver_node]: 标定数据收集进度: 433/500
[INFO] [1754311595.752372654] [solver_node]: 标定数据收集进度: 434/500
[INFO] [1754311595.762529138] [solver_node]: 标定数据收集进度: 435/500
[INFO] [1754311595.771354905] [solver_node]: 标定数据收集进度: 436/500
[INFO] [1754311595.782434194] [solver_node]: 标定数据收集进度: 437/500
[INFO] [1754311595.791918087] [solver_node]: 标定数据收集进度: 438/500
[INFO] [1754311595.801114006] [solver_node]: 标定数据收集进度: 439/500
[INFO] [1754311595.811243449] [solver_node]: 标定数据收集进度: 440/500
[INFO] [1754311595.821130455] [solver_node]: 标定数据收集进度: 441/500
[INFO] [1754311595.831714853] [solver_node]: 标定数据收集进度: 442/500
[INFO] [1754311595.841506209] [solver_node]: 标定数据收集进度: 443/500
[INFO] [1754311595.851837674] [solver_node]: 标定数据收集进度: 444/500
[INFO] [1754311595.861062073] [solver_node]: 标定数据收集进度: 445/500
[INFO] [1754311595.870830900] [solver_node]: 标定数据收集进度: 446/500
[INFO] [1754311595.882253045] [solver_node]: 标定数据收集进度: 447/500
[INFO] [1754311595.890728820] [solver_node]: 标定数据收集进度: 448/500
[INFO] [1754311595.900859351] [solver_node]: 标定数据收集进度: 449/500
[INFO] [1754311595.912827012] [solver_node]: 标定数据收集进度: 450/500
[INFO] [1754311595.920799799] [solver_node]: 标定数据收集进度: 451/500
[INFO] [1754311595.931117183] [solver_node]: 标定数据收集进度: 452/500
[INFO] [1754311595.942151159] [solver_node]: 标定数据收集进度: 453/500
[INFO] [1754311595.951736335] [solver_node]: 标定数据收集进度: 454/500
[INFO] [1754311595.961444457] [solver_node]: 标定数据收集进度: 455/500
[INFO] [1754311595.971906548] [solver_node]: 标定数据收集进度: 456/500
[INFO] [1754311595.981177796] [solver_node]: 标定数据收集进度: 457/500
[INFO] [1754311595.991995832] [solver_node]: 标定数据收集进度: 458/500
[INFO] [1754311596.001845141] [solver_node]: 标定数据收集进度: 459/500
[INFO] [1754311596.013839266] [solver_node]: 标定数据收集进度: 460/500
[INFO] [1754311596.021759188] [solver_node]: 标定数据收集进度: 461/500
[INFO] [1754311596.031047301] [solver_node]: 标定数据收集进度: 462/500
[INFO] [1754311596.043410171] [solver_node]: 标定数据收集进度: 463/500
[INFO] [1754311596.051969819] [solver_node]: 标定数据收集进度: 464/500
[INFO] [1754311596.063827238] [solver_node]: 标定数据收集进度: 465/500
[INFO] [1754311596.071357391] [solver_node]: 标定数据收集进度: 466/500
[INFO] [1754311596.082230307] [solver_node]: 标定数据收集进度: 467/500
[INFO] [1754311596.093662532] [solver_node]: 标定数据收集进度: 468/500
[INFO] [1754311596.102133443] [solver_node]: 标定数据收集进度: 469/500
[INFO] [1754311596.114411575] [solver_node]: 标定数据收集进度: 470/500
[INFO] [1754311596.121887391] [solver_node]: 标定数据收集进度: 471/500
[INFO] [1754311596.131978369] [solver_node]: 标定数据收集进度: 472/500
[INFO] [1754311596.142041892] [solver_node]: 标定数据收集进度: 473/500
[INFO] [1754311596.146156192] [solver_node]: 发布重定位TF: x=0.000, y=0.000
[INFO] [1754311596.151394070] [solver_node]: 标定数据收集进度: 474/500
[INFO] [1754311596.161590459] [solver_node]: 标定数据收集进度: 475/500
[INFO] [1754311596.173115422] [solver_node]: 标定数据收集进度: 476/500
[INFO] [1754311596.182433583] [solver_node]: 标定数据收集进度: 477/500
[INFO] [1754311596.191704608] [solver_node]: 标定数据收集进度: 478/500
[INFO] [1754311596.201011089] [solver_node]: 标定数据收集进度: 479/500
[INFO] [1754311596.211984391] [solver_node]: 标定数据收集进度: 480/500
[INFO] [1754311596.225607802] [solver_node]: 标定数据收集进度: 481/500
[INFO] [1754311596.232079659] [solver_node]: 标定数据收集进度: 482/500
[INFO] [1754311596.241326651] [solver_node]: 标定数据收集进度: 483/500
[INFO] [1754311596.254396801] [solver_node]: 标定数据收集进度: 484/500
[INFO] [1754311596.263236007] [solver_node]: 标定数据收集进度: 485/500
[INFO] [1754311596.274746026] [solver_node]: 标定数据收集进度: 486/500
[INFO] [1754311596.285256054] [solver_node]: 标定数据收集进度: 487/500
[INFO] [1754311596.293923001] [solver_node]: 标定数据收集进度: 488/500
[INFO] [1754311596.303580946] [solver_node]: 标定数据收集进度: 489/500
[INFO] [1754311596.313470416] [solver_node]: 标定数据收集进度: 490/500
[INFO] [1754311596.323442192] [solver_node]: 标定数据收集进度: 491/500
[INFO] [1754311596.331174366] [solver_node]: 标定数据收集进度: 492/500
[INFO] [1754311596.344589451] [solver_node]: 标定数据收集进度: 493/500
[INFO] [1754311596.353112107] [solver_node]: 标定数据收集进度: 494/500
[INFO] [1754311596.364434377] [solver_node]: 标定数据收集进度: 495/500
[INFO] [1754311596.373119021] [solver_node]: 标定数据收集进度: 496/500
[INFO] [1754311596.383953120] [solver_node]: 标定数据收集进度: 497/500
[INFO] [1754311596.392726469] [solver_node]: 标定数据收集进度: 498/500
[INFO] [1754311596.401493738] [solver_node]: 标定数据收集进度: 499/500
[INFO] [1754311596.411176388] [solver_node]: 标定数据收集进度: 500/500
[INFO] [1754311596.412116153] [solver_node]: 标定数据收集完成，开始标定...
[INFO] [1754311596.413868160] [solver_node]: 开始标定，收集到的数据shape: (500, 5)
[INFO] [1754311596.415437380] [solver_node]: [PerpendicularDistanceLocalizer] 开始标定，扫描数据shape: (500, 5)
[INFO] [1754311596.418005053] [solver_node]: [PerpendicularDistanceLocalizer] 平均测距值 详细内容: 形状: (5,), 类型: float64
[INFO] [1754311596.419361052] [solver_node]: [PerpendicularDistanceLocalizer] 平均测距值[0]: 0.6886820145845414
[INFO] [1754311596.420986848] [solver_node]: [PerpendicularDistanceLocalizer] 平均测距值[1]: 5.66065796661377
[INFO] [1754311596.422975341] [solver_node]: [PerpendicularDistanceLocalizer] 平均测距值[2]: 7.746886074066162
[INFO] [1754311596.430215824] [solver_node]: [PerpendicularDistanceLocalizer] 平均测距值[3]: 0.1138459977954626
[INFO] [1754311596.439525025] [solver_node]: [PerpendicularDistanceLocalizer] 平均测距值[4]: 1.7940060291290283
[INFO] [1754311596.448763953] [solver_node]: [PerpendicularDistanceLocalizer] h_values 详细内容: 形状: (5,), 类型: float64
[INFO] [1754311596.454331406] [solver_node]: [PerpendicularDistanceLocalizer] h_values[0]: 0.37684580873135426
[INFO] [1754311596.458326759] [solver_node]: [PerpendicularDistanceLocalizer] h_values[1]: 0.37684580873135426
[INFO] [1754311596.459587012] [solver_node]: [PerpendicularDistanceLocalizer] h_values[2]: 0.33497201345916283
[INFO] [1754311596.460545753] [solver_node]: [PerpendicularDistanceLocalizer] h_values[3]: 0.2847569265233284
[INFO] [1754311596.468156036] [solver_node]: [PerpendicularDistanceLocalizer] h_values[4]: 0.2847569265233284
[INFO] [1754311596.470449432] [solver_node]: [PerpendicularDistanceLocalizer] 标定完成: m=9.321, n=7.103
[INFO] [1754311596.472776652] [solver_node]: [PerpendicularDistanceLocalizer] 前后左右平均距离: 前=8.082, 后=1.239, 左=1.066, 右=6.038
[INFO] [1754311596.473804227] [solver_node]: [PerpendicularDistanceLocalizer] 计算的初始位姿: x=1.239, y=6.038, phi=1.571
[INFO] [1754311596.474603509] [solver_node]: 标定完成: m=9.960, n=7.970
[INFO] [1754311596.475348454] [solver_node]: 标定得到的初始位姿: x=1.239, y=6.038, phi=1.571
[INFO] [1754311596.476638243] [solver_node]: LIO位置: x=-0.033, y=-0.506
[INFO] [1754311596.478800020] [solver_node]: Started偏移: x=1.272, y=6.543
[INFO] [1754311596.480152242] [solver_node]: 初始化阶段完成，进入运行阶段
[INFO] [1754311597.150789809] [solver_node]: 发布重定位TF: x=0.000, y=0.000
[INFO] [1754311598.191042241] [solver_node]: 发布重定位TF: x=0.000, y=0.000
[INFO] [1754311599.182746731] [solver_node]: 发布重定位TF: x=0.000, y=0.000
[INFO] [1754311600.189090941] [solver_node]: 发布重定位TF: x=0.000, y=0.000
[INFO] [1754311601.186797004] [solver_node]: 发布重定位TF: x=0.000, y=0.000
[INFO] [1754311602.220984716] [solver_node]: 发布重定位TF: x=0.000, y=0.000
[INFO] [1754311603.229844401] [solver_node]: 发布重定位TF: x=0.000, y=0.000
[INFO] [1754311604.225479276] [solver_node]: 发布重定位TF: x=0.000, y=0.000
[INFO] [1754311605.228282821] [solver_node]: 发布重定位TF: x=0.000, y=0.000
[INFO] [1754311606.232939495] [solver_node]: 发布重定位TF: x=0.000, y=0.000
[INFO] [1754311607.263894358] [solver_node]: 发布重定位TF: x=0.000, y=0.000
[INFO] [1754311608.250118006] [solver_node]: 发布重定位TF: x=0.000, y=0.000
[INFO] [1754311609.265146939] [solver_node]: 发布重定位TF: x=0.000, y=0.000
[INFO] [1754311610.286436875] [solver_node]: 发布重定位TF: x=0.000, y=0.000
[INFO] [1754311611.295740237] [solver_node]: 发布重定位TF: x=0.000, y=0.000
[INFO] [1754311611.411614550] [solver_node]: 位置更新线程已停止
[INFO] [1754311611.412807889] [solver_node]: Odom TF更新线程已停止
[INFO] [1754311611.414232881] [solver_node]: 求解线程已停止
[INFO] [1754311611.425764115] [solver_node]: TF发布线程已停止
[INFO] [1754311611.465373837] [solver_node]: 重定位计算线程已停止
[INFO] [1754311611.466636393] [solver_node]: SolverNode资源清理完成
