[INFO] [1754192819.205763776] [solver_node]: 收到5个激光点，处理后5个有效点
[INFO] [1754192819.230327048] [solver_node]: 当前位置: x=7.871, y=0.381, angle=-3.133
[INFO] [1754192819.232410351] [solver_node]: 激光距离数据: [6.508 7.502 7.533 0.47  1.91 ]
[WARN] [1754192819.256780819] [solver_node]: [PoseSolver_angle] 前面的计算没有结果
[INFO] [1754192819.258153421] [solver_node]: 求解器返回 0 个解
[WARN] [1754192819.259474501] [solver_node]: 没有合适的解，不发布TF变换
[INFO] [1754192819.261010690] [solver_node]: 收到5个激光点，处理后5个有效点
[INFO] [1754192819.276192443] [solver_node]: 当前位置: x=7.870, y=0.383, angle=-3.133
[INFO] [1754192819.292275302] [solver_node]: 激光距离数据: [6.508 7.502 7.533 0.47  1.91 ]
[WARN] [1754192819.337529134] [solver_node]: [PoseSolver_angle] 前面的计算没有结果
[INFO] [1754192819.349732689] [solver_node]: 求解器返回 0 个解
[WARN] [1754192819.351257197] [solver_node]: 没有合适的解，不发布TF变换
[INFO] [1754192819.359377828] [solver_node]: 收到5个激光点，处理后5个有效点
[INFO] [1754192819.385224260] [solver_node]: 当前位置: x=7.869, y=0.389, angle=-3.132
[INFO] [1754192819.398433785] [solver_node]: 激光距离数据: [6.508 7.502 7.533 0.47  1.91 ]
[WARN] [1754192819.449378635] [solver_node]: [PoseSolver_angle] 前面的计算没有结果
[INFO] [1754192819.450192570] [solver_node]: 求解器返回 0 个解
[WARN] [1754192819.450954920] [solver_node]: 没有合适的解，不发布TF变换
[INFO] [1754192819.453453494] [solver_node]: 收到5个激光点，处理后5个有效点
[INFO] [1754192819.462071638] [solver_node]: 当前位置: x=7.876, y=0.393, angle=-3.133
[INFO] [1754192819.465281970] [solver_node]: 激光距离数据: [6.508 7.502 7.533 0.47  1.91 ]
[WARN] [1754192819.476937130] [solver_node]: [PoseSolver_angle] 前面的计算没有结果
[INFO] [1754192819.479086322] [solver_node]: 求解器返回 0 个解
[WARN] [1754192819.496468437] [solver_node]: 没有合适的解，不发布TF变换
[INFO] [1754192819.562085463] [solver_node]: 收到5个激光点，处理后5个有效点
[INFO] [1754192819.587394285] [solver_node]: 当前位置: x=7.901, y=0.386, angle=-3.132
[INFO] [1754192819.588836200] [solver_node]: 激光距离数据: [6.508 7.502 7.533 0.47  1.91 ]
[WARN] [1754192819.622017072] [solver_node]: [PoseSolver_angle] 前面的计算没有结果
[INFO] [1754192819.624739554] [solver_node]: 求解器返回 0 个解
[WARN] [1754192819.626507139] [solver_node]: 没有合适的解，不发布TF变换
[INFO] [1754192819.646247570] [solver_node]: 收到5个激光点，处理后5个有效点
[INFO] [1754192819.649641393] [solver_node]: 当前位置: x=7.887, y=0.394, angle=-3.133
[INFO] [1754192819.652763339] [solver_node]: 激光距离数据: [6.508 7.502 7.533 0.47  1.91 ]
[WARN] [1754192819.678055008] [solver_node]: [PoseSolver_angle] 前面的计算没有结果
[INFO] [1754192819.699947223] [solver_node]: 求解器返回 0 个解
[WARN] [1754192819.701405138] [solver_node]: 没有合适的解，不发布TF变换
[INFO] [1754192819.747922641] [solver_node]: 收到5个激光点，处理后5个有效点
[INFO] [1754192819.753242804] [solver_node]: 当前位置: x=7.872, y=0.390, angle=-3.133
[INFO] [1754192819.756207339] [solver_node]: 激光距离数据: [6.508 7.502 7.533 0.47  1.91 ]
[WARN] [1754192819.796142993] [solver_node]: [PoseSolver_angle] 前面的计算没有结果
[INFO] [1754192819.801174030] [solver_node]: 求解器返回 0 个解
[WARN] [1754192819.829327641] [solver_node]: 没有合适的解，不发布TF变换
[INFO] [1754192819.878741198] [solver_node]: 收到5个激光点，处理后5个有效点
[INFO] [1754192819.888430818] [solver_node]: 当前位置: x=7.869, y=0.388, angle=-3.134
[INFO] [1754192819.889830812] [solver_node]: 激光距离数据: [6.508 7.502 7.533 0.47  1.91 ]
[WARN] [1754192819.930022054] [solver_node]: [PoseSolver_angle] 前面的计算没有结果
[INFO] [1754192819.931286078] [solver_node]: 求解器返回 0 个解
[WARN] [1754192819.932454259] [solver_node]: 没有合适的解，不发布TF变换
[INFO] [1754192819.956892217] [solver_node]: 收到5个激光点，处理后5个有效点
[INFO] [1754192819.967265178] [solver_node]: 当前位置: x=7.880, y=0.377, angle=-3.133
[INFO] [1754192819.968526129] [solver_node]: 激光距离数据: [6.508 7.502 7.533 0.47  1.91 ]
[WARN] [1754192819.973809171] [solver_node]: [PoseSolver_angle] 前面的计算没有结果
[INFO] [1754192819.974547169] [solver_node]: 求解器返回 0 个解
[WARN] [1754192819.975296175] [solver_node]: 没有合适的解，不发布TF变换
[INFO] [1754192820.057687816] [solver_node]: 收到5个激光点，处理后5个有效点
[INFO] [1754192820.064048350] [solver_node]: 当前位置: x=7.878, y=0.376, angle=-3.133
[INFO] [1754192820.066088068] [solver_node]: 激光距离数据: [6.508 7.502 7.533 0.47  1.91 ]
[WARN] [1754192820.100457826] [solver_node]: [PoseSolver_angle] 前面的计算没有结果
[INFO] [1754192820.108371093] [solver_node]: 求解器返回 0 个解
[WARN] [1754192820.109942962] [solver_node]: 没有合适的解，不发布TF变换
[INFO] [1754192820.163268143] [solver_node]: 收到5个激光点，处理后5个有效点
[INFO] [1754192820.204383050] [solver_node]: 当前位置: x=7.889, y=0.387, angle=-3.133
[INFO] [1754192820.205760324] [solver_node]: 激光距离数据: [6.508 7.502 7.533 0.47  1.91 ]
[WARN] [1754192820.212264188] [solver_node]: [PoseSolver_angle] 前面的计算没有结果
[INFO] [1754192820.213043403] [solver_node]: 求解器返回 0 个解
[WARN] [1754192820.213805881] [solver_node]: 没有合适的解，不发布TF变换
[INFO] [1754192820.251208911] [solver_node]: 收到5个激光点，处理后5个有效点
[INFO] [1754192820.259442216] [solver_node]: 当前位置: x=7.875, y=0.392, angle=-3.133
[INFO] [1754192820.261398252] [solver_node]: 激光距离数据: [6.508 7.502 7.533 0.47  1.91 ]
[WARN] [1754192820.275544307] [solver_node]: [PoseSolver_angle] 前面的计算没有结果
[INFO] [1754192820.276334497] [solver_node]: 求解器返回 0 个解
[WARN] [1754192820.277268755] [solver_node]: 没有合适的解，不发布TF变换
[INFO] [1754192820.371253891] [solver_node]: 收到5个激光点，处理后5个有效点
[INFO] [1754192820.382287312] [solver_node]: 当前位置: x=7.884, y=0.389, angle=-3.133
[INFO] [1754192820.383577544] [solver_node]: 激光距离数据: [6.508 7.502 7.533 0.47  1.91 ]
[WARN] [1754192820.416397417] [solver_node]: [PoseSolver_angle] 前面的计算没有结果
[INFO] [1754192820.420466068] [solver_node]: 求解器返回 0 个解
[WARN] [1754192820.435178373] [solver_node]: 没有合适的解，不发布TF变换
[INFO] [1754192820.465057584] [solver_node]: 收到5个激光点，处理后5个有效点
[INFO] [1754192820.480254986] [solver_node]: 当前位置: x=7.867, y=0.384, angle=-3.133
[INFO] [1754192820.493102776] [solver_node]: 激光距离数据: [6.508 7.502 7.533 0.47  1.91 ]
[WARN] [1754192820.518216330] [solver_node]: [PoseSolver_angle] 前面的计算没有结果
[INFO] [1754192820.519039289] [solver_node]: 求解器返回 0 个解
[WARN] [1754192820.519809992] [solver_node]: 没有合适的解，不发布TF变换
[INFO] [1754192820.557583909] [solver_node]: 收到5个激光点，处理后5个有效点
[INFO] [1754192820.564380547] [solver_node]: 当前位置: x=7.875, y=0.383, angle=-3.133
[INFO] [1754192820.565863550] [solver_node]: 激光距离数据: [6.508 7.502 7.533 0.47  1.91 ]
[WARN] [1754192820.585525419] [solver_node]: [PoseSolver_angle] 前面的计算没有结果
[INFO] [1754192820.586421244] [solver_node]: 求解器返回 0 个解
[WARN] [1754192820.587348301] [solver_node]: 没有合适的解，不发布TF变换
[INFO] [1754192820.647677901] [solver_node]: 收到5个激光点，处理后5个有效点
[INFO] [1754192820.650602019] [solver_node]: 当前位置: x=7.882, y=0.392, angle=-3.133
[INFO] [1754192820.651985117] [solver_node]: 激光距离数据: [6.508 7.502 7.533 0.47  1.91 ]
[WARN] [1754192820.670178862] [solver_node]: [PoseSolver_angle] 前面的计算没有结果
[INFO] [1754192820.671086015] [solver_node]: 求解器返回 0 个解
[WARN] [1754192820.671895406] [solver_node]: 没有合适的解，不发布TF变换
[INFO] [1754192820.751559348] [solver_node]: 收到5个激光点，处理后5个有效点
[INFO] [1754192820.755308826] [solver_node]: 当前位置: x=7.875, y=0.383, angle=-3.133
[INFO] [1754192820.760167092] [solver_node]: 激光距离数据: [6.508 7.502 7.533 0.47  1.91 ]
[WARN] [1754192820.782592916] [solver_node]: [PoseSolver_angle] 前面的计算没有结果
[INFO] [1754192820.783756298] [solver_node]: 求解器返回 0 个解
[WARN] [1754192820.784640570] [solver_node]: 没有合适的解，不发布TF变换
[INFO] [1754192820.860734559] [solver_node]: 收到5个激光点，处理后5个有效点
[INFO] [1754192820.879160340] [solver_node]: 当前位置: x=7.876, y=0.388, angle=-3.135
[INFO] [1754192820.890255586] [solver_node]: 激光距离数据: [6.508 7.502 7.533 0.47  1.91 ]
[WARN] [1754192820.895926828] [solver_node]: [PoseSolver_angle] 前面的计算没有结果
[INFO] [1754192820.896870653] [solver_node]: 求解器返回 0 个解
[WARN] [1754192820.897606731] [solver_node]: 没有合适的解，不发布TF变换
[INFO] [1754192820.946367604] [solver_node]: 收到5个激光点，处理后5个有效点
[INFO] [1754192820.949184744] [solver_node]: 当前位置: x=7.874, y=0.387, angle=-3.133
[INFO] [1754192820.950397214] [solver_node]: 激光距离数据: [6.508 7.502 7.533 0.47  1.91 ]
[WARN] [1754192820.964769353] [solver_node]: [PoseSolver_angle] 前面的计算没有结果
[INFO] [1754192820.965633401] [solver_node]: 求解器返回 0 个解
[WARN] [1754192820.966422888] [solver_node]: 没有合适的解，不发布TF变换
[INFO] [1754192821.063754806] [solver_node]: 收到5个激光点，处理后5个有效点
[INFO] [1754192821.070755255] [solver_node]: 当前位置: x=7.879, y=0.389, angle=-3.133
[INFO] [1754192821.073116739] [solver_node]: 激光距离数据: [6.508 7.502 7.533 0.47  1.91 ]
[WARN] [1754192821.097247203] [solver_node]: [PoseSolver_angle] 前面的计算没有结果
[INFO] [1754192821.099265192] [solver_node]: 求解器返回 0 个解
[WARN] [1754192821.100640162] [solver_node]: 没有合适的解，不发布TF变换
[INFO] [1754192821.160539417] [solver_node]: 收到5个激光点，处理后5个有效点
[INFO] [1754192821.167316759] [solver_node]: 当前位置: x=7.875, y=0.388, angle=-3.134
[INFO] [1754192821.170263085] [solver_node]: 激光距离数据: [6.508 7.502 7.533 0.47  1.91 ]
[WARN] [1754192821.188323292] [solver_node]: [PoseSolver_angle] 前面的计算没有结果
[INFO] [1754192821.194730419] [solver_node]: 求解器返回 0 个解
[WARN] [1754192821.197550023] [solver_node]: 没有合适的解，不发布TF变换
[INFO] [1754192821.247510406] [solver_node]: 收到5个激光点，处理后5个有效点
[INFO] [1754192821.250406268] [solver_node]: 当前位置: x=7.865, y=0.394, angle=-3.133
[INFO] [1754192821.251616914] [solver_node]: 激光距离数据: [6.508 7.502 7.533 0.47  1.91 ]
[WARN] [1754192821.281242648] [solver_node]: [PoseSolver_angle] 前面的计算没有结果
[INFO] [1754192821.282072583] [solver_node]: 求解器返回 0 个解
[WARN] [1754192821.282834837] [solver_node]: 没有合适的解，不发布TF变换
[INFO] [1754192821.351267435] [solver_node]: 收到5个激光点，处理后5个有效点
[INFO] [1754192821.357674434] [solver_node]: 当前位置: x=7.882, y=0.382, angle=-3.134
[INFO] [1754192821.359033595] [solver_node]: 激光距离数据: [6.508 7.502 7.533 0.47  1.91 ]
[WARN] [1754192821.379963327] [solver_node]: [PoseSolver_angle] 前面的计算没有结果
[INFO] [1754192821.386008335] [solver_node]: 求解器返回 0 个解
[WARN] [1754192821.386967809] [solver_node]: 没有合适的解，不发布TF变换
[INFO] [1754192821.450215606] [solver_node]: 收到5个激光点，处理后5个有效点
[INFO] [1754192821.455543513] [solver_node]: 当前位置: x=7.876, y=0.389, angle=-3.133
[INFO] [1754192821.456926131] [solver_node]: 激光距离数据: [6.508 7.502 7.533 0.47  1.91 ]
[WARN] [1754192821.494823026] [solver_node]: [PoseSolver_angle] 前面的计算没有结果
[INFO] [1754192821.495725250] [solver_node]: 求解器返回 0 个解
[WARN] [1754192821.496495025] [solver_node]: 没有合适的解，不发布TF变换
[INFO] [1754192821.556298182] [solver_node]: 收到5个激光点，处理后5个有效点
[INFO] [1754192821.575106339] [solver_node]: 当前位置: x=7.869, y=0.381, angle=-3.133
[INFO] [1754192821.576442428] [solver_node]: 激光距离数据: [6.508 7.502 7.533 0.47  1.91 ]
[WARN] [1754192821.582431851] [solver_node]: [PoseSolver_angle] 前面的计算没有结果
[INFO] [1754192821.583185881] [solver_node]: 求解器返回 0 个解
[WARN] [1754192821.583916486] [solver_node]: 没有合适的解，不发布TF变换
[INFO] [1754192821.662518680] [solver_node]: 收到5个激光点，处理后5个有效点
[INFO] [1754192821.667123502] [solver_node]: 当前位置: x=7.878, y=0.387, angle=-3.133
[INFO] [1754192821.680321795] [solver_node]: 激光距离数据: [6.508 7.502 7.533 0.47  1.91 ]
[WARN] [1754192821.686997118] [solver_node]: [PoseSolver_angle] 前面的计算没有结果
[INFO] [1754192821.687758893] [solver_node]: 求解器返回 0 个解
[WARN] [1754192821.688485498] [solver_node]: 没有合适的解，不发布TF变换
[INFO] [1754192821.753351693] [solver_node]: 收到5个激光点，处理后5个有效点
[INFO] [1754192821.760398064] [solver_node]: 当前位置: x=7.882, y=0.388, angle=-3.133
[INFO] [1754192821.769302325] [solver_node]: 激光距离数据: [6.508 7.502 7.533 0.47  1.91 ]
[WARN] [1754192821.797543777] [solver_node]: [PoseSolver_angle] 前面的计算没有结果
[INFO] [1754192821.805379122] [solver_node]: 求解器返回 0 个解
[WARN] [1754192821.806373925] [solver_node]: 没有合适的解，不发布TF变换
[INFO] [1754192821.846228392] [solver_node]: 收到5个激光点，处理后5个有效点
[INFO] [1754192821.855356241] [solver_node]: 当前位置: x=7.882, y=0.384, angle=-3.132
[INFO] [1754192821.857264533] [solver_node]: 激光距离数据: [6.508 7.502 7.533 0.47  1.91 ]
[WARN] [1754192821.875204546] [solver_node]: [PoseSolver_angle] 前面的计算没有结果
[INFO] [1754192821.876001648] [solver_node]: 求解器返回 0 个解
[WARN] [1754192821.878626337] [solver_node]: 没有合适的解，不发布TF变换
[INFO] [1754192821.959051925] [solver_node]: 收到5个激光点，处理后5个有效点
[INFO] [1754192821.979746837] [solver_node]: 当前位置: x=7.876, y=0.386, angle=-3.133
[INFO] [1754192821.984403851] [solver_node]: 激光距离数据: [6.508 7.502 7.533 0.47  1.91 ]
[WARN] [1754192822.009145846] [solver_node]: [PoseSolver_angle] 前面的计算没有结果
[INFO] [1754192822.010382157] [solver_node]: 求解器返回 0 个解
[WARN] [1754192822.011452417] [solver_node]: 没有合适的解，不发布TF变换
[INFO] [1754192822.054168985] [solver_node]: 收到5个激光点，处理后5个有效点
[INFO] [1754192822.057551800] [solver_node]: 当前位置: x=7.870, y=0.384, angle=-3.135
[INFO] [1754192822.059001842] [solver_node]: 激光距离数据: [6.508 7.502 7.533 0.47  1.91 ]
[WARN] [1754192822.094882828] [solver_node]: [PoseSolver_angle] 前面的计算没有结果
[INFO] [1754192822.096034497] [solver_node]: 求解器返回 0 个解
[WARN] [1754192822.108650699] [solver_node]: 没有合适的解，不发布TF变换
[INFO] [1754192822.153157860] [solver_node]: 收到5个激光点，处理后5个有效点
[INFO] [1754192822.166967812] [solver_node]: 当前位置: x=7.876, y=0.390, angle=-3.133
[INFO] [1754192822.171591002] [solver_node]: 激光距离数据: [6.508 7.502 7.533 0.47  1.91 ]
[WARN] [1754192822.196527752] [solver_node]: [PoseSolver_angle] 前面的计算没有结果
[INFO] [1754192822.199513696] [solver_node]: 求解器返回 0 个解
[WARN] [1754192822.202406741] [solver_node]: 没有合适的解，不发布TF变换
[INFO] [1754192822.281190282] [solver_node]: 收到5个激光点，处理后5个有效点
[INFO] [1754192822.285605116] [solver_node]: 当前位置: x=7.884, y=0.393, angle=-3.132
[INFO] [1754192822.290364020] [solver_node]: 激光距离数据: [6.508 7.502 7.533 0.47  1.91 ]
[WARN] [1754192822.328156081] [solver_node]: [PoseSolver_angle] 前面的计算没有结果
[INFO] [1754192822.341280068] [solver_node]: 求解器返回 0 个解
[WARN] [1754192822.342637981] [solver_node]: 没有合适的解，不发布TF变换
[INFO] [1754192822.353629353] [solver_node]: 收到5个激光点，处理后5个有效点
[INFO] [1754192822.366088816] [solver_node]: 当前位置: x=7.882, y=0.389, angle=-3.132
[INFO] [1754192822.370762695] [solver_node]: 激光距离数据: [6.508 7.502 7.533 0.47  1.91 ]
[WARN] [1754192822.399385626] [solver_node]: [PoseSolver_angle] 前面的计算没有结果
[INFO] [1754192822.400159624] [solver_node]: 求解器返回 0 个解
[WARN] [1754192822.402021418] [solver_node]: 没有合适的解，不发布TF变换
[INFO] [1754192822.452050538] [solver_node]: 收到5个激光点，处理后5个有效点
[INFO] [1754192822.462654735] [solver_node]: 当前位置: x=7.881, y=0.388, angle=-3.133
[INFO] [1754192822.469404876] [solver_node]: 激光距离数据: [6.508 7.502 7.533 0.47  1.91 ]
[WARN] [1754192822.486798798] [solver_node]: [PoseSolver_angle] 前面的计算没有结果
[INFO] [1754192822.525504348] [solver_node]: 求解器返回 0 个解
[WARN] [1754192822.542362229] [solver_node]: 没有合适的解，不发布TF变换
[INFO] [1754192822.560628775] [solver_node]: 收到5个激光点，处理后5个有效点
[INFO] [1754192822.569655343] [solver_node]: 当前位置: x=7.886, y=0.386, angle=-3.133
[INFO] [1754192822.575197397] [solver_node]: 激光距离数据: [6.508 7.502 7.533 0.47  1.91 ]
[WARN] [1754192822.627213658] [solver_node]: [PoseSolver_angle] 前面的计算没有结果
[INFO] [1754192822.628059658] [solver_node]: 求解器返回 0 个解
[WARN] [1754192822.643290916] [solver_node]: 没有合适的解，不发布TF变换
[INFO] [1754192822.659758709] [solver_node]: 收到5个激光点，处理后5个有效点
[INFO] [1754192822.664514413] [solver_node]: 当前位置: x=7.880, y=0.387, angle=-3.133
[INFO] [1754192822.666174444] [solver_node]: 激光距离数据: [6.508 7.502 7.533 0.47  1.91 ]
[WARN] [1754192822.698799081] [solver_node]: [PoseSolver_angle] 前面的计算没有结果
[INFO] [1754192822.699796444] [solver_node]: 求解器返回 0 个解
[WARN] [1754192822.700625963] [solver_node]: 没有合适的解，不发布TF变换
[INFO] [1754192822.754222893] [solver_node]: 收到5个激光点，处理后5个有效点
[INFO] [1754192822.756674650] [solver_node]: 当前位置: x=7.876, y=0.389, angle=-3.133
[INFO] [1754192822.758358457] [solver_node]: 激光距离数据: [6.508 7.502 7.533 0.47  1.91 ]
[WARN] [1754192822.786772040] [solver_node]: [PoseSolver_angle] 前面的计算没有结果
[INFO] [1754192822.787632152] [solver_node]: 求解器返回 0 个解
[WARN] [1754192822.788384902] [solver_node]: 没有合适的解，不发布TF变换
[INFO] [1754192822.871204038] [solver_node]: 收到5个激光点，处理后5个有效点
[INFO] [1754192822.894526614] [solver_node]: 当前位置: x=7.879, y=0.389, angle=-3.133
[INFO] [1754192822.895997714] [solver_node]: 激光距离数据: [6.508 7.502 7.533 0.47  1.91 ]
[WARN] [1754192822.904057447] [solver_node]: [PoseSolver_angle] 前面的计算没有结果
[INFO] [1754192822.904913495] [solver_node]: 求解器返回 0 个解
[WARN] [1754192822.905694469] [solver_node]: 没有合适的解，不发布TF变换
[INFO] [1754192822.978359625] [solver_node]: 收到5个激光点，处理后5个有效点
[INFO] [1754192823.010350170] [solver_node]: 当前位置: x=7.878, y=0.385, angle=-3.133
[INFO] [1754192823.012155387] [solver_node]: 激光距离数据: [6.508 7.502 7.533 0.47  1.91 ]
[WARN] [1754192823.039568279] [solver_node]: [PoseSolver_angle] 前面的计算没有结果
[INFO] [1754192823.043035735] [solver_node]: 求解器返回 0 个解
[WARN] [1754192823.044440370] [solver_node]: 没有合适的解，不发布TF变换
[INFO] [1754192823.062325885] [solver_node]: 收到5个激光点，处理后5个有效点
[INFO] [1754192823.074338460] [solver_node]: 当前位置: x=7.875, y=0.387, angle=-3.133
[INFO] [1754192823.076101756] [solver_node]: 激光距离数据: [6.508 7.502 7.533 0.47  1.91 ]
[WARN] [1754192823.082851801] [solver_node]: [PoseSolver_angle] 前面的计算没有结果
[INFO] [1754192823.083717481] [solver_node]: 求解器返回 0 个解
[WARN] [1754192823.105588671] [solver_node]: 没有合适的解，不发布TF变换
[INFO] [1754192823.153258418] [solver_node]: 收到5个激光点，处理后5个有效点
[INFO] [1754192823.165904733] [solver_node]: 当前位置: x=7.875, y=0.390, angle=-3.133
[INFO] [1754192823.168722513] [solver_node]: 激光距离数据: [6.508 7.502 7.533 0.47  1.91 ]
[WARN] [1754192823.188743044] [solver_node]: [PoseSolver_angle] 前面的计算没有结果
[INFO] [1754192823.191351860] [solver_node]: 求解器返回 0 个解
[WARN] [1754192823.203288210] [solver_node]: 没有合适的解，不发布TF变换
[INFO] [1754192823.258555314] [solver_node]: 收到5个激光点，处理后5个有效点
[INFO] [1754192823.263815219] [solver_node]: 当前位置: x=7.874, y=0.390, angle=-3.133
[INFO] [1754192823.279339667] [solver_node]: 激光距离数据: [6.508 7.502 7.533 0.47  1.91 ]
[WARN] [1754192823.310089005] [solver_node]: [PoseSolver_angle] 前面的计算没有结果
[INFO] [1754192823.317585848] [solver_node]: 求解器返回 0 个解
[WARN] [1754192823.320125351] [solver_node]: 没有合适的解，不发布TF变换
[INFO] [1754192823.358960887] [solver_node]: 收到5个激光点，处理后5个有效点
[INFO] [1754192823.375843184] [solver_node]: 当前位置: x=7.870, y=0.386, angle=-3.133
[INFO] [1754192823.381547289] [solver_node]: 激光距离数据: [6.508 7.502 7.533 0.47  1.91 ]
[WARN] [1754192823.415139496] [solver_node]: [PoseSolver_angle] 前面的计算没有结果
[INFO] [1754192823.416199899] [solver_node]: 求解器返回 0 个解
[WARN] [1754192823.417201870] [solver_node]: 没有合适的解，不发布TF变换
[INFO] [1754192823.457382583] [solver_node]: 收到5个激光点，处理后5个有效点
[INFO] [1754192823.461969676] [solver_node]: 当前位置: x=7.870, y=0.381, angle=-3.133
[INFO] [1754192823.463779661] [solver_node]: 激光距离数据: [6.508 7.502 7.533 0.47  1.91 ]
[WARN] [1754192823.479093097] [solver_node]: [PoseSolver_angle] 前面的计算没有结果
[INFO] [1754192823.488033487] [solver_node]: 求解器返回 0 个解
[WARN] [1754192823.495107474] [solver_node]: 没有合适的解，不发布TF变换
[INFO] [1754192823.575593190] [solver_node]: 收到5个激光点，处理后5个有效点
[INFO] [1754192823.585038645] [solver_node]: 当前位置: x=7.866, y=0.385, angle=-3.133
[INFO] [1754192823.588451316] [solver_node]: 激光距离数据: [6.508 7.502 7.533 0.47  1.91 ]
[WARN] [1754192823.633842557] [solver_node]: [PoseSolver_angle] 前面的计算没有结果
[INFO] [1754192823.635159350] [solver_node]: 求解器返回 0 个解
[WARN] [1754192823.636062182] [solver_node]: 没有合适的解，不发布TF变换
[INFO] [1754192823.667877684] [solver_node]: 收到5个激光点，处理后5个有效点
[INFO] [1754192823.675060633] [solver_node]: 当前位置: x=7.872, y=0.389, angle=-3.133
[INFO] [1754192823.683815771] [solver_node]: 激光距离数据: [6.508 7.502 7.533 0.47  1.91 ]
[WARN] [1754192823.701168797] [solver_node]: [PoseSolver_angle] 前面的计算没有结果
[INFO] [1754192823.702050861] [solver_node]: 求解器返回 0 个解
[WARN] [1754192823.702825276] [solver_node]: 没有合适的解，不发布TF变换
[INFO] [1754192823.760713388] [solver_node]: 收到5个激光点，处理后5个有效点
[INFO] [1754192823.786038594] [solver_node]: 当前位置: x=7.869, y=0.391, angle=-3.134
[INFO] [1754192823.788094216] [solver_node]: 激光距离数据: [6.508 7.502 7.533 0.47  1.91 ]
[WARN] [1754192823.828178351] [solver_node]: [PoseSolver_angle] 前面的计算没有结果
[INFO] [1754192823.845077096] [solver_node]: 求解器返回 0 个解
[WARN] [1754192823.851835845] [solver_node]: 没有合适的解，不发布TF变换
[INFO] [1754192823.854655482] [solver_node]: 收到5个激光点，处理后5个有效点
[INFO] [1754192823.893185220] [solver_node]: 当前位置: x=7.861, y=0.387, angle=-3.132
[INFO] [1754192823.894892227] [solver_node]: 激光距离数据: [6.508 7.502 7.533 0.47  1.91 ]
[WARN] [1754192823.904626904] [solver_node]: [PoseSolver_angle] 前面的计算没有结果
[INFO] [1754192823.905530440] [solver_node]: 求解器返回 0 个解
[WARN] [1754192823.909448497] [solver_node]: 没有合适的解，不发布TF变换
[INFO] [1754192823.967021692] [solver_node]: 收到5个激光点，处理后5个有效点
[INFO] [1754192823.975567354] [solver_node]: 当前位置: x=7.871, y=0.385, angle=-3.134
[INFO] [1754192823.989848675] [solver_node]: 激光距离数据: [6.508 7.502 7.533 0.47  1.91 ]
[WARN] [1754192824.000631147] [solver_node]: [PoseSolver_angle] 前面的计算没有结果
[INFO] [1754192824.013220084] [solver_node]: 求解器返回 0 个解
[WARN] [1754192824.014080740] [solver_node]: 没有合适的解，不发布TF变换
[INFO] [1754192824.058722399] [solver_node]: 收到5个激光点，处理后5个有效点
[INFO] [1754192824.063827518] [solver_node]: 当前位置: x=7.869, y=0.386, angle=-3.133
[INFO] [1754192824.065252632] [solver_node]: 激光距离数据: [6.508 7.502 7.533 0.47  1.91 ]
[WARN] [1754192824.071003875] [solver_node]: [PoseSolver_angle] 前面的计算没有结果
[INFO] [1754192824.082583353] [solver_node]: 求解器返回 0 个解
[WARN] [1754192824.108677565] [solver_node]: 没有合适的解，不发布TF变换
[INFO] [1754192824.179990118] [solver_node]: 收到5个激光点，处理后5个有效点
[INFO] [1754192824.202214721] [solver_node]: 当前位置: x=7.871, y=0.386, angle=-3.133
[INFO] [1754192824.203547322] [solver_node]: 激光距离数据: [6.508 7.502 7.533 0.47  1.91 ]
[WARN] [1754192824.212243003] [solver_node]: [PoseSolver_angle] 前面的计算没有结果
[INFO] [1754192824.218785524] [solver_node]: 求解器返回 0 个解
[WARN] [1754192824.220350737] [solver_node]: 没有合适的解，不发布TF变换
[INFO] [1754192824.264091100] [solver_node]: 收到5个激光点，处理后5个有效点
[INFO] [1754192824.283451362] [solver_node]: 当前位置: x=7.879, y=0.392, angle=-3.132
[INFO] [1754192824.285191619] [solver_node]: 激光距离数据: [6.508 7.502 7.533 0.47  1.91 ]
[WARN] [1754192824.311987443] [solver_node]: [PoseSolver_angle] 前面的计算没有结果
[INFO] [1754192824.314446721] [solver_node]: 求解器返回 0 个解
[WARN] [1754192824.315380082] [solver_node]: 没有合适的解，不发布TF变换
[INFO] [1754192824.351386253] [solver_node]: 收到5个激光点，处理后5个有效点
[INFO] [1754192824.357031925] [solver_node]: 当前位置: x=7.883, y=0.395, angle=-3.134
[INFO] [1754192824.368911089] [solver_node]: 激光距离数据: [6.508 7.502 7.533 0.47  1.91 ]
[WARN] [1754192824.394526284] [solver_node]: [PoseSolver_angle] 前面的计算没有结果
[INFO] [1754192824.395381244] [solver_node]: 求解器返回 0 个解
[WARN] [1754192824.413782705] [solver_node]: 没有合适的解，不发布TF变换
[INFO] [1754192824.455005292] [solver_node]: 收到5个激光点，处理后5个有效点
[INFO] [1754192824.468840717] [solver_node]: 当前位置: x=7.876, y=0.399, angle=-3.132
[INFO] [1754192824.471932998] [solver_node]: 激光距离数据: [6.508 7.502 7.533 0.47  1.91 ]
[WARN] [1754192824.500426582] [solver_node]: [PoseSolver_angle] 前面的计算没有结果
[INFO] [1754192824.501253061] [solver_node]: 求解器返回 0 个解
[WARN] [1754192824.502006707] [solver_node]: 没有合适的解，不发布TF变换
[INFO] [1754192824.547049782] [solver_node]: 收到5个激光点，处理后5个有效点
[INFO] [1754192824.559067892] [solver_node]: 当前位置: x=7.877, y=0.398, angle=-3.134
[INFO] [1754192824.560416941] [solver_node]: 激光距离数据: [6.508 7.502 7.533 0.47  1.91 ]
[WARN] [1754192824.571808736] [solver_node]: [PoseSolver_angle] 前面的计算没有结果
[INFO] [1754192824.572548654] [solver_node]: 求解器返回 0 个解
[WARN] [1754192824.583193459] [solver_node]: 没有合适的解，不发布TF变换
[INFO] [1754192824.658542183] [solver_node]: 收到5个激光点，处理后5个有效点
[INFO] [1754192824.667186055] [solver_node]: 当前位置: x=7.873, y=0.394, angle=-3.133
[INFO] [1754192824.682450274] [solver_node]: 激光距离数据: [6.508 7.502 7.533 0.47  1.91 ]
[WARN] [1754192824.720247518] [solver_node]: [PoseSolver_angle] 前面的计算没有结果
[INFO] [1754192824.744791045] [solver_node]: 求解器返回 0 个解
[WARN] [1754192824.746312897] [solver_node]: 没有合适的解，不发布TF变换
[INFO] [1754192824.757584658] [solver_node]: 收到5个激光点，处理后5个有效点
[INFO] [1754192824.766505111] [solver_node]: 当前位置: x=7.878, y=0.387, angle=-3.133
[INFO] [1754192824.768255031] [solver_node]: 激光距离数据: [6.508 7.502 7.533 0.47  1.91 ]
[WARN] [1754192824.815385825] [solver_node]: [PoseSolver_angle] 前面的计算没有结果
[INFO] [1754192824.845676114] [solver_node]: 求解器返回 0 个解
[WARN] [1754192824.846679428] [solver_node]: 没有合适的解，不发布TF变换
[INFO] [1754192824.849765437] [solver_node]: 收到5个激光点，处理后5个有效点
[INFO] [1754192824.855708684] [solver_node]: 当前位置: x=7.871, y=0.387, angle=-3.132
[INFO] [1754192824.861894302] [solver_node]: 激光距离数据: [6.508 7.502 7.533 0.47  1.91 ]
[WARN] [1754192824.871262252] [solver_node]: [PoseSolver_angle] 前面的计算没有结果
[INFO] [1754192824.888919891] [solver_node]: 求解器返回 0 个解
[WARN] [1754192824.889999303] [solver_node]: 没有合适的解，不发布TF变换
[INFO] [1754192824.968600119] [solver_node]: 收到5个激光点，处理后5个有效点
[INFO] [1754192824.971014916] [solver_node]: 当前位置: x=7.877, y=0.390, angle=-3.132
[INFO] [1754192824.972878918] [solver_node]: 激光距离数据: [6.508 7.502 7.533 0.47  1.91 ]
[WARN] [1754192824.996978437] [solver_node]: [PoseSolver_angle] 前面的计算没有结果
[INFO] [1754192824.998072217] [solver_node]: 求解器返回 0 个解
[WARN] [1754192824.999046027] [solver_node]: 没有合适的解，不发布TF变换
[INFO] [1754192825.063643095] [solver_node]: 收到5个激光点，处理后5个有效点
[INFO] [1754192825.066330377] [solver_node]: 当前位置: x=7.883, y=0.380, angle=-3.133
[INFO] [1754192825.067584416] [solver_node]: 激光距离数据: [6.508 7.502 7.533 0.47  1.91 ]
[WARN] [1754192825.074567233] [solver_node]: [PoseSolver_angle] 前面的计算没有结果
[INFO] [1754192825.079133046] [solver_node]: 求解器返回 0 个解
[WARN] [1754192825.094202221] [solver_node]: 没有合适的解，不发布TF变换
[INFO] [1754192825.164266430] [solver_node]: 收到5个激光点，处理后5个有效点
[INFO] [1754192825.166448487] [solver_node]: 当前位置: x=7.871, y=0.385, angle=-3.133
[INFO] [1754192825.167638685] [solver_node]: 激光距离数据: [6.508 7.502 7.533 0.47  1.91 ]
[WARN] [1754192825.232079238] [solver_node]: [PoseSolver_angle] 前面的计算没有结果
[INFO] [1754192825.234028170] [solver_node]: 求解器返回 0 个解
[WARN] [1754192825.234942011] [solver_node]: 没有合适的解，不发布TF变换
[INFO] [1754192825.249821775] [solver_node]: 收到5个激光点，处理后5个有效点
[INFO] [1754192825.264802532] [solver_node]: 当前位置: x=7.869, y=0.384, angle=-3.134
[INFO] [1754192825.266202398] [solver_node]: 激光距离数据: [6.508 7.502 7.533 0.47  1.91 ]
[WARN] [1754192825.272484690] [solver_node]: [PoseSolver_angle] 前面的计算没有结果
[INFO] [1754192825.310784088] [solver_node]: 求解器返回 0 个解
[WARN] [1754192825.312310388] [solver_node]: 没有合适的解，不发布TF变换
[INFO] [1754192825.346910837] [solver_node]: 收到5个激光点，处理后5个有效点
[INFO] [1754192825.370548106] [solver_node]: 当前位置: x=7.869, y=0.383, angle=-3.135
[INFO] [1754192825.376835615] [solver_node]: 激光距离数据: [6.508 7.502 7.533 0.47  1.91 ]
[WARN] [1754192825.415455786] [solver_node]: [PoseSolver_angle] 前面的计算没有结果
[INFO] [1754192825.416788354] [solver_node]: 求解器返回 0 个解
[WARN] [1754192825.424492817] [solver_node]: 没有合适的解，不发布TF变换
[INFO] [1754192825.456379680] [solver_node]: 收到5个激光点，处理后5个有效点
[INFO] [1754192825.468463743] [solver_node]: 当前位置: x=7.867, y=0.383, angle=-3.134
[INFO] [1754192825.471938912] [solver_node]: 激光距离数据: [6.508 7.502 7.533 0.47  1.91 ]
[WARN] [1754192825.487977737] [solver_node]: [PoseSolver_angle] 前面的计算没有结果
[INFO] [1754192825.488856345] [solver_node]: 求解器返回 0 个解
[WARN] [1754192825.489607943] [solver_node]: 没有合适的解，不发布TF变换
[INFO] [1754192825.553893837] [solver_node]: 收到5个激光点，处理后5个有效点
[INFO] [1754192825.571206990] [solver_node]: 当前位置: x=7.879, y=0.393, angle=-3.133
[INFO] [1754192825.572576519] [solver_node]: 激光距离数据: [6.508 7.502 7.533 0.47  1.91 ]
[WARN] [1754192825.594956102] [solver_node]: [PoseSolver_angle] 前面的计算没有结果
[INFO] [1754192825.595805365] [solver_node]: 求解器返回 0 个解
[WARN] [1754192825.597168047] [solver_node]: 没有合适的解，不发布TF变换
[INFO] [1754192825.656993378] [solver_node]: 收到5个激光点，处理后5个有效点
[INFO] [1754192825.668814589] [solver_node]: 当前位置: x=7.872, y=0.390, angle=-3.133
[INFO] [1754192825.681909296] [solver_node]: 激光距离数据: [6.508 7.502 7.533 0.47  1.91 ]
[WARN] [1754192825.710776070] [solver_node]: [PoseSolver_angle] 前面的计算没有结果
[INFO] [1754192825.711593269] [solver_node]: 求解器返回 0 个解
[WARN] [1754192825.712471814] [solver_node]: 没有合适的解，不发布TF变换
[INFO] [1754192825.761312462] [solver_node]: 收到5个激光点，处理后5个有效点
[INFO] [1754192825.777067570] [solver_node]: 当前位置: x=7.868, y=0.389, angle=-3.134
[INFO] [1754192825.778526797] [solver_node]: 激光距离数据: [6.508 7.502 7.533 0.47  1.91 ]
[WARN] [1754192825.786450720] [solver_node]: [PoseSolver_angle] 前面的计算没有结果
[INFO] [1754192825.802003488] [solver_node]: 求解器返回 0 个解
[WARN] [1754192825.827201138] [solver_node]: 没有合适的解，不发布TF变换
[INFO] [1754192825.853389815] [solver_node]: 收到5个激光点，处理后5个有效点
[INFO] [1754192825.858946462] [solver_node]: 当前位置: x=7.872, y=0.391, angle=-3.134
[INFO] [1754192825.860293207] [solver_node]: 激光距离数据: [6.508 7.502 7.533 0.47  1.91 ]
[WARN] [1754192825.865879550] [solver_node]: [PoseSolver_angle] 前面的计算没有结果
[INFO] [1754192825.866608780] [solver_node]: 求解器返回 0 个解
[WARN] [1754192825.867361434] [solver_node]: 没有合适的解，不发布TF变换
[INFO] [1754192825.964759813] [solver_node]: 收到5个激光点，处理后5个有效点
[INFO] [1754192825.973102144] [solver_node]: 当前位置: x=7.884, y=0.391, angle=-3.134
[INFO] [1754192825.974492474] [solver_node]: 激光距离数据: [6.508 7.502 7.533 0.47  1.91 ]
[WARN] [1754192825.994066052] [solver_node]: [PoseSolver_angle] 前面的计算没有结果
[INFO] [1754192825.994910420] [solver_node]: 求解器返回 0 个解
[WARN] [1754192825.995637345] [solver_node]: 没有合适的解，不发布TF变换
[INFO] [1754192826.051849266] [solver_node]: 收到5个激光点，处理后5个有效点
[INFO] [1754192826.064535005] [solver_node]: 当前位置: x=7.885, y=0.387, angle=-3.133
[INFO] [1754192826.065862645] [solver_node]: 激光距离数据: [6.508 7.502 7.533 0.47  1.91 ]
[WARN] [1754192826.073053850] [solver_node]: [PoseSolver_angle] 前面的计算没有结果
[INFO] [1754192826.073832713] [solver_node]: 求解器返回 0 个解
[WARN] [1754192826.074567414] [solver_node]: 没有合适的解，不发布TF变换
[INFO] [1754192826.165108674] [solver_node]: 收到5个激光点，处理后5个有效点
[INFO] [1754192826.192920997] [solver_node]: 当前位置: x=7.881, y=0.390, angle=-3.133
[INFO] [1754192826.194793704] [solver_node]: 激光距离数据: [6.508 7.502 7.533 0.47  1.91 ]
[WARN] [1754192826.207832601] [solver_node]: [PoseSolver_angle] 前面的计算没有结果
[INFO] [1754192826.209236147] [solver_node]: 求解器返回 0 个解
[WARN] [1754192826.211660576] [solver_node]: 没有合适的解，不发布TF变换
[INFO] [1754192826.250502863] [solver_node]: 收到5个激光点，处理后5个有效点
[INFO] [1754192826.281660559] [solver_node]: 当前位置: x=7.876, y=0.393, angle=-3.134
[INFO] [1754192826.296182844] [solver_node]: 激光距离数据: [6.508 7.502 7.533 0.47  1.91 ]
[WARN] [1754192826.333432302] [solver_node]: [PoseSolver_angle] 前面的计算没有结果
[INFO] [1754192826.337779550] [solver_node]: 求解器返回 0 个解
[WARN] [1754192826.354932988] [solver_node]: 没有合适的解，不发布TF变换
[INFO] [1754192826.377736098] [solver_node]: 收到3个激光点，处理后3个有效点
[INFO] [1754192826.391915016] [solver_node]: 当前位置: x=7.871, y=0.387, angle=-3.134
[INFO] [1754192826.394143537] [solver_node]: 激光距离数据: [7.533 0.47  1.91 ]
[ERROR] [1754192826.396580959] [solver_node]: 求解器调用失败: 距离数组长度(3)与激光配置数量(5)不匹配
[ERROR] [1754192826.417646948] [solver_node]: 详细错误信息: Traceback (most recent call last):
  File "/home/orin/rc2025_ros2_ws/install/laser_solver/lib/python3.10/site-packages/laser_solver/solver_node.py", line 298, in solve_loop
    solutions = self.solver.solve(self.distances, angle)
  File "/home/orin/rc2025_ros2_ws/install/laser_solver/lib/python3.10/site-packages/laser_solver/positioning_algorithm/angle_pose_calculator.py", line 63, in solve
    raise ValueError(f"距离数组长度({len(distances)})与激光配置数量({len(self.laser_configs)})不匹配")
ValueError: 距离数组长度(3)与激光配置数量(5)不匹配

[INFO] [1754192826.449720662] [solver_node]: 收到7个激光点，处理后7个有效点
[INFO] [1754192826.454666610] [solver_node]: 当前位置: x=7.869, y=0.394, angle=-3.133
[INFO] [1754192826.467597057] [solver_node]: 激光距离数据: [3.300000e-02 4.700000e-01 1.916508e+03 7.502000e+00 7.533000e+00
 4.700000e-01 1.910000e+00]
[ERROR] [1754192826.482482452] [solver_node]: 求解器调用失败: 距离数组长度(7)与激光配置数量(5)不匹配
[ERROR] [1754192826.483515144] [solver_node]: 详细错误信息: Traceback (most recent call last):
  File "/home/orin/rc2025_ros2_ws/install/laser_solver/lib/python3.10/site-packages/laser_solver/solver_node.py", line 298, in solve_loop
    solutions = self.solver.solve(self.distances, angle)
  File "/home/orin/rc2025_ros2_ws/install/laser_solver/lib/python3.10/site-packages/laser_solver/positioning_algorithm/angle_pose_calculator.py", line 63, in solve
    raise ValueError(f"距离数组长度({len(distances)})与激光配置数量({len(self.laser_configs)})不匹配")
ValueError: 距离数组长度(7)与激光配置数量(5)不匹配

[INFO] [1754192826.548148916] [solver_node]: 收到5个激光点，处理后5个有效点
[INFO] [1754192826.553594265] [solver_node]: 当前位置: x=7.873, y=0.390, angle=-3.134
[INFO] [1754192826.556351980] [solver_node]: 激光距离数据: [6.508 7.502 7.533 0.47  1.91 ]
[WARN] [1754192826.577941947] [solver_node]: [PoseSolver_angle] 前面的计算没有结果
[INFO] [1754192826.578920269] [solver_node]: 求解器返回 0 个解
[WARN] [1754192826.584742233] [solver_node]: 没有合适的解，不发布TF变换
[INFO] [1754192826.650076819] [solver_node]: 收到5个激光点，处理后5个有效点
[INFO] [1754192826.658015398] [solver_node]: 当前位置: x=7.878, y=0.388, angle=-3.134
[INFO] [1754192826.659695973] [solver_node]: 激光距离数据: [6.508 7.502 7.533 0.47  1.91 ]
[WARN] [1754192826.676668639] [solver_node]: [PoseSolver_angle] 前面的计算没有结果
[INFO] [1754192826.681238227] [solver_node]: 求解器返回 0 个解
[WARN] [1754192826.690090455] [solver_node]: 没有合适的解，不发布TF变换
[INFO] [1754192826.746707503] [solver_node]: 收到5个激光点，处理后5个有效点
[INFO] [1754192826.755100490] [solver_node]: 当前位置: x=7.877, y=0.393, angle=-3.134
[INFO] [1754192826.769657848] [solver_node]: 激光距离数据: [6.508 7.502 7.533 0.47  1.91 ]
[WARN] [1754192826.787301823] [solver_node]: [PoseSolver_angle] 前面的计算没有结果
[INFO] [1754192826.788335474] [solver_node]: 求解器返回 0 个解
[WARN] [1754192826.789422470] [solver_node]: 没有合适的解，不发布TF变换
[INFO] [1754192826.861680351] [solver_node]: 收到5个激光点，处理后5个有效点
[INFO] [1754192826.866126225] [solver_node]: 当前位置: x=7.886, y=0.384, angle=-3.133
[INFO] [1754192826.868125655] [solver_node]: 激光距离数据: [6.508 7.502 7.533 0.47  1.91 ]
[WARN] [1754192826.886810352] [solver_node]: [PoseSolver_angle] 前面的计算没有结果
[INFO] [1754192826.888193322] [solver_node]: 求解器返回 0 个解
[WARN] [1754192826.889180732] [solver_node]: 没有合适的解，不发布TF变换
[INFO] [1754192826.957434156] [solver_node]: 收到5个激光点，处理后5个有效点
[INFO] [1754192826.975405912] [solver_node]: 当前位置: x=7.873, y=0.385, angle=-3.134
[INFO] [1754192826.976736849] [solver_node]: 激光距离数据: [6.508 7.502 7.533 0.47  1.91 ]
[WARN] [1754192826.982012882] [solver_node]: [PoseSolver_angle] 前面的计算没有结果
[INFO] [1754192826.982743552] [solver_node]: 求解器返回 0 个解
[WARN] [1754192826.983480846] [solver_node]: 没有合适的解，不发布TF变换
[INFO] [1754192827.052890706] [solver_node]: 收到4个激光点，处理后4个有效点
[INFO] [1754192827.059143462] [solver_node]: 当前位置: x=7.880, y=0.385, angle=-3.135
[INFO] [1754192827.061275117] [solver_node]: 激光距离数据: [6.50800e+00 7.57533e+02 4.70000e-01 1.91000e+00]
[ERROR] [1754192827.062026811] [solver_node]: 求解器调用失败: 距离数组长度(4)与激光配置数量(5)不匹配
[ERROR] [1754192827.065800673] [solver_node]: 详细错误信息: Traceback (most recent call last):
  File "/home/orin/rc2025_ros2_ws/install/laser_solver/lib/python3.10/site-packages/laser_solver/solver_node.py", line 298, in solve_loop
    solutions = self.solver.solve(self.distances, angle)
  File "/home/orin/rc2025_ros2_ws/install/laser_solver/lib/python3.10/site-packages/laser_solver/positioning_algorithm/angle_pose_calculator.py", line 63, in solve
    raise ValueError(f"距离数组长度({len(distances)})与激光配置数量({len(self.laser_configs)})不匹配")
ValueError: 距离数组长度(4)与激光配置数量(5)不匹配

[INFO] [1754192827.167898722] [solver_node]: 收到5个激光点，处理后5个有效点
[INFO] [1754192827.178863661] [solver_node]: 当前位置: x=7.868, y=0.389, angle=-3.133
[INFO] [1754192827.183583044] [solver_node]: 激光距离数据: [6.508 7.502 7.533 0.47  1.91 ]
[WARN] [1754192827.218301350] [solver_node]: [PoseSolver_angle] 前面的计算没有结果
[INFO] [1754192827.225208870] [solver_node]: 求解器返回 0 个解
[WARN] [1754192827.234063594] [solver_node]: 没有合适的解，不发布TF变换
[INFO] [1754192827.257627230] [solver_node]: 收到5个激光点，处理后5个有效点
[INFO] [1754192827.278743045] [solver_node]: 当前位置: x=7.867, y=0.390, angle=-3.133
[INFO] [1754192827.296174151] [solver_node]: 激光距离数据: [6.508 7.502 7.533 0.47  1.91 ]
[WARN] [1754192827.307744093] [solver_node]: [PoseSolver_angle] 前面的计算没有结果
[INFO] [1754192827.325558823] [solver_node]: 求解器返回 0 个解
[WARN] [1754192827.332645290] [solver_node]: 没有合适的解，不发布TF变换
[INFO] [1754192827.364398293] [solver_node]: 收到5个激光点，处理后5个有效点
[INFO] [1754192827.371736381] [solver_node]: 当前位置: x=7.873, y=0.384, angle=-3.133
[INFO] [1754192827.376896765] [solver_node]: 激光距离数据: [6.508 7.502 7.533 0.47  1.91 ]
[WARN] [1754192827.428611801] [solver_node]: [PoseSolver_angle] 前面的计算没有结果
[INFO] [1754192827.449035251] [solver_node]: 求解器返回 0 个解
[WARN] [1754192827.450114055] [solver_node]: 没有合适的解，不发布TF变换
[INFO] [1754192827.468491259] [solver_node]: 收到5个激光点，处理后5个有效点
[INFO] [1754192827.474986099] [solver_node]: 当前位置: x=7.875, y=0.391, angle=-3.133
[INFO] [1754192827.492621786] [solver_node]: 激光距离数据: [6.508 7.502 7.533 0.47  1.91 ]
[WARN] [1754192827.506466234] [solver_node]: [PoseSolver_angle] 前面的计算没有结果
[INFO] [1754192827.513216695] [solver_node]: 求解器返回 0 个解
[WARN] [1754192827.514103527] [solver_node]: 没有合适的解，不发布TF变换
[INFO] [1754192827.558208919] [solver_node]: 收到5个激光点，处理后5个有效点
[INFO] [1754192827.562831853] [solver_node]: 当前位置: x=7.876, y=0.395, angle=-3.133
[INFO] [1754192827.581273346] [solver_node]: 激光距离数据: [6.508 7.502 7.533 0.47  1.91 ]
[WARN] [1754192827.602331303] [solver_node]: [PoseSolver_angle] 前面的计算没有结果
[INFO] [1754192827.605396224] [solver_node]: 求解器返回 0 个解
[WARN] [1754192827.609882931] [solver_node]: 没有合适的解，不发布TF变换
[INFO] [1754192827.668403566] [solver_node]: 收到5个激光点，处理后5个有效点
[INFO] [1754192827.678004831] [solver_node]: 当前位置: x=7.871, y=0.385, angle=-3.134
[INFO] [1754192827.691815871] [solver_node]: 激光距离数据: [6.508 7.502 7.533 0.47  1.91 ]
[WARN] [1754192827.717449561] [solver_node]: [PoseSolver_angle] 前面的计算没有结果
[INFO] [1754192827.728682473] [solver_node]: 求解器返回 0 个解
[WARN] [1754192827.729669019] [solver_node]: 没有合适的解，不发布TF变换
[INFO] [1754192827.765456209] [solver_node]: 收到5个激光点，处理后5个有效点
[INFO] [1754192827.773669513] [solver_node]: 当前位置: x=7.871, y=0.387, angle=-3.133
[INFO] [1754192827.775378057] [solver_node]: 激光距离数据: [6.508 7.502 7.533 0.47  1.91 ]
[WARN] [1754192827.789944215] [solver_node]: [PoseSolver_angle] 前面的计算没有结果
[INFO] [1754192827.790898024] [solver_node]: 求解器返回 0 个解
[WARN] [1754192827.799914223] [solver_node]: 没有合适的解，不发布TF变换
[INFO] [1754192827.857243060] [solver_node]: 收到5个激光点，处理后5个有效点
[INFO] [1754192827.871556348] [solver_node]: 当前位置: x=7.874, y=0.391, angle=-3.132
[INFO] [1754192827.873082393] [solver_node]: 激光距离数据: [6.508 7.502 7.533 0.47  1.91 ]
[WARN] [1754192827.882482215] [solver_node]: [PoseSolver_angle] 前面的计算没有结果
[INFO] [1754192827.883285781] [solver_node]: 求解器返回 0 个解
[WARN] [1754192827.884063492] [solver_node]: 没有合适的解，不发布TF变换
[INFO] [1754192827.964120941] [solver_node]: 收到5个激光点，处理后5个有效点
[INFO] [1754192827.974727633] [solver_node]: 当前位置: x=7.874, y=0.395, angle=-3.133
[INFO] [1754192827.976249197] [solver_node]: 激光距离数据: [6.508 7.502 7.533 0.47  1.91 ]
[WARN] [1754192827.981920758] [solver_node]: [PoseSolver_angle] 前面的计算没有结果
[INFO] [1754192827.993139110] [solver_node]: 求解器返回 0 个解
[WARN] [1754192827.994850054] [solver_node]: 没有合适的解，不发布TF变换
[INFO] [1754192828.049082833] [solver_node]: 收到5个激光点，处理后5个有效点
[INFO] [1754192828.062792334] [solver_node]: 当前位置: x=7.871, y=0.388, angle=-3.132
[INFO] [1754192828.064111559] [solver_node]: 激光距离数据: [6.508 7.502 7.533 0.47  1.91 ]
[WARN] [1754192828.070452636] [solver_node]: [PoseSolver_angle] 前面的计算没有结果
[INFO] [1754192828.071319468] [solver_node]: 求解器返回 0 个解
[WARN] [1754192828.072122587] [solver_node]: 没有合适的解，不发布TF变换
[INFO] [1754192828.158776637] [solver_node]: 收到5个激光点，处理后5个有效点
[INFO] [1754192828.174811366] [solver_node]: 当前位置: x=7.876, y=0.387, angle=-3.134
[INFO] [1754192828.191243702] [solver_node]: 激光距离数据: [6.508 7.502 7.533 0.47  1.91 ]
[WARN] [1754192828.246524244] [solver_node]: [PoseSolver_angle] 前面的计算没有结果
[INFO] [1754192828.247762059] [solver_node]: 求解器返回 0 个解
[WARN] [1754192828.249106532] [solver_node]: 没有合适的解，不发布TF变换
[INFO] [1754192828.252385760] [solver_node]: 收到5个激光点，处理后5个有效点
[INFO] [1754192828.256393706] [solver_node]: 当前位置: x=7.884, y=0.384, angle=-3.134
[INFO] [1754192828.274976290] [solver_node]: 激光距离数据: [6.508 7.502 7.533 0.47  1.91 ]
[WARN] [1754192828.328516384] [solver_node]: [PoseSolver_angle] 前面的计算没有结果
[INFO] [1754192828.329350480] [solver_node]: 求解器返回 0 个解
[WARN] [1754192828.330106462] [solver_node]: 没有合适的解，不发布TF变换
[INFO] [1754192828.359842532] [solver_node]: 收到5个激光点，处理后5个有效点
[INFO] [1754192828.369899038] [solver_node]: 当前位置: x=7.884, y=0.387, angle=-3.133
[INFO] [1754192828.371583997] [solver_node]: 激光距离数据: [6.508 7.502 7.533 0.47  1.91 ]
[WARN] [1754192828.393000105] [solver_node]: [PoseSolver_angle] 前面的计算没有结果
[INFO] [1754192828.394486948] [solver_node]: 求解器返回 0 个解
[WARN] [1754192828.396190212] [solver_node]: 没有合适的解，不发布TF变换
[INFO] [1754192828.467460746] [solver_node]: 收到5个激光点，处理后5个有效点
[INFO] [1754192828.471518837] [solver_node]: 当前位置: x=7.876, y=0.390, angle=-3.134
[INFO] [1754192828.475898662] [solver_node]: 激光距离数据: [6.508 7.502 7.533 0.47  1.91 ]
[WARN] [1754192828.490270160] [solver_node]: [PoseSolver_angle] 前面的计算没有结果
[INFO] [1754192828.491965999] [solver_node]: 求解器返回 0 个解
[WARN] [1754192828.502016329] [solver_node]: 没有合适的解，不发布TF变换
[INFO] [1754192828.565485663] [solver_node]: 收到5个激光点，处理后5个有效点
[INFO] [1754192828.585917432] [solver_node]: 当前位置: x=7.897, y=0.402, angle=-3.132
[INFO] [1754192828.587697625] [solver_node]: 激光距离数据: [6.508 7.502 7.533 0.47  1.91 ]
[WARN] [1754192828.629106295] [solver_node]: [PoseSolver_angle] 前面的计算没有结果
[INFO] [1754192828.630928025] [solver_node]: 求解器返回 0 个解
[WARN] [1754192828.631919499] [solver_node]: 没有合适的解，不发布TF变换
[INFO] [1754192828.662627107] [solver_node]: 收到5个激光点，处理后5个有效点
[INFO] [1754192828.670209583] [solver_node]: 当前位置: x=7.876, y=0.394, angle=-3.133
[INFO] [1754192828.678614379] [solver_node]: 激光距离数据: [6.508 7.502 7.533 0.47  1.91 ]
[WARN] [1754192828.707866376] [solver_node]: [PoseSolver_angle] 前面的计算没有结果
[INFO] [1754192828.708802329] [solver_node]: 求解器返回 0 个解
[WARN] [1754192828.709598824] [solver_node]: 没有合适的解，不发布TF变换
[INFO] [1754192828.755224148] [solver_node]: 收到5个激光点，处理后5个有效点
[INFO] [1754192828.765564851] [solver_node]: 当前位置: x=7.868, y=0.394, angle=-3.134
[INFO] [1754192828.766871595] [solver_node]: 激光距离数据: [6.508 7.502 7.533 0.47  1.91 ]
[WARN] [1754192828.795162390] [solver_node]: [PoseSolver_angle] 前面的计算没有结果
[INFO] [1754192828.797354463] [solver_node]: 求解器返回 0 个解
[WARN] [1754192828.803795062] [solver_node]: 没有合适的解，不发布TF变换
[INFO] [1754192828.877572490] [solver_node]: 收到5个激光点，处理后5个有效点
[INFO] [1754192828.882322818] [solver_node]: 当前位置: x=7.876, y=0.394, angle=-3.132
[INFO] [1754192828.883535896] [solver_node]: 激光距离数据: [6.508 7.502 7.533 0.47  1.91 ]
[WARN] [1754192828.906642052] [solver_node]: [PoseSolver_angle] 前面的计算没有结果
[INFO] [1754192828.907398642] [solver_node]: 求解器返回 0 个解
[WARN] [1754192828.908115391] [solver_node]: 没有合适的解，不发布TF变换
[INFO] [1754192828.974592236] [solver_node]: 收到5个激光点，处理后5个有效点
[INFO] [1754192828.979892238] [solver_node]: 当前位置: x=7.873, y=0.382, angle=-3.134
[INFO] [1754192828.981477676] [solver_node]: 激光距离数据: [6.508 7.502 7.533 0.47  1.91 ]
[WARN] [1754192829.011714939] [solver_node]: [PoseSolver_angle] 前面的计算没有结果
[INFO] [1754192829.028691349] [solver_node]: 求解器返回 0 个解
[WARN] [1754192829.030135535] [solver_node]: 没有合适的解，不发布TF变换
[INFO] [1754192829.081076573] [solver_node]: 收到5个激光点，处理后5个有效点
[INFO] [1754192829.087070348] [solver_node]: 当前位置: x=7.875, y=0.399, angle=-3.134
[INFO] [1754192829.089831935] [solver_node]: 激光距离数据: [6.508 7.502 7.533 0.47  1.91 ]
[WARN] [1754192829.096250038] [solver_node]: [PoseSolver_angle] 前面的计算没有结果
[INFO] [1754192829.120765979] [solver_node]: 求解器返回 0 个解
[WARN] [1754192829.140411110] [solver_node]: 没有合适的解，不发布TF变换
[INFO] [1754192829.155662304] [solver_node]: 收到5个激光点，处理后5个有效点
[INFO] [1754192829.170650613] [solver_node]: 当前位置: x=7.865, y=0.390, angle=-3.134
[INFO] [1754192829.172036271] [solver_node]: 激光距离数据: [6.508 7.502 7.533 0.47  1.91 ]
[WARN] [1754192829.187066372] [solver_node]: [PoseSolver_angle] 前面的计算没有结果
[INFO] [1754192829.187829522] [solver_node]: 求解器返回 0 个解
[WARN] [1754192829.188547968] [solver_node]: 没有合适的解，不发布TF变换
[INFO] [1754192829.251176965] [solver_node]: 收到5个激光点，处理后5个有效点
[INFO] [1754192829.264231063] [solver_node]: 当前位置: x=7.868, y=0.390, angle=-3.134
[INFO] [1754192829.265596272] [solver_node]: 激光距离数据: [6.508 7.502 7.533 0.47  1.91 ]
[WARN] [1754192829.271039125] [solver_node]: [PoseSolver_angle] 前面的计算没有结果
[INFO] [1754192829.271790563] [solver_node]: 求解器返回 0 个解
[WARN] [1754192829.272521008] [solver_node]: 没有合适的解，不发布TF变换
[INFO] [1754192829.357414961] [solver_node]: 收到5个激光点，处理后5个有效点
[INFO] [1754192829.366884288] [solver_node]: 当前位置: x=7.874, y=0.394, angle=-3.133
[INFO] [1754192829.369197003] [solver_node]: 激光距离数据: [6.508 7.502 7.533 0.47  1.91 ]
[WARN] [1754192829.406083573] [solver_node]: [PoseSolver_angle] 前面的计算没有结果
[INFO] [1754192829.406925413] [solver_node]: 求解器返回 0 个解
[WARN] [1754192829.408095258] [solver_node]: 没有合适的解，不发布TF变换
[INFO] [1754192829.453164635] [solver_node]: 收到5个激光点，处理后5个有效点
[INFO] [1754192829.459792342] [solver_node]: 当前位置: x=7.881, y=0.390, angle=-3.133
[INFO] [1754192829.469092162] [solver_node]: 激光距离数据: [6.508 7.502 7.533 0.47  1.91 ]
[WARN] [1754192829.491686147] [solver_node]: [PoseSolver_angle] 前面的计算没有结果
[INFO] [1754192829.492760535] [solver_node]: 求解器返回 0 个解
[WARN] [1754192829.494375221] [solver_node]: 没有合适的解，不发布TF变换
[INFO] [1754192829.558687610] [solver_node]: 收到5个激光点，处理后5个有效点
[INFO] [1754192829.566731823] [solver_node]: 当前位置: x=7.872, y=0.393, angle=-3.133
[INFO] [1754192829.568274635] [solver_node]: 激光距离数据: [6.508 7.502 7.533 0.47  1.91 ]
[WARN] [1754192829.588634756] [solver_node]: [PoseSolver_angle] 前面的计算没有结果
[INFO] [1754192829.614084826] [solver_node]: 求解器返回 0 个解
[WARN] [1754192829.614972906] [solver_node]: 没有合适的解，不发布TF变换
[INFO] [1754192829.656227813] [solver_node]: 收到5个激光点，处理后5个有效点
[INFO] [1754192829.680500870] [solver_node]: 当前位置: x=7.863, y=0.398, angle=-3.133
[INFO] [1754192829.683542014] [solver_node]: 激光距离数据: [6.508 7.502 7.533 0.47  1.91 ]
[WARN] [1754192829.714522843] [solver_node]: [PoseSolver_angle] 前面的计算没有结果
[INFO] [1754192829.715321257] [solver_node]: 求解器返回 0 个解
[WARN] [1754192829.716070615] [solver_node]: 没有合适的解，不发布TF变换
[INFO] [1754192829.762374959] [solver_node]: 收到5个激光点，处理后5个有效点
[INFO] [1754192829.767110823] [solver_node]: 当前位置: x=7.874, y=0.387, angle=-3.133
[INFO] [1754192829.782638982] [solver_node]: 激光距离数据: [6.508 7.502 7.533 0.47  1.91 ]
[WARN] [1754192829.813454655] [solver_node]: [PoseSolver_angle] 前面的计算没有结果
[INFO] [1754192829.814329424] [solver_node]: 求解器返回 0 个解
[WARN] [1754192829.815230752] [solver_node]: 没有合适的解，不发布TF变换
[INFO] [1754192829.872158077] [solver_node]: 收到5个激光点，处理后5个有效点
[INFO] [1754192829.877827109] [solver_node]: 当前位置: x=7.865, y=0.388, angle=-3.133
[INFO] [1754192829.893258659] [solver_node]: 激光距离数据: [6.508 7.502 7.533 0.47  1.91 ]
[WARN] [1754192829.929651747] [solver_node]: [PoseSolver_angle] 前面的计算没有结果
[INFO] [1754192829.932436311] [solver_node]: 求解器返回 0 个解
[WARN] [1754192829.933293415] [solver_node]: 没有合适的解，不发布TF变换
[INFO] [1754192829.962417313] [solver_node]: 收到5个激光点，处理后5个有效点
[INFO] [1754192829.978289062] [solver_node]: 当前位置: x=7.873, y=0.390, angle=-3.134
[INFO] [1754192829.979937637] [solver_node]: 激光距离数据: [6.508 7.502 7.533 0.47  1.91 ]
[WARN] [1754192829.985573901] [solver_node]: [PoseSolver_angle] 前面的计算没有结果
[INFO] [1754192829.986358236] [solver_node]: 求解器返回 0 个解
[WARN] [1754192829.987106217] [solver_node]: 没有合适的解，不发布TF变换
[INFO] [1754192830.060539606] [solver_node]: 收到5个激光点，处理后5个有效点
[INFO] [1754192830.081166260] [solver_node]: 当前位置: x=7.870, y=0.387, angle=-3.133
[INFO] [1754192830.090062520] [solver_node]: 激光距离数据: [6.508 7.502 7.533 0.47  1.91 ]
[WARN] [1754192830.126470553] [solver_node]: [PoseSolver_angle] 前面的计算没有结果
[INFO] [1754192830.127975701] [solver_node]: 求解器返回 0 个解
[WARN] [1754192830.139031713] [solver_node]: 没有合适的解，不发布TF变换
[INFO] [1754192830.151286179] [solver_node]: 收到5个激光点，处理后5个有效点
[INFO] [1754192830.166178998] [solver_node]: 当前位置: x=7.874, y=0.383, angle=-3.132
[INFO] [1754192830.169591829] [solver_node]: 激光距离数据: [6.508 7.502 7.533 0.47  1.91 ]
[WARN] [1754192830.229440551] [solver_node]: [PoseSolver_angle] 前面的计算没有结果
[INFO] [1754192830.233211309] [solver_node]: 求解器返回 0 个解
[WARN] [1754192830.236183524] [solver_node]: 没有合适的解，不发布TF变换
[INFO] [1754192830.272367777] [solver_node]: 收到5个激光点，处理后5个有效点
[INFO] [1754192830.280282835] [solver_node]: 当前位置: x=7.876, y=0.380, angle=-3.132
[INFO] [1754192830.284759430] [solver_node]: 激光距离数据: [6.508 7.502 7.533 0.47  1.91 ]
[WARN] [1754192830.356934331] [solver_node]: [PoseSolver_angle] 前面的计算没有结果
[INFO] [1754192830.359470890] [solver_node]: 求解器返回 0 个解
[WARN] [1754192830.360367547] [solver_node]: 没有合适的解，不发布TF变换
[INFO] [1754192830.361571057] [solver_node]: 收到5个激光点，处理后5个有效点
[INFO] [1754192830.373992374] [solver_node]: 当前位置: x=7.872, y=0.387, angle=-3.134
[INFO] [1754192830.375307439] [solver_node]: 激光距离数据: [6.508 7.502 7.533 0.47  1.91 ]
[WARN] [1754192830.412457981] [solver_node]: [PoseSolver_angle] 前面的计算没有结果
[INFO] [1754192830.413423375] [solver_node]: 求解器返回 0 个解
[WARN] [1754192830.414179453] [solver_node]: 没有合适的解，不发布TF变换
[INFO] [1754192830.452497825] [solver_node]: 收到5个激光点，处理后5个有效点
[INFO] [1754192830.459347487] [solver_node]: 当前位置: x=7.878, y=0.389, angle=-3.134
[INFO] [1754192830.469159189] [solver_node]: 激光距离数据: [6.508 7.502 7.533 0.47  1.91 ]
[WARN] [1754192830.475660429] [solver_node]: [PoseSolver_angle] 前面的计算没有结果
[INFO] [1754192830.488006481] [solver_node]: 求解器返回 0 个解
[WARN] [1754192830.497149818] [solver_node]: 没有合适的解，不发布TF变换
[INFO] [1754192830.552533209] [solver_node]: 收到5个激光点，处理后5个有效点
[INFO] [1754192830.612512622] [solver_node]: 当前位置: x=7.866, y=0.380, angle=-3.134
[INFO] [1754192830.614721974] [solver_node]: 激光距离数据: [6.508 7.502 7.533 0.47  1.91 ]
[WARN] [1754192830.633199276] [solver_node]: [PoseSolver_angle] 前面的计算没有结果
[INFO] [1754192830.633962778] [solver_node]: 求解器返回 0 个解
[WARN] [1754192830.634716104] [solver_node]: 没有合适的解，不发布TF变换
[INFO] [1754192830.672118907] [solver_node]: 收到5个激光点，处理后5个有效点
[INFO] [1754192830.674949007] [solver_node]: 当前位置: x=7.872, y=0.390, angle=-3.133
[INFO] [1754192830.683252457] [solver_node]: 激光距离数据: [6.508 7.502 7.533 0.47  1.91 ]
[WARN] [1754192830.711992284] [solver_node]: [PoseSolver_angle] 前面的计算没有结果
[INFO] [1754192830.712799371] [solver_node]: 求解器返回 0 个解
[WARN] [1754192830.724711015] [solver_node]: 没有合适的解，不发布TF变换
[INFO] [1754192830.755544576] [solver_node]: 收到5个激光点，处理后5个有效点
[INFO] [1754192830.809701577] [solver_node]: 当前位置: x=7.880, y=0.397, angle=-3.134
[INFO] [1754192830.811151044] [solver_node]: 激光距离数据: [6.508 7.502 7.533 0.47  1.91 ]
[WARN] [1754192830.856394600] [solver_node]: [PoseSolver_angle] 前面的计算没有结果
[INFO] [1754192830.857460668] [solver_node]: 求解器返回 0 个解
[WARN] [1754192830.858739955] [solver_node]: 没有合适的解，不发布TF变换
[INFO] [1754192830.860670199] [solver_node]: 收到5个激光点，处理后5个有效点
[INFO] [1754192830.866815080] [solver_node]: 当前位置: x=7.868, y=0.391, angle=-3.133
[INFO] [1754192830.868005790] [solver_node]: 激光距离数据: [6.508 7.502 7.533 0.47  1.91 ]
[WARN] [1754192830.894616426] [solver_node]: [PoseSolver_angle] 前面的计算没有结果
[INFO] [1754192830.904448000] [solver_node]: 求解器返回 0 个解
[WARN] [1754192830.907006863] [solver_node]: 没有合适的解，不发布TF变换
[INFO] [1754192830.958597192] [solver_node]: 收到5个激光点，处理后5个有效点
[INFO] [1754192830.964930045] [solver_node]: 当前位置: x=7.852, y=0.394, angle=-3.133
[INFO] [1754192830.978263636] [solver_node]: 激光距离数据: [6.508 7.502 7.533 0.47  1.91 ]
[WARN] [1754192830.986514956] [solver_node]: [PoseSolver_angle] 前面的计算没有结果
[INFO] [1754192830.988706709] [solver_node]: 求解器返回 0 个解
[WARN] [1754192830.997814557] [solver_node]: 没有合适的解，不发布TF变换
[INFO] [1754192831.061994366] [solver_node]: 收到5个激光点，处理后5个有效点
[INFO] [1754192831.091548832] [solver_node]: 当前位置: x=7.866, y=0.387, angle=-3.134
[INFO] [1754192831.093180606] [solver_node]: 激光距离数据: [6.508 7.502 7.533 0.47  1.91 ]
[WARN] [1754192831.098967465] [solver_node]: [PoseSolver_angle] 前面的计算没有结果
[INFO] [1754192831.099739256] [solver_node]: 求解器返回 0 个解
[WARN] [1754192831.100491333] [solver_node]: 没有合适的解，不发布TF变换
[INFO] [1754192831.149479982] [solver_node]: 收到5个激光点，处理后5个有效点
[INFO] [1754192831.162974247] [solver_node]: 当前位置: x=7.863, y=0.389, angle=-3.133
[INFO] [1754192831.180072675] [solver_node]: 激光距离数据: [6.508 7.502 7.533 0.47  1.91 ]
[WARN] [1754192831.205503193] [solver_node]: [PoseSolver_angle] 前面的计算没有结果
[INFO] [1754192831.208464944] [solver_node]: 求解器返回 0 个解
[WARN] [1754192831.211124097] [solver_node]: 没有合适的解，不发布TF变换
[INFO] [1754192831.262793723] [solver_node]: 收到5个激光点，处理后5个有效点
[INFO] [1754192831.300863610] [solver_node]: 当前位置: x=7.872, y=0.400, angle=-3.133
[INFO] [1754192831.311592672] [solver_node]: 激光距离数据: [6.508 7.502 7.533 0.47  1.91 ]
[WARN] [1754192831.359299058] [solver_node]: [PoseSolver_angle] 前面的计算没有结果
[INFO] [1754192831.369996631] [solver_node]: 求解器返回 0 个解
[WARN] [1754192831.379792780] [solver_node]: 没有合适的解，不发布TF变换
[INFO] [1754192831.383731061] [solver_node]: 收到5个激光点，处理后5个有效点
[INFO] [1754192831.431709803] [solver_node]: 当前位置: x=7.890, y=0.387, angle=-3.132
[INFO] [1754192831.436460995] [solver_node]: 激光距离数据: [6.508 7.502 7.533 0.47  1.91 ]
[WARN] [1754192831.473953559] [solver_node]: [PoseSolver_angle] 前面的计算没有结果
[INFO] [1754192831.474731910] [solver_node]: 求解器返回 0 个解
[WARN] [1754192831.475460851] [solver_node]: 没有合适的解，不发布TF变换
[INFO] [1754192831.488749032] [solver_node]: 收到5个激光点，处理后5个有效点
[INFO] [1754192831.500177148] [solver_node]: 当前位置: x=7.873, y=0.383, angle=-3.135
[INFO] [1754192831.535575753] [solver_node]: 激光距离数据: [6.508 7.502 7.533 0.47  1.91 ]
[WARN] [1754192831.561691180] [solver_node]: [PoseSolver_angle] 前面的计算没有结果
[INFO] [1754192831.572306768] [solver_node]: 求解器返回 0 个解
[WARN] [1754192831.591217901] [solver_node]: 没有合适的解，不发布TF变换
[INFO] [1754192831.592650887] [solver_node]: 收到5个激光点，处理后5个有效点
[INFO] [1754192831.634345130] [solver_node]: 当前位置: x=7.876, y=0.390, angle=-3.133
[INFO] [1754192831.639814351] [solver_node]: 激光距离数据: [6.508 7.502 7.533 0.47  1.91 ]
[WARN] [1754192831.675395200] [solver_node]: [PoseSolver_angle] 前面的计算没有结果
[INFO] [1754192831.677134240] [solver_node]: 求解器返回 0 个解
[WARN] [1754192831.678873184] [solver_node]: 没有合适的解，不发布TF变换
[INFO] [1754192831.679933908] [solver_node]: 收到5个激光点，处理后5个有效点
[INFO] [1754192831.690194513] [solver_node]: 当前位置: x=7.872, y=0.388, angle=-3.134
[INFO] [1754192831.701223325] [solver_node]: 激光距离数据: [6.508 7.502 7.533 0.47  1.91 ]
[WARN] [1754192831.709609816] [solver_node]: [PoseSolver_angle] 前面的计算没有结果
[INFO] [1754192831.710411494] [solver_node]: 求解器返回 0 个解
[WARN] [1754192831.754487701] [solver_node]: 没有合适的解，不发布TF变换
[INFO] [1754192831.765057304] [solver_node]: 收到5个激光点，处理后5个有效点
[INFO] [1754192831.774765579] [solver_node]: 当前位置: x=7.869, y=0.393, angle=-3.134
[INFO] [1754192831.775988386] [solver_node]: 激光距离数据: [6.508 7.502 7.533 0.47  1.91 ]
[WARN] [1754192831.785498129] [solver_node]: [PoseSolver_angle] 前面的计算没有结果
[INFO] [1754192831.787547703] [solver_node]: 求解器返回 0 个解
[WARN] [1754192831.805854025] [solver_node]: 没有合适的解，不发布TF变换
[INFO] [1754192831.861640784] [solver_node]: 收到5个激光点，处理后5个有效点
[INFO] [1754192831.875658867] [solver_node]: 当前位置: x=7.885, y=0.388, angle=-3.133
[INFO] [1754192831.877220975] [solver_node]: 激光距离数据: [6.508 7.502 7.533 0.47  1.91 ]
[WARN] [1754192831.898368054] [solver_node]: [PoseSolver_angle] 前面的计算没有结果
[INFO] [1754192831.909618374] [solver_node]: 求解器返回 0 个解
[WARN] [1754192831.910617976] [solver_node]: 没有合适的解，不发布TF变换
[INFO] [1754192831.958468844] [solver_node]: 收到5个激光点，处理后5个有效点
[INFO] [1754192831.968137407] [solver_node]: 当前位置: x=7.881, y=0.388, angle=-3.134
[INFO] [1754192832.027293379] [solver_node]: 激光距离数据: [6.508 7.502 7.533 0.47  1.91 ]
[WARN] [1754192832.071376369] [solver_node]: [PoseSolver_angle] 前面的计算没有结果
[INFO] [1754192832.074782000] [solver_node]: 求解器返回 0 个解
[WARN] [1754192832.075615327] [solver_node]: 没有合适的解，不发布TF变换
[INFO] [1754192832.076422254] [solver_node]: 收到5个激光点，处理后5个有效点
[INFO] [1754192832.086696396] [solver_node]: 当前位置: x=7.869, y=0.389, angle=-3.133
[INFO] [1754192832.088041060] [solver_node]: 激光距离数据: [6.508 7.502 7.533 0.47  1.91 ]
[WARN] [1754192832.114635407] [solver_node]: [PoseSolver_angle] 前面的计算没有结果
[INFO] [1754192832.116096874] [solver_node]: 求解器返回 0 个解
[WARN] [1754192832.125827934] [solver_node]: 没有合适的解，不发布TF变换
[INFO] [1754192832.173943286] [solver_node]: 收到5个激光点，处理后5个有效点
[INFO] [1754192832.185039523] [solver_node]: 当前位置: x=7.875, y=0.389, angle=-3.132
[INFO] [1754192832.186434429] [solver_node]: 激光距离数据: [6.508 7.502 7.533 0.47  1.91 ]
[WARN] [1754192832.196389461] [solver_node]: [PoseSolver_angle] 前面的计算没有结果
[INFO] [1754192832.197447752] [solver_node]: 求解器返回 0 个解
[WARN] [1754192832.198347097] [solver_node]: 没有合适的解，不发布TF变换
[INFO] [1754192832.256988596] [solver_node]: 收到5个激光点，处理后5个有效点
[INFO] [1754192832.262420696] [solver_node]: 当前位置: x=7.875, y=0.382, angle=-3.134
[INFO] [1754192832.264780451] [solver_node]: 激光距离数据: [6.508 7.502 7.533 0.47  1.91 ]
[WARN] [1754192832.299538661] [solver_node]: [PoseSolver_angle] 前面的计算没有结果
[INFO] [1754192832.307289364] [solver_node]: 求解器返回 0 个解
[WARN] [1754192832.308399305] [solver_node]: 没有合适的解，不发布TF变换
[INFO] [1754192832.354245047] [solver_node]: 收到5个激光点，处理后5个有效点
[INFO] [1754192832.367153413] [solver_node]: 当前位置: x=7.878, y=0.390, angle=-3.133
[INFO] [1754192832.369782358] [solver_node]: 激光距离数据: [6.508 7.502 7.533 0.47  1.91 ]
[WARN] [1754192832.387132950] [solver_node]: [PoseSolver_angle] 前面的计算没有结果
[INFO] [1754192832.387913669] [solver_node]: 求解器返回 0 个解
[WARN] [1754192832.389379008] [solver_node]: 没有合适的解，不发布TF变换
[INFO] [1754192832.454654517] [solver_node]: 收到5个激光点，处理后5个有效点
[INFO] [1754192832.461098092] [solver_node]: 当前位置: x=7.869, y=0.389, angle=-3.133
[INFO] [1754192832.465120662] [solver_node]: 激光距离数据: [6.508 7.502 7.533 0.47  1.91 ]
[WARN] [1754192832.475006253] [solver_node]: [PoseSolver_angle] 前面的计算没有结果
[INFO] [1754192832.483564426] [solver_node]: 求解器返回 0 个解
[WARN] [1754192832.486422879] [solver_node]: 没有合适的解，不发布TF变换
[INFO] [1754192832.550389404] [solver_node]: 收到5个激光点，处理后5个有效点
[INFO] [1754192832.555715071] [solver_node]: 当前位置: x=7.878, y=0.398, angle=-3.133
[INFO] [1754192832.557478527] [solver_node]: 激光距离数据: [6.508 7.502 7.533 0.47  1.91 ]
[WARN] [1754192832.575448011] [solver_node]: [PoseSolver_angle] 前面的计算没有结果
[INFO] [1754192832.585167966] [solver_node]: 求解器返回 0 个解
[WARN] [1754192832.586031726] [solver_node]: 没有合适的解，不发布TF变换
[INFO] [1754192832.651990032] [solver_node]: 收到5个激光点，处理后5个有效点
[INFO] [1754192832.655423919] [solver_node]: 当前位置: x=7.875, y=0.393, angle=-3.133
[INFO] [1754192832.656674502] [solver_node]: 激光距离数据: [6.508 7.502 7.533 0.47  1.91 ]
[WARN] [1754192832.679788721] [solver_node]: [PoseSolver_angle] 前面的计算没有结果
[INFO] [1754192832.681687988] [solver_node]: 求解器返回 0 个解
[WARN] [1754192832.690152240] [solver_node]: 没有合适的解，不发布TF变换
[INFO] [1754192832.759379759] [solver_node]: 收到5个激光点，处理后5个有效点
[INFO] [1754192832.771099879] [solver_node]: 当前位置: x=7.875, y=0.392, angle=-3.132
[INFO] [1754192832.772770054] [solver_node]: 激光距离数据: [6.508 7.502 7.533 0.47  1.91 ]
[WARN] [1754192832.793340034] [solver_node]: [PoseSolver_angle] 前面的计算没有结果
[INFO] [1754192832.794182417] [solver_node]: 求解器返回 0 个解
[WARN] [1754192832.794926879] [solver_node]: 没有合适的解，不发布TF变换
[INFO] [1754192832.855580415] [solver_node]: 收到5个激光点，处理后5个有效点
[INFO] [1754192832.867825985] [solver_node]: 当前位置: x=7.882, y=0.388, angle=-3.133
[INFO] [1754192832.882015207] [solver_node]: 激光距离数据: [6.508 7.502 7.533 0.47  1.91 ]
[WARN] [1754192832.911972112] [solver_node]: [PoseSolver_angle] 前面的计算没有结果
[INFO] [1754192832.913005795] [solver_node]: 求解器返回 0 个解
[WARN] [1754192832.913913844] [solver_node]: 没有合适的解，不发布TF变换
[INFO] [1754192832.947890535] [solver_node]: 收到5个激光点，处理后5个有效点
[INFO] [1754192832.954075993] [solver_node]: 当前位置: x=7.880, y=0.385, angle=-3.133
[INFO] [1754192832.963897774] [solver_node]: 激光距离数据: [6.508 7.502 7.533 0.47  1.91 ]
[WARN] [1754192832.997816737] [solver_node]: [PoseSolver_angle] 前面的计算没有结果
[INFO] [1754192832.998634992] [solver_node]: 求解器返回 0 个解
[WARN] [1754192832.999390174] [solver_node]: 没有合适的解，不发布TF变换
[INFO] [1754192833.052674037] [solver_node]: 收到5个激光点，处理后5个有效点
[INFO] [1754192833.061094800] [solver_node]: 当前位置: x=7.863, y=0.385, angle=-3.133
[INFO] [1754192833.062683822] [solver_node]: 激光距离数据: [6.508 7.502 7.533 0.47  1.91 ]
[WARN] [1754192833.087368725] [solver_node]: [PoseSolver_angle] 前面的计算没有结果
[INFO] [1754192833.088389256] [solver_node]: 求解器返回 0 个解
[WARN] [1754192833.089365914] [solver_node]: 没有合适的解，不发布TF变换
[INFO] [1754192833.153897857] [solver_node]: 收到5个激光点，处理后5个有效点
[INFO] [1754192833.163626836] [solver_node]: 当前位置: x=7.860, y=0.394, angle=-3.133
[INFO] [1754192833.170672758] [solver_node]: 激光距离数据: [6.508 7.502 7.533 0.47  1.91 ]
[WARN] [1754192833.207771011] [solver_node]: [PoseSolver_angle] 前面的计算没有结果
[INFO] [1754192833.208695828] [solver_node]: 求解器返回 0 个解
[WARN] [1754192833.217310515] [solver_node]: 没有合适的解，不发布TF变换
[INFO] [1754192833.254452128] [solver_node]: 收到5个激光点，处理后5个有效点
[INFO] [1754192833.263155649] [solver_node]: 当前位置: x=7.874, y=0.390, angle=-3.132
[INFO] [1754192833.265108613] [solver_node]: 激光距离数据: [6.508 7.502 7.533 0.47  1.91 ]
[WARN] [1754192833.282978831] [solver_node]: [PoseSolver_angle] 前面的计算没有结果
[INFO] [1754192833.283833887] [solver_node]: 求解器返回 0 个解
[WARN] [1754192833.284765328] [solver_node]: 没有合适的解，不发布TF变换
[INFO] [1754192833.348376358] [solver_node]: 收到5个激光点，处理后5个有效点
[INFO] [1754192833.368797279] [solver_node]: 当前位置: x=7.874, y=0.382, angle=-3.133
[INFO] [1754192833.370164856] [solver_node]: 激光距离数据: [6.508 7.502 7.533 0.47  1.91 ]
[WARN] [1754192833.382650750] [solver_node]: [PoseSolver_angle] 前面的计算没有结果
[INFO] [1754192833.383454541] [solver_node]: 求解器返回 0 个解
[WARN] [1754192833.398629509] [solver_node]: 没有合适的解，不发布TF变换
[INFO] [1754192833.477469684] [solver_node]: 收到5个激光点，处理后5个有效点
[INFO] [1754192833.503046604] [solver_node]: 当前位置: x=7.875, y=0.393, angle=-3.132
[INFO] [1754192833.505308086] [solver_node]: 激光距离数据: [6.508 7.502 7.533 0.47  1.91 ]
[WARN] [1754192833.528262045] [solver_node]: [PoseSolver_angle] 前面的计算没有结果
[INFO] [1754192833.534898872] [solver_node]: 求解器返回 0 个解
[WARN] [1754192833.535802696] [solver_node]: 没有合适的解，不发布TF变换
[INFO] [1754192833.551347399] [solver_node]: 收到5个激光点，处理后5个有效点
[INFO] [1754192833.563573993] [solver_node]: 当前位置: x=7.872, y=0.391, angle=-3.131
[INFO] [1754192833.564897569] [solver_node]: 激光距离数据: [6.508 7.502 7.533 0.47  1.91 ]
[WARN] [1754192833.587718887] [solver_node]: [PoseSolver_angle] 前面的计算没有结果
[INFO] [1754192833.592997544] [solver_node]: 求解器返回 0 个解
[WARN] [1754192833.596439815] [solver_node]: 没有合适的解，不发布TF变换
[INFO] [1754192833.668356631] [solver_node]: 收到5个激光点，处理后5个有效点
[INFO] [1754192833.684935369] [solver_node]: 当前位置: x=7.871, y=0.386, angle=-3.132
[INFO] [1754192833.690000550] [solver_node]: 激光距离数据: [6.508 7.502 7.533 0.47  1.91 ]
[WARN] [1754192833.706937055] [solver_node]: [PoseSolver_angle] 前面的计算没有结果
[INFO] [1754192833.710253020] [solver_node]: 求解器返回 0 个解
[WARN] [1754192833.720756158] [solver_node]: 没有合适的解，不发布TF变换
[INFO] [1754192833.761253129] [solver_node]: 收到5个激光点，处理后5个有效点
[INFO] [1754192833.783478691] [solver_node]: 当前位置: x=7.864, y=0.376, angle=-3.135
[INFO] [1754192833.787998166] [solver_node]: 激光距离数据: [6.508 7.502 7.533 0.47  1.91 ]
[WARN] [1754192833.854628324] [solver_node]: [PoseSolver_angle] 前面的计算没有结果
[INFO] [1754192833.857030128] [solver_node]: 求解器返回 0 个解
[WARN] [1754192833.857889280] [solver_node]: 没有合适的解，不发布TF变换
[INFO] [1754192833.862457365] [solver_node]: 收到5个激光点，处理后5个有效点
[INFO] [1754192833.881762425] [solver_node]: 当前位置: x=7.868, y=0.382, angle=-3.134
[INFO] [1754192833.883542202] [solver_node]: 激光距离数据: [6.508 7.502 7.533 0.47  1.91 ]
[WARN] [1754192833.890642301] [solver_node]: [PoseSolver_angle] 前面的计算没有结果
[INFO] [1754192833.892023510] [solver_node]: 求解器返回 0 个解
[WARN] [1754192833.892770948] [solver_node]: 没有合适的解，不发布TF变换
[INFO] [1754192833.953458372] [solver_node]: 收到5个激光点，处理后5个有效点
[INFO] [1754192833.963913829] [solver_node]: 当前位置: x=7.876, y=0.388, angle=-3.133
[INFO] [1754192833.965521698] [solver_node]: 激光距离数据: [6.508 7.502 7.533 0.47  1.91 ]
[WARN] [1754192833.978999483] [solver_node]: [PoseSolver_angle] 前面的计算没有结果
[INFO] [1754192833.980127696] [solver_node]: 求解器返回 0 个解
[WARN] [1754192833.981019840] [solver_node]: 没有合适的解，不发布TF变换
[INFO] [1754192834.052357220] [solver_node]: 收到5个激光点，处理后5个有效点
[INFO] [1754192834.059822382] [solver_node]: 当前位置: x=7.885, y=0.385, angle=-3.133
[INFO] [1754192834.066446632] [solver_node]: 激光距离数据: [6.508 7.502 7.533 0.47  1.91 ]
[WARN] [1754192834.092458120] [solver_node]: [PoseSolver_angle] 前面的计算没有结果
[INFO] [1754192834.093974404] [solver_node]: 求解器返回 0 个解
[WARN] [1754192834.096149228] [solver_node]: 没有合适的解，不发布TF变换
[INFO] [1754192834.152945572] [solver_node]: 收到5个激光点，处理后5个有效点
[INFO] [1754192834.159079989] [solver_node]: 当前位置: x=7.876, y=0.388, angle=-3.132
[INFO] [1754192834.163270690] [solver_node]: 激光距离数据: [6.508 7.502 7.533 0.47  1.91 ]
[WARN] [1754192834.202539735] [solver_node]: [PoseSolver_angle] 前面的计算没有结果
[INFO] [1754192834.203309669] [solver_node]: 求解器返回 0 个解
[WARN] [1754192834.225718210] [solver_node]: 没有合适的解，不发布TF变换
[INFO] [1754192834.248513671] [solver_node]: 收到5个激光点，处理后5个有效点
[INFO] [1754192834.259857272] [solver_node]: 当前位置: x=7.874, y=0.392, angle=-3.133
[INFO] [1754192834.263600733] [solver_node]: 激光距离数据: [6.508 7.502 7.533 0.47  1.91 ]
[WARN] [1754192834.290446636] [solver_node]: [PoseSolver_angle] 前面的计算没有结果
[INFO] [1754192834.291336541] [solver_node]: 求解器返回 0 个解
[WARN] [1754192834.301431447] [solver_node]: 没有合适的解，不发布TF变换
[INFO] [1754192834.353443542] [solver_node]: 收到5个激光点，处理后5个有效点
[INFO] [1754192834.362948870] [solver_node]: 当前位置: x=7.881, y=0.390, angle=-3.133
[INFO] [1754192834.373401094] [solver_node]: 激光距离数据: [6.508 7.502 7.533 0.47  1.91 ]
[WARN] [1754192834.398343251] [solver_node]: [PoseSolver_angle] 前面的计算没有结果
[INFO] [1754192834.402800421] [solver_node]: 求解器返回 0 个解
[WARN] [1754192834.407671615] [solver_node]: 没有合适的解，不发布TF变换
[INFO] [1754192834.451057791] [solver_node]: 收到5个激光点，处理后5个有效点
[INFO] [1754192834.454720482] [solver_node]: 当前位置: x=7.876, y=0.390, angle=-3.134
[INFO] [1754192834.466966980] [solver_node]: 激光距离数据: [6.508 7.502 7.533 0.47  1.91 ]
[WARN] [1754192834.473973606] [solver_node]: [PoseSolver_angle] 前面的计算没有结果
[INFO] [1754192834.482565252] [solver_node]: 求解器返回 0 个解
[WARN] [1754192834.487356540] [solver_node]: 没有合适的解，不发布TF变换
[INFO] [1754192834.548532549] [solver_node]: 收到5个激光点，处理后5个有效点
[INFO] [1754192834.568050381] [solver_node]: 当前位置: x=7.867, y=0.385, angle=-3.133
[INFO] [1754192834.580207437] [solver_node]: 激光距离数据: [6.508 7.502 7.533 0.47  1.91 ]
[WARN] [1754192834.624414077] [solver_node]: [PoseSolver_angle] 前面的计算没有结果
[INFO] [1754192834.639155341] [solver_node]: 求解器返回 0 个解
[WARN] [1754192834.651490640] [solver_node]: 没有合适的解，不发布TF变换
[INFO] [1754192834.654269475] [solver_node]: 收到5个激光点，处理后5个有效点
[INFO] [1754192834.659365921] [solver_node]: 当前位置: x=7.866, y=0.391, angle=-3.134
[INFO] [1754192834.674170674] [solver_node]: 激光距离数据: [6.508 7.502 7.533 0.47  1.91 ]
[WARN] [1754192834.708324104] [solver_node]: [PoseSolver_angle] 前面的计算没有结果
[INFO] [1754192834.710554706] [solver_node]: 求解器返回 0 个解
[WARN] [1754192834.717850136] [solver_node]: 没有合适的解，不发布TF变换
[INFO] [1754192834.763859817] [solver_node]: 收到5个激光点，处理后5个有效点
[INFO] [1754192834.773163604] [solver_node]: 当前位置: x=7.878, y=0.383, angle=-3.132
[INFO] [1754192834.774898164] [solver_node]: 激光距离数据: [6.508 7.502 7.533 0.47  1.91 ]
[WARN] [1754192834.796978124] [solver_node]: [PoseSolver_angle] 前面的计算没有结果
[INFO] [1754192834.807033829] [solver_node]: 求解器返回 0 个解
[WARN] [1754192834.809790520] [solver_node]: 没有合适的解，不发布TF变换
[INFO] [1754192834.861104747] [solver_node]: 收到5个激光点，处理后5个有效点
[INFO] [1754192834.887966266] [solver_node]: 当前位置: x=7.864, y=0.382, angle=-3.133
[INFO] [1754192834.892718930] [solver_node]: 激光距离数据: [6.508 7.502 7.533 0.47  1.91 ]
[WARN] [1754192834.926684324] [solver_node]: [PoseSolver_angle] 前面的计算没有结果
[INFO] [1754192834.927481427] [solver_node]: 求解器返回 0 个解
[WARN] [1754192834.928241825] [solver_node]: 没有合适的解，不发布TF变换
[INFO] [1754192834.953255150] [solver_node]: 收到5个激光点，处理后5个有效点
[INFO] [1754192834.967525174] [solver_node]: 当前位置: x=7.867, y=0.396, angle=-3.132
[INFO] [1754192834.971281563] [solver_node]: 激光距离数据: [6.508 7.502 7.533 0.47  1.91 ]
[WARN] [1754192835.016351418] [solver_node]: [PoseSolver_angle] 前面的计算没有结果
[INFO] [1754192835.025374209] [solver_node]: 求解器返回 0 个解
[WARN] [1754192835.028402104] [solver_node]: 没有合适的解，不发布TF变换
[INFO] [1754192835.049558302] [solver_node]: 收到5个激光点，处理后5个有效点
[INFO] [1754192835.097503539] [solver_node]: 当前位置: x=7.863, y=0.388, angle=-3.133
[INFO] [1754192835.098919213] [solver_node]: 激光距离数据: [6.508 7.502 7.533 0.47  1.91 ]
[WARN] [1754192835.133416873] [solver_node]: [PoseSolver_angle] 前面的计算没有结果
[INFO] [1754192835.134256216] [solver_node]: 求解器返回 0 个解
[WARN] [1754192835.135111752] [solver_node]: 没有合适的解，不发布TF变换
[INFO] [1754192835.147940372] [solver_node]: 收到5个激光点，处理后5个有效点
[INFO] [1754192835.160253368] [solver_node]: 当前位置: x=7.872, y=0.381, angle=-3.134
[INFO] [1754192835.162590883] [solver_node]: 激光距离数据: [6.508 7.502 7.533 0.47  1.91 ]
[WARN] [1754192835.182837752] [solver_node]: [PoseSolver_angle] 前面的计算没有结果
[INFO] [1754192835.194205290] [solver_node]: 求解器返回 0 个解
[WARN] [1754192835.240922151] [solver_node]: 没有合适的解，不发布TF变换
[INFO] [1754192835.296909423] [solver_node]: 收到5个激光点，处理后5个有效点
[INFO] [1754192835.312433805] [solver_node]: 当前位置: x=7.863, y=0.383, angle=-3.133
[INFO] [1754192835.315830956] [solver_node]: 激光距离数据: [6.508 7.502 7.533 0.47  1.91 ]
[WARN] [1754192835.327935467] [solver_node]: [PoseSolver_angle] 前面的计算没有结果
[INFO] [1754192835.368279251] [solver_node]: 求解器返回 0 个解
[WARN] [1754192835.373575925] [solver_node]: 没有合适的解，不发布TF变换
[INFO] [1754192835.384461405] [solver_node]: 收到5个激光点，处理后5个有效点
[INFO] [1754192835.393462083] [solver_node]: 当前位置: x=7.870, y=0.386, angle=-3.132
[INFO] [1754192835.403433115] [solver_node]: 激光距离数据: [6.508 7.502 7.533 0.47  1.91 ]
[WARN] [1754192835.415265397] [solver_node]: [PoseSolver_angle] 前面的计算没有结果
[INFO] [1754192835.430687250] [solver_node]: 求解器返回 0 个解
[WARN] [1754192835.446249937] [solver_node]: 没有合适的解，不发布TF变换
[INFO] [1754192835.453411253] [solver_node]: 收到5个激光点，处理后5个有效点
[INFO] [1754192835.464329726] [solver_node]: 当前位置: x=7.881, y=0.396, angle=-3.133
[INFO] [1754192835.465767673] [solver_node]: 激光距离数据: [6.508 7.502 7.533 0.47  1.91 ]
[WARN] [1754192835.471311231] [solver_node]: [PoseSolver_angle] 前面的计算没有结果
[INFO] [1754192835.472094477] [solver_node]: 求解器返回 0 个解
[WARN] [1754192835.489969431] [solver_node]: 没有合适的解，不发布TF变换
[INFO] [1754192835.578155409] [solver_node]: 收到5个激光点，处理后5个有效点
[INFO] [1754192835.593635758] [solver_node]: 当前位置: x=7.878, y=0.390, angle=-3.133
[INFO] [1754192835.595120842] [solver_node]: 激光距离数据: [6.508 7.502 7.533 0.47  1.91 ]
[WARN] [1754192835.637800605] [solver_node]: [PoseSolver_angle] 前面的计算没有结果
[INFO] [1754192835.659502541] [solver_node]: 求解器返回 0 个解
[WARN] [1754192835.669846859] [solver_node]: 没有合适的解，不发布TF变换
[INFO] [1754192835.671134115] [solver_node]: 收到5个激光点，处理后5个有效点
[INFO] [1754192835.685748305] [solver_node]: 当前位置: x=7.865, y=0.384, angle=-3.132
[INFO] [1754192835.687707413] [solver_node]: 激光距离数据: [6.508 7.502 7.533 0.47  1.91 ]
[WARN] [1754192835.701622613] [solver_node]: [PoseSolver_angle] 前面的计算没有结果
[INFO] [1754192835.709801612] [solver_node]: 求解器返回 0 个解
[WARN] [1754192835.712775939] [solver_node]: 没有合适的解，不发布TF变换
[INFO] [1754192835.756085442] [solver_node]: 收到5个激光点，处理后5个有效点
[INFO] [1754192835.768863245] [solver_node]: 当前位置: x=7.864, y=0.373, angle=-3.134
[INFO] [1754192835.778968231] [solver_node]: 激光距离数据: [6.508 7.502 7.533 0.47  1.91 ]
[WARN] [1754192835.803458475] [solver_node]: [PoseSolver_angle] 前面的计算没有结果
[INFO] [1754192835.806867082] [solver_node]: 求解器返回 0 个解
[WARN] [1754192835.808908752] [solver_node]: 没有合适的解，不发布TF变换
[INFO] [1754192835.853295202] [solver_node]: 收到5个激光点，处理后5个有效点
[INFO] [1754192835.863852581] [solver_node]: 当前位置: x=7.864, y=0.384, angle=-3.134
[INFO] [1754192835.873788188] [solver_node]: 激光距离数据: [6.508 7.502 7.533 0.47  1.91 ]
[WARN] [1754192835.884038585] [solver_node]: [PoseSolver_angle] 前面的计算没有结果
[INFO] [1754192835.897462704] [solver_node]: 求解器返回 0 个解
[WARN] [1754192835.899512406] [solver_node]: 没有合适的解，不发布TF变换
[INFO] [1754192835.968360940] [solver_node]: 收到5个激光点，处理后5个有效点
[INFO] [1754192835.979535354] [solver_node]: 当前位置: x=7.865, y=0.387, angle=-3.132
[INFO] [1754192835.982783893] [solver_node]: 激光距离数据: [6.508 7.502 7.533 0.47  1.91 ]
[WARN] [1754192836.000053652] [solver_node]: [PoseSolver_angle] 前面的计算没有结果
[INFO] [1754192836.002211580] [solver_node]: 求解器返回 0 个解
[WARN] [1754192836.014533119] [solver_node]: 没有合适的解，不发布TF变换
[INFO] [1754192836.054553408] [solver_node]: 收到5个激光点，处理后5个有效点
[INFO] [1754192836.064209298] [solver_node]: 当前位置: x=7.863, y=0.383, angle=-3.134
[INFO] [1754192836.069502420] [solver_node]: 激光距离数据: [6.508 7.502 7.533 0.47  1.91 ]
[WARN] [1754192836.088831064] [solver_node]: [PoseSolver_angle] 前面的计算没有结果
[INFO] [1754192836.090826205] [solver_node]: 求解器返回 0 个解
[WARN] [1754192836.101751622] [solver_node]: 没有合适的解，不发布TF变换
[INFO] [1754192836.155688488] [solver_node]: 收到5个激光点，处理后5个有效点
[INFO] [1754192836.161412658] [solver_node]: 当前位置: x=7.866, y=0.387, angle=-3.134
[INFO] [1754192836.167850088] [solver_node]: 激光距离数据: [6.508 7.502 7.533 0.47  1.91 ]
[WARN] [1754192836.195519270] [solver_node]: [PoseSolver_angle] 前面的计算没有结果
[INFO] [1754192836.211676656] [solver_node]: 求解器返回 0 个解
[WARN] [1754192836.248785148] [solver_node]: 没有合适的解，不发布TF变换
[INFO] [1754192836.280490852] [solver_node]: 收到5个激光点，处理后5个有效点
[INFO] [1754192836.298537521] [solver_node]: 当前位置: x=7.872, y=0.387, angle=-3.133
[INFO] [1754192836.333955422] [solver_node]: 激光距离数据: [6.508 7.502 7.533 0.47  1.91 ]
[WARN] [1754192836.350595889] [solver_node]: [PoseSolver_angle] 前面的计算没有结果
[INFO] [1754192836.351358719] [solver_node]: 求解器返回 0 个解
[WARN] [1754192836.352086668] [solver_node]: 没有合适的解，不发布TF变换
[INFO] [1754192836.352929532] [solver_node]: 收到5个激光点，处理后5个有效点
[INFO] [1754192836.367293444] [solver_node]: 当前位置: x=7.870, y=0.394, angle=-3.133
[INFO] [1754192836.378427409] [solver_node]: 激光距离数据: [6.508 7.502 7.533 0.47  1.91 ]
[WARN] [1754192836.389498589] [solver_node]: [PoseSolver_angle] 前面的计算没有结果
[INFO] [1754192836.391805864] [solver_node]: 求解器返回 0 个解
[WARN] [1754192836.393263331] [solver_node]: 没有合适的解，不发布TF变换
[INFO] [1754192836.457978668] [solver_node]: 收到5个激光点，处理后5个有效点
[INFO] [1754192836.474921540] [solver_node]: 当前位置: x=7.874, y=0.386, angle=-3.134
[INFO] [1754192836.476152667] [solver_node]: 激光距离数据: [6.508 7.502 7.533 0.47  1.91 ]
[WARN] [1754192836.529640724] [solver_node]: [PoseSolver_angle] 前面的计算没有结果
[INFO] [1754192836.536412369] [solver_node]: 求解器返回 0 个解
[WARN] [1754192836.537429028] [solver_node]: 没有合适的解，不发布TF变换
[INFO] [1754192836.570616840] [solver_node]: 收到5个激光点，处理后5个有效点
[INFO] [1754192836.575562659] [solver_node]: 当前位置: x=7.877, y=0.391, angle=-3.133
[INFO] [1754192836.583377427] [solver_node]: 激光距离数据: [6.508 7.502 7.533 0.47  1.91 ]
[WARN] [1754192836.608096954] [solver_node]: [PoseSolver_angle] 前面的计算没有结果
[INFO] [1754192836.609363698] [solver_node]: 求解器返回 0 个解
[WARN] [1754192836.610312803] [solver_node]: 没有合适的解，不发布TF变换
[INFO] [1754192836.652087749] [solver_node]: 收到5个激光点，处理后5个有效点
[INFO] [1754192836.656441877] [solver_node]: 当前位置: x=7.859, y=0.398, angle=-3.132
[INFO] [1754192836.674582372] [solver_node]: 激光距离数据: [6.508 7.502 7.533 0.47  1.91 ]
[WARN] [1754192836.710308790] [solver_node]: [PoseSolver_angle] 前面的计算没有结果
[INFO] [1754192836.711564237] [solver_node]: 求解器返回 0 个解
[WARN] [1754192836.712731395] [solver_node]: 没有合适的解，不发布TF变换
[INFO] [1754192836.757793665] [solver_node]: 收到5个激光点，处理后5个有效点
[INFO] [1754192836.792801767] [solver_node]: 当前位置: x=7.866, y=0.392, angle=-3.134
[INFO] [1754192836.809675645] [solver_node]: 激光距离数据: [6.508 7.502 7.533 0.47  1.91 ]
[WARN] [1754192836.830844548] [solver_node]: [PoseSolver_angle] 前面的计算没有结果
[INFO] [1754192836.831834774] [solver_node]: 求解器返回 0 个解
[WARN] [1754192836.832815432] [solver_node]: 没有合适的解，不发布TF变换
[INFO] [1754192836.884732165] [solver_node]: 收到5个激光点，处理后5个有效点
[INFO] [1754192836.893660809] [solver_node]: 当前位置: x=7.869, y=0.392, angle=-3.133
[INFO] [1754192836.895090916] [solver_node]: 激光距离数据: [6.508 7.502 7.533 0.47  1.91 ]
[WARN] [1754192836.918998364] [solver_node]: [PoseSolver_angle] 前面的计算没有结果
[INFO] [1754192836.919888045] [solver_node]: 求解器返回 0 个解
[WARN] [1754192836.921331687] [solver_node]: 没有合适的解，不发布TF变换
[INFO] [1754192836.950516993] [solver_node]: 收到5个激光点，处理后5个有效点
[INFO] [1754192836.960438328] [solver_node]: 当前位置: x=7.873, y=0.391, angle=-3.132
[INFO] [1754192836.970295374] [solver_node]: 激光距离数据: [6.508 7.502 7.533 0.47  1.91 ]
[WARN] [1754192836.993800351] [solver_node]: [PoseSolver_angle] 前面的计算没有结果
[INFO] [1754192836.994623790] [solver_node]: 求解器返回 0 个解
[WARN] [1754192836.995375644] [solver_node]: 没有合适的解，不发布TF变换
[INFO] [1754192837.052807006] [solver_node]: 收到5个激光点，处理后5个有效点
[INFO] [1754192837.063856458] [solver_node]: 当前位置: x=7.877, y=0.387, angle=-3.132
[INFO] [1754192837.066503738] [solver_node]: 激光距离数据: [6.508 7.502 7.533 0.47  1.91 ]
[WARN] [1754192837.137777211] [solver_node]: [PoseSolver_angle] 前面的计算没有结果
[INFO] [1754192837.139039699] [solver_node]: 求解器返回 0 个解
[WARN] [1754192837.140872564] [solver_node]: 没有合适的解，不发布TF变换
[INFO] [1754192837.174686915] [solver_node]: 收到5个激光点，处理后5个有效点
[INFO] [1754192837.179396570] [solver_node]: 当前位置: x=7.883, y=0.386, angle=-3.133
[INFO] [1754192837.192323208] [solver_node]: 激光距离数据: [6.508 7.502 7.533 0.47  1.91 ]
[WARN] [1754192837.229509205] [solver_node]: [PoseSolver_angle] 前面的计算没有结果
[INFO] [1754192837.242531525] [solver_node]: 求解器返回 0 个解
[WARN] [1754192837.251316935] [solver_node]: 没有合适的解，不发布TF变换
[INFO] [1754192837.267333166] [solver_node]: 收到5个激光点，处理后5个有效点
[INFO] [1754192837.276042127] [solver_node]: 当前位置: x=7.876, y=0.392, angle=-3.133
[INFO] [1754192837.302048558] [solver_node]: 激光距离数据: [6.508 7.502 7.533 0.47  1.91 ]
[WARN] [1754192837.329954384] [solver_node]: [PoseSolver_angle] 前面的计算没有结果
[INFO] [1754192837.356276021] [solver_node]: 求解器返回 0 个解
[WARN] [1754192837.383442025] [solver_node]: 没有合适的解，不发布TF变换
[INFO] [1754192837.400083228] [solver_node]: 收到5个激光点，处理后5个有效点
[INFO] [1754192837.420467091] [solver_node]: 当前位置: x=7.871, y=0.388, angle=-3.133
[INFO] [1754192837.446195117] [solver_node]: 激光距离数据: [6.508 7.502 7.533 0.47  1.91 ]
[WARN] [1754192837.456198470] [solver_node]: [PoseSolver_angle] 前面的计算没有结果
[INFO] [1754192837.459389152] [solver_node]: 求解器返回 0 个解
[WARN] [1754192837.460264176] [solver_node]: 没有合适的解，不发布TF变换
[INFO] [1754192837.461809869] [solver_node]: 收到5个激光点，处理后5个有效点
[INFO] [1754192837.473284896] [solver_node]: 当前位置: x=7.869, y=0.386, angle=-3.133
[INFO] [1754192837.474533367] [solver_node]: 激光距离数据: [6.508 7.502 7.533 0.47  1.91 ]
[WARN] [1754192837.481782845] [solver_node]: [PoseSolver_angle] 前面的计算没有结果
[INFO] [1754192837.482532171] [solver_node]: 求解器返回 0 个解
[WARN] [1754192837.488423223] [solver_node]: 没有合适的解，不发布TF变换
[INFO] [1754192837.549067860] [solver_node]: 收到5个激光点，处理后5个有效点
[INFO] [1754192837.554145170] [solver_node]: 当前位置: x=7.878, y=0.379, angle=-3.138
[INFO] [1754192837.556806467] [solver_node]: 激光距离数据: [6.508 7.502 7.533 0.47  1.91 ]
[WARN] [1754192837.575442330] [solver_node]: [PoseSolver_angle] 前面的计算没有结果
[INFO] [1754192837.576223593] [solver_node]: 求解器返回 0 个解
[WARN] [1754192837.589316986] [solver_node]: 没有合适的解，不发布TF变换
[INFO] [1754192837.659053919] [solver_node]: 收到5个激光点，处理后5个有效点
[INFO] [1754192837.670767126] [solver_node]: 当前位置: x=7.897, y=0.390, angle=-3.133
[INFO] [1754192837.672413717] [solver_node]: 激光距离数据: [6.508 7.502 7.533 0.47  1.91 ]
[WARN] [1754192837.695613376] [solver_node]: [PoseSolver_angle] 前面的计算没有结果
[INFO] [1754192837.708777491] [solver_node]: 求解器返回 0 个解
[WARN] [1754192837.711705833] [solver_node]: 没有合适的解，不发布TF变换
[INFO] [1754192837.757407635] [solver_node]: 收到5个激光点，处理后5个有效点
[INFO] [1754192837.765651946] [solver_node]: 当前位置: x=7.868, y=0.398, angle=-3.133
[INFO] [1754192837.767673936] [solver_node]: 激光距离数据: [6.508 7.502 7.533 0.47  1.91 ]
[WARN] [1754192837.781713970] [solver_node]: [PoseSolver_angle] 前面的计算没有结果
[INFO] [1754192837.782585666] [solver_node]: 求解器返回 0 个解
[WARN] [1754192837.783306768] [solver_node]: 没有合适的解，不发布TF变换
[INFO] [1754192837.861271084] [solver_node]: 收到5个激光点，处理后5个有效点
[INFO] [1754192837.874820870] [solver_node]: 当前位置: x=7.874, y=0.393, angle=-3.133
[INFO] [1754192837.883277057] [solver_node]: 激光距离数据: [6.508 7.502 7.533 0.47  1.91 ]
[WARN] [1754192837.913969975] [solver_node]: [PoseSolver_angle] 前面的计算没有结果
[INFO] [1754192837.920020582] [solver_node]: 求解器返回 0 个解
[WARN] [1754192837.928375936] [solver_node]: 没有合适的解，不发布TF变换
[INFO] [1754192837.956134976] [solver_node]: 收到5个激光点，处理后5个有效点
[INFO] [1754192837.964121299] [solver_node]: 当前位置: x=7.890, y=0.397, angle=-3.134
[INFO] [1754192837.968560677] [solver_node]: 激光距离数据: [6.508 7.502 7.533 0.47  1.91 ]
[WARN] [1754192838.045688081] [solver_node]: [PoseSolver_angle] 前面的计算没有结果
[INFO] [1754192838.047659093] [solver_node]: 求解器返回 0 个解
[WARN] [1754192838.049999360] [solver_node]: 没有合适的解，不发布TF变换
[INFO] [1754192838.063095954] [solver_node]: 收到5个激光点，处理后5个有效点
[INFO] [1754192838.070080722] [solver_node]: 当前位置: x=7.872, y=0.382, angle=-3.135
[INFO] [1754192838.073736406] [solver_node]: 激光距离数据: [6.508 7.502 7.533 0.47  1.91 ]
[WARN] [1754192838.095951791] [solver_node]: [PoseSolver_angle] 前面的计算没有结果
[INFO] [1754192838.103567675] [solver_node]: 求解器返回 0 个解
[WARN] [1754192838.111702001] [solver_node]: 没有合适的解，不发布TF变换
[INFO] [1754192838.148924510] [solver_node]: 收到5个激光点，处理后5个有效点
[INFO] [1754192838.154614727] [solver_node]: 当前位置: x=7.865, y=0.385, angle=-3.134
[INFO] [1754192838.158743667] [solver_node]: 激光距离数据: [6.508 7.502 7.533 0.47  1.91 ]
[WARN] [1754192838.168611945] [solver_node]: [PoseSolver_angle] 前面的计算没有结果
[INFO] [1754192838.173715015] [solver_node]: 求解器返回 0 个解
[WARN] [1754192838.183668190] [solver_node]: 没有合适的解，不发布TF变换
[INFO] [1754192838.282593852] [solver_node]: 收到5个激光点，处理后5个有效点
[INFO] [1754192838.313333554] [solver_node]: 当前位置: x=7.858, y=0.383, angle=-3.133
[INFO] [1754192838.315458553] [solver_node]: 激光距离数据: [6.508 7.502 7.533 0.47  1.91 ]
[WARN] [1754192838.344446863] [solver_node]: [PoseSolver_angle] 前面的计算没有结果
[INFO] [1754192838.354896783] [solver_node]: 求解器返回 0 个解
[WARN] [1754192838.359523076] [solver_node]: 没有合适的解，不发布TF变换
[INFO] [1754192838.373321154] [solver_node]: 收到5个激光点，处理后5个有效点
[INFO] [1754192838.389389450] [solver_node]: 当前位置: x=7.872, y=0.393, angle=-3.132
[INFO] [1754192838.401383207] [solver_node]: 激光距离数据: [6.508 7.502 7.533 0.47  1.91 ]
[WARN] [1754192838.415546508] [solver_node]: [PoseSolver_angle] 前面的计算没有结果
[INFO] [1754192838.436897365] [solver_node]: 求解器返回 0 个解
[WARN] [1754192838.452442963] [solver_node]: 没有合适的解，不发布TF变换
[INFO] [1754192838.464420784] [solver_node]: 收到5个激光点，处理后5个有效点
[INFO] [1754192838.473998880] [solver_node]: 当前位置: x=7.866, y=0.384, angle=-3.133
[INFO] [1754192838.477518113] [solver_node]: 激光距离数据: [6.508 7.502 7.533 0.47  1.91 ]
[WARN] [1754192838.529771971] [solver_node]: [PoseSolver_angle] 前面的计算没有结果
[INFO] [1754192838.531260415] [solver_node]: 求解器返回 0 个解
[WARN] [1754192838.532056941] [solver_node]: 没有合适的解，不发布TF变换
[INFO] [1754192838.546836990] [solver_node]: 收到5个激光点，处理后5个有效点
[INFO] [1754192838.554627277] [solver_node]: 当前位置: x=7.865, y=0.385, angle=-3.134
[INFO] [1754192838.555824035] [solver_node]: 激光距离数据: [6.508 7.502 7.533 0.47  1.91 ]
[WARN] [1754192838.561022755] [solver_node]: [PoseSolver_angle] 前面的计算没有结果
[INFO] [1754192838.561728656] [solver_node]: 求解器返回 0 个解
[WARN] [1754192838.593606843] [solver_node]: 没有合适的解，不发布TF变换
[INFO] [1754192838.654306617] [solver_node]: 收到5个激光点，处理后5个有效点
[INFO] [1754192838.663794855] [solver_node]: 当前位置: x=7.871, y=0.389, angle=-3.133
[INFO] [1754192838.665263170] [solver_node]: 激光距离数据: [6.508 7.502 7.533 0.47  1.91 ]
[WARN] [1754192838.697672183] [solver_node]: [PoseSolver_angle] 前面的计算没有结果
[INFO] [1754192838.699034320] [solver_node]: 求解器返回 0 个解
[WARN] [1754192838.699853087] [solver_node]: 没有合适的解，不发布TF变换
[INFO] [1754192838.752299973] [solver_node]: 收到5个激光点，处理后5个有效点
[INFO] [1754192838.759409416] [solver_node]: 当前位置: x=7.872, y=0.389, angle=-3.133
[INFO] [1754192838.766848689] [solver_node]: 激光距离数据: [6.508 7.502 7.533 0.47  1.91 ]
[WARN] [1754192838.786113268] [solver_node]: [PoseSolver_angle] 前面的计算没有结果
[INFO] [1754192838.795231452] [solver_node]: 求解器返回 0 个解
[WARN] [1754192838.796668182] [solver_node]: 没有合适的解，不发布TF变换
[INFO] [1754192838.852419449] [solver_node]: 收到5个激光点，处理后5个有效点
[INFO] [1754192838.858051905] [solver_node]: 当前位置: x=7.872, y=0.392, angle=-3.133
[INFO] [1754192838.859259447] [solver_node]: 激光距离数据: [6.508 7.502 7.533 0.47  1.91 ]
[WARN] [1754192838.864821501] [solver_node]: [PoseSolver_angle] 前面的计算没有结果
[INFO] [1754192838.865540458] [solver_node]: 求解器返回 0 个解
[WARN] [1754192838.877117984] [solver_node]: 没有合适的解，不发布TF变换
[INFO] [1754192838.949186319] [solver_node]: 收到5个激光点，处理后5个有效点
[INFO] [1754192838.950861134] [solver_node]: 当前位置: x=7.874, y=0.391, angle=-3.135
[INFO] [1754192838.952678959] [solver_node]: 激光距离数据: [6.508 7.502 7.533 0.47  1.91 ]
[WARN] [1754192838.965838753] [solver_node]: [PoseSolver_angle] 前面的计算没有结果
[INFO] [1754192838.966583823] [solver_node]: 求解器返回 0 个解
[WARN] [1754192838.967313053] [solver_node]: 没有合适的解，不发布TF变换
[INFO] [1754192839.048661590] [solver_node]: 收到5个激光点，处理后5个有效点
[INFO] [1754192839.052657152] [solver_node]: 当前位置: x=7.871, y=0.393, angle=-3.134
[INFO] [1754192839.054205052] [solver_node]: 激光距离数据: [6.508 7.502 7.533 0.47  1.91 ]
[WARN] [1754192839.076766332] [solver_node]: [PoseSolver_angle] 前面的计算没有结果
[INFO] [1754192839.077605899] [solver_node]: 求解器返回 0 个解
[WARN] [1754192839.079078470] [solver_node]: 没有合适的解，不发布TF变换
[INFO] [1754192839.160479232] [solver_node]: 收到5个激光点，处理后5个有效点
[INFO] [1754192839.174619397] [solver_node]: 当前位置: x=7.878, y=0.360, angle=-3.133
[INFO] [1754192839.175812731] [solver_node]: 激光距离数据: [6.508 7.502 7.533 0.47  1.91 ]
[WARN] [1754192839.184061843] [solver_node]: [PoseSolver_angle] 前面的计算没有结果
[INFO] [1754192839.193298973] [solver_node]: 求解器返回 0 个解
[WARN] [1754192839.194920026] [solver_node]: 没有合适的解，不发布TF变换
[INFO] [1754192839.252816004] [solver_node]: 收到5个激光点，处理后5个有效点
[INFO] [1754192839.265825940] [solver_node]: 当前位置: x=7.872, y=0.387, angle=-3.133
[INFO] [1754192839.267022602] [solver_node]: 激光距离数据: [6.508 7.502 7.533 0.47  1.91 ]
[WARN] [1754192839.280900009] [solver_node]: [PoseSolver_angle] 前面的计算没有结果
[INFO] [1754192839.283491065] [solver_node]: 求解器返回 0 个解
[WARN] [1754192839.285041781] [solver_node]: 没有合适的解，不发布TF变换
[INFO] [1754192839.354367729] [solver_node]: 收到5个激光点，处理后5个有效点
[INFO] [1754192839.365250266] [solver_node]: 当前位置: x=7.875, y=0.395, angle=-3.133
[INFO] [1754192839.367422338] [solver_node]: 激光距离数据: [6.508 7.502 7.533 0.47  1.91 ]
[WARN] [1754192839.382039087] [solver_node]: [PoseSolver_angle] 前面的计算没有结果
[INFO] [1754192839.384913060] [solver_node]: 求解器返回 0 个解
[WARN] [1754192839.387268431] [solver_node]: 没有合适的解，不发布TF变换
[INFO] [1754192839.446884088] [solver_node]: 收到5个激光点，处理后5个有效点
[INFO] [1754192839.449742445] [solver_node]: 当前位置: x=7.873, y=0.420, angle=-3.133
[INFO] [1754192839.451429612] [solver_node]: 激光距离数据: [6.508 7.502 7.533 0.47  1.91 ]
[WARN] [1754192839.467038635] [solver_node]: [PoseSolver_angle] 前面的计算没有结果
[INFO] [1754192839.469000111] [solver_node]: 求解器返回 0 个解
[WARN] [1754192839.484715825] [solver_node]: 没有合适的解，不发布TF变换
[INFO] [1754192839.557029636] [solver_node]: 收到5个激光点，处理后5个有效点
[INFO] [1754192839.559359759] [solver_node]: 当前位置: x=7.890, y=0.370, angle=-3.132
[INFO] [1754192839.562519497] [solver_node]: 激光距离数据: [6.508 7.502 7.533 0.47  1.91 ]
[WARN] [1754192839.581437157] [solver_node]: [PoseSolver_angle] 前面的计算没有结果
[INFO] [1754192839.582255284] [solver_node]: 求解器返回 0 个解
[WARN] [1754192839.582993538] [solver_node]: 没有合适的解，不发布TF变换
[INFO] [1754192839.650923620] [solver_node]: 收到5个激光点，处理后5个有效点
[INFO] [1754192839.665273964] [solver_node]: 当前位置: x=7.857, y=0.395, angle=-3.133
[INFO] [1754192839.687778154] [solver_node]: 激光距离数据: [6.508 7.502 7.533 0.47  1.91 ]
[WARN] [1754192839.701801869] [solver_node]: [PoseSolver_angle] 前面的计算没有结果
[INFO] [1754192839.713247071] [solver_node]: 求解器返回 0 个解
[WARN] [1754192839.714364564] [solver_node]: 没有合适的解，不发布TF变换
[INFO] [1754192839.769883218] [solver_node]: 收到5个激光点，处理后5个有效点
[INFO] [1754192839.774703242] [solver_node]: 当前位置: x=7.869, y=0.394, angle=-3.134
[INFO] [1754192839.775934145] [solver_node]: 激光距离数据: [6.508 7.502 7.533 0.47  1.91 ]
[WARN] [1754192839.788445159] [solver_node]: [PoseSolver_angle] 前面的计算没有结果
[INFO] [1754192839.791484255] [solver_node]: 求解器返回 0 个解
[WARN] [1754192839.802852145] [solver_node]: 没有合适的解，不发布TF变换
[INFO] [1754192839.854812269] [solver_node]: 收到5个激光点，处理后5个有效点
[INFO] [1754192839.864654754] [solver_node]: 当前位置: x=7.871, y=0.388, angle=-3.132
[INFO] [1754192839.868292549] [solver_node]: 激光距离数据: [6.508 7.502 7.533 0.47  1.91 ]
[WARN] [1754192839.909849122] [solver_node]: [PoseSolver_angle] 前面的计算没有结果
[INFO] [1754192839.912712919] [solver_node]: 求解器返回 0 个解
[WARN] [1754192839.914267027] [solver_node]: 没有合适的解，不发布TF变换
[INFO] [1754192839.949816674] [solver_node]: 收到5个激光点，处理后5个有效点
[INFO] [1754192839.955903250] [solver_node]: 当前位置: x=7.867, y=0.387, angle=-3.132
[INFO] [1754192839.960943823] [solver_node]: 激光距离数据: [6.508 7.502 7.533 0.47  1.91 ]
[WARN] [1754192839.978311886] [solver_node]: [PoseSolver_angle] 前面的计算没有结果
[INFO] [1754192839.979085404] [solver_node]: 求解器返回 0 个解
[WARN] [1754192839.980404757] [solver_node]: 没有合适的解，不发布TF变换
[INFO] [1754192840.048522554] [solver_node]: 收到5个激光点，处理后5个有效点
[INFO] [1754192840.075134916] [solver_node]: 当前位置: x=7.875, y=0.390, angle=-3.133
[INFO] [1754192840.099131517] [solver_node]: 激光距离数据: [6.508 7.502 7.533 0.47  1.91 ]
[WARN] [1754192840.105170604] [solver_node]: [PoseSolver_angle] 前面的计算没有结果
[INFO] [1754192840.107010510] [solver_node]: 求解器返回 0 个解
[WARN] [1754192840.108364071] [solver_node]: 没有合适的解，不发布TF变换
[INFO] [1754192840.152852250] [solver_node]: 收到5个激光点，处理后5个有效点
[INFO] [1754192840.168769503] [solver_node]: 当前位置: x=7.881, y=0.393, angle=-3.132
[INFO] [1754192840.170685090] [solver_node]: 激光距离数据: [6.508 7.502 7.533 0.47  1.91 ]
[WARN] [1754192840.179144286] [solver_node]: [PoseSolver_angle] 前面的计算没有结果
[INFO] [1754192840.179906796] [solver_node]: 求解器返回 0 个解
[WARN] [1754192840.192866426] [solver_node]: 没有合适的解，不发布TF变换
[INFO] [1754192840.267817629] [solver_node]: 收到5个激光点，处理后5个有效点
[INFO] [1754192840.281915712] [solver_node]: 当前位置: x=7.862, y=0.388, angle=-3.134
[INFO] [1754192840.304355229] [solver_node]: 激光距离数据: [6.508 7.502 7.533 0.47  1.91 ]
[WARN] [1754192840.313356355] [solver_node]: [PoseSolver_angle] 前面的计算没有结果
[INFO] [1754192840.317402285] [solver_node]: 求解器返回 0 个解
[WARN] [1754192840.318619460] [solver_node]: 没有合适的解，不发布TF变换
[INFO] [1754192840.350403117] [solver_node]: 收到5个激光点，处理后5个有效点
[INFO] [1754192840.368931649] [solver_node]: 当前位置: x=7.875, y=0.384, angle=-3.133
[INFO] [1754192840.371110634] [solver_node]: 激光距离数据: [6.508 7.502 7.533 0.47  1.91 ]
[WARN] [1754192840.391536033] [solver_node]: [PoseSolver_angle] 前面的计算没有结果
[INFO] [1754192840.395978643] [solver_node]: 求解器返回 0 个解
[WARN] [1754192840.397477807] [solver_node]: 没有合适的解，不发布TF变换
[INFO] [1754192840.458352879] [solver_node]: 收到5个激光点，处理后5个有效点
[INFO] [1754192840.472537076] [solver_node]: 当前位置: x=7.872, y=0.386, angle=-3.134
[INFO] [1754192840.485409249] [solver_node]: 激光距离数据: [6.508 7.502 7.533 0.47  1.91 ]
[WARN] [1754192840.520177568] [solver_node]: [PoseSolver_angle] 前面的计算没有结果
[INFO] [1754192840.524972312] [solver_node]: 求解器返回 0 个解
[WARN] [1754192840.539699303] [solver_node]: 没有合适的解，不发布TF变换
[INFO] [1754192840.559601910] [solver_node]: 收到5个激光点，处理后5个有效点
[INFO] [1754192840.587908350] [solver_node]: 当前位置: x=7.876, y=0.392, angle=-3.133
[INFO] [1754192840.591286941] [solver_node]: 激光距离数据: [6.508 7.502 7.533 0.47  1.91 ]
[WARN] [1754192840.615028625] [solver_node]: [PoseSolver_angle] 前面的计算没有结果
[INFO] [1754192840.616176327] [solver_node]: 求解器返回 0 个解
[WARN] [1754192840.618795383] [solver_node]: 没有合适的解，不发布TF变换
[INFO] [1754192840.655834496] [solver_node]: 收到5个激光点，处理后5个有效点
[INFO] [1754192840.698748054] [solver_node]: 当前位置: x=7.883, y=0.389, angle=-3.133
[INFO] [1754192840.705173388] [solver_node]: 激光距离数据: [6.508 7.502 7.533 0.47  1.91 ]
[WARN] [1754192840.730397948] [solver_node]: [PoseSolver_angle] 前面的计算没有结果
[INFO] [1754192840.731238476] [solver_node]: 求解器返回 0 个解
[WARN] [1754192840.745498162] [solver_node]: 没有合适的解，不发布TF变换
[INFO] [1754192840.757264010] [solver_node]: 收到5个激光点，处理后5个有效点
[INFO] [1754192840.795924978] [solver_node]: 当前位置: x=7.876, y=0.391, angle=-3.133
[INFO] [1754192840.797356524] [solver_node]: 激光距离数据: [6.508 7.502 7.533 0.47  1.91 ]
[WARN] [1754192840.822810016] [solver_node]: [PoseSolver_angle] 前面的计算没有结果
[INFO] [1754192840.830170376] [solver_node]: 求解器返回 0 个解
[WARN] [1754192840.866854635] [solver_node]: 没有合适的解，不发布TF变换
