[INFO] [1754193569.175126746] [solver_node]: 收到5个激光点，处理后5个有效点
[INFO] [1754193569.181772000] [solver_node]: 当前位置: x=7.872, y=0.477, angle=-3.102
[INFO] [1754193569.184232774] [solver_node]: 激光距离数据: [0.122 7.476 7.538 0.865 1.923]
[INFO] [1754193569.204203065] [solver_node]: 求解器返回 4 个解
[INFO] [1754193569.208319833] [solver_node]: 无效解: x=1.318, y=0.489, 距离=6.554 > 阈值1.500
[INFO] [1754193569.211772686] [solver_node]: 无效解: x=6.284, y=0.426, 距离=1.588 > 阈值1.500
[INFO] [1754193569.212665756] [solver_node]: 无效解: x=1.485, y=0.426, 距离=6.386 > 阈值1.500
[INFO] [1754193569.213337830] [solver_node]: 无效解: x=1.318, y=5.832, 距离=8.463 > 阈值1.500
[WARN] [1754193569.228915574] [solver_node]: 没有满足距离要求的解
[WARN] [1754193569.235515227] [solver_node]: 没有合适的解，不发布TF变换
[INFO] [1754193569.241803580] [solver_node]: 收到5个激光点，处理后5个有效点
[INFO] [1754193569.246446595] [solver_node]: 收到5个激光点，处理后5个有效点
[INFO] [1754193569.251988376] [solver_node]: 收到5个激光点，处理后5个有效点
[INFO] [1754193569.271537317] [solver_node]: 当前位置: x=7.849, y=0.493, angle=-3.102
[INFO] [1754193569.283489277] [solver_node]: 激光距离数据: [0.122 7.476 7.538 0.865 1.923]
[INFO] [1754193569.384894645] [solver_node]: 求解器返回 4 个解
[INFO] [1754193569.417010531] [solver_node]: 无效解: x=1.319, y=0.492, 距离=6.530 > 阈值1.500
[INFO] [1754193569.427240416] [solver_node]: 无效解: x=6.285, y=0.428, 距离=1.565 > 阈值1.500
[INFO] [1754193569.430222158] [solver_node]: 无效解: x=1.485, y=0.428, 距离=6.365 > 阈值1.500
[INFO] [1754193569.447581433] [solver_node]: 无效解: x=1.319, y=5.830, 距离=8.434 > 阈值1.500
[WARN] [1754193569.459034281] [solver_node]: 没有满足距离要求的解
[WARN] [1754193569.491224121] [solver_node]: 没有合适的解，不发布TF变换
[INFO] [1754193569.496387720] [solver_node]: 收到5个激光点，处理后5个有效点
[INFO] [1754193569.520005043] [solver_node]: 收到5个激光点，处理后5个有效点
[INFO] [1754193569.560274655] [solver_node]: 收到5个激光点，处理后5个有效点
[INFO] [1754193569.577309061] [solver_node]: 当前位置: x=7.876, y=0.481, angle=-3.102
[INFO] [1754193569.588956632] [solver_node]: 激光距离数据: [0.122 7.476 7.538 0.865 1.923]
[INFO] [1754193569.689729830] [solver_node]: 求解器返回 4 个解
[INFO] [1754193569.720216667] [solver_node]: 无效解: x=1.317, y=0.486, 距离=6.559 > 阈值1.500
[INFO] [1754193569.725856754] [solver_node]: 无效解: x=6.284, y=0.425, 距离=1.593 > 阈值1.500
[INFO] [1754193569.751400923] [solver_node]: 无效解: x=1.486, y=0.425, 距离=6.390 > 阈值1.500
[INFO] [1754193569.761575319] [solver_node]: 无效解: x=1.317, y=5.833, 距离=8.465 > 阈值1.500
[WARN] [1754193569.789347906] [solver_node]: 没有满足距离要求的解
[WARN] [1754193569.819147949] [solver_node]: 没有合适的解，不发布TF变换
[INFO] [1754193569.832842240] [solver_node]: 收到5个激光点，处理后5个有效点
[INFO] [1754193569.837484103] [solver_node]: 收到5个激光点，处理后5个有效点
[INFO] [1754193569.864856748] [solver_node]: 当前位置: x=7.838, y=0.489, angle=-3.102
[INFO] [1754193569.886773853] [solver_node]: 激光距离数据: [0.122 7.476 7.538 0.865 1.923]
[INFO] [1754193569.914946350] [solver_node]: 求解器返回 4 个解
[INFO] [1754193569.916145217] [solver_node]: 无效解: x=1.319, y=0.492, 距离=6.519 > 阈值1.500
[INFO] [1754193569.917156400] [solver_node]: 无效解: x=6.285, y=0.428, 距离=1.554 > 阈值1.500
[INFO] [1754193569.918115679] [solver_node]: 无效解: x=1.485, y=0.428, 距离=6.353 > 阈值1.500
[INFO] [1754193569.919271633] [solver_node]: 无效解: x=1.319, y=5.830, 距离=8.427 > 阈值1.500
[WARN] [1754193569.920265504] [solver_node]: 没有满足距离要求的解
[WARN] [1754193569.921252015] [solver_node]: 没有合适的解，不发布TF变换
[INFO] [1754193569.922804871] [solver_node]: 收到5个激光点，处理后5个有效点
[INFO] [1754193569.943154048] [solver_node]: 当前位置: x=7.860, y=0.504, angle=-3.102
[INFO] [1754193569.953888262] [solver_node]: 激光距离数据: [0.122 7.476 7.538 0.865 1.923]
[INFO] [1754193570.012098149] [solver_node]: 求解器返回 4 个解
[INFO] [1754193570.018621129] [solver_node]: 无效解: x=1.319, y=0.492, 距离=6.541 > 阈值1.500
[INFO] [1754193570.026713382] [solver_node]: 无效解: x=6.285, y=0.428, 距离=1.577 > 阈值1.500
[INFO] [1754193570.027707189] [solver_node]: 无效解: x=1.485, y=0.428, 距离=6.376 > 阈值1.500
[INFO] [1754193570.039697197] [solver_node]: 无效解: x=1.319, y=5.830, 距离=8.435 > 阈值1.500
[WARN] [1754193570.042886430] [solver_node]: 没有满足距离要求的解
[WARN] [1754193570.046347860] [solver_node]: 没有合适的解，不发布TF变换
[INFO] [1754193570.047889867] [solver_node]: 收到5个激光点，处理后5个有效点
[INFO] [1754193570.050209903] [solver_node]: 收到5个激光点，处理后5个有效点
[INFO] [1754193570.092391480] [solver_node]: 当前位置: x=7.858, y=0.491, angle=-3.102
[INFO] [1754193570.124451077] [solver_node]: 激光距离数据: [0.122 7.476 7.538 0.865 1.923]
[INFO] [1754193570.166152902] [solver_node]: 求解器返回 4 个解
[INFO] [1754193570.168776015] [solver_node]: 无效解: x=1.317, y=0.488, 距离=6.541 > 阈值1.500
[INFO] [1754193570.170881711] [solver_node]: 无效解: x=6.284, y=0.426, 距离=1.575 > 阈值1.500
[INFO] [1754193570.174455078] [solver_node]: 无效解: x=1.486, y=0.426, 距离=6.373 > 阈值1.500
[INFO] [1754193570.176635144] [solver_node]: 无效解: x=1.317, y=5.832, 距离=8.445 > 阈值1.500
[WARN] [1754193570.179181679] [solver_node]: 没有满足距离要求的解
[WARN] [1754193570.182627716] [solver_node]: 没有合适的解，不发布TF变换
[INFO] [1754193570.184900615] [solver_node]: 收到5个激光点，处理后5个有效点
[INFO] [1754193570.219939682] [solver_node]: 当前位置: x=7.865, y=0.492, angle=-3.102
[INFO] [1754193570.222805806] [solver_node]: 激光距离数据: [0.122 7.476 7.538 0.865 1.923]
[INFO] [1754193570.252078832] [solver_node]: 求解器返回 4 个解
[INFO] [1754193570.262495376] [solver_node]: 无效解: x=1.317, y=0.488, 距离=6.547 > 阈值1.500
[INFO] [1754193570.271733918] [solver_node]: 无效解: x=6.284, y=0.426, 距离=1.582 > 阈值1.500
[INFO] [1754193570.283307248] [solver_node]: 无效解: x=1.486, y=0.426, 距离=6.380 > 阈值1.500
[INFO] [1754193570.289047017] [solver_node]: 无效解: x=1.317, y=5.832, 距离=8.449 > 阈值1.500
[WARN] [1754193570.316027944] [solver_node]: 没有满足距离要求的解
[WARN] [1754193570.329493783] [solver_node]: 没有合适的解，不发布TF变换
[INFO] [1754193570.332979436] [solver_node]: 收到5个激光点，处理后5个有效点
[INFO] [1754193570.361430178] [solver_node]: 当前位置: x=7.860, y=0.490, angle=-3.102
[INFO] [1754193570.380080929] [solver_node]: 激光距离数据: [0.122 7.476 7.538 0.865 1.923]
[INFO] [1754193570.460254034] [solver_node]: 求解器返回 4 个解
[INFO] [1754193570.472276523] [solver_node]: 无效解: x=1.318, y=0.489, 距离=6.543 > 阈值1.500
[INFO] [1754193570.490731879] [solver_node]: 无效解: x=6.285, y=0.426, 距离=1.577 > 阈值1.500
[INFO] [1754193570.526073862] [solver_node]: 无效解: x=1.485, y=0.426, 距离=6.375 > 阈值1.500
[INFO] [1754193570.533781245] [solver_node]: 无效解: x=1.318, y=5.832, 距离=8.446 > 阈值1.500
[WARN] [1754193570.546099066] [solver_node]: 没有满足距离要求的解
[WARN] [1754193570.558570650] [solver_node]: 没有合适的解，不发布TF变换
[INFO] [1754193570.562531607] [solver_node]: 收到5个激光点，处理后5个有效点
[INFO] [1754193570.566349778] [solver_node]: 收到5个激光点，处理后5个有效点
[INFO] [1754193570.570457681] [solver_node]: 收到5个激光点，处理后5个有效点
[INFO] [1754193570.592963115] [solver_node]: 当前位置: x=7.864, y=0.492, angle=-3.102
[INFO] [1754193570.597559282] [solver_node]: 激光距离数据: [0.122 7.476 7.538 0.865 1.923]
[INFO] [1754193570.661568234] [solver_node]: 求解器返回 4 个解
[INFO] [1754193570.666749978] [solver_node]: 无效解: x=1.319, y=0.493, 距离=6.545 > 阈值1.500
[INFO] [1754193570.673291903] [solver_node]: 无效解: x=6.286, y=0.429, 距离=1.580 > 阈值1.500
[INFO] [1754193570.686364552] [solver_node]: 无效解: x=1.485, y=0.429, 距离=6.380 > 阈值1.500
[INFO] [1754193570.688957520] [solver_node]: 无效解: x=1.319, y=5.830, 距离=8.446 > 阈值1.500
[WARN] [1754193570.691094000] [solver_node]: 没有满足距离要求的解
[WARN] [1754193570.727531201] [solver_node]: 没有合适的解，不发布TF变换
[INFO] [1754193570.729775107] [solver_node]: 收到5个激光点，处理后5个有效点
[INFO] [1754193570.750226398] [solver_node]: 收到5个激光点，处理后5个有效点
[INFO] [1754193570.768144722] [solver_node]: 当前位置: x=7.856, y=0.484, angle=-3.102
[INFO] [1754193570.780155978] [solver_node]: 激光距离数据: [0.122 7.476 7.538 0.865 1.923]
[INFO] [1754193570.841782558] [solver_node]: 求解器返回 4 个解
[INFO] [1754193570.864044469] [solver_node]: 无效解: x=1.319, y=0.492, 距离=6.538 > 阈值1.500
[INFO] [1754193570.867759086] [solver_node]: 无效解: x=6.285, y=0.428, 距离=1.572 > 阈值1.500
[INFO] [1754193570.875193760] [solver_node]: 无效解: x=1.485, y=0.428, 距离=6.372 > 阈值1.500
[INFO] [1754193570.885100152] [solver_node]: 无效解: x=1.319, y=5.830, 距离=8.445 > 阈值1.500
[WARN] [1754193570.901381299] [solver_node]: 没有满足距离要求的解
[WARN] [1754193570.916293816] [solver_node]: 没有合适的解，不发布TF变换
[INFO] [1754193570.920754045] [solver_node]: 收到5个激光点，处理后5个有效点
[INFO] [1754193570.942955634] [solver_node]: 当前位置: x=7.858, y=0.486, angle=-3.103
[INFO] [1754193570.982518675] [solver_node]: 激光距离数据: [0.122 7.476 7.538 0.865 1.923]
[INFO] [1754193571.053004143] [solver_node]: 求解器返回 4 个解
[INFO] [1754193571.054657064] [solver_node]: 无效解: x=1.315, y=0.482, 距离=6.543 > 阈值1.500
[INFO] [1754193571.056264737] [solver_node]: 无效解: x=6.283, y=0.423, 距离=1.577 > 阈值1.500
[INFO] [1754193571.057826617] [solver_node]: 无效解: x=1.487, y=0.423, 距离=6.372 > 阈值1.500
[INFO] [1754193571.059380625] [solver_node]: 无效解: x=1.315, y=5.835, 距离=8.451 > 阈值1.500
[WARN] [1754193571.062911015] [solver_node]: 没有满足距离要求的解
[WARN] [1754193571.065282156] [solver_node]: 没有合适的解，不发布TF变换
[INFO] [1754193571.067315947] [solver_node]: 收到5个激光点，处理后5个有效点
[INFO] [1754193571.071390186] [solver_node]: 当前位置: x=7.858, y=0.488, angle=-3.103
[INFO] [1754193571.074150612] [solver_node]: 激光距离数据: [0.122 7.476 7.538 0.865 1.923]
[INFO] [1754193571.112520514] [solver_node]: 求解器返回 4 个解
[INFO] [1754193571.114523553] [solver_node]: 无效解: x=1.317, y=0.486, 距离=6.541 > 阈值1.500
[INFO] [1754193571.115657778] [solver_node]: 无效解: x=6.284, y=0.425, 距离=1.576 > 阈值1.500
[INFO] [1754193571.116786404] [solver_node]: 无效解: x=1.486, y=0.425, 距离=6.372 > 阈值1.500
[INFO] [1754193571.117768627] [solver_node]: 无效解: x=1.317, y=5.833, 距离=8.447 > 阈值1.500
[WARN] [1754193571.119070215] [solver_node]: 没有满足距离要求的解
[WARN] [1754193571.120282713] [solver_node]: 没有合适的解，不发布TF变换
[INFO] [1754193571.121489484] [solver_node]: 收到5个激光点，处理后5个有效点
[INFO] [1754193571.144523502] [solver_node]: 当前位置: x=7.865, y=0.489, angle=-3.102
[INFO] [1754193571.165967032] [solver_node]: 激光距离数据: [0.122 7.476 7.538 0.865 1.923]
[INFO] [1754193571.173713583] [solver_node]: 求解器返回 4 个解
[INFO] [1754193571.175193574] [solver_node]: 无效解: x=1.319, y=0.492, 距离=6.546 > 阈值1.500
[INFO] [1754193571.176038931] [solver_node]: 无效解: x=6.285, y=0.428, 距离=1.581 > 阈值1.500
[INFO] [1754193571.176954337] [solver_node]: 无效解: x=1.485, y=0.428, 距离=6.381 > 阈值1.500
[INFO] [1754193571.177745965] [solver_node]: 无效解: x=1.319, y=5.830, 距离=8.449 > 阈值1.500
[WARN] [1754193571.178567450] [solver_node]: 没有满足距离要求的解
[WARN] [1754193571.179373254] [solver_node]: 没有合适的解，不发布TF变换
[INFO] [1754193571.187659750] [solver_node]: 收到5个激光点，处理后5个有效点
[INFO] [1754193571.199993859] [solver_node]: 当前位置: x=7.859, y=0.492, angle=-3.102
[INFO] [1754193571.201471226] [solver_node]: 激光距离数据: [0.122 7.476 7.538 0.865 1.923]
[INFO] [1754193571.218779812] [solver_node]: 求解器返回 4 个解
[INFO] [1754193571.219684978] [solver_node]: 无效解: x=1.319, y=0.492, 距离=6.540 > 阈值1.500
[INFO] [1754193571.237448131] [solver_node]: 无效解: x=6.285, y=0.428, 距离=1.575 > 阈值1.500
[INFO] [1754193571.238449139] [solver_node]: 无效解: x=1.485, y=0.428, 距离=6.375 > 阈值1.500
[INFO] [1754193571.239350401] [solver_node]: 无效解: x=1.319, y=5.830, 距离=8.442 > 阈值1.500
[WARN] [1754193571.240195950] [solver_node]: 没有满足距离要求的解
[WARN] [1754193571.241187517] [solver_node]: 没有合适的解，不发布TF变换
[INFO] [1754193571.256028961] [solver_node]: 收到5个激光点，处理后5个有效点
[INFO] [1754193571.259707642] [solver_node]: 当前位置: x=7.862, y=0.488, angle=-3.102
[INFO] [1754193571.282186323] [solver_node]: 激光距离数据: [0.122 7.476 7.538 0.865 1.923]
[INFO] [1754193571.328123382] [solver_node]: 求解器返回 4 个解
[INFO] [1754193571.332890303] [solver_node]: 无效解: x=1.317, y=0.488, 距离=6.544 > 阈值1.500
[INFO] [1754193571.351148344] [solver_node]: 无效解: x=6.284, y=0.426, 距离=1.579 > 阈值1.500
[INFO] [1754193571.362253923] [solver_node]: 无效解: x=1.486, y=0.426, 距离=6.376 > 阈值1.500
[INFO] [1754193571.369653237] [solver_node]: 无效解: x=1.317, y=5.832, 距离=8.449 > 阈值1.500
[WARN] [1754193571.372068250] [solver_node]: 没有满足距离要求的解
[WARN] [1754193571.378024565] [solver_node]: 没有合适的解，不发布TF变换
[INFO] [1754193571.381427562] [solver_node]: 收到5个激光点，处理后5个有效点
[INFO] [1754193571.399535008] [solver_node]: 当前位置: x=7.841, y=0.492, angle=-3.101
[INFO] [1754193571.402468013] [solver_node]: 激光距离数据: [0.122 7.476 7.538 0.865 1.923]
[INFO] [1754193571.417268529] [solver_node]: 求解器返回 4 个解
[INFO] [1754193571.437180899] [solver_node]: 无效解: x=1.321, y=0.497, 距离=6.520 > 阈值1.500
[INFO] [1754193571.439988814] [solver_node]: 无效解: x=6.287, y=0.431, 距离=1.555 > 阈值1.500
[INFO] [1754193571.446010571] [solver_node]: 无效解: x=1.484, y=0.431, 距离=6.357 > 阈值1.500
[INFO] [1754193571.453544735] [solver_node]: 无效解: x=1.321, y=5.828, 距离=8.425 > 阈值1.500
[WARN] [1754193571.462883758] [solver_node]: 没有满足距离要求的解
[WARN] [1754193571.470036188] [solver_node]: 没有合适的解，不发布TF变换
[INFO] [1754193571.475681171] [solver_node]: 收到5个激光点，处理后5个有效点
[INFO] [1754193571.492322323] [solver_node]: 当前位置: x=7.860, y=0.492, angle=-3.109
[INFO] [1754193571.507208920] [solver_node]: 激光距离数据: [0.122 7.476 7.538 0.865 1.923]
[INFO] [1754193571.537168773] [solver_node]: 求解器返回 4 个解
[INFO] [1754193571.546802841] [solver_node]: 无效解: x=1.298, y=0.437, 距离=6.562 > 阈值1.500
[INFO] [1754193571.549686917] [solver_node]: 无效解: x=6.270, y=0.397, 距离=1.592 > 阈值1.500
[INFO] [1754193571.556059559] [solver_node]: 无效解: x=1.495, y=0.397, 距离=6.366 > 阈值1.500
[INFO] [1754193571.558541517] [solver_node]: 无效解: x=1.298, y=5.856, 距离=8.476 > 阈值1.500
[WARN] [1754193571.567226803] [solver_node]: 没有满足距离要求的解
[WARN] [1754193571.573654006] [solver_node]: 没有合适的解，不发布TF变换
[INFO] [1754193571.577708020] [solver_node]: 收到5个激光点，处理后5个有效点
[INFO] [1754193571.597022749] [solver_node]: 当前位置: x=7.856, y=0.495, angle=-3.100
[INFO] [1754193571.617913951] [solver_node]: 激光距离数据: [0.122 7.476 7.538 0.865 1.923]
[INFO] [1754193571.642059186] [solver_node]: 求解器返回 4 个解
[INFO] [1754193571.644659514] [solver_node]: 无效解: x=1.325, y=0.507, 距离=6.531 > 阈值1.500
[INFO] [1754193571.666375816] [solver_node]: 无效解: x=6.289, y=0.437, 距离=1.567 > 阈值1.500
[INFO] [1754193571.672770826] [solver_node]: 无效解: x=1.482, y=0.437, 距离=6.374 > 阈值1.500
[INFO] [1754193571.675043117] [solver_node]: 无效解: x=1.325, y=5.823, 距离=8.429 > 阈值1.500
[WARN] [1754193571.699690056] [solver_node]: 没有满足距离要求的解
[WARN] [1754193571.705833991] [solver_node]: 没有合适的解，不发布TF变换
[INFO] [1754193571.709533184] [solver_node]: 收到5个激光点，处理后5个有效点
[INFO] [1754193571.756765366] [solver_node]: 当前位置: x=7.867, y=0.490, angle=-3.102
[INFO] [1754193571.760326797] [solver_node]: 激光距离数据: [0.122 7.476 7.538 0.865 1.923]
[INFO] [1754193571.786044792] [solver_node]: 求解器返回 4 个解
[INFO] [1754193571.787243947] [solver_node]: 无效解: x=1.318, y=0.490, 距离=6.549 > 阈值1.500
[INFO] [1754193571.790569214] [solver_node]: 无效解: x=6.285, y=0.427, 距离=1.584 > 阈值1.500
[INFO] [1754193571.791910802] [solver_node]: 无效解: x=1.485, y=0.427, 距离=6.383 > 阈值1.500
[INFO] [1754193571.795019650] [solver_node]: 无效解: x=1.318, y=5.831, 距离=8.451 > 阈值1.500
[WARN] [1754193571.796425336] [solver_node]: 没有满足距离要求的解
[WARN] [1754193571.799215459] [solver_node]: 没有合适的解，不发布TF变换
[INFO] [1754193571.802311634] [solver_node]: 收到5个激光点，处理后5个有效点
[INFO] [1754193571.835037962] [solver_node]: 当前位置: x=7.864, y=0.491, angle=-3.102
[INFO] [1754193571.837017608] [solver_node]: 激光距离数据: [0.122 7.476 7.538 0.865 1.923]
[INFO] [1754193571.851880077] [solver_node]: 求解器返回 4 个解
[INFO] [1754193571.852831163] [solver_node]: 无效解: x=1.318, y=0.489, 距离=6.547 > 阈值1.500
[INFO] [1754193571.853587559] [solver_node]: 无效解: x=6.284, y=0.426, 距离=1.581 > 阈值1.500
[INFO] [1754193571.856840121] [solver_node]: 无效解: x=1.485, y=0.426, 距离=6.379 > 阈值1.500
[INFO] [1754193571.857627077] [solver_node]: 无效解: x=1.318, y=5.832, 距离=8.449 > 阈值1.500
[WARN] [1754193571.858657141] [solver_node]: 没有满足距离要求的解
[WARN] [1754193571.859443649] [solver_node]: 没有合适的解，不发布TF变换
[INFO] [1754193571.861501377] [solver_node]: 收到5个激光点，处理后5个有效点
[INFO] [1754193571.888971879] [solver_node]: 当前位置: x=7.849, y=0.492, angle=-3.102
[INFO] [1754193571.890349788] [solver_node]: 激光距离数据: [0.122 7.476 7.538 0.865 1.923]
[INFO] [1754193571.908063277] [solver_node]: 求解器返回 4 个解
[INFO] [1754193571.909032892] [solver_node]: 无效解: x=1.317, y=0.487, 距离=6.532 > 阈值1.500
[INFO] [1754193571.909768679] [solver_node]: 无效解: x=6.284, y=0.425, 距离=1.566 > 阈值1.500
[INFO] [1754193571.910461010] [solver_node]: 无效解: x=1.486, y=0.425, 距离=6.363 > 阈值1.500
[INFO] [1754193571.911146876] [solver_node]: 无效解: x=1.317, y=5.833, 距离=8.437 > 阈值1.500
[WARN] [1754193571.912397551] [solver_node]: 没有满足距离要求的解
[WARN] [1754193571.914383214] [solver_node]: 没有合适的解，不发布TF变换
[INFO] [1754193571.958859674] [solver_node]: 收到5个激光点，处理后5个有效点
[INFO] [1754193571.975927200] [solver_node]: 当前位置: x=7.859, y=0.474, angle=-3.103
[INFO] [1754193571.990884518] [solver_node]: 激光距离数据: [0.122 7.476 7.538 0.865 1.923]
[INFO] [1754193572.035107246] [solver_node]: 求解器返回 4 个解
[INFO] [1754193572.038722534] [solver_node]: 无效解: x=1.314, y=0.479, 距离=6.545 > 阈值1.500
[INFO] [1754193572.045651185] [solver_node]: 无效解: x=6.282, y=0.421, 距离=1.578 > 阈值1.500
[INFO] [1754193572.067863174] [solver_node]: 无效解: x=1.487, y=0.421, 距离=6.372 > 阈值1.500
[INFO] [1754193572.079383927] [solver_node]: 无效解: x=1.314, y=5.836, 距离=8.462 > 阈值1.500
[WARN] [1754193572.082070433] [solver_node]: 没有满足距离要求的解
[WARN] [1754193572.085281458] [solver_node]: 没有合适的解，不发布TF变换
[INFO] [1754193572.087723448] [solver_node]: 收到5个激光点，处理后5个有效点
[INFO] [1754193572.099984692] [solver_node]: 当前位置: x=7.853, y=0.476, angle=-3.103
[INFO] [1754193572.103205318] [solver_node]: 激光距离数据: [0.122 7.476 7.538 0.865 1.923]
[INFO] [1754193572.128539051] [solver_node]: 求解器返回 4 个解
[INFO] [1754193572.131371959] [solver_node]: 无效解: x=1.316, y=0.485, 距离=6.536 > 阈值1.500
[INFO] [1754193572.134156194] [solver_node]: 无效解: x=6.284, y=0.424, 距离=1.570 > 阈值1.500
[INFO] [1754193572.155498858] [solver_node]: 无效解: x=1.486, y=0.424, 距离=6.367 > 阈值1.500
[INFO] [1754193572.160503863] [solver_node]: 无效解: x=1.316, y=5.833, 距离=8.452 > 阈值1.500
[WARN] [1754193572.166632085] [solver_node]: 没有满足距离要求的解
[WARN] [1754193572.177421819] [solver_node]: 没有合适的解，不发布TF变换
[INFO] [1754193572.189784057] [solver_node]: 收到5个激光点，处理后5个有效点
[INFO] [1754193572.205295591] [solver_node]: 当前位置: x=7.857, y=0.495, angle=-3.101
[INFO] [1754193572.208155507] [solver_node]: 激光距离数据: [0.122 7.476 7.538 0.865 1.923]
[INFO] [1754193572.231937665] [solver_node]: 求解器返回 4 个解
[INFO] [1754193572.243808632] [solver_node]: 无效解: x=1.321, y=0.497, 距离=6.536 > 阈值1.500
[INFO] [1754193572.246419712] [solver_node]: 无效解: x=6.287, y=0.431, 距离=1.572 > 阈值1.500
[INFO] [1754193572.250782275] [solver_node]: 无效解: x=1.484, y=0.431, 距离=6.373 > 阈值1.500
[INFO] [1754193572.255844273] [solver_node]: 无效解: x=1.321, y=5.828, 距离=8.436 > 阈值1.500
[WARN] [1754193572.258531162] [solver_node]: 没有满足距离要求的解
[WARN] [1754193572.261389094] [solver_node]: 没有合适的解，不发布TF变换
[INFO] [1754193572.265064639] [solver_node]: 收到5个激光点，处理后5个有效点
[INFO] [1754193572.303834675] [solver_node]: 当前位置: x=7.848, y=0.502, angle=-3.102
[INFO] [1754193572.307383241] [solver_node]: 激光距离数据: [0.122 7.476 7.538 0.865 1.923]
[INFO] [1754193572.337554265] [solver_node]: 求解器返回 4 个解
[INFO] [1754193572.349342638] [solver_node]: 无效解: x=1.319, y=0.492, 距离=6.529 > 阈值1.500
[INFO] [1754193572.358217719] [solver_node]: 无效解: x=6.285, y=0.428, 距离=1.565 > 阈值1.500
[INFO] [1754193572.361448777] [solver_node]: 无效解: x=1.485, y=0.428, 距离=6.364 > 阈值1.500
[INFO] [1754193572.365906605] [solver_node]: 无效解: x=1.319, y=5.830, 距离=8.428 > 阈值1.500
[WARN] [1754193572.368500597] [solver_node]: 没有满足距离要求的解
[WARN] [1754193572.370826105] [solver_node]: 没有合适的解，不发布TF变换
[INFO] [1754193572.375557250] [solver_node]: 收到5个激光点，处理后5个有效点
[INFO] [1754193572.385973090] [solver_node]: 当前位置: x=7.849, y=0.474, angle=-3.101
[INFO] [1754193572.387895167] [solver_node]: 激光距离数据: [0.122 7.476 7.538 0.865 1.923]
[INFO] [1754193572.394114175] [solver_node]: 求解器返回 4 个解
[INFO] [1754193572.394949836] [solver_node]: 无效解: x=1.321, y=0.498, 距离=6.527 > 阈值1.500
[INFO] [1754193572.410938978] [solver_node]: 无效解: x=6.287, y=0.432, 距离=1.562 > 阈值1.500
[INFO] [1754193572.411814287] [solver_node]: 无效解: x=1.484, y=0.432, 距离=6.365 > 阈值1.500
[INFO] [1754193572.412598075] [solver_node]: 无效解: x=1.321, y=5.827, 距离=8.442 > 阈值1.500
[WARN] [1754193572.413373927] [solver_node]: 没有满足距离要求的解
[WARN] [1754193572.414109170] [solver_node]: 没有合适的解，不发布TF变换
[INFO] [1754193572.454190747] [solver_node]: 收到5个激光点，处理后5个有效点
[INFO] [1754193572.463730381] [solver_node]: 当前位置: x=7.846, y=0.486, angle=-3.101
[INFO] [1754193572.475294751] [solver_node]: 激光距离数据: [0.122 7.476 7.538 0.865 1.923]
[INFO] [1754193572.491409495] [solver_node]: 求解器返回 4 个解
[INFO] [1754193572.493900317] [solver_node]: 无效解: x=1.320, y=0.494, 距离=6.526 > 阈值1.500
[INFO] [1754193572.496119743] [solver_node]: 无效解: x=6.286, y=0.429, 距离=1.561 > 阈值1.500
[INFO] [1754193572.498729896] [solver_node]: 无效解: x=1.484, y=0.429, 距离=6.361 > 阈值1.500
[INFO] [1754193572.500698182] [solver_node]: 无效解: x=1.320, y=5.829, 距离=8.434 > 阈值1.500
[WARN] [1754193572.520659577] [solver_node]: 没有满足距离要求的解
[WARN] [1754193572.523547205] [solver_node]: 没有合适的解，不发布TF变换
[INFO] [1754193572.558081272] [solver_node]: 收到5个激光点，处理后5个有效点
[INFO] [1754193572.578832023] [solver_node]: 当前位置: x=7.851, y=0.487, angle=-3.102
[INFO] [1754193572.596096065] [solver_node]: 激光距离数据: [0.122 7.476 7.538 0.865 1.923]
[INFO] [1754193572.620409559] [solver_node]: 求解器返回 4 个解
[INFO] [1754193572.622846076] [solver_node]: 无效解: x=1.317, y=0.487, 距离=6.534 > 阈值1.500
[INFO] [1754193572.625209345] [solver_node]: 无效解: x=6.284, y=0.426, 距离=1.569 > 阈值1.500
[INFO] [1754193572.627300353] [solver_node]: 无效解: x=1.486, y=0.426, 距离=6.366 > 阈值1.500
[INFO] [1754193572.639114998] [solver_node]: 无效解: x=1.317, y=5.832, 距离=8.442 > 阈值1.500
[WARN] [1754193572.642715502] [solver_node]: 没有满足距离要求的解
[WARN] [1754193572.645588378] [solver_node]: 没有合适的解，不发布TF变换
[INFO] [1754193572.656104540] [solver_node]: 收到5个激光点，处理后5个有效点
[INFO] [1754193572.663287114] [solver_node]: 当前位置: x=7.853, y=0.487, angle=-3.102
[INFO] [1754193572.665213448] [solver_node]: 激光距离数据: [0.122 7.476 7.538 0.865 1.923]
[INFO] [1754193572.721607371] [solver_node]: 求解器返回 4 个解
[INFO] [1754193572.722524761] [solver_node]: 无效解: x=1.317, y=0.488, 距离=6.536 > 阈值1.500
[INFO] [1754193572.723312581] [solver_node]: 无效解: x=6.284, y=0.426, 距离=1.570 > 阈值1.500
[INFO] [1754193572.724087185] [solver_node]: 无效解: x=1.486, y=0.426, 距离=6.368 > 阈值1.500
[INFO] [1754193572.726696633] [solver_node]: 无效解: x=1.317, y=5.832, 距离=8.443 > 阈值1.500
[WARN] [1754193572.728810202] [solver_node]: 没有满足距离要求的解
[WARN] [1754193572.731516515] [solver_node]: 没有合适的解，不发布TF变换
[INFO] [1754193572.754864554] [solver_node]: 收到5个激光点，处理后5个有效点
[INFO] [1754193572.793657663] [solver_node]: 当前位置: x=7.874, y=0.435, angle=-3.101
[INFO] [1754193572.796757134] [solver_node]: 激光距离数据: [0.122 7.476 7.538 0.865 1.923]
[INFO] [1754193572.833147742] [solver_node]: 求解器返回 4 个解
[INFO] [1754193572.854814411] [solver_node]: 无效解: x=1.322, y=0.500, 距离=6.553 > 阈值1.500
[INFO] [1754193572.859649942] [solver_node]: 无效解: x=6.287, y=0.433, 距离=1.587 > 阈值1.500
[INFO] [1754193572.874666748] [solver_node]: 无效解: x=1.483, y=0.433, 距离=6.391 > 阈值1.500
[INFO] [1754193572.890532848] [solver_node]: 无效解: x=1.322, y=5.827, 距离=8.485 > 阈值1.500
[WARN] [1754193572.901351351] [solver_node]: 没有满足距离要求的解
[WARN] [1754193572.923609869] [solver_node]: 没有合适的解，不发布TF变换
[INFO] [1754193572.932126224] [solver_node]: 收到5个激光点，处理后5个有效点
[INFO] [1754193572.966449952] [solver_node]: 当前位置: x=7.873, y=0.485, angle=-3.101
[INFO] [1754193572.977626764] [solver_node]: 激光距离数据: [0.122 7.476 7.538 0.865 1.923]
[INFO] [1754193573.018538689] [solver_node]: 求解器返回 4 个解
[INFO] [1754193573.019414286] [solver_node]: 无效解: x=1.321, y=0.498, 距离=6.552 > 阈值1.500
[INFO] [1754193573.020170234] [solver_node]: 无效解: x=6.287, y=0.432, 距离=1.587 > 阈值1.500
[INFO] [1754193573.021014727] [solver_node]: 无效解: x=1.484, y=0.432, 距离=6.390 > 阈值1.500
[INFO] [1754193573.021715826] [solver_node]: 无效解: x=1.321, y=5.827, 距离=8.454 > 阈值1.500
[WARN] [1754193573.022473789] [solver_node]: 没有满足距离要求的解
[WARN] [1754193573.023247913] [solver_node]: 没有合适的解，不发布TF变换
[INFO] [1754193573.025807184] [solver_node]: 收到5个激光点，处理后5个有效点
[INFO] [1754193573.050829009] [solver_node]: 当前位置: x=7.871, y=0.485, angle=-3.101
[INFO] [1754193573.055075891] [solver_node]: 激光距离数据: [0.122 7.476 7.538 0.865 1.923]
[INFO] [1754193573.128433562] [solver_node]: 求解器返回 4 个解
[INFO] [1754193573.133822029] [solver_node]: 无效解: x=1.320, y=0.495, 距离=6.551 > 阈值1.500
[INFO] [1754193573.138576214] [solver_node]: 无效解: x=6.286, y=0.430, 距离=1.586 > 阈值1.500
[INFO] [1754193573.149586272] [solver_node]: 无效解: x=1.484, y=0.430, 距离=6.387 > 阈值1.500
[INFO] [1754193573.152056166] [solver_node]: 无效解: x=1.320, y=5.829, 距离=8.454 > 阈值1.500
[WARN] [1754193573.154664590] [solver_node]: 没有满足距离要求的解
[WARN] [1754193573.165147407] [solver_node]: 没有合适的解，不发布TF变换
[INFO] [1754193573.202135240] [solver_node]: 收到5个激光点，处理后5个有效点
[INFO] [1754193573.212217315] [solver_node]: 收到5个激光点，处理后5个有效点
[INFO] [1754193573.262455623] [solver_node]: 当前位置: x=7.835, y=0.477, angle=-3.102
[INFO] [1754193573.275106090] [solver_node]: 激光距离数据: [0.122 7.476 7.538 0.865 1.923]
[INFO] [1754193573.283907377] [solver_node]: 求解器返回 4 个解
[INFO] [1754193573.294157230] [solver_node]: 无效解: x=1.319, y=0.492, 距离=6.516 > 阈值1.500
[INFO] [1754193573.295152926] [solver_node]: 无效解: x=6.285, y=0.428, 距离=1.550 > 阈值1.500
[INFO] [1754193573.295901897] [solver_node]: 无效解: x=1.485, y=0.428, 距离=6.350 > 阈值1.500
[INFO] [1754193573.296723606] [solver_node]: 无效解: x=1.319, y=5.830, 距离=8.433 > 阈值1.500
[WARN] [1754193573.297498114] [solver_node]: 没有满足距离要求的解
[WARN] [1754193573.298259342] [solver_node]: 没有合适的解，不发布TF变换
[INFO] [1754193573.302424782] [solver_node]: 收到5个激光点，处理后5个有效点
[INFO] [1754193573.326156570] [solver_node]: 当前位置: x=7.839, y=0.485, angle=-3.102
[INFO] [1754193573.329830451] [solver_node]: 激光距离数据: [0.122 7.476 7.538 0.865 1.923]
[INFO] [1754193573.372280160] [solver_node]: 求解器返回 4 个解
[INFO] [1754193573.375366415] [solver_node]: 无效解: x=1.317, y=0.488, 距离=6.522 > 阈值1.500
[INFO] [1754193573.391261827] [solver_node]: 无效解: x=6.284, y=0.426, 距离=1.556 > 阈值1.500
[INFO] [1754193573.394868155] [solver_node]: 无效解: x=1.486, y=0.426, 距离=6.354 > 阈值1.500
[INFO] [1754193573.410929618] [solver_node]: 无效解: x=1.317, y=5.832, 距离=8.434 > 阈值1.500
[WARN] [1754193573.420775465] [solver_node]: 没有满足距离要求的解
[WARN] [1754193573.423632789] [solver_node]: 没有合适的解，不发布TF变换
[INFO] [1754193573.430559904] [solver_node]: 收到5个激光点，处理后5个有效点
[INFO] [1754193573.455237467] [solver_node]: 收到5个激光点，处理后5个有效点
[INFO] [1754193573.475599700] [solver_node]: 当前位置: x=7.837, y=0.485, angle=-3.103
[INFO] [1754193573.509224121] [solver_node]: 激光距离数据: [0.122 7.476 7.538 0.865 1.923]
[INFO] [1754193573.558211370] [solver_node]: 求解器返回 4 个解
[INFO] [1754193573.559117816] [solver_node]: 无效解: x=1.316, y=0.485, 距离=6.521 > 阈值1.500
[INFO] [1754193573.559894340] [solver_node]: 无效解: x=6.283, y=0.424, 距离=1.555 > 阈值1.500
[INFO] [1754193573.560626447] [solver_node]: 无效解: x=1.486, y=0.424, 距离=6.351 > 阈值1.500
[INFO] [1754193573.561453180] [solver_node]: 无效解: x=1.316, y=5.834, 距离=8.434 > 阈值1.500
[WARN] [1754193573.562235624] [solver_node]: 没有满足距离要求的解
[WARN] [1754193573.574003805] [solver_node]: 没有合适的解，不发布TF变换
[INFO] [1754193573.596128465] [solver_node]: 收到5个激光点，处理后5个有效点
[INFO] [1754193573.634747651] [solver_node]: 当前位置: x=7.841, y=0.498, angle=-3.101
[INFO] [1754193573.641587180] [solver_node]: 激光距离数据: [0.122 7.476 7.538 0.865 1.923]
[INFO] [1754193573.667851712] [solver_node]: 求解器返回 4 个解
[INFO] [1754193573.671363350] [solver_node]: 无效解: x=1.322, y=0.499, 距离=6.519 > 阈值1.500
[INFO] [1754193573.673626137] [solver_node]: 无效解: x=6.287, y=0.432, 距离=1.555 > 阈值1.500
[INFO] [1754193573.676749545] [solver_node]: 无效解: x=1.484, y=0.432, 距离=6.358 > 阈值1.500
[INFO] [1754193573.680743174] [solver_node]: 无效解: x=1.322, y=5.827, 距离=8.421 > 阈值1.500
[WARN] [1754193573.688712801] [solver_node]: 没有满足距离要求的解
[WARN] [1754193573.692431066] [solver_node]: 没有合适的解，不发布TF变换
[INFO] [1754193573.696325846] [solver_node]: 收到5个激光点，处理后5个有效点
[INFO] [1754193573.709628226] [solver_node]: 当前位置: x=7.854, y=0.498, angle=-3.101
[INFO] [1754193573.732328511] [solver_node]: 激光距离数据: [0.122 7.476 7.538 0.865 1.923]
[INFO] [1754193573.739808018] [solver_node]: 求解器返回 4 个解
[INFO] [1754193573.742369850] [solver_node]: 无效解: x=1.322, y=0.499, 距离=6.532 > 阈值1.500
[INFO] [1754193573.743518795] [solver_node]: 无效解: x=6.287, y=0.432, 距离=1.568 > 阈值1.500
[INFO] [1754193573.744348280] [solver_node]: 无效解: x=1.484, y=0.432, 距离=6.371 > 阈值1.500
[INFO] [1754193573.745130660] [solver_node]: 无效解: x=1.322, y=5.827, 距离=8.430 > 阈值1.500
[WARN] [1754193573.747364359] [solver_node]: 没有满足距离要求的解
[WARN] [1754193573.748191987] [solver_node]: 没有合适的解，不发布TF变换
[INFO] [1754193573.766991924] [solver_node]: 收到5个激光点，处理后5个有效点
[INFO] [1754193573.779330482] [solver_node]: 当前位置: x=7.857, y=0.491, angle=-3.101
[INFO] [1754193573.801111329] [solver_node]: 激光距离数据: [0.122 7.476 7.538 0.865 1.923]
[INFO] [1754193573.838781732] [solver_node]: 求解器返回 4 个解
[INFO] [1754193573.847815119] [solver_node]: 无效解: x=1.322, y=0.500, 距离=6.535 > 阈值1.500
[INFO] [1754193573.854189649] [solver_node]: 无效解: x=6.288, y=0.433, 距离=1.571 > 阈值1.500
[INFO] [1754193573.860410513] [solver_node]: 无效解: x=1.483, y=0.433, 距离=6.374 > 阈值1.500
[INFO] [1754193573.863260861] [solver_node]: 无效解: x=1.322, y=5.826, 距离=8.436 > 阈值1.500
[WARN] [1754193573.871675230] [solver_node]: 没有满足距离要求的解
[WARN] [1754193573.874797518] [solver_node]: 没有合适的解，不发布TF变换
[INFO] [1754193573.888210556] [solver_node]: 收到5个激光点，处理后5个有效点
[INFO] [1754193573.930090304] [solver_node]: 当前位置: x=7.872, y=0.497, angle=-3.102
[INFO] [1754193573.933391123] [solver_node]: 激光距离数据: [0.122 7.476 7.538 0.865 1.923]
[INFO] [1754193573.959555845] [solver_node]: 求解器返回 4 个解
[INFO] [1754193573.962180141] [solver_node]: 无效解: x=1.319, y=0.491, 距离=6.553 > 阈值1.500
[INFO] [1754193573.973204311] [solver_node]: 无效解: x=6.285, y=0.428, 距离=1.588 > 阈值1.500
[INFO] [1754193573.983138640] [solver_node]: 无效解: x=1.485, y=0.428, 距离=6.387 > 阈值1.500
[INFO] [1754193573.996866787] [solver_node]: 无效解: x=1.319, y=5.831, 距离=8.449 > 阈值1.500
[WARN] [1754193574.008226385] [solver_node]: 没有满足距离要求的解
[WARN] [1754193574.012124205] [solver_node]: 没有合适的解，不发布TF变换
[INFO] [1754193574.021814242] [solver_node]: 收到5个激光点，处理后5个有效点
[INFO] [1754193574.048651839] [solver_node]: 当前位置: x=7.880, y=0.493, angle=-3.102
[INFO] [1754193574.052330039] [solver_node]: 激光距离数据: [0.122 7.476 7.538 0.865 1.923]
[INFO] [1754193574.062523540] [solver_node]: 求解器返回 4 个解
[INFO] [1754193574.068304269] [solver_node]: 无效解: x=1.319, y=0.491, 距离=6.562 > 阈值1.500
[INFO] [1754193574.081074417] [solver_node]: 无效解: x=6.285, y=0.428, 距离=1.596 > 阈值1.500
[INFO] [1754193574.084756938] [solver_node]: 无效解: x=1.485, y=0.428, 距离=6.395 > 阈值1.500
[INFO] [1754193574.091511666] [solver_node]: 无效解: x=1.319, y=5.831, 距离=8.458 > 阈值1.500
[WARN] [1754193574.094137786] [solver_node]: 没有满足距离要求的解
[WARN] [1754193574.096560479] [solver_node]: 没有合适的解，不发布TF变换
[INFO] [1754193574.100155255] [solver_node]: 收到5个激光点，处理后5个有效点
[INFO] [1754193574.129424345] [solver_node]: 当前位置: x=7.877, y=0.493, angle=-3.102
[INFO] [1754193574.140784647] [solver_node]: 激光距离数据: [0.122 7.476 7.538 0.865 1.923]
[INFO] [1754193574.162681912] [solver_node]: 求解器返回 4 个解
[INFO] [1754193574.165723495] [solver_node]: 无效解: x=1.319, y=0.492, 距离=6.558 > 阈值1.500
[INFO] [1754193574.173909669] [solver_node]: 无效解: x=6.285, y=0.428, 距离=1.593 > 阈值1.500
[INFO] [1754193574.177043413] [solver_node]: 无效解: x=1.485, y=0.428, 距离=6.392 > 阈值1.500
[INFO] [1754193574.186174305] [solver_node]: 无效解: x=1.319, y=5.830, 距离=8.455 > 阈值1.500
[WARN] [1754193574.191684918] [solver_node]: 没有满足距离要求的解
[WARN] [1754193574.199475342] [solver_node]: 没有合适的解，不发布TF变换
[INFO] [1754193574.202497436] [solver_node]: 收到5个激光点，处理后5个有效点
[INFO] [1754193574.219437184] [solver_node]: 当前位置: x=7.871, y=0.498, angle=-3.103
[INFO] [1754193574.222709139] [solver_node]: 激光距离数据: [0.122 7.476 7.538 0.865 1.923]
[INFO] [1754193574.266347986] [solver_node]: 求解器返回 4 个解
[INFO] [1754193574.268456914] [solver_node]: 无效解: x=1.314, y=0.480, 距离=6.556 > 阈值1.500
[INFO] [1754193574.271999368] [solver_node]: 无效解: x=6.282, y=0.422, 距离=1.590 > 阈值1.500
[INFO] [1754193574.278275657] [solver_node]: 无效解: x=1.487, y=0.422, 距离=6.384 > 阈值1.500
[INFO] [1754193574.286257732] [solver_node]: 无效解: x=1.314, y=5.836, 距离=8.455 > 阈值1.500
[WARN] [1754193574.289418036] [solver_node]: 没有满足距离要求的解
[WARN] [1754193574.291356690] [solver_node]: 没有合适的解，不发布TF变换
[INFO] [1754193574.293287984] [solver_node]: 收到5个激光点，处理后5个有效点
[INFO] [1754193574.326191498] [solver_node]: 当前位置: x=7.847, y=0.508, angle=-3.101
[INFO] [1754193574.329180024] [solver_node]: 激光距离数据: [0.122 7.476 7.538 0.865 1.923]
[INFO] [1754193574.364803995] [solver_node]: 求解器返回 4 个解
[INFO] [1754193574.367429316] [solver_node]: 无效解: x=1.321, y=0.496, 距离=6.526 > 阈值1.500
[INFO] [1754193574.370242159] [solver_node]: 无效解: x=6.286, y=0.431, 距离=1.562 > 阈值1.500
[INFO] [1754193574.373094011] [solver_node]: 无效解: x=1.484, y=0.431, 距离=6.363 > 阈值1.500
[INFO] [1754193574.378772114] [solver_node]: 无效解: x=1.321, y=5.828, 距离=8.420 > 阈值1.500
[WARN] [1754193574.382469899] [solver_node]: 没有满足距离要求的解
[WARN] [1754193574.505693297] [solver_node]: 没有合适的解，不发布TF变换
