[INFO] [1754306334.562850611] [solver_node]: [PerpendicularDistanceLocalizer] 激光配置 详细内容: 列表长度: 5
[INFO] [1754306334.563810752] [solver_node]: [PerpendicularDistanceLocalizer] 激光配置[0]: ((0.37685, 1.56608), 1.5708)
[INFO] [1754306334.564543306] [solver_node]: [PerpendicularDistanceLocalizer] 激光配置[1]: ((0.37685, -1.56608), -1.5708)
[INFO] [1754306334.565228659] [solver_node]: [PerpendicularDistanceLocalizer] 激光配置[2]: ((0.37645, 0.47385), 0.0)
[INFO] [1754306334.565938973] [solver_node]: [PerpendicularDistanceLocalizer] 激光配置[3]: ((0.37771, 2.42478), 3.14159)
[INFO] [1754306334.566608934] [solver_node]: [PerpendicularDistanceLocalizer] 激光配置[4]: ((0.37771, -2.42478), 3.14159)
[INFO] [1754306334.567399601] [solver_node]: [PerpendicularDistanceLocalizer] 前束索引: [2], 后束索引: [3, 4]
[INFO] [1754306334.568067898] [solver_node]: [PerpendicularDistanceLocalizer] 左束索引: [0], 右束索引: [1]
[INFO] [1754306334.569420940] [solver_node]: [PerpendicularDistanceLocalizer] h_values: [0.37684581 0.37684581 0.33497201 0.28475693 0.28475693]
[INFO] [1754306334.570167926] [solver_node]: [PerpendicularDistanceLocalizer] 垂直距离定位器已初始化，需要调用calibrate()方法进行标定
[INFO] [1754306334.582980836] [solver_node]: SolverNode启动，进入初始化阶段...
[INFO] [1754306334.587654372] [solver_node]: 标定数据收集进度: 1/500
[INFO] [1754306334.604028610] [solver_node]: 标定数据收集进度: 2/500
[INFO] [1754306334.614418927] [solver_node]: 标定数据收集进度: 3/500
[INFO] [1754306334.618596712] [solver_node]: 标定数据收集进度: 4/500
[INFO] [1754306334.627214013] [solver_node]: 标定数据收集进度: 5/500
[INFO] [1754306334.639567589] [solver_node]: 标定数据收集进度: 6/500
[INFO] [1754306334.647996951] [solver_node]: 标定数据收集进度: 7/500
[INFO] [1754306334.660456672] [solver_node]: 标定数据收集进度: 8/500
[INFO] [1754306334.686954600] [solver_node]: 标定数据收集进度: 9/500
[INFO] [1754306334.689176646] [solver_node]: 标定数据收集进度: 10/500
[INFO] [1754306334.691207170] [solver_node]: 标定数据收集进度: 11/500
[INFO] [1754306334.699828279] [solver_node]: 标定数据收集进度: 12/500
[INFO] [1754306334.708032390] [solver_node]: 标定数据收集进度: 13/500
[INFO] [1754306334.720855381] [solver_node]: 标定数据收集进度: 14/500
[INFO] [1754306334.739759605] [solver_node]: 标定数据收集进度: 15/500
[INFO] [1754306334.744451797] [solver_node]: 标定数据收集进度: 16/500
[INFO] [1754306334.751949275] [solver_node]: 标定数据收集进度: 17/500
[INFO] [1754306334.786268205] [solver_node]: 标定数据收集进度: 18/500
[INFO] [1754306334.793671665] [solver_node]: 标定数据收集进度: 19/500
[INFO] [1754306334.804818345] [solver_node]: 标定数据收集进度: 20/500
[INFO] [1754306334.807613199] [solver_node]: 标定数据收集进度: 21/500
[INFO] [1754306334.810388500] [solver_node]: 标定数据收集进度: 22/500
[INFO] [1754306334.818576196] [solver_node]: 标定数据收集进度: 23/500
[INFO] [1754306334.827604574] [solver_node]: 标定数据收集进度: 24/500
[INFO] [1754306334.838580371] [solver_node]: 标定数据收集进度: 25/500
[INFO] [1754306334.848957792] [solver_node]: 标定数据收集进度: 26/500
[INFO] [1754306334.859746387] [solver_node]: 标定数据收集进度: 27/500
[INFO] [1754306334.867353274] [solver_node]: 标定数据收集进度: 28/500
[INFO] [1754306334.877786216] [solver_node]: 标定数据收集进度: 29/500
[INFO] [1754306334.890142927] [solver_node]: 标定数据收集进度: 30/500
[INFO] [1754306334.897383410] [solver_node]: 标定数据收集进度: 31/500
[INFO] [1754306334.909388469] [solver_node]: 标定数据收集进度: 32/500
[INFO] [1754306334.917778279] [solver_node]: 标定数据收集进度: 33/500
[INFO] [1754306334.927552235] [solver_node]: 标定数据收集进度: 34/500
[INFO] [1754306334.937308688] [solver_node]: 标定数据收集进度: 35/500
[INFO] [1754306334.947238967] [solver_node]: 标定数据收集进度: 36/500
[INFO] [1754306334.962517062] [solver_node]: 标定数据收集进度: 37/500
[INFO] [1754306334.967706829] [solver_node]: 标定数据收集进度: 38/500
[INFO] [1754306334.977020843] [solver_node]: 标定数据收集进度: 39/500
[INFO] [1754306334.987890591] [solver_node]: 标定数据收集进度: 40/500
[INFO] [1754306334.997856390] [solver_node]: 标定数据收集进度: 41/500
[INFO] [1754306335.007708396] [solver_node]: 标定数据收集进度: 42/500
[INFO] [1754306335.020448729] [solver_node]: 标定数据收集进度: 43/500
[INFO] [1754306335.031360045] [solver_node]: 标定数据收集进度: 44/500
[INFO] [1754306335.043314063] [solver_node]: 标定数据收集进度: 45/500
[INFO] [1754306335.048377780] [solver_node]: 标定数据收集进度: 46/500
[INFO] [1754306335.060716571] [solver_node]: 标定数据收集进度: 47/500
[INFO] [1754306335.067541656] [solver_node]: 标定数据收集进度: 48/500
[INFO] [1754306335.078979571] [solver_node]: 标定数据收集进度: 49/500
[INFO] [1754306335.087506119] [solver_node]: 标定数据收集进度: 50/500
[INFO] [1754306335.103731491] [solver_node]: 标定数据收集进度: 51/500
[INFO] [1754306335.117646880] [solver_node]: 标定数据收集进度: 52/500
[INFO] [1754306335.140607064] [solver_node]: 标定数据收集进度: 53/500
[INFO] [1754306335.147590679] [solver_node]: 标定数据收集进度: 54/500
[INFO] [1754306335.151672430] [solver_node]: 标定数据收集进度: 55/500
[INFO] [1754306335.153613257] [solver_node]: 标定数据收集进度: 56/500
[INFO] [1754306335.157119640] [solver_node]: 标定数据收集进度: 57/500
[INFO] [1754306335.171784575] [solver_node]: 标定数据收集进度: 58/500
[INFO] [1754306335.177856306] [solver_node]: 标定数据收集进度: 59/500
[INFO] [1754306335.191106022] [solver_node]: 标定数据收集进度: 60/500
[INFO] [1754306335.211470554] [solver_node]: 位置更新线程已停止
[INFO] [1754306335.213579639] [solver_node]: Odom TF更新线程已停止
[INFO] [1754306335.285027841] [solver_node]: 求解线程已停止
[INFO] [1754306335.285909005] [solver_node]: 重定位线程已停止
[INFO] [1754306335.288195532] [solver_node]: SolverNode资源清理完成
