[INFO] [1753420545.738056732] [visualizer_node]: Using fixed frame: map
[INFO] [1753420545.743908510] [visualizer_node]: formatted_laser_config: [((0.37212, 1.55), 1.5708), ((0.37212, -1.55), -1.5708), ((0.37241, 0.45), 0.0), ((0.36471, 3.82), 3.1416)]
[INFO] [1753420545.940996361] [visualizer_node]: Drawing field boundaries: 9.998x8.0 meters
[INFO] [1753420545.943135428] [visualizer_node]: VisualizerNode initialized and ready to visualize.
[INFO] [1753420561.576169793] [visualizer_node]: Received 8 solutions
[INFO] [1753420561.675120126] [visualizer_node]: Received 8 solutions
[INFO] [1753420561.768013107] [visualizer_node]: Received 8 solutions
[INFO] [1753420561.867141142] [visualizer_node]: Received 8 solutions
[INFO] [1753420561.973262650] [visualizer_node]: Received 8 solutions
[INFO] [1753420576.667657613] [visualizer_node]: Received 8 solutions
[INFO] [1753420576.766910527] [visualizer_node]: Received 8 solutions
[INFO] [1753420576.870260003] [visualizer_node]: Received 8 solutions
[INFO] [1753420576.968371156] [visualizer_node]: Received 8 solutions
[INFO] [1753420577.069017261] [visualizer_node]: Received 8 solutions
[INFO] [1753420577.666545235] [visualizer_node]: Received 8 solutions
[INFO] [1753420577.767589879] [visualizer_node]: Received 8 solutions
[INFO] [1753420577.869371920] [visualizer_node]: Received 8 solutions
[INFO] [1753420577.965837045] [visualizer_node]: Received 8 solutions
[INFO] [1753420578.066119492] [visualizer_node]: Received 8 solutions
[INFO] [1753420578.766130172] [visualizer_node]: Received 8 solutions
[INFO] [1753420578.865540435] [visualizer_node]: Received 8 solutions
[INFO] [1753420578.965762593] [visualizer_node]: Received 8 solutions
[INFO] [1753420579.071047069] [visualizer_node]: Received 8 solutions
[INFO] [1753420579.171327790] [visualizer_node]: Received 8 solutions
[INFO] [1753420579.266770359] [visualizer_node]: Received 8 solutions
[INFO] [1753420579.380222935] [visualizer_node]: Received 8 solutions
[INFO] [1753420579.469209036] [visualizer_node]: Received 8 solutions
[INFO] [1753420579.567264127] [visualizer_node]: Received 8 solutions
[INFO] [1753420579.665503478] [visualizer_node]: Received 8 solutions
[INFO] [1753420579.770477482] [visualizer_node]: Received 8 solutions
[INFO] [1753420579.871146373] [visualizer_node]: Received 8 solutions
[INFO] [1753420579.983040186] [visualizer_node]: Received 8 solutions
[INFO] [1753420580.065671358] [visualizer_node]: Received 8 solutions
[INFO] [1753420580.173308253] [visualizer_node]: Received 8 solutions
[INFO] [1753420580.270114541] [visualizer_node]: Received 8 solutions
[INFO] [1753420580.367058721] [visualizer_node]: Received 8 solutions
[INFO] [1753420580.466870949] [visualizer_node]: Received 8 solutions
[INFO] [1753420580.567138582] [visualizer_node]: Received 8 solutions
[INFO] [1753420580.665574132] [visualizer_node]: Received 8 solutions
[INFO] [1753420580.773153265] [visualizer_node]: Received 8 solutions
[INFO] [1753420580.870845658] [visualizer_node]: Received 8 solutions
[INFO] [1753420580.972726200] [visualizer_node]: Received 8 solutions
[INFO] [1753420581.065101709] [visualizer_node]: Received 8 solutions
[INFO] [1753420581.164843600] [visualizer_node]: Received 8 solutions
[INFO] [1753420581.265186276] [visualizer_node]: Received 8 solutions
[INFO] [1753420581.369619242] [visualizer_node]: Received 8 solutions
[INFO] [1753420581.469175720] [visualizer_node]: Received 8 solutions
[INFO] [1753420581.569014285] [visualizer_node]: Received 8 solutions
[INFO] [1753420581.670828234] [visualizer_node]: Received 8 solutions
[INFO] [1753420581.766535516] [visualizer_node]: Received 8 solutions
[INFO] [1753420581.870872544] [visualizer_node]: Received 8 solutions
[INFO] [1753420581.964571418] [visualizer_node]: Received 8 solutions
[INFO] [1753420582.064694088] [visualizer_node]: Received 8 solutions
[INFO] [1753420582.164706323] [visualizer_node]: Received 8 solutions
[INFO] [1753420582.271590367] [visualizer_node]: Received 8 solutions
[INFO] [1753420582.368570709] [visualizer_node]: Received 8 solutions
[INFO] [1753420582.470237839] [visualizer_node]: Received 8 solutions
[INFO] [1753420582.571336217] [visualizer_node]: Received 8 solutions
[INFO] [1753420582.667061644] [visualizer_node]: Received 8 solutions
[INFO] [1753420582.773831636] [visualizer_node]: Received 8 solutions
[INFO] [1753420582.865964803] [visualizer_node]: Received 8 solutions
[INFO] [1753420582.967974278] [visualizer_node]: Received 8 solutions
[INFO] [1753420583.065821078] [visualizer_node]: Received 8 solutions
[INFO] [1753420583.169224929] [visualizer_node]: Received 8 solutions
[INFO] [1753420583.269446259] [visualizer_node]: Received 8 solutions
[INFO] [1753420583.365948508] [visualizer_node]: Received 8 solutions
[INFO] [1753420583.471127641] [visualizer_node]: Received 8 solutions
[INFO] [1753420583.565116029] [visualizer_node]: Received 8 solutions
[INFO] [1753420583.665896638] [visualizer_node]: Received 8 solutions
[INFO] [1753420583.765044146] [visualizer_node]: Received 8 solutions
[INFO] [1753420597.273224530] [visualizer_node]: Received 8 solutions
[INFO] [1753420597.369303194] [visualizer_node]: Received 8 solutions
[INFO] [1753420597.667969912] [visualizer_node]: Received 8 solutions
[INFO] [1753420597.771375981] [visualizer_node]: Received 8 solutions
[INFO] [1753420597.871481735] [visualizer_node]: Received 8 solutions
[INFO] [1753420597.972761985] [visualizer_node]: Received 8 solutions
[INFO] [1753420598.087988771] [visualizer_node]: Received 8 solutions
[INFO] [1753420598.175605342] [visualizer_node]: Received 8 solutions
[INFO] [1753420599.368896697] [visualizer_node]: Received 8 solutions
[INFO] [1753420599.468837903] [visualizer_node]: Received 8 solutions
[INFO] [1753420599.572440428] [visualizer_node]: Received 8 solutions
[INFO] [1753420599.667215537] [visualizer_node]: Received 8 solutions
[INFO] [1753420599.767796569] [visualizer_node]: Received 8 solutions
[INFO] [1753420599.866789588] [visualizer_node]: Received 8 solutions
[INFO] [1753420599.965546857] [visualizer_node]: Received 8 solutions
[INFO] [1753420600.067612635] [visualizer_node]: Received 8 solutions
[INFO] [1753420600.172466044] [visualizer_node]: Received 8 solutions
[INFO] [1753420600.268672522] [visualizer_node]: Received 8 solutions
[INFO] [1753420600.368574368] [visualizer_node]: Received 8 solutions
[INFO] [1753420600.465388671] [visualizer_node]: Received 8 solutions
[INFO] [1753420600.565474330] [visualizer_node]: Received 8 solutions
[INFO] [1753420600.665407184] [visualizer_node]: Received 8 solutions
[INFO] [1753420600.769378936] [visualizer_node]: Received 8 solutions
[INFO] [1753420600.869308879] [visualizer_node]: Received 8 solutions
[INFO] [1753420600.967395313] [visualizer_node]: Received 8 solutions
[INFO] [1753420601.065423507] [visualizer_node]: Received 8 solutions
[INFO] [1753420601.165511631] [visualizer_node]: Received 8 solutions
[INFO] [1753420601.265982229] [visualizer_node]: Received 8 solutions
[INFO] [1753420604.367776115] [visualizer_node]: Received 8 solutions
[INFO] [1753420604.468919599] [visualizer_node]: Received 8 solutions
[INFO] [1753420604.566567400] [visualizer_node]: Received 8 solutions
[INFO] [1753420604.665480869] [visualizer_node]: Received 8 solutions
[INFO] [1753420604.772225054] [visualizer_node]: Received 8 solutions
[INFO] [1753420604.869114018] [visualizer_node]: Received 8 solutions
[INFO] [1753420604.968033791] [visualizer_node]: Received 8 solutions
[INFO] [1753420605.076441159] [visualizer_node]: Received 8 solutions
[INFO] [1753420605.182332425] [visualizer_node]: Received 8 solutions
[INFO] [1753420605.279228014] [visualizer_node]: Received 8 solutions
[INFO] [1753420605.371114886] [visualizer_node]: Received 8 solutions
[INFO] [1753420605.471540302] [visualizer_node]: Received 8 solutions
[INFO] [1753420605.578438156] [visualizer_node]: Received 8 solutions
[INFO] [1753420605.674231666] [visualizer_node]: Received 8 solutions
[INFO] [1753420605.772529630] [visualizer_node]: Received 8 solutions
[INFO] [1753420605.869687050] [visualizer_node]: Received 8 solutions
[INFO] [1753420605.969261787] [visualizer_node]: Received 8 solutions
[INFO] [1753420606.071282480] [visualizer_node]: Received 8 solutions
[INFO] [1753420606.171769531] [visualizer_node]: Received 8 solutions
[INFO] [1753420606.265169918] [visualizer_node]: Received 8 solutions
[INFO] [1753420606.370067652] [visualizer_node]: Received 8 solutions
[INFO] [1753420606.466487325] [visualizer_node]: Received 8 solutions
[INFO] [1753420607.967711607] [visualizer_node]: Received 8 solutions
[INFO] [1753420608.068621295] [visualizer_node]: Received 8 solutions
[INFO] [1753420608.165355281] [visualizer_node]: Received 8 solutions
[INFO] [1753420608.266981469] [visualizer_node]: Received 8 solutions
[INFO] [1753420608.365174761] [visualizer_node]: Received 8 solutions
[INFO] [1753420608.464987586] [visualizer_node]: Received 8 solutions
[INFO] [1753420608.568207451] [visualizer_node]: Received 8 solutions
[INFO] [1753420608.666205249] [visualizer_node]: Received 8 solutions
[INFO] [1753420608.766419557] [visualizer_node]: Received 8 solutions
[INFO] [1753420608.870886529] [visualizer_node]: Received 8 solutions
[INFO] [1753420608.964936632] [visualizer_node]: Received 8 solutions
[INFO] [1753420609.070575702] [visualizer_node]: Received 8 solutions
[INFO] [1753420609.169872609] [visualizer_node]: Received 8 solutions
[INFO] [1753420609.265742092] [visualizer_node]: Received 8 solutions
[INFO] [1753420609.369319727] [visualizer_node]: Received 8 solutions
[INFO] [1753420609.469237740] [visualizer_node]: Received 8 solutions
[INFO] [1753420609.568808895] [visualizer_node]: Received 8 solutions
[INFO] [1753420609.670527087] [visualizer_node]: Received 8 solutions
[INFO] [1753420615.272027324] [visualizer_node]: Received 12 solutions
[INFO] [1753420615.367631139] [visualizer_node]: Received 12 solutions
[INFO] [1753420615.469313366] [visualizer_node]: Received 12 solutions
[INFO] [1753420615.570405272] [visualizer_node]: Received 12 solutions
[INFO] [1753420615.669096182] [visualizer_node]: Received 12 solutions
[INFO] [1753420615.769781805] [visualizer_node]: Received 12 solutions
[INFO] [1753420615.874953410] [visualizer_node]: Received 12 solutions
[INFO] [1753420615.972792681] [visualizer_node]: Received 12 solutions
[INFO] [1753420616.074562495] [visualizer_node]: Received 12 solutions
[INFO] [1753420616.167354071] [visualizer_node]: Received 12 solutions
[INFO] [1753420616.280809527] [visualizer_node]: Received 12 solutions
[INFO] [1753420616.380263564] [visualizer_node]: Received 12 solutions
[INFO] [1753420616.470585759] [visualizer_node]: Received 12 solutions
[INFO] [1753420616.573938977] [visualizer_node]: Received 12 solutions
[INFO] [1753420616.666314607] [visualizer_node]: Received 12 solutions
[INFO] [1753420616.766648220] [visualizer_node]: Received 12 solutions
[INFO] [1753420616.865381596] [visualizer_node]: Received 12 solutions
[INFO] [1753420616.969967650] [visualizer_node]: Received 12 solutions
[INFO] [1753420617.067283131] [visualizer_node]: Received 12 solutions
[INFO] [1753420617.171241231] [visualizer_node]: Received 12 solutions
[INFO] [1753420617.270414173] [visualizer_node]: Received 12 solutions
[INFO] [1753420617.369602826] [visualizer_node]: Received 12 solutions
[INFO] [1753420617.474910117] [visualizer_node]: Received 12 solutions
[INFO] [1753420617.565560514] [visualizer_node]: Received 12 solutions
[INFO] [1753420617.671632754] [visualizer_node]: Received 12 solutions
[INFO] [1753420617.766864688] [visualizer_node]: Received 12 solutions
[INFO] [1753420617.868407649] [visualizer_node]: Received 8 solutions
[INFO] [1753420617.979616418] [visualizer_node]: Received 8 solutions
[INFO] [1753420618.070703852] [visualizer_node]: Received 8 solutions
[INFO] [1753420618.168056294] [visualizer_node]: Received 8 solutions
[INFO] [1753420618.269756060] [visualizer_node]: Received 8 solutions
[INFO] [1753420618.366136571] [visualizer_node]: Received 10 solutions
[INFO] [1753420618.469942444] [visualizer_node]: Received 10 solutions
[INFO] [1753420618.570844715] [visualizer_node]: Received 10 solutions
[INFO] [1753420618.677744115] [visualizer_node]: Received 10 solutions
[INFO] [1753420618.788559882] [visualizer_node]: Received 10 solutions
[INFO] [1753420618.877143277] [visualizer_node]: Received 12 solutions
[INFO] [1753420618.971317679] [visualizer_node]: Received 12 solutions
[INFO] [1753420619.073804635] [visualizer_node]: Received 12 solutions
[INFO] [1753420619.186044058] [visualizer_node]: Received 12 solutions
[INFO] [1753420619.277755031] [visualizer_node]: Received 12 solutions
[INFO] [1753420619.372723343] [visualizer_node]: Received 8 solutions
[INFO] [1753420619.470437525] [visualizer_node]: Received 8 solutions
[INFO] [1753420619.574451436] [visualizer_node]: Received 8 solutions
[INFO] [1753420619.675341932] [visualizer_node]: Received 8 solutions
[INFO] [1753420619.771054937] [visualizer_node]: Received 8 solutions
[INFO] [1753420619.870919291] [visualizer_node]: Received 8 solutions
[INFO] [1753420619.979741370] [visualizer_node]: Received 8 solutions
[INFO] [1753420620.083777139] [visualizer_node]: Received 8 solutions
[INFO] [1753420620.175994910] [visualizer_node]: Received 8 solutions
[INFO] [1753420620.278903927] [visualizer_node]: Received 8 solutions
[INFO] [1753420620.367815589] [visualizer_node]: Received 8 solutions
[INFO] [1753420620.479178413] [visualizer_node]: Received 8 solutions
[INFO] [1753420620.570412604] [visualizer_node]: Received 8 solutions
[INFO] [1753420620.680091605] [visualizer_node]: Received 8 solutions
[INFO] [1753420620.771873876] [visualizer_node]: Received 8 solutions
[INFO] [1753420620.871524849] [visualizer_node]: Received 8 solutions
[INFO] [1753420620.970409752] [visualizer_node]: Received 8 solutions
[INFO] [1753420621.076666960] [visualizer_node]: Received 8 solutions
[INFO] [1753420621.168142759] [visualizer_node]: Received 8 solutions
[INFO] [1753420621.270906653] [visualizer_node]: Received 8 solutions
[INFO] [1753420621.366034811] [visualizer_node]: Received 8 solutions
[INFO] [1753420621.467254917] [visualizer_node]: Received 8 solutions
[INFO] [1753420621.565591198] [visualizer_node]: Received 8 solutions
[INFO] [1753420621.672174431] [visualizer_node]: Received 8 solutions
[INFO] [1753420621.775845103] [visualizer_node]: Received 8 solutions
[INFO] [1753420621.868113916] [visualizer_node]: Received 8 solutions
[INFO] [1753420622.472800913] [visualizer_node]: Received 8 solutions
[INFO] [1753420622.569682786] [visualizer_node]: Received 8 solutions
[INFO] [1753420622.672111823] [visualizer_node]: Received 8 solutions
[INFO] [1753420622.769871256] [visualizer_node]: Received 8 solutions
[INFO] [1753420622.869647770] [visualizer_node]: Received 8 solutions
[INFO] [1753420622.968652966] [visualizer_node]: Received 8 solutions
[INFO] [1753420623.070695209] [visualizer_node]: Received 8 solutions
[INFO] [1753420623.168437298] [visualizer_node]: Received 8 solutions
[INFO] [1753420623.268105202] [visualizer_node]: Received 8 solutions
[INFO] [1753420623.365910973] [visualizer_node]: Received 8 solutions
[INFO] [1753420623.467818044] [visualizer_node]: Received 8 solutions
[INFO] [1753420623.566983501] [visualizer_node]: Received 8 solutions
[INFO] [1753420623.671449940] [visualizer_node]: Received 8 solutions
[INFO] [1753420623.766039012] [visualizer_node]: Received 12 solutions
[INFO] [1753420623.868437201] [visualizer_node]: Received 12 solutions
[INFO] [1753420623.968901287] [visualizer_node]: Received 12 solutions
[INFO] [1753420624.069492194] [visualizer_node]: Received 12 solutions
[INFO] [1753420624.183152685] [visualizer_node]: Received 12 solutions
[INFO] [1753420624.268328948] [visualizer_node]: Received 12 solutions
[INFO] [1753420624.366250851] [visualizer_node]: Received 12 solutions
[INFO] [1753420624.465749727] [visualizer_node]: Received 12 solutions
[INFO] [1753420624.567952327] [visualizer_node]: Received 12 solutions
[INFO] [1753420624.671414163] [visualizer_node]: Received 12 solutions
[INFO] [1753420624.777647244] [visualizer_node]: Received 12 solutions
[INFO] [1753420624.867814720] [visualizer_node]: Received 12 solutions
[INFO] [1753420624.974859249] [visualizer_node]: Received 12 solutions
[INFO] [1753420625.078543332] [visualizer_node]: Received 12 solutions
[INFO] [1753420625.180094426] [visualizer_node]: Received 12 solutions
[INFO] [1753420625.269850659] [visualizer_node]: Received 12 solutions
[INFO] [1753420625.368146589] [visualizer_node]: Received 12 solutions
[INFO] [1753420625.466295571] [visualizer_node]: Received 12 solutions
[INFO] [1753420625.572994139] [visualizer_node]: Received 12 solutions
[INFO] [1753420625.667509994] [visualizer_node]: Received 12 solutions
[INFO] [1753420625.768144583] [visualizer_node]: Received 12 solutions
[INFO] [1753420625.867347643] [visualizer_node]: Received 8 solutions
[INFO] [1753420625.982338029] [visualizer_node]: Received 8 solutions
[INFO] [1753420626.067155147] [visualizer_node]: Received 8 solutions
[INFO] [1753420626.167654500] [visualizer_node]: Received 8 solutions
[INFO] [1753420626.265883581] [visualizer_node]: Received 8 solutions
[INFO] [1753420626.367360850] [visualizer_node]: Received 8 solutions
[INFO] [1753420626.465315843] [visualizer_node]: Received 8 solutions
[INFO] [1753420626.568079741] [visualizer_node]: Received 12 solutions
[INFO] [1753420626.668705178] [visualizer_node]: Received 12 solutions
[INFO] [1753420626.769063311] [visualizer_node]: Received 12 solutions
[INFO] [1753420626.868821683] [visualizer_node]: Received 4 solutions
[INFO] [1753420626.968320784] [visualizer_node]: Received 4 solutions
[INFO] [1753420627.072932702] [visualizer_node]: Received 4 solutions
[INFO] [1753420627.169063517] [visualizer_node]: Received 4 solutions
[INFO] [1753420627.266941133] [visualizer_node]: Received 4 solutions
[INFO] [1753420627.366727602] [visualizer_node]: Received 4 solutions
[INFO] [1753420627.467183563] [visualizer_node]: Received 4 solutions
[INFO] [1753420627.568370873] [visualizer_node]: Received 4 solutions
[INFO] [1753420627.668837394] [visualizer_node]: Received 4 solutions
[INFO] [1753420627.768636024] [visualizer_node]: Received 4 solutions
[INFO] [1753420627.867217212] [visualizer_node]: Received 4 solutions
[INFO] [1753420627.970211004] [visualizer_node]: Received 4 solutions
[INFO] [1753420628.070341228] [visualizer_node]: Received 4 solutions
[INFO] [1753420628.167133694] [visualizer_node]: Received 4 solutions
[INFO] [1753420628.267870783] [visualizer_node]: Received 4 solutions
[INFO] [1753420628.368088594] [visualizer_node]: Received 4 solutions
[INFO] [1753420628.468387559] [visualizer_node]: Received 4 solutions
[INFO] [1753420628.566060370] [visualizer_node]: Received 4 solutions
[INFO] [1753420628.665159717] [visualizer_node]: Received 4 solutions
[INFO] [1753420628.769161347] [visualizer_node]: Received 4 solutions
[INFO] [1753420628.865635436] [visualizer_node]: Received 4 solutions
[INFO] [1753420628.969657418] [visualizer_node]: Received 4 solutions
[INFO] [1753420629.065973775] [visualizer_node]: Received 4 solutions
[INFO] [1753420629.170508732] [visualizer_node]: Received 4 solutions
[INFO] [1753420629.266026699] [visualizer_node]: Received 4 solutions
[INFO] [1753420629.370852000] [visualizer_node]: Received 4 solutions
[INFO] [1753420629.465729021] [visualizer_node]: Received 4 solutions
[INFO] [1753420629.565342687] [visualizer_node]: Received 4 solutions
[INFO] [1753420629.673421457] [visualizer_node]: Received 4 solutions
[INFO] [1753420629.772298430] [visualizer_node]: Received 4 solutions
[INFO] [1753420629.872885660] [visualizer_node]: Received 4 solutions
[INFO] [1753420629.971709352] [visualizer_node]: Received 4 solutions
[INFO] [1753420630.071756631] [visualizer_node]: Received 4 solutions
[INFO] [1753420630.171180149] [visualizer_node]: Received 4 solutions
[INFO] [1753420630.272885619] [visualizer_node]: Received 4 solutions
[INFO] [1753420630.370049809] [visualizer_node]: Received 4 solutions
[INFO] [1753420630.468061735] [visualizer_node]: Received 4 solutions
[INFO] [1753420630.569880744] [visualizer_node]: Received 4 solutions
[INFO] [1753420630.669435913] [visualizer_node]: Received 4 solutions
[INFO] [1753420630.771151432] [visualizer_node]: Received 4 solutions
[INFO] [1753420630.869899186] [visualizer_node]: Received 4 solutions
[INFO] [1753420630.968237425] [visualizer_node]: Received 4 solutions
[INFO] [1753420631.071656609] [visualizer_node]: Received 4 solutions
[INFO] [1753420631.174090196] [visualizer_node]: Received 4 solutions
[INFO] [1753420631.270332024] [visualizer_node]: Received 4 solutions
[INFO] [1753420631.367512695] [visualizer_node]: Received 4 solutions
[INFO] [1753420631.469668675] [visualizer_node]: Received 4 solutions
[INFO] [1753420631.574761922] [visualizer_node]: Received 4 solutions
[INFO] [1753420631.671495668] [visualizer_node]: Received 4 solutions
[INFO] [1753420631.772329530] [visualizer_node]: Received 4 solutions
[INFO] [1753420631.868519197] [visualizer_node]: Received 4 solutions
[INFO] [1753420631.970088760] [visualizer_node]: Received 4 solutions
[INFO] [1753420632.066460033] [visualizer_node]: Received 4 solutions
[INFO] [1753420632.168892373] [visualizer_node]: Received 4 solutions
[INFO] [1753420632.266753992] [visualizer_node]: Received 4 solutions
[INFO] [1753420632.366802264] [visualizer_node]: Received 4 solutions
[INFO] [1753420632.467302294] [visualizer_node]: Received 4 solutions
[INFO] [1753420632.567083135] [visualizer_node]: Received 4 solutions
[INFO] [1753420632.666901513] [visualizer_node]: Received 4 solutions
[INFO] [1753420632.767122143] [visualizer_node]: Received 4 solutions
[INFO] [1753420632.867429559] [visualizer_node]: Received 4 solutions
[INFO] [1753420632.966493708] [visualizer_node]: Received 4 solutions
[INFO] [1753420633.069532849] [visualizer_node]: Received 4 solutions
[INFO] [1753420633.168389633] [visualizer_node]: Received 4 solutions
[INFO] [1753420633.274261303] [visualizer_node]: Received 4 solutions
[INFO] [1753420633.367256545] [visualizer_node]: Received 4 solutions
[INFO] [1753420633.466833893] [visualizer_node]: Received 4 solutions
[INFO] [1753420633.568899440] [visualizer_node]: Received 4 solutions
[INFO] [1753420633.666284854] [visualizer_node]: Received 4 solutions
[INFO] [1753420633.769109782] [visualizer_node]: Received 4 solutions
[INFO] [1753420633.866366680] [visualizer_node]: Received 4 solutions
[INFO] [1753420633.966376328] [visualizer_node]: Received 4 solutions
[INFO] [1753420634.076903267] [visualizer_node]: Received 4 solutions
[INFO] [1753420634.179868072] [visualizer_node]: Received 4 solutions
[INFO] [1753420634.266630786] [visualizer_node]: Received 4 solutions
[INFO] [1753420634.366379435] [visualizer_node]: Received 4 solutions
[INFO] [1753420634.471446891] [visualizer_node]: Received 4 solutions
[INFO] [1753420634.568131230] [visualizer_node]: Received 4 solutions
[INFO] [1753420634.666339036] [visualizer_node]: Received 4 solutions
[INFO] [1753420634.769962132] [visualizer_node]: Received 4 solutions
[INFO] [1753420634.868324790] [visualizer_node]: Received 4 solutions
[INFO] [1753420634.965671451] [visualizer_node]: Received 4 solutions
[INFO] [1753420635.065248545] [visualizer_node]: Received 4 solutions
[INFO] [1753420635.167303340] [visualizer_node]: Received 4 solutions
[INFO] [1753420635.268247992] [visualizer_node]: Received 4 solutions
[INFO] [1753420635.372209210] [visualizer_node]: Received 4 solutions
[INFO] [1753420635.465550895] [visualizer_node]: Received 4 solutions
[INFO] [1753420635.566784419] [visualizer_node]: Received 4 solutions
[INFO] [1753420635.667088509] [visualizer_node]: Received 4 solutions
[INFO] [1753420635.764775917] [visualizer_node]: Received 4 solutions
[INFO] [1753420635.872232498] [visualizer_node]: Received 4 solutions
[INFO] [1753420635.967722820] [visualizer_node]: Received 4 solutions
[INFO] [1753420636.066496787] [visualizer_node]: Received 4 solutions
[INFO] [1753420636.167203257] [visualizer_node]: Received 4 solutions
[INFO] [1753420636.267407473] [visualizer_node]: Received 4 solutions
[INFO] [1753420636.369549407] [visualizer_node]: Received 4 solutions
[INFO] [1753420636.467230064] [visualizer_node]: Received 4 solutions
[INFO] [1753420636.573731418] [visualizer_node]: Received 4 solutions
[INFO] [1753420636.665612614] [visualizer_node]: Received 4 solutions
[INFO] [1753420636.770536868] [visualizer_node]: Received 4 solutions
[INFO] [1753420636.870576471] [visualizer_node]: Received 4 solutions
[INFO] [1753420636.967806651] [visualizer_node]: Received 4 solutions
[INFO] [1753420637.071295088] [visualizer_node]: Received 4 solutions
[INFO] [1753420637.183878088] [visualizer_node]: Received 4 solutions
[INFO] [1753420637.280534268] [visualizer_node]: Received 4 solutions
[INFO] [1753420637.366768008] [visualizer_node]: Received 4 solutions
[INFO] [1753420637.471343325] [visualizer_node]: Received 4 solutions
[INFO] [1753420637.566778574] [visualizer_node]: Received 4 solutions
[INFO] [1753420637.672702793] [visualizer_node]: Received 4 solutions
[INFO] [1753420637.774866137] [visualizer_node]: Received 4 solutions
[INFO] [1753420637.870318795] [visualizer_node]: Received 4 solutions
[INFO] [1753420637.966897757] [visualizer_node]: Received 4 solutions
[INFO] [1753420638.069952423] [visualizer_node]: Received 4 solutions
[INFO] [1753420638.175238704] [visualizer_node]: Received 4 solutions
[INFO] [1753420638.266169538] [visualizer_node]: Received 4 solutions
[INFO] [1753420638.366700293] [visualizer_node]: Received 4 solutions
[INFO] [1753420638.466047302] [visualizer_node]: Received 4 solutions
[INFO] [1753420638.571897631] [visualizer_node]: Received 4 solutions
[INFO] [1753420638.671914803] [visualizer_node]: Received 4 solutions
[INFO] [1753420638.775370504] [visualizer_node]: Received 4 solutions
[INFO] [1753420638.868583131] [visualizer_node]: Received 4 solutions
[INFO] [1753420638.968552174] [visualizer_node]: Received 4 solutions
[INFO] [1753420639.069223733] [visualizer_node]: Received 4 solutions
[INFO] [1753420639.171486889] [visualizer_node]: Received 4 solutions
[INFO] [1753420639.271212118] [visualizer_node]: Received 4 solutions
[INFO] [1753420639.368774885] [visualizer_node]: Received 4 solutions
[INFO] [1753420639.475702525] [visualizer_node]: Received 4 solutions
[INFO] [1753420639.568506246] [visualizer_node]: Received 4 solutions
[INFO] [1753420639.668047725] [visualizer_node]: Received 4 solutions
[INFO] [1753420639.769412136] [visualizer_node]: Received 4 solutions
[INFO] [1753420639.867251006] [visualizer_node]: Received 4 solutions
[INFO] [1753420639.971738514] [visualizer_node]: Received 4 solutions
[INFO] [1753420640.065812446] [visualizer_node]: Received 4 solutions
[INFO] [1753420640.165925046] [visualizer_node]: Received 4 solutions
[INFO] [1753420640.268846686] [visualizer_node]: Received 4 solutions
[INFO] [1753420640.366176103] [visualizer_node]: Received 4 solutions
[INFO] [1753420640.468113523] [visualizer_node]: Received 4 solutions
[INFO] [1753420640.571748975] [visualizer_node]: Received 4 solutions
[INFO] [1753420640.665862845] [visualizer_node]: Received 4 solutions
[INFO] [1753420640.769816546] [visualizer_node]: Received 4 solutions
[INFO] [1753420640.868632821] [visualizer_node]: Received 4 solutions
[INFO] [1753420640.968876017] [visualizer_node]: Received 4 solutions
[INFO] [1753420641.076460509] [visualizer_node]: Received 4 solutions
[INFO] [1753420641.165664001] [visualizer_node]: Received 4 solutions
[INFO] [1753420641.270614115] [visualizer_node]: Received 4 solutions
[INFO] [1753420641.370438131] [visualizer_node]: Received 4 solutions
[INFO] [1753420641.466935493] [visualizer_node]: Received 4 solutions
[INFO] [1753420641.567284837] [visualizer_node]: Received 4 solutions
[INFO] [1753420641.669310004] [visualizer_node]: Received 4 solutions
[INFO] [1753420641.767431188] [visualizer_node]: Received 4 solutions
[INFO] [1753420641.868255713] [visualizer_node]: Received 4 solutions
[INFO] [1753420641.972583665] [visualizer_node]: Received 4 solutions
[INFO] [1753420642.068688089] [visualizer_node]: Received 4 solutions
[INFO] [1753420642.168393798] [visualizer_node]: Received 4 solutions
[INFO] [1753420642.274921526] [visualizer_node]: Received 4 solutions
[INFO] [1753420642.368127659] [visualizer_node]: Received 4 solutions
[INFO] [1753420642.469471400] [visualizer_node]: Received 4 solutions
[INFO] [1753420642.566192097] [visualizer_node]: Received 4 solutions
[INFO] [1753420642.668445655] [visualizer_node]: Received 4 solutions
[INFO] [1753420642.767510579] [visualizer_node]: Received 4 solutions
[INFO] [1753420642.868772621] [visualizer_node]: Received 4 solutions
[INFO] [1753420642.966899438] [visualizer_node]: Received 4 solutions
[INFO] [1753420643.066900452] [visualizer_node]: Received 4 solutions
[INFO] [1753420643.166625363] [visualizer_node]: Received 4 solutions
[INFO] [1753420643.271426803] [visualizer_node]: Received 4 solutions
[INFO] [1753420643.368887713] [visualizer_node]: Received 4 solutions
[INFO] [1753420643.466343696] [visualizer_node]: Received 4 solutions
[INFO] [1753420643.570634273] [visualizer_node]: Received 4 solutions
[INFO] [1753420643.666569508] [visualizer_node]: Received 4 solutions
[INFO] [1753420643.770551116] [visualizer_node]: Received 4 solutions
[INFO] [1753420643.868723151] [visualizer_node]: Received 4 solutions
[INFO] [1753420643.966069659] [visualizer_node]: Received 4 solutions
[INFO] [1753420644.068899778] [visualizer_node]: Received 4 solutions
[INFO] [1753420644.168875769] [visualizer_node]: Received 4 solutions
[INFO] [1753420644.265808602] [visualizer_node]: Received 4 solutions
[INFO] [1753420644.367508290] [visualizer_node]: Received 4 solutions
[INFO] [1753420644.467424023] [visualizer_node]: Received 4 solutions
[INFO] [1753420644.567186600] [visualizer_node]: Received 4 solutions
[INFO] [1753420644.666017694] [visualizer_node]: Received 4 solutions
[INFO] [1753420644.767692773] [visualizer_node]: Received 4 solutions
[INFO] [1753420644.867405428] [visualizer_node]: Received 4 solutions
[INFO] [1753420644.967654195] [visualizer_node]: Received 4 solutions
[INFO] [1753420645.069215927] [visualizer_node]: Received 4 solutions
[INFO] [1753420645.167898602] [visualizer_node]: Received 4 solutions
[INFO] [1753420645.266514587] [visualizer_node]: Received 4 solutions
[INFO] [1753420645.366157321] [visualizer_node]: Received 4 solutions
[INFO] [1753420645.467162334] [visualizer_node]: Received 4 solutions
[INFO] [1753420645.568839238] [visualizer_node]: Received 4 solutions
[INFO] [1753420645.670614417] [visualizer_node]: Received 4 solutions
[INFO] [1753420645.768587695] [visualizer_node]: Received 4 solutions
[INFO] [1753420645.866836214] [visualizer_node]: Received 4 solutions
[INFO] [1753420645.973757331] [visualizer_node]: Received 4 solutions
[INFO] [1753420646.071249508] [visualizer_node]: Received 4 solutions
[INFO] [1753420646.170358724] [visualizer_node]: Received 4 solutions
[INFO] [1753420646.266782199] [visualizer_node]: Received 4 solutions
[INFO] [1753420646.367426338] [visualizer_node]: Received 4 solutions
[INFO] [1753420646.470126920] [visualizer_node]: Received 4 solutions
[INFO] [1753420646.568846908] [visualizer_node]: Received 4 solutions
[INFO] [1753420646.666890750] [visualizer_node]: Received 4 solutions
[INFO] [1753420646.769722439] [visualizer_node]: Received 4 solutions
[INFO] [1753420646.869083022] [visualizer_node]: Received 4 solutions
[INFO] [1753420646.966955530] [visualizer_node]: Received 4 solutions
[INFO] [1753420647.069938872] [visualizer_node]: Received 4 solutions
[INFO] [1753420647.164486359] [visualizer_node]: Received 4 solutions
[INFO] [1753420647.265222342] [visualizer_node]: Received 4 solutions
[INFO] [1753420647.366408193] [visualizer_node]: Received 4 solutions
[INFO] [1753420647.469229003] [visualizer_node]: Received 4 solutions
[INFO] [1753420647.568492015] [visualizer_node]: Received 4 solutions
[INFO] [1753420647.666497968] [visualizer_node]: Received 4 solutions
[INFO] [1753420647.766171840] [visualizer_node]: Received 4 solutions
[INFO] [1753420647.866096408] [visualizer_node]: Received 4 solutions
[INFO] [1753420647.969088519] [visualizer_node]: Received 4 solutions
[INFO] [1753420648.066283793] [visualizer_node]: Received 4 solutions
[INFO] [1753420648.167310440] [visualizer_node]: Received 4 solutions
[INFO] [1753420648.267703342] [visualizer_node]: Received 4 solutions
[INFO] [1753420648.367378303] [visualizer_node]: Received 4 solutions
[INFO] [1753420648.466553154] [visualizer_node]: Received 4 solutions
[INFO] [1753420648.565080562] [visualizer_node]: Received 4 solutions
[INFO] [1753420648.672590978] [visualizer_node]: Received 4 solutions
[INFO] [1753420648.771492765] [visualizer_node]: Received 4 solutions
[INFO] [1753420648.869965452] [visualizer_node]: Received 4 solutions
[INFO] [1753420648.968235541] [visualizer_node]: Received 4 solutions
[INFO] [1753420649.069129097] [visualizer_node]: Received 4 solutions
[INFO] [1753420649.170532620] [visualizer_node]: Received 4 solutions
[INFO] [1753420649.266600375] [visualizer_node]: Received 4 solutions
[INFO] [1753420649.369791788] [visualizer_node]: Received 4 solutions
[INFO] [1753420649.470833765] [visualizer_node]: Received 4 solutions
[INFO] [1753420649.568648290] [visualizer_node]: Received 4 solutions
[INFO] [1753420649.673391363] [visualizer_node]: Received 4 solutions
[INFO] [1753420649.775772898] [visualizer_node]: Received 4 solutions
[INFO] [1753420649.873337624] [visualizer_node]: Received 4 solutions
[INFO] [1753420649.967926105] [visualizer_node]: Received 4 solutions
[INFO] [1753420650.066311910] [visualizer_node]: Received 4 solutions
[INFO] [1753420650.169875015] [visualizer_node]: Received 4 solutions
[INFO] [1753420650.269749087] [visualizer_node]: Received 4 solutions
[INFO] [1753420650.366945483] [visualizer_node]: Received 4 solutions
[INFO] [1753420650.468418673] [visualizer_node]: Received 4 solutions
[INFO] [1753420650.574647421] [visualizer_node]: Received 4 solutions
[INFO] [1753420650.667667410] [visualizer_node]: Received 4 solutions
[INFO] [1753420650.765543634] [visualizer_node]: Received 4 solutions
[INFO] [1753420650.868050197] [visualizer_node]: Received 4 solutions
[INFO] [1753420650.970627545] [visualizer_node]: Received 4 solutions
[INFO] [1753420651.065492611] [visualizer_node]: Received 4 solutions
[INFO] [1753420651.170497806] [visualizer_node]: Received 4 solutions
[INFO] [1753420651.265801509] [visualizer_node]: Received 4 solutions
[INFO] [1753420651.367962078] [visualizer_node]: Received 4 solutions
[INFO] [1753420651.470789771] [visualizer_node]: Received 4 solutions
[INFO] [1753420651.570267705] [visualizer_node]: Received 4 solutions
[INFO] [1753420651.668083895] [visualizer_node]: Received 4 solutions
[INFO] [1753420651.768593474] [visualizer_node]: Received 4 solutions
[INFO] [1753420651.867798951] [visualizer_node]: Received 4 solutions
[INFO] [1753420651.968461046] [visualizer_node]: Received 4 solutions
[INFO] [1753420652.068781980] [visualizer_node]: Received 4 solutions
[INFO] [1753420652.178379946] [visualizer_node]: Received 4 solutions
[INFO] [1753420652.272281370] [visualizer_node]: Received 4 solutions
[INFO] [1753420652.369301154] [visualizer_node]: Received 4 solutions
[INFO] [1753420652.468732846] [visualizer_node]: Received 4 solutions
[INFO] [1753420652.569767721] [visualizer_node]: Received 4 solutions
[INFO] [1753420652.666810546] [visualizer_node]: Received 4 solutions
[INFO] [1753420652.766307072] [visualizer_node]: Received 4 solutions
[INFO] [1753420652.870468052] [visualizer_node]: Received 4 solutions
[INFO] [1753420652.967464891] [visualizer_node]: Received 4 solutions
[INFO] [1753420653.068995268] [visualizer_node]: Received 4 solutions
[INFO] [1753420653.167686428] [visualizer_node]: Received 4 solutions
[INFO] [1753420653.268577395] [visualizer_node]: Received 4 solutions
[INFO] [1753420653.368426957] [visualizer_node]: Received 4 solutions
[INFO] [1753420653.471647078] [visualizer_node]: Received 4 solutions
[INFO] [1753420653.571841225] [visualizer_node]: Received 4 solutions
[INFO] [1753420653.666625266] [visualizer_node]: Received 4 solutions
[INFO] [1753420653.769681319] [visualizer_node]: Received 4 solutions
[INFO] [1753420653.871563674] [visualizer_node]: Received 4 solutions
[INFO] [1753420653.969067248] [visualizer_node]: Received 4 solutions
[INFO] [1753420654.067486049] [visualizer_node]: Received 4 solutions
[INFO] [1753420654.170529878] [visualizer_node]: Received 4 solutions
[INFO] [1753420654.268258996] [visualizer_node]: Received 4 solutions
[INFO] [1753420654.370177545] [visualizer_node]: Received 4 solutions
[INFO] [1753420654.467529980] [visualizer_node]: Received 4 solutions
[INFO] [1753420654.568001799] [visualizer_node]: Received 4 solutions
[INFO] [1753420654.668971009] [visualizer_node]: Received 4 solutions
[INFO] [1753420654.769568049] [visualizer_node]: Received 4 solutions
[INFO] [1753420654.873788231] [visualizer_node]: Received 4 solutions
[INFO] [1753420654.968840696] [visualizer_node]: Received 4 solutions
[INFO] [1753420655.066922496] [visualizer_node]: Received 4 solutions
[INFO] [1753420655.169833522] [visualizer_node]: Received 4 solutions
[INFO] [1753420655.267281705] [visualizer_node]: Received 4 solutions
[INFO] [1753420655.365687514] [visualizer_node]: Received 4 solutions
[INFO] [1753420655.469019192] [visualizer_node]: Received 4 solutions
[INFO] [1753420655.571064625] [visualizer_node]: Received 4 solutions
[INFO] [1753420655.667487530] [visualizer_node]: Received 4 solutions
[INFO] [1753420655.770362267] [visualizer_node]: Received 4 solutions
[INFO] [1753420655.867930549] [visualizer_node]: Received 4 solutions
[INFO] [1753420655.965870841] [visualizer_node]: Received 4 solutions
[INFO] [1753420656.077725066] [visualizer_node]: Received 4 solutions
[INFO] [1753420656.168699880] [visualizer_node]: Received 4 solutions
[INFO] [1753420656.271848770] [visualizer_node]: Received 4 solutions
[INFO] [1753420656.367236958] [visualizer_node]: Received 4 solutions
[INFO] [1753420656.470595773] [visualizer_node]: Received 4 solutions
[INFO] [1753420656.568978159] [visualizer_node]: Received 4 solutions
[INFO] [1753420656.666626443] [visualizer_node]: Received 4 solutions
[INFO] [1753420656.771371602] [visualizer_node]: Received 4 solutions
[INFO] [1753420656.867561669] [visualizer_node]: Received 4 solutions
[INFO] [1753420656.969605407] [visualizer_node]: Received 4 solutions
[INFO] [1753420657.068838185] [visualizer_node]: Received 4 solutions
[INFO] [1753420657.168157942] [visualizer_node]: Received 4 solutions
[INFO] [1753420657.270740544] [visualizer_node]: Received 4 solutions
[INFO] [1753420657.369855367] [visualizer_node]: Received 4 solutions
[INFO] [1753420657.468457887] [visualizer_node]: Received 4 solutions
[INFO] [1753420657.566954965] [visualizer_node]: Received 4 solutions
[INFO] [1753420657.667491780] [visualizer_node]: Received 4 solutions
[INFO] [1753420657.768499617] [visualizer_node]: Received 4 solutions
[INFO] [1753420657.874980506] [visualizer_node]: Received 4 solutions
[INFO] [1753420657.972618103] [visualizer_node]: Received 4 solutions
[INFO] [1753420658.069251096] [visualizer_node]: Received 4 solutions
[INFO] [1753420658.168687880] [visualizer_node]: Received 4 solutions
