[INFO] [1754305569.353979931] [solver_node]: [PerpendicularDistanceLocalizer] 激光配置 详细内容: 列表长度: 5
[INFO] [1754305569.354948214] [solver_node]: [PerpendicularDistanceLocalizer] 激光配置[0]: ((0.37685, 1.56608), 1.5708)
[INFO] [1754305569.355672842] [solver_node]: [PerpendicularDistanceLocalizer] 激光配置[1]: ((0.37685, -1.56608), -1.5708)
[INFO] [1754305569.356400927] [solver_node]: [PerpendicularDistanceLocalizer] 激光配置[2]: ((0.37645, 0.47385), 0.0)
[INFO] [1754305569.357083954] [solver_node]: [PerpendicularDistanceLocalizer] 激光配置[3]: ((0.37771, 2.42478), 3.14159)
[INFO] [1754305569.357779429] [solver_node]: [PerpendicularDistanceLocalizer] 激光配置[4]: ((0.37771, -2.42478), 3.14159)
[INFO] [1754305569.358589340] [solver_node]: [PerpendicularDistanceLocalizer] 前束索引: [2], 后束索引: [3, 4]
[INFO] [1754305569.359260110] [solver_node]: [PerpendicularDistanceLocalizer] 左束索引: [0], 右束索引: [1]
[INFO] [1754305569.360924253] [solver_node]: [PerpendicularDistanceLocalizer] h_values: [0.37684581 0.37684581 0.33497201 0.28475693 0.28475693]
[INFO] [1754305569.361917177] [solver_node]: [PerpendicularDistanceLocalizer] 垂直距离定位器已初始化，需要调用calibrate()方法进行标定
[INFO] [1754305569.372271738] [solver_node]: SolverNode启动，进入初始化阶段...
[INFO] [1754305569.836130932] [solver_node]: 标定数据收集进度: 1/500
[INFO] [1754305569.845719936] [solver_node]: 标定数据收集进度: 2/500
[INFO] [1754305569.854043240] [solver_node]: 标定数据收集进度: 3/500
[INFO] [1754305569.864167139] [solver_node]: 标定数据收集进度: 4/500
[INFO] [1754305569.875680452] [solver_node]: 标定数据收集进度: 5/500
[INFO] [1754305569.889094683] [solver_node]: 标定数据收集进度: 6/500
[INFO] [1754305569.911751412] [solver_node]: 标定数据收集进度: 7/500
[INFO] [1754305569.916723646] [solver_node]: 标定数据收集进度: 8/500
[INFO] [1754305569.924657788] [solver_node]: 标定数据收集进度: 9/500
[INFO] [1754305569.938324602] [solver_node]: 标定数据收集进度: 10/500
[INFO] [1754305569.941591253] [solver_node]: 标定数据收集进度: 11/500
[INFO] [1754305569.946227446] [solver_node]: 标定数据收集进度: 12/500
[INFO] [1754305569.954274487] [solver_node]: 标定数据收集进度: 13/500
[INFO] [1754305569.968968593] [solver_node]: 标定数据收集进度: 14/500
[INFO] [1754305569.978372184] [solver_node]: 标定数据收集进度: 15/500
[INFO] [1754305569.988841404] [solver_node]: 标定数据收集进度: 16/500
[INFO] [1754305570.041265522] [solver_node]: 标定数据收集进度: 17/500
[INFO] [1754305570.044916248] [solver_node]: 标定数据收集进度: 18/500
[INFO] [1754305570.050249037] [solver_node]: 标定数据收集进度: 19/500
[INFO] [1754305570.054156794] [solver_node]: 标定数据收集进度: 20/500
[INFO] [1754305570.057792543] [solver_node]: 标定数据收集进度: 21/500
[INFO] [1754305570.065258511] [solver_node]: 标定数据收集进度: 22/500
[INFO] [1754305570.068624461] [solver_node]: 标定数据收集进度: 23/500
[INFO] [1754305570.071110994] [solver_node]: 标定数据收集进度: 24/500
[INFO] [1754305570.076176159] [solver_node]: 标定数据收集进度: 25/500
[INFO] [1754305570.083851413] [solver_node]: 标定数据收集进度: 26/500
[INFO] [1754305570.099108606] [solver_node]: 标定数据收集进度: 27/500
[INFO] [1754305570.113290314] [solver_node]: 标定数据收集进度: 28/500
[INFO] [1754305570.118972488] [solver_node]: 标定数据收集进度: 29/500
[INFO] [1754305570.132035636] [solver_node]: 标定数据收集进度: 30/500
[INFO] [1754305570.146781295] [solver_node]: 标定数据收集进度: 31/500
[INFO] [1754305570.149689408] [solver_node]: 标定数据收集进度: 32/500
[INFO] [1754305570.154680171] [solver_node]: 标定数据收集进度: 33/500
[INFO] [1754305570.163888524] [solver_node]: 标定数据收集进度: 34/500
[INFO] [1754305570.177374051] [solver_node]: 标定数据收集进度: 35/500
[INFO] [1754305570.187942794] [solver_node]: 标定数据收集进度: 36/500
[INFO] [1754305570.196893347] [solver_node]: 标定数据收集进度: 37/500
[INFO] [1754305570.218488733] [solver_node]: 标定数据收集进度: 38/500
[INFO] [1754305570.224542726] [solver_node]: 标定数据收集进度: 39/500
[INFO] [1754305570.229527857] [solver_node]: 标定数据收集进度: 40/500
[INFO] [1754305570.234774819] [solver_node]: 标定数据收集进度: 41/500
[INFO] [1754305570.245141124] [solver_node]: 标定数据收集进度: 42/500
[INFO] [1754305570.254892372] [solver_node]: 标定数据收集进度: 43/500
[INFO] [1754305570.263877038] [solver_node]: 标定数据收集进度: 44/500
[INFO] [1754305570.288996042] [solver_node]: 标定数据收集进度: 45/500
[INFO] [1754305570.294139609] [solver_node]: 标定数据收集进度: 46/500
[INFO] [1754305570.296139665] [solver_node]: 标定数据收集进度: 47/500
[INFO] [1754305570.316509609] [solver_node]: 标定数据收集进度: 48/500
[INFO] [1754305570.323183043] [solver_node]: 标定数据收集进度: 49/500
[INFO] [1754305570.328591065] [solver_node]: 标定数据收集进度: 50/500
[INFO] [1754305570.334800935] [solver_node]: 标定数据收集进度: 51/500
[INFO] [1754305570.347764368] [solver_node]: 标定数据收集进度: 52/500
[INFO] [1754305570.353797752] [solver_node]: 标定数据收集进度: 53/500
[INFO] [1754305570.363995508] [solver_node]: 标定数据收集进度: 54/500
[INFO] [1754305570.374088141] [solver_node]: 标定数据收集进度: 55/500
[INFO] [1754305570.384586642] [solver_node]: 标定数据收集进度: 56/500
[INFO] [1754305570.394907282] [solver_node]: 标定数据收集进度: 57/500
[INFO] [1754305570.407836474] [solver_node]: 标定数据收集进度: 58/500
[INFO] [1754305570.417306722] [solver_node]: 标定数据收集进度: 59/500
[INFO] [1754305570.429374930] [solver_node]: 标定数据收集进度: 60/500
[INFO] [1754305570.439161923] [solver_node]: 标定数据收集进度: 61/500
[INFO] [1754305570.444062923] [solver_node]: 标定数据收集进度: 62/500
[INFO] [1754305570.453916094] [solver_node]: 标定数据收集进度: 63/500
[INFO] [1754305570.463713743] [solver_node]: 标定数据收集进度: 64/500
[INFO] [1754305570.474118193] [solver_node]: 标定数据收集进度: 65/500
[INFO] [1754305570.485310985] [solver_node]: 标定数据收集进度: 66/500
[INFO] [1754305570.498081261] [solver_node]: 标定数据收集进度: 67/500
[INFO] [1754305570.503768779] [solver_node]: 标定数据收集进度: 68/500
[INFO] [1754305570.515860060] [solver_node]: 标定数据收集进度: 69/500
[INFO] [1754305570.525394150] [solver_node]: 标定数据收集进度: 70/500
[INFO] [1754305570.534925136] [solver_node]: 标定数据收集进度: 71/500
[INFO] [1754305570.552749536] [solver_node]: 标定数据收集进度: 72/500
[INFO] [1754305570.562029443] [solver_node]: 标定数据收集进度: 73/500
[INFO] [1754305570.564777871] [solver_node]: 标定数据收集进度: 74/500
[INFO] [1754305570.575581116] [solver_node]: 标定数据收集进度: 75/500
[INFO] [1754305570.584986147] [solver_node]: 标定数据收集进度: 76/500
[INFO] [1754305570.594170211] [solver_node]: 标定数据收集进度: 77/500
[INFO] [1754305570.607802302] [solver_node]: 标定数据收集进度: 78/500
[INFO] [1754305570.624073604] [solver_node]: 标定数据收集进度: 79/500
[INFO] [1754305570.627013686] [solver_node]: 标定数据收集进度: 80/500
[INFO] [1754305570.634146333] [solver_node]: 标定数据收集进度: 81/500
[INFO] [1754305570.644309400] [solver_node]: 标定数据收集进度: 82/500
[INFO] [1754305570.653689917] [solver_node]: 标定数据收集进度: 83/500
[INFO] [1754305570.664305253] [solver_node]: 标定数据收集进度: 84/500
[INFO] [1754305570.676220977] [solver_node]: 标定数据收集进度: 85/500
[INFO] [1754305570.684460823] [solver_node]: 标定数据收集进度: 86/500
[INFO] [1754305570.694457997] [solver_node]: 标定数据收集进度: 87/500
[INFO] [1754305570.714109777] [solver_node]: 标定数据收集进度: 88/500
[INFO] [1754305570.716630263] [solver_node]: 标定数据收集进度: 89/500
[INFO] [1754305570.724212138] [solver_node]: 标定数据收集进度: 90/500
[INFO] [1754305570.735234942] [solver_node]: 标定数据收集进度: 91/500
[INFO] [1754305570.744638564] [solver_node]: 标定数据收集进度: 92/500
[INFO] [1754305570.754305265] [solver_node]: 标定数据收集进度: 93/500
[INFO] [1754305570.763831963] [solver_node]: 标定数据收集进度: 94/500
[INFO] [1754305570.777893410] [solver_node]: 标定数据收集进度: 95/500
[INFO] [1754305570.795668882] [solver_node]: 标定数据收集进度: 96/500
[INFO] [1754305570.797794989] [solver_node]: 标定数据收集进度: 97/500
[INFO] [1754305570.817067558] [solver_node]: 标定数据收集进度: 98/500
[INFO] [1754305570.827064637] [solver_node]: 标定数据收集进度: 99/500
[INFO] [1754305570.830149779] [solver_node]: 标定数据收集进度: 100/500
[INFO] [1754305570.834579758] [solver_node]: 标定数据收集进度: 101/500
[INFO] [1754305570.844441057] [solver_node]: 标定数据收集进度: 102/500
[INFO] [1754305570.856718679] [solver_node]: 标定数据收集进度: 103/500
[INFO] [1754305570.865258565] [solver_node]: 标定数据收集进度: 104/500
[INFO] [1754305570.875906830] [solver_node]: 标定数据收集进度: 105/500
[INFO] [1754305570.889941589] [solver_node]: 标定数据收集进度: 106/500
[INFO] [1754305570.913976051] [solver_node]: 标定数据收集进度: 107/500
[INFO] [1754305570.917054505] [solver_node]: 标定数据收集进度: 108/500
[INFO] [1754305570.919228997] [solver_node]: 标定数据收集进度: 109/500
[INFO] [1754305570.925332943] [solver_node]: 标定数据收集进度: 110/500
[INFO] [1754305570.935413384] [solver_node]: 标定数据收集进度: 111/500
[INFO] [1754305570.945101846] [solver_node]: 标定数据收集进度: 112/500
[INFO] [1754305570.954119921] [solver_node]: 标定数据收集进度: 113/500
[INFO] [1754305570.963670876] [solver_node]: 标定数据收集进度: 114/500
[INFO] [1754305570.975457764] [solver_node]: 标定数据收集进度: 115/500
[INFO] [1754305570.985288694] [solver_node]: 标定数据收集进度: 116/500
[INFO] [1754305570.993591261] [solver_node]: 标定数据收集进度: 117/500
[INFO] [1754305571.004615441] [solver_node]: 标定数据收集进度: 118/500
[INFO] [1754305571.017530680] [solver_node]: 标定数据收集进度: 119/500
[INFO] [1754305571.023995436] [solver_node]: 标定数据收集进度: 120/500
[INFO] [1754305571.034066180] [solver_node]: 标定数据收集进度: 121/500
[INFO] [1754305571.043686575] [solver_node]: 标定数据收集进度: 122/500
[INFO] [1754305571.053775848] [solver_node]: 标定数据收集进度: 123/500
[INFO] [1754305571.063600153] [solver_node]: 标定数据收集进度: 124/500
[INFO] [1754305571.081162113] [solver_node]: 标定数据收集进度: 125/500
[INFO] [1754305571.084163637] [solver_node]: 标定数据收集进度: 126/500
[INFO] [1754305571.093737887] [solver_node]: 标定数据收集进度: 127/500
[INFO] [1754305571.103792343] [solver_node]: 标定数据收集进度: 128/500
[INFO] [1754305571.122286425] [solver_node]: 标定数据收集进度: 129/500
[INFO] [1754305571.124870369] [solver_node]: 标定数据收集进度: 130/500
[INFO] [1754305571.134259334] [solver_node]: 标定数据收集进度: 131/500
[INFO] [1754305571.144021685] [solver_node]: 标定数据收集进度: 132/500
[INFO] [1754305571.154598492] [solver_node]: 标定数据收集进度: 133/500
[INFO] [1754305571.163893150] [solver_node]: 标定数据收集进度: 134/500
[INFO] [1754305571.175819210] [solver_node]: 标定数据收集进度: 135/500
[INFO] [1754305571.184538268] [solver_node]: 标定数据收集进度: 136/500
[INFO] [1754305571.193974883] [solver_node]: 标定数据收集进度: 137/500
[INFO] [1754305571.203845013] [solver_node]: 标定数据收集进度: 138/500
[INFO] [1754305571.214238550] [solver_node]: 标定数据收集进度: 139/500
[INFO] [1754305571.226978040] [solver_node]: 标定数据收集进度: 140/500
[INFO] [1754305571.234640109] [solver_node]: 标定数据收集进度: 141/500
[INFO] [1754305571.243732202] [solver_node]: 标定数据收集进度: 142/500
[INFO] [1754305571.254061130] [solver_node]: 标定数据收集进度: 143/500
[INFO] [1754305571.263655476] [solver_node]: 标定数据收集进度: 144/500
[INFO] [1754305571.273675595] [solver_node]: 标定数据收集进度: 145/500
[INFO] [1754305571.283518877] [solver_node]: 标定数据收集进度: 146/500
[INFO] [1754305571.301532434] [solver_node]: 标定数据收集进度: 147/500
[INFO] [1754305571.307547481] [solver_node]: 标定数据收集进度: 148/500
[INFO] [1754305571.314033709] [solver_node]: 标定数据收集进度: 149/500
[INFO] [1754305571.323906560] [solver_node]: 标定数据收集进度: 150/500
[INFO] [1754305571.334057018] [solver_node]: 标定数据收集进度: 151/500
[INFO] [1754305571.344360761] [solver_node]: 标定数据收集进度: 152/500
[INFO] [1754305571.354546836] [solver_node]: 标定数据收集进度: 153/500
[INFO] [1754305571.363671218] [solver_node]: 标定数据收集进度: 154/500
[INFO] [1754305571.375564316] [solver_node]: 标定数据收集进度: 155/500
[INFO] [1754305571.385175592] [solver_node]: 标定数据收集进度: 156/500
[INFO] [1754305571.393747734] [solver_node]: 标定数据收集进度: 157/500
[INFO] [1754305571.407677977] [solver_node]: 标定数据收集进度: 158/500
[INFO] [1754305571.414475382] [solver_node]: 标定数据收集进度: 159/500
[INFO] [1754305571.424313448] [solver_node]: 标定数据收集进度: 160/500
[INFO] [1754305571.434073495] [solver_node]: 标定数据收集进度: 161/500
[INFO] [1754305571.443671362] [solver_node]: 标定数据收集进度: 162/500
[INFO] [1754305571.455202979] [solver_node]: 标定数据收集进度: 163/500
[INFO] [1754305571.464141340] [solver_node]: 标定数据收集进度: 164/500
[INFO] [1754305571.478887638] [solver_node]: 标定数据收集进度: 165/500
[INFO] [1754305571.487911025] [solver_node]: 标定数据收集进度: 166/500
[INFO] [1754305571.498817824] [solver_node]: 标定数据收集进度: 167/500
[INFO] [1754305571.504367610] [solver_node]: 标定数据收集进度: 168/500
[INFO] [1754305571.513932292] [solver_node]: 标定数据收集进度: 169/500
[INFO] [1754305571.527720132] [solver_node]: 标定数据收集进度: 170/500
[INFO] [1754305571.538959804] [solver_node]: 标定数据收集进度: 171/500
[INFO] [1754305571.544734301] [solver_node]: 标定数据收集进度: 172/500
[INFO] [1754305571.554930872] [solver_node]: 标定数据收集进度: 173/500
[INFO] [1754305571.564111704] [solver_node]: 标定数据收集进度: 174/500
[INFO] [1754305571.578114141] [solver_node]: 标定数据收集进度: 175/500
[INFO] [1754305571.583926815] [solver_node]: 标定数据收集进度: 176/500
[INFO] [1754305571.593785937] [solver_node]: 标定数据收集进度: 177/500
[INFO] [1754305571.604303861] [solver_node]: 标定数据收集进度: 178/500
[INFO] [1754305571.614335532] [solver_node]: 标定数据收集进度: 179/500
[INFO] [1754305571.624262624] [solver_node]: 标定数据收集进度: 180/500
[INFO] [1754305571.636749308] [solver_node]: 标定数据收集进度: 181/500
[INFO] [1754305571.645294697] [solver_node]: 标定数据收集进度: 182/500
[INFO] [1754305571.653805270] [solver_node]: 标定数据收集进度: 183/500
[INFO] [1754305571.663638535] [solver_node]: 标定数据收集进度: 184/500
[INFO] [1754305571.675800122] [solver_node]: 标定数据收集进度: 185/500
[INFO] [1754305571.687682820] [solver_node]: 标定数据收集进度: 186/500
[INFO] [1754305571.697858207] [solver_node]: 标定数据收集进度: 187/500
[INFO] [1754305571.704927460] [solver_node]: 标定数据收集进度: 188/500
[INFO] [1754305571.715558283] [solver_node]: 标定数据收集进度: 189/500
[INFO] [1754305571.724981809] [solver_node]: 标定数据收集进度: 190/500
[INFO] [1754305571.734137072] [solver_node]: 标定数据收集进度: 191/500
[INFO] [1754305571.743897951] [solver_node]: 标定数据收集进度: 192/500
[INFO] [1754305571.754150204] [solver_node]: 标定数据收集进度: 193/500
[INFO] [1754305571.763662021] [solver_node]: 标定数据收集进度: 194/500
[INFO] [1754305571.774735737] [solver_node]: 标定数据收集进度: 195/500
[INFO] [1754305571.785286142] [solver_node]: 标定数据收集进度: 196/500
[INFO] [1754305571.805274506] [solver_node]: 标定数据收集进度: 197/500
[INFO] [1754305571.814802739] [solver_node]: 标定数据收集进度: 198/500
[INFO] [1754305571.817467133] [solver_node]: 标定数据收集进度: 199/500
[INFO] [1754305571.823761356] [solver_node]: 标定数据收集进度: 200/500
[INFO] [1754305571.833981448] [solver_node]: 标定数据收集进度: 201/500
[INFO] [1754305571.843947326] [solver_node]: 标定数据收集进度: 202/500
[INFO] [1754305571.853963988] [solver_node]: 标定数据收集进度: 203/500
[INFO] [1754305571.863995979] [solver_node]: 标定数据收集进度: 204/500
[INFO] [1754305571.874126277] [solver_node]: 标定数据收集进度: 205/500
[INFO] [1754305571.884034808] [solver_node]: 标定数据收集进度: 206/500
[INFO] [1754305571.894043887] [solver_node]: 标定数据收集进度: 207/500
[INFO] [1754305571.903970371] [solver_node]: 标定数据收集进度: 208/500
[INFO] [1754305571.913726450] [solver_node]: 标定数据收集进度: 209/500
[INFO] [1754305571.928689106] [solver_node]: 标定数据收集进度: 210/500
[INFO] [1754305571.934356624] [solver_node]: 标定数据收集进度: 211/500
[INFO] [1754305571.947674402] [solver_node]: 标定数据收集进度: 212/500
[INFO] [1754305571.953683081] [solver_node]: 标定数据收集进度: 213/500
[INFO] [1754305571.964291760] [solver_node]: 标定数据收集进度: 214/500
[INFO] [1754305571.973890683] [solver_node]: 标定数据收集进度: 215/500
[INFO] [1754305571.983726413] [solver_node]: 标定数据收集进度: 216/500
[INFO] [1754305571.993622080] [solver_node]: 标定数据收集进度: 217/500
[INFO] [1754305572.010756316] [solver_node]: 标定数据收集进度: 218/500
[INFO] [1754305572.023488797] [solver_node]: 标定数据收集进度: 219/500
[INFO] [1754305572.031413113] [solver_node]: 标定数据收集进度: 220/500
[INFO] [1754305572.035839604] [solver_node]: 标定数据收集进度: 221/500
[INFO] [1754305572.048514548] [solver_node]: 标定数据收集进度: 222/500
[INFO] [1754305572.057678098] [solver_node]: 标定数据收集进度: 223/500
[INFO] [1754305572.065777427] [solver_node]: 标定数据收集进度: 224/500
[INFO] [1754305572.076428443] [solver_node]: 标定数据收集进度: 225/500
[INFO] [1754305572.086209386] [solver_node]: 标定数据收集进度: 226/500
[INFO] [1754305572.094129574] [solver_node]: 标定数据收集进度: 227/500
[INFO] [1754305572.105148567] [solver_node]: 标定数据收集进度: 228/500
[INFO] [1754305572.121707491] [solver_node]: 标定数据收集进度: 229/500
[INFO] [1754305572.125154723] [solver_node]: 标定数据收集进度: 230/500
[INFO] [1754305572.135285468] [solver_node]: 标定数据收集进度: 231/500
[INFO] [1754305572.143476927] [solver_node]: 标定数据收集进度: 232/500
[INFO] [1754305572.153867743] [solver_node]: 标定数据收集进度: 233/500
[INFO] [1754305572.164077595] [solver_node]: 标定数据收集进度: 234/500
[INFO] [1754305572.175478615] [solver_node]: 标定数据收集进度: 235/500
[INFO] [1754305572.184088230] [solver_node]: 标定数据收集进度: 236/500
[INFO] [1754305572.193963512] [solver_node]: 标定数据收集进度: 237/500
[INFO] [1754305572.204332216] [solver_node]: 标定数据收集进度: 238/500
[INFO] [1754305572.214763481] [solver_node]: 标定数据收集进度: 239/500
[INFO] [1754305572.233164184] [solver_node]: 标定数据收集进度: 240/500
[INFO] [1754305572.236420626] [solver_node]: 标定数据收集进度: 241/500
[INFO] [1754305572.245447277] [solver_node]: 标定数据收集进度: 242/500
[INFO] [1754305572.255924208] [solver_node]: 标定数据收集进度: 243/500
[INFO] [1754305572.263565476] [solver_node]: 标定数据收集进度: 244/500
[INFO] [1754305572.277161309] [solver_node]: 标定数据收集进度: 245/500
[INFO] [1754305572.283743444] [solver_node]: 标定数据收集进度: 246/500
[INFO] [1754305572.293678279] [solver_node]: 标定数据收集进度: 247/500
[INFO] [1754305572.303623835] [solver_node]: 标定数据收集进度: 248/500
[INFO] [1754305572.313844791] [solver_node]: 标定数据收集进度: 249/500
[INFO] [1754305572.326344274] [solver_node]: 标定数据收集进度: 250/500
[INFO] [1754305572.335699669] [solver_node]: 标定数据收集进度: 251/500
[INFO] [1754305572.346800969] [solver_node]: 标定数据收集进度: 252/500
[INFO] [1754305572.354106356] [solver_node]: 标定数据收集进度: 253/500
[INFO] [1754305572.363580347] [solver_node]: 标定数据收集进度: 254/500
[INFO] [1754305572.373898169] [solver_node]: 标定数据收集进度: 255/500
[INFO] [1754305572.383770411] [solver_node]: 标定数据收集进度: 256/500
[INFO] [1754305572.399213080] [solver_node]: 标定数据收集进度: 257/500
[INFO] [1754305572.405441925] [solver_node]: 标定数据收集进度: 258/500
[INFO] [1754305572.420237247] [solver_node]: 标定数据收集进度: 259/500
[INFO] [1754305572.423787746] [solver_node]: 标定数据收集进度: 260/500
[INFO] [1754305572.434064063] [solver_node]: 标定数据收集进度: 261/500
[INFO] [1754305572.443543238] [solver_node]: 标定数据收集进度: 262/500
[INFO] [1754305572.454374067] [solver_node]: 标定数据收集进度: 263/500
[INFO] [1754305572.463545425] [solver_node]: 标定数据收集进度: 264/500
[INFO] [1754305572.473676778] [solver_node]: 标定数据收集进度: 265/500
[INFO] [1754305572.483893414] [solver_node]: 标定数据收集进度: 266/500
[INFO] [1754305572.493476976] [solver_node]: 标定数据收集进度: 267/500
[INFO] [1754305572.504348765] [solver_node]: 标定数据收集进度: 268/500
[INFO] [1754305572.514074283] [solver_node]: 标定数据收集进度: 269/500
[INFO] [1754305572.526550790] [solver_node]: 标定数据收集进度: 270/500
[INFO] [1754305572.535288536] [solver_node]: 标定数据收集进度: 271/500
[INFO] [1754305572.546450158] [solver_node]: 标定数据收集进度: 272/500
[INFO] [1754305572.553840923] [solver_node]: 标定数据收集进度: 273/500
[INFO] [1754305572.564082039] [solver_node]: 标定数据收集进度: 274/500
[INFO] [1754305572.573902280] [solver_node]: 标定数据收集进度: 275/500
[INFO] [1754305572.585271811] [solver_node]: 标定数据收集进度: 276/500
[INFO] [1754305572.595150133] [solver_node]: 标定数据收集进度: 277/500
[INFO] [1754305572.606072260] [solver_node]: 标定数据收集进度: 278/500
[INFO] [1754305572.614388011] [solver_node]: 标定数据收集进度: 279/500
[INFO] [1754305572.627463766] [solver_node]: 标定数据收集进度: 280/500
[INFO] [1754305572.635611320] [solver_node]: 标定数据收集进度: 281/500
[INFO] [1754305572.644475918] [solver_node]: 标定数据收集进度: 282/500
[INFO] [1754305572.654679273] [solver_node]: 标定数据收集进度: 283/500
[INFO] [1754305572.663975019] [solver_node]: 标定数据收集进度: 284/500
[INFO] [1754305572.674489263] [solver_node]: 标定数据收集进度: 285/500
[INFO] [1754305572.685515425] [solver_node]: 标定数据收集进度: 286/500
[INFO] [1754305572.696096775] [solver_node]: 标定数据收集进度: 287/500
[INFO] [1754305572.705164098] [solver_node]: 标定数据收集进度: 288/500
[INFO] [1754305572.720524972] [solver_node]: 标定数据收集进度: 289/500
[INFO] [1754305572.724602366] [solver_node]: 标定数据收集进度: 290/500
[INFO] [1754305572.734103205] [solver_node]: 标定数据收集进度: 291/500
[INFO] [1754305572.744342337] [solver_node]: 标定数据收集进度: 292/500
[INFO] [1754305572.761917673] [solver_node]: 标定数据收集进度: 293/500
[INFO] [1754305572.765112834] [solver_node]: 标定数据收集进度: 294/500
[INFO] [1754305572.774934834] [solver_node]: 标定数据收集进度: 295/500
[INFO] [1754305572.784631519] [solver_node]: 标定数据收集进度: 296/500
[INFO] [1754305572.795125027] [solver_node]: 标定数据收集进度: 297/500
[INFO] [1754305572.806634978] [solver_node]: 标定数据收集进度: 298/500
[INFO] [1754305572.816747515] [solver_node]: 标定数据收集进度: 299/500
[INFO] [1754305572.829058480] [solver_node]: 标定数据收集进度: 300/500
[INFO] [1754305572.834308450] [solver_node]: 标定数据收集进度: 301/500
[INFO] [1754305572.846112041] [solver_node]: 标定数据收集进度: 302/500
[INFO] [1754305572.854393615] [solver_node]: 标定数据收集进度: 303/500
[INFO] [1754305572.865047959] [solver_node]: 标定数据收集进度: 304/500
[INFO] [1754305572.882331991] [solver_node]: 标定数据收集进度: 305/500
[INFO] [1754305572.887658698] [solver_node]: 标定数据收集进度: 306/500
[INFO] [1754305572.896415773] [solver_node]: 标定数据收集进度: 307/500
[INFO] [1754305572.904200213] [solver_node]: 标定数据收集进度: 308/500
[INFO] [1754305572.915479022] [solver_node]: 标定数据收集进度: 309/500
[INFO] [1754305572.929169546] [solver_node]: 标定数据收集进度: 310/500
[INFO] [1754305572.935334389] [solver_node]: 标定数据收集进度: 311/500
[INFO] [1754305572.947704557] [solver_node]: 标定数据收集进度: 312/500
[INFO] [1754305572.955408931] [solver_node]: 标定数据收集进度: 313/500
[INFO] [1754305572.963427937] [solver_node]: 标定数据收集进度: 314/500
[INFO] [1754305572.975923292] [solver_node]: 标定数据收集进度: 315/500
[INFO] [1754305572.984321957] [solver_node]: 标定数据收集进度: 316/500
[INFO] [1754305572.993816620] [solver_node]: 标定数据收集进度: 317/500
[INFO] [1754305573.004462324] [solver_node]: 标定数据收集进度: 318/500
[INFO] [1754305573.018536922] [solver_node]: 标定数据收集进度: 319/500
[INFO] [1754305573.025173457] [solver_node]: 标定数据收集进度: 320/500
[INFO] [1754305573.034206123] [solver_node]: 标定数据收集进度: 321/500
[INFO] [1754305573.043908472] [solver_node]: 标定数据收集进度: 322/500
[INFO] [1754305573.054545887] [solver_node]: 标定数据收集进度: 323/500
[INFO] [1754305573.063767038] [solver_node]: 标定数据收集进度: 324/500
[INFO] [1754305573.074062171] [solver_node]: 标定数据收集进度: 325/500
[INFO] [1754305573.083893099] [solver_node]: 标定数据收集进度: 326/500
[INFO] [1754305573.094234890] [solver_node]: 标定数据收集进度: 327/500
[INFO] [1754305573.104178877] [solver_node]: 标定数据收集进度: 328/500
[INFO] [1754305573.115595641] [solver_node]: 标定数据收集进度: 329/500
[INFO] [1754305573.129479898] [solver_node]: 标定数据收集进度: 330/500
[INFO] [1754305573.136657121] [solver_node]: 标定数据收集进度: 331/500
[INFO] [1754305573.143918186] [solver_node]: 标定数据收集进度: 332/500
[INFO] [1754305573.156231103] [solver_node]: 标定数据收集进度: 333/500
[INFO] [1754305573.164036951] [solver_node]: 标定数据收集进度: 334/500
[INFO] [1754305573.185051389] [solver_node]: 标定数据收集进度: 335/500
[INFO] [1754305573.191002722] [solver_node]: 标定数据收集进度: 336/500
[INFO] [1754305573.195664963] [solver_node]: 标定数据收集进度: 337/500
[INFO] [1754305573.211524890] [solver_node]: 标定数据收集进度: 338/500
[INFO] [1754305573.218749666] [solver_node]: 标定数据收集进度: 339/500
[INFO] [1754305573.226236625] [solver_node]: 标定数据收集进度: 340/500
[INFO] [1754305573.233981832] [solver_node]: 标定数据收集进度: 341/500
[INFO] [1754305573.243708917] [solver_node]: 标定数据收集进度: 342/500
[INFO] [1754305573.253900623] [solver_node]: 标定数据收集进度: 343/500
[INFO] [1754305573.263824194] [solver_node]: 标定数据收集进度: 344/500
[INFO] [1754305573.273880601] [solver_node]: 标定数据收集进度: 345/500
[INFO] [1754305573.284188150] [solver_node]: 标定数据收集进度: 346/500
[INFO] [1754305573.293756735] [solver_node]: 标定数据收集进度: 347/500
[INFO] [1754305573.304407782] [solver_node]: 标定数据收集进度: 348/500
[INFO] [1754305573.324211402] [solver_node]: 标定数据收集进度: 349/500
[INFO] [1754305573.328827530] [solver_node]: 标定数据收集进度: 350/500
[INFO] [1754305573.336249752] [solver_node]: 标定数据收集进度: 351/500
[INFO] [1754305573.344595263] [solver_node]: 标定数据收集进度: 352/500
[INFO] [1754305573.356613068] [solver_node]: 标定数据收集进度: 353/500
[INFO] [1754305573.365216506] [solver_node]: 标定数据收集进度: 354/500
[INFO] [1754305573.375075595] [solver_node]: 标定数据收集进度: 355/500
[INFO] [1754305573.384095109] [solver_node]: 标定数据收集进度: 356/500
[INFO] [1754305573.393922229] [solver_node]: 标定数据收集进度: 357/500
[INFO] [1754305573.404589372] [solver_node]: 标定数据收集进度: 358/500
[INFO] [1754305573.423088572] [solver_node]: 标定数据收集进度: 359/500
[INFO] [1754305573.428159273] [solver_node]: 标定数据收集进度: 360/500
[INFO] [1754305573.436348396] [solver_node]: 标定数据收集进度: 361/500
[INFO] [1754305573.445878836] [solver_node]: 标定数据收集进度: 362/500
[INFO] [1754305573.454456673] [solver_node]: 标定数据收集进度: 363/500
[INFO] [1754305573.463601214] [solver_node]: 标定数据收集进度: 364/500
[INFO] [1754305573.475878674] [solver_node]: 标定数据收集进度: 365/500
[INFO] [1754305573.483511590] [solver_node]: 标定数据收集进度: 366/500
[INFO] [1754305573.493684447] [solver_node]: 标定数据收集进度: 367/500
[INFO] [1754305573.504265956] [solver_node]: 标定数据收集进度: 368/500
[INFO] [1754305573.513814157] [solver_node]: 标定数据收集进度: 369/500
[INFO] [1754305573.526381673] [solver_node]: 标定数据收集进度: 370/500
[INFO] [1754305573.534521194] [solver_node]: 标定数据收集进度: 371/500
[INFO] [1754305573.543810187] [solver_node]: 标定数据收集进度: 372/500
[INFO] [1754305573.554000230] [solver_node]: 标定数据收集进度: 373/500
[INFO] [1754305573.564366341] [solver_node]: 标定数据收集进度: 374/500
[INFO] [1754305573.573672710] [solver_node]: 标定数据收集进度: 375/500
[INFO] [1754305573.584099367] [solver_node]: 标定数据收集进度: 376/500
[INFO] [1754305573.593873014] [solver_node]: 标定数据收集进度: 377/500
[INFO] [1754305573.605631131] [solver_node]: 标定数据收集进度: 378/500
[INFO] [1754305573.616366053] [solver_node]: 标定数据收集进度: 379/500
[INFO] [1754305573.628035912] [solver_node]: 标定数据收集进度: 380/500
[INFO] [1754305573.634121360] [solver_node]: 标定数据收集进度: 381/500
[INFO] [1754305573.645270117] [solver_node]: 标定数据收集进度: 382/500
[INFO] [1754305573.653662574] [solver_node]: 标定数据收集进度: 383/500
[INFO] [1754305573.663692643] [solver_node]: 标定数据收集进度: 384/500
[INFO] [1754305573.674850648] [solver_node]: 标定数据收集进度: 385/500
[INFO] [1754305573.687294865] [solver_node]: 标定数据收集进度: 386/500
[INFO] [1754305573.695779420] [solver_node]: 标定数据收集进度: 387/500
[INFO] [1754305573.704227110] [solver_node]: 标定数据收集进度: 388/500
[INFO] [1754305573.714489026] [solver_node]: 标定数据收集进度: 389/500
[INFO] [1754305573.724094700] [solver_node]: 标定数据收集进度: 390/500
[INFO] [1754305573.734606703] [solver_node]: 标定数据收集进度: 391/500
[INFO] [1754305573.743822382] [solver_node]: 标定数据收集进度: 392/500
[INFO] [1754305573.753764354] [solver_node]: 标定数据收集进度: 393/500
[INFO] [1754305573.763970716] [solver_node]: 标定数据收集进度: 394/500
[INFO] [1754305573.774637860] [solver_node]: 标定数据收集进度: 395/500
[INFO] [1754305573.785266826] [solver_node]: 标定数据收集进度: 396/500
[INFO] [1754305573.798583419] [solver_node]: 标定数据收集进度: 397/500
[INFO] [1754305573.820377590] [solver_node]: 标定数据收集进度: 398/500
[INFO] [1754305573.823073537] [solver_node]: 标定数据收集进度: 399/500
[INFO] [1754305573.825147994] [solver_node]: 标定数据收集进度: 400/500
[INFO] [1754305573.834454012] [solver_node]: 标定数据收集进度: 401/500
[INFO] [1754305573.843617530] [solver_node]: 标定数据收集进度: 402/500
[INFO] [1754305573.856539680] [solver_node]: 标定数据收集进度: 403/500
[INFO] [1754305573.864459643] [solver_node]: 标定数据收集进度: 404/500
[INFO] [1754305573.875222949] [solver_node]: 标定数据收集进度: 405/500
[INFO] [1754305573.884968915] [solver_node]: 标定数据收集进度: 406/500
[INFO] [1754305573.893507711] [solver_node]: 标定数据收集进度: 407/500
[INFO] [1754305573.905445802] [solver_node]: 标定数据收集进度: 408/500
[INFO] [1754305573.913882484] [solver_node]: 标定数据收集进度: 409/500
[INFO] [1754305573.924533274] [solver_node]: 标定数据收集进度: 410/500
[INFO] [1754305573.934402508] [solver_node]: 标定数据收集进度: 411/500
[INFO] [1754305573.944598438] [solver_node]: 标定数据收集进度: 412/500
[INFO] [1754305573.953599583] [solver_node]: 标定数据收集进度: 413/500
[INFO] [1754305573.963902781] [solver_node]: 标定数据收集进度: 414/500
[INFO] [1754305573.977139627] [solver_node]: 标定数据收集进度: 415/500
[INFO] [1754305573.984034762] [solver_node]: 标定数据收集进度: 416/500
[INFO] [1754305573.993399758] [solver_node]: 标定数据收集进度: 417/500
[INFO] [1754305574.004647269] [solver_node]: 标定数据收集进度: 418/500
[INFO] [1754305574.015010019] [solver_node]: 标定数据收集进度: 419/500
[INFO] [1754305574.023997404] [solver_node]: 标定数据收集进度: 420/500
[INFO] [1754305574.034082450] [solver_node]: 标定数据收集进度: 421/500
[INFO] [1754305574.047617576] [solver_node]: 标定数据收集进度: 422/500
[INFO] [1754305574.054472134] [solver_node]: 标定数据收集进度: 423/500
[INFO] [1754305574.064922887] [solver_node]: 标定数据收集进度: 424/500
[INFO] [1754305574.073923775] [solver_node]: 标定数据收集进度: 425/500
[INFO] [1754305574.086777603] [solver_node]: 标定数据收集进度: 426/500
[INFO] [1754305574.093717250] [solver_node]: 标定数据收集进度: 427/500
[INFO] [1754305574.103737463] [solver_node]: 标定数据收集进度: 428/500
[INFO] [1754305574.115384985] [solver_node]: 标定数据收集进度: 429/500
[INFO] [1754305574.123873892] [solver_node]: 标定数据收集进度: 430/500
[INFO] [1754305574.135354753] [solver_node]: 标定数据收集进度: 431/500
[INFO] [1754305574.149003386] [solver_node]: 标定数据收集进度: 432/500
[INFO] [1754305574.154007556] [solver_node]: 标定数据收集进度: 433/500
[INFO] [1754305574.165141752] [solver_node]: 标定数据收集进度: 434/500
[INFO] [1754305574.174333590] [solver_node]: 标定数据收集进度: 435/500
[INFO] [1754305574.183878078] [solver_node]: 标定数据收集进度: 436/500
[INFO] [1754305574.194200027] [solver_node]: 标定数据收集进度: 437/500
[INFO] [1754305574.205802172] [solver_node]: 标定数据收集进度: 438/500
[INFO] [1754305574.225982377] [solver_node]: 标定数据收集进度: 439/500
[INFO] [1754305574.228809592] [solver_node]: 标定数据收集进度: 440/500
[INFO] [1754305574.241868288] [solver_node]: 标定数据收集进度: 441/500
[INFO] [1754305574.250226983] [solver_node]: 标定数据收集进度: 442/500
[INFO] [1754305574.260085560] [solver_node]: 标定数据收集进度: 443/500
[INFO] [1754305574.264645078] [solver_node]: 标定数据收集进度: 444/500
[INFO] [1754305574.278093193] [solver_node]: 标定数据收集进度: 445/500
[INFO] [1754305574.289457603] [solver_node]: 标定数据收集进度: 446/500
[INFO] [1754305574.307307633] [solver_node]: 标定数据收集进度: 447/500
[INFO] [1754305574.314664892] [solver_node]: 标定数据收集进度: 448/500
[INFO] [1754305574.317800083] [solver_node]: 标定数据收集进度: 449/500
[INFO] [1754305574.324828245] [solver_node]: 标定数据收集进度: 450/500
[INFO] [1754305574.335220436] [solver_node]: 标定数据收集进度: 451/500
[INFO] [1754305574.344568374] [solver_node]: 标定数据收集进度: 452/500
[INFO] [1754305574.353991163] [solver_node]: 标定数据收集进度: 453/500
[INFO] [1754305574.363857483] [solver_node]: 标定数据收集进度: 454/500
[INFO] [1754305574.373665690] [solver_node]: 标定数据收集进度: 455/500
[INFO] [1754305574.383876021] [solver_node]: 标定数据收集进度: 456/500
[INFO] [1754305574.393760294] [solver_node]: 标定数据收集进度: 457/500
[INFO] [1754305574.404047362] [solver_node]: 标定数据收集进度: 458/500
[INFO] [1754305574.418086214] [solver_node]: 标定数据收集进度: 459/500
[INFO] [1754305574.424418421] [solver_node]: 标定数据收集进度: 460/500
[INFO] [1754305574.441240518] [solver_node]: 标定数据收集进度: 461/500
[INFO] [1754305574.444960013] [solver_node]: 标定数据收集进度: 462/500
[INFO] [1754305574.454056232] [solver_node]: 标定数据收集进度: 463/500
[INFO] [1754305574.464512681] [solver_node]: 标定数据收集进度: 464/500
[INFO] [1754305574.474267991] [solver_node]: 标定数据收集进度: 465/500
[INFO] [1754305574.489854469] [solver_node]: 标定数据收集进度: 466/500
[INFO] [1754305574.498479828] [solver_node]: 标定数据收集进度: 467/500
[INFO] [1754305574.505852447] [solver_node]: 标定数据收集进度: 468/500
[INFO] [1754305574.515267940] [solver_node]: 标定数据收集进度: 469/500
[INFO] [1754305574.533722273] [solver_node]: 标定数据收集进度: 470/500
[INFO] [1754305574.539274235] [solver_node]: 标定数据收集进度: 471/500
[INFO] [1754305574.546906862] [solver_node]: 标定数据收集进度: 472/500
[INFO] [1754305574.554535873] [solver_node]: 标定数据收集进度: 473/500
[INFO] [1754305574.564809981] [solver_node]: 标定数据收集进度: 474/500
[INFO] [1754305574.577572861] [solver_node]: 标定数据收集进度: 475/500
[INFO] [1754305574.587640499] [solver_node]: 标定数据收集进度: 476/500
[INFO] [1754305574.598209047] [solver_node]: 标定数据收集进度: 477/500
[INFO] [1754305574.608395377] [solver_node]: 标定数据收集进度: 478/500
[INFO] [1754305574.619779244] [solver_node]: 标定数据收集进度: 479/500
[INFO] [1754305574.623814875] [solver_node]: 标定数据收集进度: 480/500
[INFO] [1754305574.634723625] [solver_node]: 标定数据收集进度: 481/500
[INFO] [1754305574.645004709] [solver_node]: 标定数据收集进度: 482/500
[INFO] [1754305574.653953564] [solver_node]: 标定数据收集进度: 483/500
[INFO] [1754305574.663598214] [solver_node]: 标定数据收集进度: 484/500
[INFO] [1754305574.674369232] [solver_node]: 标定数据收集进度: 485/500
[INFO] [1754305574.684008314] [solver_node]: 标定数据收集进度: 486/500
[INFO] [1754305574.693580547] [solver_node]: 标定数据收集进度: 487/500
[INFO] [1754305574.707054583] [solver_node]: 标定数据收集进度: 488/500
[INFO] [1754305574.716481116] [solver_node]: 标定数据收集进度: 489/500
[INFO] [1754305574.724423991] [solver_node]: 标定数据收集进度: 490/500
[INFO] [1754305574.734188837] [solver_node]: 标定数据收集进度: 491/500
[INFO] [1754305574.745216150] [solver_node]: 标定数据收集进度: 492/500
[INFO] [1754305574.753792099] [solver_node]: 标定数据收集进度: 493/500
[INFO] [1754305574.763999229] [solver_node]: 标定数据收集进度: 494/500
[INFO] [1754305574.773598342] [solver_node]: 标定数据收集进度: 495/500
[INFO] [1754305574.783603323] [solver_node]: 标定数据收集进度: 496/500
[INFO] [1754305574.793707410] [solver_node]: 标定数据收集进度: 497/500
[INFO] [1754305574.804967497] [solver_node]: 标定数据收集进度: 498/500
[INFO] [1754305574.823803442] [solver_node]: 标定数据收集进度: 499/500
[INFO] [1754305574.834333077] [solver_node]: 标定数据收集进度: 500/500
[INFO] [1754305574.836236553] [solver_node]: 标定数据收集完成，开始标定...
[INFO] [1754305574.837699186] [solver_node]: 开始标定，收集到的数据shape: (500, 5)
[INFO] [1754305574.838495048] [solver_node]: [PerpendicularDistanceLocalizer] 开始标定，扫描数据shape: (500, 5)
[INFO] [1754305574.839665544] [solver_node]: [PerpendicularDistanceLocalizer] 平均测距值 详细内容: 形状: (5,), 类型: float64
[INFO] [1754305574.840394396] [solver_node]: [PerpendicularDistanceLocalizer] 平均测距值[0]: 0.16099999845027924
[INFO] [1754305574.841372151] [solver_node]: [PerpendicularDistanceLocalizer] 平均测距值[1]: 7.068999767303467
[INFO] [1754305574.842100043] [solver_node]: [PerpendicularDistanceLocalizer] 平均测距值[2]: 7.551000118255615
[INFO] [1754305574.843297388] [solver_node]: [PerpendicularDistanceLocalizer] 平均测距值[3]: 1.7913440041542052
[INFO] [1754305574.844349321] [solver_node]: [PerpendicularDistanceLocalizer] 平均测距值[4]: 1.818886000394821
[INFO] [1754305574.845095358] [solver_node]: [PerpendicularDistanceLocalizer] h_values 详细内容: 形状: (5,), 类型: float64
[INFO] [1754305574.845781521] [solver_node]: [PerpendicularDistanceLocalizer] h_values[0]: 0.37684580873135426
[INFO] [1754305574.846427811] [solver_node]: [PerpendicularDistanceLocalizer] h_values[1]: 0.37684580873135426
[INFO] [1754305574.847090773] [solver_node]: [PerpendicularDistanceLocalizer] h_values[2]: 0.33497201345916283
[INFO] [1754305574.847701446] [solver_node]: [PerpendicularDistanceLocalizer] h_values[3]: 0.2847569265233284
[INFO] [1754305574.848343256] [solver_node]: [PerpendicularDistanceLocalizer] h_values[4]: 0.2847569265233284
[INFO] [1754305574.849525272] [solver_node]: [PerpendicularDistanceLocalizer] 标定完成: m=9.976, n=7.984
[INFO] [1754305574.850185323] [solver_node]: [PerpendicularDistanceLocalizer] 前后左右平均距离: 前=7.886, 后=2.090, 左=0.538, 右=7.446
[INFO] [1754305574.850811644] [solver_node]: [PerpendicularDistanceLocalizer] 计算的初始位姿: x=2.090, y=7.446, phi=1.571
[INFO] [1754305574.851450030] [solver_node]: 标定完成: m=9.960, n=7.970
[INFO] [1754305574.852206114] [solver_node]: 标定得到的初始位姿: x=2.090, y=7.446, phi=1.571
[INFO] [1754305574.853499302] [solver_node]: LIO位置: x=-0.007, y=-0.002
[INFO] [1754305574.854292988] [solver_node]: Started偏移: x=2.097, y=7.448
[INFO] [1754305574.854903501] [solver_node]: 初始化阶段完成，进入运行阶段
[WARN] [1754305574.938773179] [solver_node]: 没有满足距离要求的解
[WARN] [1754305574.968532209] [solver_node]: 没有满足距离要求的解
[WARN] [1754305575.019133863] [solver_node]: 没有满足距离要求的解
[WARN] [1754305575.056179748] [solver_node]: 没有满足距离要求的解
[WARN] [1754305575.089151345] [solver_node]: 没有满足距离要求的解
[WARN] [1754305575.118403704] [solver_node]: 没有满足距离要求的解
[WARN] [1754305575.158297956] [solver_node]: 没有满足距离要求的解
[WARN] [1754305575.213916162] [solver_node]: 没有满足距离要求的解
[WARN] [1754305575.237551982] [solver_node]: 没有满足距离要求的解
[WARN] [1754305575.249287217] [solver_node]: 没有满足距离要求的解
[WARN] [1754305575.283143383] [solver_node]: 没有满足距离要求的解
[WARN] [1754305575.304035479] [solver_node]: 没有满足距离要求的解
[WARN] [1754305575.371863717] [solver_node]: 没有满足距离要求的解
[WARN] [1754305575.410001793] [solver_node]: 没有满足距离要求的解
[WARN] [1754305575.468429452] [solver_node]: 没有满足距离要求的解
[WARN] [1754305575.491728143] [solver_node]: 没有满足距离要求的解
[WARN] [1754305575.542705005] [solver_node]: 没有满足距离要求的解
[WARN] [1754305575.637292285] [solver_node]: 没有满足距离要求的解
[WARN] [1754305575.650746352] [solver_node]: 没有满足距离要求的解
[WARN] [1754305575.700137570] [solver_node]: 没有满足距离要求的解
[WARN] [1754305575.721391020] [solver_node]: 没有满足距离要求的解
[WARN] [1754305575.769321398] [solver_node]: 没有满足距离要求的解
[WARN] [1754305575.786815224] [solver_node]: 没有满足距离要求的解
[WARN] [1754305575.799611353] [solver_node]: 没有满足距离要求的解
[WARN] [1754305575.819260631] [solver_node]: 没有满足距离要求的解
[WARN] [1754305575.833826537] [solver_node]: 没有满足距离要求的解
[WARN] [1754305575.847448800] [solver_node]: 没有满足距离要求的解
[WARN] [1754305575.859187460] [solver_node]: 没有满足距离要求的解
[WARN] [1754305575.871710941] [solver_node]: 没有满足距离要求的解
[WARN] [1754305575.884178549] [solver_node]: 没有满足距离要求的解
[WARN] [1754305575.895807254] [solver_node]: 没有满足距离要求的解
[WARN] [1754305575.907637564] [solver_node]: 没有满足距离要求的解
[WARN] [1754305575.922123531] [solver_node]: 没有满足距离要求的解
[WARN] [1754305575.939710704] [solver_node]: 没有满足距离要求的解
[WARN] [1754305575.952000643] [solver_node]: 没有满足距离要求的解
[WARN] [1754305575.964605119] [solver_node]: 没有满足距离要求的解
[WARN] [1754305575.977517571] [solver_node]: 没有满足距离要求的解
[WARN] [1754305575.989664562] [solver_node]: 没有满足距离要求的解
[WARN] [1754305576.007016816] [solver_node]: 没有满足距离要求的解
[WARN] [1754305576.019126110] [solver_node]: 没有满足距离要求的解
[WARN] [1754305576.031515731] [solver_node]: 没有满足距离要求的解
[WARN] [1754305576.043599103] [solver_node]: 没有满足距离要求的解
[WARN] [1754305576.055689580] [solver_node]: 没有满足距离要求的解
[WARN] [1754305576.068128418] [solver_node]: 没有满足距离要求的解
[WARN] [1754305576.079983240] [solver_node]: 没有满足距离要求的解
[WARN] [1754305576.091704875] [solver_node]: 没有满足距离要求的解
[WARN] [1754305576.104245412] [solver_node]: 没有满足距离要求的解
[WARN] [1754305576.117354477] [solver_node]: 没有满足距离要求的解
[WARN] [1754305576.131343726] [solver_node]: 没有满足距离要求的解
[WARN] [1754305576.146921754] [solver_node]: 没有满足距离要求的解
[WARN] [1754305576.158938917] [solver_node]: 没有满足距离要求的解
[WARN] [1754305576.170567237] [solver_node]: 没有满足距离要求的解
[WARN] [1754305576.183372453] [solver_node]: 没有满足距离要求的解
[WARN] [1754305576.195770907] [solver_node]: 没有满足距离要求的解
[WARN] [1754305576.207931785] [solver_node]: 没有满足距离要求的解
[WARN] [1754305576.233336036] [solver_node]: 没有满足距离要求的解
[WARN] [1754305576.244872834] [solver_node]: 没有满足距离要求的解
[WARN] [1754305576.267482832] [solver_node]: 没有满足距离要求的解
[WARN] [1754305576.308834562] [solver_node]: 没有满足距离要求的解
[WARN] [1754305576.352572182] [solver_node]: 没有满足距离要求的解
[WARN] [1754305576.373975555] [solver_node]: 没有满足距离要求的解
[WARN] [1754305576.391452931] [solver_node]: 没有满足距离要求的解
[WARN] [1754305576.416686362] [solver_node]: 没有满足距离要求的解
[WARN] [1754305576.451872802] [solver_node]: 没有满足距离要求的解
[WARN] [1754305576.480461013] [solver_node]: 没有满足距离要求的解
[WARN] [1754305576.519486599] [solver_node]: 没有满足距离要求的解
[WARN] [1754305576.562252704] [solver_node]: 没有满足距离要求的解
[WARN] [1754305576.583040604] [solver_node]: 没有满足距离要求的解
[WARN] [1754305576.600306327] [solver_node]: 没有满足距离要求的解
[WARN] [1754305576.615745408] [solver_node]: 没有满足距离要求的解
[WARN] [1754305576.645107240] [solver_node]: 没有满足距离要求的解
[WARN] [1754305576.677954288] [solver_node]: 没有满足距离要求的解
[WARN] [1754305576.695578133] [solver_node]: 没有满足距离要求的解
[WARN] [1754305576.713400319] [solver_node]: 没有满足距离要求的解
[WARN] [1754305576.725361480] [solver_node]: 没有满足距离要求的解
[WARN] [1754305576.741177531] [solver_node]: 没有满足距离要求的解
[WARN] [1754305576.768029150] [solver_node]: 没有满足距离要求的解
[WARN] [1754305576.780035337] [solver_node]: 没有满足距离要求的解
[WARN] [1754305576.792250233] [solver_node]: 没有满足距离要求的解
[WARN] [1754305576.804957718] [solver_node]: 没有满足距离要求的解
[WARN] [1754305576.835290745] [solver_node]: 没有满足距离要求的解
[WARN] [1754305576.850630175] [solver_node]: 没有满足距离要求的解
[WARN] [1754305576.887039305] [solver_node]: 没有满足距离要求的解
[WARN] [1754305576.907817573] [solver_node]: 没有满足距离要求的解
[WARN] [1754305576.959145898] [solver_node]: 没有满足距离要求的解
[WARN] [1754305576.970903629] [solver_node]: 没有满足距离要求的解
[WARN] [1754305576.982520493] [solver_node]: 没有满足距离要求的解
[WARN] [1754305576.996637809] [solver_node]: 没有满足距离要求的解
[WARN] [1754305577.011841587] [solver_node]: 没有满足距离要求的解
[WARN] [1754305577.026478309] [solver_node]: 没有满足距离要求的解
[WARN] [1754305577.039850932] [solver_node]: 没有满足距离要求的解
[WARN] [1754305577.053693009] [solver_node]: 没有满足距离要求的解
[WARN] [1754305577.065478324] [solver_node]: 没有满足距离要求的解
[WARN] [1754305577.079315536] [solver_node]: 没有满足距离要求的解
[WARN] [1754305577.096878770] [solver_node]: 没有满足距离要求的解
[WARN] [1754305577.112640803] [solver_node]: 没有满足距离要求的解
[WARN] [1754305577.138050333] [solver_node]: 没有满足距离要求的解
[WARN] [1754305577.151260264] [solver_node]: 没有满足距离要求的解
[WARN] [1754305577.164555509] [solver_node]: 没有满足距离要求的解
[WARN] [1754305577.176801413] [solver_node]: 没有满足距离要求的解
[WARN] [1754305577.188508423] [solver_node]: 没有满足距离要求的解
[WARN] [1754305577.200289130] [solver_node]: 没有满足距离要求的解
[WARN] [1754305577.212481817] [solver_node]: 没有满足距离要求的解
[WARN] [1754305577.228719063] [solver_node]: 没有满足距离要求的解
[WARN] [1754305577.242997983] [solver_node]: 没有满足距离要求的解
[WARN] [1754305577.255398420] [solver_node]: 没有满足距离要求的解
[WARN] [1754305577.267431262] [solver_node]: 没有满足距离要求的解
[WARN] [1754305577.279147040] [solver_node]: 没有满足距离要求的解
[WARN] [1754305577.290938532] [solver_node]: 没有满足距离要求的解
[WARN] [1754305577.303221013] [solver_node]: 没有满足距离要求的解
[WARN] [1754305577.315858064] [solver_node]: 没有满足距离要求的解
[WARN] [1754305577.328911670] [solver_node]: 没有满足距离要求的解
[WARN] [1754305577.342918391] [solver_node]: 没有满足距离要求的解
[WARN] [1754305577.354973986] [solver_node]: 没有满足距离要求的解
[WARN] [1754305577.366787558] [solver_node]: 没有满足距离要求的解
[WARN] [1754305577.386386081] [solver_node]: 没有满足距离要求的解
[WARN] [1754305577.427485865] [solver_node]: 没有满足距离要求的解
[WARN] [1754305577.439342927] [solver_node]: 没有满足距离要求的解
[WARN] [1754305577.480363861] [solver_node]: 没有满足距离要求的解
[WARN] [1754305577.500490526] [solver_node]: 没有满足距离要求的解
[WARN] [1754305577.516066026] [solver_node]: 没有满足距离要求的解
[WARN] [1754305577.543276629] [solver_node]: 没有满足距离要求的解
[WARN] [1754305577.560816695] [solver_node]: 没有满足距离要求的解
[WARN] [1754305577.573166602] [solver_node]: 没有满足距离要求的解
[WARN] [1754305577.597165405] [solver_node]: 没有满足距离要求的解
[WARN] [1754305577.623556434] [solver_node]: 没有满足距离要求的解
[WARN] [1754305577.640572965] [solver_node]: 没有满足距离要求的解
[WARN] [1754305577.652759604] [solver_node]: 没有满足距离要求的解
[WARN] [1754305577.679570036] [solver_node]: 没有满足距离要求的解
[WARN] [1754305577.707303021] [solver_node]: 没有满足距离要求的解
[WARN] [1754305577.720398133] [solver_node]: 没有满足距离要求的解
[WARN] [1754305577.742937568] [solver_node]: 没有满足距离要求的解
[WARN] [1754305577.762868035] [solver_node]: 没有满足距离要求的解
[WARN] [1754305577.777095882] [solver_node]: 没有满足距离要求的解
[WARN] [1754305577.790075502] [solver_node]: 没有满足距离要求的解
[WARN] [1754305577.804464154] [solver_node]: 没有满足距离要求的解
[WARN] [1754305577.817327099] [solver_node]: 没有满足距离要求的解
[WARN] [1754305577.861641756] [solver_node]: 没有满足距离要求的解
[WARN] [1754305577.875262002] [solver_node]: 没有满足距离要求的解
[WARN] [1754305577.899280005] [solver_node]: 没有满足距离要求的解
[WARN] [1754305577.910986695] [solver_node]: 没有满足距离要求的解
[WARN] [1754305577.923287417] [solver_node]: 没有满足距离要求的解
[WARN] [1754305577.949643532] [solver_node]: 没有满足距离要求的解
[WARN] [1754305577.964248029] [solver_node]: 没有满足距离要求的解
[WARN] [1754305577.978707466] [solver_node]: 没有满足距离要求的解
[WARN] [1754305577.992401122] [solver_node]: 没有满足距离要求的解
[WARN] [1754305578.009074028] [solver_node]: 没有满足距离要求的解
[WARN] [1754305578.022493212] [solver_node]: 没有满足距离要求的解
[WARN] [1754305578.037656635] [solver_node]: 没有满足距离要求的解
[WARN] [1754305578.051482070] [solver_node]: 没有满足距离要求的解
[WARN] [1754305578.063832425] [solver_node]: 没有满足距离要求的解
[WARN] [1754305578.084593378] [solver_node]: 没有满足距离要求的解
[WARN] [1754305578.101197929] [solver_node]: 没有满足距离要求的解
[WARN] [1754305578.113335541] [solver_node]: 没有满足距离要求的解
[WARN] [1754305578.132886957] [solver_node]: 没有满足距离要求的解
[WARN] [1754305578.154749220] [solver_node]: 没有满足距离要求的解
[WARN] [1754305578.180593160] [solver_node]: 没有满足距离要求的解
[WARN] [1754305578.193853172] [solver_node]: 没有满足距离要求的解
[WARN] [1754305578.206344842] [solver_node]: 没有满足距离要求的解
[WARN] [1754305578.218653243] [solver_node]: 没有满足距离要求的解
[WARN] [1754305578.248222886] [solver_node]: 没有满足距离要求的解
[WARN] [1754305578.259898214] [solver_node]: 没有满足距离要求的解
[WARN] [1754305578.271756235] [solver_node]: 没有满足距离要求的解
[WARN] [1754305578.283968537] [solver_node]: 没有满足距离要求的解
[WARN] [1754305578.295890432] [solver_node]: 没有满足距离要求的解
[WARN] [1754305578.308427928] [solver_node]: 没有满足距离要求的解
[WARN] [1754305578.320510755] [solver_node]: 没有满足距离要求的解
[WARN] [1754305578.332486763] [solver_node]: 没有满足距离要求的解
[WARN] [1754305578.344736635] [solver_node]: 没有满足距离要求的解
[WARN] [1754305578.357739935] [solver_node]: 没有满足距离要求的解
[WARN] [1754305578.370475068] [solver_node]: 没有满足距离要求的解
[WARN] [1754305578.382422435] [solver_node]: 没有满足距离要求的解
[WARN] [1754305578.422143044] [solver_node]: 没有满足距离要求的解
[WARN] [1754305578.435267979] [solver_node]: 没有满足距离要求的解
[WARN] [1754305578.449963166] [solver_node]: 没有满足距离要求的解
[WARN] [1754305578.470150407] [solver_node]: 没有满足距离要求的解
[WARN] [1754305578.483964322] [solver_node]: 没有满足距离要求的解
[WARN] [1754305578.495888073] [solver_node]: 没有满足距离要求的解
[WARN] [1754305578.543501698] [solver_node]: 没有满足距离要求的解
[WARN] [1754305578.560783291] [solver_node]: 没有满足距离要求的解
[WARN] [1754305578.572831557] [solver_node]: 没有满足距离要求的解
[WARN] [1754305578.588412816] [solver_node]: 没有满足距离要求的解
[WARN] [1754305578.601026890] [solver_node]: 没有满足距离要求的解
[WARN] [1754305578.619883087] [solver_node]: 没有满足距离要求的解
[WARN] [1754305578.632132734] [solver_node]: 没有满足距离要求的解
[WARN] [1754305578.652245670] [solver_node]: 没有满足距离要求的解
[WARN] [1754305578.669169621] [solver_node]: 没有满足距离要求的解
[WARN] [1754305578.686610835] [solver_node]: 没有满足距离要求的解
[WARN] [1754305578.704539871] [solver_node]: 没有满足距离要求的解
[WARN] [1754305578.718194037] [solver_node]: 没有满足距离要求的解
[WARN] [1754305578.732695106] [solver_node]: 没有满足距离要求的解
[WARN] [1754305578.748515540] [solver_node]: 没有满足距离要求的解
[WARN] [1754305578.784709140] [solver_node]: 没有满足距离要求的解
[WARN] [1754305578.802389176] [solver_node]: 没有满足距离要求的解
[WARN] [1754305578.830650719] [solver_node]: 没有满足距离要求的解
[WARN] [1754305578.859168108] [solver_node]: 没有满足距离要求的解
[WARN] [1754305578.874782520] [solver_node]: 没有满足距离要求的解
[WARN] [1754305578.899211157] [solver_node]: 没有满足距离要求的解
[WARN] [1754305578.911689131] [solver_node]: 没有满足距离要求的解
[WARN] [1754305578.923654323] [solver_node]: 没有满足距离要求的解
[WARN] [1754305578.935598778] [solver_node]: 没有满足距离要求的解
[WARN] [1754305578.947530305] [solver_node]: 没有满足距离要求的解
[WARN] [1754305578.960063897] [solver_node]: 没有满足距离要求的解
[WARN] [1754305578.977856065] [solver_node]: 没有满足距离要求的解
[WARN] [1754305578.991296945] [solver_node]: 没有满足距离要求的解
[WARN] [1754305579.003885706] [solver_node]: 没有满足距离要求的解
[WARN] [1754305579.037206169] [solver_node]: 没有满足距离要求的解
[WARN] [1754305579.054946366] [solver_node]: 没有满足距离要求的解
[WARN] [1754305579.068179432] [solver_node]: 没有满足距离要求的解
[WARN] [1754305579.081125610] [solver_node]: 没有满足距离要求的解
[WARN] [1754305579.137314059] [solver_node]: 没有满足距离要求的解
[WARN] [1754305579.174784107] [solver_node]: 没有满足距离要求的解
[WARN] [1754305579.188844652] [solver_node]: 没有满足距离要求的解
[WARN] [1754305579.201167485] [solver_node]: 没有满足距离要求的解
[WARN] [1754305579.216288122] [solver_node]: 没有满足距离要求的解
[WARN] [1754305579.231177746] [solver_node]: 没有满足距离要求的解
[WARN] [1754305579.242874962] [solver_node]: 没有满足距离要求的解
[WARN] [1754305579.264153559] [solver_node]: 没有满足距离要求的解
[WARN] [1754305579.275962586] [solver_node]: 没有满足距离要求的解
[WARN] [1754305579.299377083] [solver_node]: 没有满足距离要求的解
[WARN] [1754305579.317364231] [solver_node]: 没有满足距离要求的解
[WARN] [1754305579.331658221] [solver_node]: 没有满足距离要求的解
[WARN] [1754305579.359920114] [solver_node]: 没有满足距离要求的解
[WARN] [1754305579.383493463] [solver_node]: 没有满足距离要求的解
[WARN] [1754305579.401250589] [solver_node]: 没有满足距离要求的解
[WARN] [1754305579.413609391] [solver_node]: 没有满足距离要求的解
[WARN] [1754305579.433401708] [solver_node]: 没有满足距离要求的解
[WARN] [1754305579.445315058] [solver_node]: 没有满足距离要求的解
[WARN] [1754305579.457519999] [solver_node]: 没有满足距离要求的解
[WARN] [1754305579.478832870] [solver_node]: 没有满足距离要求的解
[WARN] [1754305579.492304023] [solver_node]: 没有满足距离要求的解
[WARN] [1754305579.527167856] [solver_node]: 没有满足距离要求的解
[WARN] [1754305579.538925394] [solver_node]: 没有满足距离要求的解
[WARN] [1754305579.560853065] [solver_node]: 没有满足距离要求的解
[WARN] [1754305579.572524552] [solver_node]: 没有满足距离要求的解
[WARN] [1754305579.584820537] [solver_node]: 没有满足距离要求的解
[WARN] [1754305579.605410188] [solver_node]: 没有满足距离要求的解
[WARN] [1754305579.646302154] [solver_node]: 没有满足距离要求的解
[WARN] [1754305579.667767317] [solver_node]: 没有满足距离要求的解
[WARN] [1754305579.680408655] [solver_node]: 没有满足距离要求的解
[WARN] [1754305579.704481409] [solver_node]: 没有满足距离要求的解
[WARN] [1754305579.728646422] [solver_node]: 没有满足距离要求的解
[WARN] [1754305579.765699979] [solver_node]: 没有满足距离要求的解
[WARN] [1754305579.786454595] [solver_node]: 没有满足距离要求的解
[WARN] [1754305579.807307293] [solver_node]: 没有满足距离要求的解
[WARN] [1754305579.824958304] [solver_node]: 没有满足距离要求的解
[WARN] [1754305579.842293690] [solver_node]: 没有满足距离要求的解
[WARN] [1754305579.877339032] [solver_node]: 没有满足距离要求的解
[WARN] [1754305579.897965708] [solver_node]: 没有满足距离要求的解
[WARN] [1754305579.914215945] [solver_node]: 没有满足距离要求的解
[WARN] [1754305579.926837410] [solver_node]: 没有满足距离要求的解
[WARN] [1754305579.940076940] [solver_node]: 没有满足距离要求的解
[WARN] [1754305579.952988205] [solver_node]: 没有满足距离要求的解
[WARN] [1754305579.969885755] [solver_node]: 没有满足距离要求的解
[WARN] [1754305579.985336130] [solver_node]: 没有满足距离要求的解
[WARN] [1754305579.997129188] [solver_node]: 没有满足距离要求的解
[WARN] [1754305580.009830111] [solver_node]: 没有满足距离要求的解
[WARN] [1754305580.028727875] [solver_node]: 没有满足距离要求的解
[WARN] [1754305580.049184785] [solver_node]: 没有满足距离要求的解
[WARN] [1754305580.072305512] [solver_node]: 没有满足距离要求的解
[WARN] [1754305580.088242139] [solver_node]: 没有满足距离要求的解
[WARN] [1754305580.100099871] [solver_node]: 没有满足距离要求的解
[WARN] [1754305580.115161594] [solver_node]: 没有满足距离要求的解
[WARN] [1754305580.135102746] [solver_node]: 没有满足距离要求的解
[WARN] [1754305580.146869083] [solver_node]: 没有满足距离要求的解
[WARN] [1754305580.159035303] [solver_node]: 没有满足距离要求的解
[WARN] [1754305580.170977325] [solver_node]: 没有满足距离要求的解
[WARN] [1754305580.182833808] [solver_node]: 没有满足距离要求的解
[WARN] [1754305580.197086101] [solver_node]: 没有满足距离要求的解
[WARN] [1754305580.222624206] [solver_node]: 没有满足距离要求的解
[WARN] [1754305580.236011196] [solver_node]: 没有满足距离要求的解
[WARN] [1754305580.249510924] [solver_node]: 没有满足距离要求的解
[WARN] [1754305580.263049598] [solver_node]: 没有满足距离要求的解
[WARN] [1754305580.275594196] [solver_node]: 没有满足距离要求的解
[WARN] [1754305580.287554714] [solver_node]: 没有满足距离要求的解
[WARN] [1754305580.299362813] [solver_node]: 没有满足距离要求的解
[WARN] [1754305580.326988110] [solver_node]: 没有满足距离要求的解
[WARN] [1754305580.340254264] [solver_node]: 没有满足距离要求的解
[WARN] [1754305580.352257888] [solver_node]: 没有满足距离要求的解
[WARN] [1754305580.376939138] [solver_node]: 没有满足距离要求的解
[WARN] [1754305580.391258600] [solver_node]: 没有满足距离要求的解
[WARN] [1754305580.404587348] [solver_node]: 没有满足距离要求的解
[WARN] [1754305580.422916104] [solver_node]: 没有满足距离要求的解
[WARN] [1754305580.439354857] [solver_node]: 没有满足距离要求的解
[WARN] [1754305580.466889208] [solver_node]: 没有满足距离要求的解
[WARN] [1754305580.480027935] [solver_node]: 没有满足距离要求的解
[WARN] [1754305580.492589686] [solver_node]: 没有满足距离要求的解
[WARN] [1754305580.519349520] [solver_node]: 没有满足距离要求的解
[WARN] [1754305580.545969318] [solver_node]: 没有满足距离要求的解
[WARN] [1754305580.562790418] [solver_node]: 没有满足距离要求的解
[WARN] [1754305580.576616747] [solver_node]: 没有满足距离要求的解
[WARN] [1754305580.588411149] [solver_node]: 没有满足距离要求的解
[WARN] [1754305580.603321540] [solver_node]: 没有满足距离要求的解
[WARN] [1754305580.615726806] [solver_node]: 没有满足距离要求的解
[WARN] [1754305580.634263184] [solver_node]: 没有满足距离要求的解
[WARN] [1754305580.655186379] [solver_node]: 没有满足距离要求的解
[WARN] [1754305580.667445882] [solver_node]: 没有满足距离要求的解
[WARN] [1754305580.681200689] [solver_node]: 没有满足距离要求的解
[WARN] [1754305580.692848975] [solver_node]: 没有满足距离要求的解
[WARN] [1754305580.707580033] [solver_node]: 没有满足距离要求的解
[WARN] [1754305580.737753752] [solver_node]: 没有满足距离要求的解
[WARN] [1754305580.773595018] [solver_node]: 没有满足距离要求的解
[WARN] [1754305580.814083387] [solver_node]: 没有满足距离要求的解
[WARN] [1754305580.828288863] [solver_node]: 没有满足距离要求的解
[WARN] [1754305580.841295842] [solver_node]: 没有满足距离要求的解
[WARN] [1754305580.862397474] [solver_node]: 没有满足距离要求的解
[WARN] [1754305580.874059520] [solver_node]: 没有满足距离要求的解
[WARN] [1754305580.890630052] [solver_node]: 没有满足距离要求的解
[WARN] [1754305580.918526622] [solver_node]: 没有满足距离要求的解
[WARN] [1754305580.930597863] [solver_node]: 没有满足距离要求的解
[WARN] [1754305580.947686137] [solver_node]: 没有满足距离要求的解
[WARN] [1754305580.962267719] [solver_node]: 没有满足距离要求的解
[WARN] [1754305581.003045952] [solver_node]: 没有满足距离要求的解
[WARN] [1754305581.025556453] [solver_node]: 没有满足距离要求的解
[WARN] [1754305581.037747057] [solver_node]: 没有满足距离要求的解
[WARN] [1754305581.050463820] [solver_node]: 没有满足距离要求的解
[WARN] [1754305581.092779980] [solver_node]: 没有满足距离要求的解
[WARN] [1754305581.104353511] [solver_node]: 没有满足距离要求的解
[WARN] [1754305581.116155689] [solver_node]: 没有满足距离要求的解
[WARN] [1754305581.132915281] [solver_node]: 没有满足距离要求的解
[WARN] [1754305581.144538478] [solver_node]: 没有满足距离要求的解
[WARN] [1754305581.156677432] [solver_node]: 没有满足距离要求的解
[WARN] [1754305581.180544610] [solver_node]: 没有满足距离要求的解
[WARN] [1754305581.194063090] [solver_node]: 没有满足距离要求的解
[WARN] [1754305581.214866729] [solver_node]: 没有满足距离要求的解
[WARN] [1754305581.227675686] [solver_node]: 没有满足距离要求的解
[WARN] [1754305581.239864690] [solver_node]: 没有满足距离要求的解
[WARN] [1754305581.268125171] [solver_node]: 没有满足距离要求的解
[WARN] [1754305581.280548294] [solver_node]: 没有满足距离要求的解
[WARN] [1754305581.292256613] [solver_node]: 没有满足距离要求的解
[WARN] [1754305581.304891773] [solver_node]: 没有满足距离要求的解
[WARN] [1754305581.316984358] [solver_node]: 没有满足距离要求的解
[WARN] [1754305581.334991664] [solver_node]: 没有满足距离要求的解
[WARN] [1754305581.349311382] [solver_node]: 没有满足距离要求的解
[WARN] [1754305581.378920445] [solver_node]: 没有满足距离要求的解
[WARN] [1754305581.392608306] [solver_node]: 没有满足距离要求的解
[WARN] [1754305581.405266026] [solver_node]: 没有满足距离要求的解
[WARN] [1754305581.417243824] [solver_node]: 没有满足距离要求的解
[WARN] [1754305581.465677463] [solver_node]: 没有满足距离要求的解
[WARN] [1754305581.510539677] [solver_node]: 没有满足距离要求的解
[WARN] [1754305581.522931951] [solver_node]: 没有满足距离要求的解
[WARN] [1754305581.536123414] [solver_node]: 没有满足距离要求的解
[WARN] [1754305581.547921527] [solver_node]: 没有满足距离要求的解
[WARN] [1754305581.560743476] [solver_node]: 没有满足距离要求的解
[WARN] [1754305581.572498709] [solver_node]: 没有满足距离要求的解
[WARN] [1754305581.584777987] [solver_node]: 没有满足距离要求的解
[WARN] [1754305581.597152372] [solver_node]: 没有满足距离要求的解
[WARN] [1754305581.609927152] [solver_node]: 没有满足距离要求的解
[WARN] [1754305581.624272567] [solver_node]: 没有满足距离要求的解
[WARN] [1754305581.636280798] [solver_node]: 没有满足距离要求的解
[WARN] [1754305581.656002519] [solver_node]: 没有满足距离要求的解
[WARN] [1754305581.668265541] [solver_node]: 没有满足距离要求的解
[WARN] [1754305581.680412624] [solver_node]: 没有满足距离要求的解
[WARN] [1754305581.763997012] [solver_node]: 没有满足距离要求的解
[WARN] [1754305581.789990104] [solver_node]: 没有满足距离要求的解
[WARN] [1754305581.809972472] [solver_node]: 没有满足距离要求的解
[WARN] [1754305581.825614466] [solver_node]: 没有满足距离要求的解
[WARN] [1754305581.843209153] [solver_node]: 没有满足距离要求的解
[WARN] [1754305581.856081536] [solver_node]: 没有满足距离要求的解
[WARN] [1754305581.873613533] [solver_node]: 没有满足距离要求的解
[WARN] [1754305581.886304279] [solver_node]: 没有满足距离要求的解
[WARN] [1754305581.900687678] [solver_node]: 没有满足距离要求的解
[WARN] [1754305581.913858501] [solver_node]: 没有满足距离要求的解
[WARN] [1754305581.928489044] [solver_node]: 没有满足距离要求的解
[WARN] [1754305581.941500790] [solver_node]: 没有满足距离要求的解
[WARN] [1754305581.989073029] [solver_node]: 没有满足距离要求的解
[WARN] [1754305582.003136580] [solver_node]: 没有满足距离要求的解
[WARN] [1754305582.015579767] [solver_node]: 没有满足距离要求的解
[WARN] [1754305582.030765331] [solver_node]: 没有满足距离要求的解
[WARN] [1754305582.042664631] [solver_node]: 没有满足距离要求的解
[WARN] [1754305582.056369899] [solver_node]: 没有满足距离要求的解
[WARN] [1754305582.072039285] [solver_node]: 没有满足距离要求的解
[WARN] [1754305582.089047043] [solver_node]: 没有满足距离要求的解
[WARN] [1754305582.105374591] [solver_node]: 没有满足距离要求的解
[WARN] [1754305582.119379388] [solver_node]: 没有满足距离要求的解
[WARN] [1754305582.132310011] [solver_node]: 没有满足距离要求的解
[WARN] [1754305582.150303460] [solver_node]: 没有满足距离要求的解
[WARN] [1754305582.170580011] [solver_node]: 没有满足距离要求的解
[WARN] [1754305582.218362046] [solver_node]: 没有满足距离要求的解
[WARN] [1754305582.232720644] [solver_node]: 没有满足距离要求的解
[WARN] [1754305582.245449726] [solver_node]: 没有满足距离要求的解
[WARN] [1754305582.258104790] [solver_node]: 没有满足距离要求的解
[WARN] [1754305582.270076635] [solver_node]: 没有满足距离要求的解
[WARN] [1754305582.284576997] [solver_node]: 没有满足距离要求的解
[WARN] [1754305582.296397255] [solver_node]: 没有满足距离要求的解
[WARN] [1754305582.308449454] [solver_node]: 没有满足距离要求的解
[WARN] [1754305582.320633721] [solver_node]: 没有满足距离要求的解
[WARN] [1754305582.332351064] [solver_node]: 没有满足距离要求的解
[WARN] [1754305582.346103502] [solver_node]: 没有满足距离要求的解
[WARN] [1754305582.358811111] [solver_node]: 没有满足距离要求的解
[WARN] [1754305582.370698506] [solver_node]: 没有满足距离要求的解
[WARN] [1754305582.384586499] [solver_node]: 没有满足距离要求的解
[WARN] [1754305582.397610277] [solver_node]: 没有满足距离要求的解
[WARN] [1754305582.410670184] [solver_node]: 没有满足距离要求的解
[WARN] [1754305582.427423056] [solver_node]: 没有满足距离要求的解
[WARN] [1754305582.439394357] [solver_node]: 没有满足距离要求的解
[WARN] [1754305582.453819293] [solver_node]: 没有满足距离要求的解
[WARN] [1754305582.466831871] [solver_node]: 没有满足距离要求的解
[WARN] [1754305582.479879745] [solver_node]: 没有满足距离要求的解
[WARN] [1754305582.494086787] [solver_node]: 没有满足距离要求的解
[WARN] [1754305582.513246380] [solver_node]: 没有满足距离要求的解
[WARN] [1754305582.530049237] [solver_node]: 没有满足距离要求的解
[WARN] [1754305582.552749150] [solver_node]: 没有满足距离要求的解
[WARN] [1754305582.593853339] [solver_node]: 没有满足距离要求的解
[WARN] [1754305582.607413099] [solver_node]: 没有满足距离要求的解
[WARN] [1754305582.620985692] [solver_node]: 没有满足距离要求的解
[WARN] [1754305582.636094231] [solver_node]: 没有满足距离要求的解
[WARN] [1754305582.682813196] [solver_node]: 没有满足距离要求的解
[WARN] [1754305582.696838538] [solver_node]: 没有满足距离要求的解
[WARN] [1754305582.723678947] [solver_node]: 没有满足距离要求的解
[WARN] [1754305582.778513365] [solver_node]: 没有满足距离要求的解
[WARN] [1754305582.795604838] [solver_node]: 没有满足距离要求的解
[WARN] [1754305582.814775151] [solver_node]: 没有满足距离要求的解
[WARN] [1754305582.830600925] [solver_node]: 没有满足距离要求的解
[WARN] [1754305582.843696001] [solver_node]: 没有满足距离要求的解
[WARN] [1754305582.877550553] [solver_node]: 没有满足距离要求的解
[WARN] [1754305582.889642081] [solver_node]: 没有满足距离要求的解
[WARN] [1754305582.905856730] [solver_node]: 没有满足距离要求的解
[WARN] [1754305582.918900221] [solver_node]: 没有满足距离要求的解
[WARN] [1754305582.931663032] [solver_node]: 没有满足距离要求的解
[WARN] [1754305582.955596162] [solver_node]: 没有满足距离要求的解
[WARN] [1754305582.967200381] [solver_node]: 没有满足距离要求的解
[WARN] [1754305582.981309725] [solver_node]: 没有满足距离要求的解
[WARN] [1754305582.995045074] [solver_node]: 没有满足距离要求的解
[WARN] [1754305583.028251447] [solver_node]: 没有满足距离要求的解
[WARN] [1754305583.043014408] [solver_node]: 没有满足距离要求的解
[WARN] [1754305583.072937427] [solver_node]: 没有满足距离要求的解
[WARN] [1754305583.114510875] [solver_node]: 没有满足距离要求的解
[WARN] [1754305583.138440836] [solver_node]: 没有满足距离要求的解
[WARN] [1754305583.174346994] [solver_node]: 没有满足距离要求的解
[WARN] [1754305583.196413032] [solver_node]: 没有满足距离要求的解
[WARN] [1754305583.214484594] [solver_node]: 没有满足距离要求的解
[WARN] [1754305583.226198064] [solver_node]: 没有满足距离要求的解
[WARN] [1754305583.238140500] [solver_node]: 没有满足距离要求的解
[WARN] [1754305583.251585280] [solver_node]: 没有满足距离要求的解
[WARN] [1754305583.285414966] [solver_node]: 没有满足距离要求的解
[WARN] [1754305583.306308909] [solver_node]: 没有满足距离要求的解
[WARN] [1754305583.320161444] [solver_node]: 没有满足距离要求的解
[WARN] [1754305583.336677252] [solver_node]: 没有满足距离要求的解
[WARN] [1754305583.400626443] [solver_node]: 没有满足距离要求的解
[WARN] [1754305583.445556365] [solver_node]: 没有满足距离要求的解
[WARN] [1754305583.471491213] [solver_node]: 没有满足距离要求的解
[WARN] [1754305583.500363676] [solver_node]: 没有满足距离要求的解
[WARN] [1754305583.550258053] [solver_node]: 没有满足距离要求的解
[WARN] [1754305583.562849498] [solver_node]: 没有满足距离要求的解
[WARN] [1754305583.574824415] [solver_node]: 没有满足距离要求的解
[WARN] [1754305583.603513609] [solver_node]: 没有满足距离要求的解
[WARN] [1754305583.664554753] [solver_node]: 没有满足距离要求的解
[WARN] [1754305583.701860116] [solver_node]: 没有满足距离要求的解
[WARN] [1754305583.715192414] [solver_node]: 没有满足距离要求的解
[WARN] [1754305583.733286057] [solver_node]: 没有满足距离要求的解
[WARN] [1754305583.746803447] [solver_node]: 没有满足距离要求的解
[WARN] [1754305583.759378476] [solver_node]: 没有满足距离要求的解
[WARN] [1754305583.786734610] [solver_node]: 没有满足距离要求的解
[WARN] [1754305583.806061246] [solver_node]: 没有满足距离要求的解
[WARN] [1754305583.828865897] [solver_node]: 没有满足距离要求的解
[WARN] [1754305583.853840974] [solver_node]: 没有满足距离要求的解
[WARN] [1754305583.883102920] [solver_node]: 没有满足距离要求的解
[WARN] [1754305583.900999213] [solver_node]: 没有满足距离要求的解
[WARN] [1754305583.916219562] [solver_node]: 没有满足距离要求的解
[WARN] [1754305583.932184347] [solver_node]: 没有满足距离要求的解
[WARN] [1754305583.947283221] [solver_node]: 没有满足距离要求的解
[WARN] [1754305583.960554557] [solver_node]: 没有满足距离要求的解
[WARN] [1754305583.976967834] [solver_node]: 没有满足距离要求的解
[WARN] [1754305583.988930750] [solver_node]: 没有满足距离要求的解
[WARN] [1754305584.005710341] [solver_node]: 没有满足距离要求的解
[WARN] [1754305584.037953742] [solver_node]: 没有满足距离要求的解
[WARN] [1754305584.053302605] [solver_node]: 没有满足距离要求的解
[WARN] [1754305584.070812583] [solver_node]: 没有满足距离要求的解
[WARN] [1754305584.086416366] [solver_node]: 没有满足距离要求的解
[WARN] [1754305584.100765970] [solver_node]: 没有满足距离要求的解
[WARN] [1754305584.127135708] [solver_node]: 没有满足距离要求的解
[WARN] [1754305584.139389351] [solver_node]: 没有满足距离要求的解
[WARN] [1754305584.152483242] [solver_node]: 没有满足距离要求的解
[WARN] [1754305584.164469550] [solver_node]: 没有满足距离要求的解
[WARN] [1754305584.179380354] [solver_node]: 没有满足距离要求的解
[WARN] [1754305584.191913717] [solver_node]: 没有满足距离要求的解
[WARN] [1754305584.214836737] [solver_node]: 没有满足距离要求的解
[WARN] [1754305584.234273551] [solver_node]: 没有满足距离要求的解
[WARN] [1754305584.248137223] [solver_node]: 没有满足距离要求的解
[WARN] [1754305584.259977191] [solver_node]: 没有满足距离要求的解
[WARN] [1754305584.279185967] [solver_node]: 没有满足距离要求的解
[WARN] [1754305584.291505884] [solver_node]: 没有满足距离要求的解
[WARN] [1754305584.303311164] [solver_node]: 没有满足距离要求的解
[WARN] [1754305584.315636522] [solver_node]: 没有满足距离要求的解
[WARN] [1754305584.327750641] [solver_node]: 没有满足距离要求的解
[WARN] [1754305584.340196322] [solver_node]: 没有满足距离要求的解
[WARN] [1754305584.352316554] [solver_node]: 没有满足距离要求的解
[WARN] [1754305584.364269070] [solver_node]: 没有满足距离要求的解
[WARN] [1754305584.375975595] [solver_node]: 没有满足距离要求的解
[WARN] [1754305584.398557390] [solver_node]: 没有满足距离要求的解
[WARN] [1754305584.411300231] [solver_node]: 没有满足距离要求的解
[WARN] [1754305584.423365037] [solver_node]: 没有满足距离要求的解
[WARN] [1754305584.436023428] [solver_node]: 没有满足距离要求的解
[WARN] [1754305584.448645593] [solver_node]: 没有满足距离要求的解
[WARN] [1754305584.473373815] [solver_node]: 没有满足距离要求的解
[WARN] [1754305584.498984396] [solver_node]: 没有满足距离要求的解
[WARN] [1754305584.519661820] [solver_node]: 没有满足距离要求的解
[WARN] [1754305584.562231900] [solver_node]: 没有满足距离要求的解
[WARN] [1754305584.602706563] [solver_node]: 没有满足距离要求的解
[WARN] [1754305584.622124177] [solver_node]: 没有满足距离要求的解
[WARN] [1754305584.637400142] [solver_node]: 没有满足距离要求的解
[WARN] [1754305584.662398227] [solver_node]: 没有满足距离要求的解
[WARN] [1754305584.692027573] [solver_node]: 没有满足距离要求的解
[WARN] [1754305584.714455956] [solver_node]: 没有满足距离要求的解
[WARN] [1754305584.726737760] [solver_node]: 没有满足距离要求的解
[WARN] [1754305584.753484404] [solver_node]: 没有满足距离要求的解
[WARN] [1754305584.765590524] [solver_node]: 没有满足距离要求的解
[WARN] [1754305584.807077023] [solver_node]: 没有满足距离要求的解
[WARN] [1754305584.819430893] [solver_node]: 没有满足距离要求的解
[WARN] [1754305584.833126944] [solver_node]: 没有满足距离要求的解
[WARN] [1754305584.850040745] [solver_node]: 没有满足距离要求的解
[WARN] [1754305584.863206318] [solver_node]: 没有满足距离要求的解
[WARN] [1754305584.885001596] [solver_node]: 没有满足距离要求的解
[WARN] [1754305584.897364842] [solver_node]: 没有满足距离要求的解
[WARN] [1754305584.910910105] [solver_node]: 没有满足距离要求的解
[WARN] [1754305584.930308422] [solver_node]: 没有满足距离要求的解
[WARN] [1754305584.942220328] [solver_node]: 没有满足距离要求的解
[WARN] [1754305584.954127787] [solver_node]: 没有满足距离要求的解
[WARN] [1754305584.972157683] [solver_node]: 没有满足距离要求的解
[WARN] [1754305585.017168660] [solver_node]: 没有满足距离要求的解
[WARN] [1754305585.030736131] [solver_node]: 没有满足距离要求的解
[WARN] [1754305585.042659621] [solver_node]: 没有满足距离要求的解
[WARN] [1754305585.077190697] [solver_node]: 没有满足距离要求的解
[WARN] [1754305585.090298603] [solver_node]: 没有满足距离要求的解
[WARN] [1754305585.105042170] [solver_node]: 没有满足距离要求的解
[WARN] [1754305585.119158135] [solver_node]: 没有满足距离要求的解
[WARN] [1754305585.131280254] [solver_node]: 没有满足距离要求的解
[WARN] [1754305585.143467975] [solver_node]: 没有满足距离要求的解
[WARN] [1754305585.156010330] [solver_node]: 没有满足距离要求的解
[WARN] [1754305585.167765688] [solver_node]: 没有满足距离要求的解
[WARN] [1754305585.179754172] [solver_node]: 没有满足距离要求的解
[WARN] [1754305585.196025683] [solver_node]: 没有满足距离要求的解
[WARN] [1754305585.210911813] [solver_node]: 没有满足距离要求的解
[WARN] [1754305585.228237753] [solver_node]: 没有满足距离要求的解
[WARN] [1754305585.255737120] [solver_node]: 没有满足距离要求的解
[WARN] [1754305585.279004436] [solver_node]: 没有满足距离要求的解
[WARN] [1754305585.300105358] [solver_node]: 没有满足距离要求的解
[WARN] [1754305585.323443749] [solver_node]: 没有满足距离要求的解
[WARN] [1754305585.335424872] [solver_node]: 没有满足距离要求的解
[WARN] [1754305585.367127072] [solver_node]: 没有满足距离要求的解
[WARN] [1754305585.385767896] [solver_node]: 没有满足距离要求的解
[WARN] [1754305585.397667065] [solver_node]: 没有满足距离要求的解
[WARN] [1754305585.430421070] [solver_node]: 没有满足距离要求的解
[WARN] [1754305585.449829530] [solver_node]: 没有满足距离要求的解
[WARN] [1754305585.466346168] [solver_node]: 没有满足距离要求的解
[WARN] [1754305585.490119578] [solver_node]: 没有满足距离要求的解
[WARN] [1754305585.505020685] [solver_node]: 没有满足距离要求的解
[WARN] [1754305585.519137226] [solver_node]: 没有满足距离要求的解
[WARN] [1754305585.559372873] [solver_node]: 没有满足距离要求的解
[WARN] [1754305585.582795778] [solver_node]: 没有满足距离要求的解
[WARN] [1754305585.595255986] [solver_node]: 没有满足距离要求的解
[WARN] [1754305585.616958780] [solver_node]: 没有满足距离要求的解
[WARN] [1754305585.632214712] [solver_node]: 没有满足距离要求的解
[WARN] [1754305585.655578191] [solver_node]: 没有满足距离要求的解
[WARN] [1754305585.678242708] [solver_node]: 没有满足距离要求的解
[WARN] [1754305585.728579523] [solver_node]: 没有满足距离要求的解
[WARN] [1754305585.742277685] [solver_node]: 没有满足距离要求的解
[WARN] [1754305585.756160140] [solver_node]: 没有满足距离要求的解
[WARN] [1754305585.768472665] [solver_node]: 没有满足距离要求的解
[WARN] [1754305585.781326932] [solver_node]: 没有满足距离要求的解
[WARN] [1754305585.793267382] [solver_node]: 没有满足距离要求的解
[WARN] [1754305585.805533218] [solver_node]: 没有满足距离要求的解
[WARN] [1754305585.861082206] [solver_node]: 没有满足距离要求的解
[WARN] [1754305585.884203535] [solver_node]: 没有满足距离要求的解
[WARN] [1754305585.914226394] [solver_node]: 没有满足距离要求的解
[WARN] [1754305585.927299579] [solver_node]: 没有满足距离要求的解
[WARN] [1754305585.940704677] [solver_node]: 没有满足距离要求的解
[WARN] [1754305585.972802376] [solver_node]: 没有满足距离要求的解
[WARN] [1754305586.002331877] [solver_node]: 没有满足距离要求的解
[WARN] [1754305586.016540580] [solver_node]: 没有满足距离要求的解
[WARN] [1754305586.029929325] [solver_node]: 没有满足距离要求的解
[WARN] [1754305586.041904976] [solver_node]: 没有满足距离要求的解
[WARN] [1754305586.056340213] [solver_node]: 没有满足距离要求的解
[WARN] [1754305586.069333459] [solver_node]: 没有满足距离要求的解
[WARN] [1754305586.081275669] [solver_node]: 没有满足距离要求的解
[WARN] [1754305586.093088404] [solver_node]: 没有满足距离要求的解
[WARN] [1754305586.106178004] [solver_node]: 没有满足距离要求的解
[WARN] [1754305586.118228313] [solver_node]: 没有满足距离要求的解
[WARN] [1754305586.132327797] [solver_node]: 没有满足距离要求的解
[WARN] [1754305586.144461084] [solver_node]: 没有满足距离要求的解
[WARN] [1754305586.159278348] [solver_node]: 没有满足距离要求的解
[WARN] [1754305586.179243814] [solver_node]: 没有满足距离要求的解
[WARN] [1754305586.191165159] [solver_node]: 没有满足距离要求的解
[WARN] [1754305586.202794433] [solver_node]: 没有满足距离要求的解
[WARN] [1754305586.215439126] [solver_node]: 没有满足距离要求的解
[WARN] [1754305586.271564286] [solver_node]: 没有满足距离要求的解
[WARN] [1754305586.283752647] [solver_node]: 没有满足距离要求的解
[WARN] [1754305586.296330234] [solver_node]: 没有满足距离要求的解
[WARN] [1754305586.314796716] [solver_node]: 没有满足距离要求的解
[WARN] [1754305586.353359035] [solver_node]: 没有满足距离要求的解
[WARN] [1754305586.370049821] [solver_node]: 没有满足距离要求的解
[WARN] [1754305586.409883439] [solver_node]: 没有满足距离要求的解
[WARN] [1754305586.423475581] [solver_node]: 没有满足距离要求的解
[WARN] [1754305586.435675622] [solver_node]: 没有满足距离要求的解
[WARN] [1754305586.451140263] [solver_node]: 没有满足距离要求的解
[WARN] [1754305586.463258477] [solver_node]: 没有满足距离要求的解
[WARN] [1754305586.475740222] [solver_node]: 没有满足距离要求的解
[WARN] [1754305586.487694560] [solver_node]: 没有满足距离要求的解
[WARN] [1754305586.499558656] [solver_node]: 没有满足距离要求的解
[WARN] [1754305586.526302385] [solver_node]: 没有满足距离要求的解
[WARN] [1754305586.567210527] [solver_node]: 没有满足距离要求的解
[WARN] [1754305586.581034932] [solver_node]: 没有满足距离要求的解
[WARN] [1754305586.601767715] [solver_node]: 没有满足距离要求的解
[WARN] [1754305586.619798249] [solver_node]: 没有满足距离要求的解
[WARN] [1754305586.634524694] [solver_node]: 没有满足距离要求的解
[WARN] [1754305586.653103787] [solver_node]: 没有满足距离要求的解
[WARN] [1754305586.672037129] [solver_node]: 没有满足距离要求的解
[WARN] [1754305586.691163052] [solver_node]: 没有满足距离要求的解
[WARN] [1754305586.704503316] [solver_node]: 没有满足距离要求的解
[WARN] [1754305586.716753566] [solver_node]: 没有满足距离要求的解
[WARN] [1754305586.730514481] [solver_node]: 没有满足距离要求的解
[WARN] [1754305586.742767419] [solver_node]: 没有满足距离要求的解
[WARN] [1754305586.773957220] [solver_node]: 没有满足距离要求的解
[WARN] [1754305586.787440656] [solver_node]: 没有满足距离要求的解
[WARN] [1754305586.802266175] [solver_node]: 没有满足距离要求的解
[WARN] [1754305586.830448087] [solver_node]: 没有满足距离要求的解
[WARN] [1754305586.842648000] [solver_node]: 没有满足距离要求的解
[WARN] [1754305586.858686832] [solver_node]: 没有满足距离要求的解
[WARN] [1754305586.871051677] [solver_node]: 没有满足距离要求的解
[WARN] [1754305586.884153790] [solver_node]: 没有满足距离要求的解
[WARN] [1754305586.896467466] [solver_node]: 没有满足距离要求的解
[WARN] [1754305586.909897364] [solver_node]: 没有满足距离要求的解
[WARN] [1754305586.924752773] [solver_node]: 没有满足距离要求的解
[WARN] [1754305586.936805578] [solver_node]: 没有满足距离要求的解
[WARN] [1754305586.948535110] [solver_node]: 没有满足距离要求的解
[WARN] [1754305586.960163167] [solver_node]: 没有满足距离要求的解
[WARN] [1754305586.972132290] [solver_node]: 没有满足距离要求的解
[WARN] [1754305586.983614167] [solver_node]: 没有满足距离要求的解
[WARN] [1754305586.995973860] [solver_node]: 没有满足距离要求的解
[WARN] [1754305587.008256943] [solver_node]: 没有满足距离要求的解
[WARN] [1754305587.020593531] [solver_node]: 没有满足距离要求的解
[WARN] [1754305587.032324023] [solver_node]: 没有满足距离要求的解
[WARN] [1754305587.044160693] [solver_node]: 没有满足距离要求的解
[WARN] [1754305587.056852811] [solver_node]: 没有满足距离要求的解
[WARN] [1754305587.068751435] [solver_node]: 没有满足距离要求的解
[WARN] [1754305587.080231487] [solver_node]: 没有满足距离要求的解
[WARN] [1754305587.091936250] [solver_node]: 没有满足距离要求的解
[WARN] [1754305587.104114114] [solver_node]: 没有满足距离要求的解
[WARN] [1754305587.117034749] [solver_node]: 没有满足距离要求的解
[WARN] [1754305587.129404810] [solver_node]: 没有满足距离要求的解
[WARN] [1754305587.164747713] [solver_node]: 没有满足距离要求的解
[WARN] [1754305587.186348614] [solver_node]: 没有满足距离要求的解
[WARN] [1754305587.198423595] [solver_node]: 没有满足距离要求的解
[WARN] [1754305587.212961906] [solver_node]: 没有满足距离要求的解
[WARN] [1754305587.225292797] [solver_node]: 没有满足距离要求的解
[WARN] [1754305587.242570830] [solver_node]: 没有满足距离要求的解
[WARN] [1754305587.254488015] [solver_node]: 没有满足距离要求的解
[WARN] [1754305587.266536467] [solver_node]: 没有满足距离要求的解
[WARN] [1754305587.279956604] [solver_node]: 没有满足距离要求的解
[WARN] [1754305587.291987999] [solver_node]: 没有满足距离要求的解
[WARN] [1754305587.304532785] [solver_node]: 没有满足距离要求的解
[WARN] [1754305587.316288013] [solver_node]: 没有满足距离要求的解
[WARN] [1754305587.334297554] [solver_node]: 没有满足距离要求的解
[WARN] [1754305587.347589271] [solver_node]: 没有满足距离要求的解
[WARN] [1754305587.373173095] [solver_node]: 没有满足距离要求的解
[WARN] [1754305587.392585329] [solver_node]: 没有满足距离要求的解
[WARN] [1754305587.426758281] [solver_node]: 没有满足距离要求的解
[WARN] [1754305587.455455629] [solver_node]: 没有满足距离要求的解
[WARN] [1754305587.495849483] [solver_node]: 没有满足距离要求的解
[WARN] [1754305587.528422039] [solver_node]: 没有满足距离要求的解
[WARN] [1754305587.555394189] [solver_node]: 没有满足距离要求的解
[WARN] [1754305587.568680274] [solver_node]: 没有满足距离要求的解
[WARN] [1754305587.598029672] [solver_node]: 没有满足距离要求的解
[WARN] [1754305587.630191753] [solver_node]: 没有满足距离要求的解
[WARN] [1754305587.643122789] [solver_node]: 没有满足距离要求的解
[WARN] [1754305587.674645141] [solver_node]: 没有满足距离要求的解
[WARN] [1754305587.703221781] [solver_node]: 没有满足距离要求的解
[WARN] [1754305587.717190509] [solver_node]: 没有满足距离要求的解
[WARN] [1754305587.735822498] [solver_node]: 没有满足距离要求的解
[WARN] [1754305587.752810763] [solver_node]: 没有满足距离要求的解
[WARN] [1754305587.774859644] [solver_node]: 没有满足距离要求的解
[WARN] [1754305587.795579818] [solver_node]: 没有满足距离要求的解
[WARN] [1754305587.807944022] [solver_node]: 没有满足距离要求的解
[WARN] [1754305587.829202802] [solver_node]: 没有满足距离要求的解
[WARN] [1754305587.842578778] [solver_node]: 没有满足距离要求的解
[WARN] [1754305587.859393662] [solver_node]: 没有满足距离要求的解
[INFO] [1754305587.870644845] [solver_node]: 求解线程已停止
[INFO] [1754305587.872552960] [solver_node]: Odom TF更新线程已停止
[INFO] [1754305587.927664171] [solver_node]: 重定位线程已停止
[INFO] [1754305587.955103085] [solver_node]: 位置更新线程已停止
[INFO] [1754305587.964801362] [solver_node]: SolverNode资源清理完成
