[INFO] [1754305901.886525882] [solver_node]: [PerpendicularDistanceLocalizer] 激光配置 详细内容: 列表长度: 5
[INFO] [1754305901.888719839] [solver_node]: [PerpendicularDistanceLocalizer] 激光配置[0]: ((0.37685, 1.56608), 1.5708)
[INFO] [1754305901.890708065] [solver_node]: [PerpendicularDistanceLocalizer] 激光配置[1]: ((0.37685, -1.56608), -1.5708)
[INFO] [1754305901.892063928] [solver_node]: [PerpendicularDistanceLocalizer] 激光配置[2]: ((0.37645, 0.47385), 0.0)
[INFO] [1754305901.893319597] [solver_node]: [PerpendicularDistanceLocalizer] 激光配置[3]: ((0.37771, 2.42478), 3.14159)
[INFO] [1754305901.894607683] [solver_node]: [PerpendicularDistanceLocalizer] 激光配置[4]: ((0.37771, -2.42478), 3.14159)
[INFO] [1754305901.895948474] [solver_node]: [PerpendicularDistanceLocalizer] 前束索引: [2], 后束索引: [3, 4]
[INFO] [1754305901.897075629] [solver_node]: [PerpendicularDistanceLocalizer] 左束索引: [0], 右束索引: [1]
[INFO] [1754305901.899123599] [solver_node]: [PerpendicularDistanceLocalizer] h_values: [0.37684581 0.37684581 0.33497201 0.28475693 0.28475693]
[INFO] [1754305901.900486406] [solver_node]: [PerpendicularDistanceLocalizer] 垂直距离定位器已初始化，需要调用calibrate()方法进行标定
[INFO] [1754305901.927295949] [solver_node]: SolverNode启动，进入初始化阶段...
[INFO] [1754305902.168524865] [solver_node]: 标定数据收集进度: 1/500
[INFO] [1754305902.173261329] [solver_node]: 标定数据收集进度: 2/500
[INFO] [1754305902.191498341] [solver_node]: 标定数据收集进度: 3/500
[INFO] [1754305902.203037033] [solver_node]: 标定数据收集进度: 4/500
[INFO] [1754305902.209305107] [solver_node]: 标定数据收集进度: 5/500
[INFO] [1754305902.212872527] [solver_node]: 标定数据收集进度: 6/500
[INFO] [1754305902.222670869] [solver_node]: 标定数据收集进度: 7/500
[INFO] [1754305902.231065411] [solver_node]: 标定数据收集进度: 8/500
[INFO] [1754305902.245738236] [solver_node]: 标定数据收集进度: 9/500
[INFO] [1754305902.251537246] [solver_node]: 标定数据收集进度: 10/500
[INFO] [1754305902.260780666] [solver_node]: 标定数据收集进度: 11/500
[INFO] [1754305902.271854326] [solver_node]: 标定数据收集进度: 12/500
[INFO] [1754305902.302938596] [solver_node]: 标定数据收集进度: 13/500
[INFO] [1754305902.306505824] [solver_node]: 标定数据收集进度: 14/500
[INFO] [1754305902.308751430] [solver_node]: 标定数据收集进度: 15/500
[INFO] [1754305902.311158703] [solver_node]: 标定数据收集进度: 16/500
[INFO] [1754305902.321139448] [solver_node]: 标定数据收集进度: 17/500
[INFO] [1754305902.330667481] [solver_node]: 标定数据收集进度: 18/500
[INFO] [1754305902.340976807] [solver_node]: 标定数据收集进度: 19/500
[INFO] [1754305902.351343543] [solver_node]: 标定数据收集进度: 20/500
[INFO] [1754305902.360877752] [solver_node]: 标定数据收集进度: 21/500
[INFO] [1754305902.370895938] [solver_node]: 标定数据收集进度: 22/500
[INFO] [1754305902.380591398] [solver_node]: 标定数据收集进度: 23/500
[INFO] [1754305902.390713873] [solver_node]: 标定数据收集进度: 24/500
[INFO] [1754305902.404190261] [solver_node]: 标定数据收集进度: 25/500
[INFO] [1754305902.410818406] [solver_node]: 标定数据收集进度: 26/500
[INFO] [1754305902.422705743] [solver_node]: 标定数据收集进度: 27/500
[INFO] [1754305902.431159742] [solver_node]: 标定数据收集进度: 28/500
[INFO] [1754305902.441137991] [solver_node]: 标定数据收集进度: 29/500
[INFO] [1754305902.450802442] [solver_node]: 标定数据收集进度: 30/500
[INFO] [1754305902.461299836] [solver_node]: 标定数据收集进度: 31/500
[INFO] [1754305902.470950079] [solver_node]: 标定数据收集进度: 32/500
[INFO] [1754305902.480383935] [solver_node]: 标定数据收集进度: 33/500
[INFO] [1754305902.490741102] [solver_node]: 标定数据收集进度: 34/500
[INFO] [1754305902.500545076] [solver_node]: 标定数据收集进度: 35/500
[INFO] [1754305902.516038362] [solver_node]: 标定数据收集进度: 36/500
[INFO] [1754305902.525356696] [solver_node]: 标定数据收集进度: 37/500
[INFO] [1754305902.540351670] [solver_node]: 标定数据收集进度: 38/500
[INFO] [1754305902.542557403] [solver_node]: 标定数据收集进度: 39/500
[INFO] [1754305902.550819911] [solver_node]: 标定数据收集进度: 40/500
[INFO] [1754305902.560671982] [solver_node]: 标定数据收集进度: 41/500
[INFO] [1754305902.574726620] [solver_node]: 标定数据收集进度: 42/500
[INFO] [1754305902.582862405] [solver_node]: 标定数据收集进度: 43/500
[INFO] [1754305902.592995057] [solver_node]: 标定数据收集进度: 44/500
[INFO] [1754305902.601376607] [solver_node]: 标定数据收集进度: 45/500
[INFO] [1754305902.616262523] [solver_node]: 标定数据收集进度: 46/500
[INFO] [1754305902.621578325] [solver_node]: 标定数据收集进度: 47/500
[INFO] [1754305902.631339898] [solver_node]: 标定数据收集进度: 48/500
[INFO] [1754305902.640763289] [solver_node]: 标定数据收集进度: 49/500
[INFO] [1754305902.651257035] [solver_node]: 标定数据收集进度: 50/500
[INFO] [1754305902.660501735] [solver_node]: 标定数据收集进度: 51/500
[INFO] [1754305902.672646805] [solver_node]: 标定数据收集进度: 52/500
[INFO] [1754305902.680436889] [solver_node]: 标定数据收集进度: 53/500
[INFO] [1754305902.690576421] [solver_node]: 标定数据收集进度: 54/500
[INFO] [1754305902.700575598] [solver_node]: 标定数据收集进度: 55/500
[INFO] [1754305902.711330340] [solver_node]: 标定数据收集进度: 56/500
[INFO] [1754305902.722306078] [solver_node]: 标定数据收集进度: 57/500
[INFO] [1754305902.730835246] [solver_node]: 标定数据收集进度: 58/500
[INFO] [1754305902.741551427] [solver_node]: 标定数据收集进度: 59/500
[INFO] [1754305902.751502380] [solver_node]: 标定数据收集进度: 60/500
[INFO] [1754305902.760990636] [solver_node]: 标定数据收集进度: 61/500
[INFO] [1754305902.770854675] [solver_node]: 标定数据收集进度: 62/500
[INFO] [1754305902.781203138] [solver_node]: 标定数据收集进度: 63/500
[INFO] [1754305902.793370288] [solver_node]: 标定数据收集进度: 64/500
[INFO] [1754305902.801473081] [solver_node]: 标定数据收集进度: 65/500
[INFO] [1754305902.810978586] [solver_node]: 标定数据收集进度: 66/500
[INFO] [1754305902.821870387] [solver_node]: 标定数据收集进度: 67/500
[INFO] [1754305902.833099473] [solver_node]: 标定数据收集进度: 68/500
[INFO] [1754305902.845536195] [solver_node]: 标定数据收集进度: 69/500
[INFO] [1754305902.855355913] [solver_node]: 标定数据收集进度: 70/500
[INFO] [1754305902.863452850] [solver_node]: 标定数据收集进度: 71/500
[INFO] [1754305902.876372525] [solver_node]: 标定数据收集进度: 72/500
[INFO] [1754305902.888075827] [solver_node]: 标定数据收集进度: 73/500
[INFO] [1754305902.903199315] [solver_node]: 标定数据收集进度: 74/500
[INFO] [1754305902.906320136] [solver_node]: 标定数据收集进度: 75/500
[INFO] [1754305902.911438367] [solver_node]: 标定数据收集进度: 76/500
[INFO] [1754305902.924671263] [solver_node]: 标定数据收集进度: 77/500
[INFO] [1754305902.935840892] [solver_node]: 标定数据收集进度: 78/500
[INFO] [1754305902.943848195] [solver_node]: 标定数据收集进度: 79/500
[INFO] [1754305902.950983164] [solver_node]: 标定数据收集进度: 80/500
[INFO] [1754305902.960594239] [solver_node]: 标定数据收集进度: 81/500
[INFO] [1754305902.971364661] [solver_node]: 标定数据收集进度: 82/500
[INFO] [1754305902.983273598] [solver_node]: 标定数据收集进度: 83/500
[INFO] [1754305902.991761966] [solver_node]: 标定数据收集进度: 84/500
[INFO] [1754305903.001144173] [solver_node]: 标定数据收集进度: 85/500
[INFO] [1754305903.012020549] [solver_node]: 标定数据收集进度: 86/500
[INFO] [1754305903.023804556] [solver_node]: 标定数据收集进度: 87/500
[INFO] [1754305903.034549890] [solver_node]: 标定数据收集进度: 88/500
[INFO] [1754305903.042335781] [solver_node]: 标定数据收集进度: 89/500
[INFO] [1754305903.050894230] [solver_node]: 标定数据收集进度: 90/500
[INFO] [1754305903.061101667] [solver_node]: 标定数据收集进度: 91/500
[INFO] [1754305903.071390577] [solver_node]: 标定数据收集进度: 92/500
[INFO] [1754305903.084107944] [solver_node]: 标定数据收集进度: 93/500
[INFO] [1754305903.092422676] [solver_node]: 标定数据收集进度: 94/500
[INFO] [1754305903.103986264] [solver_node]: 标定数据收集进度: 95/500
[INFO] [1754305903.110760746] [solver_node]: 标定数据收集进度: 96/500
[INFO] [1754305903.126587734] [solver_node]: 标定数据收集进度: 97/500
[INFO] [1754305903.136588607] [solver_node]: 标定数据收集进度: 98/500
[INFO] [1754305903.141380912] [solver_node]: 标定数据收集进度: 99/500
[INFO] [1754305903.150922258] [solver_node]: 标定数据收集进度: 100/500
[INFO] [1754305903.160901338] [solver_node]: 标定数据收集进度: 101/500
[INFO] [1754305903.176309087] [solver_node]: 标定数据收集进度: 102/500
[INFO] [1754305903.181014030] [solver_node]: 标定数据收集进度: 103/500
[INFO] [1754305903.191016664] [solver_node]: 标定数据收集进度: 104/500
[INFO] [1754305903.202078995] [solver_node]: 标定数据收集进度: 105/500
[INFO] [1754305903.215996094] [solver_node]: 标定数据收集进度: 106/500
[INFO] [1754305903.222146246] [solver_node]: 标定数据收集进度: 107/500
[INFO] [1754305903.231892299] [solver_node]: 标定数据收集进度: 108/500
[INFO] [1754305903.241970517] [solver_node]: 标定数据收集进度: 109/500
[INFO] [1754305903.250752522] [solver_node]: 标定数据收集进度: 110/500
[INFO] [1754305903.260607120] [solver_node]: 标定数据收集进度: 111/500
[INFO] [1754305903.271229892] [solver_node]: 标定数据收集进度: 112/500
[INFO] [1754305903.280564450] [solver_node]: 标定数据收集进度: 113/500
[INFO] [1754305903.290706125] [solver_node]: 标定数据收集进度: 114/500
[INFO] [1754305903.303943181] [solver_node]: 标定数据收集进度: 115/500
[INFO] [1754305903.312120343] [solver_node]: 标定数据收集进度: 116/500
[INFO] [1754305903.328352906] [solver_node]: 标定数据收集进度: 117/500
[INFO] [1754305903.335776039] [solver_node]: 标定数据收集进度: 118/500
[INFO] [1754305903.344239446] [solver_node]: 标定数据收集进度: 119/500
[INFO] [1754305903.350885895] [solver_node]: 标定数据收集进度: 120/500
[INFO] [1754305903.363058997] [solver_node]: 标定数据收集进度: 121/500
[INFO] [1754305903.370864121] [solver_node]: 标定数据收集进度: 122/500
[INFO] [1754305903.383168713] [solver_node]: 标定数据收集进度: 123/500
[INFO] [1754305903.390707432] [solver_node]: 标定数据收集进度: 124/500
[INFO] [1754305903.400543118] [solver_node]: 标定数据收集进度: 125/500
[INFO] [1754305903.412783901] [solver_node]: 标定数据收集进度: 126/500
[INFO] [1754305903.424676967] [solver_node]: 标定数据收集进度: 127/500
[INFO] [1754305903.431350231] [solver_node]: 标定数据收集进度: 128/500
[INFO] [1754305903.441191870] [solver_node]: 标定数据收集进度: 129/500
[INFO] [1754305903.451296905] [solver_node]: 标定数据收集进度: 130/500
[INFO] [1754305903.461297266] [solver_node]: 标定数据收集进度: 131/500
[INFO] [1754305903.470649200] [solver_node]: 标定数据收集进度: 132/500
[INFO] [1754305903.483271877] [solver_node]: 标定数据收集进度: 133/500
[INFO] [1754305903.490915975] [solver_node]: 标定数据收集进度: 134/500
[INFO] [1754305903.500688172] [solver_node]: 标定数据收集进度: 135/500
[INFO] [1754305903.511797896] [solver_node]: 标定数据收集进度: 136/500
[INFO] [1754305903.520800608] [solver_node]: 标定数据收集进度: 137/500
[INFO] [1754305903.531618423] [solver_node]: 标定数据收集进度: 138/500
[INFO] [1754305903.541778947] [solver_node]: 标定数据收集进度: 139/500
[INFO] [1754305903.551018495] [solver_node]: 标定数据收集进度: 140/500
[INFO] [1754305903.561061481] [solver_node]: 标定数据收集进度: 141/500
[INFO] [1754305903.573726207] [solver_node]: 标定数据收集进度: 142/500
[INFO] [1754305903.582655670] [solver_node]: 标定数据收集进度: 143/500
[INFO] [1754305903.593669712] [solver_node]: 标定数据收集进度: 144/500
[INFO] [1754305903.602646312] [solver_node]: 标定数据收集进度: 145/500
[INFO] [1754305903.611030294] [solver_node]: 标定数据收集进度: 146/500
[INFO] [1754305903.622124881] [solver_node]: 标定数据收集进度: 147/500
[INFO] [1754305903.631617458] [solver_node]: 标定数据收集进度: 148/500
[INFO] [1754305903.641418839] [solver_node]: 标定数据收集进度: 149/500
[INFO] [1754305903.650853367] [solver_node]: 标定数据收集进度: 150/500
[INFO] [1754305903.660541083] [solver_node]: 标定数据收集进度: 151/500
[INFO] [1754305903.672867883] [solver_node]: 标定数据收集进度: 152/500
[INFO] [1754305903.680793393] [solver_node]: 标定数据收集进度: 153/500
[INFO] [1754305903.690470677] [solver_node]: 标定数据收集进度: 154/500
[INFO] [1754305903.700442750] [solver_node]: 标定数据收集进度: 155/500
[INFO] [1754305903.710788940] [solver_node]: 标定数据收集进度: 156/500
[INFO] [1754305903.721590211] [solver_node]: 标定数据收集进度: 157/500
[INFO] [1754305903.731706446] [solver_node]: 标定数据收集进度: 158/500
[INFO] [1754305903.742637671] [solver_node]: 标定数据收集进度: 159/500
[INFO] [1754305903.751301306] [solver_node]: 标定数据收集进度: 160/500
[INFO] [1754305903.761908077] [solver_node]: 标定数据收集进度: 161/500
[INFO] [1754305903.770829700] [solver_node]: 标定数据收集进度: 162/500
[INFO] [1754305903.780456231] [solver_node]: 标定数据收集进度: 163/500
[INFO] [1754305903.791107899] [solver_node]: 标定数据收集进度: 164/500
[INFO] [1754305903.801110180] [solver_node]: 标定数据收集进度: 165/500
[INFO] [1754305903.810746919] [solver_node]: 标定数据收集进度: 166/500
[INFO] [1754305903.828221742] [solver_node]: 标定数据收集进度: 167/500
[INFO] [1754305903.832010126] [solver_node]: 标定数据收集进度: 168/500
[INFO] [1754305903.841181961] [solver_node]: 标定数据收集进度: 169/500
[INFO] [1754305903.853321143] [solver_node]: 标定数据收集进度: 170/500
[INFO] [1754305903.861549666] [solver_node]: 标定数据收集进度: 171/500
[INFO] [1754305903.871953042] [solver_node]: 标定数据收集进度: 172/500
[INFO] [1754305903.881218286] [solver_node]: 标定数据收集进度: 173/500
[INFO] [1754305903.891989924] [solver_node]: 标定数据收集进度: 174/500
[INFO] [1754305903.901152927] [solver_node]: 标定数据收集进度: 175/500
[INFO] [1754305903.911422157] [solver_node]: 标定数据收集进度: 176/500
[INFO] [1754305903.921580665] [solver_node]: 标定数据收集进度: 177/500
[INFO] [1754305903.931777413] [solver_node]: 标定数据收集进度: 178/500
[INFO] [1754305903.941482057] [solver_node]: 标定数据收集进度: 179/500
[INFO] [1754305903.950940265] [solver_node]: 标定数据收集进度: 180/500
[INFO] [1754305903.960630157] [solver_node]: 标定数据收集进度: 181/500
[INFO] [1754305903.970787161] [solver_node]: 标定数据收集进度: 182/500
[INFO] [1754305903.981026790] [solver_node]: 标定数据收集进度: 183/500
[INFO] [1754305903.999006998] [solver_node]: 标定数据收集进度: 184/500
[INFO] [1754305904.002421008] [solver_node]: 标定数据收集进度: 185/500
[INFO] [1754305904.011730509] [solver_node]: 标定数据收集进度: 186/500
[INFO] [1754305904.025300402] [solver_node]: 标定数据收集进度: 187/500
[INFO] [1754305904.031601309] [solver_node]: 标定数据收集进度: 188/500
[INFO] [1754305904.042125710] [solver_node]: 标定数据收集进度: 189/500
[INFO] [1754305904.051870451] [solver_node]: 标定数据收集进度: 190/500
[INFO] [1754305904.062803628] [solver_node]: 标定数据收集进度: 191/500
[INFO] [1754305904.071149145] [solver_node]: 标定数据收集进度: 192/500
[INFO] [1754305904.085085412] [solver_node]: 标定数据收集进度: 193/500
[INFO] [1754305904.093983195] [solver_node]: 标定数据收集进度: 194/500
[INFO] [1754305904.103891650] [solver_node]: 标定数据收集进度: 195/500
[INFO] [1754305904.111755335] [solver_node]: 标定数据收集进度: 196/500
[INFO] [1754305904.121220135] [solver_node]: 标定数据收集进度: 197/500
[INFO] [1754305904.131572790] [solver_node]: 标定数据收集进度: 198/500
[INFO] [1754305904.146307502] [solver_node]: 标定数据收集进度: 199/500
[INFO] [1754305904.152368885] [solver_node]: 标定数据收集进度: 200/500
[INFO] [1754305904.160789123] [solver_node]: 标定数据收集进度: 201/500
[INFO] [1754305904.174507051] [solver_node]: 标定数据收集进度: 202/500
[INFO] [1754305904.183832520] [solver_node]: 标定数据收集进度: 203/500
[INFO] [1754305904.194406011] [solver_node]: 标定数据收集进度: 204/500
[INFO] [1754305904.223020222] [solver_node]: 标定数据收集进度: 205/500
[INFO] [1754305904.228637341] [solver_node]: 标定数据收集进度: 206/500
[INFO] [1754305904.233172170] [solver_node]: 标定数据收集进度: 207/500
[INFO] [1754305904.238010780] [solver_node]: 标定数据收集进度: 208/500
[INFO] [1754305904.241514167] [solver_node]: 标定数据收集进度: 209/500
[INFO] [1754305904.252777237] [solver_node]: 标定数据收集进度: 210/500
[INFO] [1754305904.261448168] [solver_node]: 标定数据收集进度: 211/500
[INFO] [1754305904.275560150] [solver_node]: 标定数据收集进度: 212/500
[INFO] [1754305904.283948836] [solver_node]: 标定数据收集进度: 213/500
[INFO] [1754305904.290971034] [solver_node]: 标定数据收集进度: 214/500
[INFO] [1754305904.305966104] [solver_node]: 标定数据收集进度: 215/500
[INFO] [1754305904.316043010] [solver_node]: 标定数据收集进度: 216/500
[INFO] [1754305904.324921528] [solver_node]: 标定数据收集进度: 217/500
[INFO] [1754305904.332493528] [solver_node]: 标定数据收集进度: 218/500
[INFO] [1754305904.343384784] [solver_node]: 标定数据收集进度: 219/500
[INFO] [1754305904.350890991] [solver_node]: 标定数据收集进度: 220/500
[INFO] [1754305904.361416832] [solver_node]: 标定数据收集进度: 221/500
[INFO] [1754305904.370999682] [solver_node]: 标定数据收集进度: 222/500
[INFO] [1754305904.382186239] [solver_node]: 标定数据收集进度: 223/500
[INFO] [1754305904.391951620] [solver_node]: 标定数据收集进度: 224/500
[INFO] [1754305904.400997949] [solver_node]: 标定数据收集进度: 225/500
[INFO] [1754305904.412007767] [solver_node]: 标定数据收集进度: 226/500
[INFO] [1754305904.421311316] [solver_node]: 标定数据收集进度: 227/500
[INFO] [1754305904.432019017] [solver_node]: 标定数据收集进度: 228/500
[INFO] [1754305904.443927026] [solver_node]: 标定数据收集进度: 229/500
[INFO] [1754305904.454476420] [solver_node]: 标定数据收集进度: 230/500
[INFO] [1754305904.460785807] [solver_node]: 标定数据收集进度: 231/500
[INFO] [1754305904.472171919] [solver_node]: 标定数据收集进度: 232/500
[INFO] [1754305904.481458636] [solver_node]: 标定数据收集进度: 233/500
[INFO] [1754305904.499145527] [solver_node]: 标定数据收集进度: 234/500
[INFO] [1754305904.506849529] [solver_node]: 标定数据收集进度: 235/500
[INFO] [1754305904.512755005] [solver_node]: 标定数据收集进度: 236/500
[INFO] [1754305904.521661075] [solver_node]: 标定数据收集进度: 237/500
[INFO] [1754305904.543901739] [solver_node]: 标定数据收集进度: 238/500
[INFO] [1754305904.566504009] [solver_node]: 标定数据收集进度: 239/500
[INFO] [1754305904.575764709] [solver_node]: 标定数据收集进度: 240/500
[INFO] [1754305904.587553549] [solver_node]: 标定数据收集进度: 241/500
[INFO] [1754305904.589314122] [solver_node]: 标定数据收集进度: 242/500
[INFO] [1754305904.591032423] [solver_node]: 标定数据收集进度: 243/500
[INFO] [1754305904.592703460] [solver_node]: 标定数据收集进度: 244/500
[INFO] [1754305904.600558472] [solver_node]: 标定数据收集进度: 245/500
[INFO] [1754305904.610871958] [solver_node]: 标定数据收集进度: 246/500
[INFO] [1754305904.620568954] [solver_node]: 标定数据收集进度: 247/500
[INFO] [1754305904.630627972] [solver_node]: 标定数据收集进度: 248/500
[INFO] [1754305904.646173963] [solver_node]: 标定数据收集进度: 249/500
[INFO] [1754305904.655403815] [solver_node]: 标定数据收集进度: 250/500
[INFO] [1754305904.661508526] [solver_node]: 标定数据收集进度: 251/500
[INFO] [1754305904.671339508] [solver_node]: 标定数据收集进度: 252/500
[INFO] [1754305904.685846857] [solver_node]: 标定数据收集进度: 253/500
[INFO] [1754305904.690578265] [solver_node]: 标定数据收集进度: 254/500
[INFO] [1754305904.700532737] [solver_node]: 标定数据收集进度: 255/500
[INFO] [1754305904.710790638] [solver_node]: 标定数据收集进度: 256/500
[INFO] [1754305904.720807128] [solver_node]: 标定数据收集进度: 257/500
[INFO] [1754305904.732563262] [solver_node]: 标定数据收集进度: 258/500
[INFO] [1754305904.743795100] [solver_node]: 标定数据收集进度: 259/500
[INFO] [1754305904.750857971] [solver_node]: 标定数据收集进度: 260/500
[INFO] [1754305904.761500583] [solver_node]: 标定数据收集进度: 261/500
[INFO] [1754305904.771330509] [solver_node]: 标定数据收集进度: 262/500
[INFO] [1754305904.788003751] [solver_node]: 标定数据收集进度: 263/500
[INFO] [1754305904.793127677] [solver_node]: 标定数据收集进度: 264/500
[INFO] [1754305904.801060451] [solver_node]: 标定数据收集进度: 265/500
[INFO] [1754305904.816189571] [solver_node]: 标定数据收集进度: 266/500
[INFO] [1754305904.822341131] [solver_node]: 标定数据收集进度: 267/500
[INFO] [1754305904.831629128] [solver_node]: 标定数据收集进度: 268/500
[INFO] [1754305904.841494382] [solver_node]: 标定数据收集进度: 269/500
[INFO] [1754305904.851023535] [solver_node]: 标定数据收集进度: 270/500
[INFO] [1754305904.860795476] [solver_node]: 标定数据收集进度: 271/500
[INFO] [1754305904.870851678] [solver_node]: 标定数据收集进度: 272/500
[INFO] [1754305904.881027626] [solver_node]: 标定数据收集进度: 273/500
[INFO] [1754305904.890733486] [solver_node]: 标定数据收集进度: 274/500
[INFO] [1754305904.915145163] [solver_node]: 标定数据收集进度: 275/500
[INFO] [1754305904.918095676] [solver_node]: 标定数据收集进度: 276/500
[INFO] [1754305904.920984205] [solver_node]: 标定数据收集进度: 277/500
[INFO] [1754305904.935077403] [solver_node]: 标定数据收集进度: 278/500
[INFO] [1754305904.945870034] [solver_node]: 标定数据收集进度: 279/500
[INFO] [1754305904.950800485] [solver_node]: 标定数据收集进度: 280/500
[INFO] [1754305904.961532314] [solver_node]: 标定数据收集进度: 281/500
[INFO] [1754305904.971990443] [solver_node]: 标定数据收集进度: 282/500
[INFO] [1754305904.981624878] [solver_node]: 标定数据收集进度: 283/500
[INFO] [1754305904.991545717] [solver_node]: 标定数据收集进度: 284/500
[INFO] [1754305905.010009197] [solver_node]: 标定数据收集进度: 285/500
[INFO] [1754305905.012402549] [solver_node]: 标定数据收集进度: 286/500
[INFO] [1754305905.025049771] [solver_node]: 标定数据收集进度: 287/500
[INFO] [1754305905.033227701] [solver_node]: 标定数据收集进度: 288/500
[INFO] [1754305905.043136668] [solver_node]: 标定数据收集进度: 289/500
[INFO] [1754305905.051734061] [solver_node]: 标定数据收集进度: 290/500
[INFO] [1754305905.062234654] [solver_node]: 标定数据收集进度: 291/500
[INFO] [1754305905.074161608] [solver_node]: 标定数据收集进度: 292/500
[INFO] [1754305905.084866940] [solver_node]: 标定数据收集进度: 293/500
[INFO] [1754305905.096205340] [solver_node]: 标定数据收集进度: 294/500
[INFO] [1754305905.105348982] [solver_node]: 标定数据收集进度: 295/500
[INFO] [1754305905.110931220] [solver_node]: 标定数据收集进度: 296/500
[INFO] [1754305905.122720475] [solver_node]: 标定数据收集进度: 297/500
[INFO] [1754305905.131963063] [solver_node]: 标定数据收集进度: 298/500
[INFO] [1754305905.141136818] [solver_node]: 标定数据收集进度: 299/500
[INFO] [1754305905.150985752] [solver_node]: 标定数据收集进度: 300/500
[INFO] [1754305905.160869215] [solver_node]: 标定数据收集进度: 301/500
[INFO] [1754305905.172811817] [solver_node]: 标定数据收集进度: 302/500
[INFO] [1754305905.182322025] [solver_node]: 标定数据收集进度: 303/500
[INFO] [1754305905.190790392] [solver_node]: 标定数据收集进度: 304/500
[INFO] [1754305905.203223498] [solver_node]: 标定数据收集进度: 305/500
[INFO] [1754305905.210736841] [solver_node]: 标定数据收集进度: 306/500
[INFO] [1754305905.221079607] [solver_node]: 标定数据收集进度: 307/500
[INFO] [1754305905.231066208] [solver_node]: 标定数据收集进度: 308/500
[INFO] [1754305905.241832502] [solver_node]: 标定数据收集进度: 309/500
[INFO] [1754305905.252228101] [solver_node]: 标定数据收集进度: 310/500
[INFO] [1754305905.260975513] [solver_node]: 标定数据收集进度: 311/500
[INFO] [1754305905.270660732] [solver_node]: 标定数据收集进度: 312/500
[INFO] [1754305905.280889193] [solver_node]: 标定数据收集进度: 313/500
[INFO] [1754305905.291600350] [solver_node]: 标定数据收集进度: 314/500
[INFO] [1754305905.301184735] [solver_node]: 标定数据收集进度: 315/500
[INFO] [1754305905.311592175] [solver_node]: 标定数据收集进度: 316/500
[INFO] [1754305905.321080911] [solver_node]: 标定数据收集进度: 317/500
[INFO] [1754305905.332483888] [solver_node]: 标定数据收集进度: 318/500
[INFO] [1754305905.342154099] [solver_node]: 标定数据收集进度: 319/500
[INFO] [1754305905.351388783] [solver_node]: 标定数据收集进度: 320/500
[INFO] [1754305905.361244725] [solver_node]: 标定数据收集进度: 321/500
[INFO] [1754305905.372051275] [solver_node]: 标定数据收集进度: 322/500
[INFO] [1754305905.381819408] [solver_node]: 标定数据收集进度: 323/500
[INFO] [1754305905.392574822] [solver_node]: 标定数据收集进度: 324/500
[INFO] [1754305905.402624015] [solver_node]: 标定数据收集进度: 325/500
[INFO] [1754305905.412127600] [solver_node]: 标定数据收集进度: 326/500
[INFO] [1754305905.422448222] [solver_node]: 标定数据收集进度: 327/500
[INFO] [1754305905.432896046] [solver_node]: 标定数据收集进度: 328/500
[INFO] [1754305905.440811924] [solver_node]: 标定数据收集进度: 329/500
[INFO] [1754305905.450750684] [solver_node]: 标定数据收集进度: 330/500
[INFO] [1754305905.460833926] [solver_node]: 标定数据收集进度: 331/500
[INFO] [1754305905.470785038] [solver_node]: 标定数据收集进度: 332/500
[INFO] [1754305905.481903145] [solver_node]: 标定数据收集进度: 333/500
[INFO] [1754305905.491377961] [solver_node]: 标定数据收集进度: 334/500
[INFO] [1754305905.501829242] [solver_node]: 标定数据收集进度: 335/500
[INFO] [1754305905.512684465] [solver_node]: 标定数据收集进度: 336/500
[INFO] [1754305905.522151793] [solver_node]: 标定数据收集进度: 337/500
[INFO] [1754305905.531749907] [solver_node]: 标定数据收集进度: 338/500
[INFO] [1754305905.543945024] [solver_node]: 标定数据收集进度: 339/500
[INFO] [1754305905.551391486] [solver_node]: 标定数据收集进度: 340/500
[INFO] [1754305905.561243396] [solver_node]: 标定数据收集进度: 341/500
[INFO] [1754305905.571948217] [solver_node]: 标定数据收集进度: 342/500
[INFO] [1754305905.582281031] [solver_node]: 标定数据收集进度: 343/500
[INFO] [1754305905.592558389] [solver_node]: 标定数据收集进度: 344/500
[INFO] [1754305905.601996564] [solver_node]: 标定数据收集进度: 345/500
[INFO] [1754305905.613864605] [solver_node]: 标定数据收集进度: 346/500
[INFO] [1754305905.620940756] [solver_node]: 标定数据收集进度: 347/500
[INFO] [1754305905.631470598] [solver_node]: 标定数据收集进度: 348/500
[INFO] [1754305905.640758658] [solver_node]: 标定数据收集进度: 349/500
[INFO] [1754305905.652186339] [solver_node]: 标定数据收集进度: 350/500
[INFO] [1754305905.660930967] [solver_node]: 标定数据收集进度: 351/500
[INFO] [1754305905.671010017] [solver_node]: 标定数据收集进度: 352/500
[INFO] [1754305905.684012508] [solver_node]: 标定数据收集进度: 353/500
[INFO] [1754305905.691533051] [solver_node]: 标定数据收集进度: 354/500
[INFO] [1754305905.706113521] [solver_node]: 标定数据收集进度: 355/500
[INFO] [1754305905.715295084] [solver_node]: 标定数据收集进度: 356/500
[INFO] [1754305905.721152399] [solver_node]: 标定数据收集进度: 357/500
[INFO] [1754305905.731001077] [solver_node]: 标定数据收集进度: 358/500
[INFO] [1754305905.745971954] [solver_node]: 标定数据收集进度: 359/500
[INFO] [1754305905.754199933] [solver_node]: 标定数据收集进度: 360/500
[INFO] [1754305905.762701676] [solver_node]: 标定数据收集进度: 361/500
[INFO] [1754305905.770455951] [solver_node]: 标定数据收集进度: 362/500
[INFO] [1754305905.781004097] [solver_node]: 标定数据收集进度: 363/500
[INFO] [1754305905.791068075] [solver_node]: 标定数据收集进度: 364/500
[INFO] [1754305905.801701247] [solver_node]: 标定数据收集进度: 365/500
[INFO] [1754305905.811064573] [solver_node]: 标定数据收集进度: 366/500
[INFO] [1754305905.825054889] [solver_node]: 标定数据收集进度: 367/500
[INFO] [1754305905.832202337] [solver_node]: 标定数据收集进度: 368/500
[INFO] [1754305905.842075400] [solver_node]: 标定数据收集进度: 369/500
[INFO] [1754305905.850957118] [solver_node]: 标定数据收集进度: 370/500
[INFO] [1754305905.860568512] [solver_node]: 标定数据收集进度: 371/500
[INFO] [1754305905.870571497] [solver_node]: 标定数据收集进度: 372/500
[INFO] [1754305905.883626469] [solver_node]: 标定数据收集进度: 373/500
[INFO] [1754305905.893256552] [solver_node]: 标定数据收集进度: 374/500
[INFO] [1754305905.903254417] [solver_node]: 标定数据收集进度: 375/500
[INFO] [1754305905.912211112] [solver_node]: 标定数据收集进度: 376/500
[INFO] [1754305905.926004817] [solver_node]: 标定数据收集进度: 377/500
[INFO] [1754305905.930880195] [solver_node]: 标定数据收集进度: 378/500
[INFO] [1754305905.941342195] [solver_node]: 标定数据收集进度: 379/500
[INFO] [1754305905.951103256] [solver_node]: 标定数据收集进度: 380/500
[INFO] [1754305905.960780764] [solver_node]: 标定数据收集进度: 381/500
[INFO] [1754305905.970614562] [solver_node]: 标定数据收集进度: 382/500
[INFO] [1754305905.980851438] [solver_node]: 标定数据收集进度: 383/500
[INFO] [1754305905.990899896] [solver_node]: 标定数据收集进度: 384/500
[INFO] [1754305906.000848352] [solver_node]: 标定数据收集进度: 385/500
[INFO] [1754305906.012397475] [solver_node]: 标定数据收集进度: 386/500
[INFO] [1754305906.025858822] [solver_node]: 标定数据收集进度: 387/500
[INFO] [1754305906.038435642] [solver_node]: 标定数据收集进度: 388/500
[INFO] [1754305906.041389547] [solver_node]: 标定数据收集进度: 389/500
[INFO] [1754305906.051844828] [solver_node]: 标定数据收集进度: 390/500
[INFO] [1754305906.061866981] [solver_node]: 标定数据收集进度: 391/500
[INFO] [1754305906.070735162] [solver_node]: 标定数据收集进度: 392/500
[INFO] [1754305906.082921160] [solver_node]: 标定数据收集进度: 393/500
[INFO] [1754305906.091961856] [solver_node]: 标定数据收集进度: 394/500
[INFO] [1754305906.100801461] [solver_node]: 标定数据收集进度: 395/500
[INFO] [1754305906.110739357] [solver_node]: 标定数据收集进度: 396/500
[INFO] [1754305906.123535572] [solver_node]: 标定数据收集进度: 397/500
[INFO] [1754305906.131048627] [solver_node]: 标定数据收集进度: 398/500
[INFO] [1754305906.140605940] [solver_node]: 标定数据收集进度: 399/500
[INFO] [1754305906.155108681] [solver_node]: 标定数据收集进度: 400/500
[INFO] [1754305906.160665415] [solver_node]: 标定数据收集进度: 401/500
[INFO] [1754305906.173967719] [solver_node]: 标定数据收集进度: 402/500
[INFO] [1754305906.180553206] [solver_node]: 标定数据收集进度: 403/500
[INFO] [1754305906.193418127] [solver_node]: 标定数据收集进度: 404/500
[INFO] [1754305906.201949151] [solver_node]: 标定数据收集进度: 405/500
[INFO] [1754305906.222109907] [solver_node]: 标定数据收集进度: 406/500
[INFO] [1754305906.224793760] [solver_node]: 标定数据收集进度: 407/500
[INFO] [1754305906.230825766] [solver_node]: 标定数据收集进度: 408/500
[INFO] [1754305906.240908496] [solver_node]: 标定数据收集进度: 409/500
[INFO] [1754305906.252562900] [solver_node]: 标定数据收集进度: 410/500
[INFO] [1754305906.260924289] [solver_node]: 标定数据收集进度: 411/500
[INFO] [1754305906.270685574] [solver_node]: 标定数据收集进度: 412/500
[INFO] [1754305906.281175607] [solver_node]: 标定数据收集进度: 413/500
[INFO] [1754305906.291041533] [solver_node]: 标定数据收集进度: 414/500
[INFO] [1754305906.302953350] [solver_node]: 标定数据收集进度: 415/500
[INFO] [1754305906.316037378] [solver_node]: 标定数据收集进度: 416/500
[INFO] [1754305906.320962325] [solver_node]: 标定数据收集进度: 417/500
[INFO] [1754305906.331449478] [solver_node]: 标定数据收集进度: 418/500
[INFO] [1754305906.341276972] [solver_node]: 标定数据收集进度: 419/500
[INFO] [1754305906.351991713] [solver_node]: 标定数据收集进度: 420/500
[INFO] [1754305906.360827414] [solver_node]: 标定数据收集进度: 421/500
[INFO] [1754305906.371192996] [solver_node]: 标定数据收集进度: 422/500
[INFO] [1754305906.380996106] [solver_node]: 标定数据收集进度: 423/500
[INFO] [1754305906.400397137] [solver_node]: 标定数据收集进度: 424/500
[INFO] [1754305906.402272720] [solver_node]: 标定数据收集进度: 425/500
[INFO] [1754305906.411294793] [solver_node]: 标定数据收集进度: 426/500
[INFO] [1754305906.422593735] [solver_node]: 标定数据收集进度: 427/500
[INFO] [1754305906.430825010] [solver_node]: 标定数据收集进度: 428/500
[INFO] [1754305906.440936412] [solver_node]: 标定数据收集进度: 429/500
[INFO] [1754305906.450865412] [solver_node]: 标定数据收集进度: 430/500
[INFO] [1754305906.460677609] [solver_node]: 标定数据收集进度: 431/500
[INFO] [1754305906.471383422] [solver_node]: 标定数据收集进度: 432/500
[INFO] [1754305906.480734267] [solver_node]: 标定数据收集进度: 433/500
[INFO] [1754305906.491298030] [solver_node]: 标定数据收集进度: 434/500
[INFO] [1754305906.500640075] [solver_node]: 标定数据收集进度: 435/500
[INFO] [1754305906.514814522] [solver_node]: 标定数据收集进度: 436/500
[INFO] [1754305906.521547372] [solver_node]: 标定数据收集进度: 437/500
[INFO] [1754305906.531261999] [solver_node]: 标定数据收集进度: 438/500
[INFO] [1754305906.541397946] [solver_node]: 标定数据收集进度: 439/500
[INFO] [1754305906.550820633] [solver_node]: 标定数据收集进度: 440/500
[INFO] [1754305906.560781953] [solver_node]: 标定数据收集进度: 441/500
[INFO] [1754305906.570850091] [solver_node]: 标定数据收集进度: 442/500
[INFO] [1754305906.582999352] [solver_node]: 标定数据收集进度: 443/500
[INFO] [1754305906.592065777] [solver_node]: 标定数据收集进度: 444/500
[INFO] [1754305906.603109323] [solver_node]: 标定数据收集进度: 445/500
[INFO] [1754305906.610828205] [solver_node]: 标定数据收集进度: 446/500
[INFO] [1754305906.623366464] [solver_node]: 标定数据收集进度: 447/500
[INFO] [1754305906.632657693] [solver_node]: 标定数据收集进度: 448/500
[INFO] [1754305906.641628628] [solver_node]: 标定数据收集进度: 449/500
[INFO] [1754305906.652098917] [solver_node]: 标定数据收集进度: 450/500
[INFO] [1754305906.660872441] [solver_node]: 标定数据收集进度: 451/500
[INFO] [1754305906.671371018] [solver_node]: 标定数据收集进度: 452/500
[INFO] [1754305906.681141359] [solver_node]: 标定数据收集进度: 453/500
[INFO] [1754305906.691288250] [solver_node]: 标定数据收集进度: 454/500
[INFO] [1754305906.704635035] [solver_node]: 标定数据收集进度: 455/500
[INFO] [1754305906.710938181] [solver_node]: 标定数据收集进度: 456/500
[INFO] [1754305906.720959214] [solver_node]: 标定数据收集进度: 457/500
[INFO] [1754305906.730821012] [solver_node]: 标定数据收集进度: 458/500
[INFO] [1754305906.741549385] [solver_node]: 标定数据收集进度: 459/500
[INFO] [1754305906.750615522] [solver_node]: 标定数据收集进度: 460/500
[INFO] [1754305906.760849039] [solver_node]: 标定数据收集进度: 461/500
[INFO] [1754305906.771289471] [solver_node]: 标定数据收集进度: 462/500
[INFO] [1754305906.786450718] [solver_node]: 标定数据收集进度: 463/500
[INFO] [1754305906.791981627] [solver_node]: 标定数据收集进度: 464/500
[INFO] [1754305906.803115511] [solver_node]: 标定数据收集进度: 465/500
[INFO] [1754305906.811653575] [solver_node]: 标定数据收集进度: 466/500
[INFO] [1754305906.838046468] [solver_node]: 标定数据收集进度: 467/500
[INFO] [1754305906.842654514] [solver_node]: 标定数据收集进度: 468/500
[INFO] [1754305906.848847098] [solver_node]: 标定数据收集进度: 469/500
[INFO] [1754305906.852357622] [solver_node]: 标定数据收集进度: 470/500
[INFO] [1754305906.861158890] [solver_node]: 标定数据收集进度: 471/500
[INFO] [1754305906.873117588] [solver_node]: 标定数据收集进度: 472/500
[INFO] [1754305906.880674707] [solver_node]: 标定数据收集进度: 473/500
[INFO] [1754305906.890680636] [solver_node]: 标定数据收集进度: 474/500
[INFO] [1754305906.900338015] [solver_node]: 标定数据收集进度: 475/500
[INFO] [1754305906.918696884] [solver_node]: 标定数据收集进度: 476/500
[INFO] [1754305906.923351459] [solver_node]: 标定数据收集进度: 477/500
[INFO] [1754305906.934365596] [solver_node]: 标定数据收集进度: 478/500
[INFO] [1754305906.944646058] [solver_node]: 标定数据收集进度: 479/500
[INFO] [1754305906.950958580] [solver_node]: 标定数据收集进度: 480/500
[INFO] [1754305906.960761977] [solver_node]: 标定数据收集进度: 481/500
[INFO] [1754305906.971208586] [solver_node]: 标定数据收集进度: 482/500
[INFO] [1754305906.980845612] [solver_node]: 标定数据收集进度: 483/500
[INFO] [1754305906.991278748] [solver_node]: 标定数据收集进度: 484/500
[INFO] [1754305907.001569865] [solver_node]: 标定数据收集进度: 485/500
[INFO] [1754305907.013079307] [solver_node]: 标定数据收集进度: 486/500
[INFO] [1754305907.021337782] [solver_node]: 标定数据收集进度: 487/500
[INFO] [1754305907.035842443] [solver_node]: 标定数据收集进度: 488/500
[INFO] [1754305907.042098708] [solver_node]: 标定数据收集进度: 489/500
[INFO] [1754305907.050772134] [solver_node]: 标定数据收集进度: 490/500
[INFO] [1754305907.061012595] [solver_node]: 标定数据收集进度: 491/500
[INFO] [1754305907.070979067] [solver_node]: 标定数据收集进度: 492/500
[INFO] [1754305907.081732816] [solver_node]: 标定数据收集进度: 493/500
[INFO] [1754305907.094024223] [solver_node]: 标定数据收集进度: 494/500
[INFO] [1754305907.107805959] [solver_node]: 标定数据收集进度: 495/500
[INFO] [1754305907.114744220] [solver_node]: 标定数据收集进度: 496/500
[INFO] [1754305907.123346605] [solver_node]: 标定数据收集进度: 497/500
[INFO] [1754305907.134585482] [solver_node]: 标定数据收集进度: 498/500
[INFO] [1754305907.141228378] [solver_node]: 标定数据收集进度: 499/500
[INFO] [1754305907.151930222] [solver_node]: 标定数据收集进度: 500/500
[INFO] [1754305907.152659227] [solver_node]: 标定数据收集完成，开始标定...
[INFO] [1754305907.153342054] [solver_node]: 开始标定，收集到的数据shape: (500, 5)
[INFO] [1754305907.154242581] [solver_node]: [PerpendicularDistanceLocalizer] 开始标定，扫描数据shape: (500, 5)
[INFO] [1754305907.155410761] [solver_node]: [PerpendicularDistanceLocalizer] 平均测距值 详细内容: 形状: (5,), 类型: float64
[INFO] [1754305907.156160502] [solver_node]: [PerpendicularDistanceLocalizer] 平均测距值[0]: 0.12800000607967377
[INFO] [1754305907.156860673] [solver_node]: [PerpendicularDistanceLocalizer] 平均测距值[1]: 7.0970001220703125
[INFO] [1754305907.157564045] [solver_node]: [PerpendicularDistanceLocalizer] 平均测距值[2]: 7.539040031433106
[INFO] [1754305907.158214776] [solver_node]: [PerpendicularDistanceLocalizer] 平均测距值[3]: 1.7945659885406493
[INFO] [1754305907.158886084] [solver_node]: [PerpendicularDistanceLocalizer] 平均测距值[4]: 1.8219179928302764
[INFO] [1754305907.160142265] [solver_node]: [PerpendicularDistanceLocalizer] h_values 详细内容: 形状: (5,), 类型: float64
[INFO] [1754305907.160840325] [solver_node]: [PerpendicularDistanceLocalizer] h_values[0]: 0.37684580873135426
[INFO] [1754305907.162442879] [solver_node]: [PerpendicularDistanceLocalizer] h_values[1]: 0.37684580873135426
[INFO] [1754305907.163197708] [solver_node]: [PerpendicularDistanceLocalizer] h_values[2]: 0.33497201345916283
[INFO] [1754305907.163896088] [solver_node]: [PerpendicularDistanceLocalizer] h_values[3]: 0.2847569265233284
[INFO] [1754305907.164562595] [solver_node]: [PerpendicularDistanceLocalizer] h_values[4]: 0.2847569265233284
[INFO] [1754305907.166206207] [solver_node]: [PerpendicularDistanceLocalizer] 标定完成: m=9.967, n=7.979
[INFO] [1754305907.166938571] [solver_node]: [PerpendicularDistanceLocalizer] 前后左右平均距离: 前=7.874, 后=2.093, 左=0.505, 右=7.474
[INFO] [1754305907.168145568] [solver_node]: [PerpendicularDistanceLocalizer] 计算的初始位姿: x=2.093, y=7.474, phi=1.571
[INFO] [1754305907.170229795] [solver_node]: 标定完成: m=9.960, n=7.970
[INFO] [1754305907.171230420] [solver_node]: 标定得到的初始位姿: x=2.093, y=7.474, phi=1.571
[INFO] [1754305907.172372391] [solver_node]: LIO位置: x=0.012, y=0.015
[INFO] [1754305907.174312679] [solver_node]: Started偏移: x=2.081, y=7.459
[INFO] [1754305907.177453500] [solver_node]: 初始化阶段完成，进入运行阶段
[INFO] [1754305907.784969430] [solver_node]: 求解成功: x=2.090, y=7.470
[INFO] [1754305907.785739907] [solver_node]: 发布重定位TF: x=-0.003, y=-0.013
[INFO] [1754305907.797088579] [solver_node]: 求解成功: x=2.089, y=7.471
[INFO] [1754305907.808668678] [solver_node]: 求解成功: x=2.089, y=7.471
[INFO] [1754305907.820833907] [solver_node]: 求解成功: x=2.089, y=7.471
[INFO] [1754305907.844562882] [solver_node]: 求解成功: x=2.089, y=7.471
[INFO] [1754305907.856301128] [solver_node]: 求解成功: x=2.089, y=7.471
[INFO] [1754305909.123273396] [solver_node]: 发布重定位TF: x=0.006, y=-0.014
[INFO] [1754305909.148060500] [solver_node]: 求解成功: x=2.088, y=7.470
[INFO] [1754305909.184094738] [solver_node]: 求解成功: x=2.088, y=7.470
[INFO] [1754305909.196290783] [solver_node]: 求解成功: x=2.088, y=7.460
[INFO] [1754305909.212117865] [solver_node]: 求解成功: x=2.088, y=7.460
[INFO] [1754305909.225875633] [solver_node]: 求解成功: x=2.088, y=7.460
[INFO] [1754305909.243855231] [solver_node]: 求解成功: x=2.088, y=7.460
[INFO] [1754305909.261584105] [solver_node]: 求解成功: x=2.088, y=7.460
[INFO] [1754305909.273674836] [solver_node]: 求解成功: x=2.088, y=7.460
[INFO] [1754305909.286525581] [solver_node]: 求解成功: x=2.088, y=7.460
[INFO] [1754305909.299000638] [solver_node]: 求解成功: x=2.088, y=7.460
[INFO] [1754305909.315057324] [solver_node]: 求解成功: x=2.088, y=7.460
[INFO] [1754305909.327874276] [solver_node]: 求解成功: x=2.088, y=7.460
[INFO] [1754305909.343339560] [solver_node]: 求解成功: x=2.088, y=7.460
[INFO] [1754305909.354990860] [solver_node]: 求解成功: x=2.088, y=7.460
[INFO] [1754305909.373397985] [solver_node]: 求解成功: x=2.088, y=7.460
[INFO] [1754305909.387165769] [solver_node]: 求解成功: x=2.088, y=7.460
[INFO] [1754305909.435138319] [solver_node]: 求解成功: x=2.088, y=7.460
[INFO] [1754305909.459140419] [solver_node]: 求解成功: x=2.088, y=7.460
[INFO] [1754305909.477153202] [solver_node]: 求解成功: x=2.088, y=7.460
[INFO] [1754305909.489061178] [solver_node]: 求解成功: x=2.088, y=7.460
[INFO] [1754305909.501276327] [solver_node]: 求解成功: x=2.088, y=7.460
[INFO] [1754305909.516844525] [solver_node]: 求解成功: x=2.088, y=7.460
[INFO] [1754305909.529487586] [solver_node]: 无效解: x=2.088, y=7.460, 距离=7.734 > 阈值0.100
[WARN] [1754305909.532363762] [solver_node]: 没有满足距离要求的解
[INFO] [1754305909.572521685] [solver_node]: 无效解: x=2.088, y=7.460, 距离=7.734 > 阈值0.100
[WARN] [1754305909.573442469] [solver_node]: 没有满足距离要求的解
[INFO] [1754305909.587198156] [solver_node]: 无效解: x=2.088, y=7.460, 距离=7.734 > 阈值0.100
[WARN] [1754305909.588029690] [solver_node]: 没有满足距离要求的解
[INFO] [1754305909.600084069] [solver_node]: 无效解: x=2.088, y=7.460, 距离=7.734 > 阈值0.100
[WARN] [1754305909.601162295] [solver_node]: 没有满足距离要求的解
[INFO] [1754305909.614110737] [solver_node]: 无效解: x=2.088, y=7.460, 距离=7.734 > 阈值0.100
[WARN] [1754305909.616696380] [solver_node]: 没有满足距离要求的解
[INFO] [1754305909.628428609] [solver_node]: 无效解: x=2.088, y=7.460, 距离=7.734 > 阈值0.100
[WARN] [1754305909.630966636] [solver_node]: 没有满足距离要求的解
[INFO] [1754305909.659030084] [solver_node]: 无效解: x=2.088, y=7.460, 距离=7.734 > 阈值0.100
[WARN] [1754305909.677617309] [solver_node]: 没有满足距离要求的解
[INFO] [1754305909.715523514] [solver_node]: 无效解: x=2.088, y=7.460, 距离=7.734 > 阈值0.100
[WARN] [1754305909.716664589] [solver_node]: 没有满足距离要求的解
[INFO] [1754305909.740837028] [solver_node]: 无效解: x=2.088, y=7.460, 距离=7.734 > 阈值0.100
[WARN] [1754305909.755574875] [solver_node]: 没有满足距离要求的解
[INFO] [1754305909.769832779] [solver_node]: 无效解: x=2.088, y=7.460, 距离=7.734 > 阈值0.100
[WARN] [1754305909.770733370] [solver_node]: 没有满足距离要求的解
[INFO] [1754305909.784067802] [solver_node]: 无效解: x=2.088, y=7.460, 距离=7.734 > 阈值0.100
[WARN] [1754305909.787105741] [solver_node]: 没有满足距离要求的解
[INFO] [1754305909.805949386] [solver_node]: 无效解: x=2.088, y=7.460, 距离=7.734 > 阈值0.100
[WARN] [1754305909.824177597] [solver_node]: 没有满足距离要求的解
[INFO] [1754305909.883719814] [solver_node]: 无效解: x=2.088, y=7.460, 距离=7.734 > 阈值0.100
[WARN] [1754305909.901347438] [solver_node]: 没有满足距离要求的解
[INFO] [1754305909.931280422] [solver_node]: 无效解: x=2.088, y=7.460, 距离=7.734 > 阈值0.100
[WARN] [1754305909.940083866] [solver_node]: 没有满足距离要求的解
[INFO] [1754305909.976108055] [solver_node]: 无效解: x=2.088, y=7.460, 距离=7.734 > 阈值0.100
[WARN] [1754305910.006126992] [solver_node]: 没有满足距离要求的解
[INFO] [1754305910.019916440] [solver_node]: 无效解: x=2.088, y=7.460, 距离=7.734 > 阈值0.100
[WARN] [1754305910.020772262] [solver_node]: 没有满足距离要求的解
[INFO] [1754305910.056188473] [solver_node]: 无效解: x=2.088, y=7.460, 距离=7.734 > 阈值0.100
[WARN] [1754305910.069790014] [solver_node]: 没有满足距离要求的解
[INFO] [1754305910.083074845] [solver_node]: 无效解: x=2.088, y=7.460, 距离=7.734 > 阈值0.100
[WARN] [1754305910.083903915] [solver_node]: 没有满足距离要求的解
[INFO] [1754305910.095489357] [solver_node]: 无效解: x=2.088, y=7.460, 距离=7.734 > 阈值0.100
[WARN] [1754305910.096286491] [solver_node]: 没有满足距离要求的解
[INFO] [1754305916.816227838] [solver_node]: 求解线程已停止
[INFO] [1754305916.827843489] [solver_node]: 位置更新线程已停止
[INFO] [1754305916.829609086] [solver_node]: Odom TF更新线程已停止
[INFO] [1754305916.898423292] [solver_node]: 重定位线程已停止
[INFO] [1754305916.899730386] [solver_node]: SolverNode资源清理完成
