[INFO] [1754206742.261816571] [solver_node]: SolverNode启动，进入初始化阶段，需要收集100次激光数据进行标定...
[WARN] [1754206743.223284490] [solver_node]: 收到空的激光距离数据，跳过处理
[WARN] [1754206744.228060863] [solver_node]: 收到空的激光距离数据，跳过处理
[WARN] [1754206745.228789732] [solver_node]: 收到空的激光距离数据，跳过处理
[WARN] [1754206746.233951179] [solver_node]: 收到空的激光距离数据，跳过处理
[WARN] [1754206747.236674713] [solver_node]: 收到空的激光距离数据，跳过处理
[WARN] [1754206748.242950184] [solver_node]: 收到空的激光距离数据，跳过处理
[WARN] [1754206752.353074043] [solver_node]: 收到空的激光距离数据，跳过处理
[WARN] [1754206753.352713924] [solver_node]: 收到空的激光距离数据，跳过处理
[WARN] [1754206754.357295668] [solver_node]: 收到空的激光距离数据，跳过处理
[WARN] [1754206755.359269825] [solver_node]: 收到空的激光距离数据，跳过处理
[WARN] [1754206756.370969554] [solver_node]: 收到空的激光距离数据，跳过处理
[WARN] [1754206757.376721195] [solver_node]: 收到空的激光距离数据，跳过处理
[WARN] [1754206758.377077302] [solver_node]: 收到空的激光距离数据，跳过处理
[WARN] [1754206759.385004295] [solver_node]: 收到空的激光距离数据，跳过处理
[WARN] [1754206760.382543966] [solver_node]: 收到空的激光距离数据，跳过处理
[WARN] [1754206761.393728181] [solver_node]: 收到空的激光距离数据，跳过处理
[WARN] [1754206762.397897513] [solver_node]: 收到空的激光距离数据，跳过处理
[WARN] [1754206763.398831790] [solver_node]: 收到空的激光距离数据，跳过处理
[WARN] [1754206764.405475312] [solver_node]: 收到空的激光距离数据，跳过处理
[WARN] [1754206765.407111300] [solver_node]: 收到空的激光距离数据，跳过处理
[WARN] [1754206766.402092722] [solver_node]: 收到空的激光距离数据，跳过处理
[WARN] [1754206767.419682853] [solver_node]: 收到空的激光距离数据，跳过处理
[WARN] [1754206768.408956466] [solver_node]: 收到空的激光距离数据，跳过处理
[WARN] [1754206769.407548225] [solver_node]: 收到空的激光距离数据，跳过处理
[WARN] [1754206770.413528804] [solver_node]: 收到空的激光距离数据，跳过处理
[WARN] [1754206771.412527565] [solver_node]: 收到空的激光距离数据，跳过处理
[WARN] [1754206772.419467025] [solver_node]: 收到空的激光距离数据，跳过处理
[WARN] [1754206773.436420038] [solver_node]: 收到空的激光距离数据，跳过处理
[WARN] [1754206774.419541074] [solver_node]: 收到空的激光距离数据，跳过处理
[WARN] [1754206775.421606898] [solver_node]: 收到空的激光距离数据，跳过处理
[WARN] [1754206776.425428656] [solver_node]: 收到空的激光距离数据，跳过处理
[WARN] [1754206777.426261526] [solver_node]: 收到空的激光距离数据，跳过处理
[WARN] [1754206778.427603296] [solver_node]: 收到空的激光距离数据，跳过处理
[WARN] [1754206779.431182922] [solver_node]: 收到空的激光距离数据，跳过处理
[WARN] [1754206780.445192670] [solver_node]: 收到空的激光距离数据，跳过处理
[WARN] [1754206781.435243101] [solver_node]: 收到空的激光距离数据，跳过处理
[WARN] [1754206785.554370413] [solver_node]: 收到空的激光距离数据，跳过处理
[WARN] [1754206786.543707030] [solver_node]: 收到空的激光距离数据，跳过处理
[WARN] [1754206787.550885239] [solver_node]: 收到空的激光距离数据，跳过处理
[WARN] [1754206788.556492744] [solver_node]: 收到空的激光距离数据，跳过处理
[WARN] [1754206789.560853825] [solver_node]: 收到空的激光距离数据，跳过处理
[WARN] [1754206790.558611365] [solver_node]: 收到空的激光距离数据，跳过处理
[WARN] [1754206791.563572586] [solver_node]: 收到空的激光距离数据，跳过处理
[WARN] [1754206792.565874290] [solver_node]: 收到空的激光距离数据，跳过处理
[WARN] [1754206793.570073859] [solver_node]: 收到空的激光距离数据，跳过处理
[WARN] [1754206794.571786531] [solver_node]: 收到空的激光距离数据，跳过处理
[WARN] [1754206867.480592869] [solver_node]: 收到空的激光距离数据，跳过处理
[WARN] [1754206868.486108941] [solver_node]: 收到空的激光距离数据，跳过处理
[WARN] [1754206869.485798171] [solver_node]: 收到空的激光距离数据，跳过处理
[WARN] [1754206870.489181768] [solver_node]: 收到空的激光距离数据，跳过处理
[WARN] [1754206871.489192448] [solver_node]: 收到空的激光距离数据，跳过处理
[WARN] [1754206872.491387187] [solver_node]: 收到空的激光距离数据，跳过处理
[WARN] [1754206873.503007423] [solver_node]: 收到空的激光距离数据，跳过处理
[WARN] [1754206874.500869127] [solver_node]: 收到空的激光距离数据，跳过处理
[WARN] [1754206875.499656759] [solver_node]: 收到空的激光距离数据，跳过处理
[WARN] [1754206876.503149929] [solver_node]: 收到空的激光距离数据，跳过处理
[WARN] [1754206877.503779592] [solver_node]: 收到空的激光距离数据，跳过处理
[WARN] [1754206878.507220779] [solver_node]: 收到空的激光距离数据，跳过处理
[WARN] [1754206879.509842786] [solver_node]: 收到空的激光距离数据，跳过处理
[WARN] [1754206880.510965218] [solver_node]: 收到空的激光距离数据，跳过处理
[WARN] [1754206881.511740022] [solver_node]: 收到空的激光距离数据，跳过处理
[INFO] [1754207299.747835953] [solver_node]: 标定数据收集进度: 1/100
[INFO] [1754207299.847301382] [solver_node]: 标定数据收集进度: 2/100
[INFO] [1754207299.947878227] [solver_node]: 标定数据收集进度: 3/100
[INFO] [1754207300.049353196] [solver_node]: 标定数据收集进度: 4/100
[INFO] [1754207300.147245102] [solver_node]: 标定数据收集进度: 5/100
[INFO] [1754207300.247493320] [solver_node]: 标定数据收集进度: 6/100
[INFO] [1754207300.347305132] [solver_node]: 标定数据收集进度: 7/100
[INFO] [1754207300.447525637] [solver_node]: 标定数据收集进度: 8/100
[INFO] [1754207300.549245481] [solver_node]: 标定数据收集进度: 9/100
[INFO] [1754207300.647509567] [solver_node]: 标定数据收集进度: 10/100
[INFO] [1754207300.747110136] [solver_node]: 标定数据收集进度: 11/100
[INFO] [1754207300.847895757] [solver_node]: 标定数据收集进度: 12/100
[INFO] [1754207300.947481957] [solver_node]: 标定数据收集进度: 13/100
[INFO] [1754207301.047440783] [solver_node]: 标定数据收集进度: 14/100
[INFO] [1754207301.148267524] [solver_node]: 标定数据收集进度: 15/100
[INFO] [1754207301.247157047] [solver_node]: 标定数据收集进度: 16/100
[INFO] [1754207301.346883956] [solver_node]: 标定数据收集进度: 17/100
[INFO] [1754207301.447897459] [solver_node]: 标定数据收集进度: 18/100
[INFO] [1754207301.547550636] [solver_node]: 标定数据收集进度: 19/100
[INFO] [1754207301.647728224] [solver_node]: 标定数据收集进度: 20/100
[INFO] [1754207301.749550792] [solver_node]: 标定数据收集进度: 21/100
[INFO] [1754207301.847285344] [solver_node]: 标定数据收集进度: 22/100
[INFO] [1754207301.952685212] [solver_node]: 标定数据收集进度: 23/100
[INFO] [1754207302.047595813] [solver_node]: 标定数据收集进度: 24/100
[INFO] [1754207302.147278013] [solver_node]: 标定数据收集进度: 25/100
[INFO] [1754207302.247231811] [solver_node]: 标定数据收集进度: 26/100
[INFO] [1754207302.347801129] [solver_node]: 标定数据收集进度: 27/100
[INFO] [1754207302.446895748] [solver_node]: 标定数据收集进度: 28/100
[INFO] [1754207302.547227293] [solver_node]: 标定数据收集进度: 29/100
[INFO] [1754207302.647190980] [solver_node]: 标定数据收集进度: 30/100
[INFO] [1754207302.747680166] [solver_node]: 标定数据收集进度: 31/100
[INFO] [1754207302.847703472] [solver_node]: 标定数据收集进度: 32/100
[INFO] [1754207302.947175006] [solver_node]: 标定数据收集进度: 33/100
[INFO] [1754207303.047413585] [solver_node]: 标定数据收集进度: 34/100
[INFO] [1754207303.147586592] [solver_node]: 标定数据收集进度: 35/100
[INFO] [1754207303.247986779] [solver_node]: 标定数据收集进度: 36/100
[INFO] [1754207303.346757923] [solver_node]: 标定数据收集进度: 37/100
[INFO] [1754207303.447071098] [solver_node]: 标定数据收集进度: 38/100
[INFO] [1754207303.547700896] [solver_node]: 标定数据收集进度: 39/100
[INFO] [1754207303.647413624] [solver_node]: 标定数据收集进度: 40/100
[INFO] [1754207303.748673150] [solver_node]: 标定数据收集进度: 41/100
[INFO] [1754207303.848380821] [solver_node]: 标定数据收集进度: 42/100
[INFO] [1754207303.947878722] [solver_node]: 标定数据收集进度: 43/100
[INFO] [1754207304.047042238] [solver_node]: 标定数据收集进度: 44/100
[INFO] [1754207304.147344241] [solver_node]: 标定数据收集进度: 45/100
[INFO] [1754207304.247539135] [solver_node]: 标定数据收集进度: 46/100
[INFO] [1754207304.351352772] [solver_node]: 标定数据收集进度: 47/100
[INFO] [1754207304.447044814] [solver_node]: 标定数据收集进度: 48/100
[INFO] [1754207304.546990351] [solver_node]: 标定数据收集进度: 49/100
[INFO] [1754207304.646951057] [solver_node]: 标定数据收集进度: 50/100
[INFO] [1754207304.747425998] [solver_node]: 标定数据收集进度: 51/100
[INFO] [1754207304.848067122] [solver_node]: 标定数据收集进度: 52/100
[INFO] [1754207304.957502996] [solver_node]: 标定数据收集进度: 53/100
[INFO] [1754207305.048467309] [solver_node]: 标定数据收集进度: 54/100
[INFO] [1754207305.148485360] [solver_node]: 标定数据收集进度: 55/100
[INFO] [1754207305.247726636] [solver_node]: 标定数据收集进度: 56/100
[INFO] [1754207305.354011371] [solver_node]: 标定数据收集进度: 57/100
[INFO] [1754207305.449743093] [solver_node]: 标定数据收集进度: 58/100
[INFO] [1754207305.547642765] [solver_node]: 标定数据收集进度: 59/100
[INFO] [1754207305.647347680] [solver_node]: 标定数据收集进度: 60/100
[INFO] [1754207305.746972430] [solver_node]: 标定数据收集进度: 61/100
[INFO] [1754207305.847469417] [solver_node]: 标定数据收集进度: 62/100
[INFO] [1754207305.947573520] [solver_node]: 标定数据收集进度: 63/100
[INFO] [1754207306.048090475] [solver_node]: 标定数据收集进度: 64/100
[INFO] [1754207306.147471787] [solver_node]: 标定数据收集进度: 65/100
[INFO] [1754207306.247940899] [solver_node]: 标定数据收集进度: 66/100
[INFO] [1754207306.347244255] [solver_node]: 标定数据收集进度: 67/100
[INFO] [1754207306.447410631] [solver_node]: 标定数据收集进度: 68/100
[INFO] [1754207306.547273247] [solver_node]: 标定数据收集进度: 69/100
[INFO] [1754207306.648512573] [solver_node]: 标定数据收集进度: 70/100
[INFO] [1754207306.752575146] [solver_node]: 标定数据收集进度: 71/100
[INFO] [1754207306.848510076] [solver_node]: 标定数据收集进度: 72/100
[INFO] [1754207306.946928428] [solver_node]: 标定数据收集进度: 73/100
[INFO] [1754207307.050437500] [solver_node]: 标定数据收集进度: 74/100
[INFO] [1754207307.151569234] [solver_node]: 标定数据收集进度: 75/100
[INFO] [1754207307.247854100] [solver_node]: 标定数据收集进度: 76/100
[INFO] [1754207307.347003142] [solver_node]: 标定数据收集进度: 77/100
[INFO] [1754207307.447232943] [solver_node]: 标定数据收集进度: 78/100
[INFO] [1754207307.547127238] [solver_node]: 标定数据收集进度: 79/100
[INFO] [1754207307.647322285] [solver_node]: 标定数据收集进度: 80/100
[INFO] [1754207307.752414988] [solver_node]: 标定数据收集进度: 81/100
[INFO] [1754207307.847031097] [solver_node]: 标定数据收集进度: 82/100
[INFO] [1754207307.947937764] [solver_node]: 标定数据收集进度: 83/100
[INFO] [1754207308.047879933] [solver_node]: 标定数据收集进度: 84/100
[INFO] [1754207308.148247051] [solver_node]: 标定数据收集进度: 85/100
[INFO] [1754207308.250480599] [solver_node]: 标定数据收集进度: 86/100
[INFO] [1754207308.350752639] [solver_node]: 标定数据收集进度: 87/100
[INFO] [1754207308.447460788] [solver_node]: 标定数据收集进度: 88/100
[INFO] [1754207308.547186049] [solver_node]: 标定数据收集进度: 89/100
[INFO] [1754207308.647562799] [solver_node]: 标定数据收集进度: 90/100
[INFO] [1754207308.747101586] [solver_node]: 标定数据收集进度: 91/100
[INFO] [1754207308.848072030] [solver_node]: 标定数据收集进度: 92/100
[INFO] [1754207308.948740251] [solver_node]: 标定数据收集进度: 93/100
[INFO] [1754207309.047248778] [solver_node]: 标定数据收集进度: 94/100
[INFO] [1754207309.147478574] [solver_node]: 标定数据收集进度: 95/100
[INFO] [1754207309.250218033] [solver_node]: 标定数据收集进度: 96/100
[INFO] [1754207309.347303766] [solver_node]: 标定数据收集进度: 97/100
[INFO] [1754207309.447688514] [solver_node]: 标定数据收集进度: 98/100
[INFO] [1754207309.550363266] [solver_node]: 标定数据收集进度: 99/100
[INFO] [1754207309.647093429] [solver_node]: 标定数据收集进度: 100/100
[INFO] [1754207309.647844251] [solver_node]: 标定数据收集完成，开始标定过程...
[INFO] [1754207309.648710951] [solver_node]: 开始标定，收集到的数据shape: (100, 5)
[INFO] [1754207309.650407517] [solver_node]: 标定完成: m=4.548, n=0.000
[INFO] [1754207309.651106144] [solver_node]: 初始位姿: x=4.548, y=0.000, phi=3.142
[INFO] [1754207309.655549184] [solver_node]: 发布静态变换: translation=(-0.000, 4.548, 0.0), rotation=-1.571
[INFO] [1754207309.657372316] [solver_node]: 初始化阶段完成，进入运行阶段
[INFO] [1754207309.752782541] [solver_node]: 收到5个激光点，处理后5个有效点
[INFO] [1754207309.755787973] [solver_node]: 当前位置: x=4.061, y=0.000, angle=3.087
[INFO] [1754207309.757512284] [solver_node]: 激光距离数据: [0.518 6.716 4.1   5.253 5.267]
[INFO] [1754207309.767947627] [solver_node]: 角度求解器返回 1 个解
[INFO] [1754207309.768919836] [solver_node]: 有效解: x=4.543, y=0.968, 距离=1.081
[INFO] [1754207309.769949648] [solver_node]: 选择最佳解: x=4.543, y=0.968, 距离=1.081
[INFO] [1754207309.771819086] [solver_node]: 发布laser_dist_link变换: x=4.543, y=0.968, angle=3.087
[INFO] [1754207309.772569780] [solver_node]: 成功发布laser_dist_link变换
[INFO] [1754207309.859190281] [solver_node]: 收到5个激光点，处理后5个有效点
[INFO] [1754207309.868329911] [solver_node]: 当前位置: x=4.065, y=-0.007, angle=3.087
[INFO] [1754207309.870393055] [solver_node]: 激光距离数据: [0.518 6.716 4.1   5.253 5.267]
[INFO] [1754207309.916892843] [solver_node]: 角度求解器返回 1 个解
[INFO] [1754207309.930967729] [solver_node]: 有效解: x=4.543, y=0.968, 距离=1.086
[INFO] [1754207309.947647195] [solver_node]: 选择最佳解: x=4.543, y=0.968, 距离=1.086
[INFO] [1754207309.950603984] [solver_node]: 发布laser_dist_link变换: x=4.543, y=0.968, angle=3.087
[INFO] [1754207309.951301204] [solver_node]: 成功发布laser_dist_link变换
[INFO] [1754207309.952541426] [solver_node]: 收到5个激光点，处理后5个有效点
[INFO] [1754207309.974701393] [solver_node]: 当前位置: x=4.071, y=-0.005, angle=3.086
[INFO] [1754207309.998122064] [solver_node]: 激光距离数据: [0.518 6.716 4.1   5.254 5.267]
[INFO] [1754207310.047762169] [solver_node]: 角度求解器返回 1 个解
[INFO] [1754207310.048691048] [solver_node]: 有效解: x=4.543, y=0.967, 距离=1.080
[INFO] [1754207310.049498192] [solver_node]: 选择最佳解: x=4.543, y=0.967, 距离=1.080
[INFO] [1754207310.050938809] [solver_node]: 发布laser_dist_link变换: x=4.543, y=0.967, angle=3.086
[INFO] [1754207310.051624188] [solver_node]: 成功发布laser_dist_link变换
[INFO] [1754207310.052759701] [solver_node]: 收到5个激光点，处理后5个有效点
[INFO] [1754207310.083292506] [solver_node]: 当前位置: x=4.066, y=0.006, angle=3.087
[INFO] [1754207310.099891967] [solver_node]: 激光距离数据: [0.518 6.716 4.1   5.254 5.267]
[INFO] [1754207310.126162829] [solver_node]: 角度求解器返回 1 个解
[INFO] [1754207310.127940551] [solver_node]: 有效解: x=4.543, y=0.967, 距离=1.074
[INFO] [1754207310.128768209] [solver_node]: 选择最佳解: x=4.543, y=0.967, 距离=1.074
[INFO] [1754207310.130681265] [solver_node]: 发布laser_dist_link变换: x=4.543, y=0.967, angle=3.087
[INFO] [1754207310.131369524] [solver_node]: 成功发布laser_dist_link变换
[INFO] [1754207310.153354377] [solver_node]: 收到5个激光点，处理后5个有效点
[INFO] [1754207310.157493882] [solver_node]: 当前位置: x=4.058, y=0.009, angle=3.087
[INFO] [1754207310.161823893] [solver_node]: 激光距离数据: [0.518 6.716 4.1   5.254 5.267]
[INFO] [1754207310.176948880] [solver_node]: 角度求解器返回 1 个解
[INFO] [1754207310.178903699] [solver_node]: 有效解: x=4.543, y=0.968, 距离=1.075
[INFO] [1754207310.189498697] [solver_node]: 选择最佳解: x=4.543, y=0.968, 距离=1.075
[INFO] [1754207310.206888247] [solver_node]: 发布laser_dist_link变换: x=4.543, y=0.968, angle=3.087
[INFO] [1754207310.207705856] [solver_node]: 成功发布laser_dist_link变换
[INFO] [1754207310.284265623] [solver_node]: 收到5个激光点，处理后5个有效点
[INFO] [1754207310.286986049] [solver_node]: 当前位置: x=4.054, y=0.009, angle=3.086
[INFO] [1754207310.288238368] [solver_node]: 激光距离数据: [0.518 6.716 4.1   5.254 5.267]
[INFO] [1754207310.293841339] [solver_node]: 角度求解器返回 1 个解
[INFO] [1754207310.294654532] [solver_node]: 有效解: x=4.543, y=0.966, 距离=1.075
[INFO] [1754207310.295392873] [solver_node]: 选择最佳解: x=4.543, y=0.966, 距离=1.075
[INFO] [1754207310.296763022] [solver_node]: 发布laser_dist_link变换: x=4.543, y=0.966, angle=3.086
[INFO] [1754207310.297486259] [solver_node]: 成功发布laser_dist_link变换
[INFO] [1754207310.382178724] [solver_node]: 收到5个激光点，处理后5个有效点
[INFO] [1754207310.411435977] [solver_node]: 当前位置: x=4.054, y=0.002, angle=3.087
[INFO] [1754207310.413906982] [solver_node]: 激光距离数据: [0.518 6.716 4.1   5.254 5.267]
[INFO] [1754207310.445295030] [solver_node]: 角度求解器返回 1 个解
[INFO] [1754207310.448164166] [solver_node]: 有效解: x=4.543, y=0.967, 距离=1.082
[INFO] [1754207310.449057907] [solver_node]: 选择最佳解: x=4.543, y=0.967, 距离=1.082
[INFO] [1754207310.450595105] [solver_node]: 发布laser_dist_link变换: x=4.543, y=0.967, angle=3.087
[INFO] [1754207310.451264099] [solver_node]: 成功发布laser_dist_link变换
[INFO] [1754207310.452233428] [solver_node]: 收到5个激光点，处理后5个有效点
[INFO] [1754207310.492654763] [solver_node]: 当前位置: x=4.065, y=0.003, angle=3.086
[INFO] [1754207310.495213837] [solver_node]: 激光距离数据: [0.518 6.716 4.1   5.254 5.267]
[INFO] [1754207310.504630824] [solver_node]: 角度求解器返回 1 个解
[INFO] [1754207310.518594696] [solver_node]: 有效解: x=4.543, y=0.966, 距离=1.075
[INFO] [1754207310.528596065] [solver_node]: 选择最佳解: x=4.543, y=0.966, 距离=1.075
[INFO] [1754207310.547241230] [solver_node]: 发布laser_dist_link变换: x=4.543, y=0.966, angle=3.086
[INFO] [1754207310.548201759] [solver_node]: 成功发布laser_dist_link变换
[INFO] [1754207310.559768166] [solver_node]: 收到5个激光点，处理后5个有效点
[INFO] [1754207310.582004808] [solver_node]: 当前位置: x=4.061, y=0.005, angle=3.087
[INFO] [1754207310.583962379] [solver_node]: 激光距离数据: [0.518 6.716 4.1   5.254 5.267]
[INFO] [1754207310.593964100] [solver_node]: 角度求解器返回 1 个解
[INFO] [1754207310.616748226] [solver_node]: 有效解: x=4.543, y=0.968, 距离=1.077
[INFO] [1754207310.617759925] [solver_node]: 选择最佳解: x=4.543, y=0.968, 距离=1.077
[INFO] [1754207310.619034773] [solver_node]: 发布laser_dist_link变换: x=4.543, y=0.968, angle=3.087
[INFO] [1754207310.619883776] [solver_node]: 成功发布laser_dist_link变换
[INFO] [1754207310.886636373] [solver_node]: 收到5个激光点，处理后5个有效点
[INFO] [1754207310.891266559] [solver_node]: 当前位置: x=4.064, y=0.008, angle=3.087
[INFO] [1754207310.892821197] [solver_node]: 激光距离数据: [0.518 6.716 4.1   5.254 5.267]
[INFO] [1754207310.896145845] [solver_node]: 角度求解器返回 1 个解
[INFO] [1754207310.896886010] [solver_node]: 有效解: x=4.543, y=0.968, 距离=1.073
[INFO] [1754207310.897695523] [solver_node]: 选择最佳解: x=4.543, y=0.968, 距离=1.073
[INFO] [1754207310.899023174] [solver_node]: 发布laser_dist_link变换: x=4.543, y=0.968, angle=3.087
[INFO] [1754207310.899695816] [solver_node]: 成功发布laser_dist_link变换
[INFO] [1754207311.033583148] [solver_node]: 收到5个激光点，处理后5个有效点
[INFO] [1754207311.038289081] [solver_node]: 当前位置: x=4.064, y=0.008, angle=3.087
[INFO] [1754207311.039897450] [solver_node]: 激光距离数据: [0.518 6.716 4.1   5.254 5.267]
[INFO] [1754207311.043472767] [solver_node]: 角度求解器返回 1 个解
[INFO] [1754207311.045640716] [solver_node]: 有效解: x=4.543, y=0.968, 距离=1.073
[INFO] [1754207311.046505656] [solver_node]: 选择最佳解: x=4.543, y=0.968, 距离=1.073
[INFO] [1754207311.047810970] [solver_node]: 发布laser_dist_link变换: x=4.543, y=0.968, angle=3.087
[INFO] [1754207311.048520509] [solver_node]: 成功发布laser_dist_link变换
[INFO] [1754207311.050719084] [solver_node]: 收到5个激光点，处理后5个有效点
[INFO] [1754207311.056354600] [solver_node]: 当前位置: x=4.058, y=0.016, angle=3.087
[INFO] [1754207311.058328972] [solver_node]: 激光距离数据: [0.518 6.716 4.1   5.254 5.267]
[INFO] [1754207311.064504292] [solver_node]: 角度求解器返回 1 个解
[INFO] [1754207311.070049851] [solver_node]: 有效解: x=4.543, y=0.968, 距离=1.069
[INFO] [1754207311.072378481] [solver_node]: 选择最佳解: x=4.543, y=0.968, 距离=1.069
[INFO] [1754207311.074695622] [solver_node]: 发布laser_dist_link变换: x=4.543, y=0.968, angle=3.087
[INFO] [1754207311.077605528] [solver_node]: 成功发布laser_dist_link变换
[INFO] [1754207311.090533156] [solver_node]: 收到5个激光点，处理后5个有效点
[INFO] [1754207311.093756263] [solver_node]: 收到5个激光点，处理后5个有效点
[INFO] [1754207311.135354553] [solver_node]: 当前位置: x=4.060, y=0.009, angle=3.086
[INFO] [1754207311.146556654] [solver_node]: 激光距离数据: [0.518 6.716 4.1   5.254 5.267]
[INFO] [1754207311.150274954] [solver_node]: 角度求解器返回 1 个解
[INFO] [1754207311.151031152] [solver_node]: 有效解: x=4.543, y=0.967, 距离=1.073
[INFO] [1754207311.151759157] [solver_node]: 选择最佳解: x=4.543, y=0.967, 距离=1.073
[INFO] [1754207311.153438025] [solver_node]: 发布laser_dist_link变换: x=4.543, y=0.967, angle=3.086
[INFO] [1754207311.154128844] [solver_node]: 成功发布laser_dist_link变换
[INFO] [1754207311.156206325] [solver_node]: 收到5个激光点，处理后5个有效点
[INFO] [1754207311.188194307] [solver_node]: 当前位置: x=4.059, y=0.011, angle=3.087
[INFO] [1754207311.198220220] [solver_node]: 激光距离数据: [0.518 6.716 4.1   5.254 5.267]
[INFO] [1754207311.233076506] [solver_node]: 角度求解器返回 1 个解
[INFO] [1754207311.246495679] [solver_node]: 有效解: x=4.543, y=0.968, 距离=1.073
[INFO] [1754207311.247460240] [solver_node]: 选择最佳解: x=4.543, y=0.968, 距离=1.073
[INFO] [1754207311.249263115] [solver_node]: 发布laser_dist_link变换: x=4.543, y=0.968, angle=3.087
[INFO] [1754207311.250997186] [solver_node]: 成功发布laser_dist_link变换
[INFO] [1754207311.262540041] [solver_node]: 收到5个激光点，处理后5个有效点
[INFO] [1754207311.297462314] [solver_node]: 当前位置: x=4.055, y=0.006, angle=3.086
[INFO] [1754207311.298868465] [solver_node]: 激光距离数据: [0.518 6.716 4.1   5.254 5.267]
[INFO] [1754207311.302762997] [solver_node]: 角度求解器返回 1 个解
[INFO] [1754207311.303567646] [solver_node]: 有效解: x=4.543, y=0.966, 距离=1.077
[INFO] [1754207311.304334405] [solver_node]: 选择最佳解: x=4.543, y=0.966, 距离=1.077
[INFO] [1754207311.305800079] [solver_node]: 发布laser_dist_link变换: x=4.543, y=0.966, angle=3.086
[INFO] [1754207311.306526355] [solver_node]: 成功发布laser_dist_link变换
[INFO] [1754207311.349925408] [solver_node]: 收到5个激光点，处理后5个有效点
[INFO] [1754207311.356128601] [solver_node]: 当前位置: x=4.053, y=0.001, angle=3.086
[INFO] [1754207311.358085692] [solver_node]: 激光距离数据: [0.518 6.716 4.1   5.254 5.267]
[INFO] [1754207311.366917145] [solver_node]: 角度求解器返回 1 个解
[INFO] [1754207311.381304111] [solver_node]: 有效解: x=4.543, y=0.967, 距离=1.083
[INFO] [1754207311.385153009] [solver_node]: 选择最佳解: x=4.543, y=0.967, 距离=1.083
[INFO] [1754207311.406766387] [solver_node]: 发布laser_dist_link变换: x=4.543, y=0.967, angle=3.086
[INFO] [1754207311.425058958] [solver_node]: 成功发布laser_dist_link变换
[INFO] [1754207311.447314769] [solver_node]: 收到5个激光点，处理后5个有效点
[INFO] [1754207311.485632157] [solver_node]: 当前位置: x=4.055, y=0.002, angle=3.090
[INFO] [1754207311.488070232] [solver_node]: 激光距离数据: [0.518 6.716 4.1   5.254 5.267]
[INFO] [1754207311.493580302] [solver_node]: 角度求解器返回 1 个解
[INFO] [1754207311.496267254] [solver_node]: 有效解: x=4.544, y=0.972, 距离=1.086
[INFO] [1754207311.497041053] [solver_node]: 选择最佳解: x=4.544, y=0.972, 距离=1.086
[INFO] [1754207311.503852021] [solver_node]: 发布laser_dist_link变换: x=4.544, y=0.972, angle=3.090
[INFO] [1754207311.504974829] [solver_node]: 成功发布laser_dist_link变换
[INFO] [1754207311.582894311] [solver_node]: 收到5个激光点，处理后5个有效点
[INFO] [1754207311.586206030] [solver_node]: 当前位置: x=4.064, y=0.002, angle=3.086
[INFO] [1754207311.589617947] [solver_node]: 激光距离数据: [0.518 6.716 4.1   5.254 5.267]
[INFO] [1754207311.613996904] [solver_node]: 角度求解器返回 1 个解
[INFO] [1754207311.614908662] [solver_node]: 有效解: x=4.543, y=0.967, 距离=1.078
[INFO] [1754207311.615666492] [solver_node]: 选择最佳解: x=4.543, y=0.967, 距离=1.078
[INFO] [1754207311.616851032] [solver_node]: 发布laser_dist_link变换: x=4.543, y=0.967, angle=3.086
[INFO] [1754207311.617546075] [solver_node]: 成功发布laser_dist_link变换
[INFO] [1754207311.660670779] [solver_node]: 收到5个激光点，处理后5个有效点
[INFO] [1754207311.664125001] [solver_node]: 当前位置: x=4.055, y=0.005, angle=3.086
[INFO] [1754207311.665538000] [solver_node]: 激光距离数据: [0.518 6.716 4.1   5.254 5.267]
[INFO] [1754207311.671105097] [solver_node]: 角度求解器返回 1 个解
[INFO] [1754207311.674538806] [solver_node]: 有效解: x=4.543, y=0.967, 距离=1.078
[INFO] [1754207311.675450532] [solver_node]: 选择最佳解: x=4.543, y=0.967, 距离=1.078
[INFO] [1754207311.678857136] [solver_node]: 发布laser_dist_link变换: x=4.543, y=0.967, angle=3.086
[INFO] [1754207311.679599573] [solver_node]: 成功发布laser_dist_link变换
[INFO] [1754207311.747384432] [solver_node]: 收到5个激光点，处理后5个有效点
[INFO] [1754207311.750332773] [solver_node]: 当前位置: x=4.051, y=0.011, angle=3.086
[INFO] [1754207311.751664776] [solver_node]: 激光距离数据: [0.518 6.716 4.1   5.254 5.267]
[INFO] [1754207311.795173435] [solver_node]: 角度求解器返回 1 个解
[INFO] [1754207311.805361373] [solver_node]: 有效解: x=4.543, y=0.966, 距离=1.075
[INFO] [1754207311.807506377] [solver_node]: 选择最佳解: x=4.543, y=0.966, 距离=1.075
[INFO] [1754207311.811428079] [solver_node]: 发布laser_dist_link变换: x=4.543, y=0.966, angle=3.086
[INFO] [1754207311.845013133] [solver_node]: 成功发布laser_dist_link变换
[INFO] [1754207311.869053801] [solver_node]: 收到5个激光点，处理后5个有效点
[INFO] [1754207311.877846885] [solver_node]: 当前位置: x=4.058, y=0.012, angle=3.085
[INFO] [1754207311.885483142] [solver_node]: 激光距离数据: [0.518 6.716 4.1   5.254 5.264]
[INFO] [1754207311.899483720] [solver_node]: 角度求解器返回 1 个解
[INFO] [1754207311.900311602] [solver_node]: 有效解: x=4.543, y=0.964, 距离=1.068
[INFO] [1754207311.901794141] [solver_node]: 选择最佳解: x=4.543, y=0.964, 距离=1.068
[INFO] [1754207311.911184919] [solver_node]: 发布laser_dist_link变换: x=4.543, y=0.964, angle=3.085
[INFO] [1754207311.913311970] [solver_node]: 成功发布laser_dist_link变换
[INFO] [1754207311.957413330] [solver_node]: 收到5个激光点，处理后5个有效点
[INFO] [1754207311.961731756] [solver_node]: 当前位置: x=4.066, y=0.002, angle=3.087
[INFO] [1754207311.977128533] [solver_node]: 激光距离数据: [0.518 6.716 4.099 5.254 5.264]
[INFO] [1754207311.981020409] [solver_node]: 角度求解器返回 1 个解
[INFO] [1754207311.981967977] [solver_node]: 有效解: x=4.542, y=0.968, 距离=1.078
[INFO] [1754207311.982822516] [solver_node]: 选择最佳解: x=4.542, y=0.968, 距离=1.078
[INFO] [1754207311.993832991] [solver_node]: 发布laser_dist_link变换: x=4.542, y=0.968, angle=3.087
[INFO] [1754207311.995744544] [solver_node]: 成功发布laser_dist_link变换
[INFO] [1754207312.050765398] [solver_node]: 收到5个激光点，处理后5个有效点
[INFO] [1754207312.063268909] [solver_node]: 当前位置: x=4.059, y=0.002, angle=3.087
[INFO] [1754207312.064606384] [solver_node]: 激光距离数据: [0.518 6.716 4.099 5.254 5.264]
[INFO] [1754207312.090951232] [solver_node]: 角度求解器返回 1 个解
[INFO] [1754207312.092138044] [solver_node]: 有效解: x=4.542, y=0.968, 距离=1.081
[INFO] [1754207312.093146351] [solver_node]: 选择最佳解: x=4.542, y=0.968, 距离=1.081
[INFO] [1754207312.094995660] [solver_node]: 发布laser_dist_link变换: x=4.542, y=0.968, angle=3.087
[INFO] [1754207312.095783828] [solver_node]: 成功发布laser_dist_link变换
[INFO] [1754207312.149053010] [solver_node]: 收到5个激光点，处理后5个有效点
[INFO] [1754207312.167539510] [solver_node]: 当前位置: x=4.049, y=0.004, angle=3.087
[INFO] [1754207312.169616702] [solver_node]: 激光距离数据: [0.518 6.716 4.099 5.254 5.264]
[INFO] [1754207312.207276009] [solver_node]: 角度求解器返回 1 个解
[INFO] [1754207312.228682016] [solver_node]: 有效解: x=4.542, y=0.968, 距离=1.083
[INFO] [1754207312.243736503] [solver_node]: 选择最佳解: x=4.542, y=0.968, 距离=1.083
[INFO] [1754207312.246139376] [solver_node]: 发布laser_dist_link变换: x=4.542, y=0.968, angle=3.087
[INFO] [1754207312.246824563] [solver_node]: 成功发布laser_dist_link变换
[INFO] [1754207312.258134157] [solver_node]: 收到5个激光点，处理后5个有效点
[INFO] [1754207312.261949166] [solver_node]: 当前位置: x=4.062, y=-0.002, angle=3.086
[INFO] [1754207312.263535774] [solver_node]: 激光距离数据: [0.518 6.716 4.099 5.254 5.264]
[INFO] [1754207312.268414356] [solver_node]: 角度求解器返回 1 个解
[INFO] [1754207312.275371474] [solver_node]: 有效解: x=4.542, y=0.967, 距离=1.082
[INFO] [1754207312.284676551] [solver_node]: 选择最佳解: x=4.542, y=0.967, 距离=1.082
[INFO] [1754207312.293775186] [solver_node]: 发布laser_dist_link变换: x=4.542, y=0.967, angle=3.086
[INFO] [1754207312.294563098] [solver_node]: 成功发布laser_dist_link变换
[INFO] [1754207312.348012193] [solver_node]: 收到5个激光点，处理后5个有效点
[INFO] [1754207312.364350040] [solver_node]: 当前位置: x=4.059, y=-0.006, angle=3.087
[INFO] [1754207312.365895110] [solver_node]: 激光距离数据: [0.518 6.716 4.099 5.254 5.264]
[INFO] [1754207312.369834701] [solver_node]: 角度求解器返回 1 个解
[INFO] [1754207312.370640054] [solver_node]: 有效解: x=4.542, y=0.967, 距离=1.086
[INFO] [1754207312.371407836] [solver_node]: 选择最佳解: x=4.542, y=0.967, 距离=1.086
[INFO] [1754207312.383323765] [solver_node]: 发布laser_dist_link变换: x=4.542, y=0.967, angle=3.087
[INFO] [1754207312.386092449] [solver_node]: 成功发布laser_dist_link变换
[INFO] [1754207312.486996864] [solver_node]: 收到5个激光点，处理后5个有效点
[INFO] [1754207312.498386206] [solver_node]: 当前位置: x=4.065, y=0.003, angle=3.086
[INFO] [1754207312.499848840] [solver_node]: 激光距离数据: [0.518 6.716 4.099 5.254 5.264]
[INFO] [1754207312.529804718] [solver_node]: 角度求解器返回 1 个解
[INFO] [1754207312.546569756] [solver_node]: 有效解: x=4.542, y=0.965, 距离=1.074
[INFO] [1754207312.547522668] [solver_node]: 选择最佳解: x=4.542, y=0.965, 距离=1.074
[INFO] [1754207312.549410763] [solver_node]: 发布laser_dist_link变换: x=4.542, y=0.965, angle=3.086
[INFO] [1754207312.550131215] [solver_node]: 成功发布laser_dist_link变换
[INFO] [1754207312.592413187] [solver_node]: 收到5个激光点，处理后5个有效点
[INFO] [1754207312.594982852] [solver_node]: 当前位置: x=4.058, y=0.005, angle=3.086
[INFO] [1754207312.596989162] [solver_node]: 激光距离数据: [0.518 6.716 4.099 5.254 5.264]
[INFO] [1754207312.605859305] [solver_node]: 角度求解器返回 1 个解
[INFO] [1754207312.606676434] [solver_node]: 有效解: x=4.542, y=0.967, 距离=1.077
[INFO] [1754207312.607462714] [solver_node]: 选择最佳解: x=4.542, y=0.967, 距离=1.077
[INFO] [1754207312.619927438] [solver_node]: 发布laser_dist_link变换: x=4.542, y=0.967, angle=3.086
[INFO] [1754207312.640849453] [solver_node]: 成功发布laser_dist_link变换
[INFO] [1754207312.652255788] [solver_node]: 收到5个激光点，处理后5个有效点
[INFO] [1754207312.661049511] [solver_node]: 当前位置: x=4.064, y=0.002, angle=3.086
[INFO] [1754207312.679938176] [solver_node]: 激光距离数据: [0.518 6.716 4.1   5.254 5.266]
[INFO] [1754207312.684337821] [solver_node]: 角度求解器返回 1 个解
[INFO] [1754207312.700879071] [solver_node]: 有效解: x=4.543, y=0.967, 距离=1.078
[INFO] [1754207312.720529278] [solver_node]: 选择最佳解: x=4.543, y=0.967, 距离=1.078
[INFO] [1754207312.734246418] [solver_node]: 发布laser_dist_link变换: x=4.543, y=0.967, angle=3.086
[INFO] [1754207312.748920406] [solver_node]: 成功发布laser_dist_link变换
[INFO] [1754207312.780860032] [solver_node]: 收到5个激光点，处理后5个有效点
[INFO] [1754207312.806649044] [solver_node]: 当前位置: x=4.048, y=0.014, angle=3.086
[INFO] [1754207312.808163008] [solver_node]: 激光距离数据: [0.518 6.716 4.1   5.256 5.266]
[INFO] [1754207312.835434399] [solver_node]: 角度求解器返回 1 个解
[INFO] [1754207312.838643809] [solver_node]: 有效解: x=4.543, y=0.966, 距离=1.074
[INFO] [1754207312.849058574] [solver_node]: 选择最佳解: x=4.543, y=0.966, 距离=1.074
[INFO] [1754207312.850553946] [solver_node]: 发布laser_dist_link变换: x=4.543, y=0.966, angle=3.086
[INFO] [1754207312.851224700] [solver_node]: 成功发布laser_dist_link变换
[INFO] [1754207312.872897216] [solver_node]: 收到5个激光点，处理后5个有效点
[INFO] [1754207312.888374221] [solver_node]: 当前位置: x=4.049, y=0.013, angle=3.087
[INFO] [1754207312.889898105] [solver_node]: 激光距离数据: [0.518 6.716 4.1   5.256 5.266]
[INFO] [1754207312.893828576] [solver_node]: 角度求解器返回 1 个解
[INFO] [1754207312.894641737] [solver_node]: 有效解: x=4.543, y=0.968, 距离=1.075
[INFO] [1754207312.895392046] [solver_node]: 选择最佳解: x=4.543, y=0.968, 距离=1.075
[INFO] [1754207312.925721896] [solver_node]: 发布laser_dist_link变换: x=4.543, y=0.968, angle=3.087
[INFO] [1754207312.948694798] [solver_node]: 成功发布laser_dist_link变换
[INFO] [1754207312.949878089] [solver_node]: 收到5个激光点，处理后5个有效点
[INFO] [1754207312.963925070] [solver_node]: 当前位置: x=4.056, y=0.008, angle=3.086
[INFO] [1754207312.965841422] [solver_node]: 激光距离数据: [0.518 6.716 4.1   5.256 5.266]
[INFO] [1754207312.993324824] [solver_node]: 角度求解器返回 1 个解
[INFO] [1754207312.994294121] [solver_node]: 有效解: x=4.543, y=0.967, 距离=1.075
[INFO] [1754207312.995091121] [solver_node]: 选择最佳解: x=4.543, y=0.967, 距离=1.075
[INFO] [1754207313.007372508] [solver_node]: 发布laser_dist_link变换: x=4.543, y=0.967, angle=3.086
[INFO] [1754207313.008330540] [solver_node]: 成功发布laser_dist_link变换
[INFO] [1754207313.051242911] [solver_node]: 收到5个激光点，处理后5个有效点
[INFO] [1754207313.076347536] [solver_node]: 当前位置: x=4.056, y=0.002, angle=3.086
[INFO] [1754207313.077680211] [solver_node]: 激光距离数据: [0.518 6.716 4.1   5.256 5.266]
[INFO] [1754207313.087646826] [solver_node]: 角度求解器返回 1 个解
[INFO] [1754207313.089673584] [solver_node]: 有效解: x=4.543, y=0.966, 距离=1.080
[INFO] [1754207313.103148567] [solver_node]: 选择最佳解: x=4.543, y=0.966, 距离=1.080
[INFO] [1754207313.113635399] [solver_node]: 发布laser_dist_link变换: x=4.543, y=0.966, angle=3.086
[INFO] [1754207313.114557014] [solver_node]: 成功发布laser_dist_link变换
[INFO] [1754207313.244591759] [solver_node]: 收到5个激光点，处理后5个有效点
[INFO] [1754207313.249553993] [solver_node]: 当前位置: x=4.063, y=0.011, angle=3.087
[INFO] [1754207313.251721494] [solver_node]: 激光距离数据: [0.518 6.716 4.1   5.259 5.266]
[INFO] [1754207313.256379585] [solver_node]: 角度求解器返回 1 个解
[INFO] [1754207313.257252205] [solver_node]: 有效解: x=4.543, y=0.967, 距离=1.071
[INFO] [1754207313.258021364] [solver_node]: 选择最佳解: x=4.543, y=0.967, 距离=1.071
[INFO] [1754207313.259430843] [solver_node]: 发布laser_dist_link变换: x=4.543, y=0.967, angle=3.087
[INFO] [1754207313.260192545] [solver_node]: 成功发布laser_dist_link变换
[INFO] [1754207313.261194996] [solver_node]: 收到5个激光点，处理后5个有效点
[INFO] [1754207313.274360235] [solver_node]: 当前位置: x=4.063, y=0.011, angle=3.087
[INFO] [1754207313.276682048] [solver_node]: 激光距离数据: [0.518 6.716 4.1   5.259 5.266]
[INFO] [1754207313.280719084] [solver_node]: 角度求解器返回 1 个解
[INFO] [1754207313.281521908] [solver_node]: 有效解: x=4.543, y=0.967, 距离=1.071
[INFO] [1754207313.282258585] [solver_node]: 选择最佳解: x=4.543, y=0.967, 距离=1.071
[INFO] [1754207313.305672405] [solver_node]: 发布laser_dist_link变换: x=4.543, y=0.967, angle=3.087
[INFO] [1754207313.306440604] [solver_node]: 成功发布laser_dist_link变换
[INFO] [1754207313.413963846] [solver_node]: 收到5个激光点，处理后5个有效点
[INFO] [1754207313.417659073] [solver_node]: 当前位置: x=4.055, y=0.004, angle=3.086
[INFO] [1754207313.427679674] [solver_node]: 激光距离数据: [0.518 6.716 4.1   5.259 5.266]
[INFO] [1754207313.433075850] [solver_node]: 角度求解器返回 1 个解
[INFO] [1754207313.434624536] [solver_node]: 有效解: x=4.543, y=0.967, 距离=1.080
[INFO] [1754207313.444363330] [solver_node]: 选择最佳解: x=4.543, y=0.967, 距离=1.080
[INFO] [1754207313.445786154] [solver_node]: 发布laser_dist_link变换: x=4.543, y=0.967, angle=3.086
[INFO] [1754207313.448063325] [solver_node]: 成功发布laser_dist_link变换
[INFO] [1754207313.449234424] [solver_node]: 收到5个激光点，处理后5个有效点
[INFO] [1754207313.465327107] [solver_node]: 当前位置: x=4.050, y=0.003, angle=3.088
[INFO] [1754207313.468136336] [solver_node]: 激光距离数据: [0.518 6.716 4.1   5.259 5.266]
[INFO] [1754207313.472673973] [solver_node]: 角度求解器返回 1 个解
[INFO] [1754207313.473509215] [solver_node]: 有效解: x=4.544, y=0.970, 距离=1.086
[INFO] [1754207313.474218595] [solver_node]: 选择最佳解: x=4.544, y=0.970, 距离=1.086
[INFO] [1754207313.475576455] [solver_node]: 发布laser_dist_link变换: x=4.544, y=0.970, angle=3.088
[INFO] [1754207313.476233769] [solver_node]: 成功发布laser_dist_link变换
[INFO] [1754207313.550481478] [solver_node]: 收到5个激光点，处理后5个有效点
[INFO] [1754207313.557676977] [solver_node]: 当前位置: x=4.054, y=0.009, angle=3.086
[INFO] [1754207313.559438570] [solver_node]: 激光距离数据: [0.518 6.716 4.1   5.259 5.266]
[INFO] [1754207313.563745795] [solver_node]: 角度求解器返回 1 个解
[INFO] [1754207313.564590733] [solver_node]: 有效解: x=4.543, y=0.967, 距离=1.076
[INFO] [1754207313.565485882] [solver_node]: 选择最佳解: x=4.543, y=0.967, 距离=1.076
[INFO] [1754207313.568098974] [solver_node]: 发布laser_dist_link变换: x=4.543, y=0.967, angle=3.086
[INFO] [1754207313.569546663] [solver_node]: 成功发布laser_dist_link变换
[INFO] [1754207313.657767525] [solver_node]: 收到5个激光点，处理后5个有效点
[INFO] [1754207313.662043324] [solver_node]: 当前位置: x=4.057, y=0.008, angle=3.087
[INFO] [1754207313.671576445] [solver_node]: 激光距离数据: [0.518 6.716 4.1   5.259 5.266]
[INFO] [1754207313.676315948] [solver_node]: 角度求解器返回 1 个解
[INFO] [1754207313.677101779] [solver_node]: 有效解: x=4.543, y=0.968, 距离=1.077
[INFO] [1754207313.677814775] [solver_node]: 选择最佳解: x=4.543, y=0.968, 距离=1.077
[INFO] [1754207313.679123865] [solver_node]: 发布laser_dist_link变换: x=4.543, y=0.968, angle=3.087
[INFO] [1754207313.715080237] [solver_node]: 成功发布laser_dist_link变换
[INFO] [1754207313.758237132] [solver_node]: 收到5个激光点，处理后5个有效点
[INFO] [1754207313.778707412] [solver_node]: 当前位置: x=4.062, y=0.005, angle=3.086
[INFO] [1754207313.780769500] [solver_node]: 激光距离数据: [0.518 6.716 4.1   5.259 5.266]
[INFO] [1754207313.797983871] [solver_node]: 角度求解器返回 1 个解
[INFO] [1754207313.798838698] [solver_node]: 有效解: x=4.543, y=0.966, 距离=1.075
[INFO] [1754207313.799659444] [solver_node]: 选择最佳解: x=4.543, y=0.966, 距离=1.075
[INFO] [1754207313.800806285] [solver_node]: 发布laser_dist_link变换: x=4.543, y=0.966, angle=3.086
[INFO] [1754207313.801477775] [solver_node]: 成功发布laser_dist_link变换
[INFO] [1754207313.855026298] [solver_node]: 收到5个激光点，处理后5个有效点
[INFO] [1754207313.874636758] [solver_node]: 当前位置: x=4.058, y=0.002, angle=3.087
[INFO] [1754207313.876038525] [solver_node]: 激光距离数据: [0.518 6.716 4.1   5.259 5.266]
[INFO] [1754207313.880491549] [solver_node]: 角度求解器返回 1 个解
[INFO] [1754207313.881388842] [solver_node]: 有效解: x=4.543, y=0.967, 距离=1.080
[INFO] [1754207313.882180114] [solver_node]: 选择最佳解: x=4.543, y=0.967, 距离=1.080
[INFO] [1754207313.883850822] [solver_node]: 发布laser_dist_link变换: x=4.543, y=0.967, angle=3.087
[INFO] [1754207313.893376615] [solver_node]: 成功发布laser_dist_link变换
