[INFO] [1754310985.510695995] [solver_node]: [PerpendicularDistanceLocalizer] 激光配置 详细内容: 列表长度: 5
[INFO] [1754310985.511647891] [solver_node]: [PerpendicularDistanceLocalizer] 激光配置[0]: ((0.37685, 1.56608), 1.5708)
[INFO] [1754310985.512419046] [solver_node]: [PerpendicularDistanceLocalizer] 激光配置[1]: ((0.37685, -1.56608), -1.5708)
[INFO] [1754310985.513133463] [solver_node]: [PerpendicularDistanceLocalizer] 激光配置[2]: ((0.37645, 0.47385), 0.0)
[INFO] [1754310985.513827528] [solver_node]: [PerpendicularDistanceLocalizer] 激光配置[3]: ((0.37771, 2.42478), 3.14159)
[INFO] [1754310985.514522553] [solver_node]: [PerpendicularDistanceLocalizer] 激光配置[4]: ((0.37771, -2.42478), 3.14159)
[INFO] [1754310985.515318157] [solver_node]: [PerpendicularDistanceLocalizer] 前束索引: [2], 后束索引: [3, 4]
[INFO] [1754310985.516025566] [solver_node]: [PerpendicularDistanceLocalizer] 左束索引: [0], 右束索引: [1]
[INFO] [1754310985.517361439] [solver_node]: [PerpendicularDistanceLocalizer] h_values: [0.37684581 0.37684581 0.33497201 0.28475693 0.28475693]
[INFO] [1754310985.518093137] [solver_node]: [PerpendicularDistanceLocalizer] 垂直距离定位器已初始化，需要调用calibrate()方法进行标定
[INFO] [1754310985.527059181] [solver_node]: 发布重定位TF: x=0.000, y=0.000
[INFO] [1754310985.527317651] [solver_node]: SolverNode启动，进入初始化阶段...
[INFO] [1754310986.530905911] [solver_node]: 发布重定位TF: x=0.000, y=0.000
[INFO] [1754310987.387604196] [solver_node]: 标定数据收集进度: 1/500
[INFO] [1754310987.397229072] [solver_node]: 标定数据收集进度: 2/500
[INFO] [1754310987.407384361] [solver_node]: 标定数据收集进度: 3/500
[INFO] [1754310987.416543754] [solver_node]: 标定数据收集进度: 4/500
[INFO] [1754310987.427269585] [solver_node]: 标定数据收集进度: 5/500
[INFO] [1754310987.437690672] [solver_node]: 标定数据收集进度: 6/500
[INFO] [1754310987.447081014] [solver_node]: 标定数据收集进度: 7/500
[INFO] [1754310987.456335033] [solver_node]: 标定数据收集进度: 8/500
[INFO] [1754310987.466817434] [solver_node]: 标定数据收集进度: 9/500
[INFO] [1754310987.477171896] [solver_node]: 标定数据收集进度: 10/500
[INFO] [1754310987.486764931] [solver_node]: 标定数据收集进度: 11/500
[INFO] [1754310987.496705271] [solver_node]: 标定数据收集进度: 12/500
[INFO] [1754310987.507215577] [solver_node]: 标定数据收集进度: 13/500
[INFO] [1754310987.517031433] [solver_node]: 标定数据收集进度: 14/500
[INFO] [1754310987.526731063] [solver_node]: 标定数据收集进度: 15/500
[INFO] [1754310987.532437155] [solver_node]: 发布重定位TF: x=0.000, y=0.000
[INFO] [1754310987.536336450] [solver_node]: 标定数据收集进度: 16/500
[INFO] [1754310987.546317559] [solver_node]: 标定数据收集进度: 17/500
[INFO] [1754310987.557121504] [solver_node]: 标定数据收集进度: 18/500
[INFO] [1754310987.567542271] [solver_node]: 标定数据收集进度: 19/500
[INFO] [1754310987.578865109] [solver_node]: 标定数据收集进度: 20/500
[INFO] [1754310987.586653236] [solver_node]: 标定数据收集进度: 21/500
[INFO] [1754310987.597239928] [solver_node]: 标定数据收集进度: 22/500
[INFO] [1754310987.606428697] [solver_node]: 标定数据收集进度: 23/500
[INFO] [1754310987.618683397] [solver_node]: 标定数据收集进度: 24/500
[INFO] [1754310987.626349537] [solver_node]: 标定数据收集进度: 25/500
[INFO] [1754310987.636491226] [solver_node]: 标定数据收集进度: 26/500
[INFO] [1754310987.645923105] [solver_node]: 标定数据收集进度: 27/500
[INFO] [1754310987.656028089] [solver_node]: 标定数据收集进度: 28/500
[INFO] [1754310987.666128752] [solver_node]: 标定数据收集进度: 29/500
[INFO] [1754310987.676232392] [solver_node]: 标定数据收集进度: 30/500
[INFO] [1754310987.686687144] [solver_node]: 标定数据收集进度: 31/500
[INFO] [1754310987.699748585] [solver_node]: 标定数据收集进度: 32/500
[INFO] [1754310987.707004570] [solver_node]: 标定数据收集进度: 33/500
[INFO] [1754310987.716889997] [solver_node]: 标定数据收集进度: 34/500
[INFO] [1754310987.726678333] [solver_node]: 标定数据收集进度: 35/500
[INFO] [1754310987.737451813] [solver_node]: 标定数据收集进度: 36/500
[INFO] [1754310987.746155194] [solver_node]: 标定数据收集进度: 37/500
[INFO] [1754310987.756075021] [solver_node]: 标定数据收集进度: 38/500
[INFO] [1754310987.766300552] [solver_node]: 标定数据收集进度: 39/500
[INFO] [1754310987.777272981] [solver_node]: 标定数据收集进度: 40/500
[INFO] [1754310987.786516280] [solver_node]: 标定数据收集进度: 41/500
[INFO] [1754310987.796444843] [solver_node]: 标定数据收集进度: 42/500
[INFO] [1754310987.806177210] [solver_node]: 标定数据收集进度: 43/500
[INFO] [1754310987.816942402] [solver_node]: 标定数据收集进度: 44/500
[INFO] [1754310987.826417482] [solver_node]: 标定数据收集进度: 45/500
[INFO] [1754310987.836741639] [solver_node]: 标定数据收集进度: 46/500
[INFO] [1754310987.845937832] [solver_node]: 标定数据收集进度: 47/500
[INFO] [1754310987.857549573] [solver_node]: 标定数据收集进度: 48/500
[INFO] [1754310987.866858601] [solver_node]: 标定数据收集进度: 49/500
[INFO] [1754310987.876578584] [solver_node]: 标定数据收集进度: 50/500
[INFO] [1754310987.887235997] [solver_node]: 标定数据收集进度: 51/500
[INFO] [1754310987.897860865] [solver_node]: 标定数据收集进度: 52/500
[INFO] [1754310987.907192006] [solver_node]: 标定数据收集进度: 53/500
[INFO] [1754310987.916268933] [solver_node]: 标定数据收集进度: 54/500
[INFO] [1754310987.926233977] [solver_node]: 标定数据收集进度: 55/500
[INFO] [1754310987.936680569] [solver_node]: 标定数据收集进度: 56/500
[INFO] [1754310987.946370407] [solver_node]: 标定数据收集进度: 57/500
[INFO] [1754310987.956130710] [solver_node]: 标定数据收集进度: 58/500
[INFO] [1754310987.965992968] [solver_node]: 标定数据收集进度: 59/500
[INFO] [1754310987.976717263] [solver_node]: 标定数据收集进度: 60/500
[INFO] [1754310987.986810790] [solver_node]: 标定数据收集进度: 61/500
[INFO] [1754310987.996937790] [solver_node]: 标定数据收集进度: 62/500
[INFO] [1754310988.006868562] [solver_node]: 标定数据收集进度: 63/500
[INFO] [1754310988.019904881] [solver_node]: 标定数据收集进度: 64/500
[INFO] [1754310988.026435057] [solver_node]: 标定数据收集进度: 65/500
[INFO] [1754310988.036381157] [solver_node]: 标定数据收集进度: 66/500
[INFO] [1754310988.046076915] [solver_node]: 标定数据收集进度: 67/500
[INFO] [1754310988.056134569] [solver_node]: 标定数据收集进度: 68/500
[INFO] [1754310988.066519720] [solver_node]: 标定数据收集进度: 69/500
[INFO] [1754310988.077022921] [solver_node]: 标定数据收集进度: 70/500
[INFO] [1754310988.089087345] [solver_node]: 标定数据收集进度: 71/500
[INFO] [1754310988.100249762] [solver_node]: 标定数据收集进度: 72/500
[INFO] [1754310988.265569206] [solver_node]: 标定数据收集进度: 73/500
[INFO] [1754310988.267582888] [solver_node]: 标定数据收集进度: 74/500
[INFO] [1754310988.269362867] [solver_node]: 标定数据收集进度: 75/500
[INFO] [1754310988.270973627] [solver_node]: 标定数据收集进度: 76/500
[INFO] [1754310988.276701703] [solver_node]: 标定数据收集进度: 77/500
[INFO] [1754310988.288149984] [solver_node]: 标定数据收集进度: 78/500
[INFO] [1754310988.296545358] [solver_node]: 标定数据收集进度: 79/500
[INFO] [1754310988.306716487] [solver_node]: 标定数据收集进度: 80/500
[INFO] [1754310988.316417205] [solver_node]: 标定数据收集进度: 81/500
[INFO] [1754310988.327956752] [solver_node]: 标定数据收集进度: 82/500
[INFO] [1754310988.336335805] [solver_node]: 标定数据收集进度: 83/500
[INFO] [1754310988.347021091] [solver_node]: 标定数据收集进度: 84/500
[INFO] [1754310988.356480107] [solver_node]: 标定数据收集进度: 85/500
[INFO] [1754310988.367862690] [solver_node]: 标定数据收集进度: 86/500
[INFO] [1754310988.376906783] [solver_node]: 标定数据收集进度: 87/500
[INFO] [1754310988.386506315] [solver_node]: 标定数据收集进度: 88/500
[INFO] [1754310988.396783846] [solver_node]: 标定数据收集进度: 89/500
[INFO] [1754310988.408346882] [solver_node]: 标定数据收集进度: 90/500
[INFO] [1754310988.416827218] [solver_node]: 标定数据收集进度: 91/500
[INFO] [1754310988.427276210] [solver_node]: 标定数据收集进度: 92/500
[INFO] [1754310988.436345008] [solver_node]: 标定数据收集进度: 93/500
[INFO] [1754310988.446948020] [solver_node]: 标定数据收集进度: 94/500
[INFO] [1754310988.456265560] [solver_node]: 标定数据收集进度: 95/500
[INFO] [1754310988.466428561] [solver_node]: 标定数据收集进度: 96/500
[INFO] [1754310988.476814448] [solver_node]: 标定数据收集进度: 97/500
[INFO] [1754310988.486894215] [solver_node]: 标定数据收集进度: 98/500
[INFO] [1754310988.496661398] [solver_node]: 标定数据收集进度: 99/500
[INFO] [1754310988.506333956] [solver_node]: 标定数据收集进度: 100/500
[INFO] [1754310988.516534974] [solver_node]: 标定数据收集进度: 101/500
[INFO] [1754310988.526574868] [solver_node]: 标定数据收集进度: 102/500
[INFO] [1754310988.537683364] [solver_node]: 标定数据收集进度: 103/500
[INFO] [1754310988.546442363] [solver_node]: 发布重定位TF: x=0.043, y=0.495
[INFO] [1754310988.547569334] [solver_node]: 标定数据收集进度: 104/500
[INFO] [1754310988.556453744] [solver_node]: 标定数据收集进度: 105/500
[INFO] [1754310988.567579809] [solver_node]: 标定数据收集进度: 106/500
[INFO] [1754310988.577087690] [solver_node]: 标定数据收集进度: 107/500
[INFO] [1754310988.586779639] [solver_node]: 标定数据收集进度: 108/500
[INFO] [1754310988.597945321] [solver_node]: 标定数据收集进度: 109/500
[INFO] [1754310988.607455602] [solver_node]: 标定数据收集进度: 110/500
[INFO] [1754310988.617101022] [solver_node]: 标定数据收集进度: 111/500
[INFO] [1754310988.627014961] [solver_node]: 标定数据收集进度: 112/500
[INFO] [1754310988.637672919] [solver_node]: 标定数据收集进度: 113/500
[INFO] [1754310988.647739533] [solver_node]: 标定数据收集进度: 114/500
[INFO] [1754310988.657318808] [solver_node]: 标定数据收集进度: 115/500
[INFO] [1754310988.666893987] [solver_node]: 标定数据收集进度: 116/500
[INFO] [1754310988.677844591] [solver_node]: 标定数据收集进度: 117/500
[INFO] [1754310988.688377553] [solver_node]: 标定数据收集进度: 118/500
[INFO] [1754310988.698641837] [solver_node]: 标定数据收集进度: 119/500
[INFO] [1754310988.708797126] [solver_node]: 标定数据收集进度: 120/500
[INFO] [1754310988.718674232] [solver_node]: 标定数据收集进度: 121/500
[INFO] [1754310988.730350390] [solver_node]: 标定数据收集进度: 122/500
[INFO] [1754310988.736521005] [solver_node]: 标定数据收集进度: 123/500
[INFO] [1754310988.746804649] [solver_node]: 标定数据收集进度: 124/500
[INFO] [1754310988.756337843] [solver_node]: 标定数据收集进度: 125/500
[INFO] [1754310988.767151356] [solver_node]: 标定数据收集进度: 126/500
[INFO] [1754310988.777000941] [solver_node]: 标定数据收集进度: 127/500
[INFO] [1754310988.787124742] [solver_node]: 标定数据收集进度: 128/500
[INFO] [1754310988.797230749] [solver_node]: 标定数据收集进度: 129/500
[INFO] [1754310988.806858697] [solver_node]: 标定数据收集进度: 130/500
[INFO] [1754310988.816617336] [solver_node]: 标定数据收集进度: 131/500
[INFO] [1754310988.826967126] [solver_node]: 标定数据收集进度: 132/500
[INFO] [1754310988.836713221] [solver_node]: 标定数据收集进度: 133/500
[INFO] [1754310988.846870142] [solver_node]: 标定数据收集进度: 134/500
[INFO] [1754310988.856540043] [solver_node]: 标定数据收集进度: 135/500
[INFO] [1754310988.868794007] [solver_node]: 标定数据收集进度: 136/500
[INFO] [1754310988.877329609] [solver_node]: 标定数据收集进度: 137/500
[INFO] [1754310988.888149554] [solver_node]: 标定数据收集进度: 138/500
[INFO] [1754310988.899363717] [solver_node]: 标定数据收集进度: 139/500
[INFO] [1754310988.907289223] [solver_node]: 标定数据收集进度: 140/500
[INFO] [1754310988.918213907] [solver_node]: 标定数据收集进度: 141/500
[INFO] [1754310988.926975145] [solver_node]: 标定数据收集进度: 142/500
[INFO] [1754310988.936684311] [solver_node]: 标定数据收集进度: 143/500
[INFO] [1754310988.947109943] [solver_node]: 标定数据收集进度: 144/500
[INFO] [1754310988.956624064] [solver_node]: 标定数据收集进度: 145/500
[INFO] [1754310988.966562772] [solver_node]: 标定数据收集进度: 146/500
[INFO] [1754310988.976570377] [solver_node]: 标定数据收集进度: 147/500
[INFO] [1754310988.989893743] [solver_node]: 标定数据收集进度: 148/500
[INFO] [1754310988.997244228] [solver_node]: 标定数据收集进度: 149/500
[INFO] [1754310989.006626826] [solver_node]: 标定数据收集进度: 150/500
[INFO] [1754310989.016758562] [solver_node]: 标定数据收集进度: 151/500
[INFO] [1754310989.028506018] [solver_node]: 标定数据收集进度: 152/500
[INFO] [1754310989.036767980] [solver_node]: 标定数据收集进度: 153/500
[INFO] [1754310989.046380920] [solver_node]: 标定数据收集进度: 154/500
[INFO] [1754310989.056421710] [solver_node]: 标定数据收集进度: 155/500
[INFO] [1754310989.067603392] [solver_node]: 标定数据收集进度: 156/500
[INFO] [1754310989.077236620] [solver_node]: 标定数据收集进度: 157/500
[INFO] [1754310989.086759989] [solver_node]: 标定数据收集进度: 158/500
[INFO] [1754310989.097240054] [solver_node]: 标定数据收集进度: 159/500
[INFO] [1754310989.108063583] [solver_node]: 标定数据收集进度: 160/500
[INFO] [1754310989.116896184] [solver_node]: 标定数据收集进度: 161/500
[INFO] [1754310989.126492323] [solver_node]: 标定数据收集进度: 162/500
[INFO] [1754310989.136356820] [solver_node]: 标定数据收集进度: 163/500
[INFO] [1754310989.147411139] [solver_node]: 标定数据收集进度: 164/500
[INFO] [1754310989.156856811] [solver_node]: 标定数据收集进度: 165/500
[INFO] [1754310989.166187631] [solver_node]: 标定数据收集进度: 166/500
[INFO] [1754310989.177144700] [solver_node]: 标定数据收集进度: 167/500
[INFO] [1754310989.187240851] [solver_node]: 标定数据收集进度: 168/500
[INFO] [1754310989.197618514] [solver_node]: 标定数据收集进度: 169/500
[INFO] [1754310989.206370472] [solver_node]: 标定数据收集进度: 170/500
[INFO] [1754310989.217203794] [solver_node]: 标定数据收集进度: 171/500
[INFO] [1754310989.228254720] [solver_node]: 标定数据收集进度: 172/500
[INFO] [1754310989.236549548] [solver_node]: 标定数据收集进度: 173/500
[INFO] [1754310989.246224825] [solver_node]: 标定数据收集进度: 174/500
[INFO] [1754310989.256161452] [solver_node]: 标定数据收集进度: 175/500
[INFO] [1754310989.268962534] [solver_node]: 标定数据收集进度: 176/500
[INFO] [1754310989.276895368] [solver_node]: 标定数据收集进度: 177/500
[INFO] [1754310989.288232830] [solver_node]: 标定数据收集进度: 178/500
[INFO] [1754310989.296829137] [solver_node]: 标定数据收集进度: 179/500
[INFO] [1754310989.319081554] [solver_node]: 标定数据收集进度: 180/500
[INFO] [1754310989.323330906] [solver_node]: 标定数据收集进度: 181/500
[INFO] [1754310989.327402238] [solver_node]: 标定数据收集进度: 182/500
[INFO] [1754310989.337284624] [solver_node]: 标定数据收集进度: 183/500
[INFO] [1754310989.347423208] [solver_node]: 标定数据收集进度: 184/500
[INFO] [1754310989.357000883] [solver_node]: 标定数据收集进度: 185/500
[INFO] [1754310989.367286607] [solver_node]: 标定数据收集进度: 186/500
[INFO] [1754310989.376780440] [solver_node]: 标定数据收集进度: 187/500
[INFO] [1754310989.386990546] [solver_node]: 标定数据收集进度: 188/500
[INFO] [1754310989.396678143] [solver_node]: 标定数据收集进度: 189/500
[INFO] [1754310989.408261659] [solver_node]: 标定数据收集进度: 190/500
[INFO] [1754310989.416655529] [solver_node]: 标定数据收集进度: 191/500
[INFO] [1754310989.427138378] [solver_node]: 标定数据收集进度: 192/500
[INFO] [1754310989.436718933] [solver_node]: 标定数据收集进度: 193/500
[INFO] [1754310989.448974753] [solver_node]: 标定数据收集进度: 194/500
[INFO] [1754310989.456332053] [solver_node]: 标定数据收集进度: 195/500
[INFO] [1754310989.466252552] [solver_node]: 标定数据收集进度: 196/500
[INFO] [1754310989.476694152] [solver_node]: 标定数据收集进度: 197/500
[INFO] [1754310989.487121416] [solver_node]: 标定数据收集进度: 198/500
[INFO] [1754310989.496522286] [solver_node]: 标定数据收集进度: 199/500
[INFO] [1754310989.506509315] [solver_node]: 标定数据收集进度: 200/500
[INFO] [1754310989.516443862] [solver_node]: 标定数据收集进度: 201/500
[INFO] [1754310989.526867158] [solver_node]: 标定数据收集进度: 202/500
[INFO] [1754310989.536762440] [solver_node]: 标定数据收集进度: 203/500
[INFO] [1754310989.546256721] [solver_node]: 标定数据收集进度: 204/500
[INFO] [1754310989.556817331] [solver_node]: 发布重定位TF: x=0.046, y=0.494
[INFO] [1754310989.557307679] [solver_node]: 标定数据收集进度: 205/500
[INFO] [1754310989.566992653] [solver_node]: 标定数据收集进度: 206/500
[INFO] [1754310989.578167231] [solver_node]: 标定数据收集进度: 207/500
[INFO] [1754310989.586745457] [solver_node]: 标定数据收集进度: 208/500
[INFO] [1754310989.597280403] [solver_node]: 标定数据收集进度: 209/500
[INFO] [1754310989.609505086] [solver_node]: 标定数据收集进度: 210/500
[INFO] [1754310989.617196667] [solver_node]: 标定数据收集进度: 211/500
[INFO] [1754310989.626969450] [solver_node]: 标定数据收集进度: 212/500
[INFO] [1754310989.636593750] [solver_node]: 标定数据收集进度: 213/500
[INFO] [1754310989.647355486] [solver_node]: 标定数据收集进度: 214/500
[INFO] [1754310989.656746660] [solver_node]: 标定数据收集进度: 215/500
[INFO] [1754310989.666405041] [solver_node]: 标定数据收集进度: 216/500
[INFO] [1754310989.676424390] [solver_node]: 标定数据收集进度: 217/500
[INFO] [1754310989.688741268] [solver_node]: 标定数据收集进度: 218/500
[INFO] [1754310989.696711447] [solver_node]: 标定数据收集进度: 219/500
[INFO] [1754310989.706383812] [solver_node]: 标定数据收集进度: 220/500
[INFO] [1754310989.716440795] [solver_node]: 标定数据收集进度: 221/500
[INFO] [1754310989.729725792] [solver_node]: 标定数据收集进度: 222/500
[INFO] [1754310989.736593481] [solver_node]: 标定数据收集进度: 223/500
[INFO] [1754310989.746363000] [solver_node]: 标定数据收集进度: 224/500
[INFO] [1754310989.756833113] [solver_node]: 标定数据收集进度: 225/500
[INFO] [1754310989.767157142] [solver_node]: 标定数据收集进度: 226/500
[INFO] [1754310989.776880260] [solver_node]: 标定数据收集进度: 227/500
[INFO] [1754310989.786591538] [solver_node]: 标定数据收集进度: 228/500
[INFO] [1754310989.800212416] [solver_node]: 标定数据收集进度: 229/500
[INFO] [1754310989.807396656] [solver_node]: 标定数据收集进度: 230/500
[INFO] [1754310989.816574417] [solver_node]: 标定数据收集进度: 231/500
[INFO] [1754310989.826649383] [solver_node]: 标定数据收集进度: 232/500
[INFO] [1754310989.836679005] [solver_node]: 标定数据收集进度: 233/500
[INFO] [1754310989.847042555] [solver_node]: 标定数据收集进度: 234/500
[INFO] [1754310989.856519619] [solver_node]: 标定数据收集进度: 235/500
[INFO] [1754310989.866946755] [solver_node]: 标定数据收集进度: 236/500
[INFO] [1754310989.876462060] [solver_node]: 标定数据收集进度: 237/500
[INFO] [1754310989.887529883] [solver_node]: 标定数据收集进度: 238/500
[INFO] [1754310989.896813471] [solver_node]: 标定数据收集进度: 239/500
[INFO] [1754310989.908717250] [solver_node]: 标定数据收集进度: 240/500
[INFO] [1754310989.917085263] [solver_node]: 标定数据收集进度: 241/500
[INFO] [1754310989.926819454] [solver_node]: 标定数据收集进度: 242/500
[INFO] [1754310989.938798531] [solver_node]: 标定数据收集进度: 243/500
[INFO] [1754310989.947571738] [solver_node]: 标定数据收集进度: 244/500
[INFO] [1754310989.956610200] [solver_node]: 标定数据收集进度: 245/500
[INFO] [1754310989.966267173] [solver_node]: 标定数据收集进度: 246/500
[INFO] [1754310989.977341908] [solver_node]: 标定数据收集进度: 247/500
[INFO] [1754310989.986961248] [solver_node]: 标定数据收集进度: 248/500
[INFO] [1754310989.998528475] [solver_node]: 标定数据收集进度: 249/500
[INFO] [1754310990.008337835] [solver_node]: 标定数据收集进度: 250/500
[INFO] [1754310990.018526117] [solver_node]: 标定数据收集进度: 251/500
[INFO] [1754310990.027778120] [solver_node]: 标定数据收集进度: 252/500
[INFO] [1754310990.038110053] [solver_node]: 标定数据收集进度: 253/500
[INFO] [1754310990.046747640] [solver_node]: 标定数据收集进度: 254/500
[INFO] [1754310990.056476135] [solver_node]: 标定数据收集进度: 255/500
[INFO] [1754310990.066542877] [solver_node]: 标定数据收集进度: 256/500
[INFO] [1754310990.076752440] [solver_node]: 标定数据收集进度: 257/500
[INFO] [1754310990.088139758] [solver_node]: 标定数据收集进度: 258/500
[INFO] [1754310990.098527149] [solver_node]: 标定数据收集进度: 259/500
[INFO] [1754310990.106444335] [solver_node]: 标定数据收集进度: 260/500
[INFO] [1754310990.117035218] [solver_node]: 标定数据收集进度: 261/500
[INFO] [1754310990.126417816] [solver_node]: 标定数据收集进度: 262/500
[INFO] [1754310990.137002588] [solver_node]: 标定数据收集进度: 263/500
[INFO] [1754310990.146422594] [solver_node]: 标定数据收集进度: 264/500
[INFO] [1754310990.156667453] [solver_node]: 标定数据收集进度: 265/500
[INFO] [1754310990.166416556] [solver_node]: 标定数据收集进度: 266/500
[INFO] [1754310990.176324287] [solver_node]: 标定数据收集进度: 267/500
[INFO] [1754310990.186639132] [solver_node]: 标定数据收集进度: 268/500
[INFO] [1754310990.196799444] [solver_node]: 标定数据收集进度: 269/500
[INFO] [1754310990.206727560] [solver_node]: 标定数据收集进度: 270/500
[INFO] [1754310990.216567833] [solver_node]: 标定数据收集进度: 271/500
[INFO] [1754310990.226732626] [solver_node]: 标定数据收集进度: 272/500
[INFO] [1754310990.236607108] [solver_node]: 标定数据收集进度: 273/500
[INFO] [1754310990.246931425] [solver_node]: 标定数据收集进度: 274/500
[INFO] [1754310990.256512939] [solver_node]: 标定数据收集进度: 275/500
[INFO] [1754310990.266321628] [solver_node]: 标定数据收集进度: 276/500
[INFO] [1754310990.278288161] [solver_node]: 标定数据收集进度: 277/500
[INFO] [1754310990.287158874] [solver_node]: 标定数据收集进度: 278/500
[INFO] [1754310990.297848992] [solver_node]: 标定数据收集进度: 279/500
[INFO] [1754310990.307114819] [solver_node]: 标定数据收集进度: 280/500
[INFO] [1754310990.316811729] [solver_node]: 标定数据收集进度: 281/500
[INFO] [1754310990.326475837] [solver_node]: 标定数据收集进度: 282/500
[INFO] [1754310990.336648727] [solver_node]: 标定数据收集进度: 283/500
[INFO] [1754310990.346773935] [solver_node]: 标定数据收集进度: 284/500
[INFO] [1754310990.356798660] [solver_node]: 标定数据收集进度: 285/500
[INFO] [1754310990.366964189] [solver_node]: 标定数据收集进度: 286/500
[INFO] [1754310990.376485382] [solver_node]: 标定数据收集进度: 287/500
[INFO] [1754310990.387300751] [solver_node]: 标定数据收集进度: 288/500
[INFO] [1754310990.396951772] [solver_node]: 标定数据收集进度: 289/500
[INFO] [1754310990.406945137] [solver_node]: 标定数据收集进度: 290/500
[INFO] [1754310990.416520635] [solver_node]: 标定数据收集进度: 291/500
[INFO] [1754310990.426810231] [solver_node]: 标定数据收集进度: 292/500
[INFO] [1754310990.436843821] [solver_node]: 标定数据收集进度: 293/500
[INFO] [1754310990.446398135] [solver_node]: 标定数据收集进度: 294/500
[INFO] [1754310990.456448045] [solver_node]: 标定数据收集进度: 295/500
[INFO] [1754310990.466403617] [solver_node]: 标定数据收集进度: 296/500
[INFO] [1754310990.476864034] [solver_node]: 标定数据收集进度: 297/500
[INFO] [1754310990.486669874] [solver_node]: 标定数据收集进度: 298/500
[INFO] [1754310990.496757225] [solver_node]: 标定数据收集进度: 299/500
[INFO] [1754310990.518987626] [solver_node]: 标定数据收集进度: 300/500
[INFO] [1754310990.521421349] [solver_node]: 标定数据收集进度: 301/500
[INFO] [1754310990.526356062] [solver_node]: 标定数据收集进度: 302/500
[INFO] [1754310990.536746941] [solver_node]: 标定数据收集进度: 303/500
[INFO] [1754310990.546408233] [solver_node]: 标定数据收集进度: 304/500
[INFO] [1754310990.557128464] [solver_node]: 标定数据收集进度: 305/500
[INFO] [1754310990.567661394] [solver_node]: 标定数据收集进度: 306/500
[INFO] [1754310990.578726337] [solver_node]: 标定数据收集进度: 307/500
[INFO] [1754310990.583671290] [solver_node]: 发布重定位TF: x=0.038, y=0.488
[INFO] [1754310990.586776102] [solver_node]: 标定数据收集进度: 308/500
[INFO] [1754310990.597600591] [solver_node]: 标定数据收集进度: 309/500
[INFO] [1754310990.606721519] [solver_node]: 标定数据收集进度: 310/500
[INFO] [1754310990.617530648] [solver_node]: 标定数据收集进度: 311/500
[INFO] [1754310990.627151971] [solver_node]: 标定数据收集进度: 312/500
[INFO] [1754310990.637049846] [solver_node]: 标定数据收集进度: 313/500
[INFO] [1754310990.646596384] [solver_node]: 标定数据收集进度: 314/500
[INFO] [1754310990.656758937] [solver_node]: 标定数据收集进度: 315/500
[INFO] [1754310990.666676012] [solver_node]: 标定数据收集进度: 316/500
[INFO] [1754310990.676302551] [solver_node]: 标定数据收集进度: 317/500
[INFO] [1754310990.686978877] [solver_node]: 标定数据收集进度: 318/500
[INFO] [1754310990.696519623] [solver_node]: 标定数据收集进度: 319/500
[INFO] [1754310990.707410994] [solver_node]: 标定数据收集进度: 320/500
[INFO] [1754310990.716500080] [solver_node]: 标定数据收集进度: 321/500
[INFO] [1754310990.726649993] [solver_node]: 标定数据收集进度: 322/500
[INFO] [1754310990.736709567] [solver_node]: 标定数据收集进度: 323/500
[INFO] [1754310990.746506383] [solver_node]: 标定数据收集进度: 324/500
[INFO] [1754310990.756450499] [solver_node]: 标定数据收集进度: 325/500
[INFO] [1754310990.766208626] [solver_node]: 标定数据收集进度: 326/500
[INFO] [1754310990.776906040] [solver_node]: 标定数据收集进度: 327/500
[INFO] [1754310990.786613926] [solver_node]: 标定数据收集进度: 328/500
[INFO] [1754310990.796954723] [solver_node]: 标定数据收集进度: 329/500
[INFO] [1754310990.809389396] [solver_node]: 标定数据收集进度: 330/500
[INFO] [1754310990.816522691] [solver_node]: 标定数据收集进度: 331/500
[INFO] [1754310990.826436278] [solver_node]: 标定数据收集进度: 332/500
[INFO] [1754310990.836501836] [solver_node]: 标定数据收集进度: 333/500
[INFO] [1754310990.846790344] [solver_node]: 标定数据收集进度: 334/500
[INFO] [1754310990.858796910] [solver_node]: 标定数据收集进度: 335/500
[INFO] [1754310990.868142643] [solver_node]: 标定数据收集进度: 336/500
[INFO] [1754310990.878654677] [solver_node]: 标定数据收集进度: 337/500
[INFO] [1754310990.888475781] [solver_node]: 标定数据收集进度: 338/500
[INFO] [1754310990.898333655] [solver_node]: 标定数据收集进度: 339/500
[INFO] [1754310990.908297643] [solver_node]: 标定数据收集进度: 340/500
[INFO] [1754310990.918269151] [solver_node]: 标定数据收集进度: 341/500
[INFO] [1754310990.928311445] [solver_node]: 标定数据收集进度: 342/500
[INFO] [1754310990.938666963] [solver_node]: 标定数据收集进度: 343/500
[INFO] [1754310990.948629415] [solver_node]: 标定数据收集进度: 344/500
[INFO] [1754310990.960907124] [solver_node]: 标定数据收集进度: 345/500
[INFO] [1754310990.966897415] [solver_node]: 标定数据收集进度: 346/500
[INFO] [1754310990.977622477] [solver_node]: 标定数据收集进度: 347/500
[INFO] [1754310990.987058196] [solver_node]: 标定数据收集进度: 348/500
[INFO] [1754310990.999728267] [solver_node]: 标定数据收集进度: 349/500
[INFO] [1754310991.007259491] [solver_node]: 标定数据收集进度: 350/500
[INFO] [1754310991.017560448] [solver_node]: 标定数据收集进度: 351/500
[INFO] [1754310991.027301486] [solver_node]: 标定数据收集进度: 352/500
[INFO] [1754310991.037285187] [solver_node]: 标定数据收集进度: 353/500
[INFO] [1754310991.047023729] [solver_node]: 标定数据收集进度: 354/500
[INFO] [1754310991.056937956] [solver_node]: 标定数据收集进度: 355/500
[INFO] [1754310991.066629617] [solver_node]: 标定数据收集进度: 356/500
[INFO] [1754310991.077139059] [solver_node]: 标定数据收集进度: 357/500
[INFO] [1754310991.086686269] [solver_node]: 标定数据收集进度: 358/500
[INFO] [1754310991.096495757] [solver_node]: 标定数据收集进度: 359/500
[INFO] [1754310991.106825258] [solver_node]: 标定数据收集进度: 360/500
[INFO] [1754310991.116863168] [solver_node]: 标定数据收集进度: 361/500
[INFO] [1754310991.126799539] [solver_node]: 标定数据收集进度: 362/500
[INFO] [1754310991.136782408] [solver_node]: 标定数据收集进度: 363/500
[INFO] [1754310991.146425908] [solver_node]: 标定数据收集进度: 364/500
[INFO] [1754310991.156624910] [solver_node]: 标定数据收集进度: 365/500
[INFO] [1754310991.166785767] [solver_node]: 标定数据收集进度: 366/500
[INFO] [1754310991.176651544] [solver_node]: 标定数据收集进度: 367/500
[INFO] [1754310991.187401727] [solver_node]: 标定数据收集进度: 368/500
[INFO] [1754310991.196966730] [solver_node]: 标定数据收集进度: 369/500
[INFO] [1754310991.207208389] [solver_node]: 标定数据收集进度: 370/500
[INFO] [1754310991.216569450] [solver_node]: 标定数据收集进度: 371/500
[INFO] [1754310991.227298417] [solver_node]: 标定数据收集进度: 372/500
[INFO] [1754310991.237336487] [solver_node]: 标定数据收集进度: 373/500
[INFO] [1754310991.246952658] [solver_node]: 标定数据收集进度: 374/500
[INFO] [1754310991.256766594] [solver_node]: 标定数据收集进度: 375/500
[INFO] [1754310991.267178081] [solver_node]: 标定数据收集进度: 376/500
[INFO] [1754310991.276799181] [solver_node]: 标定数据收集进度: 377/500
[INFO] [1754310991.286662399] [solver_node]: 标定数据收集进度: 378/500
[INFO] [1754310991.297227521] [solver_node]: 标定数据收集进度: 379/500
[INFO] [1754310991.306505797] [solver_node]: 标定数据收集进度: 380/500
[INFO] [1754310991.320060977] [solver_node]: 标定数据收集进度: 381/500
[INFO] [1754310991.328958635] [solver_node]: 标定数据收集进度: 382/500
[INFO] [1754310991.336883661] [solver_node]: 标定数据收集进度: 383/500
[INFO] [1754310991.346663196] [solver_node]: 标定数据收集进度: 384/500
[INFO] [1754310991.357584808] [solver_node]: 标定数据收集进度: 385/500
[INFO] [1754310991.366655238] [solver_node]: 标定数据收集进度: 386/500
[INFO] [1754310991.377299275] [solver_node]: 标定数据收集进度: 387/500
[INFO] [1754310991.386884117] [solver_node]: 标定数据收集进度: 388/500
[INFO] [1754310991.397337621] [solver_node]: 标定数据收集进度: 389/500
[INFO] [1754310991.406819262] [solver_node]: 标定数据收集进度: 390/500
[INFO] [1754310991.416486346] [solver_node]: 标定数据收集进度: 391/500
[INFO] [1754310991.426897833] [solver_node]: 标定数据收集进度: 392/500
[INFO] [1754310991.437674737] [solver_node]: 标定数据收集进度: 393/500
[INFO] [1754310991.446540298] [solver_node]: 标定数据收集进度: 394/500
[INFO] [1754310991.456532479] [solver_node]: 标定数据收集进度: 395/500
[INFO] [1754310991.466586741] [solver_node]: 标定数据收集进度: 396/500
[INFO] [1754310991.477443359] [solver_node]: 标定数据收集进度: 397/500
[INFO] [1754310991.486539614] [solver_node]: 标定数据收集进度: 398/500
[INFO] [1754310991.496616725] [solver_node]: 标定数据收集进度: 399/500
[INFO] [1754310991.506634634] [solver_node]: 标定数据收集进度: 400/500
[INFO] [1754310991.517793500] [solver_node]: 标定数据收集进度: 401/500
[INFO] [1754310991.526524530] [solver_node]: 标定数据收集进度: 402/500
[INFO] [1754310991.536941233] [solver_node]: 标定数据收集进度: 403/500
[INFO] [1754310991.546489627] [solver_node]: 标定数据收集进度: 404/500
[INFO] [1754310991.557481032] [solver_node]: 标定数据收集进度: 405/500
[INFO] [1754310991.569080484] [solver_node]: 标定数据收集进度: 406/500
[INFO] [1754310991.569514350] [solver_node]: 发布重定位TF: x=0.036, y=0.501
[INFO] [1754310991.576831682] [solver_node]: 标定数据收集进度: 407/500
[INFO] [1754310991.586740916] [solver_node]: 标定数据收集进度: 408/500
[INFO] [1754310991.596591206] [solver_node]: 标定数据收集进度: 409/500
[INFO] [1754310991.606571450] [solver_node]: 标定数据收集进度: 410/500
[INFO] [1754310991.616881367] [solver_node]: 标定数据收集进度: 411/500
[INFO] [1754310991.626492098] [solver_node]: 标定数据收集进度: 412/500
[INFO] [1754310991.638542505] [solver_node]: 标定数据收集进度: 413/500
[INFO] [1754310991.646647088] [solver_node]: 标定数据收集进度: 414/500
[INFO] [1754310991.656547074] [solver_node]: 标定数据收集进度: 415/500
[INFO] [1754310991.666290737] [solver_node]: 标定数据收集进度: 416/500
[INFO] [1754310991.677177435] [solver_node]: 标定数据收集进度: 417/500
[INFO] [1754310991.686986444] [solver_node]: 标定数据收集进度: 418/500
[INFO] [1754310991.697163205] [solver_node]: 标定数据收集进度: 419/500
[INFO] [1754310991.710177572] [solver_node]: 标定数据收集进度: 420/500
[INFO] [1754310991.717019307] [solver_node]: 标定数据收集进度: 421/500
[INFO] [1754310991.731463853] [solver_node]: 标定数据收集进度: 422/500
[INFO] [1754310991.740037567] [solver_node]: 标定数据收集进度: 423/500
[INFO] [1754310991.748652210] [solver_node]: 标定数据收集进度: 424/500
[INFO] [1754310991.756731160] [solver_node]: 标定数据收集进度: 425/500
[INFO] [1754310991.767294043] [solver_node]: 标定数据收集进度: 426/500
[INFO] [1754310991.778001313] [solver_node]: 标定数据收集进度: 427/500
[INFO] [1754310991.787196866] [solver_node]: 标定数据收集进度: 428/500
[INFO] [1754310991.797375707] [solver_node]: 标定数据收集进度: 429/500
[INFO] [1754310991.807692632] [solver_node]: 标定数据收集进度: 430/500
[INFO] [1754310991.818245307] [solver_node]: 标定数据收集进度: 431/500
[INFO] [1754310991.828745916] [solver_node]: 标定数据收集进度: 432/500
[INFO] [1754310991.838087264] [solver_node]: 标定数据收集进度: 433/500
[INFO] [1754310991.847605994] [solver_node]: 标定数据收集进度: 434/500
[INFO] [1754310991.857102898] [solver_node]: 标定数据收集进度: 435/500
[INFO] [1754310991.866729758] [solver_node]: 标定数据收集进度: 436/500
[INFO] [1754310991.876712115] [solver_node]: 标定数据收集进度: 437/500
[INFO] [1754310991.887375832] [solver_node]: 标定数据收集进度: 438/500
[INFO] [1754310991.899408990] [solver_node]: 标定数据收集进度: 439/500
[INFO] [1754310991.909638553] [solver_node]: 标定数据收集进度: 440/500
[INFO] [1754310991.918754904] [solver_node]: 标定数据收集进度: 441/500
[INFO] [1754310991.928907249] [solver_node]: 标定数据收集进度: 442/500
[INFO] [1754310991.936822003] [solver_node]: 标定数据收集进度: 443/500
[INFO] [1754310991.949111424] [solver_node]: 标定数据收集进度: 444/500
[INFO] [1754310991.956561558] [solver_node]: 标定数据收集进度: 445/500
[INFO] [1754310991.966858994] [solver_node]: 标定数据收集进度: 446/500
[INFO] [1754310991.976798566] [solver_node]: 标定数据收集进度: 447/500
[INFO] [1754310991.988252222] [solver_node]: 标定数据收集进度: 448/500
[INFO] [1754310992.003049385] [solver_node]: 标定数据收集进度: 449/500
[INFO] [1754310992.013310372] [solver_node]: 标定数据收集进度: 450/500
[INFO] [1754310992.018798058] [solver_node]: 标定数据收集进度: 451/500
[INFO] [1754310992.026937554] [solver_node]: 标定数据收集进度: 452/500
[INFO] [1754310992.038226310] [solver_node]: 标定数据收集进度: 453/500
[INFO] [1754310992.048461857] [solver_node]: 标定数据收集进度: 454/500
[INFO] [1754310992.057628097] [solver_node]: 标定数据收集进度: 455/500
[INFO] [1754310992.068345736] [solver_node]: 标定数据收集进度: 456/500
[INFO] [1754310992.090569768] [solver_node]: 标定数据收集进度: 457/500
[INFO] [1754310992.092810623] [solver_node]: 标定数据收集进度: 458/500
[INFO] [1754310992.096877954] [solver_node]: 标定数据收集进度: 459/500
[INFO] [1754310992.107614473] [solver_node]: 标定数据收集进度: 460/500
[INFO] [1754310992.118129579] [solver_node]: 标定数据收集进度: 461/500
[INFO] [1754310992.128068190] [solver_node]: 标定数据收集进度: 462/500
[INFO] [1754310992.136920567] [solver_node]: 标定数据收集进度: 463/500
[INFO] [1754310992.147766369] [solver_node]: 标定数据收集进度: 464/500
[INFO] [1754310992.157690420] [solver_node]: 标定数据收集进度: 465/500
[INFO] [1754310992.168554142] [solver_node]: 标定数据收集进度: 466/500
[INFO] [1754310992.181999815] [solver_node]: 标定数据收集进度: 467/500
[INFO] [1754310992.190900961] [solver_node]: 标定数据收集进度: 468/500
[INFO] [1754310992.198486491] [solver_node]: 标定数据收集进度: 469/500
[INFO] [1754310992.206996075] [solver_node]: 标定数据收集进度: 470/500
[INFO] [1754310992.217045377] [solver_node]: 标定数据收集进度: 471/500
[INFO] [1754310992.226814032] [solver_node]: 标定数据收集进度: 472/500
[INFO] [1754310992.237424212] [solver_node]: 标定数据收集进度: 473/500
[INFO] [1754310992.247576461] [solver_node]: 标定数据收集进度: 474/500
[INFO] [1754310992.256874608] [solver_node]: 标定数据收集进度: 475/500
[INFO] [1754310992.267161452] [solver_node]: 标定数据收集进度: 476/500
[INFO] [1754310992.277921588] [solver_node]: 标定数据收集进度: 477/500
[INFO] [1754310992.287084180] [solver_node]: 标定数据收集进度: 478/500
[INFO] [1754310992.300462876] [solver_node]: 标定数据收集进度: 479/500
[INFO] [1754310992.313160211] [solver_node]: 标定数据收集进度: 480/500
[INFO] [1754310992.318398547] [solver_node]: 标定数据收集进度: 481/500
[INFO] [1754310992.326867746] [solver_node]: 标定数据收集进度: 482/500
[INFO] [1754310992.338596769] [solver_node]: 标定数据收集进度: 483/500
[INFO] [1754310992.347981255] [solver_node]: 标定数据收集进度: 484/500
[INFO] [1754310992.357568722] [solver_node]: 标定数据收集进度: 485/500
[INFO] [1754310992.366942743] [solver_node]: 标定数据收集进度: 486/500
[INFO] [1754310992.381954215] [solver_node]: 标定数据收集进度: 487/500
[INFO] [1754310992.390538681] [solver_node]: 标定数据收集进度: 488/500
[INFO] [1754310992.396963095] [solver_node]: 标定数据收集进度: 489/500
[INFO] [1754310992.413687856] [solver_node]: 标定数据收集进度: 490/500
[INFO] [1754310992.418795277] [solver_node]: 标定数据收集进度: 491/500
[INFO] [1754310992.429953374] [solver_node]: 标定数据收集进度: 492/500
[INFO] [1754310992.437828287] [solver_node]: 标定数据收集进度: 493/500
[INFO] [1754310992.448395842] [solver_node]: 标定数据收集进度: 494/500
[INFO] [1754310992.456609099] [solver_node]: 标定数据收集进度: 495/500
[INFO] [1754310992.466729859] [solver_node]: 标定数据收集进度: 496/500
[INFO] [1754310992.477385768] [solver_node]: 标定数据收集进度: 497/500
[INFO] [1754310992.488363029] [solver_node]: 标定数据收集进度: 498/500
[INFO] [1754310992.497643224] [solver_node]: 标定数据收集进度: 499/500
[INFO] [1754310992.508231227] [solver_node]: 标定数据收集进度: 500/500
[INFO] [1754310992.509029071] [solver_node]: 标定数据收集完成，开始标定...
[INFO] [1754310992.509768801] [solver_node]: 开始标定，收集到的数据shape: (500, 5)
[INFO] [1754310992.510719960] [solver_node]: [PerpendicularDistanceLocalizer] 开始标定，扫描数据shape: (500, 5)
[INFO] [1754310992.511898485] [solver_node]: [PerpendicularDistanceLocalizer] 平均测距值 详细内容: 形状: (5,), 类型: float64
[INFO] [1754310992.512703945] [solver_node]: [PerpendicularDistanceLocalizer] 平均测距值[0]: 0.6667179993391037
[INFO] [1754310992.514942784] [solver_node]: [PerpendicularDistanceLocalizer] 平均测距值[1]: 6.574999809265137
[INFO] [1754310992.515727859] [solver_node]: [PerpendicularDistanceLocalizer] 平均测距值[2]: 7.614999771118164
[INFO] [1754310992.516462309] [solver_node]: [PerpendicularDistanceLocalizer] 平均测距值[3]: 1.7359999418258667
[INFO] [1754310992.517212151] [solver_node]: [PerpendicularDistanceLocalizer] 平均测距值[4]: 1.7763779728412628
[INFO] [1754310992.518819422] [solver_node]: [PerpendicularDistanceLocalizer] h_values 详细内容: 形状: (5,), 类型: float64
[INFO] [1754310992.519575825] [solver_node]: [PerpendicularDistanceLocalizer] h_values[0]: 0.37684580873135426
[INFO] [1754310992.520318499] [solver_node]: [PerpendicularDistanceLocalizer] h_values[1]: 0.37684580873135426
[INFO] [1754310992.521027125] [solver_node]: [PerpendicularDistanceLocalizer] h_values[2]: 0.33497201345916283
[INFO] [1754310992.522467128] [solver_node]: [PerpendicularDistanceLocalizer] h_values[3]: 0.2847569265233284
[INFO] [1754310992.523208298] [solver_node]: [PerpendicularDistanceLocalizer] h_values[4]: 0.2847569265233284
[INFO] [1754310992.525111865] [solver_node]: [PerpendicularDistanceLocalizer] 标定完成: m=9.991, n=7.995
[INFO] [1754310992.525860971] [solver_node]: [PerpendicularDistanceLocalizer] 前后左右平均距离: 前=7.950, 后=2.041, 左=1.044, 右=6.952
[INFO] [1754310992.526569084] [solver_node]: [PerpendicularDistanceLocalizer] 计算的初始位姿: x=2.041, y=6.952, phi=1.571
[INFO] [1754310992.527270061] [solver_node]: 标定完成: m=9.960, n=7.970
[INFO] [1754310992.530665633] [solver_node]: 标定得到的初始位姿: x=2.041, y=6.952, phi=1.571
[INFO] [1754310992.531882270] [solver_node]: LIO位置: x=-0.038, y=-0.499
[INFO] [1754310992.533088508] [solver_node]: Started偏移: x=2.079, y=7.451
[INFO] [1754310992.534852711] [solver_node]: 初始化阶段完成，进入运行阶段
[INFO] [1754310992.590646205] [solver_node]: 发布重定位TF: x=0.035, y=0.496
[INFO] [1754310993.592577008] [solver_node]: 发布重定位TF: x=-0.012, y=-0.023
[INFO] [1754310994.596426636] [solver_node]: 发布重定位TF: x=-0.009, y=-0.015
[INFO] [1754310995.611625304] [solver_node]: 发布重定位TF: x=-0.002, y=-0.019
[INFO] [1754310996.625133077] [solver_node]: 发布重定位TF: x=0.104, y=-0.036
[INFO] [1754310997.650608337] [solver_node]: 发布重定位TF: x=0.120, y=-0.029
[INFO] [1754310998.652048348] [solver_node]: 发布重定位TF: x=0.120, y=-0.037
[INFO] [1754310999.665889231] [solver_node]: 发布重定位TF: x=0.113, y=-0.037
[INFO] [1754311000.680962331] [solver_node]: 发布重定位TF: x=0.106, y=-0.036
[INFO] [1754311001.684285635] [solver_node]: 发布重定位TF: x=0.118, y=-0.041
[INFO] [1754311002.703057374] [solver_node]: 发布重定位TF: x=0.115, y=-0.031
[INFO] [1754311003.728071596] [solver_node]: 发布重定位TF: x=0.121, y=-0.047
[INFO] [1754311004.724555899] [solver_node]: 发布重定位TF: x=0.116, y=-0.044
[INFO] [1754311005.743608875] [solver_node]: 发布重定位TF: x=0.124, y=-0.034
[INFO] [1754311006.760688422] [solver_node]: 发布重定位TF: x=0.109, y=-0.039
[INFO] [1754311007.761910072] [solver_node]: 发布重定位TF: x=0.116, y=-0.036
[INFO] [1754311008.771554354] [solver_node]: 发布重定位TF: x=0.121, y=-0.042
[INFO] [1754311009.772836315] [solver_node]: 发布重定位TF: x=0.112, y=-0.039
[INFO] [1754311010.784836931] [solver_node]: 发布重定位TF: x=0.121, y=-0.038
[INFO] [1754311011.793263727] [solver_node]: 发布重定位TF: x=0.122, y=-0.044
[INFO] [1754311012.813584279] [solver_node]: 发布重定位TF: x=0.115, y=-0.033
[INFO] [1754311013.815228274] [solver_node]: 发布重定位TF: x=0.111, y=-0.033
[INFO] [1754311014.821759903] [solver_node]: 发布重定位TF: x=0.117, y=-0.027
[INFO] [1754311015.838722596] [solver_node]: 发布重定位TF: x=0.122, y=-0.037
[INFO] [1754311016.847681025] [solver_node]: 发布重定位TF: x=0.111, y=-0.034
[INFO] [1754311017.848015142] [solver_node]: 发布重定位TF: x=0.116, y=-0.032
[INFO] [1754311018.853532356] [solver_node]: 发布重定位TF: x=0.113, y=-0.029
[INFO] [1754311019.868095385] [solver_node]: 发布重定位TF: x=0.112, y=-0.034
[INFO] [1754311020.890774030] [solver_node]: 发布重定位TF: x=0.119, y=-0.040
[INFO] [1754311021.900195098] [solver_node]: 发布重定位TF: x=0.120, y=-0.029
[INFO] [1754311022.910512855] [solver_node]: 发布重定位TF: x=0.119, y=-0.034
[INFO] [1754311023.916143773] [solver_node]: 发布重定位TF: x=0.112, y=-0.042
[INFO] [1754311024.938725657] [solver_node]: 发布重定位TF: x=0.114, y=-0.032
[INFO] [1754311025.972347804] [solver_node]: 发布重定位TF: x=0.129, y=-0.030
[INFO] [1754311027.018838897] [solver_node]: 发布重定位TF: x=0.128, y=-0.029
[INFO] [1754311027.985831510] [solver_node]: 发布重定位TF: x=0.128, y=-0.038
[INFO] [1754311029.005468885] [solver_node]: 发布重定位TF: x=0.123, y=-0.036
[INFO] [1754311030.010003199] [solver_node]: 发布重定位TF: x=0.114, y=-0.040
[INFO] [1754311031.028630010] [solver_node]: 发布重定位TF: x=0.116, y=-0.035
[INFO] [1754311032.048732339] [solver_node]: 发布重定位TF: x=0.125, y=-0.039
[INFO] [1754311033.063485029] [solver_node]: 发布重定位TF: x=0.120, y=-0.039
[INFO] [1754311034.072256417] [solver_node]: 发布重定位TF: x=0.115, y=-0.029
[INFO] [1754311035.070590650] [solver_node]: 发布重定位TF: x=0.125, y=-0.032
[INFO] [1754311036.112217096] [solver_node]: 发布重定位TF: x=0.120, y=-0.034
[INFO] [1754311037.115233288] [solver_node]: 发布重定位TF: x=0.122, y=-0.033
[INFO] [1754311038.128019535] [solver_node]: 发布重定位TF: x=0.129, y=-0.032
[INFO] [1754311039.132223969] [solver_node]: 发布重定位TF: x=0.118, y=-0.042
[INFO] [1754311040.161450796] [solver_node]: 发布重定位TF: x=0.107, y=-0.028
[INFO] [1754311041.166661996] [solver_node]: 发布重定位TF: x=0.106, y=-0.033
[INFO] [1754311042.178366181] [solver_node]: 发布重定位TF: x=0.131, y=-0.037
[INFO] [1754311043.193786961] [solver_node]: 发布重定位TF: x=0.143, y=-0.039
[INFO] [1754311044.203877720] [solver_node]: 发布重定位TF: x=0.140, y=-0.037
[INFO] [1754311045.212905055] [solver_node]: 发布重定位TF: x=0.118, y=-0.034
[INFO] [1754311046.225603098] [solver_node]: 发布重定位TF: x=0.119, y=-0.042
[INFO] [1754311047.259192809] [solver_node]: 发布重定位TF: x=0.127, y=-0.039
[INFO] [1754311048.244812203] [solver_node]: 发布重定位TF: x=0.127, y=-0.043
[INFO] [1754311049.252525086] [solver_node]: 发布重定位TF: x=0.118, y=-0.037
[INFO] [1754311050.286443685] [solver_node]: 发布重定位TF: x=0.120, y=-0.032
[INFO] [1754311051.279395209] [solver_node]: 发布重定位TF: x=0.123, y=-0.032
[INFO] [1754311052.291194095] [solver_node]: 发布重定位TF: x=0.130, y=-0.036
[INFO] [1754311053.312780732] [solver_node]: 发布重定位TF: x=0.137, y=-0.036
[INFO] [1754311054.333700276] [solver_node]: 发布重定位TF: x=0.122, y=-0.016
[INFO] [1754311055.352487283] [solver_node]: 发布重定位TF: x=0.131, y=-0.030
[INFO] [1754311056.362759328] [solver_node]: 发布重定位TF: x=0.123, y=-0.033
[INFO] [1754311057.376327351] [solver_node]: 发布重定位TF: x=0.122, y=-0.044
[INFO] [1754311058.379156549] [solver_node]: 发布重定位TF: x=0.115, y=-0.029
[INFO] [1754311059.461186758] [solver_node]: 发布重定位TF: x=0.120, y=-0.031
[INFO] [1754311060.407444725] [solver_node]: 发布重定位TF: x=0.114, y=-0.036
[INFO] [1754311061.417017911] [solver_node]: 发布重定位TF: x=0.126, y=-0.040
[INFO] [1754311062.480374213] [solver_node]: 发布重定位TF: x=0.137, y=-0.032
[INFO] [1754311063.432563670] [solver_node]: 发布重定位TF: x=0.130, y=-0.035
[INFO] [1754311064.439343109] [solver_node]: 发布重定位TF: x=0.117, y=-0.033
[INFO] [1754311065.452572427] [solver_node]: 发布重定位TF: x=0.121, y=-0.037
[INFO] [1754311066.447928989] [solver_node]: 发布重定位TF: x=0.106, y=-0.036
[INFO] [1754311067.459649589] [solver_node]: 发布重定位TF: x=0.114, y=-0.034
[INFO] [1754311068.468382880] [solver_node]: 发布重定位TF: x=0.113, y=-0.043
[INFO] [1754311069.478164479] [solver_node]: 发布重定位TF: x=0.112, y=-0.041
[INFO] [1754311070.504228961] [solver_node]: 发布重定位TF: x=0.109, y=-0.036
[INFO] [1754311071.489285475] [solver_node]: 发布重定位TF: x=0.124, y=-0.036
[INFO] [1754311072.513258664] [solver_node]: 发布重定位TF: x=0.105, y=-0.038
[INFO] [1754311073.523624513] [solver_node]: 发布重定位TF: x=0.125, y=-0.047
[INFO] [1754311074.530091160] [solver_node]: 发布重定位TF: x=0.116, y=-0.043
[INFO] [1754311075.567031878] [solver_node]: 发布重定位TF: x=0.120, y=-0.037
[INFO] [1754311076.563500354] [solver_node]: 发布重定位TF: x=0.109, y=-0.034
[INFO] [1754311077.576367492] [solver_node]: 发布重定位TF: x=0.118, y=-0.032
[INFO] [1754311078.598357211] [solver_node]: 发布重定位TF: x=0.123, y=-0.051
[INFO] [1754311079.596615924] [solver_node]: 发布重定位TF: x=0.128, y=-0.035
[INFO] [1754311080.597295682] [solver_node]: 发布重定位TF: x=0.128, y=-0.038
[INFO] [1754311081.609658660] [solver_node]: 发布重定位TF: x=0.117, y=-0.035
[INFO] [1754311082.619835884] [solver_node]: 发布重定位TF: x=0.115, y=-0.049
[INFO] [1754311083.630435162] [solver_node]: 发布重定位TF: x=0.117, y=-0.033
[INFO] [1754311084.684798525] [solver_node]: 发布重定位TF: x=0.118, y=-0.032
[INFO] [1754311085.670142211] [solver_node]: 发布重定位TF: x=0.121, y=-0.040
[INFO] [1754311086.698555533] [solver_node]: 发布重定位TF: x=0.124, y=-0.033
[INFO] [1754311087.741017860] [solver_node]: 发布重定位TF: x=0.109, y=-0.033
[INFO] [1754311088.727698747] [solver_node]: 发布重定位TF: x=0.115, y=-0.035
[INFO] [1754311089.729770463] [solver_node]: 发布重定位TF: x=0.130, y=-0.030
[INFO] [1754311090.771211150] [solver_node]: 发布重定位TF: x=0.116, y=-0.032
[INFO] [1754311091.756453109] [solver_node]: 发布重定位TF: x=0.125, y=-0.041
[INFO] [1754311092.763983790] [solver_node]: 发布重定位TF: x=0.126, y=-0.026
[INFO] [1754311093.775422783] [solver_node]: 发布重定位TF: x=0.114, y=-0.038
[INFO] [1754311094.782602214] [solver_node]: 发布重定位TF: x=0.125, y=-0.036
[INFO] [1754311095.813265146] [solver_node]: 发布重定位TF: x=0.120, y=-0.036
[INFO] [1754311096.840203089] [solver_node]: 发布重定位TF: x=0.133, y=-0.031
[INFO] [1754311097.840640935] [solver_node]: 发布重定位TF: x=0.122, y=-0.026
[INFO] [1754311098.856159107] [solver_node]: 发布重定位TF: x=0.101, y=-0.025
[INFO] [1754311099.853692331] [solver_node]: 发布重定位TF: x=0.120, y=-0.034
[INFO] [1754311100.853562758] [solver_node]: 发布重定位TF: x=0.123, y=-0.038
[INFO] [1754311101.886693945] [solver_node]: 发布重定位TF: x=0.127, y=-0.037
[INFO] [1754311102.874507466] [solver_node]: 发布重定位TF: x=0.115, y=-0.040
[INFO] [1754311103.891569203] [solver_node]: 发布重定位TF: x=0.107, y=-0.044
[INFO] [1754311104.913220965] [solver_node]: 发布重定位TF: x=0.109, y=-0.038
[INFO] [1754311105.914880692] [solver_node]: 发布重定位TF: x=0.119, y=-0.034
[INFO] [1754311106.937606038] [solver_node]: 发布重定位TF: x=0.120, y=-0.037
[INFO] [1754311107.951508000] [solver_node]: 发布重定位TF: x=0.123, y=-0.038
[INFO] [1754311108.962192953] [solver_node]: 发布重定位TF: x=0.114, y=-0.039
[INFO] [1754311109.975460427] [solver_node]: 发布重定位TF: x=0.129, y=-0.048
[INFO] [1754311110.990569028] [solver_node]: 发布重定位TF: x=0.117, y=-0.034
[INFO] [1754311112.005112204] [solver_node]: 发布重定位TF: x=0.116, y=-0.045
[INFO] [1754311113.027676429] [solver_node]: 发布重定位TF: x=0.116, y=-0.040
[INFO] [1754311114.009660770] [solver_node]: 发布重定位TF: x=0.114, y=-0.037
[INFO] [1754311115.023184931] [solver_node]: 发布重定位TF: x=0.121, y=-0.036
[INFO] [1754311116.042779472] [solver_node]: 发布重定位TF: x=0.105, y=-0.032
[INFO] [1754311117.050123605] [solver_node]: 发布重定位TF: x=0.116, y=-0.040
[INFO] [1754311118.049956513] [solver_node]: 发布重定位TF: x=0.117, y=-0.048
[INFO] [1754311119.069802343] [solver_node]: 发布重定位TF: x=0.111, y=-0.041
[INFO] [1754311120.078045875] [solver_node]: 发布重定位TF: x=0.123, y=-0.034
[INFO] [1754311121.096411116] [solver_node]: 发布重定位TF: x=0.122, y=-0.040
[INFO] [1754311122.103748730] [solver_node]: 发布重定位TF: x=0.118, y=-0.038
[INFO] [1754311123.101672194] [solver_node]: 发布重定位TF: x=0.122, y=-0.037
[INFO] [1754311124.143460700] [solver_node]: 发布重定位TF: x=0.119, y=-0.041
[INFO] [1754311125.148745291] [solver_node]: 发布重定位TF: x=0.120, y=-0.031
[INFO] [1754311126.170078964] [solver_node]: 发布重定位TF: x=0.113, y=-0.039
[INFO] [1754311127.182874285] [solver_node]: 发布重定位TF: x=0.115, y=-0.042
[INFO] [1754311128.197983001] [solver_node]: 发布重定位TF: x=0.099, y=-0.032
[INFO] [1754311129.205605646] [solver_node]: 发布重定位TF: x=0.115, y=-0.033
[INFO] [1754311130.207919840] [solver_node]: 发布重定位TF: x=0.118, y=-0.041
[INFO] [1754311131.220120698] [solver_node]: 发布重定位TF: x=0.122, y=-0.040
[INFO] [1754311132.285332668] [solver_node]: 发布重定位TF: x=0.125, y=-0.037
[INFO] [1754311133.252665024] [solver_node]: 发布重定位TF: x=0.121, y=-0.042
[INFO] [1754311134.262247182] [solver_node]: 发布重定位TF: x=0.107, y=-0.040
[INFO] [1754311135.271653779] [solver_node]: 发布重定位TF: x=0.116, y=-0.043
[INFO] [1754311136.289238614] [solver_node]: 发布重定位TF: x=0.117, y=-0.043
[INFO] [1754311137.304961320] [solver_node]: 发布重定位TF: x=0.119, y=-0.043
[INFO] [1754311138.321118209] [solver_node]: 发布重定位TF: x=0.108, y=-0.034
[INFO] [1754311139.316188000] [solver_node]: 发布重定位TF: x=0.111, y=-0.034
[INFO] [1754311140.324320656] [solver_node]: 发布重定位TF: x=0.114, y=-0.031
[INFO] [1754311141.339553990] [solver_node]: 发布重定位TF: x=0.118, y=-0.033
[INFO] [1754311142.348455584] [solver_node]: 发布重定位TF: x=0.102, y=-0.028
[INFO] [1754311143.391083831] [solver_node]: 发布重定位TF: x=0.117, y=-0.036
[INFO] [1754311144.395688451] [solver_node]: 发布重定位TF: x=0.106, y=-0.028
[INFO] [1754311145.429383613] [solver_node]: 发布重定位TF: x=0.119, y=-0.041
[INFO] [1754311146.439900204] [solver_node]: 发布重定位TF: x=0.126, y=-0.039
[INFO] [1754311147.440935799] [solver_node]: 发布重定位TF: x=0.124, y=-0.043
[INFO] [1754311148.477506087] [solver_node]: 发布重定位TF: x=0.121, y=-0.044
[INFO] [1754311149.468783586] [solver_node]: 发布重定位TF: x=0.107, y=-0.028
[INFO] [1754311150.483997519] [solver_node]: 发布重定位TF: x=0.109, y=-0.037
[INFO] [1754311151.496481080] [solver_node]: 发布重定位TF: x=0.117, y=-0.042
[INFO] [1754311152.492871263] [solver_node]: 发布重定位TF: x=0.112, y=-0.037
[INFO] [1754311153.503324559] [solver_node]: 发布重定位TF: x=0.118, y=-0.039
[INFO] [1754311154.514033249] [solver_node]: 发布重定位TF: x=0.116, y=-0.045
[INFO] [1754311155.527511248] [solver_node]: 发布重定位TF: x=0.127, y=-0.030
[INFO] [1754311156.539798079] [solver_node]: 发布重定位TF: x=0.124, y=-0.032
[INFO] [1754311157.553829651] [solver_node]: 发布重定位TF: x=0.121, y=-0.044
[INFO] [1754311158.557452140] [solver_node]: 发布重定位TF: x=0.122, y=-0.044
[INFO] [1754311159.582604415] [solver_node]: 发布重定位TF: x=0.126, y=-0.029
[INFO] [1754311160.598508946] [solver_node]: 发布重定位TF: x=0.105, y=-0.038
[INFO] [1754311161.613728882] [solver_node]: 发布重定位TF: x=0.123, y=-0.046
[INFO] [1754311162.623089218] [solver_node]: 发布重定位TF: x=0.120, y=-0.033
[INFO] [1754311163.626008886] [solver_node]: 发布重定位TF: x=0.115, y=-0.046
[INFO] [1754311164.639424990] [solver_node]: 发布重定位TF: x=0.118, y=-0.020
[INFO] [1754311165.656601786] [solver_node]: 发布重定位TF: x=0.106, y=-0.027
[INFO] [1754311166.693988049] [solver_node]: 发布重定位TF: x=0.094, y=-0.028
[INFO] [1754311167.683666491] [solver_node]: 发布重定位TF: x=0.105, y=-0.035
[INFO] [1754311168.683540690] [solver_node]: 发布重定位TF: x=0.100, y=-0.024
[INFO] [1754311169.694295590] [solver_node]: 发布重定位TF: x=0.110, y=-0.036
[INFO] [1754311170.712155711] [solver_node]: 发布重定位TF: x=0.113, y=-0.033
[INFO] [1754311171.719826722] [solver_node]: 发布重定位TF: x=0.089, y=-0.032
[INFO] [1754311172.739069778] [solver_node]: 发布重定位TF: x=0.117, y=-0.034
[INFO] [1754311173.781422017] [solver_node]: 发布重定位TF: x=0.114, y=-0.030
[INFO] [1754311174.772491760] [solver_node]: 发布重定位TF: x=0.114, y=-0.035
[INFO] [1754311175.777358496] [solver_node]: 发布重定位TF: x=0.111, y=-0.039
[INFO] [1754311176.810116767] [solver_node]: 发布重定位TF: x=0.098, y=-0.033
[INFO] [1754311177.822827745] [solver_node]: 发布重定位TF: x=0.105, y=-0.028
[INFO] [1754311178.872357156] [solver_node]: 发布重定位TF: x=0.112, y=-0.027
[INFO] [1754311179.875335448] [solver_node]: 发布重定位TF: x=0.110, y=-0.027
[INFO] [1754311180.860675111] [solver_node]: 发布重定位TF: x=0.118, y=-0.024
[INFO] [1754311181.859456848] [solver_node]: 发布重定位TF: x=0.114, y=-0.024
[INFO] [1754311182.885958627] [solver_node]: 发布重定位TF: x=0.116, y=-0.027
[INFO] [1754311183.940769966] [solver_node]: 发布重定位TF: x=0.108, y=-0.037
[INFO] [1754311184.917399104] [solver_node]: 发布重定位TF: x=0.120, y=-0.036
[INFO] [1754311185.913900164] [solver_node]: 发布重定位TF: x=0.111, y=-0.030
[INFO] [1754311186.952900333] [solver_node]: 发布重定位TF: x=0.107, y=-0.035
[INFO] [1754311187.941360043] [solver_node]: 发布重定位TF: x=0.116, y=-0.045
[INFO] [1754311188.947963409] [solver_node]: 发布重定位TF: x=0.106, y=-0.041
[INFO] [1754311189.957051533] [solver_node]: 发布重定位TF: x=0.108, y=-0.031
[INFO] [1754311190.969152620] [solver_node]: 发布重定位TF: x=0.121, y=-0.031
[INFO] [1754311191.989864595] [solver_node]: 发布重定位TF: x=0.109, y=-0.034
[INFO] [1754311193.011006047] [solver_node]: 发布重定位TF: x=0.116, y=-0.023
[INFO] [1754311194.022126395] [solver_node]: 发布重定位TF: x=0.113, y=-0.033
[INFO] [1754311195.088876561] [solver_node]: 发布重定位TF: x=0.120, y=-0.040
[INFO] [1754311196.065042607] [solver_node]: 发布重定位TF: x=0.116, y=-0.041
[INFO] [1754311197.069288701] [solver_node]: 发布重定位TF: x=0.109, y=-0.040
[INFO] [1754311198.062644904] [solver_node]: 发布重定位TF: x=0.112, y=-0.036
[INFO] [1754311199.089116890] [solver_node]: 发布重定位TF: x=0.122, y=-0.035
[INFO] [1754311200.113296658] [solver_node]: 发布重定位TF: x=0.107, y=-0.039
[INFO] [1754311201.070203608] [solver_node]: 发布重定位TF: x=0.117, y=-0.035
[INFO] [1754311202.104957537] [solver_node]: 发布重定位TF: x=0.104, y=-0.032
[INFO] [1754311203.109440447] [solver_node]: 发布重定位TF: x=0.104, y=-0.033
[INFO] [1754311204.146024491] [solver_node]: 发布重定位TF: x=0.120, y=-0.029
[INFO] [1754311205.127618471] [solver_node]: 发布重定位TF: x=0.111, y=-0.050
[INFO] [1754311206.160806491] [solver_node]: 发布重定位TF: x=0.113, y=-0.028
[INFO] [1754311207.206341709] [solver_node]: 发布重定位TF: x=0.125, y=-0.029
[INFO] [1754311208.170091099] [solver_node]: 发布重定位TF: x=0.115, y=-0.040
[INFO] [1754311209.218686029] [solver_node]: 发布重定位TF: x=0.108, y=-0.029
[INFO] [1754311210.187010751] [solver_node]: 发布重定位TF: x=0.101, y=-0.023
[INFO] [1754311211.207520182] [solver_node]: 发布重定位TF: x=0.120, y=-0.037
[INFO] [1754311212.222587882] [solver_node]: 发布重定位TF: x=0.097, y=-0.021
[INFO] [1754311213.225551134] [solver_node]: 发布重定位TF: x=0.102, y=-0.039
[INFO] [1754311214.235440208] [solver_node]: 发布重定位TF: x=0.111, y=-0.029
[INFO] [1754311215.250985860] [solver_node]: 发布重定位TF: x=0.121, y=-0.025
[INFO] [1754311216.283005014] [solver_node]: 发布重定位TF: x=0.108, y=-0.011
[INFO] [1754311217.270254538] [solver_node]: 发布重定位TF: x=0.111, y=-0.035
[INFO] [1754311218.282806988] [solver_node]: 发布重定位TF: x=0.109, y=-0.033
[INFO] [1754311219.297455580] [solver_node]: 发布重定位TF: x=0.099, y=-0.029
[INFO] [1754311220.301899192] [solver_node]: 发布重定位TF: x=0.099, y=-0.028
[INFO] [1754311221.344911609] [solver_node]: 发布重定位TF: x=0.112, y=-0.022
[INFO] [1754311222.349929660] [solver_node]: 发布重定位TF: x=0.114, y=-0.027
[INFO] [1754311223.339174601] [solver_node]: 发布重定位TF: x=0.111, y=-0.030
[INFO] [1754311224.394070613] [solver_node]: 发布重定位TF: x=0.110, y=-0.039
[INFO] [1754311225.391952485] [solver_node]: 发布重定位TF: x=0.109, y=-0.029
[INFO] [1754311226.387055856] [solver_node]: 发布重定位TF: x=0.114, y=-0.025
[INFO] [1754311227.401633664] [solver_node]: 发布重定位TF: x=0.110, y=-0.029
[INFO] [1754311228.403206748] [solver_node]: 发布重定位TF: x=0.112, y=-0.032
[INFO] [1754311229.428461983] [solver_node]: 发布重定位TF: x=0.103, y=-0.034
[INFO] [1754311230.427628987] [solver_node]: 发布重定位TF: x=0.128, y=-0.029
[INFO] [1754311231.441425482] [solver_node]: 发布重定位TF: x=0.110, y=-0.045
[INFO] [1754311232.506481861] [solver_node]: 发布重定位TF: x=0.107, y=-0.028
[INFO] [1754311233.496167833] [solver_node]: 发布重定位TF: x=0.083, y=-0.032
[INFO] [1754311234.494767705] [solver_node]: 发布重定位TF: x=0.101, y=-0.042
[INFO] [1754311235.507386078] [solver_node]: 发布重定位TF: x=0.127, y=-0.030
[INFO] [1754311236.520583981] [solver_node]: 发布重定位TF: x=0.107, y=-0.031
[INFO] [1754311237.525730396] [solver_node]: 发布重定位TF: x=0.102, y=-0.033
[INFO] [1754311238.531020970] [solver_node]: 发布重定位TF: x=0.117, y=-0.028
[INFO] [1754311239.559077130] [solver_node]: 发布重定位TF: x=0.100, y=-0.029
[INFO] [1754311240.560662235] [solver_node]: 发布重定位TF: x=0.109, y=-0.042
[INFO] [1754311241.586368700] [solver_node]: 发布重定位TF: x=0.094, y=-0.039
[INFO] [1754311242.594744484] [solver_node]: 发布重定位TF: x=0.112, y=-0.033
[INFO] [1754311243.613860868] [solver_node]: 发布重定位TF: x=0.118, y=-0.025
[INFO] [1754311244.667962962] [solver_node]: 发布重定位TF: x=0.101, y=-0.030
[INFO] [1754311245.619694021] [solver_node]: 发布重定位TF: x=0.106, y=-0.030
[INFO] [1754311246.678897250] [solver_node]: 发布重定位TF: x=0.104, y=-0.021
[INFO] [1754311247.666715993] [solver_node]: 发布重定位TF: x=0.104, y=-0.029
[INFO] [1754311248.658292612] [solver_node]: 发布重定位TF: x=0.109, y=-0.042
[INFO] [1754311249.658327121] [solver_node]: 发布重定位TF: x=0.103, y=-0.028
[INFO] [1754311250.687297918] [solver_node]: 发布重定位TF: x=0.111, y=-0.030
[INFO] [1754311251.706214877] [solver_node]: 发布重定位TF: x=0.109, y=-0.042
[INFO] [1754311252.692167191] [solver_node]: 发布重定位TF: x=0.104, y=-0.034
[INFO] [1754311253.695662503] [solver_node]: 发布重定位TF: x=0.100, y=-0.029
[INFO] [1754311254.791640513] [solver_node]: 发布重定位TF: x=0.097, y=-0.036
[INFO] [1754311255.769215021] [solver_node]: 发布重定位TF: x=0.102, y=-0.029
[INFO] [1754311256.757979227] [solver_node]: 发布重定位TF: x=0.109, y=-0.025
[INFO] [1754311257.833895222] [solver_node]: 发布重定位TF: x=0.104, y=-0.034
[INFO] [1754311258.795826507] [solver_node]: 发布重定位TF: x=0.107, y=-0.034
[INFO] [1754311259.791516721] [solver_node]: 发布重定位TF: x=0.104, y=-0.023
[INFO] [1754311260.797305854] [solver_node]: 发布重定位TF: x=0.100, y=-0.029
[INFO] [1754311261.798613088] [solver_node]: 发布重定位TF: x=0.112, y=-0.043
[INFO] [1754311262.822169444] [solver_node]: 发布重定位TF: x=0.105, y=-0.030
[INFO] [1754311263.794357369] [solver_node]: 发布重定位TF: x=0.110, y=-0.036
[INFO] [1754311264.828461900] [solver_node]: 发布重定位TF: x=0.112, y=-0.029
[INFO] [1754311265.853469160] [solver_node]: 发布重定位TF: x=0.117, y=-0.036
[INFO] [1754311266.842160211] [solver_node]: 发布重定位TF: x=0.114, y=-0.035
[INFO] [1754311267.867778582] [solver_node]: 发布重定位TF: x=0.111, y=-0.036
[INFO] [1754311268.844263678] [solver_node]: 发布重定位TF: x=0.106, y=-0.037
[INFO] [1754311269.848326085] [solver_node]: 发布重定位TF: x=0.114, y=-0.032
[INFO] [1754311270.895319023] [solver_node]: 发布重定位TF: x=0.119, y=-0.025
[INFO] [1754311271.916483133] [solver_node]: 发布重定位TF: x=0.110, y=-0.039
[INFO] [1754311272.878020541] [solver_node]: 发布重定位TF: x=0.107, y=-0.022
[INFO] [1754311273.888794802] [solver_node]: 发布重定位TF: x=0.113, y=-0.038
[INFO] [1754311274.892133432] [solver_node]: 发布重定位TF: x=0.105, y=-0.038
[INFO] [1754311275.929125480] [solver_node]: 发布重定位TF: x=0.107, y=-0.036
[INFO] [1754311276.922616930] [solver_node]: 发布重定位TF: x=0.108, y=-0.038
[INFO] [1754311277.924894757] [solver_node]: 发布重定位TF: x=0.109, y=-0.037
[INFO] [1754311278.963310188] [solver_node]: 发布重定位TF: x=0.101, y=-0.043
[INFO] [1754311280.024522850] [solver_node]: 发布重定位TF: x=0.111, y=-0.042
[INFO] [1754311280.989050189] [solver_node]: 发布重定位TF: x=0.110, y=-0.023
[INFO] [1754311281.978179153] [solver_node]: 发布重定位TF: x=0.102, y=-0.026
[INFO] [1754311282.999414236] [solver_node]: 发布重定位TF: x=0.106, y=-0.026
[INFO] [1754311284.023651817] [solver_node]: 发布重定位TF: x=0.111, y=-0.033
[INFO] [1754311285.022912302] [solver_node]: 发布重定位TF: x=0.111, y=-0.033
[INFO] [1754311286.052455792] [solver_node]: 发布重定位TF: x=0.119, y=-0.022
[INFO] [1754311287.042636828] [solver_node]: 发布重定位TF: x=0.110, y=-0.026
[INFO] [1754311288.042068156] [solver_node]: 发布重定位TF: x=0.112, y=-0.028
[INFO] [1754311289.074637498] [solver_node]: 发布重定位TF: x=0.098, y=-0.028
[INFO] [1754311290.081136312] [solver_node]: 发布重定位TF: x=0.100, y=-0.032
[INFO] [1754311291.077601801] [solver_node]: 发布重定位TF: x=0.096, y=-0.028
[INFO] [1754311292.095111168] [solver_node]: 发布重定位TF: x=0.106, y=-0.038
[INFO] [1754311293.149002815] [solver_node]: 发布重定位TF: x=0.103, y=-0.038
[INFO] [1754311294.132592732] [solver_node]: 发布重定位TF: x=0.113, y=-0.032
[INFO] [1754311295.131141425] [solver_node]: 发布重定位TF: x=0.111, y=-0.023
[INFO] [1754311296.144749984] [solver_node]: 发布重定位TF: x=0.138, y=-0.053
[INFO] [1754311297.171244887] [solver_node]: 发布重定位TF: x=0.105, y=-0.037
[INFO] [1754311298.173367733] [solver_node]: 发布重定位TF: x=0.111, y=-0.026
[INFO] [1754311299.194137568] [solver_node]: 发布重定位TF: x=0.103, y=-0.038
[INFO] [1754311300.207121588] [solver_node]: 发布重定位TF: x=0.101, y=-0.031
[INFO] [1754311301.197160881] [solver_node]: 发布重定位TF: x=0.114, y=-0.015
[INFO] [1754311302.206232772] [solver_node]: 发布重定位TF: x=0.111, y=-0.035
[INFO] [1754311303.254121750] [solver_node]: 发布重定位TF: x=0.103, y=-0.034
[INFO] [1754311304.236963747] [solver_node]: 发布重定位TF: x=0.109, y=-0.022
[INFO] [1754311305.238689282] [solver_node]: 发布重定位TF: x=0.111, y=-0.030
[INFO] [1754311306.246608206] [solver_node]: 发布重定位TF: x=0.103, y=-0.030
[INFO] [1754311307.262335883] [solver_node]: 发布重定位TF: x=0.113, y=-0.035
[INFO] [1754311308.277171792] [solver_node]: 发布重定位TF: x=0.114, y=-0.042
[INFO] [1754311309.363823249] [solver_node]: 发布重定位TF: x=0.102, y=-0.026
[INFO] [1754311310.294976159] [solver_node]: 发布重定位TF: x=0.101, y=-0.037
[INFO] [1754311311.310198052] [solver_node]: 发布重定位TF: x=0.085, y=-0.020
[INFO] [1754311312.360033702] [solver_node]: 发布重定位TF: x=0.108, y=-0.028
[INFO] [1754311313.320104745] [solver_node]: 发布重定位TF: x=0.101, y=-0.032
[INFO] [1754311314.372405438] [solver_node]: 发布重定位TF: x=0.100, y=-0.037
[INFO] [1754311315.351348495] [solver_node]: 发布重定位TF: x=0.109, y=-0.028
[INFO] [1754311316.383598702] [solver_node]: 发布重定位TF: x=0.108, y=-0.035
[INFO] [1754311317.371089567] [solver_node]: 发布重定位TF: x=0.110, y=-0.036
[INFO] [1754311318.402711945] [solver_node]: 发布重定位TF: x=0.107, y=-0.037
[INFO] [1754311319.415923431] [solver_node]: 发布重定位TF: x=0.115, y=-0.039
[INFO] [1754311320.410828794] [solver_node]: 发布重定位TF: x=0.091, y=-0.040
[INFO] [1754311321.439430453] [solver_node]: 发布重定位TF: x=0.099, y=-0.024
[INFO] [1754311322.450568985] [solver_node]: 发布重定位TF: x=0.099, y=-0.025
[INFO] [1754311323.483408880] [solver_node]: 发布重定位TF: x=0.103, y=-0.036
[INFO] [1754311324.482821439] [solver_node]: 发布重定位TF: x=0.122, y=-0.034
[INFO] [1754311325.487039867] [solver_node]: 发布重定位TF: x=0.112, y=-0.035
[INFO] [1754311326.532055201] [solver_node]: 发布重定位TF: x=0.107, y=-0.028
[INFO] [1754311327.507050868] [solver_node]: 发布重定位TF: x=0.103, y=-0.032
[INFO] [1754311328.519923982] [solver_node]: 发布重定位TF: x=0.111, y=-0.032
[INFO] [1754311329.525242327] [solver_node]: 发布重定位TF: x=0.107, y=-0.029
[INFO] [1754311330.534140367] [solver_node]: 发布重定位TF: x=0.104, y=-0.039
[INFO] [1754311331.569037309] [solver_node]: 发布重定位TF: x=0.107, y=-0.046
[INFO] [1754311332.574208089] [solver_node]: 发布重定位TF: x=0.103, y=-0.035
[INFO] [1754311333.563691465] [solver_node]: 发布重定位TF: x=0.107, y=-0.026
[INFO] [1754311334.574032470] [solver_node]: 发布重定位TF: x=0.100, y=-0.028
[INFO] [1754311335.596837057] [solver_node]: 发布重定位TF: x=0.116, y=-0.019
[INFO] [1754311336.623375966] [solver_node]: 发布重定位TF: x=0.100, y=-0.034
[INFO] [1754311337.622469184] [solver_node]: 发布重定位TF: x=0.111, y=-0.027
[INFO] [1754311338.598985590] [solver_node]: 发布重定位TF: x=0.106, y=-0.026
[INFO] [1754311339.601015477] [solver_node]: 发布重定位TF: x=0.108, y=-0.029
[INFO] [1754311340.605830578] [solver_node]: 发布重定位TF: x=0.104, y=-0.022
[INFO] [1754311341.610651148] [solver_node]: 发布重定位TF: x=0.107, y=-0.031
[INFO] [1754311342.627481176] [solver_node]: 发布重定位TF: x=0.104, y=-0.038
[INFO] [1754311343.671749785] [solver_node]: 发布重定位TF: x=0.110, y=-0.031
[INFO] [1754311344.663055187] [solver_node]: 发布重定位TF: x=0.098, y=-0.033
[INFO] [1754311345.675159881] [solver_node]: 发布重定位TF: x=0.109, y=-0.029
[INFO] [1754311346.694328223] [solver_node]: 发布重定位TF: x=0.114, y=-0.027
[INFO] [1754311347.708965609] [solver_node]: 发布重定位TF: x=0.112, y=-0.024
[INFO] [1754311348.728990829] [solver_node]: 发布重定位TF: x=0.118, y=-0.027
[INFO] [1754311349.702200536] [solver_node]: 发布重定位TF: x=0.109, y=-0.028
[INFO] [1754311350.706135139] [solver_node]: 发布重定位TF: x=0.099, y=-0.024
[INFO] [1754311351.727190262] [solver_node]: 发布重定位TF: x=0.101, y=-0.035
[INFO] [1754311352.727338437] [solver_node]: 发布重定位TF: x=0.115, y=-0.032
[INFO] [1754311353.738543247] [solver_node]: 发布重定位TF: x=0.111, y=-0.035
[INFO] [1754311354.744260536] [solver_node]: 发布重定位TF: x=0.114, y=-0.024
[INFO] [1754311355.768172673] [solver_node]: 发布重定位TF: x=0.111, y=-0.026
[INFO] [1754311356.768004925] [solver_node]: 发布重定位TF: x=0.118, y=-0.033
[INFO] [1754311357.773934947] [solver_node]: 发布重定位TF: x=0.106, y=-0.039
[INFO] [1754311358.814133466] [solver_node]: 发布重定位TF: x=0.115, y=-0.036
[INFO] [1754311359.810357339] [solver_node]: 发布重定位TF: x=0.114, y=-0.037
[INFO] [1754311360.830524095] [solver_node]: 发布重定位TF: x=0.094, y=-0.032
[INFO] [1754311361.859595469] [solver_node]: 发布重定位TF: x=0.109, y=-0.034
[INFO] [1754311362.861290083] [solver_node]: 发布重定位TF: x=0.111, y=-0.036
[INFO] [1754311363.858332716] [solver_node]: 发布重定位TF: x=0.102, y=-0.033
[INFO] [1754311364.858254931] [solver_node]: 发布重定位TF: x=0.110, y=-0.019
[INFO] [1754311365.873285748] [solver_node]: 发布重定位TF: x=0.101, y=-0.035
[INFO] [1754311366.878980347] [solver_node]: 发布重定位TF: x=0.099, y=-0.019
[INFO] [1754311367.889668881] [solver_node]: 发布重定位TF: x=0.116, y=-0.028
[INFO] [1754311368.923047439] [solver_node]: 发布重定位TF: x=0.112, y=-0.030
[INFO] [1754311369.922004146] [solver_node]: 发布重定位TF: x=0.122, y=-0.026
[INFO] [1754311370.922875135] [solver_node]: 发布重定位TF: x=0.101, y=-0.036
[INFO] [1754311371.949485145] [solver_node]: 发布重定位TF: x=0.102, y=-0.025
[INFO] [1754311372.993846247] [solver_node]: 发布重定位TF: x=0.119, y=-0.035
[INFO] [1754311373.970691332] [solver_node]: 发布重定位TF: x=0.098, y=-0.036
[INFO] [1754311375.001485845] [solver_node]: 发布重定位TF: x=0.100, y=-0.030
[INFO] [1754311376.022495043] [solver_node]: 发布重定位TF: x=0.112, y=-0.034
[INFO] [1754311376.998985328] [solver_node]: 发布重定位TF: x=0.111, y=-0.027
[INFO] [1754311378.000634619] [solver_node]: 发布重定位TF: x=0.106, y=-0.029
[INFO] [1754311379.033188905] [solver_node]: 发布重定位TF: x=0.110, y=-0.028
[INFO] [1754311380.027578025] [solver_node]: 发布重定位TF: x=0.103, y=-0.027
[INFO] [1754311381.072848053] [solver_node]: 发布重定位TF: x=0.112, y=-0.037
[INFO] [1754311382.047760049] [solver_node]: 发布重定位TF: x=0.106, y=-0.032
[INFO] [1754311383.067362283] [solver_node]: 发布重定位TF: x=0.104, y=-0.040
[INFO] [1754311384.091604141] [solver_node]: 发布重定位TF: x=0.112, y=-0.036
[INFO] [1754311385.094384576] [solver_node]: 发布重定位TF: x=0.110, y=-0.035
[INFO] [1754311386.104755518] [solver_node]: 发布重定位TF: x=0.111, y=-0.027
[INFO] [1754311387.124743446] [solver_node]: 发布重定位TF: x=0.111, y=-0.047
[INFO] [1754311388.125092425] [solver_node]: 发布重定位TF: x=0.107, y=-0.032
[INFO] [1754311389.141583755] [solver_node]: 发布重定位TF: x=0.107, y=-0.036
[INFO] [1754311390.169644468] [solver_node]: 发布重定位TF: x=0.110, y=-0.036
[INFO] [1754311391.189104725] [solver_node]: 发布重定位TF: x=0.109, y=-0.030
[INFO] [1754311392.219176934] [solver_node]: 发布重定位TF: x=0.111, y=-0.032
[INFO] [1754311393.189058354] [solver_node]: 发布重定位TF: x=0.111, y=-0.039
[INFO] [1754311394.210740894] [solver_node]: 发布重定位TF: x=0.099, y=-0.026
[INFO] [1754311395.248051917] [solver_node]: 发布重定位TF: x=0.109, y=-0.033
[INFO] [1754311396.281757095] [solver_node]: 发布重定位TF: x=0.125, y=-0.042
[INFO] [1754311397.288747098] [solver_node]: 发布重定位TF: x=0.115, y=-0.035
[INFO] [1754311398.267155677] [solver_node]: 发布重定位TF: x=0.113, y=-0.039
[INFO] [1754311399.283939627] [solver_node]: 发布重定位TF: x=0.122, y=-0.036
[INFO] [1754311400.323569762] [solver_node]: 发布重定位TF: x=0.115, y=-0.037
[INFO] [1754311401.324678916] [solver_node]: 发布重定位TF: x=0.113, y=-0.034
[INFO] [1754311402.314613796] [solver_node]: 发布重定位TF: x=0.109, y=-0.037
[INFO] [1754311403.327164839] [solver_node]: 发布重定位TF: x=0.110, y=-0.032
[INFO] [1754311404.382899171] [solver_node]: 发布重定位TF: x=0.102, y=-0.033
[INFO] [1754311405.377397924] [solver_node]: 发布重定位TF: x=0.121, y=-0.032
[INFO] [1754311406.374440476] [solver_node]: 发布重定位TF: x=0.107, y=-0.035
[INFO] [1754311407.394303836] [solver_node]: 发布重定位TF: x=0.102, y=-0.033
[INFO] [1754311408.386008213] [solver_node]: 发布重定位TF: x=0.109, y=-0.034
[INFO] [1754311409.403274421] [solver_node]: 发布重定位TF: x=0.106, y=-0.033
[INFO] [1754311410.412313845] [solver_node]: 发布重定位TF: x=0.118, y=-0.030
[INFO] [1754311411.434966475] [solver_node]: 发布重定位TF: x=0.113, y=-0.027
[INFO] [1754311412.480665580] [solver_node]: 发布重定位TF: x=0.104, y=-0.027
[INFO] [1754311413.459581556] [solver_node]: 发布重定位TF: x=0.113, y=-0.029
[INFO] [1754311414.471694737] [solver_node]: 发布重定位TF: x=0.108, y=-0.028
[INFO] [1754311415.454782867] [solver_node]: 发布重定位TF: x=0.101, y=-0.023
[INFO] [1754311416.467405239] [solver_node]: 发布重定位TF: x=0.105, y=-0.041
[INFO] [1754311417.491078772] [solver_node]: 发布重定位TF: x=0.121, y=-0.035
[INFO] [1754311418.541693750] [solver_node]: 发布重定位TF: x=0.119, y=-0.033
[INFO] [1754311419.524678188] [solver_node]: 发布重定位TF: x=0.115, y=-0.036
[INFO] [1754311420.522513555] [solver_node]: 发布重定位TF: x=0.108, y=-0.032
[INFO] [1754311421.525658737] [solver_node]: 发布重定位TF: x=0.109, y=-0.029
[INFO] [1754311422.525297565] [solver_node]: 发布重定位TF: x=0.114, y=-0.029
[INFO] [1754311423.532367152] [solver_node]: 发布重定位TF: x=0.106, y=-0.028
[INFO] [1754311424.549932816] [solver_node]: 发布重定位TF: x=0.120, y=-0.020
[INFO] [1754311425.572848551] [solver_node]: 发布重定位TF: x=0.108, y=-0.028
[INFO] [1754311426.570518588] [solver_node]: 发布重定位TF: x=0.116, y=-0.037
[INFO] [1754311427.575392370] [solver_node]: 发布重定位TF: x=0.114, y=-0.030
[INFO] [1754311428.606427292] [solver_node]: 发布重定位TF: x=0.111, y=-0.034
[INFO] [1754311429.605238819] [solver_node]: 发布重定位TF: x=0.108, y=-0.035
[INFO] [1754311430.601967321] [solver_node]: 发布重定位TF: x=0.115, y=-0.032
[INFO] [1754311431.598842575] [solver_node]: 发布重定位TF: x=0.104, y=-0.033
[INFO] [1754311432.624952766] [solver_node]: 发布重定位TF: x=0.099, y=-0.029
[INFO] [1754311433.647836737] [solver_node]: 发布重定位TF: x=0.105, y=-0.026
[INFO] [1754311434.666182745] [solver_node]: 发布重定位TF: x=0.115, y=-0.028
[INFO] [1754311435.502494009] [solver_node]: TF发布线程已停止
[INFO] [1754311435.505271000] [solver_node]: 求解线程已停止
[INFO] [1754311435.506350577] [solver_node]: 位置更新线程已停止
[INFO] [1754311435.507934805] [solver_node]: Odom TF更新线程已停止
[INFO] [1754311435.595645221] [solver_node]: 重定位计算线程已停止
[INFO] [1754311435.599131508] [solver_node]: SolverNode资源清理完成
