[INFO] [1754210058.107861770] [solver_node]: [PerpendicularDistanceLocalizer] 前束索引: [2], 后束索引: [3, 4]
[INFO] [1754210058.108770516] [solver_node]: [PerpendicularDistanceLocalizer] 左束索引: [0], 右束索引: [1]
[INFO] [1754210058.110214921] [solver_node]: [PerpendicularDistanceLocalizer] 垂直距离定位器已初始化，需要调用calibrate()方法进行标定
[INFO] [1754210058.222824355] [solver_node]: SolverNode启动，进入初始化阶段，需要收集100次激光数据进行标定...
[INFO] [1754210058.750570761] [solver_node]: 标定数据收集进度: 1/100
[INFO] [1754210058.851665958] [solver_node]: 标定数据收集进度: 2/100
[INFO] [1754210058.949759259] [solver_node]: 标定数据收集进度: 3/100
[INFO] [1754210059.048814163] [solver_node]: 标定数据收集进度: 4/100
[INFO] [1754210059.147315545] [solver_node]: 标定数据收集进度: 5/100
[INFO] [1754210059.247388878] [solver_node]: 标定数据收集进度: 6/100
[INFO] [1754210059.347213124] [solver_node]: 标定数据收集进度: 7/100
[INFO] [1754210059.449497803] [solver_node]: 标定数据收集进度: 8/100
[INFO] [1754210059.548220969] [solver_node]: 标定数据收集进度: 9/100
[INFO] [1754210059.647795487] [solver_node]: 标定数据收集进度: 10/100
[INFO] [1754210059.747353938] [solver_node]: 标定数据收集进度: 11/100
[INFO] [1754210059.847543620] [solver_node]: 标定数据收集进度: 12/100
[INFO] [1754210059.952748753] [solver_node]: 标定数据收集进度: 13/100
[INFO] [1754210060.048234281] [solver_node]: 标定数据收集进度: 14/100
[INFO] [1754210060.147989845] [solver_node]: 标定数据收集进度: 15/100
[INFO] [1754210060.247969914] [solver_node]: 标定数据收集进度: 16/100
[INFO] [1754210060.348214177] [solver_node]: 标定数据收集进度: 17/100
[INFO] [1754210060.447986066] [solver_node]: 标定数据收集进度: 18/100
[INFO] [1754210060.550853673] [solver_node]: 标定数据收集进度: 19/100
[INFO] [1754210060.648500614] [solver_node]: 标定数据收集进度: 20/100
[INFO] [1754210060.747529565] [solver_node]: 标定数据收集进度: 21/100
[INFO] [1754210060.847405384] [solver_node]: 标定数据收集进度: 22/100
[INFO] [1754210060.977027296] [solver_node]: 标定数据收集进度: 23/100
[INFO] [1754210061.047323358] [solver_node]: 标定数据收集进度: 24/100
[INFO] [1754210061.148421859] [solver_node]: 标定数据收集进度: 25/100
[INFO] [1754210061.247417828] [solver_node]: 标定数据收集进度: 26/100
[INFO] [1754210061.348065883] [solver_node]: 标定数据收集进度: 27/100
[INFO] [1754210061.448112862] [solver_node]: 标定数据收集进度: 28/100
[INFO] [1754210061.551748852] [solver_node]: 标定数据收集进度: 29/100
[INFO] [1754210061.661621064] [solver_node]: 标定数据收集进度: 30/100
[INFO] [1754210061.748754883] [solver_node]: 标定数据收集进度: 31/100
[INFO] [1754210061.847581338] [solver_node]: 标定数据收集进度: 32/100
[INFO] [1754210061.960966574] [solver_node]: 标定数据收集进度: 33/100
[INFO] [1754210062.047462116] [solver_node]: 标定数据收集进度: 34/100
[INFO] [1754210062.147488022] [solver_node]: 标定数据收集进度: 35/100
[INFO] [1754210062.254856281] [solver_node]: 标定数据收集进度: 36/100
[INFO] [1754210062.347301824] [solver_node]: 标定数据收集进度: 37/100
[INFO] [1754210062.447332019] [solver_node]: 标定数据收集进度: 38/100
[INFO] [1754210062.558689947] [solver_node]: 标定数据收集进度: 39/100
[INFO] [1754210062.671169268] [solver_node]: 标定数据收集进度: 40/100
[INFO] [1754210062.750625427] [solver_node]: 标定数据收集进度: 41/100
[INFO] [1754210062.851472075] [solver_node]: 标定数据收集进度: 42/100
[INFO] [1754210062.949473267] [solver_node]: 标定数据收集进度: 43/100
[INFO] [1754210063.050809936] [solver_node]: 标定数据收集进度: 44/100
[INFO] [1754210063.147902305] [solver_node]: 标定数据收集进度: 45/100
[INFO] [1754210063.248532861] [solver_node]: 标定数据收集进度: 46/100
[INFO] [1754210063.348036877] [solver_node]: 标定数据收集进度: 47/100
[INFO] [1754210063.450786370] [solver_node]: 标定数据收集进度: 48/100
[INFO] [1754210063.549837894] [solver_node]: 标定数据收集进度: 49/100
[INFO] [1754210063.651296423] [solver_node]: 标定数据收集进度: 50/100
[INFO] [1754210063.751245440] [solver_node]: 标定数据收集进度: 51/100
[INFO] [1754210063.853890396] [solver_node]: 标定数据收集进度: 52/100
[INFO] [1754210063.951788333] [solver_node]: 标定数据收集进度: 53/100
[INFO] [1754210064.055847191] [solver_node]: 标定数据收集进度: 54/100
[INFO] [1754210064.148595290] [solver_node]: 标定数据收集进度: 55/100
[INFO] [1754210064.248485702] [solver_node]: 标定数据收集进度: 56/100
[INFO] [1754210064.355821155] [solver_node]: 标定数据收集进度: 57/100
[INFO] [1754210064.447340166] [solver_node]: 标定数据收集进度: 58/100
[INFO] [1754210064.549648713] [solver_node]: 标定数据收集进度: 59/100
[INFO] [1754210064.680741572] [solver_node]: 标定数据收集进度: 60/100
[INFO] [1754210064.755091153] [solver_node]: 标定数据收集进度: 61/100
[INFO] [1754210064.852440714] [solver_node]: 标定数据收集进度: 62/100
[INFO] [1754210064.959348770] [solver_node]: 标定数据收集进度: 63/100
[INFO] [1754210065.053264129] [solver_node]: 标定数据收集进度: 64/100
[INFO] [1754210065.148628064] [solver_node]: 标定数据收集进度: 65/100
[INFO] [1754210065.247750499] [solver_node]: 标定数据收集进度: 66/100
[INFO] [1754210065.348153388] [solver_node]: 标定数据收集进度: 67/100
[INFO] [1754210065.447842705] [solver_node]: 标定数据收集进度: 68/100
[INFO] [1754210065.548434085] [solver_node]: 标定数据收集进度: 69/100
[INFO] [1754210065.647307342] [solver_node]: 标定数据收集进度: 70/100
[INFO] [1754210065.748380370] [solver_node]: 标定数据收集进度: 71/100
[INFO] [1754210065.852308840] [solver_node]: 标定数据收集进度: 72/100
[INFO] [1754210065.948286933] [solver_node]: 标定数据收集进度: 73/100
[INFO] [1754210066.050007591] [solver_node]: 标定数据收集进度: 74/100
[INFO] [1754210066.149855805] [solver_node]: 标定数据收集进度: 75/100
[INFO] [1754210066.250094796] [solver_node]: 标定数据收集进度: 76/100
[INFO] [1754210066.348896533] [solver_node]: 标定数据收集进度: 77/100
[INFO] [1754210066.448023495] [solver_node]: 标定数据收集进度: 78/100
[INFO] [1754210066.571547511] [solver_node]: 标定数据收集进度: 79/100
[INFO] [1754210066.648064289] [solver_node]: 标定数据收集进度: 80/100
[INFO] [1754210066.750315641] [solver_node]: 标定数据收集进度: 81/100
[INFO] [1754210066.850045492] [solver_node]: 标定数据收集进度: 82/100
[INFO] [1754210066.948771564] [solver_node]: 标定数据收集进度: 83/100
[INFO] [1754210067.050359911] [solver_node]: 标定数据收集进度: 84/100
[INFO] [1754210067.147517719] [solver_node]: 标定数据收集进度: 85/100
[INFO] [1754210067.247196442] [solver_node]: 标定数据收集进度: 86/100
[INFO] [1754210067.348985364] [solver_node]: 标定数据收集进度: 87/100
[INFO] [1754210067.451746854] [solver_node]: 标定数据收集进度: 88/100
[INFO] [1754210067.548882290] [solver_node]: 标定数据收集进度: 89/100
[INFO] [1754210067.652048863] [solver_node]: 标定数据收集进度: 90/100
[INFO] [1754210067.755095473] [solver_node]: 标定数据收集进度: 91/100
[INFO] [1754210067.847494012] [solver_node]: 标定数据收集进度: 92/100
[INFO] [1754210067.953318746] [solver_node]: 标定数据收集进度: 93/100
[INFO] [1754210068.051858550] [solver_node]: 标定数据收集进度: 94/100
[INFO] [1754210068.151213227] [solver_node]: 标定数据收集进度: 95/100
[INFO] [1754210068.250108922] [solver_node]: 标定数据收集进度: 96/100
[INFO] [1754210068.347469145] [solver_node]: 标定数据收集进度: 97/100
[INFO] [1754210068.448891220] [solver_node]: 标定数据收集进度: 98/100
[INFO] [1754210068.547533452] [solver_node]: 标定数据收集进度: 99/100
[INFO] [1754210068.658640340] [solver_node]: 标定数据收集进度: 100/100
[INFO] [1754210068.666316010] [solver_node]: 标定数据收集完成，开始标定过程...
[INFO] [1754210068.682648011] [solver_node]: 开始标定，收集到的数据shape: (100, 5)
[INFO] [1754210068.686880492] [solver_node]: [PerpendicularDistanceLocalizer] 开始标定，扫描数据shape: (100, 5)
[INFO] [1754210068.696696631] [solver_node]: [PerpendicularDistanceLocalizer] 标定完成: m=10.049, n=10.370
[INFO] [1754210068.699368578] [solver_node]: [PerpendicularDistanceLocalizer] 前后左右平均距离: 前=1.010, 后=9.039, 左=5.468, 右=4.901
[INFO] [1754210068.701375899] [solver_node]: [PerpendicularDistanceLocalizer] 计算的初始位姿: x=1.010, y=5.468, phi=3.142
[INFO] [1754210068.703574685] [solver_node]: 标定完成: m=10.049, n=10.370
[INFO] [1754210068.705893883] [solver_node]: 初始位姿: x=1.010, y=5.468, phi=3.142
[INFO] [1754210068.715096703] [solver_node]: 发布静态变换: translation=(-5.468, 1.010, 0.0), rotation=-1.571
[INFO] [1754210068.720242121] [solver_node]: 初始化阶段完成，进入运行阶段
[INFO] [1754210068.925593188] [solver_node]: 收到5个激光点，处理后5个有效点
[INFO] [1754210068.928443766] [solver_node]: 收到5个激光点，处理后5个有效点
[INFO] [1754210068.932683865] [solver_node]: 当前位置: x=1.002, y=5.477, angle=-3.139
[INFO] [1754210068.934126933] [solver_node]: 激光距离数据: [4.892 4.325 0.569 6.781 6.784]
[INFO] [1754210068.973824641] [solver_node]: 角度求解器返回 2 个解
[INFO] [1754210068.976008320] [solver_node]: 有效解: x=1.154, y=5.464, 距离=0.152
[INFO] [1754210068.977006107] [solver_node]: 有效解: x=1.011, y=5.468, 距离=0.013
[INFO] [1754210068.978770591] [solver_node]: 选择最佳解: x=1.011, y=5.468, 距离=0.013
[INFO] [1754210068.980176691] [solver_node]: 发布laser_dist_link变换: x=1.011, y=5.468, angle=-3.139
[INFO] [1754210068.981058485] [solver_node]: 成功发布laser_dist_link变换
[INFO] [1754210068.982040460] [solver_node]: 收到5个激光点，处理后5个有效点
[INFO] [1754210069.002309742] [solver_node]: 当前位置: x=1.005, y=5.476, angle=-3.139
[INFO] [1754210069.018310424] [solver_node]: 激光距离数据: [4.892 4.325 0.569 6.781 6.784]
[INFO] [1754210069.070491359] [solver_node]: 角度求解器返回 2 个解
[INFO] [1754210069.071455631] [solver_node]: 有效解: x=1.155, y=5.464, 距离=0.150
[INFO] [1754210069.072138179] [solver_node]: 有效解: x=1.011, y=5.468, 距离=0.010
[INFO] [1754210069.072815157] [solver_node]: 选择最佳解: x=1.011, y=5.468, 距离=0.010
[INFO] [1754210069.074168057] [solver_node]: 发布laser_dist_link变换: x=1.011, y=5.468, angle=-3.139
[INFO] [1754210069.074855982] [solver_node]: 成功发布laser_dist_link变换
[INFO] [1754210069.097163296] [solver_node]: 收到5个激光点，处理后5个有效点
[INFO] [1754210069.107635766] [solver_node]: 当前位置: x=1.023, y=5.472, angle=-3.141
[INFO] [1754210069.116419455] [solver_node]: 激光距离数据: [4.892 4.325 0.569 6.781 6.784]
[INFO] [1754210069.148612297] [solver_node]: 角度求解器返回 2 个解
[INFO] [1754210069.149570616] [solver_node]: 有效解: x=1.159, y=5.468, 距离=0.135
[INFO] [1754210069.150238568] [solver_node]: 有效解: x=1.010, y=5.468, 距离=0.013
[INFO] [1754210069.150928253] [solver_node]: 选择最佳解: x=1.010, y=5.468, 距离=0.013
[INFO] [1754210069.152055313] [solver_node]: 发布laser_dist_link变换: x=1.010, y=5.468, angle=-3.141
[INFO] [1754210069.152693787] [solver_node]: 成功发布laser_dist_link变换
[INFO] [1754210069.156141283] [solver_node]: 收到5个激光点，处理后5个有效点
[INFO] [1754210069.170112237] [solver_node]: 当前位置: x=1.021, y=5.467, angle=3.142
[INFO] [1754210069.172995612] [solver_node]: 激光距离数据: [4.892 4.325 0.569 6.781 6.784]
[INFO] [1754210069.240230838] [solver_node]: 角度求解器返回 2 个解
[INFO] [1754210069.248667188] [solver_node]: 有效解: x=1.159, y=5.468, 距离=0.138
[INFO] [1754210069.249980400] [solver_node]: 有效解: x=1.010, y=5.468, 距离=0.011
[INFO] [1754210069.250740116] [solver_node]: 选择最佳解: x=1.010, y=5.468, 距离=0.011
[INFO] [1754210069.252848059] [solver_node]: 发布laser_dist_link变换: x=1.010, y=5.468, angle=3.142
[INFO] [1754210069.253977327] [solver_node]: 成功发布laser_dist_link变换
[INFO] [1754210069.255582666] [solver_node]: 收到5个激光点，处理后5个有效点
[INFO] [1754210069.262911257] [solver_node]: 当前位置: x=1.021, y=5.468, angle=3.142
[INFO] [1754210069.273519853] [solver_node]: 激光距离数据: [4.892 4.325 0.569 6.784 6.784]
[INFO] [1754210069.295537728] [solver_node]: 角度求解器返回 2 个解
[INFO] [1754210069.304141091] [solver_node]: 有效解: x=1.159, y=5.468, 距离=0.138
[INFO] [1754210069.305005085] [solver_node]: 有效解: x=1.010, y=5.468, 距离=0.011
[INFO] [1754210069.307063034] [solver_node]: 选择最佳解: x=1.010, y=5.468, 距离=0.011
[INFO] [1754210069.308236311] [solver_node]: 发布laser_dist_link变换: x=1.010, y=5.468, angle=3.142
[INFO] [1754210069.308912457] [solver_node]: 成功发布laser_dist_link变换
[INFO] [1754210069.349620610] [solver_node]: 收到5个激光点，处理后5个有效点
[INFO] [1754210069.354217699] [solver_node]: 当前位置: x=1.011, y=5.479, angle=-3.141
[INFO] [1754210069.355856709] [solver_node]: 激光距离数据: [4.892 4.325 0.569 6.784 6.784]
[INFO] [1754210069.363132616] [solver_node]: 角度求解器返回 2 个解
[INFO] [1754210069.363967677] [solver_node]: 有效解: x=1.159, y=5.468, 距离=0.148
[INFO] [1754210069.364679159] [solver_node]: 有效解: x=1.010, y=5.468, 距离=0.010
[INFO] [1754210069.365887676] [solver_node]: 选择最佳解: x=1.010, y=5.468, 距离=0.010
[INFO] [1754210069.369051879] [solver_node]: 发布laser_dist_link变换: x=1.010, y=5.468, angle=-3.141
[INFO] [1754210069.369870232] [solver_node]: 成功发布laser_dist_link变换
[INFO] [1754210069.529675277] [solver_node]: 收到5个激光点，处理后5个有效点
[INFO] [1754210069.534164663] [solver_node]: 当前位置: x=1.014, y=5.481, angle=3.141
[INFO] [1754210069.535408003] [solver_node]: 激光距离数据: [4.892 4.325 0.569 6.784 6.784]
[INFO] [1754210069.557313055] [solver_node]: 角度求解器返回 2 个解
[INFO] [1754210069.558108811] [solver_node]: 有效解: x=1.160, y=5.469, 距离=0.146
[INFO] [1754210069.558793118] [solver_node]: 有效解: x=1.010, y=5.468, 距离=0.013
[INFO] [1754210069.559510681] [solver_node]: 选择最佳解: x=1.010, y=5.468, 距离=0.013
[INFO] [1754210069.560844569] [solver_node]: 发布laser_dist_link变换: x=1.010, y=5.468, angle=3.141
[INFO] [1754210069.561585978] [solver_node]: 成功发布laser_dist_link变换
[INFO] [1754210069.562447828] [solver_node]: 收到5个激光点，处理后5个有效点
[INFO] [1754210069.575422086] [solver_node]: 当前位置: x=1.014, y=5.480, angle=3.141
[INFO] [1754210069.576638605] [solver_node]: 激光距离数据: [4.892 4.325 0.569 6.784 6.788]
[INFO] [1754210069.590958338] [solver_node]: 角度求解器返回 2 个解
[INFO] [1754210069.591747276] [solver_node]: 有效解: x=1.158, y=5.469, 距离=0.145
[INFO] [1754210069.592414268] [solver_node]: 有效解: x=1.008, y=5.468, 距离=0.013
[INFO] [1754210069.593171200] [solver_node]: 选择最佳解: x=1.008, y=5.468, 距离=0.013
[INFO] [1754210069.594373892] [solver_node]: 发布laser_dist_link变换: x=1.008, y=5.468, angle=3.141
[INFO] [1754210069.595018223] [solver_node]: 成功发布laser_dist_link变换
[INFO] [1754210069.749459806] [solver_node]: 收到5个激光点，处理后5个有效点
[INFO] [1754210069.752052974] [solver_node]: 收到5个激光点，处理后5个有效点
[INFO] [1754210069.759551297] [solver_node]: 当前位置: x=1.013, y=5.480, angle=3.141
[INFO] [1754210069.760904934] [solver_node]: 激光距离数据: [4.892 4.325 0.569 6.783 6.788]
[INFO] [1754210069.770345853] [solver_node]: 角度求解器返回 2 个解
[INFO] [1754210069.771145097] [solver_node]: 有效解: x=1.158, y=5.469, 距离=0.146
[INFO] [1754210069.771878184] [solver_node]: 有效解: x=1.008, y=5.468, 距离=0.013
[INFO] [1754210069.772547608] [solver_node]: 选择最佳解: x=1.008, y=5.468, 距离=0.013
[INFO] [1754210069.782127886] [solver_node]: 发布laser_dist_link变换: x=1.008, y=5.468, angle=3.141
[INFO] [1754210069.783024335] [solver_node]: 成功发布laser_dist_link变换
[INFO] [1754210069.854059647] [solver_node]: 收到5个激光点，处理后5个有效点
[INFO] [1754210069.874850121] [solver_node]: 当前位置: x=1.018, y=5.481, angle=3.141
[INFO] [1754210069.876248375] [solver_node]: 激光距离数据: [4.892 4.325 0.569 6.783 6.788]
[INFO] [1754210069.894768152] [solver_node]: 角度求解器返回 2 个解
[INFO] [1754210069.921808968] [solver_node]: 有效解: x=1.158, y=5.469, 距离=0.141
[INFO] [1754210069.922669794] [solver_node]: 有效解: x=1.008, y=5.468, 距离=0.016
[INFO] [1754210069.923413923] [solver_node]: 选择最佳解: x=1.008, y=5.468, 距离=0.016
[INFO] [1754210069.924502862] [solver_node]: 发布laser_dist_link变换: x=1.008, y=5.468, angle=3.141
[INFO] [1754210069.925186466] [solver_node]: 成功发布laser_dist_link变换
[INFO] [1754210070.202749906] [solver_node]: 收到5个激光点，处理后5个有效点
[INFO] [1754210070.206092280] [solver_node]: 当前位置: x=1.016, y=5.478, angle=3.141
[INFO] [1754210070.207277172] [solver_node]: 激光距离数据: [4.892 4.325 0.569 6.783 6.788]
[INFO] [1754210070.216310900] [solver_node]: 角度求解器返回 2 个解
[INFO] [1754210070.217780396] [solver_node]: 有效解: x=1.158, y=5.469, 距离=0.142
[INFO] [1754210070.218607132] [solver_node]: 有效解: x=1.008, y=5.468, 距离=0.013
[INFO] [1754210070.219337783] [solver_node]: 选择最佳解: x=1.008, y=5.468, 距离=0.013
[INFO] [1754210070.220663057] [solver_node]: 发布laser_dist_link变换: x=1.008, y=5.468, angle=3.141
[INFO] [1754210070.221627742] [solver_node]: 成功发布laser_dist_link变换
[INFO] [1754210070.222537951] [solver_node]: 收到5个激光点，处理后5个有效点
[INFO] [1754210070.224978150] [solver_node]: 收到5个激光点，处理后5个有效点
[INFO] [1754210070.237617764] [solver_node]: 当前位置: x=1.019, y=5.461, angle=-3.140
[INFO] [1754210070.239395101] [solver_node]: 激光距离数据: [4.892 4.325 0.569 6.783 6.788]
[INFO] [1754210070.252646653] [solver_node]: 角度求解器返回 2 个解
[INFO] [1754210070.253558559] [solver_node]: 有效解: x=1.155, y=5.466, 距离=0.136
[INFO] [1754210070.254375341] [solver_node]: 有效解: x=1.009, y=5.468, 距离=0.013
[INFO] [1754210070.255179576] [solver_node]: 选择最佳解: x=1.009, y=5.468, 距离=0.013
[INFO] [1754210070.256677718] [solver_node]: 发布laser_dist_link变换: x=1.009, y=5.468, angle=-3.140
[INFO] [1754210070.257446009] [solver_node]: 成功发布laser_dist_link变换
[INFO] [1754210070.258463762] [solver_node]: 收到5个激光点，处理后5个有效点
[INFO] [1754210070.277208097] [solver_node]: 当前位置: x=1.008, y=5.477, angle=3.141
[INFO] [1754210070.278857887] [solver_node]: 激光距离数据: [4.892 4.325 0.569 6.783 6.789]
[INFO] [1754210070.295256124] [solver_node]: 角度求解器返回 2 个解
[INFO] [1754210070.300479250] [solver_node]: 有效解: x=1.158, y=5.469, 距离=0.150
[INFO] [1754210070.302720206] [solver_node]: 有效解: x=1.008, y=5.468, 距离=0.009
[INFO] [1754210070.303584742] [solver_node]: 选择最佳解: x=1.008, y=5.468, 距离=0.009
[INFO] [1754210070.304835632] [solver_node]: 发布laser_dist_link变换: x=1.008, y=5.468, angle=3.141
[INFO] [1754210070.305754035] [solver_node]: 成功发布laser_dist_link变换
[INFO] [1754210070.432181765] [solver_node]: 收到5个激光点，处理后5个有效点
[INFO] [1754210070.440341804] [solver_node]: 当前位置: x=0.994, y=5.481, angle=3.141
[INFO] [1754210070.443018532] [solver_node]: 激光距离数据: [4.892 4.325 0.569 6.783 6.789]
[INFO] [1754210070.448944656] [solver_node]: 角度求解器返回 2 个解
[INFO] [1754210070.449771647] [solver_node]: 有效解: x=1.158, y=5.469, 距离=0.164
[INFO] [1754210070.450551941] [solver_node]: 有效解: x=1.008, y=5.468, 距离=0.019
[INFO] [1754210070.451269054] [solver_node]: 选择最佳解: x=1.008, y=5.468, 距离=0.019
[INFO] [1754210070.452485152] [solver_node]: 发布laser_dist_link变换: x=1.008, y=5.468, angle=3.141
[INFO] [1754210070.454089493] [solver_node]: 成功发布laser_dist_link变换
[INFO] [1754210070.454950988] [solver_node]: 收到5个激光点，处理后5个有效点
[INFO] [1754210070.473760201] [solver_node]: 当前位置: x=1.004, y=5.478, angle=-3.140
[INFO] [1754210070.475059645] [solver_node]: 激光距离数据: [4.892 4.325 0.569 6.783 6.789]
[INFO] [1754210070.480930077] [solver_node]: 角度求解器返回 2 个解
[INFO] [1754210070.484807061] [solver_node]: 有效解: x=1.155, y=5.466, 距离=0.151
[INFO] [1754210070.485688080] [solver_node]: 有效解: x=1.008, y=5.468, 距离=0.010
[INFO] [1754210070.486406793] [solver_node]: 选择最佳解: x=1.008, y=5.468, 距离=0.010
[INFO] [1754210070.492574279] [solver_node]: 发布laser_dist_link变换: x=1.008, y=5.468, angle=-3.140
[INFO] [1754210070.493397974] [solver_node]: 成功发布laser_dist_link变换
[INFO] [1754210070.735451684] [solver_node]: 收到5个激光点，处理后5个有效点
[INFO] [1754210070.739407308] [solver_node]: 当前位置: x=1.018, y=5.480, angle=-3.141
[INFO] [1754210070.740718659] [solver_node]: 激光距离数据: [4.892 4.325 0.569 6.785 6.789]
[INFO] [1754210070.748166354] [solver_node]: 角度求解器返回 2 个解
[INFO] [1754210070.750625244] [solver_node]: 有效解: x=1.156, y=5.467, 距离=0.139
[INFO] [1754210070.752919076] [solver_node]: 有效解: x=1.008, y=5.468, 距离=0.015
[INFO] [1754210070.754946642] [solver_node]: 选择最佳解: x=1.008, y=5.468, 距离=0.015
[INFO] [1754210070.758099665] [solver_node]: 发布laser_dist_link变换: x=1.008, y=5.468, angle=-3.141
[INFO] [1754210070.760602628] [solver_node]: 成功发布laser_dist_link变换
[INFO] [1754210070.762999298] [solver_node]: 收到5个激光点，处理后5个有效点
[INFO] [1754210070.765376699] [solver_node]: 收到5个激光点，处理后5个有效点
[INFO] [1754210070.794048008] [solver_node]: 当前位置: x=1.015, y=5.483, angle=-3.141
[INFO] [1754210070.798335063] [solver_node]: 激光距离数据: [4.892 4.325 0.569 6.785 6.789]
[INFO] [1754210070.815372315] [solver_node]: 角度求解器返回 2 个解
[INFO] [1754210070.826659546] [solver_node]: 有效解: x=1.157, y=5.468, 距离=0.143
[INFO] [1754210070.831749587] [solver_node]: 有效解: x=1.008, y=5.468, 距离=0.016
[INFO] [1754210070.842360386] [solver_node]: 选择最佳解: x=1.008, y=5.468, 距离=0.016
[INFO] [1754210070.845310581] [solver_node]: 发布laser_dist_link变换: x=1.008, y=5.468, angle=-3.141
[INFO] [1754210070.847228749] [solver_node]: 成功发布laser_dist_link变换
[INFO] [1754210070.901279403] [solver_node]: 收到5个激光点，处理后5个有效点
[INFO] [1754210070.909409611] [solver_node]: 当前位置: x=1.017, y=5.468, angle=-3.141
[INFO] [1754210070.910621580] [solver_node]: 激光距离数据: [4.892 4.325 0.569 6.785 6.789]
[INFO] [1754210070.961589659] [solver_node]: 角度求解器返回 2 个解
[INFO] [1754210070.966776073] [solver_node]: 有效解: x=1.156, y=5.467, 距离=0.139
[INFO] [1754210070.973748467] [solver_node]: 有效解: x=1.008, y=5.468, 距离=0.009
[INFO] [1754210070.981281460] [solver_node]: 选择最佳解: x=1.008, y=5.468, 距离=0.009
[INFO] [1754210070.986706004] [solver_node]: 发布laser_dist_link变换: x=1.008, y=5.468, angle=-3.141
[INFO] [1754210070.987715467] [solver_node]: 成功发布laser_dist_link变换
[INFO] [1754210070.999448072] [solver_node]: 收到5个激光点，处理后5个有效点
[INFO] [1754210071.015298784] [solver_node]: 当前位置: x=0.991, y=5.466, angle=3.141
[INFO] [1754210071.032644298] [solver_node]: 激光距离数据: [4.892 4.325 0.569 6.785 6.789]
[INFO] [1754210071.066639149] [solver_node]: 角度求解器返回 2 个解
[INFO] [1754210071.084469693] [solver_node]: 有效解: x=1.159, y=5.470, 距离=0.168
[INFO] [1754210071.106287150] [solver_node]: 有效解: x=1.007, y=5.468, 距离=0.017
[INFO] [1754210071.142069799] [solver_node]: 选择最佳解: x=1.007, y=5.468, 距离=0.017
[INFO] [1754210071.154825650] [solver_node]: 发布laser_dist_link变换: x=1.007, y=5.468, angle=3.141
[INFO] [1754210071.164110567] [solver_node]: 成功发布laser_dist_link变换
[INFO] [1754210071.169773991] [solver_node]: 收到5个激光点，处理后5个有效点
[INFO] [1754210071.172265968] [solver_node]: 收到5个激光点，处理后5个有效点
[INFO] [1754210071.196530369] [solver_node]: 当前位置: x=0.999, y=5.465, angle=3.138
[INFO] [1754210071.199095674] [solver_node]: 激光距离数据: [4.892 4.325 0.569 6.784 6.789]
[INFO] [1754210071.236023330] [solver_node]: 角度求解器返回 2 个解
[INFO] [1754210071.238376206] [solver_node]: 有效解: x=1.162, y=5.473, 距离=0.163
[INFO] [1754210071.241782838] [solver_node]: 有效解: x=1.007, y=5.468, 距离=0.008
[INFO] [1754210071.248490576] [solver_node]: 选择最佳解: x=1.007, y=5.468, 距离=0.008
[INFO] [1754210071.268008737] [solver_node]: 发布laser_dist_link变换: x=1.007, y=5.468, angle=3.138
[INFO] [1754210071.274525972] [solver_node]: 成功发布laser_dist_link变换
[INFO] [1754210071.290903700] [solver_node]: 收到5个激光点，处理后5个有效点
[INFO] [1754210071.326401553] [solver_node]: 当前位置: x=1.013, y=5.475, angle=3.141
[INFO] [1754210071.329803192] [solver_node]: 激光距离数据: [4.892 4.325 0.569 6.784 6.789]
[INFO] [1754210071.357965912] [solver_node]: 角度求解器返回 2 个解
[INFO] [1754210071.383557887] [solver_node]: 有效解: x=1.159, y=5.470, 距离=0.146
[INFO] [1754210071.384510630] [solver_node]: 有效解: x=1.007, y=5.468, 距离=0.009
[INFO] [1754210071.385438760] [solver_node]: 选择最佳解: x=1.007, y=5.468, 距离=0.009
[INFO] [1754210071.386836332] [solver_node]: 发布laser_dist_link变换: x=1.007, y=5.468, angle=3.141
[INFO] [1754210071.387836381] [solver_node]: 成功发布laser_dist_link变换
[INFO] [1754210071.399410193] [solver_node]: 收到5个激光点，处理后5个有效点
[INFO] [1754210071.422627399] [solver_node]: 当前位置: x=1.018, y=5.482, angle=3.141
[INFO] [1754210071.434417992] [solver_node]: 激光距离数据: [4.892 4.325 0.569 6.784 6.789]
[INFO] [1754210071.440963200] [solver_node]: 角度求解器返回 2 个解
[INFO] [1754210071.452692020] [solver_node]: 有效解: x=1.157, y=5.468, 距离=0.140
[INFO] [1754210071.462550722] [solver_node]: 有效解: x=1.008, y=5.468, 距离=0.017
[INFO] [1754210071.465444190] [solver_node]: 选择最佳解: x=1.008, y=5.468, 距离=0.017
[INFO] [1754210071.467104762] [solver_node]: 发布laser_dist_link变换: x=1.008, y=5.468, angle=3.141
[INFO] [1754210071.468059905] [solver_node]: 成功发布laser_dist_link变换
[INFO] [1754210071.469235159] [solver_node]: 收到5个激光点，处理后5个有效点
[INFO] [1754210071.509570504] [solver_node]: 当前位置: x=1.016, y=5.492, angle=-3.140
[INFO] [1754210071.511200893] [solver_node]: 激光距离数据: [4.892 4.325 0.569 6.784 6.789]
[INFO] [1754210071.548267522] [solver_node]: 角度求解器返回 2 个解
[INFO] [1754210071.549381323] [solver_node]: 有效解: x=1.155, y=5.467, 距离=0.142
[INFO] [1754210071.550165743] [solver_node]: 有效解: x=1.008, y=5.468, 距离=0.025
[INFO] [1754210071.550965526] [solver_node]: 选择最佳解: x=1.008, y=5.468, 距离=0.025
[INFO] [1754210071.552802326] [solver_node]: 发布laser_dist_link变换: x=1.008, y=5.468, angle=-3.140
[INFO] [1754210071.553697041] [solver_node]: 成功发布laser_dist_link变换
