[INFO] [1753419096.887294353] [visualizer_node]: Configuration loaded successfully from /home/orin/rc2025_ros2_ws/install/laser_solver/share/laser_solver/config/laser_params.yaml
[INFO] [1753419096.888250580] [visualizer_node]: Laser Config: [((0.37212, 1.55), 1.5708), ((0.37212, -1.55), -1.5708), ((0.37241, 0.45), 0.0), ((0.36471, 3.82), 3.1416)]
[INFO] [1753419097.049998310] [visualizer_node]: Visualizer Node Initialized
[INFO] [1753419097.053381252] [visualizer_node]: Received 8 solutions to visualize
[INFO] [1753419097.099179248] [visualizer_node]: Received 8 solutions to visualize
[INFO] [1753419097.196593506] [visualizer_node]: Received 8 solutions to visualize
[INFO] [1753419097.296645654] [visualizer_node]: Received 8 solutions to visualize
[INFO] [1753419097.398372648] [visualizer_node]: Received 8 solutions to visualize
[INFO] [1753419097.496854178] [visualizer_node]: Received 8 solutions to visualize
[INFO] [1753419097.598779804] [visualizer_node]: Received 8 solutions to visualize
[INFO] [1753419097.702328082] [visualizer_node]: Received 8 solutions to visualize
[INFO] [1753419097.797162564] [visualizer_node]: Received 8 solutions to visualize
[INFO] [1753419097.901300400] [visualizer_node]: Received 8 solutions to visualize
[INFO] [1753419097.997038820] [visualizer_node]: Received 8 solutions to visualize
[INFO] [1753419098.103549449] [visualizer_node]: Received 8 solutions to visualize
[INFO] [1753419098.200970907] [visualizer_node]: Received 8 solutions to visualize
[INFO] [1753419098.301390205] [visualizer_node]: Received 8 solutions to visualize
[INFO] [1753419098.403044205] [visualizer_node]: Received 8 solutions to visualize
[INFO] [1753419098.504130888] [visualizer_node]: Received 8 solutions to visualize
[INFO] [1753419098.598052984] [visualizer_node]: Received 8 solutions to visualize
[INFO] [1753419098.700513638] [visualizer_node]: Received 8 solutions to visualize
[INFO] [1753419098.801893868] [visualizer_node]: Received 8 solutions to visualize
[INFO] [1753419098.900196863] [visualizer_node]: Received 8 solutions to visualize
[INFO] [1753419099.000818120] [visualizer_node]: Received 8 solutions to visualize
[INFO] [1753419099.101976550] [visualizer_node]: Received 8 solutions to visualize
[INFO] [1753419099.205836713] [visualizer_node]: Received 8 solutions to visualize
[INFO] [1753419099.299874685] [visualizer_node]: Received 8 solutions to visualize
[INFO] [1753419099.400318336] [visualizer_node]: Received 8 solutions to visualize
[INFO] [1753419099.505478323] [visualizer_node]: Received 8 solutions to visualize
[INFO] [1753419099.599514343] [visualizer_node]: Received 8 solutions to visualize
[INFO] [1753419099.697514095] [visualizer_node]: Received 8 solutions to visualize
[INFO] [1753419099.795651516] [visualizer_node]: Received 8 solutions to visualize
[INFO] [1753419099.897545109] [visualizer_node]: Received 8 solutions to visualize
[INFO] [1753419099.996351259] [visualizer_node]: Received 8 solutions to visualize
[INFO] [1753419100.099732908] [visualizer_node]: Received 8 solutions to visualize
[INFO] [1753419100.201049840] [visualizer_node]: Received 8 solutions to visualize
[INFO] [1753419100.310310653] [visualizer_node]: Received 8 solutions to visualize
[INFO] [1753419100.398961512] [visualizer_node]: Received 8 solutions to visualize
[INFO] [1753419100.497015282] [visualizer_node]: Received 8 solutions to visualize
[INFO] [1753419100.598087693] [visualizer_node]: Received 8 solutions to visualize
[INFO] [1753419100.704097792] [visualizer_node]: Received 8 solutions to visualize
[INFO] [1753419100.796496567] [visualizer_node]: Received 8 solutions to visualize
[INFO] [1753419100.898880931] [visualizer_node]: Received 8 solutions to visualize
[INFO] [1753419100.995764418] [visualizer_node]: Received 8 solutions to visualize
[INFO] [1753419101.102059007] [visualizer_node]: Received 8 solutions to visualize
[INFO] [1753419101.191670543] [visualizer_node]: Received 0 solutions to visualize
[INFO] [1753419101.291115565] [visualizer_node]: Received 0 solutions to visualize
[INFO] [1753419101.392002689] [visualizer_node]: Received 0 solutions to visualize
[INFO] [1753419101.497926929] [visualizer_node]: Received 0 solutions to visualize
[INFO] [1753419101.592720674] [visualizer_node]: Received 0 solutions to visualize
[INFO] [1753419101.692755735] [visualizer_node]: Received 0 solutions to visualize
[INFO] [1753419101.792398460] [visualizer_node]: Received 0 solutions to visualize
[INFO] [1753419101.891861915] [visualizer_node]: Received 0 solutions to visualize
[INFO] [1753419101.991442847] [visualizer_node]: Received 0 solutions to visualize
[INFO] [1753419102.091402448] [visualizer_node]: Received 0 solutions to visualize
[INFO] [1753419102.191317761] [visualizer_node]: Received 0 solutions to visualize
[INFO] [1753419102.291651072] [visualizer_node]: Received 0 solutions to visualize
[INFO] [1753419102.392278699] [visualizer_node]: Received 0 solutions to visualize
[INFO] [1753419102.493279459] [visualizer_node]: Received 0 solutions to visualize
[INFO] [1753419102.593615843] [visualizer_node]: Received 0 solutions to visualize
[INFO] [1753419102.694565818] [visualizer_node]: Received 0 solutions to visualize
[INFO] [1753419102.795364139] [visualizer_node]: Received 0 solutions to visualize
[INFO] [1753419102.891988096] [visualizer_node]: Received 0 solutions to visualize
[INFO] [1753419102.992967192] [visualizer_node]: Received 0 solutions to visualize
[INFO] [1753419103.091985319] [visualizer_node]: Received 0 solutions to visualize
[INFO] [1753419103.191146395] [visualizer_node]: Received 0 solutions to visualize
[INFO] [1753419103.293172858] [visualizer_node]: Received 0 solutions to visualize
[INFO] [1753419103.392627001] [visualizer_node]: Received 0 solutions to visualize
[INFO] [1753419103.492020246] [visualizer_node]: Received 0 solutions to visualize
[INFO] [1753419103.594346944] [visualizer_node]: Received 0 solutions to visualize
[INFO] [1753419103.692513807] [visualizer_node]: Received 0 solutions to visualize
[INFO] [1753419103.793803347] [visualizer_node]: Received 0 solutions to visualize
[INFO] [1753419103.894441470] [visualizer_node]: Received 0 solutions to visualize
[INFO] [1753419103.996913198] [visualizer_node]: Received 0 solutions to visualize
[INFO] [1753419104.093293691] [visualizer_node]: Received 0 solutions to visualize
[INFO] [1753419104.195721033] [visualizer_node]: Received 0 solutions to visualize
[INFO] [1753419104.295489716] [visualizer_node]: Received 0 solutions to visualize
[INFO] [1753419104.397655193] [visualizer_node]: Received 0 solutions to visualize
[INFO] [1753419104.493527922] [visualizer_node]: Received 0 solutions to visualize
[INFO] [1753419104.595850493] [visualizer_node]: Received 0 solutions to visualize
[INFO] [1753419104.693774499] [visualizer_node]: Received 0 solutions to visualize
[INFO] [1753419104.793437738] [visualizer_node]: Received 0 solutions to visualize
[INFO] [1753419104.894870195] [visualizer_node]: Received 0 solutions to visualize
[INFO] [1753419104.993937252] [visualizer_node]: Received 0 solutions to visualize
[INFO] [1753419105.092303323] [visualizer_node]: Received 0 solutions to visualize
[INFO] [1753419105.194173749] [visualizer_node]: Received 0 solutions to visualize
[INFO] [1753419105.298484169] [visualizer_node]: Received 0 solutions to visualize
[INFO] [1753419105.392082446] [visualizer_node]: Received 0 solutions to visualize
[INFO] [1753419105.493855621] [visualizer_node]: Received 0 solutions to visualize
[INFO] [1753419105.595381073] [visualizer_node]: Received 0 solutions to visualize
[INFO] [1753419105.695280898] [visualizer_node]: Received 0 solutions to visualize
[INFO] [1753419105.793789790] [visualizer_node]: Received 0 solutions to visualize
[INFO] [1753419105.896862468] [visualizer_node]: Received 0 solutions to visualize
[INFO] [1753419105.996450825] [visualizer_node]: Received 0 solutions to visualize
[INFO] [1753419106.096079503] [visualizer_node]: Received 0 solutions to visualize
[INFO] [1753419106.192976880] [visualizer_node]: Received 0 solutions to visualize
[INFO] [1753419106.296731600] [visualizer_node]: Received 0 solutions to visualize
[INFO] [1753419106.393480459] [visualizer_node]: Received 0 solutions to visualize
[INFO] [1753419106.495236192] [visualizer_node]: Received 0 solutions to visualize
[INFO] [1753419106.591884919] [visualizer_node]: Received 0 solutions to visualize
[INFO] [1753419106.695379246] [visualizer_node]: Received 0 solutions to visualize
[INFO] [1753419106.792223372] [visualizer_node]: Received 0 solutions to visualize
[INFO] [1753419106.895725027] [visualizer_node]: Received 0 solutions to visualize
[INFO] [1753419106.992458269] [visualizer_node]: Received 0 solutions to visualize
[INFO] [1753419107.093156364] [visualizer_node]: Received 0 solutions to visualize
[INFO] [1753419107.196735302] [visualizer_node]: Received 0 solutions to visualize
[INFO] [1753419107.293800204] [visualizer_node]: Received 0 solutions to visualize
[INFO] [1753419107.394187919] [visualizer_node]: Received 0 solutions to visualize
[INFO] [1753419107.493481129] [visualizer_node]: Received 0 solutions to visualize
[INFO] [1753419107.596349097] [visualizer_node]: Received 0 solutions to visualize
[INFO] [1753419107.693816287] [visualizer_node]: Received 0 solutions to visualize
[INFO] [1753419107.798039985] [visualizer_node]: Received 0 solutions to visualize
[INFO] [1753419107.896509964] [visualizer_node]: Received 0 solutions to visualize
[INFO] [1753419107.997220603] [visualizer_node]: Received 0 solutions to visualize
[INFO] [1753419108.091695297] [visualizer_node]: Received 0 solutions to visualize
[INFO] [1753419108.193790852] [visualizer_node]: Received 0 solutions to visualize
[INFO] [1753419108.293983328] [visualizer_node]: Received 0 solutions to visualize
[INFO] [1753419108.400241950] [visualizer_node]: Received 0 solutions to visualize
[INFO] [1753419108.499689054] [visualizer_node]: Received 0 solutions to visualize
[INFO] [1753419108.595960007] [visualizer_node]: Received 0 solutions to visualize
[INFO] [1753419108.692180815] [visualizer_node]: Received 0 solutions to visualize
[INFO] [1753419108.791896601] [visualizer_node]: Received 0 solutions to visualize
[INFO] [1753419108.892602183] [visualizer_node]: Received 0 solutions to visualize
[INFO] [1753419108.992184044] [visualizer_node]: Received 0 solutions to visualize
[INFO] [1753419109.095184305] [visualizer_node]: Received 0 solutions to visualize
[INFO] [1753419109.193447813] [visualizer_node]: Received 0 solutions to visualize
[INFO] [1753419109.294383453] [visualizer_node]: Received 0 solutions to visualize
[INFO] [1753419109.394635707] [visualizer_node]: Received 0 solutions to visualize
[INFO] [1753419109.491705731] [visualizer_node]: Received 0 solutions to visualize
[INFO] [1753419109.593585822] [visualizer_node]: Received 0 solutions to visualize
[INFO] [1753419109.693085408] [visualizer_node]: Received 0 solutions to visualize
[INFO] [1753419110.693277368] [visualizer_node]: Received 0 solutions to visualize
[INFO] [1753419112.094354761] [visualizer_node]: Received 0 solutions to visualize
[INFO] [1753419112.192895304] [visualizer_node]: Received 0 solutions to visualize
[INFO] [1753419112.296678155] [visualizer_node]: Received 0 solutions to visualize
[INFO] [1753419112.392443618] [visualizer_node]: Received 0 solutions to visualize
[INFO] [1753419112.497820288] [visualizer_node]: Received 0 solutions to visualize
[INFO] [1753419112.594826502] [visualizer_node]: Received 0 solutions to visualize
[INFO] [1753419112.692203418] [visualizer_node]: Received 0 solutions to visualize
[INFO] [1753419112.793414332] [visualizer_node]: Received 0 solutions to visualize
[INFO] [1753419112.892005949] [visualizer_node]: Received 0 solutions to visualize
[INFO] [1753419112.993742483] [visualizer_node]: Received 0 solutions to visualize
[INFO] [1753419113.092506491] [visualizer_node]: Received 0 solutions to visualize
[INFO] [1753419113.197571118] [visualizer_node]: Received 0 solutions to visualize
[INFO] [1753419113.293598287] [visualizer_node]: Received 0 solutions to visualize
[INFO] [1753419113.394994233] [visualizer_node]: Received 0 solutions to visualize
[INFO] [1753419113.493778593] [visualizer_node]: Received 0 solutions to visualize
[INFO] [1753419113.595765473] [visualizer_node]: Received 0 solutions to visualize
[INFO] [1753419113.691622332] [visualizer_node]: Received 0 solutions to visualize
[INFO] [1753419113.792214888] [visualizer_node]: Received 0 solutions to visualize
[INFO] [1753419113.893206626] [visualizer_node]: Received 0 solutions to visualize
[INFO] [1753419113.992451740] [visualizer_node]: Received 0 solutions to visualize
[INFO] [1753419114.095460738] [visualizer_node]: Received 0 solutions to visualize
[INFO] [1753419114.193346281] [visualizer_node]: Received 0 solutions to visualize
[INFO] [1753419114.295871645] [visualizer_node]: Received 0 solutions to visualize
[INFO] [1753419114.395011539] [visualizer_node]: Received 0 solutions to visualize
[INFO] [1753419114.494115751] [visualizer_node]: Received 0 solutions to visualize
[INFO] [1753419114.593522151] [visualizer_node]: Received 0 solutions to visualize
[INFO] [1753419114.696732629] [visualizer_node]: Received 0 solutions to visualize
[INFO] [1753419114.793405871] [visualizer_node]: Received 0 solutions to visualize
[INFO] [1753419114.895160710] [visualizer_node]: Received 0 solutions to visualize
[INFO] [1753419114.995055928] [visualizer_node]: Received 0 solutions to visualize
[INFO] [1753419115.093523093] [visualizer_node]: Received 0 solutions to visualize
[INFO] [1753419115.196068394] [visualizer_node]: Received 0 solutions to visualize
[INFO] [1753419115.295395079] [visualizer_node]: Received 0 solutions to visualize
[INFO] [1753419115.392906272] [visualizer_node]: Received 0 solutions to visualize
[INFO] [1753419115.496344311] [visualizer_node]: Received 0 solutions to visualize
[INFO] [1753419115.595385033] [visualizer_node]: Received 0 solutions to visualize
[INFO] [1753419115.699839525] [visualizer_node]: Received 0 solutions to visualize
[INFO] [1753419115.799660085] [visualizer_node]: Received 0 solutions to visualize
[INFO] [1753419115.896771039] [visualizer_node]: Received 0 solutions to visualize
[INFO] [1753419115.994574499] [visualizer_node]: Received 0 solutions to visualize
[INFO] [1753419116.092360263] [visualizer_node]: Received 0 solutions to visualize
[INFO] [1753419116.193929111] [visualizer_node]: Received 0 solutions to visualize
[INFO] [1753419116.294611175] [visualizer_node]: Received 0 solutions to visualize
[INFO] [1753419116.394043944] [visualizer_node]: Received 0 solutions to visualize
[INFO] [1753419116.493130141] [visualizer_node]: Received 0 solutions to visualize
[INFO] [1753419116.593978803] [visualizer_node]: Received 0 solutions to visualize
[INFO] [1753419116.693893030] [visualizer_node]: Received 0 solutions to visualize
[INFO] [1753419116.792859189] [visualizer_node]: Received 0 solutions to visualize
[INFO] [1753419116.897581276] [visualizer_node]: Received 0 solutions to visualize
[INFO] [1753419116.993334324] [visualizer_node]: Received 0 solutions to visualize
[INFO] [1753419117.094494742] [visualizer_node]: Received 0 solutions to visualize
[INFO] [1753419117.196202252] [visualizer_node]: Received 0 solutions to visualize
[INFO] [1753419117.295582475] [visualizer_node]: Received 0 solutions to visualize
[INFO] [1753419117.400756835] [visualizer_node]: Received 0 solutions to visualize
[INFO] [1753419117.493476330] [visualizer_node]: Received 0 solutions to visualize
[INFO] [1753419117.593933809] [visualizer_node]: Received 0 solutions to visualize
[INFO] [1753419117.691306566] [visualizer_node]: Received 0 solutions to visualize
[INFO] [1753419117.793483726] [visualizer_node]: Received 0 solutions to visualize
[INFO] [1753419117.892079056] [visualizer_node]: Received 0 solutions to visualize
[INFO] [1753419117.994007054] [visualizer_node]: Received 0 solutions to visualize
[INFO] [1753419118.093754715] [visualizer_node]: Received 0 solutions to visualize
[INFO] [1753419118.192298588] [visualizer_node]: Received 0 solutions to visualize
[INFO] [1753419118.292980172] [visualizer_node]: Received 0 solutions to visualize
[INFO] [1753419118.392597525] [visualizer_node]: Received 0 solutions to visualize
[INFO] [1753419118.495312529] [visualizer_node]: Received 0 solutions to visualize
[INFO] [1753419118.591813413] [visualizer_node]: Received 0 solutions to visualize
[INFO] [1753419118.694388444] [visualizer_node]: Received 0 solutions to visualize
[INFO] [1753419118.792961085] [visualizer_node]: Received 0 solutions to visualize
[INFO] [1753419118.895781789] [visualizer_node]: Received 0 solutions to visualize
[INFO] [1753419118.994311261] [visualizer_node]: Received 0 solutions to visualize
[INFO] [1753419119.095843853] [visualizer_node]: Received 0 solutions to visualize
[INFO] [1753419119.193689876] [visualizer_node]: Received 0 solutions to visualize
[INFO] [1753419119.299728076] [visualizer_node]: Received 0 solutions to visualize
[INFO] [1753419119.398831650] [visualizer_node]: Received 0 solutions to visualize
[INFO] [1753419119.495331446] [visualizer_node]: Received 0 solutions to visualize
[INFO] [1753419119.594007483] [visualizer_node]: Received 0 solutions to visualize
[INFO] [1753419119.694489860] [visualizer_node]: Received 0 solutions to visualize
[INFO] [1753419119.795690024] [visualizer_node]: Received 0 solutions to visualize
[INFO] [1753419119.896846954] [visualizer_node]: Received 0 solutions to visualize
[INFO] [1753419119.995758937] [visualizer_node]: Received 0 solutions to visualize
[INFO] [1753419120.103077537] [visualizer_node]: Received 0 solutions to visualize
[INFO] [1753419120.194945097] [visualizer_node]: Received 0 solutions to visualize
[INFO] [1753419120.300661365] [visualizer_node]: Received 0 solutions to visualize
[INFO] [1753419120.392139054] [visualizer_node]: Received 0 solutions to visualize
[INFO] [1753419120.492586614] [visualizer_node]: Received 0 solutions to visualize
[INFO] [1753419120.593412748] [visualizer_node]: Received 0 solutions to visualize
[INFO] [1753419120.692314330] [visualizer_node]: Received 0 solutions to visualize
[INFO] [1753419120.794108884] [visualizer_node]: Received 0 solutions to visualize
[INFO] [1753419120.892236390] [visualizer_node]: Received 0 solutions to visualize
[INFO] [1753419120.995205676] [visualizer_node]: Received 0 solutions to visualize
[INFO] [1753419121.096140646] [visualizer_node]: Received 0 solutions to visualize
[INFO] [1753419121.197262087] [visualizer_node]: Received 0 solutions to visualize
[INFO] [1753419121.300867621] [visualizer_node]: Received 0 solutions to visualize
[INFO] [1753419121.396441367] [visualizer_node]: Received 0 solutions to visualize
[INFO] [1753419121.498904171] [visualizer_node]: Received 0 solutions to visualize
[INFO] [1753419121.604901794] [visualizer_node]: Received 0 solutions to visualize
[INFO] [1753419121.694702493] [visualizer_node]: Received 0 solutions to visualize
[INFO] [1753419121.793725584] [visualizer_node]: Received 0 solutions to visualize
[INFO] [1753419121.894171160] [visualizer_node]: Received 0 solutions to visualize
[INFO] [1753419121.996494150] [visualizer_node]: Received 0 solutions to visualize
[INFO] [1753419122.095720800] [visualizer_node]: Received 0 solutions to visualize
[INFO] [1753419122.194500426] [visualizer_node]: Received 0 solutions to visualize
[INFO] [1753419122.294315547] [visualizer_node]: Received 0 solutions to visualize
[INFO] [1753419122.393726749] [visualizer_node]: Received 0 solutions to visualize
[INFO] [1753419122.491349500] [visualizer_node]: Received 0 solutions to visualize
[INFO] [1753419122.593338749] [visualizer_node]: Received 0 solutions to visualize
[INFO] [1753419122.696396359] [visualizer_node]: Received 0 solutions to visualize
[INFO] [1753419122.797541642] [visualizer_node]: Received 0 solutions to visualize
[INFO] [1753419122.895011203] [visualizer_node]: Received 0 solutions to visualize
[INFO] [1753419122.994985721] [visualizer_node]: Received 0 solutions to visualize
[INFO] [1753419123.094382587] [visualizer_node]: Received 0 solutions to visualize
[INFO] [1753419123.194728447] [visualizer_node]: Received 0 solutions to visualize
[INFO] [1753419123.294499151] [visualizer_node]: Received 0 solutions to visualize
[INFO] [1753419123.397985929] [visualizer_node]: Received 0 solutions to visualize
[INFO] [1753419123.493606013] [visualizer_node]: Received 0 solutions to visualize
[INFO] [1753419123.599619285] [visualizer_node]: Received 0 solutions to visualize
[INFO] [1753419123.692562886] [visualizer_node]: Received 0 solutions to visualize
[INFO] [1753419123.797513526] [visualizer_node]: Received 0 solutions to visualize
[INFO] [1753419123.892648888] [visualizer_node]: Received 0 solutions to visualize
[INFO] [1753419123.992154622] [visualizer_node]: Received 0 solutions to visualize
[INFO] [1753419124.093283040] [visualizer_node]: Received 0 solutions to visualize
[INFO] [1753419124.193875182] [visualizer_node]: Received 0 solutions to visualize
[INFO] [1753419124.293986570] [visualizer_node]: Received 0 solutions to visualize
[INFO] [1753419124.393316297] [visualizer_node]: Received 0 solutions to visualize
[INFO] [1753419124.492148054] [visualizer_node]: Received 0 solutions to visualize
[INFO] [1753419124.597216203] [visualizer_node]: Received 0 solutions to visualize
[INFO] [1753419124.696632333] [visualizer_node]: Received 0 solutions to visualize
[INFO] [1753419124.793603412] [visualizer_node]: Received 0 solutions to visualize
[INFO] [1753419124.893888375] [visualizer_node]: Received 0 solutions to visualize
[INFO] [1753419124.993964082] [visualizer_node]: Received 0 solutions to visualize
[INFO] [1753419125.097409418] [visualizer_node]: Received 0 solutions to visualize
[INFO] [1753419125.197130360] [visualizer_node]: Received 0 solutions to visualize
[INFO] [1753419125.304899219] [visualizer_node]: Received 0 solutions to visualize
[INFO] [1753419125.398485531] [visualizer_node]: Received 0 solutions to visualize
[INFO] [1753419125.492289996] [visualizer_node]: Received 0 solutions to visualize
[INFO] [1753419125.593695033] [visualizer_node]: Received 0 solutions to visualize
[INFO] [1753419125.695780895] [visualizer_node]: Received 0 solutions to visualize
[INFO] [1753419125.797420245] [visualizer_node]: Received 0 solutions to visualize
[INFO] [1753419125.892556759] [visualizer_node]: Received 0 solutions to visualize
[INFO] [1753419125.996759852] [visualizer_node]: Received 0 solutions to visualize
[INFO] [1753419126.099665297] [visualizer_node]: Received 0 solutions to visualize
[INFO] [1753419126.193237658] [visualizer_node]: Received 0 solutions to visualize
[INFO] [1753419126.294128627] [visualizer_node]: Received 0 solutions to visualize
[INFO] [1753419126.395423708] [visualizer_node]: Received 0 solutions to visualize
[INFO] [1753419126.500177126] [visualizer_node]: Received 0 solutions to visualize
[INFO] [1753419126.594447017] [visualizer_node]: Received 0 solutions to visualize
[INFO] [1753419126.700503043] [visualizer_node]: Received 0 solutions to visualize
[INFO] [1753419126.799027045] [visualizer_node]: Received 0 solutions to visualize
[INFO] [1753419126.894706396] [visualizer_node]: Received 0 solutions to visualize
[INFO] [1753419126.992234200] [visualizer_node]: Received 0 solutions to visualize
[INFO] [1753419127.096493488] [visualizer_node]: Received 0 solutions to visualize
[INFO] [1753419127.192730108] [visualizer_node]: Received 0 solutions to visualize
[INFO] [1753419127.292340998] [visualizer_node]: Received 0 solutions to visualize
[INFO] [1753419127.395381904] [visualizer_node]: Received 0 solutions to visualize
[INFO] [1753419127.497620796] [visualizer_node]: Received 0 solutions to visualize
[INFO] [1753419127.596005689] [visualizer_node]: Received 0 solutions to visualize
[INFO] [1753419127.697062521] [visualizer_node]: Received 0 solutions to visualize
[INFO] [1753419127.798482150] [visualizer_node]: Received 0 solutions to visualize
[INFO] [1753419127.892490751] [visualizer_node]: Received 0 solutions to visualize
[INFO] [1753419127.994854768] [visualizer_node]: Received 0 solutions to visualize
[INFO] [1753419128.092916929] [visualizer_node]: Received 0 solutions to visualize
[INFO] [1753419128.195129740] [visualizer_node]: Received 0 solutions to visualize
[INFO] [1753419128.295063747] [visualizer_node]: Received 0 solutions to visualize
[INFO] [1753419128.395262243] [visualizer_node]: Received 0 solutions to visualize
[INFO] [1753419128.492570583] [visualizer_node]: Received 0 solutions to visualize
[INFO] [1753419128.594315313] [visualizer_node]: Received 0 solutions to visualize
[INFO] [1753419128.694713369] [visualizer_node]: Received 0 solutions to visualize
[INFO] [1753419128.792790730] [visualizer_node]: Received 0 solutions to visualize
[INFO] [1753419128.898599100] [visualizer_node]: Received 0 solutions to visualize
[INFO] [1753419128.999753440] [visualizer_node]: Received 0 solutions to visualize
[INFO] [1753419129.094164456] [visualizer_node]: Received 0 solutions to visualize
[INFO] [1753419129.195009089] [visualizer_node]: Received 0 solutions to visualize
[INFO] [1753419129.294504391] [visualizer_node]: Received 0 solutions to visualize
[INFO] [1753419129.395013235] [visualizer_node]: Received 0 solutions to visualize
[INFO] [1753419129.499184648] [visualizer_node]: Received 0 solutions to visualize
[INFO] [1753419129.593243011] [visualizer_node]: Received 0 solutions to visualize
[INFO] [1753419129.696513815] [visualizer_node]: Received 0 solutions to visualize
[INFO] [1753419129.795541547] [visualizer_node]: Received 0 solutions to visualize
[INFO] [1753419129.895962452] [visualizer_node]: Received 0 solutions to visualize
[INFO] [1753419129.995720836] [visualizer_node]: Received 0 solutions to visualize
[INFO] [1753419130.094375755] [visualizer_node]: Received 0 solutions to visualize
[INFO] [1753419130.193419585] [visualizer_node]: Received 0 solutions to visualize
[INFO] [1753419130.297320652] [visualizer_node]: Received 0 solutions to visualize
[INFO] [1753419130.395831469] [visualizer_node]: Received 0 solutions to visualize
[INFO] [1753419130.492953307] [visualizer_node]: Received 0 solutions to visualize
[INFO] [1753419130.597296055] [visualizer_node]: Received 0 solutions to visualize
[INFO] [1753419130.695640914] [visualizer_node]: Received 0 solutions to visualize
[INFO] [1753419130.801460837] [visualizer_node]: Received 0 solutions to visualize
[INFO] [1753419130.894272018] [visualizer_node]: Received 0 solutions to visualize
[INFO] [1753419131.000632281] [visualizer_node]: Received 0 solutions to visualize
[INFO] [1753419131.098008720] [visualizer_node]: Received 0 solutions to visualize
[INFO] [1753419131.194785681] [visualizer_node]: Received 0 solutions to visualize
[INFO] [1753419131.295203130] [visualizer_node]: Received 0 solutions to visualize
[INFO] [1753419131.406766660] [visualizer_node]: Received 0 solutions to visualize
[INFO] [1753419131.492893847] [visualizer_node]: Received 0 solutions to visualize
[INFO] [1753419131.593096024] [visualizer_node]: Received 0 solutions to visualize
[INFO] [1753419131.693558115] [visualizer_node]: Received 0 solutions to visualize
[INFO] [1753419131.796241825] [visualizer_node]: Received 0 solutions to visualize
[INFO] [1753419131.897161852] [visualizer_node]: Received 0 solutions to visualize
[INFO] [1753419131.993829625] [visualizer_node]: Received 0 solutions to visualize
[INFO] [1753419132.093962776] [visualizer_node]: Received 0 solutions to visualize
[INFO] [1753419132.193828333] [visualizer_node]: Received 0 solutions to visualize
[INFO] [1753419132.292464595] [visualizer_node]: Received 0 solutions to visualize
[INFO] [1753419132.394734658] [visualizer_node]: Received 0 solutions to visualize
[INFO] [1753419132.495213870] [visualizer_node]: Received 0 solutions to visualize
[INFO] [1753419132.594043740] [visualizer_node]: Received 0 solutions to visualize
[INFO] [1753419132.695847385] [visualizer_node]: Received 0 solutions to visualize
[INFO] [1753419132.794549506] [visualizer_node]: Received 0 solutions to visualize
[INFO] [1753419132.891921337] [visualizer_node]: Received 0 solutions to visualize
[INFO] [1753419132.993936510] [visualizer_node]: Received 0 solutions to visualize
[INFO] [1753419133.097804489] [visualizer_node]: Received 0 solutions to visualize
[INFO] [1753419133.198143408] [visualizer_node]: Received 0 solutions to visualize
[INFO] [1753419133.295905878] [visualizer_node]: Received 0 solutions to visualize
[INFO] [1753419133.393423891] [visualizer_node]: Received 0 solutions to visualize
[INFO] [1753419133.493165699] [visualizer_node]: Received 0 solutions to visualize
[INFO] [1753419133.592710188] [visualizer_node]: Received 0 solutions to visualize
[INFO] [1753419133.696704923] [visualizer_node]: Received 0 solutions to visualize
[INFO] [1753419133.792410325] [visualizer_node]: Received 0 solutions to visualize
[INFO] [1753419133.896231550] [visualizer_node]: Received 0 solutions to visualize
[INFO] [1753419133.993396173] [visualizer_node]: Received 0 solutions to visualize
[INFO] [1753419134.098802482] [visualizer_node]: Received 0 solutions to visualize
[INFO] [1753419134.195162020] [visualizer_node]: Received 0 solutions to visualize
[INFO] [1753419134.295276194] [visualizer_node]: Received 0 solutions to visualize
[INFO] [1753419134.394287927] [visualizer_node]: Received 0 solutions to visualize
[INFO] [1753419134.493965509] [visualizer_node]: Received 0 solutions to visualize
[INFO] [1753419134.593385258] [visualizer_node]: Received 0 solutions to visualize
[INFO] [1753419134.693544970] [visualizer_node]: Received 0 solutions to visualize
[INFO] [1753419134.794056727] [visualizer_node]: Received 0 solutions to visualize
[INFO] [1753419134.899754502] [visualizer_node]: Received 0 solutions to visualize
[INFO] [1753419134.994305333] [visualizer_node]: Received 0 solutions to visualize
[INFO] [1753419135.095033002] [visualizer_node]: Received 0 solutions to visualize
[INFO] [1753419135.194459119] [visualizer_node]: Received 0 solutions to visualize
[INFO] [1753419135.297343637] [visualizer_node]: Received 0 solutions to visualize
[INFO] [1753419135.393427741] [visualizer_node]: Received 0 solutions to visualize
[INFO] [1753419135.492823233] [visualizer_node]: Received 0 solutions to visualize
[INFO] [1753419135.593902852] [visualizer_node]: Received 0 solutions to visualize
[INFO] [1753419135.695292658] [visualizer_node]: Received 0 solutions to visualize
[INFO] [1753419135.793057241] [visualizer_node]: Received 0 solutions to visualize
[INFO] [1753419135.893185528] [visualizer_node]: Received 0 solutions to visualize
[INFO] [1753419135.992842501] [visualizer_node]: Received 0 solutions to visualize
[INFO] [1753419136.092512083] [visualizer_node]: Received 0 solutions to visualize
[INFO] [1753419136.196890418] [visualizer_node]: Received 0 solutions to visualize
[INFO] [1753419136.293034588] [visualizer_node]: Received 0 solutions to visualize
[INFO] [1753419136.392325884] [visualizer_node]: Received 0 solutions to visualize
[INFO] [1753419136.493278714] [visualizer_node]: Received 0 solutions to visualize
[INFO] [1753419136.599828650] [visualizer_node]: Received 0 solutions to visualize
[INFO] [1753419136.693277679] [visualizer_node]: Received 0 solutions to visualize
[INFO] [1753419136.792279877] [visualizer_node]: Received 0 solutions to visualize
[INFO] [1753419136.901612572] [visualizer_node]: Received 0 solutions to visualize
[INFO] [1753419136.996337361] [visualizer_node]: Received 0 solutions to visualize
[INFO] [1753419137.100068856] [visualizer_node]: Received 0 solutions to visualize
[INFO] [1753419137.198165611] [visualizer_node]: Received 0 solutions to visualize
[INFO] [1753419137.296634733] [visualizer_node]: Received 0 solutions to visualize
[INFO] [1753419137.396058034] [visualizer_node]: Received 0 solutions to visualize
[INFO] [1753419137.493214402] [visualizer_node]: Received 0 solutions to visualize
[INFO] [1753419137.595146981] [visualizer_node]: Received 0 solutions to visualize
[INFO] [1753419137.696679225] [visualizer_node]: Received 0 solutions to visualize
[INFO] [1753419137.794009488] [visualizer_node]: Received 0 solutions to visualize
[INFO] [1753419137.897936638] [visualizer_node]: Received 0 solutions to visualize
[INFO] [1753419137.994270064] [visualizer_node]: Received 0 solutions to visualize
[INFO] [1753419138.101646398] [visualizer_node]: Received 0 solutions to visualize
[INFO] [1753419138.196169260] [visualizer_node]: Received 0 solutions to visualize
[INFO] [1753419138.295090815] [visualizer_node]: Received 0 solutions to visualize
[INFO] [1753419138.396647060] [visualizer_node]: Received 0 solutions to visualize
[INFO] [1753419138.493287250] [visualizer_node]: Received 0 solutions to visualize
[INFO] [1753419138.598452846] [visualizer_node]: Received 0 solutions to visualize
[INFO] [1753419138.694826273] [visualizer_node]: Received 0 solutions to visualize
[INFO] [1753419138.800063136] [visualizer_node]: Received 0 solutions to visualize
[INFO] [1753419138.893870195] [visualizer_node]: Received 0 solutions to visualize
[INFO] [1753419138.993434686] [visualizer_node]: Received 0 solutions to visualize
[INFO] [1753419139.096326565] [visualizer_node]: Received 0 solutions to visualize
[INFO] [1753419139.197029371] [visualizer_node]: Received 0 solutions to visualize
[INFO] [1753419139.296158997] [visualizer_node]: Received 0 solutions to visualize
[INFO] [1753419139.392959001] [visualizer_node]: Received 0 solutions to visualize
[INFO] [1753419139.495189447] [visualizer_node]: Received 0 solutions to visualize
[INFO] [1753419139.593946036] [visualizer_node]: Received 0 solutions to visualize
[INFO] [1753419139.694945877] [visualizer_node]: Received 0 solutions to visualize
[INFO] [1753419139.794169459] [visualizer_node]: Received 0 solutions to visualize
[INFO] [1753419139.902869715] [visualizer_node]: Received 0 solutions to visualize
[INFO] [1753419139.993395852] [visualizer_node]: Received 0 solutions to visualize
[INFO] [1753419140.093097372] [visualizer_node]: Received 0 solutions to visualize
[INFO] [1753419140.198819822] [visualizer_node]: Received 0 solutions to visualize
[INFO] [1753419140.300698703] [visualizer_node]: Received 0 solutions to visualize
[INFO] [1753419140.393902412] [visualizer_node]: Received 0 solutions to visualize
[INFO] [1753419140.493229839] [visualizer_node]: Received 0 solutions to visualize
[INFO] [1753419140.593764798] [visualizer_node]: Received 0 solutions to visualize
[INFO] [1753419140.695885033] [visualizer_node]: Received 0 solutions to visualize
[INFO] [1753419140.793447977] [visualizer_node]: Received 0 solutions to visualize
[INFO] [1753419140.901197414] [visualizer_node]: Received 0 solutions to visualize
[INFO] [1753419140.995660754] [visualizer_node]: Received 0 solutions to visualize
[INFO] [1753419141.098822532] [visualizer_node]: Received 0 solutions to visualize
[INFO] [1753419141.195733580] [visualizer_node]: Received 0 solutions to visualize
[INFO] [1753419141.297482953] [visualizer_node]: Received 0 solutions to visualize
[INFO] [1753419141.394465172] [visualizer_node]: Received 0 solutions to visualize
[INFO] [1753419141.496875818] [visualizer_node]: Received 0 solutions to visualize
[INFO] [1753419141.592393438] [visualizer_node]: Received 0 solutions to visualize
[INFO] [1753419141.692609601] [visualizer_node]: Received 0 solutions to visualize
[INFO] [1753419141.797323245] [visualizer_node]: Received 0 solutions to visualize
[INFO] [1753419141.897352650] [visualizer_node]: Received 0 solutions to visualize
[INFO] [1753419141.999591033] [visualizer_node]: Received 0 solutions to visualize
[INFO] [1753419142.097489638] [visualizer_node]: Received 0 solutions to visualize
[INFO] [1753419142.198524809] [visualizer_node]: Received 0 solutions to visualize
[INFO] [1753419142.292390847] [visualizer_node]: Received 0 solutions to visualize
[INFO] [1753419142.398113457] [visualizer_node]: Received 0 solutions to visualize
[INFO] [1753419142.503978280] [visualizer_node]: Received 0 solutions to visualize
[INFO] [1753419142.594631398] [visualizer_node]: Received 0 solutions to visualize
[INFO] [1753419142.694896300] [visualizer_node]: Received 0 solutions to visualize
[INFO] [1753419142.795938191] [visualizer_node]: Received 0 solutions to visualize
[INFO] [1753419142.893692023] [visualizer_node]: Received 0 solutions to visualize
[INFO] [1753419142.992511494] [visualizer_node]: Received 0 solutions to visualize
[INFO] [1753419143.093925527] [visualizer_node]: Received 0 solutions to visualize
[INFO] [1753419143.192782216] [visualizer_node]: Received 0 solutions to visualize
[INFO] [1753419143.295208127] [visualizer_node]: Received 0 solutions to visualize
[INFO] [1753419143.396350822] [visualizer_node]: Received 0 solutions to visualize
[INFO] [1753419143.494393912] [visualizer_node]: Received 0 solutions to visualize
[INFO] [1753419143.595641475] [visualizer_node]: Received 0 solutions to visualize
[INFO] [1753419143.693755129] [visualizer_node]: Received 0 solutions to visualize
[INFO] [1753419143.811797815] [visualizer_node]: Received 0 solutions to visualize
[INFO] [1753419143.896156618] [visualizer_node]: Received 0 solutions to visualize
[INFO] [1753419143.993924659] [visualizer_node]: Received 0 solutions to visualize
[INFO] [1753419144.100150904] [visualizer_node]: Received 0 solutions to visualize
[INFO] [1753419144.195846419] [visualizer_node]: Received 0 solutions to visualize
[INFO] [1753419144.294501373] [visualizer_node]: Received 0 solutions to visualize
[INFO] [1753419144.392058942] [visualizer_node]: Received 0 solutions to visualize
[INFO] [1753419144.495324180] [visualizer_node]: Received 0 solutions to visualize
[INFO] [1753419144.594118243] [visualizer_node]: Received 0 solutions to visualize
[INFO] [1753419144.693708944] [visualizer_node]: Received 0 solutions to visualize
[INFO] [1753419144.794232448] [visualizer_node]: Received 0 solutions to visualize
[INFO] [1753419144.896802108] [visualizer_node]: Received 0 solutions to visualize
[INFO] [1753419144.994711850] [visualizer_node]: Received 0 solutions to visualize
[INFO] [1753419145.095097045] [visualizer_node]: Received 0 solutions to visualize
[INFO] [1753419145.194344245] [visualizer_node]: Received 0 solutions to visualize
[INFO] [1753419145.296860144] [visualizer_node]: Received 0 solutions to visualize
[INFO] [1753419145.393686261] [visualizer_node]: Received 0 solutions to visualize
[INFO] [1753419145.492897716] [visualizer_node]: Received 0 solutions to visualize
[INFO] [1753419145.594177472] [visualizer_node]: Received 0 solutions to visualize
[INFO] [1753419145.695397066] [visualizer_node]: Received 0 solutions to visualize
[INFO] [1753419145.793670694] [visualizer_node]: Received 0 solutions to visualize
[INFO] [1753419145.894415999] [visualizer_node]: Received 0 solutions to visualize
[INFO] [1753419145.994867052] [visualizer_node]: Received 0 solutions to visualize
[INFO] [1753419146.093491829] [visualizer_node]: Received 0 solutions to visualize
[INFO] [1753419146.194382931] [visualizer_node]: Received 0 solutions to visualize
[INFO] [1753419146.292462888] [visualizer_node]: Received 0 solutions to visualize
[INFO] [1753419146.397332410] [visualizer_node]: Received 0 solutions to visualize
[INFO] [1753419146.495625879] [visualizer_node]: Received 0 solutions to visualize
[INFO] [1753419146.592385051] [visualizer_node]: Received 0 solutions to visualize
[INFO] [1753419146.691796641] [visualizer_node]: Received 0 solutions to visualize
[INFO] [1753419146.794053202] [visualizer_node]: Received 0 solutions to visualize
[INFO] [1753419146.892309261] [visualizer_node]: Received 0 solutions to visualize
[INFO] [1753419146.994147055] [visualizer_node]: Received 0 solutions to visualize
[INFO] [1753419147.094733346] [visualizer_node]: Received 0 solutions to visualize
[INFO] [1753419147.193466351] [visualizer_node]: Received 0 solutions to visualize
[INFO] [1753419147.296171793] [visualizer_node]: Received 0 solutions to visualize
[INFO] [1753419147.394750713] [visualizer_node]: Received 0 solutions to visualize
[INFO] [1753419147.494803767] [visualizer_node]: Received 0 solutions to visualize
[INFO] [1753419147.598163890] [visualizer_node]: Received 0 solutions to visualize
[INFO] [1753419147.694380929] [visualizer_node]: Received 0 solutions to visualize
[INFO] [1753419147.794946387] [visualizer_node]: Received 0 solutions to visualize
[INFO] [1753419147.894154450] [visualizer_node]: Received 0 solutions to visualize
[INFO] [1753419147.993596794] [visualizer_node]: Received 0 solutions to visualize
[INFO] [1753419148.095114704] [visualizer_node]: Received 0 solutions to visualize
[INFO] [1753419148.194229836] [visualizer_node]: Received 0 solutions to visualize
[INFO] [1753419148.294450801] [visualizer_node]: Received 0 solutions to visualize
[INFO] [1753419148.392719533] [visualizer_node]: Received 0 solutions to visualize
[INFO] [1753419148.492464993] [visualizer_node]: Received 0 solutions to visualize
[INFO] [1753419148.597501946] [visualizer_node]: Received 0 solutions to visualize
[INFO] [1753419148.693440223] [visualizer_node]: Received 0 solutions to visualize
[INFO] [1753419148.800763854] [visualizer_node]: Received 0 solutions to visualize
[INFO] [1753419148.897337835] [visualizer_node]: Received 0 solutions to visualize
[INFO] [1753419149.000220756] [visualizer_node]: Received 0 solutions to visualize
[INFO] [1753419149.092242599] [visualizer_node]: Received 0 solutions to visualize
[INFO] [1753419149.192640755] [visualizer_node]: Received 0 solutions to visualize
[INFO] [1753419149.299934881] [visualizer_node]: Received 0 solutions to visualize
[INFO] [1753419149.394911106] [visualizer_node]: Received 0 solutions to visualize
[INFO] [1753419149.492524262] [visualizer_node]: Received 0 solutions to visualize
[INFO] [1753419149.591704133] [visualizer_node]: Received 0 solutions to visualize
[INFO] [1753419149.693858130] [visualizer_node]: Received 0 solutions to visualize
[INFO] [1753419149.795895196] [visualizer_node]: Received 0 solutions to visualize
[INFO] [1753419149.894309566] [visualizer_node]: Received 0 solutions to visualize
[INFO] [1753419149.993549630] [visualizer_node]: Received 0 solutions to visualize
[INFO] [1753419150.093509146] [visualizer_node]: Received 0 solutions to visualize
[INFO] [1753419150.195777357] [visualizer_node]: Received 0 solutions to visualize
[INFO] [1753419150.296630730] [visualizer_node]: Received 0 solutions to visualize
[INFO] [1753419150.392274884] [visualizer_node]: Received 0 solutions to visualize
[INFO] [1753419150.493071232] [visualizer_node]: Received 0 solutions to visualize
[INFO] [1753419150.596194834] [visualizer_node]: Received 0 solutions to visualize
[INFO] [1753419150.704620842] [visualizer_node]: Received 0 solutions to visualize
[INFO] [1753419150.794247236] [visualizer_node]: Received 0 solutions to visualize
[INFO] [1753419150.895094241] [visualizer_node]: Received 0 solutions to visualize
[INFO] [1753419151.002400944] [visualizer_node]: Received 0 solutions to visualize
[INFO] [1753419151.095077627] [visualizer_node]: Received 0 solutions to visualize
[INFO] [1753419151.196134656] [visualizer_node]: Received 0 solutions to visualize
[INFO] [1753419151.294210582] [visualizer_node]: Received 0 solutions to visualize
[INFO] [1753419151.395478435] [visualizer_node]: Received 0 solutions to visualize
[INFO] [1753419151.494318965] [visualizer_node]: Received 0 solutions to visualize
[INFO] [1753419151.595159058] [visualizer_node]: Received 0 solutions to visualize
[INFO] [1753419151.694891750] [visualizer_node]: Received 0 solutions to visualize
[INFO] [1753419151.793150498] [visualizer_node]: Received 0 solutions to visualize
[INFO] [1753419151.900588118] [visualizer_node]: Received 0 solutions to visualize
[INFO] [1753419151.996694018] [visualizer_node]: Received 0 solutions to visualize
[INFO] [1753419152.094553392] [visualizer_node]: Received 0 solutions to visualize
[INFO] [1753419152.193235644] [visualizer_node]: Received 0 solutions to visualize
[INFO] [1753419152.294036952] [visualizer_node]: Received 0 solutions to visualize
[INFO] [1753419152.392557567] [visualizer_node]: Received 0 solutions to visualize
[INFO] [1753419152.492391862] [visualizer_node]: Received 0 solutions to visualize
[INFO] [1753419152.592025606] [visualizer_node]: Received 0 solutions to visualize
[INFO] [1753419152.694274872] [visualizer_node]: Received 0 solutions to visualize
[INFO] [1753419152.796259648] [visualizer_node]: Received 0 solutions to visualize
[INFO] [1753419152.896421860] [visualizer_node]: Received 0 solutions to visualize
[INFO] [1753419152.994654464] [visualizer_node]: Received 0 solutions to visualize
[INFO] [1753419153.095036396] [visualizer_node]: Received 0 solutions to visualize
[INFO] [1753419153.193590548] [visualizer_node]: Received 0 solutions to visualize
[INFO] [1753419153.294768414] [visualizer_node]: Received 0 solutions to visualize
[INFO] [1753419153.394223208] [visualizer_node]: Received 0 solutions to visualize
[INFO] [1753419153.494314729] [visualizer_node]: Received 0 solutions to visualize
[INFO] [1753419153.593390213] [visualizer_node]: Received 0 solutions to visualize
[INFO] [1753419153.692816205] [visualizer_node]: Received 0 solutions to visualize
[INFO] [1753419153.794637839] [visualizer_node]: Received 0 solutions to visualize
[INFO] [1753419153.895389449] [visualizer_node]: Received 0 solutions to visualize
[INFO] [1753419153.998151855] [visualizer_node]: Received 0 solutions to visualize
[INFO] [1753419154.100147256] [visualizer_node]: Received 0 solutions to visualize
[INFO] [1753419154.194078963] [visualizer_node]: Received 0 solutions to visualize
[INFO] [1753419154.291347627] [visualizer_node]: Received 0 solutions to visualize
[INFO] [1753419154.395503173] [visualizer_node]: Received 0 solutions to visualize
[INFO] [1753419154.494312182] [visualizer_node]: Received 0 solutions to visualize
[INFO] [1753419154.599775169] [visualizer_node]: Received 0 solutions to visualize
[INFO] [1753419154.693974310] [visualizer_node]: Received 0 solutions to visualize
[INFO] [1753419154.797365091] [visualizer_node]: Received 0 solutions to visualize
[INFO] [1753419154.900120616] [visualizer_node]: Received 0 solutions to visualize
[INFO] [1753419154.996489279] [visualizer_node]: Received 0 solutions to visualize
[INFO] [1753419155.094218184] [visualizer_node]: Received 0 solutions to visualize
[INFO] [1753419155.199928892] [visualizer_node]: Received 0 solutions to visualize
[INFO] [1753419155.294122657] [visualizer_node]: Received 0 solutions to visualize
[INFO] [1753419155.395166279] [visualizer_node]: Received 0 solutions to visualize
[INFO] [1753419155.493520552] [visualizer_node]: Received 0 solutions to visualize
[INFO] [1753419155.600835480] [visualizer_node]: Received 0 solutions to visualize
[INFO] [1753419155.693262555] [visualizer_node]: Received 0 solutions to visualize
[INFO] [1753419155.792699332] [visualizer_node]: Received 0 solutions to visualize
[INFO] [1753419155.892979853] [visualizer_node]: Received 0 solutions to visualize
[INFO] [1753419155.992387989] [visualizer_node]: Received 0 solutions to visualize
[INFO] [1753419156.093302358] [visualizer_node]: Received 0 solutions to visualize
[INFO] [1753419156.193328278] [visualizer_node]: Received 0 solutions to visualize
[INFO] [1753419156.295763375] [visualizer_node]: Received 0 solutions to visualize
[INFO] [1753419156.393502745] [visualizer_node]: Received 0 solutions to visualize
[INFO] [1753419156.496436390] [visualizer_node]: Received 0 solutions to visualize
[INFO] [1753419156.594403640] [visualizer_node]: Received 0 solutions to visualize
[INFO] [1753419156.692207237] [visualizer_node]: Received 0 solutions to visualize
[INFO] [1753419156.793816032] [visualizer_node]: Received 0 solutions to visualize
[INFO] [1753419156.897047991] [visualizer_node]: Received 0 solutions to visualize
[INFO] [1753419156.997810578] [visualizer_node]: Received 0 solutions to visualize
[INFO] [1753419157.098786550] [visualizer_node]: Received 0 solutions to visualize
[INFO] [1753419157.197315549] [visualizer_node]: Received 0 solutions to visualize
[INFO] [1753419157.294378830] [visualizer_node]: Received 0 solutions to visualize
[INFO] [1753419157.394481233] [visualizer_node]: Received 0 solutions to visualize
[INFO] [1753419157.494334154] [visualizer_node]: Received 0 solutions to visualize
[INFO] [1753419157.592187545] [visualizer_node]: Received 0 solutions to visualize
[INFO] [1753419157.695004833] [visualizer_node]: Received 0 solutions to visualize
[INFO] [1753419157.797406650] [visualizer_node]: Received 0 solutions to visualize
[INFO] [1753419157.895321930] [visualizer_node]: Received 0 solutions to visualize
[INFO] [1753419157.996934438] [visualizer_node]: Received 0 solutions to visualize
[INFO] [1753419158.096939237] [visualizer_node]: Received 0 solutions to visualize
[INFO] [1753419158.197444439] [visualizer_node]: Received 0 solutions to visualize
[INFO] [1753419158.294262047] [visualizer_node]: Received 0 solutions to visualize
[INFO] [1753419158.392438425] [visualizer_node]: Received 0 solutions to visualize
[INFO] [1753419158.492470330] [visualizer_node]: Received 0 solutions to visualize
[INFO] [1753419158.598304019] [visualizer_node]: Received 0 solutions to visualize
[INFO] [1753419158.694329309] [visualizer_node]: Received 0 solutions to visualize
[INFO] [1753419158.799236564] [visualizer_node]: Received 0 solutions to visualize
[INFO] [1753419158.895911126] [visualizer_node]: Received 0 solutions to visualize
[INFO] [1753419158.993595743] [visualizer_node]: Received 0 solutions to visualize
[INFO] [1753419159.093487674] [visualizer_node]: Received 0 solutions to visualize
[INFO] [1753419159.196419143] [visualizer_node]: Received 0 solutions to visualize
[INFO] [1753419159.294971248] [visualizer_node]: Received 0 solutions to visualize
[INFO] [1753419159.394873803] [visualizer_node]: Received 0 solutions to visualize
[INFO] [1753419159.497032475] [visualizer_node]: Received 0 solutions to visualize
[INFO] [1753419159.593973064] [visualizer_node]: Received 0 solutions to visualize
[INFO] [1753419159.694306292] [visualizer_node]: Received 0 solutions to visualize
[INFO] [1753419159.793286413] [visualizer_node]: Received 0 solutions to visualize
[INFO] [1753419159.894622462] [visualizer_node]: Received 0 solutions to visualize
[INFO] [1753419159.993076003] [visualizer_node]: Received 0 solutions to visualize
[INFO] [1753419160.092023259] [visualizer_node]: Received 0 solutions to visualize
[INFO] [1753419160.191759281] [visualizer_node]: Received 0 solutions to visualize
[INFO] [1753419160.293366476] [visualizer_node]: Received 0 solutions to visualize
[INFO] [1753419160.391721742] [visualizer_node]: Received 0 solutions to visualize
[INFO] [1753419160.492912794] [visualizer_node]: Received 0 solutions to visualize
[INFO] [1753419160.593716312] [visualizer_node]: Received 0 solutions to visualize
[INFO] [1753419160.694634841] [visualizer_node]: Received 0 solutions to visualize
[INFO] [1753419160.791976725] [visualizer_node]: Received 0 solutions to visualize
[INFO] [1753419160.896154993] [visualizer_node]: Received 0 solutions to visualize
[INFO] [1753419161.001087017] [visualizer_node]: Received 0 solutions to visualize
[INFO] [1753419161.097249785] [visualizer_node]: Received 0 solutions to visualize
[INFO] [1753419161.194466449] [visualizer_node]: Received 0 solutions to visualize
[INFO] [1753419161.293137534] [visualizer_node]: Received 0 solutions to visualize
[INFO] [1753419161.394123747] [visualizer_node]: Received 0 solutions to visualize
[INFO] [1753419161.493403080] [visualizer_node]: Received 0 solutions to visualize
[INFO] [1753419161.593341413] [visualizer_node]: Received 0 solutions to visualize
[INFO] [1753419161.692890036] [visualizer_node]: Received 0 solutions to visualize
[INFO] [1753419161.793461672] [visualizer_node]: Received 0 solutions to visualize
[INFO] [1753419161.891645796] [visualizer_node]: Received 0 solutions to visualize
[INFO] [1753419161.993030584] [visualizer_node]: Received 0 solutions to visualize
[INFO] [1753419162.094319560] [visualizer_node]: Received 0 solutions to visualize
[INFO] [1753419162.193781171] [visualizer_node]: Received 0 solutions to visualize
[INFO] [1753419162.292783470] [visualizer_node]: Received 0 solutions to visualize
[INFO] [1753419162.394131808] [visualizer_node]: Received 0 solutions to visualize
[INFO] [1753419162.493492264] [visualizer_node]: Received 0 solutions to visualize
[INFO] [1753419162.592980596] [visualizer_node]: Received 0 solutions to visualize
[INFO] [1753419162.694762903] [visualizer_node]: Received 0 solutions to visualize
[INFO] [1753419162.793570026] [visualizer_node]: Received 0 solutions to visualize
[INFO] [1753419162.892686185] [visualizer_node]: Received 0 solutions to visualize
[INFO] [1753419162.991340118] [visualizer_node]: Received 0 solutions to visualize
[INFO] [1753419163.093462630] [visualizer_node]: Received 0 solutions to visualize
[INFO] [1753419163.193714031] [visualizer_node]: Received 0 solutions to visualize
[INFO] [1753419163.295533203] [visualizer_node]: Received 0 solutions to visualize
[INFO] [1753419163.392803629] [visualizer_node]: Received 0 solutions to visualize
[INFO] [1753419163.492735530] [visualizer_node]: Received 0 solutions to visualize
[INFO] [1753419163.593109272] [visualizer_node]: Received 0 solutions to visualize
[INFO] [1753419163.696554233] [visualizer_node]: Received 0 solutions to visualize
[INFO] [1753419163.798779277] [visualizer_node]: Received 0 solutions to visualize
[INFO] [1753419163.896327025] [visualizer_node]: Received 0 solutions to visualize
[INFO] [1753419163.996614204] [visualizer_node]: Received 0 solutions to visualize
[INFO] [1753419164.096342130] [visualizer_node]: Received 0 solutions to visualize
[INFO] [1753419164.192345564] [visualizer_node]: Received 0 solutions to visualize
[INFO] [1753419164.294104830] [visualizer_node]: Received 0 solutions to visualize
[INFO] [1753419164.394115551] [visualizer_node]: Received 0 solutions to visualize
[INFO] [1753419164.493318849] [visualizer_node]: Received 0 solutions to visualize
[INFO] [1753419164.592809870] [visualizer_node]: Received 0 solutions to visualize
[INFO] [1753419164.696548666] [visualizer_node]: Received 0 solutions to visualize
[INFO] [1753419164.795610648] [visualizer_node]: Received 0 solutions to visualize
[INFO] [1753419164.893344515] [visualizer_node]: Received 0 solutions to visualize
[INFO] [1753419164.992443457] [visualizer_node]: Received 0 solutions to visualize
[INFO] [1753419165.092033010] [visualizer_node]: Received 0 solutions to visualize
[INFO] [1753419165.193064985] [visualizer_node]: Received 0 solutions to visualize
[INFO] [1753419165.292688940] [visualizer_node]: Received 0 solutions to visualize
[INFO] [1753419165.394943200] [visualizer_node]: Received 0 solutions to visualize
[INFO] [1753419165.492355200] [visualizer_node]: Received 0 solutions to visualize
[INFO] [1753419165.591751882] [visualizer_node]: Received 0 solutions to visualize
[INFO] [1753419165.691780331] [visualizer_node]: Received 0 solutions to visualize
[INFO] [1753419165.791870799] [visualizer_node]: Received 0 solutions to visualize
[INFO] [1753419165.893973982] [visualizer_node]: Received 0 solutions to visualize
[INFO] [1753419165.993078237] [visualizer_node]: Received 0 solutions to visualize
[INFO] [1753419166.091844911] [visualizer_node]: Received 0 solutions to visualize
[INFO] [1753419166.191727340] [visualizer_node]: Received 0 solutions to visualize
[INFO] [1753419166.292425318] [visualizer_node]: Received 0 solutions to visualize
[INFO] [1753419166.394900676] [visualizer_node]: Received 0 solutions to visualize
[INFO] [1753419166.491828113] [visualizer_node]: Received 0 solutions to visualize
[INFO] [1753419166.597159385] [visualizer_node]: Received 0 solutions to visualize
[INFO] [1753419166.695423513] [visualizer_node]: Received 0 solutions to visualize
[INFO] [1753419166.800936232] [visualizer_node]: Received 0 solutions to visualize
[INFO] [1753419166.896660296] [visualizer_node]: Received 0 solutions to visualize
[INFO] [1753419166.995743815] [visualizer_node]: Received 0 solutions to visualize
[INFO] [1753419167.093346478] [visualizer_node]: Received 0 solutions to visualize
[INFO] [1753419167.193515573] [visualizer_node]: Received 0 solutions to visualize
[INFO] [1753419167.295367739] [visualizer_node]: Received 0 solutions to visualize
[INFO] [1753419167.392572339] [visualizer_node]: Received 0 solutions to visualize
[INFO] [1753419167.493473525] [visualizer_node]: Received 0 solutions to visualize
[INFO] [1753419167.592338572] [visualizer_node]: Received 0 solutions to visualize
[INFO] [1753419167.692322124] [visualizer_node]: Received 0 solutions to visualize
[INFO] [1753419167.792776350] [visualizer_node]: Received 0 solutions to visualize
[INFO] [1753419167.891399243] [visualizer_node]: Received 0 solutions to visualize
[INFO] [1753419167.992967142] [visualizer_node]: Received 0 solutions to visualize
[INFO] [1753419168.092242860] [visualizer_node]: Received 0 solutions to visualize
[INFO] [1753419168.192568729] [visualizer_node]: Received 0 solutions to visualize
[INFO] [1753419168.294010640] [visualizer_node]: Received 0 solutions to visualize
[INFO] [1753419168.391926467] [visualizer_node]: Received 0 solutions to visualize
[INFO] [1753419168.492986700] [visualizer_node]: Received 0 solutions to visualize
[INFO] [1753419168.593407101] [visualizer_node]: Received 0 solutions to visualize
[INFO] [1753419168.700856565] [visualizer_node]: Received 0 solutions to visualize
[INFO] [1753419168.792158192] [visualizer_node]: Received 0 solutions to visualize
[INFO] [1753419168.896432433] [visualizer_node]: Received 0 solutions to visualize
[INFO] [1753419168.994993756] [visualizer_node]: Received 0 solutions to visualize
[INFO] [1753419169.092667206] [visualizer_node]: Received 0 solutions to visualize
[INFO] [1753419169.195676216] [visualizer_node]: Received 0 solutions to visualize
[INFO] [1753419169.292141973] [visualizer_node]: Received 0 solutions to visualize
[INFO] [1753419169.394119552] [visualizer_node]: Received 0 solutions to visualize
[INFO] [1753419169.495306062] [visualizer_node]: Received 0 solutions to visualize
[INFO] [1753419169.593445065] [visualizer_node]: Received 0 solutions to visualize
[INFO] [1753419169.698599659] [visualizer_node]: Received 0 solutions to visualize
[INFO] [1753419169.795302705] [visualizer_node]: Received 0 solutions to visualize
[INFO] [1753419169.894155879] [visualizer_node]: Received 0 solutions to visualize
[INFO] [1753419169.998966556] [visualizer_node]: Received 0 solutions to visualize
[INFO] [1753419170.099704057] [visualizer_node]: Received 0 solutions to visualize
[INFO] [1753419170.195459932] [visualizer_node]: Received 0 solutions to visualize
[INFO] [1753419170.294026920] [visualizer_node]: Received 0 solutions to visualize
[INFO] [1753419170.394480218] [visualizer_node]: Received 0 solutions to visualize
[INFO] [1753419170.496039766] [visualizer_node]: Received 0 solutions to visualize
[INFO] [1753419170.592754716] [visualizer_node]: Received 0 solutions to visualize
[INFO] [1753419170.696785364] [visualizer_node]: Received 0 solutions to visualize
[INFO] [1753419170.794092689] [visualizer_node]: Received 0 solutions to visualize
[INFO] [1753419170.894225559] [visualizer_node]: Received 0 solutions to visualize
[INFO] [1753419170.995093945] [visualizer_node]: Received 0 solutions to visualize
[INFO] [1753419171.097220138] [visualizer_node]: Received 0 solutions to visualize
[INFO] [1753419171.194243388] [visualizer_node]: Received 0 solutions to visualize
[INFO] [1753419171.295471692] [visualizer_node]: Received 0 solutions to visualize
[INFO] [1753419171.398010444] [visualizer_node]: Received 0 solutions to visualize
[INFO] [1753419171.499036052] [visualizer_node]: Received 0 solutions to visualize
[INFO] [1753419171.595121539] [visualizer_node]: Received 0 solutions to visualize
[INFO] [1753419171.694478701] [visualizer_node]: Received 0 solutions to visualize
[INFO] [1753419171.795269068] [visualizer_node]: Received 0 solutions to visualize
[INFO] [1753419171.894350539] [visualizer_node]: Received 0 solutions to visualize
[INFO] [1753419171.992875797] [visualizer_node]: Received 0 solutions to visualize
[INFO] [1753419172.095290130] [visualizer_node]: Received 0 solutions to visualize
[INFO] [1753419172.193573587] [visualizer_node]: Received 0 solutions to visualize
[INFO] [1753419172.295185489] [visualizer_node]: Received 0 solutions to visualize
[INFO] [1753419172.395727815] [visualizer_node]: Received 0 solutions to visualize
[INFO] [1753419172.496438756] [visualizer_node]: Received 0 solutions to visualize
[INFO] [1753419172.598515699] [visualizer_node]: Received 0 solutions to visualize
[INFO] [1753419172.701165944] [visualizer_node]: Received 0 solutions to visualize
[INFO] [1753419172.792901220] [visualizer_node]: Received 0 solutions to visualize
