[INFO] [1754313829.892817569] [solver_node]: [PerpendicularDistanceLocalizer] 激光配置 详细内容: 列表长度: 5
[INFO] [1754313829.895290518] [solver_node]: [PerpendicularDistanceLocalizer] 激光配置[0]: ((0.37685, 1.56608), 1.5708)
[INFO] [1754313829.896951866] [solver_node]: [PerpendicularDistanceLocalizer] 激光配置[1]: ((0.37685, -1.56608), -1.5708)
[INFO] [1754313829.898286359] [solver_node]: [PerpendicularDistanceLocalizer] 激光配置[2]: ((0.37645, 0.47385), 0.0)
[INFO] [1754313829.907408060] [solver_node]: [PerpendicularDistanceLocalizer] 激光配置[3]: ((0.37771, 2.42478), 3.14159)
[INFO] [1754313829.911020842] [solver_node]: [PerpendicularDistanceLocalizer] 激光配置[4]: ((0.37771, -2.42478), 3.14159)
[INFO] [1754313829.917138062] [solver_node]: [PerpendicularDistanceLocalizer] 前束索引: [2], 后束索引: [3, 4]
[INFO] [1754313829.922676101] [solver_node]: [PerpendicularDistanceLocalizer] 左束索引: [0], 右束索引: [1]
[INFO] [1754313829.930024356] [solver_node]: [PerpendicularDistanceLocalizer] h_values: [0.37684581 0.37684581 0.33497201 0.28475693 0.28475693]
[INFO] [1754313829.936000293] [solver_node]: [PerpendicularDistanceLocalizer] 垂直距离定位器已初始化，需要调用calibrate()方法进行标定
[INFO] [1754313829.958388424] [solver_node]: 发布重定位TF: x=0.000, y=0.000
[INFO] [1754313829.961073154] [solver_node]: SolverNode启动，进入初始化阶段...
[INFO] [1754313829.999761126] [solver_node]: 标定数据收集进度: 1/100
[INFO] [1754313830.049483511] [solver_node]: 标定数据收集进度: 2/100
[INFO] [1754313830.099799318] [solver_node]: 标定数据收集进度: 3/100
[INFO] [1754313830.149712332] [solver_node]: 标定数据收集进度: 4/100
[INFO] [1754313830.199642946] [solver_node]: 标定数据收集进度: 5/100
[INFO] [1754313830.250419370] [solver_node]: 标定数据收集进度: 6/100
[INFO] [1754313830.299398476] [solver_node]: 标定数据收集进度: 7/100
[INFO] [1754313830.349799948] [solver_node]: 标定数据收集进度: 8/100
[INFO] [1754313830.400148939] [solver_node]: 标定数据收集进度: 9/100
[INFO] [1754313830.449962911] [solver_node]: 标定数据收集进度: 10/100
[INFO] [1754313830.499741937] [solver_node]: 标定数据收集进度: 11/100
[INFO] [1754313830.555342466] [solver_node]: 标定数据收集进度: 12/100
[INFO] [1754313830.603044776] [solver_node]: 标定数据收集进度: 13/100
[INFO] [1754313830.907079661] [solver_node]: 标定数据收集进度: 14/100
[INFO] [1754313830.926868952] [solver_node]: 标定数据收集进度: 15/100
[INFO] [1754313830.952672069] [solver_node]: 发布重定位TF: x=0.000, y=0.000
[INFO] [1754313830.957791604] [solver_node]: 标定数据收集进度: 16/100
[INFO] [1754313831.002635420] [solver_node]: 标定数据收集进度: 17/100
[INFO] [1754313831.055672853] [solver_node]: 标定数据收集进度: 18/100
[INFO] [1754313831.103149270] [solver_node]: 标定数据收集进度: 19/100
[INFO] [1754313831.150751258] [solver_node]: 标定数据收集进度: 20/100
[INFO] [1754313831.215549169] [solver_node]: 标定数据收集进度: 21/100
[INFO] [1754313831.276498453] [solver_node]: 标定数据收集进度: 22/100
[INFO] [1754313831.336289280] [solver_node]: 标定数据收集进度: 23/100
[INFO] [1754313831.368640955] [solver_node]: 标定数据收集进度: 24/100
[INFO] [1754313831.402379763] [solver_node]: 标定数据收集进度: 25/100
[INFO] [1754313831.454981155] [solver_node]: 标定数据收集进度: 26/100
[INFO] [1754313831.503295094] [solver_node]: 标定数据收集进度: 27/100
[INFO] [1754313831.550157194] [solver_node]: 标定数据收集进度: 28/100
[INFO] [1754313831.602076715] [solver_node]: 标定数据收集进度: 29/100
[INFO] [1754313831.650359486] [solver_node]: 标定数据收集进度: 30/100
[INFO] [1754313831.702432546] [solver_node]: 标定数据收集进度: 31/100
[INFO] [1754313831.750929369] [solver_node]: 标定数据收集进度: 32/100
[INFO] [1754313831.803313988] [solver_node]: 标定数据收集进度: 33/100
[INFO] [1754313831.850279162] [solver_node]: 标定数据收集进度: 34/100
[INFO] [1754313831.900407765] [solver_node]: 标定数据收集进度: 35/100
[INFO] [1754313831.950726035] [solver_node]: 标定数据收集进度: 36/100
[INFO] [1754313831.954078684] [solver_node]: 发布重定位TF: x=0.000, y=0.000
[INFO] [1754313832.000334690] [solver_node]: 标定数据收集进度: 37/100
[INFO] [1754313832.049858960] [solver_node]: 标定数据收集进度: 38/100
[INFO] [1754313832.100482549] [solver_node]: 标定数据收集进度: 39/100
[INFO] [1754313832.150319145] [solver_node]: 标定数据收集进度: 40/100
[INFO] [1754313832.200625543] [solver_node]: 标定数据收集进度: 41/100
[INFO] [1754313832.254323855] [solver_node]: 标定数据收集进度: 42/100
[INFO] [1754313832.304294374] [solver_node]: 标定数据收集进度: 43/100
[INFO] [1754313832.350175844] [solver_node]: 标定数据收集进度: 44/100
[INFO] [1754313832.403683528] [solver_node]: 标定数据收集进度: 45/100
[INFO] [1754313832.451625971] [solver_node]: 标定数据收集进度: 46/100
[INFO] [1754313832.504800655] [solver_node]: 标定数据收集进度: 47/100
[INFO] [1754313832.552331313] [solver_node]: 标定数据收集进度: 48/100
[INFO] [1754313832.601274898] [solver_node]: 标定数据收集进度: 49/100
[INFO] [1754313832.653598236] [solver_node]: 标定数据收集进度: 50/100
[INFO] [1754313832.701991345] [solver_node]: 标定数据收集进度: 51/100
[INFO] [1754313832.751936103] [solver_node]: 标定数据收集进度: 52/100
[INFO] [1754313832.803352125] [solver_node]: 标定数据收集进度: 53/100
[INFO] [1754313832.851426091] [solver_node]: 标定数据收集进度: 54/100
[INFO] [1754313832.900690867] [solver_node]: 标定数据收集进度: 55/100
[INFO] [1754313832.951936614] [solver_node]: 标定数据收集进度: 56/100
[INFO] [1754313832.956923665] [solver_node]: 发布重定位TF: x=0.000, y=0.000
[INFO] [1754313833.002391687] [solver_node]: 标定数据收集进度: 57/100
[INFO] [1754313833.050418036] [solver_node]: 标定数据收集进度: 58/100
[INFO] [1754313833.100482157] [solver_node]: 标定数据收集进度: 59/100
[INFO] [1754313833.152064711] [solver_node]: 标定数据收集进度: 60/100
[INFO] [1754313833.201721015] [solver_node]: 标定数据收集进度: 61/100
[INFO] [1754313833.250985887] [solver_node]: 标定数据收集进度: 62/100
[INFO] [1754313833.302048909] [solver_node]: 标定数据收集进度: 63/100
[INFO] [1754313833.350588933] [solver_node]: 标定数据收集进度: 64/100
[INFO] [1754313833.401142345] [solver_node]: 标定数据收集进度: 65/100
[INFO] [1754313833.458274202] [solver_node]: 标定数据收集进度: 66/100
[INFO] [1754313833.500812401] [solver_node]: 标定数据收集进度: 67/100
[INFO] [1754313833.553449793] [solver_node]: 标定数据收集进度: 68/100
[INFO] [1754313833.606012080] [solver_node]: 标定数据收集进度: 69/100
[INFO] [1754313833.667905929] [solver_node]: 标定数据收集进度: 70/100
[INFO] [1754313833.699889851] [solver_node]: 标定数据收集进度: 71/100
[INFO] [1754313833.750397566] [solver_node]: 标定数据收集进度: 72/100
[INFO] [1754313833.802774921] [solver_node]: 标定数据收集进度: 73/100
[INFO] [1754313833.856047367] [solver_node]: 标定数据收集进度: 74/100
[INFO] [1754313833.899604148] [solver_node]: 标定数据收集进度: 75/100
[INFO] [1754313833.950777189] [solver_node]: 标定数据收集进度: 76/100
[INFO] [1754313833.972215667] [solver_node]: 发布重定位TF: x=0.000, y=0.000
[INFO] [1754313834.005700647] [solver_node]: 标定数据收集进度: 77/100
[INFO] [1754313834.053928952] [solver_node]: 标定数据收集进度: 78/100
[INFO] [1754313834.101753920] [solver_node]: 标定数据收集进度: 79/100
[INFO] [1754313834.150958343] [solver_node]: 标定数据收集进度: 80/100
[INFO] [1754313834.200330001] [solver_node]: 标定数据收集进度: 81/100
[INFO] [1754313834.250739153] [solver_node]: 标定数据收集进度: 82/100
[INFO] [1754313834.304502906] [solver_node]: 标定数据收集进度: 83/100
[INFO] [1754313834.350842787] [solver_node]: 标定数据收集进度: 84/100
[INFO] [1754313834.406751642] [solver_node]: 标定数据收集进度: 85/100
[INFO] [1754313834.449723578] [solver_node]: 标定数据收集进度: 86/100
[INFO] [1754313834.502427468] [solver_node]: 标定数据收集进度: 87/100
[INFO] [1754313834.567508457] [solver_node]: 标定数据收集进度: 88/100
[INFO] [1754313834.604698860] [solver_node]: 标定数据收集进度: 89/100
[INFO] [1754313834.652768762] [solver_node]: 标定数据收集进度: 90/100
[INFO] [1754313834.711062405] [solver_node]: 标定数据收集进度: 91/100
[INFO] [1754313834.756497178] [solver_node]: 标定数据收集进度: 92/100
[INFO] [1754313834.810375333] [solver_node]: 标定数据收集进度: 93/100
[INFO] [1754313834.871200326] [solver_node]: 标定数据收集进度: 94/100
[INFO] [1754313834.921677320] [solver_node]: 标定数据收集进度: 95/100
[INFO] [1754313834.950335891] [solver_node]: 标定数据收集进度: 96/100
[INFO] [1754313834.989538946] [solver_node]: 发布重定位TF: x=0.000, y=0.000
[INFO] [1754313835.013364900] [solver_node]: 标定数据收集进度: 97/100
[INFO] [1754313835.067611159] [solver_node]: 标定数据收集进度: 98/100
[INFO] [1754313835.110527830] [solver_node]: 标定数据收集进度: 99/100
[INFO] [1754313835.167120348] [solver_node]: 标定数据收集进度: 100/100
[INFO] [1754313835.172615027] [solver_node]: 标定数据收集完成，开始标定...
[INFO] [1754313835.175897721] [solver_node]: 开始标定，收集到的数据shape: (100, 5)
[INFO] [1754313835.178733975] [solver_node]: [PerpendicularDistanceLocalizer] 开始标定，扫描数据shape: (100, 5)
[INFO] [1754313835.183761635] [solver_node]: [PerpendicularDistanceLocalizer] 平均测距值 详细内容: 形状: (5,), 类型: float64
[INFO] [1754313835.199315379] [solver_node]: [PerpendicularDistanceLocalizer] 平均测距值[0]: 0.3919199974089861
[INFO] [1754313835.204196221] [solver_node]: [PerpendicularDistanceLocalizer] 平均测距值[1]: 6.749489936828613
[INFO] [1754313835.208460921] [solver_node]: [PerpendicularDistanceLocalizer] 平均测距值[2]: 7.091710028648376
[INFO] [1754313835.213925615] [solver_node]: [PerpendicularDistanceLocalizer] 平均测距值[3]: 0.6834300005435944
[INFO] [1754313835.217866820] [solver_node]: [PerpendicularDistanceLocalizer] 平均测距值[4]: 1.483629996776581
[INFO] [1754313835.221311054] [solver_node]: [PerpendicularDistanceLocalizer] h_values 详细内容: 形状: (5,), 类型: float64
[INFO] [1754313835.225610219] [solver_node]: [PerpendicularDistanceLocalizer] h_values[0]: 0.37684580873135426
[INFO] [1754313835.231213636] [solver_node]: [PerpendicularDistanceLocalizer] h_values[1]: 0.37684580873135426
[INFO] [1754313835.236078093] [solver_node]: [PerpendicularDistanceLocalizer] h_values[2]: 0.33497201345916283
[INFO] [1754313835.240254503] [solver_node]: [PerpendicularDistanceLocalizer] h_values[3]: 0.2847569265233284
[INFO] [1754313835.243555950] [solver_node]: [PerpendicularDistanceLocalizer] h_values[4]: 0.2847569265233284
[INFO] [1754313835.250104508] [solver_node]: [PerpendicularDistanceLocalizer] 标定完成: m=8.795, n=7.895
[INFO] [1754313835.261544083] [solver_node]: [PerpendicularDistanceLocalizer] 前后左右平均距离: 前=7.427, 后=1.368, 左=0.769, 右=7.126
[INFO] [1754313835.268318885] [solver_node]: [PerpendicularDistanceLocalizer] 计算的初始位姿: x=1.368, y=7.126, phi=1.571
[INFO] [1754313835.273524757] [solver_node]: 标定完成: m=9.960, n=7.970
[INFO] [1754313835.279055949] [solver_node]: 标定得到的初始位姿: x=1.368, y=7.126, phi=1.571
[INFO] [1754313835.299413572] [solver_node]: LIO位置: x=1.554, y=-0.082
[INFO] [1754313835.320462059] [solver_node]: Started偏移: x=-0.185, y=7.209
[INFO] [1754313835.325238354] [solver_node]: 初始化阶段完成，进入运行阶段
[INFO] [1754313835.990872150] [solver_node]: 发布重定位TF: x=0.000, y=0.000
[INFO] [1754313837.009731014] [solver_node]: 发布重定位TF: x=0.000, y=0.000
[INFO] [1754313838.004282280] [solver_node]: 发布重定位TF: x=0.000, y=0.000
[INFO] [1754313839.027777787] [solver_node]: 发布重定位TF: x=0.000, y=0.000
[INFO] [1754313840.031225630] [solver_node]: 发布重定位TF: x=0.000, y=0.000
[INFO] [1754313841.046525792] [solver_node]: 发布重定位TF: x=0.000, y=0.000
[INFO] [1754313842.048692039] [solver_node]: 发布重定位TF: x=0.000, y=0.000
[INFO] [1754313843.070472693] [solver_node]: 发布重定位TF: x=0.000, y=0.000
[INFO] [1754313844.086295074] [solver_node]: 发布重定位TF: x=0.000, y=0.000
[INFO] [1754313845.089233722] [solver_node]: 发布重定位TF: x=0.000, y=0.000
[INFO] [1754313846.112561225] [solver_node]: 发布重定位TF: x=0.000, y=0.000
[INFO] [1754313847.124163227] [solver_node]: 发布重定位TF: x=0.000, y=0.000
[INFO] [1754313848.145215994] [solver_node]: 发布重定位TF: x=0.000, y=0.000
[INFO] [1754313849.157944804] [solver_node]: 发布重定位TF: x=0.000, y=0.000
[INFO] [1754313850.160074634] [solver_node]: 发布重定位TF: x=0.000, y=0.000
[INFO] [1754313851.181732469] [solver_node]: 发布重定位TF: x=0.000, y=0.000
[INFO] [1754313852.189530230] [solver_node]: 发布重定位TF: x=0.000, y=0.000
[INFO] [1754313853.202191231] [solver_node]: 发布重定位TF: x=0.000, y=0.000
[INFO] [1754313854.212707065] [solver_node]: 发布重定位TF: x=0.000, y=0.000
[INFO] [1754313855.239533492] [solver_node]: 发布重定位TF: x=0.000, y=0.000
[INFO] [1754313856.217311468] [solver_node]: 发布重定位TF: x=0.000, y=0.000
[INFO] [1754313857.237079342] [solver_node]: 发布重定位TF: x=0.000, y=0.000
[INFO] [1754313858.239797569] [solver_node]: 发布重定位TF: x=0.000, y=0.000
[INFO] [1754313859.243967058] [solver_node]: 发布重定位TF: x=0.000, y=0.000
[INFO] [1754313860.244110221] [solver_node]: 发布重定位TF: x=0.000, y=0.000
[INFO] [1754313861.280411764] [solver_node]: 发布重定位TF: x=0.000, y=0.000
[INFO] [1754313862.259975218] [solver_node]: 发布重定位TF: x=0.000, y=0.000
[INFO] [1754313863.271509891] [solver_node]: 发布重定位TF: x=0.000, y=0.000
[INFO] [1754313864.281869562] [solver_node]: 发布重定位TF: x=0.000, y=0.000
[INFO] [1754313865.287162180] [solver_node]: 发布重定位TF: x=0.000, y=0.000
[INFO] [1754313866.314442696] [solver_node]: 发布重定位TF: x=0.000, y=0.000
[INFO] [1754313867.310155459] [solver_node]: 发布重定位TF: x=0.000, y=0.000
[INFO] [1754313868.321268810] [solver_node]: 发布重定位TF: x=0.000, y=0.000
[INFO] [1754313869.325692065] [solver_node]: 发布重定位TF: x=0.000, y=0.000
[INFO] [1754313870.342709704] [solver_node]: 发布重定位TF: x=0.000, y=0.000
[INFO] [1754313871.355750937] [solver_node]: 发布重定位TF: x=0.000, y=0.000
[INFO] [1754313872.362465857] [solver_node]: 发布重定位TF: x=0.000, y=0.000
[INFO] [1754313873.395596483] [solver_node]: 发布重定位TF: x=0.000, y=0.000
[INFO] [1754313874.393855669] [solver_node]: 发布重定位TF: x=0.000, y=0.000
[INFO] [1754313875.458185497] [solver_node]: 发布重定位TF: x=0.000, y=0.000
[INFO] [1754313876.407779632] [solver_node]: 发布重定位TF: x=0.000, y=0.000
[INFO] [1754313877.424305420] [solver_node]: 发布重定位TF: x=0.000, y=0.000
[INFO] [1754313878.431541536] [solver_node]: 发布重定位TF: x=0.000, y=0.000
[INFO] [1754313879.440335573] [solver_node]: 发布重定位TF: x=0.000, y=0.000
[INFO] [1754313880.457748196] [solver_node]: 发布重定位TF: x=0.000, y=0.000
[INFO] [1754313880.834956212] [solver_node]: TF发布线程已停止
[INFO] [1754313880.836376147] [solver_node]: 求解线程已停止
[INFO] [1754313880.851904674] [solver_node]: 位置更新线程已停止
[INFO] [1754313880.922516502] [solver_node]: 重定位计算线程已停止
[INFO] [1754313880.923926517] [solver_node]: SolverNode资源清理完成
