[INFO] [1754287017.858230949] [solver_node]: [PerpendicularDistanceLocalizer] 前束索引: [2], 后束索引: []
[INFO] [1754287017.868319930] [solver_node]: [PerpendicularDistanceLocalizer] 左束索引: [], 右束索引: []
[INFO] [1754287017.875226109] [solver_node]: [PerpendicularDistanceLocalizer] 垂直距离定位器已初始化，需要调用calibrate()方法进行标定
[INFO] [1754287017.925788363] [solver_node]: SolverNode启动，进入初始化阶段，需要收集100次激光数据进行标定...
[INFO] [1754287018.283851464] [solver_node]: 标定数据收集进度: 1/100
[INFO] [1754287018.295448145] [solver_node]: 标定数据收集进度: 2/100
[INFO] [1754287018.334128100] [solver_node]: 标定数据收集进度: 3/100
[INFO] [1754287018.337114379] [solver_node]: 标定数据收集进度: 4/100
[INFO] [1754287018.339527026] [solver_node]: 标定数据收集进度: 5/100
[INFO] [1754287018.354543034] [solver_node]: 标定数据收集进度: 6/100
[INFO] [1754287018.357539105] [solver_node]: 标定数据收集进度: 7/100
[INFO] [1754287018.360186933] [solver_node]: 标定数据收集进度: 8/100
[INFO] [1754287018.363727931] [solver_node]: 标定数据收集进度: 9/100
[INFO] [1754287018.366053981] [solver_node]: 标定数据收集进度: 10/100
[INFO] [1754287018.368053549] [solver_node]: 标定数据收集进度: 11/100
[INFO] [1754287018.374985105] [solver_node]: 标定数据收集进度: 12/100
[INFO] [1754287018.385951286] [solver_node]: 标定数据收集进度: 13/100
[INFO] [1754287018.396115535] [solver_node]: 标定数据收集进度: 14/100
[INFO] [1754287018.416762065] [solver_node]: 标定数据收集进度: 15/100
[INFO] [1754287018.419318368] [solver_node]: 标定数据收集进度: 16/100
[INFO] [1754287018.434086010] [solver_node]: 标定数据收集进度: 17/100
[INFO] [1754287018.441628992] [solver_node]: 标定数据收集进度: 18/100
[INFO] [1754287018.446409387] [solver_node]: 标定数据收集进度: 19/100
[INFO] [1754287018.455292220] [solver_node]: 标定数据收集进度: 20/100
[INFO] [1754287018.466080503] [solver_node]: 标定数据收集进度: 21/100
[INFO] [1754287018.474994090] [solver_node]: 标定数据收集进度: 22/100
[INFO] [1754287018.484808975] [solver_node]: 标定数据收集进度: 23/100
[INFO] [1754287018.495092686] [solver_node]: 标定数据收集进度: 24/100
[INFO] [1754287018.513331658] [solver_node]: 标定数据收集进度: 25/100
[INFO] [1754287018.515807060] [solver_node]: 标定数据收集进度: 26/100
[INFO] [1754287018.526528204] [solver_node]: 标定数据收集进度: 27/100
[INFO] [1754287018.537250052] [solver_node]: 标定数据收集进度: 28/100
[INFO] [1754287018.551835571] [solver_node]: 标定数据收集进度: 29/100
[INFO] [1754287018.559749006] [solver_node]: 标定数据收集进度: 30/100
[INFO] [1754287018.568645311] [solver_node]: 标定数据收集进度: 31/100
[INFO] [1754287018.577067126] [solver_node]: 标定数据收集进度: 32/100
[INFO] [1754287018.585176636] [solver_node]: 标定数据收集进度: 33/100
[INFO] [1754287018.594911100] [solver_node]: 标定数据收集进度: 34/100
[INFO] [1754287018.610554407] [solver_node]: 标定数据收集进度: 35/100
[INFO] [1754287018.618860856] [solver_node]: 标定数据收集进度: 36/100
[INFO] [1754287018.629981477] [solver_node]: 标定数据收集进度: 37/100
[INFO] [1754287018.635604512] [solver_node]: 标定数据收集进度: 38/100
[INFO] [1754287018.646157742] [solver_node]: 标定数据收集进度: 39/100
[INFO] [1754287018.656877222] [solver_node]: 标定数据收集进度: 40/100
[INFO] [1754287018.666732685] [solver_node]: 标定数据收集进度: 41/100
[INFO] [1754287018.676052566] [solver_node]: 标定数据收集进度: 42/100
[INFO] [1754287018.694045668] [solver_node]: 标定数据收集进度: 43/100
[INFO] [1754287018.697053388] [solver_node]: 标定数据收集进度: 44/100
[INFO] [1754287018.705428225] [solver_node]: 标定数据收集进度: 45/100
[INFO] [1754287018.715478803] [solver_node]: 标定数据收集进度: 46/100
[INFO] [1754287018.738736168] [solver_node]: 标定数据收集进度: 47/100
[INFO] [1754287018.744976517] [solver_node]: 标定数据收集进度: 48/100
[INFO] [1754287018.751453103] [solver_node]: 标定数据收集进度: 49/100
[INFO] [1754287018.757106571] [solver_node]: 标定数据收集进度: 50/100
[INFO] [1754287018.784407074] [solver_node]: 标定数据收集进度: 51/100
[INFO] [1754287018.791081719] [solver_node]: 标定数据收集进度: 52/100
[INFO] [1754287018.794753220] [solver_node]: 标定数据收集进度: 53/100
[INFO] [1754287018.815781692] [solver_node]: 标定数据收集进度: 54/100
[INFO] [1754287018.821823758] [solver_node]: 标定数据收集进度: 55/100
[INFO] [1754287018.834421071] [solver_node]: 标定数据收集进度: 56/100
[INFO] [1754287018.837131366] [solver_node]: 标定数据收集进度: 57/100
[INFO] [1754287018.839335201] [solver_node]: 标定数据收集进度: 58/100
[INFO] [1754287018.851870911] [solver_node]: 标定数据收集进度: 59/100
[INFO] [1754287018.855144278] [solver_node]: 标定数据收集进度: 60/100
[INFO] [1754287018.864860597] [solver_node]: 标定数据收集进度: 61/100
[INFO] [1754287018.874547987] [solver_node]: 标定数据收集进度: 62/100
[INFO] [1754287018.884390041] [solver_node]: 标定数据收集进度: 63/100
[INFO] [1754287018.895544777] [solver_node]: 标定数据收集进度: 64/100
[INFO] [1754287018.915502053] [solver_node]: 标定数据收集进度: 65/100
[INFO] [1754287018.917631164] [solver_node]: 标定数据收集进度: 66/100
[INFO] [1754287018.931472866] [solver_node]: 标定数据收集进度: 67/100
[INFO] [1754287018.941307976] [solver_node]: 标定数据收集进度: 68/100
[INFO] [1754287018.947527204] [solver_node]: 标定数据收集进度: 69/100
[INFO] [1754287018.959113900] [solver_node]: 标定数据收集进度: 70/100
[INFO] [1754287018.970767384] [solver_node]: 标定数据收集进度: 71/100
[INFO] [1754287018.979333015] [solver_node]: 标定数据收集进度: 72/100
[INFO] [1754287018.985866820] [solver_node]: 标定数据收集进度: 73/100
[INFO] [1754287019.021102774] [solver_node]: 标定数据收集进度: 74/100
[INFO] [1754287019.033457096] [solver_node]: 标定数据收集进度: 75/100
[INFO] [1754287019.042585382] [solver_node]: 标定数据收集进度: 76/100
[INFO] [1754287019.046998364] [solver_node]: 标定数据收集进度: 77/100
[INFO] [1754287019.053133971] [solver_node]: 标定数据收集进度: 78/100
[INFO] [1754287019.057488902] [solver_node]: 标定数据收集进度: 79/100
[INFO] [1754287019.063227911] [solver_node]: 标定数据收集进度: 80/100
[INFO] [1754287019.068326340] [solver_node]: 标定数据收集进度: 81/100
[INFO] [1754287019.078511741] [solver_node]: 标定数据收集进度: 82/100
[INFO] [1754287019.087557046] [solver_node]: 标定数据收集进度: 83/100
[INFO] [1754287019.096732471] [solver_node]: 标定数据收集进度: 84/100
[INFO] [1754287019.105769040] [solver_node]: 标定数据收集进度: 85/100
[INFO] [1754287019.120209014] [solver_node]: 标定数据收集进度: 86/100
[INFO] [1754287019.127600883] [solver_node]: 标定数据收集进度: 87/100
[INFO] [1754287019.137357012] [solver_node]: 标定数据收集进度: 88/100
[INFO] [1754287019.160556452] [solver_node]: 标定数据收集进度: 89/100
[INFO] [1754287019.165681507] [solver_node]: 标定数据收集进度: 90/100
[INFO] [1754287019.168446045] [solver_node]: 标定数据收集进度: 91/100
[INFO] [1754287019.176713995] [solver_node]: 标定数据收集进度: 92/100
[INFO] [1754287019.191238711] [solver_node]: 标定数据收集进度: 93/100
[INFO] [1754287019.198420552] [solver_node]: 标定数据收集进度: 94/100
[INFO] [1754287019.215587335] [solver_node]: 标定数据收集进度: 95/100
[INFO] [1754287019.220966451] [solver_node]: 标定数据收集进度: 96/100
[INFO] [1754287019.229971658] [solver_node]: 标定数据收集进度: 97/100
[INFO] [1754287019.235208687] [solver_node]: 标定数据收集进度: 98/100
[INFO] [1754287019.245193597] [solver_node]: 标定数据收集进度: 99/100
[INFO] [1754287019.255587265] [solver_node]: 标定数据收集进度: 100/100
[INFO] [1754287019.256557496] [solver_node]: 标定数据收集完成，开始标定过程...
[INFO] [1754287019.257556816] [solver_node]: 开始标定，收集到的数据shape: (100, 5)
[INFO] [1754287019.258560296] [solver_node]: [PerpendicularDistanceLocalizer] 开始标定，扫描数据shape: (100, 5)
[INFO] [1754287019.261061107] [solver_node]: [PerpendicularDistanceLocalizer] 标定完成: m=0.000, n=5.405
[INFO] [1754287019.261781468] [solver_node]: [PerpendicularDistanceLocalizer] 前后左右平均距离: 前=5.405, 后=0.000, 左=0.000, 右=0.000
[INFO] [1754287019.262478690] [solver_node]: [PerpendicularDistanceLocalizer] 计算的初始位姿: x=0.000, y=0.000, phi=1.571
[INFO] [1754287019.263497787] [solver_node]: 标定完成: m=0.000, n=5.405
[INFO] [1754287019.264324170] [solver_node]: 初始位姿: x=0.000, y=0.000, phi=1.571
[INFO] [1754287019.273848158] [solver_node]: 初始化阶段完成，进入运行阶段
[INFO] [1754287019.278672363] [solver_node]: 收到5个激光点，处理后5个有效点
[INFO] [1754287019.294406842] [solver_node]: 当前位置: x=5.144, y=1.902, angle=-1.753
[INFO] [1754287019.296378728] [solver_node]: 激光距离数据: [1.48300004 5.73799992 5.07000017 4.26999998 4.28700018]
[INFO] [1754287019.307960879] [solver_node]: 垂直距离定位器返回 1 个解
[INFO] [1754287019.310581250] [solver_node]: 总共 1 个解
[INFO] [1754287019.311429969] [solver_node]: 无效解: x=0.000, y=5.405, 距离=6.223 > 阈值0.100
[WARN] [1754287019.312224926] [solver_node]: 没有满足距离要求的解
[WARN] [1754287019.312939526] [solver_node]: 没有合适的解，不发布TF变换
[INFO] [1754287019.321162065] [solver_node]: 收到5个激光点，处理后5个有效点
[INFO] [1754287019.323707199] [solver_node]: 收到5个激光点，处理后5个有效点
[INFO] [1754287019.326771498] [solver_node]: 收到5个激光点，处理后5个有效点
[INFO] [1754287019.343642777] [solver_node]: 当前位置: x=5.162, y=1.906, angle=-1.752
[INFO] [1754287019.346434005] [solver_node]: 激光距离数据: [1.48300004 5.73799992 5.07000017 4.26999998 4.28700018]
[INFO] [1754287019.347471343] [solver_node]: 垂直距离定位器返回 1 个解
[INFO] [1754287019.348212888] [solver_node]: 总共 1 个解
[INFO] [1754287019.349266707] [solver_node]: 无效解: x=0.000, y=5.405, 距离=6.236 > 阈值0.100
[WARN] [1754287019.350970386] [solver_node]: 没有满足距离要求的解
[WARN] [1754287019.351890950] [solver_node]: 没有合适的解，不发布TF变换
[INFO] [1754287019.353156716] [solver_node]: 收到5个激光点，处理后5个有效点
[INFO] [1754287019.359520688] [solver_node]: 当前位置: x=5.162, y=1.906, angle=-1.752
[INFO] [1754287019.362306636] [solver_node]: 激光距离数据: [1.48300004 5.73799992 5.07000017 4.26999998 4.28700018]
[INFO] [1754287019.363992650] [solver_node]: 垂直距离定位器返回 1 个解
[INFO] [1754287019.364750836] [solver_node]: 总共 1 个解
[INFO] [1754287019.379376229] [solver_node]: 无效解: x=0.000, y=5.405, 距离=6.236 > 阈值0.100
[WARN] [1754287019.380721488] [solver_node]: 没有满足距离要求的解
[WARN] [1754287019.381745834] [solver_node]: 没有合适的解，不发布TF变换
[INFO] [1754287019.383065395] [solver_node]: 收到5个激光点，处理后5个有效点
[INFO] [1754287019.433608155] [solver_node]: 当前位置: x=5.162, y=1.906, angle=-1.752
[INFO] [1754287019.436719753] [solver_node]: 激光距离数据: [1.48300004 5.73799992 5.07000017 4.26900005 4.28700018]
[INFO] [1754287019.439398878] [solver_node]: 垂直距离定位器返回 1 个解
[INFO] [1754287019.440768907] [solver_node]: 总共 1 个解
[INFO] [1754287019.451389532] [solver_node]: 无效解: x=0.000, y=5.405, 距离=6.236 > 阈值0.100
[INFO] [1754287019.455271221] [solver_node]: 发布静态变换: translation=(-0.000, -0.000, 0.0), 无旋转
[WARN] [1754287019.457970220] [solver_node]: 没有满足距离要求的解
[WARN] [1754287019.460204905] [solver_node]: 没有合适的解，不发布TF变换
[INFO] [1754287019.483046661] [solver_node]: 收到5个激光点，处理后5个有效点
[INFO] [1754287019.496561944] [solver_node]: 当前位置: x=5.175, y=1.888, angle=-1.752
[INFO] [1754287019.500272647] [solver_node]: 激光距离数据: [1.48300004 5.73799992 5.07000017 4.26900005 4.28700018]
[INFO] [1754287019.503764714] [solver_node]: 发布静态变换: translation=(-0.000, -0.000, 0.0), 无旋转
[INFO] [1754287019.509077523] [solver_node]: 垂直距离定位器返回 1 个解
[INFO] [1754287019.509981702] [solver_node]: 总共 1 个解
[INFO] [1754287019.518690540] [solver_node]: 无效解: x=0.000, y=5.405, 距离=6.257 > 阈值0.100
[WARN] [1754287019.519602943] [solver_node]: 没有满足距离要求的解
[WARN] [1754287019.520391627] [solver_node]: 没有合适的解，不发布TF变换
[INFO] [1754287019.524420556] [solver_node]: 收到5个激光点，处理后5个有效点
[INFO] [1754287019.528201023] [solver_node]: 收到5个激光点，处理后5个有效点
[INFO] [1754287019.535772582] [solver_node]: 当前位置: x=2.725, y=-1.502, angle=1.387
[INFO] [1754287019.537203094] [solver_node]: 激光距离数据: [1.48300004 5.73799992 5.07000017 4.26900005 4.28599977]
[INFO] [1754287019.538200334] [solver_node]: 垂直距离定位器返回 1 个解
[INFO] [1754287019.546050853] [solver_node]: 总共 1 个解
[INFO] [1754287019.547029499] [solver_node]: 无效解: x=0.000, y=0.000, 距离=3.112 > 阈值0.100
[WARN] [1754287019.547843785] [solver_node]: 没有满足距离要求的解
[WARN] [1754287019.548673239] [solver_node]: 没有合适的解，不发布TF变换
[INFO] [1754287019.553766900] [solver_node]: 收到5个激光点，处理后5个有效点
[INFO] [1754287019.557135568] [solver_node]: 收到5个激光点，处理后5个有效点
[INFO] [1754287019.559655229] [solver_node]: 收到5个激光点，处理后5个有效点
[INFO] [1754287019.561959453] [solver_node]: 当前位置: x=2.727, y=-1.500, angle=1.389
[INFO] [1754287019.569506595] [solver_node]: 激光距离数据: [1.48300004 5.73799992 5.07000017 4.26900005 4.28599977]
[INFO] [1754287019.570576095] [solver_node]: 垂直距离定位器返回 1 个解
[INFO] [1754287019.571288327] [solver_node]: 总共 1 个解
[INFO] [1754287019.572020976] [solver_node]: 无效解: x=0.000, y=0.000, 距离=3.112 > 阈值0.100
[WARN] [1754287019.572787578] [solver_node]: 没有满足距离要求的解
[WARN] [1754287019.573542213] [solver_node]: 没有合适的解，不发布TF变换
[INFO] [1754287019.579534579] [solver_node]: 发布静态变换: translation=(-0.000, -0.000, 0.0), 无旋转
[INFO] [1754287019.604386112] [solver_node]: 收到5个激光点，处理后5个有效点
[INFO] [1754287019.610563577] [solver_node]: 当前位置: x=2.725, y=-1.498, angle=1.389
[INFO] [1754287019.615483916] [solver_node]: 激光距离数据: [1.48300004 5.73799992 5.07000017 4.26900005 4.28599977]
[INFO] [1754287019.618052475] [solver_node]: 垂直距离定位器返回 1 个解
[INFO] [1754287019.621493883] [solver_node]: 总共 1 个解
[INFO] [1754287019.629130246] [solver_node]: 无效解: x=0.000, y=0.000, 距离=3.109 > 阈值0.100
[WARN] [1754287019.630015447] [solver_node]: 没有满足距离要求的解
[WARN] [1754287019.630841542] [solver_node]: 没有合适的解，不发布TF变换
[INFO] [1754287019.631897473] [solver_node]: 收到5个激光点，处理后5个有效点
[INFO] [1754287019.637585150] [solver_node]: 当前位置: x=2.725, y=-1.498, angle=1.389
[INFO] [1754287019.640924057] [solver_node]: 激光距离数据: [1.48300004 5.73799992 5.07000017 4.26900005 4.28599977]
[INFO] [1754287019.643075729] [solver_node]: 垂直距离定位器返回 1 个解
[INFO] [1754287019.643840828] [solver_node]: 总共 1 个解
[INFO] [1754287019.644642825] [solver_node]: 无效解: x=0.000, y=0.000, 距离=3.109 > 阈值0.100
[WARN] [1754287019.645403571] [solver_node]: 没有满足距离要求的解
[WARN] [1754287019.646157949] [solver_node]: 没有合适的解，不发布TF变换
[INFO] [1754287019.658098712] [solver_node]: 收到5个激光点，处理后5个有效点
[INFO] [1754287019.662188861] [solver_node]: 当前位置: x=2.734, y=-1.507, angle=1.390
[INFO] [1754287019.663717266] [solver_node]: 激光距离数据: [1.48300004 5.73799992 5.07000017 4.26999998 4.28599977]
[INFO] [1754287019.665006810] [solver_node]: 垂直距离定位器返回 1 个解
[INFO] [1754287019.665757316] [solver_node]: 总共 1 个解
[INFO] [1754287019.666580210] [solver_node]: 无效解: x=0.000, y=0.000, 距离=3.122 > 阈值0.100
[WARN] [1754287019.667687568] [solver_node]: 没有满足距离要求的解
[WARN] [1754287019.668918677] [solver_node]: 没有合适的解，不发布TF变换
[INFO] [1754287019.669956847] [solver_node]: 收到5个激光点，处理后5个有效点
[INFO] [1754287019.681009688] [solver_node]: 当前位置: x=2.734, y=-1.507, angle=1.390
[INFO] [1754287019.683179890] [solver_node]: 发布静态变换: translation=(-0.000, -0.000, 0.0), 无旋转
[INFO] [1754287019.685043386] [solver_node]: 激光距离数据: [1.48300004 5.73799992 5.07000017 4.26999998 4.28599977]
[INFO] [1754287019.686394629] [solver_node]: 垂直距离定位器返回 1 个解
[INFO] [1754287019.687166992] [solver_node]: 总共 1 个解
[INFO] [1754287019.688264462] [solver_node]: 无效解: x=0.000, y=0.000, 距离=3.122 > 阈值0.100
[WARN] [1754287019.689081147] [solver_node]: 没有满足距离要求的解
[WARN] [1754287019.689947308] [solver_node]: 没有合适的解，不发布TF变换
[INFO] [1754287019.691279478] [solver_node]: 收到5个激光点，处理后5个有效点
[INFO] [1754287019.695404861] [solver_node]: 收到5个激光点，处理后5个有效点
[INFO] [1754287019.698493001] [solver_node]: 收到5个激光点，处理后5个有效点
[INFO] [1754287019.704224425] [solver_node]: 当前位置: x=2.733, y=-1.506, angle=1.390
[INFO] [1754287019.706791929] [solver_node]: 激光距离数据: [1.48300004 5.73799992 5.07000017 4.26999998 4.28599977]
[INFO] [1754287019.708434548] [solver_node]: 垂直距离定位器返回 1 个解
[INFO] [1754287019.709168702] [solver_node]: 总共 1 个解
[INFO] [1754287019.709913223] [solver_node]: 无效解: x=0.000, y=0.000, 距离=3.121 > 阈值0.100
[WARN] [1754287019.710700819] [solver_node]: 没有满足距离要求的解
[WARN] [1754287019.711656873] [solver_node]: 没有合适的解，不发布TF变换
[INFO] [1754287019.712657152] [solver_node]: 收到5个激光点，处理后5个有效点
[INFO] [1754287019.716572155] [solver_node]: 当前位置: x=2.733, y=-1.506, angle=1.390
[INFO] [1754287019.718477510] [solver_node]: 激光距离数据: [1.48300004 5.73799992 5.07000017 4.26999998 4.28599977]
[INFO] [1754287019.719568162] [solver_node]: 垂直距离定位器返回 1 个解
[INFO] [1754287019.721034900] [solver_node]: 总共 1 个解
[INFO] [1754287019.722372895] [solver_node]: 无效解: x=0.000, y=0.000, 距离=3.121 > 阈值0.100
[WARN] [1754287019.724935150] [solver_node]: 没有满足距离要求的解
[WARN] [1754287019.726300347] [solver_node]: 没有合适的解，不发布TF变换
[INFO] [1754287019.728082270] [solver_node]: 收到5个激光点，处理后5个有效点
[INFO] [1754287019.735088870] [solver_node]: 当前位置: x=2.735, y=-1.506, angle=1.390
[INFO] [1754287019.736932301] [solver_node]: 激光距离数据: [1.48300004 5.73799992 5.07000017 4.26999998 4.28599977]
[INFO] [1754287019.739711208] [solver_node]: 垂直距离定位器返回 1 个解
[INFO] [1754287019.741450601] [solver_node]: 总共 1 个解
[INFO] [1754287019.742792468] [solver_node]: 无效解: x=0.000, y=0.000, 距离=3.123 > 阈值0.100
[WARN] [1754287019.744634395] [solver_node]: 没有满足距离要求的解
[WARN] [1754287019.746359675] [solver_node]: 没有合适的解，不发布TF变换
[INFO] [1754287019.747445432] [solver_node]: 收到5个激光点，处理后5个有效点
[INFO] [1754287019.757765080] [solver_node]: 收到5个激光点，处理后5个有效点
[INFO] [1754287019.762657002] [solver_node]: 收到5个激光点，处理后5个有效点
[INFO] [1754287019.777924639] [solver_node]: 收到5个激光点，处理后5个有效点
[INFO] [1754287019.814646018] [solver_node]: 当前位置: x=2.737, y=-1.509, angle=1.390
[INFO] [1754287019.827459022] [solver_node]: 发布静态变换: translation=(-0.000, -0.000, 0.0), 无旋转
[INFO] [1754287019.838332077] [solver_node]: 激光距离数据: [1.48300004 5.73799992 5.07000017 4.26999998 4.28599977]
[INFO] [1754287019.844439779] [solver_node]: 垂直距离定位器返回 1 个解
[INFO] [1754287019.847969000] [solver_node]: 总共 1 个解
[INFO] [1754287019.852631980] [solver_node]: 无效解: x=0.000, y=0.000, 距离=3.125 > 阈值0.100
[WARN] [1754287019.863262398] [solver_node]: 没有满足距离要求的解
[WARN] [1754287019.864156048] [solver_node]: 没有合适的解，不发布TF变换
[INFO] [1754287019.865314225] [solver_node]: 收到5个激光点，处理后5个有效点
[INFO] [1754287019.873820172] [solver_node]: 发布静态变换: translation=(-0.000, -0.000, 0.0), 无旋转
[INFO] [1754287019.877062977] [solver_node]: 收到5个激光点，处理后5个有效点
[INFO] [1754287019.882935529] [solver_node]: 当前位置: x=2.740, y=-1.509, angle=1.390
[INFO] [1754287019.888379193] [solver_node]: 激光距离数据: [1.48300004 5.73799992 5.07000017 4.27099991 4.28599977]
[INFO] [1754287019.892753230] [solver_node]: 垂直距离定位器返回 1 个解
[INFO] [1754287019.893937840] [solver_node]: 总共 1 个解
[INFO] [1754287019.894718556] [solver_node]: 无效解: x=0.000, y=0.000, 距离=3.128 > 阈值0.100
[WARN] [1754287019.898065591] [solver_node]: 没有满足距离要求的解
[WARN] [1754287019.898920102] [solver_node]: 没有合适的解，不发布TF变换
[INFO] [1754287019.912214477] [solver_node]: 收到5个激光点，处理后5个有效点
[INFO] [1754287019.917651421] [solver_node]: 当前位置: x=2.740, y=-1.499, angle=1.385
[INFO] [1754287019.918928740] [solver_node]: 激光距离数据: [1.48300004 5.73799992 5.07000017 4.27099991 4.28599977]
[INFO] [1754287019.921030361] [solver_node]: 垂直距离定位器返回 1 个解
[INFO] [1754287019.921822886] [solver_node]: 总共 1 个解
[INFO] [1754287019.922548590] [solver_node]: 无效解: x=0.000, y=0.000, 距离=3.123 > 阈值0.100
[WARN] [1754287019.923331002] [solver_node]: 没有满足距离要求的解
[WARN] [1754287019.924042882] [solver_node]: 没有合适的解，不发布TF变换
[INFO] [1754287019.935664555] [solver_node]: 收到5个激光点，处理后5个有效点
[INFO] [1754287019.938760984] [solver_node]: 收到5个激光点，处理后5个有效点
[INFO] [1754287019.943113067] [solver_node]: 收到5个激光点，处理后5个有效点
[INFO] [1754287019.952322766] [solver_node]: 当前位置: x=2.721, y=-1.496, angle=1.391
[INFO] [1754287019.955797072] [solver_node]: 激光距离数据: [1.48300004 5.73799992 5.07000017 4.27099991 4.28700018]
[INFO] [1754287019.956883052] [solver_node]: 垂直距离定位器返回 1 个解
[INFO] [1754287019.959361047] [solver_node]: 总共 1 个解
[INFO] [1754287019.960185605] [solver_node]: 无效解: x=0.000, y=0.000, 距离=3.105 > 阈值0.100
[WARN] [1754287019.960990962] [solver_node]: 没有满足距离要求的解
[WARN] [1754287019.964665343] [solver_node]: 没有合适的解，不发布TF变换
[INFO] [1754287019.967477820] [solver_node]: 收到5个激光点，处理后5个有效点
[INFO] [1754287019.973461931] [solver_node]: 发布静态变换: translation=(-0.000, -0.000, 0.0), 无旋转
[INFO] [1754287019.976947053] [solver_node]: 当前位置: x=2.721, y=-1.497, angle=1.391
[INFO] [1754287019.979206028] [solver_node]: 激光距离数据: [1.48300004 5.73799992 5.07000017 4.27099991 4.28700018]
[INFO] [1754287019.981333634] [solver_node]: 垂直距离定位器返回 1 个解
[INFO] [1754287019.982655820] [solver_node]: 总共 1 个解
[INFO] [1754287019.983944532] [solver_node]: 无效解: x=0.000, y=0.000, 距离=3.106 > 阈值0.100
[WARN] [1754287019.985731320] [solver_node]: 没有满足距离要求的解
[WARN] [1754287019.987470873] [solver_node]: 没有合适的解，不发布TF变换
[INFO] [1754287020.001974468] [solver_node]: 收到5个激光点，处理后5个有效点
[INFO] [1754287020.007610206] [solver_node]: 收到5个激光点，处理后5个有效点
[INFO] [1754287020.011448884] [solver_node]: 当前位置: x=2.719, y=-1.495, angle=1.390
[INFO] [1754287020.012719611] [solver_node]: 激光距离数据: [1.48300004 5.73799992 5.07000017 4.27099991 4.28700018]
[INFO] [1754287020.013651983] [solver_node]: 垂直距离定位器返回 1 个解
[INFO] [1754287020.014361751] [solver_node]: 总共 1 个解
[INFO] [1754287020.015141698] [solver_node]: 无效解: x=0.000, y=0.000, 距离=3.103 > 阈值0.100
[WARN] [1754287020.015875659] [solver_node]: 没有满足距离要求的解
[WARN] [1754287020.016673080] [solver_node]: 没有合适的解，不发布TF变换
[INFO] [1754287020.017589355] [solver_node]: 收到5个激光点，处理后5个有效点
[INFO] [1754287020.020313571] [solver_node]: 收到5个激光点，处理后5个有效点
[INFO] [1754287020.023279689] [solver_node]: 当前位置: x=2.699, y=-1.490, angle=1.390
[INFO] [1754287020.024576081] [solver_node]: 激光距离数据: [1.48300004 5.73799992 5.07000017 4.27099991 4.28700018]
[INFO] [1754287020.025499172] [solver_node]: 垂直距离定位器返回 1 个解
[INFO] [1754287020.026199148] [solver_node]: 总共 1 个解
[INFO] [1754287020.034144455] [solver_node]: 无效解: x=0.000, y=0.000, 距离=3.083 > 阈值0.100
[WARN] [1754287020.035124574] [solver_node]: 没有满足距离要求的解
[WARN] [1754287020.035948748] [solver_node]: 没有合适的解，不发布TF变换
[INFO] [1754287020.037118509] [solver_node]: 收到5个激光点，处理后5个有效点
[INFO] [1754287020.039656667] [solver_node]: 收到5个激光点，处理后5个有效点
[INFO] [1754287020.041892119] [solver_node]: 收到5个激光点，处理后5个有效点
[INFO] [1754287020.043844676] [solver_node]: 收到5个激光点，处理后5个有效点
[INFO] [1754287020.045609031] [solver_node]: 收到5个激光点，处理后5个有效点
[INFO] [1754287020.049279476] [solver_node]: 当前位置: x=2.723, y=-1.513, angle=1.390
[INFO] [1754287020.050471830] [solver_node]: 激光距离数据: [1.48300004 5.73799992 5.07000017 4.27099991 4.28700018]
[INFO] [1754287020.051618934] [solver_node]: 垂直距离定位器返回 1 个解
[INFO] [1754287020.052350719] [solver_node]: 总共 1 个解
[INFO] [1754287020.053072231] [solver_node]: 无效解: x=0.000, y=0.000, 距离=3.115 > 阈值0.100
[WARN] [1754287020.053822673] [solver_node]: 没有满足距离要求的解
[WARN] [1754287020.054621502] [solver_node]: 没有合适的解，不发布TF变换
[INFO] [1754287020.056484742] [solver_node]: 收到5个激光点，处理后5个有效点
[INFO] [1754287020.059053365] [solver_node]: 收到5个激光点，处理后5个有效点
[INFO] [1754287020.065927829] [solver_node]: 当前位置: x=2.723, y=-1.512, angle=1.390
[INFO] [1754287020.067298753] [solver_node]: 激光距离数据: [1.48300004 5.73799992 5.07000017 4.27099991 4.28700018]
[INFO] [1754287020.068164050] [solver_node]: 垂直距离定位器返回 1 个解
[INFO] [1754287020.068867033] [solver_node]: 总共 1 个解
[INFO] [1754287020.070602842] [solver_node]: 无效解: x=0.000, y=0.000, 距离=3.115 > 阈值0.100
[WARN] [1754287020.080152367] [solver_node]: 没有满足距离要求的解
[WARN] [1754287020.081436598] [solver_node]: 没有合适的解，不发布TF变换
[INFO] [1754287020.082579926] [solver_node]: 收到5个激光点，处理后5个有效点
[INFO] [1754287020.089377585] [solver_node]: 发布静态变换: translation=(-0.000, -0.000, 0.0), 无旋转
[INFO] [1754287020.092455069] [solver_node]: 当前位置: x=2.723, y=-1.512, angle=1.390
[INFO] [1754287020.103416545] [solver_node]: 激光距离数据: [1.48300004 5.73799992 5.07000017 4.27099991 4.28700018]
[INFO] [1754287020.105547704] [solver_node]: 垂直距离定位器返回 1 个解
[INFO] [1754287020.119237972] [solver_node]: 总共 1 个解
[INFO] [1754287020.121548597] [solver_node]: 无效解: x=0.000, y=0.000, 距离=3.115 > 阈值0.100
[WARN] [1754287020.124043456] [solver_node]: 没有满足距离要求的解
[WARN] [1754287020.126112020] [solver_node]: 没有合适的解，不发布TF变换
[INFO] [1754287020.128414580] [solver_node]: 收到5个激光点，处理后5个有效点
[INFO] [1754287020.131340055] [solver_node]: 收到5个激光点，处理后5个有效点
[INFO] [1754287020.133660441] [solver_node]: 收到5个激光点，处理后5个有效点
[INFO] [1754287020.144249288] [solver_node]: 收到5个激光点，处理后5个有效点
[INFO] [1754287020.147962775] [solver_node]: 当前位置: x=2.719, y=-1.519, angle=1.390
[INFO] [1754287020.149230686] [solver_node]: 激光距离数据: [1.48300004 5.73799992 5.07000017 4.27099991 4.28700018]
[INFO] [1754287020.152496788] [solver_node]: 垂直距离定位器返回 1 个解
[INFO] [1754287020.153977191] [solver_node]: 总共 1 个解
[INFO] [1754287020.157047634] [solver_node]: 无效解: x=0.000, y=0.000, 距离=3.115 > 阈值0.100
[WARN] [1754287020.158766322] [solver_node]: 没有满足距离要求的解
[WARN] [1754287020.159799244] [solver_node]: 没有合适的解，不发布TF变换
[INFO] [1754287020.161717975] [solver_node]: 收到5个激光点，处理后5个有效点
[INFO] [1754287020.164912553] [solver_node]: 收到5个激光点，处理后5个有效点
[INFO] [1754287020.169253819] [solver_node]: 发布静态变换: translation=(-0.000, -0.000, 0.0), 无旋转
[INFO] [1754287020.171931441] [solver_node]: 当前位置: x=2.727, y=-1.516, angle=1.391
[INFO] [1754287020.173342239] [solver_node]: 激光距离数据: [1.48300004 5.73799992 5.07000017 4.27199984 4.28700018]
[INFO] [1754287020.174547651] [solver_node]: 垂直距离定位器返回 1 个解
[INFO] [1754287020.175322318] [solver_node]: 总共 1 个解
[INFO] [1754287020.176085785] [solver_node]: 无效解: x=0.000, y=0.000, 距离=3.120 > 阈值0.100
[WARN] [1754287020.176895718] [solver_node]: 没有满足距离要求的解
[WARN] [1754287020.177704851] [solver_node]: 没有合适的解，不发布TF变换
[INFO] [1754287020.178608645] [solver_node]: 收到5个激光点，处理后5个有效点
[INFO] [1754287020.181669264] [solver_node]: 收到5个激光点，处理后5个有效点
[INFO] [1754287020.183974993] [solver_node]: 收到5个激光点，处理后5个有效点
[INFO] [1754287020.188011090] [solver_node]: 当前位置: x=2.727, y=-1.516, angle=1.391
[INFO] [1754287020.189241527] [solver_node]: 激光距离数据: [1.48300004 5.73799992 5.07000017 4.27199984 4.28700018]
[INFO] [1754287020.190147561] [solver_node]: 垂直距离定位器返回 1 个解
[INFO] [1754287020.190889299] [solver_node]: 总共 1 个解
[INFO] [1754287020.192172058] [solver_node]: 无效解: x=0.000, y=0.000, 距离=3.120 > 阈值0.100
[WARN] [1754287020.193033546] [solver_node]: 没有满足距离要求的解
[WARN] [1754287020.193803989] [solver_node]: 没有合适的解，不发布TF变换
[INFO] [1754287020.194944661] [solver_node]: 收到5个激光点，处理后5个有效点
[INFO] [1754287020.197710159] [solver_node]: 收到5个激光点，处理后5个有效点
[INFO] [1754287020.200738584] [solver_node]: 收到5个激光点，处理后5个有效点
[INFO] [1754287020.204566478] [solver_node]: 当前位置: x=2.727, y=-1.515, angle=1.391
[INFO] [1754287020.205818644] [solver_node]: 激光距离数据: [1.48300004 5.73799992 5.07000017 4.27199984 4.28700018]
[INFO] [1754287020.206772265] [solver_node]: 垂直距离定位器返回 1 个解
[INFO] [1754287020.207513106] [solver_node]: 总共 1 个解
[INFO] [1754287020.208196121] [solver_node]: 无效解: x=0.000, y=0.000, 距离=3.120 > 阈值0.100
[WARN] [1754287020.208992229] [solver_node]: 没有满足距离要求的解
[WARN] [1754287020.209827092] [solver_node]: 没有合适的解，不发布TF变换
[INFO] [1754287020.210717925] [solver_node]: 收到5个激光点，处理后5个有效点
[INFO] [1754287020.213961754] [solver_node]: 收到5个激光点，处理后5个有效点
[INFO] [1754287020.219729500] [solver_node]: 收到5个激光点，处理后5个有效点
[INFO] [1754287020.226177284] [solver_node]: 当前位置: x=2.727, y=-1.519, angle=1.390
[INFO] [1754287020.229530495] [solver_node]: 激光距离数据: [1.48300004 5.73799992 5.07000017 4.27199984 4.28700018]
[INFO] [1754287020.235708856] [solver_node]: 垂直距离定位器返回 1 个解
[INFO] [1754287020.238916235] [solver_node]: 总共 1 个解
[INFO] [1754287020.239934212] [solver_node]: 无效解: x=0.000, y=0.000, 距离=3.122 > 阈值0.100
[WARN] [1754287020.240820181] [solver_node]: 没有满足距离要求的解
[WARN] [1754287020.241589248] [solver_node]: 没有合适的解，不发布TF变换
[INFO] [1754287020.242514132] [solver_node]: 收到5个激光点，处理后5个有效点
[INFO] [1754287020.246175296] [solver_node]: 收到5个激光点，处理后5个有效点
[INFO] [1754287020.248623241] [solver_node]: 收到5个激光点，处理后5个有效点
[INFO] [1754287020.254896487] [solver_node]: 当前位置: x=2.729, y=-1.511, angle=1.392
[INFO] [1754287020.256517729] [solver_node]: 激光距离数据: [1.48300004 5.73799992 5.07000017 4.27199984 4.28700018]
[INFO] [1754287020.258682842] [solver_node]: 垂直距离定位器返回 1 个解
[INFO] [1754287020.260505024] [solver_node]: 总共 1 个解
[INFO] [1754287020.261295948] [solver_node]: 无效解: x=0.000, y=0.000, 距离=3.119 > 阈值0.100
[WARN] [1754287020.263115378] [solver_node]: 没有满足距离要求的解
[WARN] [1754287020.264649991] [solver_node]: 没有合适的解，不发布TF变换
[INFO] [1754287020.266410601] [solver_node]: 收到5个激光点，处理后5个有效点
[INFO] [1754287020.281746465] [solver_node]: 发布静态变换: translation=(-0.000, -0.000, 0.0), 无旋转
[INFO] [1754287020.283031401] [solver_node]: 当前位置: x=2.729, y=-1.511, angle=1.392
[INFO] [1754287020.284403958] [solver_node]: 激光距离数据: [1.48300004 5.73799992 5.07000017 4.27199984 4.28700018]
[INFO] [1754287020.285365131] [solver_node]: 垂直距离定位器返回 1 个解
[INFO] [1754287020.286283551] [solver_node]: 总共 1 个解
[INFO] [1754287020.287099820] [solver_node]: 无效解: x=0.000, y=0.000, 距离=3.119 > 阈值0.100
[WARN] [1754287020.287913529] [solver_node]: 没有满足距离要求的解
[WARN] [1754287020.289663611] [solver_node]: 没有合适的解，不发布TF变换
[INFO] [1754287020.290760248] [solver_node]: 收到5个激光点，处理后5个有效点
[INFO] [1754287020.293951114] [solver_node]: 收到5个激光点，处理后5个有效点
[INFO] [1754287020.296240234] [solver_node]: 收到5个激光点，处理后5个有效点
[INFO] [1754287020.316354701] [solver_node]: 当前位置: x=2.729, y=-1.511, angle=1.392
[INFO] [1754287020.319389206] [solver_node]: 激光距离数据: [1.48300004 5.73799992 5.07000017 4.27199984 4.28700018]
[INFO] [1754287020.321457514] [solver_node]: 垂直距离定位器返回 1 个解
[INFO] [1754287020.323257166] [solver_node]: 总共 1 个解
[INFO] [1754287020.324852775] [solver_node]: 无效解: x=0.000, y=0.000, 距离=3.120 > 阈值0.100
[WARN] [1754287020.326474818] [solver_node]: 没有满足距离要求的解
[WARN] [1754287020.328102492] [solver_node]: 没有合适的解，不发布TF变换
[INFO] [1754287020.329897825] [solver_node]: 收到5个激光点，处理后5个有效点
[INFO] [1754287020.337505193] [solver_node]: 收到5个激光点，处理后5个有效点
[INFO] [1754287020.343446773] [solver_node]: 当前位置: x=2.750, y=-1.504, angle=1.389
[INFO] [1754287020.348985930] [solver_node]: 激光距离数据: [1.48300004 5.73799992 5.07000017 4.27199984 4.28700018]
[INFO] [1754287020.349922366] [solver_node]: 垂直距离定位器返回 1 个解
[INFO] [1754287020.350552609] [solver_node]: 总共 1 个解
[INFO] [1754287020.351243304] [solver_node]: 无效解: x=0.000, y=0.000, 距离=3.135 > 阈值0.100
[WARN] [1754287020.351959216] [solver_node]: 没有满足距离要求的解
[WARN] [1754287020.352656023] [solver_node]: 没有合适的解，不发布TF变换
[INFO] [1754287020.354955351] [solver_node]: 收到5个激光点，处理后5个有效点
[INFO] [1754287020.358418040] [solver_node]: 当前位置: x=2.750, y=-1.504, angle=1.389
[INFO] [1754287020.360374213] [solver_node]: 激光距离数据: [1.48300004 5.73799992 5.07000017 4.27199984 4.28700018]
[INFO] [1754287020.361871033] [solver_node]: 垂直距离定位器返回 1 个解
[INFO] [1754287020.363037050] [solver_node]: 总共 1 个解
[INFO] [1754287020.363789924] [solver_node]: 无效解: x=0.000, y=0.000, 距离=3.135 > 阈值0.100
[WARN] [1754287020.365658156] [solver_node]: 没有满足距离要求的解
[WARN] [1754287020.368303264] [solver_node]: 没有合适的解，不发布TF变换
[INFO] [1754287020.371062074] [solver_node]: 收到5个激光点，处理后5个有效点
[INFO] [1754287020.379777824] [solver_node]: 发布静态变换: translation=(-0.000, -0.000, 0.0), 无旋转
[INFO] [1754287020.382017597] [solver_node]: 当前位置: x=2.750, y=-1.505, angle=1.389
[INFO] [1754287020.384179414] [solver_node]: 激光距离数据: [1.48300004 5.73799992 5.07000017 4.27199984 4.28700018]
[INFO] [1754287020.385856404] [solver_node]: 垂直距离定位器返回 1 个解
[INFO] [1754287020.386505464] [solver_node]: 总共 1 个解
[INFO] [1754287020.387209471] [solver_node]: 无效解: x=0.000, y=0.000, 距离=3.135 > 阈值0.100
[WARN] [1754287020.387972810] [solver_node]: 没有满足距离要求的解
[WARN] [1754287020.388689522] [solver_node]: 没有合适的解，不发布TF变换
[INFO] [1754287020.389542145] [solver_node]: 收到5个激光点，处理后5个有效点
[INFO] [1754287020.393660263] [solver_node]: 当前位置: x=2.751, y=-1.504, angle=1.389
[INFO] [1754287020.395844705] [solver_node]: 激光距离数据: [1.48300004 5.73799992 5.07000017 4.27199984 4.28700018]
[INFO] [1754287020.396747955] [solver_node]: 垂直距离定位器返回 1 个解
[INFO] [1754287020.398342316] [solver_node]: 总共 1 个解
[INFO] [1754287020.399180571] [solver_node]: 无效解: x=0.000, y=0.000, 距离=3.135 > 阈值0.100
[WARN] [1754287020.400152497] [solver_node]: 没有满足距离要求的解
[WARN] [1754287020.401054532] [solver_node]: 没有合适的解，不发布TF变换
[INFO] [1754287020.402086045] [solver_node]: 收到5个激光点，处理后5个有效点
[INFO] [1754287020.406181538] [solver_node]: 收到5个激光点，处理后5个有效点
[INFO] [1754287020.414982989] [solver_node]: 当前位置: x=2.751, y=-1.504, angle=1.389
[INFO] [1754287020.416326584] [solver_node]: 激光距离数据: [1.48300004 5.73799992 5.07000017 4.27199984 4.28700018]
[INFO] [1754287020.417272141] [solver_node]: 垂直距离定位器返回 1 个解
[INFO] [1754287020.417945714] [solver_node]: 总共 1 个解
[INFO] [1754287020.418634297] [solver_node]: 无效解: x=0.000, y=0.000, 距离=3.135 > 阈值0.100
[WARN] [1754287020.419386403] [solver_node]: 没有满足距离要求的解
[WARN] [1754287020.420439102] [solver_node]: 没有合适的解，不发布TF变换
[INFO] [1754287020.421370770] [solver_node]: 收到5个激光点，处理后5个有效点
[INFO] [1754287020.424663465] [solver_node]: 当前位置: x=2.746, y=-1.506, angle=1.389
[INFO] [1754287020.425917007] [solver_node]: 激光距离数据: [1.48300004 5.73799992 5.07000017 4.27199984 4.28700018]
[INFO] [1754287020.426921767] [solver_node]: 垂直距离定位器返回 1 个解
[INFO] [1754287020.428316757] [solver_node]: 总共 1 个解
[INFO] [1754287020.429071615] [solver_node]: 无效解: x=0.000, y=0.000, 距离=3.132 > 阈值0.100
[WARN] [1754287020.429946384] [solver_node]: 没有满足距离要求的解
[WARN] [1754287020.431065231] [solver_node]: 没有合适的解，不发布TF变换
[INFO] [1754287020.438043732] [solver_node]: 收到5个激光点，处理后5个有效点
[INFO] [1754287020.441088062] [solver_node]: 收到5个激光点，处理后5个有效点
[INFO] [1754287020.443532198] [solver_node]: 收到5个激光点，处理后5个有效点
[INFO] [1754287020.445975087] [solver_node]: 收到5个激光点，处理后5个有效点
[INFO] [1754287020.449139007] [solver_node]: 当前位置: x=2.744, y=-1.508, angle=1.390
[INFO] [1754287020.450515532] [solver_node]: 激光距离数据: [1.48300004 5.73799992 5.07000017 4.27199984 4.28700018]
[INFO] [1754287020.451412766] [solver_node]: 垂直距离定位器返回 1 个解
[INFO] [1754287020.452043521] [solver_node]: 总共 1 个解
[INFO] [1754287020.452720743] [solver_node]: 无效解: x=0.000, y=0.000, 距离=3.131 > 阈值0.100
[WARN] [1754287020.453437871] [solver_node]: 没有满足距离要求的解
[WARN] [1754287020.454175480] [solver_node]: 没有合适的解，不发布TF变换
[INFO] [1754287020.455163696] [solver_node]: 收到5个激光点，处理后5个有效点
[INFO] [1754287020.460378323] [solver_node]: 当前位置: x=2.744, y=-1.508, angle=1.390
[INFO] [1754287020.468808425] [solver_node]: 激光距离数据: [1.48300004 5.73799992 5.07000017 4.27199984 4.28700018]
[INFO] [1754287020.472190662] [solver_node]: 垂直距离定位器返回 1 个解
[INFO] [1754287020.478334365] [solver_node]: 总共 1 个解
[INFO] [1754287020.483804334] [solver_node]: 无效解: x=0.000, y=0.000, 距离=3.131 > 阈值0.100
[WARN] [1754287020.485072021] [solver_node]: 没有满足距离要求的解
[WARN] [1754287020.487530110] [solver_node]: 没有合适的解，不发布TF变换
[INFO] [1754287020.488763939] [solver_node]: 收到5个激光点，处理后5个有效点
[INFO] [1754287020.498318680] [solver_node]: 发布静态变换: translation=(-0.000, -0.000, 0.0), 无旋转
[INFO] [1754287020.500980108] [solver_node]: 当前位置: x=2.744, y=-1.507, angle=1.390
[INFO] [1754287020.505710484] [solver_node]: 激光距离数据: [1.48300004 5.73799992 5.07000017 4.27199984 4.28700018]
[INFO] [1754287020.507792809] [solver_node]: 垂直距离定位器返回 1 个解
[INFO] [1754287020.508800321] [solver_node]: 总共 1 个解
[INFO] [1754287020.510303349] [solver_node]: 无效解: x=0.000, y=0.000, 距离=3.131 > 阈值0.100
[WARN] [1754287020.511224872] [solver_node]: 没有满足距离要求的解
[WARN] [1754287020.512075128] [solver_node]: 没有合适的解，不发布TF变换
[INFO] [1754287020.524232094] [solver_node]: 收到5个激光点，处理后5个有效点
[INFO] [1754287020.534276719] [solver_node]: 当前位置: x=2.744, y=-1.507, angle=1.390
[INFO] [1754287020.539513747] [solver_node]: 激光距离数据: [1.48300004 5.73799992 5.07000017 4.27199984 4.28700018]
[INFO] [1754287020.540581615] [solver_node]: 垂直距离定位器返回 1 个解
[INFO] [1754287020.541403228] [solver_node]: 总共 1 个解
[INFO] [1754287020.542218474] [solver_node]: 无效解: x=0.000, y=0.000, 距离=3.131 > 阈值0.100
[WARN] [1754287020.543053913] [solver_node]: 没有满足距离要求的解
[WARN] [1754287020.543837316] [solver_node]: 没有合适的解，不发布TF变换
[INFO] [1754287020.546221385] [solver_node]: 收到5个激光点，处理后5个有效点
[INFO] [1754287020.549033414] [solver_node]: 收到5个激光点，处理后5个有效点
[INFO] [1754287020.551498992] [solver_node]: 收到5个激光点，处理后5个有效点
[INFO] [1754287020.553760334] [solver_node]: 收到5个激光点，处理后5个有效点
[INFO] [1754287020.557078215] [solver_node]: 当前位置: x=2.737, y=-1.508, angle=1.389
[INFO] [1754287020.558672416] [solver_node]: 激光距离数据: [1.48300004 5.73799992 5.07000017 4.27199984 4.28700018]
[INFO] [1754287020.560266361] [solver_node]: 垂直距离定位器返回 1 个解
[INFO] [1754287020.562153794] [solver_node]: 总共 1 个解
[INFO] [1754287020.564067949] [solver_node]: 无效解: x=0.000, y=0.000, 距离=3.126 > 阈值0.100
[WARN] [1754287020.566389615] [solver_node]: 没有满足距离要求的解
[WARN] [1754287020.567236222] [solver_node]: 没有合适的解，不发布TF变换
[INFO] [1754287020.568424480] [solver_node]: 收到5个激光点，处理后5个有效点
[INFO] [1754287020.581900561] [solver_node]: 发布静态变换: translation=(-0.000, -0.000, 0.0), 无旋转
[INFO] [1754287020.588607847] [solver_node]: 当前位置: x=2.737, y=-1.508, angle=1.389
[INFO] [1754287020.590402603] [solver_node]: 激光距离数据: [1.48300004 5.73799992 5.07000017 4.27199984 4.28700018]
[INFO] [1754287020.591965346] [solver_node]: 垂直距离定位器返回 1 个解
[INFO] [1754287020.593041470] [solver_node]: 总共 1 个解
[INFO] [1754287020.594067704] [solver_node]: 无效解: x=0.000, y=0.000, 距离=3.126 > 阈值0.100
[WARN] [1754287020.596174445] [solver_node]: 没有满足距离要求的解
[WARN] [1754287020.600669864] [solver_node]: 没有合适的解，不发布TF变换
[INFO] [1754287020.609116607] [solver_node]: 收到5个激光点，处理后5个有效点
[INFO] [1754287020.619379644] [solver_node]: 当前位置: x=2.737, y=-1.508, angle=1.389
[INFO] [1754287020.621775106] [solver_node]: 激光距离数据: [1.48300004 5.73799992 5.07000017 4.27199984 4.28700018]
[INFO] [1754287020.625457263] [solver_node]: 垂直距离定位器返回 1 个解
[INFO] [1754287020.626198905] [solver_node]: 总共 1 个解
[INFO] [1754287020.628700420] [solver_node]: 无效解: x=0.000, y=0.000, 距离=3.125 > 阈值0.100
[WARN] [1754287020.630862269] [solver_node]: 没有满足距离要求的解
[WARN] [1754287020.633294565] [solver_node]: 没有合适的解，不发布TF变换
[INFO] [1754287020.635596005] [solver_node]: 收到5个激光点，处理后5个有效点
[INFO] [1754287020.641156348] [solver_node]: 当前位置: x=2.740, y=-1.509, angle=1.388
[INFO] [1754287020.644056349] [solver_node]: 激光距离数据: [1.48300004 5.73799992 5.07000017 4.27199984 4.28700018]
[INFO] [1754287020.645727899] [solver_node]: 垂直距离定位器返回 1 个解
[INFO] [1754287020.647142890] [solver_node]: 总共 1 个解
[INFO] [1754287020.648487157] [solver_node]: 无效解: x=0.000, y=0.000, 距离=3.128 > 阈值0.100
[WARN] [1754287020.649988776] [solver_node]: 没有满足距离要求的解
[WARN] [1754287020.651404823] [solver_node]: 没有合适的解，不发布TF变换
[INFO] [1754287020.652795589] [solver_node]: 收到5个激光点，处理后5个有效点
[INFO] [1754287020.656157985] [solver_node]: 当前位置: x=2.743, y=-1.509, angle=1.392
[INFO] [1754287020.658099885] [solver_node]: 激光距离数据: [1.48300004 5.73799992 5.07000017 4.27199984 4.28700018]
[INFO] [1754287020.659068387] [solver_node]: 垂直距离定位器返回 1 个解
[INFO] [1754287020.660200962] [solver_node]: 总共 1 个解
[INFO] [1754287020.661014960] [solver_node]: 无效解: x=0.000, y=0.000, 距离=3.131 > 阈值0.100
[WARN] [1754287020.661827229] [solver_node]: 没有满足距离要求的解
[WARN] [1754287020.664473297] [solver_node]: 没有合适的解，不发布TF变换
[INFO] [1754287020.666288566] [solver_node]: 收到5个激光点，处理后5个有效点
[INFO] [1754287020.672452270] [solver_node]: 发布静态变换: translation=(-0.000, -0.000, 0.0), 无旋转
[INFO] [1754287020.675260331] [solver_node]: 收到5个激光点，处理后5个有效点
[INFO] [1754287020.678049286] [solver_node]: 当前位置: x=2.740, y=-1.507, angle=1.392
[INFO] [1754287020.681556074] [solver_node]: 激光距离数据: [1.48300004 5.73799992 5.07000017 4.27199984 4.28700018]
[INFO] [1754287020.684886436] [solver_node]: 垂直距离定位器返回 1 个解
[INFO] [1754287020.685698385] [solver_node]: 总共 1 个解
[INFO] [1754287020.686423514] [solver_node]: 无效解: x=0.000, y=0.000, 距离=3.128 > 阈值0.100
[WARN] [1754287020.687702113] [solver_node]: 没有满足距离要求的解
[WARN] [1754287020.688471980] [solver_node]: 没有合适的解，不发布TF变换
[INFO] [1754287020.700189978] [solver_node]: 收到5个激光点，处理后5个有效点
[INFO] [1754287020.706770473] [solver_node]: 收到5个激光点，处理后5个有效点
[INFO] [1754287020.724017708] [solver_node]: 当前位置: x=2.738, y=-1.508, angle=1.392
[INFO] [1754287020.729457371] [solver_node]: 激光距离数据: [1.48300004 5.73799992 5.07000017 4.27199984 4.28700018]
[INFO] [1754287020.733285521] [solver_node]: 垂直距离定位器返回 1 个解
[INFO] [1754287020.734133344] [solver_node]: 总共 1 个解
[INFO] [1754287020.736769716] [solver_node]: 无效解: x=0.000, y=0.000, 距离=3.126 > 阈值0.100
[WARN] [1754287020.740615402] [solver_node]: 没有满足距离要求的解
[WARN] [1754287020.744069035] [solver_node]: 没有合适的解，不发布TF变换
[INFO] [1754287020.755794425] [solver_node]: 收到5个激光点，处理后5个有效点
[INFO] [1754287020.758479087] [solver_node]: 当前位置: x=2.738, y=-1.508, angle=1.392
[INFO] [1754287020.764483486] [solver_node]: 激光距离数据: [1.48300004 5.73799992 5.07000017 4.27199984 4.28700018]
[INFO] [1754287020.765563963] [solver_node]: 垂直距离定位器返回 1 个解
[INFO] [1754287020.766297315] [solver_node]: 总共 1 个解
[INFO] [1754287020.767118321] [solver_node]: 无效解: x=0.000, y=0.000, 距离=3.126 > 阈值0.100
[WARN] [1754287020.767920382] [solver_node]: 没有满足距离要求的解
[WARN] [1754287020.768658631] [solver_node]: 没有合适的解，不发布TF变换
