[INFO] [1754207711.104812551] [solver_node]: SolverNode启动，进入初始化阶段，需要收集100次激光数据进行标定...
[INFO] [1754207711.111319334] [solver_node]: 标定数据收集进度: 1/100
[INFO] [1754207711.153279810] [solver_node]: 标定数据收集进度: 2/100
[INFO] [1754207711.255997239] [solver_node]: 标定数据收集进度: 3/100
[INFO] [1754207711.347277491] [solver_node]: 标定数据收集进度: 4/100
[INFO] [1754207711.448042802] [solver_node]: 标定数据收集进度: 5/100
[INFO] [1754207711.549014970] [solver_node]: 标定数据收集进度: 6/100
[INFO] [1754207711.647915495] [solver_node]: 标定数据收集进度: 7/100
[INFO] [1754207711.747246566] [solver_node]: 标定数据收集进度: 8/100
[INFO] [1754207711.848398262] [solver_node]: 标定数据收集进度: 9/100
[INFO] [1754207711.948027107] [solver_node]: 标定数据收集进度: 10/100
[INFO] [1754207712.050848060] [solver_node]: 标定数据收集进度: 11/100
[INFO] [1754207712.161147967] [solver_node]: 标定数据收集进度: 12/100
[INFO] [1754207712.248719062] [solver_node]: 标定数据收集进度: 13/100
[INFO] [1754207712.347588289] [solver_node]: 标定数据收集进度: 14/100
[INFO] [1754207712.447972846] [solver_node]: 标定数据收集进度: 15/100
[INFO] [1754207712.547724479] [solver_node]: 标定数据收集进度: 16/100
[INFO] [1754207712.649264031] [solver_node]: 标定数据收集进度: 17/100
[INFO] [1754207712.748529050] [solver_node]: 标定数据收集进度: 18/100
[INFO] [1754207712.852178264] [solver_node]: 标定数据收集进度: 19/100
[INFO] [1754207712.947735984] [solver_node]: 标定数据收集进度: 20/100
[INFO] [1754207713.047475136] [solver_node]: 标定数据收集进度: 21/100
[INFO] [1754207713.147107563] [solver_node]: 标定数据收集进度: 22/100
[INFO] [1754207713.247361393] [solver_node]: 标定数据收集进度: 23/100
[INFO] [1754207713.349932285] [solver_node]: 标定数据收集进度: 24/100
[INFO] [1754207713.449246458] [solver_node]: 标定数据收集进度: 25/100
[INFO] [1754207713.548080066] [solver_node]: 标定数据收集进度: 26/100
[INFO] [1754207713.647075921] [solver_node]: 标定数据收集进度: 27/100
[INFO] [1754207713.746757246] [solver_node]: 标定数据收集进度: 28/100
[INFO] [1754207713.847656512] [solver_node]: 标定数据收集进度: 29/100
[INFO] [1754207713.950649503] [solver_node]: 标定数据收集进度: 30/100
[INFO] [1754207714.048576383] [solver_node]: 标定数据收集进度: 31/100
[INFO] [1754207714.148039425] [solver_node]: 标定数据收集进度: 32/100
[INFO] [1754207714.247468706] [solver_node]: 标定数据收集进度: 33/100
[INFO] [1754207714.348741044] [solver_node]: 标定数据收集进度: 34/100
[INFO] [1754207714.447516312] [solver_node]: 标定数据收集进度: 35/100
[INFO] [1754207714.548134925] [solver_node]: 标定数据收集进度: 36/100
[INFO] [1754207714.648158152] [solver_node]: 标定数据收集进度: 37/100
[INFO] [1754207714.754908140] [solver_node]: 标定数据收集进度: 38/100
[INFO] [1754207714.847465022] [solver_node]: 标定数据收集进度: 39/100
[INFO] [1754207714.947590365] [solver_node]: 标定数据收集进度: 40/100
[INFO] [1754207715.046978492] [solver_node]: 标定数据收集进度: 41/100
[INFO] [1754207715.148696737] [solver_node]: 标定数据收集进度: 42/100
[INFO] [1754207715.247686093] [solver_node]: 标定数据收集进度: 43/100
[INFO] [1754207715.348804567] [solver_node]: 标定数据收集进度: 44/100
[INFO] [1754207715.447320847] [solver_node]: 标定数据收集进度: 45/100
[INFO] [1754207715.548004006] [solver_node]: 标定数据收集进度: 46/100
[INFO] [1754207715.647859417] [solver_node]: 标定数据收集进度: 47/100
[INFO] [1754207715.753120026] [solver_node]: 标定数据收集进度: 48/100
[INFO] [1754207715.847988400] [solver_node]: 标定数据收集进度: 49/100
[INFO] [1754207715.949928127] [solver_node]: 标定数据收集进度: 50/100
[INFO] [1754207716.047244097] [solver_node]: 标定数据收集进度: 51/100
[INFO] [1754207716.148687353] [solver_node]: 标定数据收集进度: 52/100
[INFO] [1754207716.248976893] [solver_node]: 标定数据收集进度: 53/100
[INFO] [1754207716.349663476] [solver_node]: 标定数据收集进度: 54/100
[INFO] [1754207716.448722690] [solver_node]: 标定数据收集进度: 55/100
[INFO] [1754207716.548499504] [solver_node]: 标定数据收集进度: 56/100
[INFO] [1754207716.647271154] [solver_node]: 标定数据收集进度: 57/100
[INFO] [1754207716.748082286] [solver_node]: 标定数据收集进度: 58/100
[INFO] [1754207716.848302479] [solver_node]: 标定数据收集进度: 59/100
[INFO] [1754207716.946861544] [solver_node]: 标定数据收集进度: 60/100
[INFO] [1754207717.055152333] [solver_node]: 标定数据收集进度: 61/100
[INFO] [1754207717.148709576] [solver_node]: 标定数据收集进度: 62/100
[INFO] [1754207717.250809499] [solver_node]: 标定数据收集进度: 63/100
[INFO] [1754207717.347687977] [solver_node]: 标定数据收集进度: 64/100
[INFO] [1754207717.450139532] [solver_node]: 标定数据收集进度: 65/100
[INFO] [1754207717.547115965] [solver_node]: 标定数据收集进度: 66/100
[INFO] [1754207717.647815315] [solver_node]: 标定数据收集进度: 67/100
[INFO] [1754207717.747452154] [solver_node]: 标定数据收集进度: 68/100
[INFO] [1754207717.850002721] [solver_node]: 标定数据收集进度: 69/100
[INFO] [1754207717.948781794] [solver_node]: 标定数据收集进度: 70/100
[INFO] [1754207718.047173010] [solver_node]: 标定数据收集进度: 71/100
[INFO] [1754207718.147573689] [solver_node]: 标定数据收集进度: 72/100
[INFO] [1754207718.248042532] [solver_node]: 标定数据收集进度: 73/100
[INFO] [1754207718.348202529] [solver_node]: 标定数据收集进度: 74/100
[INFO] [1754207718.450934127] [solver_node]: 标定数据收集进度: 75/100
[INFO] [1754207718.548419030] [solver_node]: 标定数据收集进度: 76/100
[INFO] [1754207718.647427265] [solver_node]: 标定数据收集进度: 77/100
[INFO] [1754207718.747345075] [solver_node]: 标定数据收集进度: 78/100
[INFO] [1754207718.847356009] [solver_node]: 标定数据收集进度: 79/100
[INFO] [1754207718.951167591] [solver_node]: 标定数据收集进度: 80/100
[INFO] [1754207719.051193534] [solver_node]: 标定数据收集进度: 81/100
[INFO] [1754207719.147290823] [solver_node]: 标定数据收集进度: 82/100
[INFO] [1754207719.247401888] [solver_node]: 标定数据收集进度: 83/100
[INFO] [1754207719.347843785] [solver_node]: 标定数据收集进度: 84/100
[INFO] [1754207719.451142287] [solver_node]: 标定数据收集进度: 85/100
[INFO] [1754207719.547356541] [solver_node]: 标定数据收集进度: 86/100
[INFO] [1754207719.647820454] [solver_node]: 标定数据收集进度: 87/100
[INFO] [1754207719.750548627] [solver_node]: 标定数据收集进度: 88/100
[INFO] [1754207719.847540484] [solver_node]: 标定数据收集进度: 89/100
[INFO] [1754207719.948624296] [solver_node]: 标定数据收集进度: 90/100
[INFO] [1754207720.047782648] [solver_node]: 标定数据收集进度: 91/100
[INFO] [1754207720.148301058] [solver_node]: 标定数据收集进度: 92/100
[INFO] [1754207720.251714093] [solver_node]: 标定数据收集进度: 93/100
[INFO] [1754207720.348741758] [solver_node]: 标定数据收集进度: 94/100
[INFO] [1754207720.451706548] [solver_node]: 标定数据收集进度: 95/100
[INFO] [1754207720.547918593] [solver_node]: 标定数据收集进度: 96/100
[INFO] [1754207720.649955631] [solver_node]: 标定数据收集进度: 97/100
[INFO] [1754207720.747011105] [solver_node]: 标定数据收集进度: 98/100
[INFO] [1754207720.850426891] [solver_node]: 标定数据收集进度: 99/100
[INFO] [1754207720.948091256] [solver_node]: 标定数据收集进度: 100/100
[INFO] [1754207720.949262924] [solver_node]: 标定数据收集完成，开始标定过程...
[INFO] [1754207720.950268056] [solver_node]: 开始标定，收集到的数据shape: (100, 5)
[INFO] [1754207720.952527419] [solver_node]: 标定完成: m=12.053, n=8.390
[INFO] [1754207720.953698671] [solver_node]: 初始位姿: x=4.518, y=1.083, phi=3.142
[INFO] [1754207720.958236279] [solver_node]: 发布静态变换: translation=(-1.083, 4.518, 0.0), rotation=-1.571
[INFO] [1754207720.959804380] [solver_node]: 初始化阶段完成，进入运行阶段
[INFO] [1754207721.062424898] [solver_node]: 收到5个激光点，处理后5个有效点
[INFO] [1754207721.067020045] [solver_node]: 当前位置: x=4.668, y=0.970, angle=2.855
[INFO] [1754207721.068319046] [solver_node]: 激光距离数据: [0.507 6.73  4.077 5.294 5.281]
[INFO] [1754207721.080788907] [solver_node]: 角度求解器返回 1 个解
[INFO] [1754207721.082062563] [solver_node]: 有效解: x=4.478, y=1.755, 距离=0.808
[INFO] [1754207721.088933266] [solver_node]: 选择最佳解: x=4.478, y=1.755, 距离=0.808
[INFO] [1754207721.091493154] [solver_node]: 发布laser_dist_link变换: x=4.478, y=1.755, angle=2.855
[INFO] [1754207721.092222402] [solver_node]: 成功发布laser_dist_link变换
[INFO] [1754207721.155057425] [solver_node]: 收到5个激光点，处理后5个有效点
[INFO] [1754207721.161512813] [solver_node]: 当前位置: x=4.680, y=0.966, angle=2.856
[INFO] [1754207721.162821703] [solver_node]: 激光距离数据: [0.507 6.73  4.077 5.294 5.281]
[INFO] [1754207721.168255318] [solver_node]: 角度求解器返回 1 个解
[INFO] [1754207721.169014679] [solver_node]: 有效解: x=4.478, y=1.752, 距离=0.812
[INFO] [1754207721.169913023] [solver_node]: 选择最佳解: x=4.478, y=1.752, 距离=0.812
[INFO] [1754207721.172189411] [solver_node]: 发布laser_dist_link变换: x=4.478, y=1.752, angle=2.856
[INFO] [1754207721.173009255] [solver_node]: 成功发布laser_dist_link变换
[INFO] [1754207721.265978341] [solver_node]: 收到5个激光点，处理后5个有效点
[INFO] [1754207721.269777516] [solver_node]: 当前位置: x=4.676, y=0.954, angle=2.856
[INFO] [1754207721.286833083] [solver_node]: 激光距离数据: [0.507 6.73  4.077 5.294 5.281]
[INFO] [1754207721.318139357] [solver_node]: 角度求解器返回 1 个解
[INFO] [1754207721.319084007] [solver_node]: 有效解: x=4.478, y=1.751, 距离=0.821
[INFO] [1754207721.319835496] [solver_node]: 选择最佳解: x=4.478, y=1.751, 距离=0.821
[INFO] [1754207721.321032893] [solver_node]: 发布laser_dist_link变换: x=4.478, y=1.751, angle=2.856
[INFO] [1754207721.321715003] [solver_node]: 成功发布laser_dist_link变换
[INFO] [1754207721.417725982] [solver_node]: 收到5个激光点，处理后5个有效点
[INFO] [1754207721.422530321] [solver_node]: 当前位置: x=4.666, y=0.969, angle=2.856
[INFO] [1754207721.434945044] [solver_node]: 激光距离数据: [0.507 6.73  4.077 5.294 5.281]
[INFO] [1754207721.452942956] [solver_node]: 角度求解器返回 1 个解
[INFO] [1754207721.456579564] [solver_node]: 有效解: x=4.478, y=1.753, 距离=0.806
[INFO] [1754207721.467220001] [solver_node]: 选择最佳解: x=4.478, y=1.753, 距离=0.806
[INFO] [1754207721.469525606] [solver_node]: 发布laser_dist_link变换: x=4.478, y=1.753, angle=2.856
[INFO] [1754207721.470355499] [solver_node]: 成功发布laser_dist_link变换
[INFO] [1754207721.737567488] [solver_node]: 收到5个激光点，处理后5个有效点
[INFO] [1754207721.740957813] [solver_node]: 当前位置: x=4.667, y=0.969, angle=2.856
[INFO] [1754207721.742387412] [solver_node]: 激光距离数据: [0.507 6.73  4.077 5.294 5.281]
[INFO] [1754207721.748011564] [solver_node]: 角度求解器返回 1 个解
[INFO] [1754207721.748778606] [solver_node]: 有效解: x=4.478, y=1.753, 距离=0.807
[INFO] [1754207721.749496941] [solver_node]: 选择最佳解: x=4.478, y=1.753, 距离=0.807
[INFO] [1754207721.750776933] [solver_node]: 发布laser_dist_link变换: x=4.478, y=1.753, angle=2.856
[INFO] [1754207721.751429314] [solver_node]: 成功发布laser_dist_link变换
[INFO] [1754207721.752516338] [solver_node]: 收到5个激光点，处理后5个有效点
[INFO] [1754207721.756823344] [solver_node]: 收到5个激光点，处理后5个有效点
[INFO] [1754207721.759234746] [solver_node]: 收到5个激光点，处理后5个有效点
[INFO] [1754207721.771859110] [solver_node]: 当前位置: x=4.671, y=0.969, angle=2.857
[INFO] [1754207721.773768250] [solver_node]: 激光距离数据: [0.507 6.73  4.077 5.294 5.281]
[INFO] [1754207721.789596915] [solver_node]: 角度求解器返回 1 个解
[INFO] [1754207721.791635212] [solver_node]: 有效解: x=4.478, y=1.750, 距离=0.805
[INFO] [1754207721.804371613] [solver_node]: 选择最佳解: x=4.478, y=1.750, 距离=0.805
[INFO] [1754207721.808522420] [solver_node]: 发布laser_dist_link变换: x=4.478, y=1.750, angle=2.857
[INFO] [1754207721.810793432] [solver_node]: 成功发布laser_dist_link变换
[INFO] [1754207721.918664997] [solver_node]: 收到5个激光点，处理后5个有效点
[INFO] [1754207721.929496834] [solver_node]: 当前位置: x=4.666, y=0.971, angle=2.856
[INFO] [1754207721.936143271] [solver_node]: 激光距离数据: [0.507 6.73  4.077 5.294 5.281]
[INFO] [1754207721.946626836] [solver_node]: 角度求解器返回 1 个解
[INFO] [1754207721.947468826] [solver_node]: 有效解: x=4.478, y=1.753, 距离=0.804
[INFO] [1754207721.948202682] [solver_node]: 选择最佳解: x=4.478, y=1.753, 距离=0.804
[INFO] [1754207721.950394426] [solver_node]: 发布laser_dist_link变换: x=4.478, y=1.753, angle=2.856
[INFO] [1754207721.951085977] [solver_node]: 成功发布laser_dist_link变换
[INFO] [1754207721.951974656] [solver_node]: 收到5个激光点，处理后5个有效点
[INFO] [1754207721.973583671] [solver_node]: 当前位置: x=4.674, y=0.965, angle=2.856
[INFO] [1754207721.997645563] [solver_node]: 激光距离数据: [0.507 6.73  4.077 5.294 5.281]
[INFO] [1754207722.029559480] [solver_node]: 角度求解器返回 1 个解
[INFO] [1754207722.041752688] [solver_node]: 有效解: x=4.478, y=1.753, 距离=0.813
[INFO] [1754207722.043187183] [solver_node]: 选择最佳解: x=4.478, y=1.753, 距离=0.813
[INFO] [1754207722.044701074] [solver_node]: 发布laser_dist_link变换: x=4.478, y=1.753, angle=2.856
[INFO] [1754207722.045615994] [solver_node]: 成功发布laser_dist_link变换
[INFO] [1754207722.078923252] [solver_node]: 收到5个激光点，处理后5个有效点
[INFO] [1754207722.109431507] [solver_node]: 当前位置: x=4.675, y=0.964, angle=2.855
[INFO] [1754207722.123492670] [solver_node]: 激光距离数据: [0.507 6.73  4.077 5.294 5.281]
[INFO] [1754207722.151186049] [solver_node]: 角度求解器返回 1 个解
[INFO] [1754207722.152478810] [solver_node]: 有效解: x=4.478, y=1.754, 距离=0.814
[INFO] [1754207722.153504903] [solver_node]: 选择最佳解: x=4.478, y=1.754, 距离=0.814
[INFO] [1754207722.155715113] [solver_node]: 发布laser_dist_link变换: x=4.478, y=1.754, angle=2.855
[INFO] [1754207722.156745430] [solver_node]: 成功发布laser_dist_link变换
[INFO] [1754207722.158278170] [solver_node]: 收到5个激光点，处理后5个有效点
[INFO] [1754207722.172786968] [solver_node]: 当前位置: x=4.670, y=0.961, angle=2.855
[INFO] [1754207722.178323660] [solver_node]: 激光距离数据: [0.507 6.73  4.077 5.294 5.281]
[INFO] [1754207722.236525838] [solver_node]: 角度求解器返回 1 个解
[INFO] [1754207722.243692937] [solver_node]: 有效解: x=4.478, y=1.755, 距离=0.817
[INFO] [1754207722.257778677] [solver_node]: 选择最佳解: x=4.478, y=1.755, 距离=0.817
[INFO] [1754207722.260536047] [solver_node]: 发布laser_dist_link变换: x=4.478, y=1.755, angle=2.855
[INFO] [1754207722.262005551] [solver_node]: 成功发布laser_dist_link变换
[INFO] [1754207722.264637027] [solver_node]: 收到5个激光点，处理后5个有效点
[INFO] [1754207722.298895335] [solver_node]: 当前位置: x=4.670, y=0.963, angle=2.855
[INFO] [1754207722.300676662] [solver_node]: 激光距离数据: [0.507 6.73  4.077 5.294 5.281]
[INFO] [1754207722.323012525] [solver_node]: 角度求解器返回 1 个解
[INFO] [1754207722.327836897] [solver_node]: 有效解: x=4.478, y=1.754, 距离=0.814
[INFO] [1754207722.346790467] [solver_node]: 选择最佳解: x=4.478, y=1.754, 距离=0.814
[INFO] [1754207722.348150655] [solver_node]: 发布laser_dist_link变换: x=4.478, y=1.754, angle=2.855
[INFO] [1754207722.348918273] [solver_node]: 成功发布laser_dist_link变换
[INFO] [1754207722.350846582] [solver_node]: 收到5个激光点，处理后5个有效点
[INFO] [1754207722.366284222] [solver_node]: 当前位置: x=4.678, y=0.966, angle=2.856
[INFO] [1754207722.368954355] [solver_node]: 激光距离数据: [0.507 6.73  4.077 5.291 5.281]
[INFO] [1754207722.404815198] [solver_node]: 角度求解器返回 1 个解
[INFO] [1754207722.415584440] [solver_node]: 有效解: x=4.478, y=1.752, 距离=0.811
[INFO] [1754207722.450826439] [solver_node]: 选择最佳解: x=4.478, y=1.752, 距离=0.811
[INFO] [1754207722.452392012] [solver_node]: 发布laser_dist_link变换: x=4.478, y=1.752, angle=2.856
[INFO] [1754207722.453203600] [solver_node]: 成功发布laser_dist_link变换
[INFO] [1754207722.475804370] [solver_node]: 收到5个激光点，处理后5个有效点
[INFO] [1754207722.480813839] [solver_node]: 当前位置: x=4.666, y=0.974, angle=2.856
[INFO] [1754207722.482046885] [solver_node]: 激光距离数据: [0.507 6.73  4.077 5.291 5.281]
[INFO] [1754207722.507008240] [solver_node]: 角度求解器返回 1 个解
[INFO] [1754207722.508102688] [solver_node]: 有效解: x=4.478, y=1.753, 距离=0.802
[INFO] [1754207722.509047914] [solver_node]: 选择最佳解: x=4.478, y=1.753, 距离=0.802
[INFO] [1754207722.510770102] [solver_node]: 发布laser_dist_link变换: x=4.478, y=1.753, angle=2.856
[INFO] [1754207722.511553080] [solver_node]: 成功发布laser_dist_link变换
[INFO] [1754207722.556835233] [solver_node]: 收到5个激光点，处理后5个有效点
[INFO] [1754207722.559387858] [solver_node]: 当前位置: x=4.672, y=0.974, angle=2.856
[INFO] [1754207722.560624904] [solver_node]: 激光距离数据: [0.507 6.73  4.077 5.291 5.281]
[INFO] [1754207722.574939998] [solver_node]: 角度求解器返回 1 个解
[INFO] [1754207722.586712964] [solver_node]: 有效解: x=4.478, y=1.752, 距离=0.802
[INFO] [1754207722.589759755] [solver_node]: 选择最佳解: x=4.478, y=1.752, 距离=0.802
[INFO] [1754207722.603598028] [solver_node]: 发布laser_dist_link变换: x=4.478, y=1.752, angle=2.856
[INFO] [1754207722.606030455] [solver_node]: 成功发布laser_dist_link变换
[INFO] [1754207722.655837927] [solver_node]: 收到5个激光点，处理后5个有效点
[INFO] [1754207722.663567515] [solver_node]: 当前位置: x=4.670, y=0.967, angle=2.856
[INFO] [1754207722.665636855] [solver_node]: 激光距离数据: [0.507 6.73  4.077 5.291 5.281]
[INFO] [1754207722.689975718] [solver_node]: 角度求解器返回 1 个解
[INFO] [1754207722.699195196] [solver_node]: 有效解: x=4.478, y=1.751, 距离=0.807
[INFO] [1754207722.704616618] [solver_node]: 选择最佳解: x=4.478, y=1.751, 距离=0.807
[INFO] [1754207722.707064054] [solver_node]: 发布laser_dist_link变换: x=4.478, y=1.751, angle=2.856
[INFO] [1754207722.708238858] [solver_node]: 成功发布laser_dist_link变换
[INFO] [1754207722.761942022] [solver_node]: 收到5个激光点，处理后5个有效点
[INFO] [1754207722.769878307] [solver_node]: 当前位置: x=4.671, y=0.970, angle=2.855
[INFO] [1754207722.771212702] [solver_node]: 激光距离数据: [0.507 6.73  4.077 5.291 5.281]
[INFO] [1754207722.793971208] [solver_node]: 角度求解器返回 1 个解
[INFO] [1754207722.794818861] [solver_node]: 有效解: x=4.478, y=1.755, 距离=0.809
[INFO] [1754207722.811997089] [solver_node]: 选择最佳解: x=4.478, y=1.755, 距离=0.809
[INFO] [1754207722.846223460] [solver_node]: 发布laser_dist_link变换: x=4.478, y=1.755, angle=2.855
[INFO] [1754207722.847059976] [solver_node]: 成功发布laser_dist_link变换
[INFO] [1754207722.870925827] [solver_node]: 收到5个激光点，处理后5个有效点
[INFO] [1754207722.876675392] [solver_node]: 当前位置: x=4.669, y=0.971, angle=2.855
[INFO] [1754207722.878031868] [solver_node]: 激光距离数据: [0.507 6.73  4.077 5.29  5.281]
[INFO] [1754207722.907657108] [solver_node]: 角度求解器返回 1 个解
[INFO] [1754207722.908545339] [solver_node]: 有效解: x=4.478, y=1.755, 距离=0.807
[INFO] [1754207722.909852404] [solver_node]: 选择最佳解: x=4.478, y=1.755, 距离=0.807
[INFO] [1754207722.925864981] [solver_node]: 发布laser_dist_link变换: x=4.478, y=1.755, angle=2.855
[INFO] [1754207722.926627575] [solver_node]: 成功发布laser_dist_link变换
[INFO] [1754207722.948239438] [solver_node]: 收到5个激光点，处理后5个有效点
[INFO] [1754207722.970930133] [solver_node]: 当前位置: x=4.669, y=0.973, angle=2.856
[INFO] [1754207722.986270168] [solver_node]: 激光距离数据: [0.507 6.73  4.077 5.29  5.281]
[INFO] [1754207723.023739113] [solver_node]: 角度求解器返回 1 个解
[INFO] [1754207723.036669730] [solver_node]: 有效解: x=4.478, y=1.752, 距离=0.802
[INFO] [1754207723.043292326] [solver_node]: 选择最佳解: x=4.478, y=1.752, 距离=0.802
[INFO] [1754207723.045785652] [solver_node]: 发布laser_dist_link变换: x=4.478, y=1.752, angle=2.856
[INFO] [1754207723.051281637] [solver_node]: 成功发布laser_dist_link变换
[INFO] [1754207723.075557778] [solver_node]: 收到5个激光点，处理后5个有效点
[INFO] [1754207723.079980052] [solver_node]: 当前位置: x=4.671, y=0.974, angle=2.856
[INFO] [1754207723.081706784] [solver_node]: 激光距离数据: [0.507 6.73  4.077 5.29  5.281]
[INFO] [1754207723.088347653] [solver_node]: 角度求解器返回 1 个解
[INFO] [1754207723.089365169] [solver_node]: 有效解: x=4.478, y=1.752, 距离=0.802
[INFO] [1754207723.090332156] [solver_node]: 选择最佳解: x=4.478, y=1.752, 距离=0.802
[INFO] [1754207723.110450225] [solver_node]: 发布laser_dist_link变换: x=4.478, y=1.752, angle=2.856
[INFO] [1754207723.115847935] [solver_node]: 成功发布laser_dist_link变换
[INFO] [1754207723.200876445] [solver_node]: 收到5个激光点，处理后5个有效点
[INFO] [1754207723.205842807] [solver_node]: 当前位置: x=4.665, y=0.966, angle=2.855
[INFO] [1754207723.207235733] [solver_node]: 激光距离数据: [0.507 6.73  4.077 5.29  5.281]
[INFO] [1754207723.247643335] [solver_node]: 角度求解器返回 1 个解
[INFO] [1754207723.248545679] [solver_node]: 有效解: x=4.478, y=1.754, 距离=0.810
[INFO] [1754207723.250110899] [solver_node]: 选择最佳解: x=4.478, y=1.754, 距离=0.810
[INFO] [1754207723.251911299] [solver_node]: 发布laser_dist_link变换: x=4.478, y=1.754, angle=2.855
[INFO] [1754207723.254326029] [solver_node]: 成功发布laser_dist_link变换
[INFO] [1754207723.255818991] [solver_node]: 收到5个激光点，处理后5个有效点
[INFO] [1754207723.265880105] [solver_node]: 当前位置: x=4.668, y=0.967, angle=2.856
[INFO] [1754207723.277139929] [solver_node]: 激光距离数据: [0.507 6.73  4.077 5.288 5.281]
[INFO] [1754207723.282957433] [solver_node]: 角度求解器返回 1 个解
[INFO] [1754207723.283692249] [solver_node]: 有效解: x=4.478, y=1.752, 距离=0.807
[INFO] [1754207723.291593845] [solver_node]: 选择最佳解: x=4.478, y=1.752, 距离=0.807
[INFO] [1754207723.299449199] [solver_node]: 发布laser_dist_link变换: x=4.478, y=1.752, angle=2.856
[INFO] [1754207723.300194192] [solver_node]: 成功发布laser_dist_link变换
[INFO] [1754207723.353642048] [solver_node]: 收到5个激光点，处理后5个有效点
[INFO] [1754207723.362728464] [solver_node]: 当前位置: x=4.663, y=0.963, angle=2.855
[INFO] [1754207723.364032969] [solver_node]: 激光距离数据: [0.507 6.73  4.077 5.288 5.281]
[INFO] [1754207723.372841933] [solver_node]: 角度求解器返回 1 个解
[INFO] [1754207723.407149426] [solver_node]: 有效解: x=4.478, y=1.754, 距离=0.812
[INFO] [1754207723.421955550] [solver_node]: 选择最佳解: x=4.478, y=1.754, 距离=0.812
[INFO] [1754207723.434019729] [solver_node]: 发布laser_dist_link变换: x=4.478, y=1.754, angle=2.855
[INFO] [1754207723.434769170] [solver_node]: 成功发布laser_dist_link变换
[INFO] [1754207723.528157408] [solver_node]: 收到5个激光点，处理后5个有效点
[INFO] [1754207723.532075628] [solver_node]: 当前位置: x=4.668, y=0.971, angle=2.855
[INFO] [1754207723.534286061] [solver_node]: 激光距离数据: [0.507 6.73  4.077 5.288 5.281]
[INFO] [1754207723.540394170] [solver_node]: 角度求解器返回 1 个解
[INFO] [1754207723.541493387] [solver_node]: 有效解: x=4.478, y=1.753, 距离=0.805
[INFO] [1754207723.542212074] [solver_node]: 选择最佳解: x=4.478, y=1.753, 距离=0.805
[INFO] [1754207723.543513156] [solver_node]: 发布laser_dist_link变换: x=4.478, y=1.753, angle=2.855
[INFO] [1754207723.544169856] [solver_node]: 成功发布laser_dist_link变换
[INFO] [1754207723.566047363] [solver_node]: 收到5个激光点，处理后5个有效点
[INFO] [1754207723.582218411] [solver_node]: 当前位置: x=4.667, y=0.969, angle=2.856
[INFO] [1754207723.584730617] [solver_node]: 激光距离数据: [0.507 6.73  4.077 5.288 5.281]
[INFO] [1754207723.608356937] [solver_node]: 角度求解器返回 1 个解
[INFO] [1754207723.627899269] [solver_node]: 有效解: x=4.478, y=1.750, 距离=0.804
[INFO] [1754207723.628813165] [solver_node]: 选择最佳解: x=4.478, y=1.750, 距离=0.804
[INFO] [1754207723.647220247] [solver_node]: 发布laser_dist_link变换: x=4.478, y=1.750, angle=2.856
[INFO] [1754207723.648019419] [solver_node]: 成功发布laser_dist_link变换
[INFO] [1754207723.659428081] [solver_node]: 收到5个激光点，处理后5个有效点
[INFO] [1754207723.682229660] [solver_node]: 当前位置: x=4.666, y=0.975, angle=2.857
[INFO] [1754207723.684991606] [solver_node]: 激光距离数据: [0.507 6.73  4.077 5.288 5.283]
[INFO] [1754207723.693936639] [solver_node]: 角度求解器返回 1 个解
[INFO] [1754207723.710943916] [solver_node]: 有效解: x=4.477, y=1.750, 距离=0.798
[INFO] [1754207723.723623354] [solver_node]: 选择最佳解: x=4.477, y=1.750, 距离=0.798
[INFO] [1754207723.740683113] [solver_node]: 发布laser_dist_link变换: x=4.477, y=1.750, angle=2.857
[INFO] [1754207723.748035596] [solver_node]: 成功发布laser_dist_link变换
[INFO] [1754207723.759863765] [solver_node]: 收到5个激光点，处理后5个有效点
[INFO] [1754207723.769891854] [solver_node]: 当前位置: x=4.677, y=0.975, angle=2.856
[INFO] [1754207723.771933608] [solver_node]: 激光距离数据: [0.507 6.73  4.077 5.46  5.283]
[INFO] [1754207723.786781109] [solver_node]: 角度求解器返回 1 个解
[INFO] [1754207723.787610938] [solver_node]: 有效解: x=4.477, y=1.774, 距离=0.824
[INFO] [1754207723.790611134] [solver_node]: 选择最佳解: x=4.477, y=1.774, 距离=0.824
[INFO] [1754207723.803502229] [solver_node]: 发布laser_dist_link变换: x=4.477, y=1.774, angle=2.856
[INFO] [1754207723.822877930] [solver_node]: 成功发布laser_dist_link变换
[INFO] [1754207723.858287456] [solver_node]: 收到5个激光点，处理后5个有效点
[INFO] [1754207723.860891923] [solver_node]: 当前位置: x=4.669, y=0.973, angle=2.856
[INFO] [1754207723.862651008] [solver_node]: 激光距离数据: [0.507 6.73  4.077 5.46  5.283]
[INFO] [1754207723.868370428] [solver_node]: 角度求解器返回 1 个解
[INFO] [1754207723.869191744] [solver_node]: 有效解: x=4.477, y=1.777, 距离=0.826
[INFO] [1754207723.869928864] [solver_node]: 选择最佳解: x=4.477, y=1.777, 距离=0.826
[INFO] [1754207723.878254831] [solver_node]: 发布laser_dist_link变换: x=4.477, y=1.777, angle=2.856
[INFO] [1754207723.879054290] [solver_node]: 成功发布laser_dist_link变换
[INFO] [1754207724.041174736] [solver_node]: 收到5个激光点，处理后5个有效点
[INFO] [1754207724.047044274] [solver_node]: 当前位置: x=4.667, y=0.972, angle=2.855
[INFO] [1754207724.049282997] [solver_node]: 激光距离数据: [0.507 6.73  4.077 5.46  5.283]
[INFO] [1754207724.080725116] [solver_node]: 角度求解器返回 1 个解
[INFO] [1754207724.082791575] [solver_node]: 有效解: x=4.477, y=1.778, 距离=0.828
[INFO] [1754207724.084458529] [solver_node]: 选择最佳解: x=4.477, y=1.778, 距离=0.828
[INFO] [1754207724.091362544] [solver_node]: 发布laser_dist_link变换: x=4.477, y=1.778, angle=2.855
[INFO] [1754207724.095116758] [solver_node]: 成功发布laser_dist_link变换
[INFO] [1754207724.097607491] [solver_node]: 收到5个激光点，处理后5个有效点
[INFO] [1754207724.122642161] [solver_node]: 当前位置: x=4.668, y=0.975, angle=2.856
[INFO] [1754207724.124144851] [solver_node]: 激光距离数据: [0.507 6.73  4.077 5.46  5.283]
[INFO] [1754207724.131612667] [solver_node]: 角度求解器返回 1 个解
[INFO] [1754207724.146898332] [solver_node]: 有效解: x=4.477, y=1.775, 距离=0.822
[INFO] [1754207724.148147059] [solver_node]: 选择最佳解: x=4.477, y=1.775, 距离=0.822
[INFO] [1754207724.149820572] [solver_node]: 发布laser_dist_link变换: x=4.477, y=1.775, angle=2.856
[INFO] [1754207724.150841097] [solver_node]: 成功发布laser_dist_link变换
[INFO] [1754207724.151852150] [solver_node]: 收到5个激光点，处理后5个有效点
[INFO] [1754207724.157963811] [solver_node]: 当前位置: x=4.668, y=0.971, angle=2.855
[INFO] [1754207724.160809408] [solver_node]: 激光距离数据: [0.507 6.73  4.077 5.46  5.283]
[INFO] [1754207724.185032906] [solver_node]: 角度求解器返回 1 个解
[INFO] [1754207724.185861742] [solver_node]: 有效解: x=4.477, y=1.777, 距离=0.829
[INFO] [1754207724.186738549] [solver_node]: 选择最佳解: x=4.477, y=1.777, 距离=0.829
[INFO] [1754207724.191953818] [solver_node]: 发布laser_dist_link变换: x=4.477, y=1.777, angle=2.855
[INFO] [1754207724.192751901] [solver_node]: 成功发布laser_dist_link变换
[INFO] [1754207724.249913424] [solver_node]: 收到5个激光点，处理后5个有效点
[INFO] [1754207724.256582646] [solver_node]: 当前位置: x=4.665, y=0.966, angle=2.855
[INFO] [1754207724.259563385] [solver_node]: 激光距离数据: [ 0.507  6.73   4.077 49.612  5.283]
[INFO] [1754207724.281246867] [solver_node]: 角度求解器返回 1 个解
[INFO] [1754207724.285585970] [solver_node]: 有效解: x=4.477, y=1.792, 距离=0.847
[INFO] [1754207724.286448088] [solver_node]: 选择最佳解: x=4.477, y=1.792, 距离=0.847
[INFO] [1754207724.287832981] [solver_node]: 发布laser_dist_link变换: x=4.477, y=1.792, angle=2.855
[INFO] [1754207724.288803007] [solver_node]: 成功发布laser_dist_link变换
