[INFO] [1754141907.704138348] [solver_node]: 收到5个激光点，处理后5个有效点
[WARN] [1754141908.716016975] [solver_node]: 无法获取变换 laser_dist_map->chassis_link: Could not find a connection between 'chassis_map' and 'chassis_link' because they are not part of the same tree.Tf has two or more unconnected trees.
[WARN] [1754141908.717023396] [solver_node]: 无法获取TF变换，跳过求解
[INFO] [1754141908.718668774] [solver_node]: 收到5个激光点，处理后5个有效点
[INFO] [1754141908.721656229] [solver_node]: 收到5个激光点，处理后5个有效点
[WARN] [1754141909.726000642] [solver_node]: 无法获取变换 laser_dist_map->chassis_link: Could not find a connection between 'chassis_map' and 'chassis_link' because they are not part of the same tree.Tf has two or more unconnected trees.
[WARN] [1754141909.728535031] [solver_node]: 无法获取TF变换，跳过求解
[INFO] [1754141909.730654051] [solver_node]: 收到5个激光点，处理后5个有效点
[INFO] [1754141909.733196888] [solver_node]: 收到5个激光点，处理后5个有效点
[INFO] [1754141909.735158017] [solver_node]: 收到5个激光点，处理后5个有效点
[INFO] [1754141909.740675860] [solver_node]: 收到5个激光点，处理后5个有效点
[WARN] [1754141910.751684179] [solver_node]: 无法获取变换 laser_dist_map->chassis_link: Could not find a connection between 'chassis_map' and 'chassis_link' because they are not part of the same tree.Tf has two or more unconnected trees.
[WARN] [1754141910.752674792] [solver_node]: 无法获取TF变换，跳过求解
[INFO] [1754141910.754323402] [solver_node]: 收到5个激光点，处理后5个有效点
[INFO] [1754141910.778401503] [solver_node]: 当前位置: x=-7.664, y=-0.162, angle=2.314
[INFO] [1754141910.780179460] [solver_node]: 激光距离数据: [ 0.613  4.431 10.27   0.252  1.436]
[INFO] [1754141910.790960677] [solver_node]: 求解器返回 3 个解
[INFO] [1754141910.792556486] [solver_node]: 无效解: x=6.436, y=7.560, 距离=16.075 > 阈值0.300
[INFO] [1754141910.793304917] [solver_node]: 无效解: x=6.436, y=7.197, 距离=15.904 > 阈值0.300
[INFO] [1754141910.793974755] [solver_node]: 无效解: x=6.436, y=0.230, 距离=14.105 > 阈值0.300
[WARN] [1754141910.794725011] [solver_node]: 没有满足距离要求的解
[WARN] [1754141910.795439202] [solver_node]: 没有合适的解，不发布TF变换
[INFO] [1754141910.796312596] [solver_node]: 收到5个激光点，处理后5个有效点
[INFO] [1754141910.798564611] [solver_node]: 收到5个激光点，处理后5个有效点
[INFO] [1754141910.800307687] [solver_node]: 收到5个激光点，处理后5个有效点
[INFO] [1754141910.802062444] [solver_node]: 收到5个激光点，处理后5个有效点
[INFO] [1754141910.804578272] [solver_node]: 当前位置: x=-7.670, y=-0.163, angle=2.314
[INFO] [1754141910.805765977] [solver_node]: 激光距离数据: [ 0.613  4.431 10.273  0.252  1.434]
[INFO] [1754141910.813663869] [solver_node]: 求解器返回 3 个解
[INFO] [1754141910.814793973] [solver_node]: 无效解: x=6.437, y=7.561, 距离=16.083 > 阈值0.300
[INFO] [1754141910.816318933] [solver_node]: 无效解: x=6.437, y=7.198, 距离=15.911 > 阈值0.300
[INFO] [1754141910.817931990] [solver_node]: 无效解: x=6.437, y=0.230, 距离=14.112 > 阈值0.300
[WARN] [1754141910.819462806] [solver_node]: 没有满足距离要求的解
[WARN] [1754141910.821756038] [solver_node]: 没有合适的解，不发布TF变换
[INFO] [1754141910.822965535] [solver_node]: 收到5个激光点，处理后5个有效点
[INFO] [1754141910.827569471] [solver_node]: 收到5个激光点，处理后5个有效点
[INFO] [1754141910.845023530] [solver_node]: 当前位置: x=-7.671, y=-0.174, angle=2.314
[INFO] [1754141910.846950034] [solver_node]: 激光距离数据: [ 0.613  4.43  10.273  0.252  1.434]
[INFO] [1754141910.874274699] [solver_node]: 求解器返回 3 个解
[INFO] [1754141910.875112700] [solver_node]: 无效解: x=6.437, y=7.560, 距离=16.089 > 阈值0.300
[INFO] [1754141910.875786954] [solver_node]: 无效解: x=6.437, y=7.197, 距离=15.918 > 阈值0.300
[INFO] [1754141910.877643921] [solver_node]: 无效解: x=6.437, y=0.227, 距离=14.114 > 阈值0.300
[WARN] [1754141910.880600623] [solver_node]: 没有满足距离要求的解
[WARN] [1754141910.896619068] [solver_node]: 没有合适的解，不发布TF变换
[INFO] [1754141910.911988476] [solver_node]: 收到5个激光点，处理后5个有效点
[INFO] [1754141910.914940281] [solver_node]: 当前位置: x=-7.666, y=-0.168, angle=2.314
[INFO] [1754141910.932150752] [solver_node]: 激光距离数据: [ 0.613  4.43  10.273  0.252  1.434]
[INFO] [1754141910.952902352] [solver_node]: 求解器返回 3 个解
[INFO] [1754141910.973193974] [solver_node]: 无效解: x=6.437, y=7.560, 距离=16.081 > 阈值0.300
[INFO] [1754141910.974951067] [solver_node]: 无效解: x=6.437, y=7.197, 距离=15.910 > 阈值0.300
[INFO] [1754141910.980753011] [solver_node]: 无效解: x=6.437, y=0.227, 距离=14.108 > 阈值0.300
[WARN] [1754141910.992539657] [solver_node]: 没有满足距离要求的解
[WARN] [1754141910.993689217] [solver_node]: 没有合适的解，不发布TF变换
[INFO] [1754141911.010886118] [solver_node]: 收到5个激光点，处理后5个有效点
[INFO] [1754141911.026860402] [solver_node]: 当前位置: x=-7.664, y=-0.167, angle=2.314
[INFO] [1754141911.030688258] [solver_node]: 激光距离数据: [ 0.613  4.43  10.273  0.252  1.434]
[INFO] [1754141911.078886123] [solver_node]: 求解器返回 3 个解
[INFO] [1754141911.079740733] [solver_node]: 无效解: x=6.437, y=7.560, 距离=16.079 > 阈值0.300
[INFO] [1754141911.100941941] [solver_node]: 无效解: x=6.437, y=7.197, 距离=15.908 > 阈值0.300
[INFO] [1754141911.102065997] [solver_node]: 无效解: x=6.437, y=0.226, 距离=14.106 > 阈值0.300
[WARN] [1754141911.103000384] [solver_node]: 没有满足距离要求的解
[WARN] [1754141911.118397280] [solver_node]: 没有合适的解，不发布TF变换
[INFO] [1754141911.120674703] [solver_node]: 收到5个激光点，处理后5个有效点
[INFO] [1754141911.143868849] [solver_node]: 当前位置: x=-7.668, y=-0.169, angle=2.314
[INFO] [1754141911.148087497] [solver_node]: 激光距离数据: [ 0.613  4.43  10.273  0.252  1.434]
[INFO] [1754141911.183029567] [solver_node]: 求解器返回 3 个解
[INFO] [1754141911.193505817] [solver_node]: 无效解: x=6.437, y=7.560, 距离=16.083 > 阈值0.300
[INFO] [1754141911.196644954] [solver_node]: 无效解: x=6.437, y=7.197, 距离=15.912 > 阈值0.300
[INFO] [1754141911.208060455] [solver_node]: 无效解: x=6.437, y=0.227, 距离=14.110 > 阈值0.300
[WARN] [1754141911.215262301] [solver_node]: 没有满足距离要求的解
[WARN] [1754141911.219194382] [solver_node]: 没有合适的解，不发布TF变换
[INFO] [1754141911.231763507] [solver_node]: 收到5个激光点，处理后5个有效点
[INFO] [1754141911.258195833] [solver_node]: 当前位置: x=-7.674, y=-0.169, angle=2.313
[INFO] [1754141911.264500700] [solver_node]: 激光距离数据: [ 0.613  4.43  10.273  0.252  1.434]
[INFO] [1754141911.317727725] [solver_node]: 求解器返回 3 个解
[INFO] [1754141911.326560805] [solver_node]: 无效解: x=6.436, y=7.558, 距离=16.087 > 阈值0.300
[INFO] [1754141911.331421386] [solver_node]: 无效解: x=6.436, y=7.195, 距离=15.916 > 阈值0.300
[INFO] [1754141911.334205924] [solver_node]: 无效解: x=6.436, y=0.219, 距离=14.115 > 阈值0.300
[WARN] [1754141911.349955339] [solver_node]: 没有满足距离要求的解
[WARN] [1754141911.355514335] [solver_node]: 没有合适的解，不发布TF变换
[INFO] [1754141911.368734033] [solver_node]: 收到5个激光点，处理后5个有效点
[INFO] [1754141911.396652149] [solver_node]: 当前位置: x=-7.676, y=-0.167, angle=2.313
[INFO] [1754141911.414676012] [solver_node]: 激光距离数据: [ 0.613  4.43  10.278  0.252  1.434]
[INFO] [1754141911.458500154] [solver_node]: 求解器返回 3 个解
[INFO] [1754141911.468262181] [solver_node]: 无效解: x=6.436, y=7.559, 距离=16.089 > 阈值0.300
[INFO] [1754141911.472108661] [solver_node]: 无效解: x=6.436, y=7.196, 距离=15.918 > 阈值0.300
[INFO] [1754141911.491998706] [solver_node]: 无效解: x=6.436, y=0.219, 距离=14.118 > 阈值0.300
[WARN] [1754141911.494336547] [solver_node]: 没有满足距离要求的解
[WARN] [1754141911.503606883] [solver_node]: 没有合适的解，不发布TF变换
[INFO] [1754141911.505670606] [solver_node]: 收到5个激光点，处理后5个有效点
[INFO] [1754141911.508123937] [solver_node]: 收到5个激光点，处理后5个有效点
[INFO] [1754141911.547791769] [solver_node]: 当前位置: x=-7.677, y=-0.168, angle=2.312
[INFO] [1754141911.561763548] [solver_node]: 激光距离数据: [ 0.613  4.43  10.278  0.252  1.434]
[INFO] [1754141911.618069870] [solver_node]: 求解器返回 3 个解
[INFO] [1754141911.619002081] [solver_node]: 无效解: x=6.435, y=7.556, 距离=16.088 > 阈值0.300
[INFO] [1754141911.623215864] [solver_node]: 无效解: x=6.435, y=7.193, 距离=15.917 > 阈值0.300
[INFO] [1754141911.636352105] [solver_node]: 无效解: x=6.435, y=0.208, 距离=14.117 > 阈值0.300
[WARN] [1754141911.658331986] [solver_node]: 没有满足距离要求的解
[WARN] [1754141911.660830214] [solver_node]: 没有合适的解，不发布TF变换
[INFO] [1754141911.663578463] [solver_node]: 收到5个激光点，处理后5个有效点
[INFO] [1754141911.681799674] [solver_node]: 当前位置: x=-7.675, y=-0.156, angle=2.314
[INFO] [1754141911.683599359] [solver_node]: 激光距离数据: [ 0.613  4.43  10.278  0.252  1.434]
[INFO] [1754141911.715922879] [solver_node]: 求解器返回 3 个解
[INFO] [1754141911.720168471] [solver_node]: 无效解: x=6.437, y=7.561, 距离=16.084 > 阈值0.300
[INFO] [1754141911.724841336] [solver_node]: 无效解: x=6.437, y=7.198, 距离=15.913 > 阈值0.300
[INFO] [1754141911.727089351] [solver_node]: 无效解: x=6.437, y=0.226, 距离=14.118 > 阈值0.300
[WARN] [1754141911.729775774] [solver_node]: 没有满足距离要求的解
[WARN] [1754141911.730776563] [solver_node]: 没有合适的解，不发布TF变换
[INFO] [1754141911.731722567] [solver_node]: 收到5个激光点，处理后5个有效点
[INFO] [1754141911.742316803] [solver_node]: 当前位置: x=-7.660, y=-0.168, angle=2.313
[INFO] [1754141911.743666751] [solver_node]: 激光距离数据: [ 0.613  4.43  10.278  0.252  1.434]
[INFO] [1754141911.758216365] [solver_node]: 求解器返回 3 个解
[INFO] [1754141911.769000301] [solver_node]: 无效解: x=6.436, y=7.559, 距离=16.076 > 阈值0.300
[INFO] [1754141911.771389023] [solver_node]: 无效解: x=6.436, y=7.196, 距离=15.904 > 阈值0.300
[INFO] [1754141911.773446634] [solver_node]: 无效解: x=6.436, y=0.220, 距离=14.102 > 阈值0.300
[WARN] [1754141911.775149421] [solver_node]: 没有满足距离要求的解
[WARN] [1754141911.778588053] [solver_node]: 没有合适的解，不发布TF变换
[INFO] [1754141911.808064025] [solver_node]: 收到5个激光点，处理后5个有效点
[INFO] [1754141911.818554035] [solver_node]: 当前位置: x=-7.662, y=-0.168, angle=2.313
[INFO] [1754141911.823246580] [solver_node]: 激光距离数据: [ 0.613  4.43  10.33   0.252  1.434]
[INFO] [1754141911.876017341] [solver_node]: 求解器返回 3 个解
[INFO] [1754141911.876924976] [solver_node]: 无效解: x=6.437, y=7.560, 距离=16.078 > 阈值0.300
[INFO] [1754141911.877658751] [solver_node]: 无效解: x=6.437, y=7.196, 距离=15.907 > 阈值0.300
[INFO] [1754141911.878325837] [solver_node]: 无效解: x=6.437, y=0.183, 距离=14.103 > 阈值0.300
[WARN] [1754141911.879089693] [solver_node]: 没有满足距离要求的解
[WARN] [1754141911.895400815] [solver_node]: 没有合适的解，不发布TF变换
[INFO] [1754141911.927370856] [solver_node]: 收到5个激光点，处理后5个有效点
[INFO] [1754141911.931850661] [solver_node]: 当前位置: x=-7.676, y=-0.178, angle=2.313
[INFO] [1754141911.933623242] [solver_node]: 激光距离数据: [ 0.613  4.43  10.33   0.252  1.434]
[INFO] [1754141911.983175375] [solver_node]: 求解器返回 3 个解
[INFO] [1754141911.984062946] [solver_node]: 无效解: x=6.437, y=7.559, 距离=16.095 > 阈值0.300
[INFO] [1754141911.984913331] [solver_node]: 无效解: x=6.437, y=7.196, 距离=15.923 > 阈值0.300
[INFO] [1754141911.985608994] [solver_node]: 无效解: x=6.437, y=0.183, 距离=14.117 > 阈值0.300
[WARN] [1754141911.986362865] [solver_node]: 没有满足距离要求的解
[WARN] [1754141911.987112385] [solver_node]: 没有合适的解，不发布TF变换
[INFO] [1754141912.010489414] [solver_node]: 收到5个激光点，处理后5个有效点
[INFO] [1754141912.014479961] [solver_node]: 当前位置: x=-7.674, y=-0.171, angle=2.313
[INFO] [1754141912.023603670] [solver_node]: 激光距离数据: [ 0.613  4.43  10.33   0.252  1.434]
[INFO] [1754141912.064437893] [solver_node]: 求解器返回 3 个解
[INFO] [1754141912.088938177] [solver_node]: 无效解: x=6.436, y=7.558, 距离=16.088 > 阈值0.300
[INFO] [1754141912.090329342] [solver_node]: 无效解: x=6.436, y=7.195, 距离=15.916 > 阈值0.300
[INFO] [1754141912.091920127] [solver_node]: 无效解: x=6.436, y=0.178, 距离=14.114 > 阈值0.300
[WARN] [1754141912.100503313] [solver_node]: 没有满足距离要求的解
[WARN] [1754141912.102430265] [solver_node]: 没有合适的解，不发布TF变换
[INFO] [1754141912.118609641] [solver_node]: 收到5个激光点，处理后5个有效点
[INFO] [1754141912.133940326] [solver_node]: 当前位置: x=-7.667, y=-0.177, angle=2.313
[INFO] [1754141912.137376014] [solver_node]: 激光距离数据: [ 0.613  4.428 10.33   0.252  1.434]
[INFO] [1754141912.181568418] [solver_node]: 求解器返回 3 个解
[INFO] [1754141912.183539499] [solver_node]: 无效解: x=6.436, y=7.558, 距离=16.086 > 阈值0.300
[INFO] [1754141912.185375121] [solver_node]: 无效解: x=6.436, y=7.195, 距离=15.914 > 阈值0.300
[INFO] [1754141912.198985771] [solver_node]: 无效解: x=6.436, y=0.178, 距离=14.108 > 阈值0.300
[WARN] [1754141912.201075127] [solver_node]: 没有满足距离要求的解
[WARN] [1754141912.203119009] [solver_node]: 没有合适的解，不发布TF变换
[INFO] [1754141912.218231674] [solver_node]: 收到5个激光点，处理后5个有效点
[INFO] [1754141912.227002288] [solver_node]: 当前位置: x=-7.673, y=-0.182, angle=2.313
[INFO] [1754141912.231638224] [solver_node]: 激光距离数据: [ 0.613  4.428 10.33   0.252  1.434]
[INFO] [1754141912.251739537] [solver_node]: 求解器返回 3 个解
[INFO] [1754141912.254001184] [solver_node]: 无效解: x=6.436, y=7.558, 距离=16.093 > 阈值0.300
[INFO] [1754141912.268826324] [solver_node]: 无效解: x=6.436, y=7.195, 距离=15.921 > 阈值0.300
[INFO] [1754141912.282225705] [solver_node]: 无效解: x=6.436, y=0.178, 距离=14.114 > 阈值0.300
[WARN] [1754141912.288151556] [solver_node]: 没有满足距离要求的解
[WARN] [1754141912.289122264] [solver_node]: 没有合适的解，不发布TF变换
[INFO] [1754141912.305517836] [solver_node]: 收到5个激光点，处理后5个有效点
[INFO] [1754141912.315106995] [solver_node]: 当前位置: x=-7.672, y=-0.169, angle=2.313
[INFO] [1754141912.316519281] [solver_node]: 激光距离数据: [ 0.613  4.428 10.232  0.252  1.434]
[INFO] [1754141912.341992225] [solver_node]: 求解器返回 3 个解
[INFO] [1754141912.342799570] [solver_node]: 无效解: x=6.436, y=7.558, 距离=16.086 > 阈值0.300
[INFO] [1754141912.346192568] [solver_node]: 无效解: x=6.436, y=7.195, 距离=15.915 > 阈值0.300
[INFO] [1754141912.347505331] [solver_node]: 无效解: x=6.436, y=0.250, 距离=14.115 > 阈值0.300
[WARN] [1754141912.357080346] [solver_node]: 没有满足距离要求的解
[WARN] [1754141912.358043022] [solver_node]: 没有合适的解，不发布TF变换
[INFO] [1754141912.404169194] [solver_node]: 收到5个激光点，处理后5个有效点
[INFO] [1754141912.413559277] [solver_node]: 当前位置: x=-7.672, y=-0.170, angle=2.314
[INFO] [1754141912.438113802] [solver_node]: 激光距离数据: [ 0.613  4.428 10.232  0.252  1.434]
[INFO] [1754141912.453132418] [solver_node]: 求解器返回 3 个解
[INFO] [1754141912.477529724] [solver_node]: 无效解: x=6.438, y=7.561, 距离=16.089 > 阈值0.300
[INFO] [1754141912.479802251] [solver_node]: 无效解: x=6.438, y=7.198, 距离=15.918 > 阈值0.300
[INFO] [1754141912.481770227] [solver_node]: 无效解: x=6.438, y=0.261, 距离=14.116 > 阈值0.300
[WARN] [1754141912.483358196] [solver_node]: 没有满足距离要求的解
[WARN] [1754141912.484829715] [solver_node]: 没有合适的解，不发布TF变换
[INFO] [1754141912.501769074] [solver_node]: 收到5个激光点，处理后5个有效点
[INFO] [1754141912.505521152] [solver_node]: 当前位置: x=-7.666, y=-0.167, angle=2.313
[INFO] [1754141912.508234360] [solver_node]: 激光距离数据: [ 0.613  4.428 10.232  0.252  1.434]
[INFO] [1754141912.518880661] [solver_node]: 求解器返回 3 个解
[INFO] [1754141912.532124616] [solver_node]: 无效解: x=6.436, y=7.558, 距离=16.080 > 阈值0.300
[INFO] [1754141912.534874785] [solver_node]: 无效解: x=6.436, y=7.195, 距离=15.909 > 阈值0.300
[INFO] [1754141912.537297843] [solver_node]: 无效解: x=6.436, y=0.251, 距离=14.109 > 阈值0.300
[WARN] [1754141912.556134938] [solver_node]: 没有满足距离要求的解
[WARN] [1754141912.558527787] [solver_node]: 没有合适的解，不发布TF变换
[INFO] [1754141912.603713620] [solver_node]: 收到5个激光点，处理后5个有效点
[INFO] [1754141912.613672227] [solver_node]: 当前位置: x=-7.669, y=-0.167, angle=2.313
[INFO] [1754141912.616366811] [solver_node]: 激光距离数据: [ 0.613  4.428 10.232  0.252  1.434]
[INFO] [1754141912.642439671] [solver_node]: 求解器返回 3 个解
[INFO] [1754141912.645814397] [solver_node]: 无效解: x=6.436, y=7.558, 距离=16.082 > 阈值0.300
[INFO] [1754141912.648284369] [solver_node]: 无效解: x=6.436, y=7.195, 距离=15.911 > 阈值0.300
[INFO] [1754141912.649867377] [solver_node]: 无效解: x=6.436, y=0.249, 距离=14.111 > 阈值0.300
[WARN] [1754141912.651423698] [solver_node]: 没有满足距离要求的解
[WARN] [1754141912.652860847] [solver_node]: 没有合适的解，不发布TF变换
[INFO] [1754141912.711796502] [solver_node]: 收到5个激光点，处理后5个有效点
[INFO] [1754141912.728294444] [solver_node]: 当前位置: x=-7.665, y=-0.176, angle=2.313
[INFO] [1754141912.730721822] [solver_node]: 激光距离数据: [ 0.614  4.428 10.232  0.252  1.434]
[INFO] [1754141912.737977365] [solver_node]: 求解器返回 3 个解
[INFO] [1754141912.750381142] [solver_node]: 无效解: x=6.437, y=7.559, 距离=16.083 > 阈值0.300
[INFO] [1754141912.752526722] [solver_node]: 无效解: x=6.437, y=7.195, 距离=15.912 > 阈值0.300
[INFO] [1754141912.754049154] [solver_node]: 无效解: x=6.437, y=0.251, 距离=14.108 > 阈值0.300
[WARN] [1754141912.755427870] [solver_node]: 没有满足距离要求的解
[WARN] [1754141912.769552675] [solver_node]: 没有合适的解，不发布TF变换
[INFO] [1754141912.807192592] [solver_node]: 收到5个激光点，处理后5个有效点
[INFO] [1754141912.821675036] [solver_node]: 当前位置: x=-7.666, y=-0.167, angle=2.313
[INFO] [1754141912.825145188] [solver_node]: 激光距离数据: [ 0.614  4.428 10.232  0.252  1.434]
[INFO] [1754141912.859946006] [solver_node]: 求解器返回 3 个解
[INFO] [1754141912.884170764] [solver_node]: 无效解: x=6.436, y=7.558, 距离=16.079 > 阈值0.300
[INFO] [1754141912.887485777] [solver_node]: 无效解: x=6.436, y=7.195, 距离=15.908 > 阈值0.300
[INFO] [1754141912.890425902] [solver_node]: 无效解: x=6.436, y=0.249, 距离=14.108 > 阈值0.300
[WARN] [1754141912.895311219] [solver_node]: 没有满足距离要求的解
[WARN] [1754141912.898206927] [solver_node]: 没有合适的解，不发布TF变换
[INFO] [1754141912.911579589] [solver_node]: 收到5个激光点，处理后5个有效点
[INFO] [1754141912.922815118] [solver_node]: 当前位置: x=-7.673, y=-0.164, angle=2.313
[INFO] [1754141912.939725004] [solver_node]: 激光距离数据: [ 0.614  4.428 10.232  0.252  1.434]
[INFO] [1754141912.962141309] [solver_node]: 求解器返回 3 个解
[INFO] [1754141912.964776884] [solver_node]: 无效解: x=6.436, y=7.558, 距离=16.084 > 阈值0.300
[INFO] [1754141912.969515606] [solver_node]: 无效解: x=6.436, y=7.195, 距离=15.913 > 阈值0.300
[INFO] [1754141912.972781882] [solver_node]: 无效解: x=6.436, y=0.249, 距离=14.115 > 阈值0.300
[WARN] [1754141912.991928743] [solver_node]: 没有满足距离要求的解
[WARN] [1754141913.005097528] [solver_node]: 没有合适的解，不发布TF变换
[INFO] [1754141913.011986534] [solver_node]: 收到5个激光点，处理后5个有效点
[INFO] [1754141913.020029773] [solver_node]: 当前位置: x=-7.673, y=-0.163, angle=2.313
[INFO] [1754141913.021707248] [solver_node]: 激光距离数据: [ 0.614  4.427 10.232  0.252  1.434]
[INFO] [1754141913.057043371] [solver_node]: 求解器返回 3 个解
[INFO] [1754141913.057968190] [solver_node]: 无效解: x=6.437, y=7.559, 距离=16.085 > 阈值0.300
[INFO] [1754141913.058745966] [solver_node]: 无效解: x=6.437, y=7.196, 距离=15.913 > 阈值0.300
[INFO] [1754141913.072840946] [solver_node]: 无效解: x=6.437, y=0.253, 距离=14.116 > 阈值0.300
[WARN] [1754141913.104068408] [solver_node]: 没有满足距离要求的解
[WARN] [1754141913.122020300] [solver_node]: 没有合适的解，不发布TF变换
[INFO] [1754141913.147339512] [solver_node]: 收到5个激光点，处理后5个有效点
[INFO] [1754141913.177038079] [solver_node]: 当前位置: x=-7.673, y=-0.167, angle=2.313
[INFO] [1754141913.203080826] [solver_node]: 激光距离数据: [ 0.615  4.427 10.232  0.252  1.434]
[INFO] [1754141913.229822179] [solver_node]: 求解器返回 3 个解
[INFO] [1754141913.234162781] [solver_node]: 无效解: x=6.437, y=7.560, 距离=16.087 > 阈值0.300
[INFO] [1754141913.237324447] [solver_node]: 无效解: x=6.437, y=7.196, 距离=15.916 > 阈值0.300
[INFO] [1754141913.243529311] [solver_node]: 无效解: x=6.437, y=0.255, 距离=14.116 > 阈值0.300
[WARN] [1754141913.245917328] [solver_node]: 没有满足距离要求的解
[WARN] [1754141913.251115196] [solver_node]: 没有合适的解，不发布TF变换
[INFO] [1754141913.253715474] [solver_node]: 收到5个激光点，处理后5个有效点
[INFO] [1754141913.267706771] [solver_node]: 当前位置: x=-7.680, y=-0.163, angle=2.313
[INFO] [1754141913.270271433] [solver_node]: 激光距离数据: [ 0.615  4.427 10.283  0.252  1.434]
[INFO] [1754141913.312162700] [solver_node]: 求解器返回 3 个解
[INFO] [1754141913.323824797] [solver_node]: 无效解: x=6.437, y=7.559, 距离=16.091 > 阈值0.300
[INFO] [1754141913.327711373] [solver_node]: 无效解: x=6.437, y=7.195, 距离=15.920 > 阈值0.300
[INFO] [1754141913.341235653] [solver_node]: 无效解: x=6.437, y=0.214, 距离=14.122 > 阈值0.300
[WARN] [1754141913.347079838] [solver_node]: 没有满足距离要求的解
[WARN] [1754141913.360398226] [solver_node]: 没有合适的解，不发布TF变换
[INFO] [1754141913.366947514] [solver_node]: 收到5个激光点，处理后5个有效点
[INFO] [1754141913.391777947] [solver_node]: 当前位置: x=-7.676, y=-0.175, angle=2.314
[INFO] [1754141913.404723911] [solver_node]: 激光距离数据: [ 0.615  4.427 10.283  0.252  1.434]
[INFO] [1754141913.446449767] [solver_node]: 求解器返回 3 个解
[INFO] [1754141913.449079774] [solver_node]: 无效解: x=6.438, y=7.562, 距离=16.095 > 阈值0.300
[INFO] [1754141913.450987973] [solver_node]: 无效解: x=6.438, y=7.198, 距离=15.924 > 阈值0.300
[INFO] [1754141913.455500706] [solver_node]: 无效解: x=6.438, y=0.223, 距离=14.120 > 阈值0.300
[WARN] [1754141913.456867711] [solver_node]: 没有满足距离要求的解
[WARN] [1754141913.458000822] [solver_node]: 没有合适的解，不发布TF变换
[INFO] [1754141913.459090189] [solver_node]: 收到5个激光点，处理后5个有效点
[INFO] [1754141913.488074373] [solver_node]: 当前位置: x=-7.672, y=-0.168, angle=2.313
[INFO] [1754141913.511666893] [solver_node]: 激光距离数据: [ 0.615  4.427 10.283  0.252  1.432]
[INFO] [1754141913.518631485] [solver_node]: 求解器返回 3 个解
[INFO] [1754141913.519453710] [solver_node]: 无效解: x=6.438, y=7.560, 距离=16.088 > 阈值0.300
[INFO] [1754141913.520303520] [solver_node]: 无效解: x=6.438, y=7.196, 距离=15.917 > 阈值0.300
[INFO] [1754141913.521026543] [solver_node]: 无效解: x=6.438, y=0.218, 距离=14.116 > 阈值0.300
[WARN] [1754141913.521811295] [solver_node]: 没有满足距离要求的解
[WARN] [1754141913.522581647] [solver_node]: 没有合适的解，不发布TF变换
[INFO] [1754141913.523431840] [solver_node]: 收到5个激光点，处理后5个有效点
[INFO] [1754141913.541862142] [solver_node]: 当前位置: x=-7.677, y=-0.170, angle=2.313
[INFO] [1754141913.545064064] [solver_node]: 激光距离数据: [ 0.615  4.417 10.283  0.252  1.432]
[INFO] [1754141913.556398603] [solver_node]: 求解器返回 3 个解
[INFO] [1754141913.571926924] [solver_node]: 无效解: x=6.441, y=7.560, 距离=16.095 > 阈值0.300
[INFO] [1754141913.574804712] [solver_node]: 无效解: x=6.441, y=7.196, 距离=15.924 > 阈值0.300
[INFO] [1754141913.577083351] [solver_node]: 无效解: x=6.441, y=0.216, 距离=14.123 > 阈值0.300
[WARN] [1754141913.581653366] [solver_node]: 没有满足距离要求的解
[WARN] [1754141913.584376238] [solver_node]: 没有合适的解，不发布TF变换
[INFO] [1754141913.634920996] [solver_node]: 收到5个激光点，处理后5个有效点
[INFO] [1754141913.644632045] [solver_node]: 当前位置: x=-7.671, y=-0.168, angle=2.313
[INFO] [1754141913.650078782] [solver_node]: 激光距离数据: [ 0.615  4.417 10.294  0.252  1.432]
[INFO] [1754141913.688040528] [solver_node]: 求解器返回 3 个解
[INFO] [1754141913.693185690] [solver_node]: 无效解: x=6.440, y=7.559, 距离=16.088 > 阈值0.300
[INFO] [1754141913.699125429] [solver_node]: 无效解: x=6.440, y=7.195, 距离=15.917 > 阈值0.300
[INFO] [1754141913.703407086] [solver_node]: 无效解: x=6.440, y=0.204, 距离=14.116 > 阈值0.300
[WARN] [1754141913.709502508] [solver_node]: 没有满足距离要求的解
[WARN] [1754141913.720779829] [solver_node]: 没有合适的解，不发布TF变换
[INFO] [1754141913.734815032] [solver_node]: 收到5个激光点，处理后5个有效点
[INFO] [1754141913.745353554] [solver_node]: 当前位置: x=-7.668, y=-0.168, angle=2.313
[INFO] [1754141913.749476903] [solver_node]: 激光距离数据: [ 0.615  4.417 10.294  0.252  1.432]
[INFO] [1754141913.769168831] [solver_node]: 求解器返回 3 个解
[INFO] [1754141913.771651474] [solver_node]: 无效解: x=6.440, y=7.559, 距离=16.086 > 阈值0.300
[INFO] [1754141913.797698061] [solver_node]: 无效解: x=6.440, y=7.195, 距离=15.914 > 阈值0.300
[INFO] [1754141913.808678673] [solver_node]: 无效解: x=6.440, y=0.206, 距离=14.113 > 阈值0.300
[WARN] [1754141913.837245280] [solver_node]: 没有满足距离要求的解
[WARN] [1754141913.838544379] [solver_node]: 没有合适的解，不发布TF变换
[INFO] [1754141913.840309663] [solver_node]: 收到5个激光点，处理后5个有效点
[INFO] [1754141913.855597852] [solver_node]: 当前位置: x=-7.673, y=-0.169, angle=2.313
[INFO] [1754141913.868533255] [solver_node]: 激光距离数据: [ 0.616  4.417 10.294  0.252  1.432]
[INFO] [1754141913.912153390] [solver_node]: 求解器返回 3 个解
[INFO] [1754141913.916792046] [solver_node]: 无效解: x=6.440, y=7.560, 距离=16.091 > 阈值0.300
[INFO] [1754141913.924390124] [solver_node]: 无效解: x=6.440, y=7.195, 距离=15.919 > 阈值0.300
[INFO] [1754141913.928706885] [solver_node]: 无效解: x=6.440, y=0.205, 距离=14.119 > 阈值0.300
[WARN] [1754141913.933650635] [solver_node]: 没有满足距离要求的解
[WARN] [1754141913.937043250] [solver_node]: 没有合适的解，不发布TF变换
[INFO] [1754141913.939716233] [solver_node]: 收到5个激光点，处理后5个有效点
[INFO] [1754141913.962004246] [solver_node]: 当前位置: x=-7.674, y=-0.173, angle=2.312
[INFO] [1754141913.965529759] [solver_node]: 激光距离数据: [ 0.616  4.409 10.294  0.252  1.432]
[INFO] [1754141914.035124862] [solver_node]: 求解器返回 3 个解
[INFO] [1754141914.039179090] [solver_node]: 无效解: x=6.441, y=7.558, 距离=16.094 > 阈值0.300
[INFO] [1754141914.041240285] [solver_node]: 无效解: x=6.441, y=7.194, 距离=15.922 > 阈值0.300
[INFO] [1754141914.043283143] [solver_node]: 无效解: x=6.441, y=0.200, 距离=14.120 > 阈值0.300
[WARN] [1754141914.045200015] [solver_node]: 没有满足距离要求的解
[WARN] [1754141914.047089494] [solver_node]: 没有合适的解，不发布TF变换
[INFO] [1754141914.048988605] [solver_node]: 收到5个激光点，处理后5个有效点
[INFO] [1754141914.076753146] [solver_node]: 当前位置: x=-7.667, y=-0.164, angle=2.311
[INFO] [1754141914.083858029] [solver_node]: 激光距离数据: [ 0.617  4.409 10.294  0.252  1.432]
[INFO] [1754141914.117272320] [solver_node]: 求解器返回 3 个解
[INFO] [1754141914.118157586] [solver_node]: 无效解: x=6.440, y=7.556, 距离=16.082 > 阈值0.300
[INFO] [1754141914.121084814] [solver_node]: 无效解: x=6.440, y=7.191, 距离=15.910 > 阈值0.300
[INFO] [1754141914.122088547] [solver_node]: 无效解: x=6.440, y=0.191, 距离=14.112 > 阈值0.300
[WARN] [1754141914.122875315] [solver_node]: 没有满足距离要求的解
[WARN] [1754141914.123601634] [solver_node]: 没有合适的解，不发布TF变换
[INFO] [1754141914.126165303] [solver_node]: 收到5个激光点，处理后5个有效点
[INFO] [1754141914.140125048] [solver_node]: 当前位置: x=-7.666, y=-0.169, angle=2.312
[INFO] [1754141914.141507476] [solver_node]: 激光距离数据: [ 0.618  4.409 10.316  0.251  1.432]
[INFO] [1754141914.148721257] [solver_node]: 求解器返回 3 个解
[INFO] [1754141914.149543610] [solver_node]: 无效解: x=6.441, y=7.558, 距离=16.085 > 阈值0.300
[INFO] [1754141914.150260713] [solver_node]: 无效解: x=6.441, y=7.192, 距离=15.913 > 阈值0.300
[INFO] [1754141914.150937847] [solver_node]: 无效解: x=6.441, y=0.180, 距离=14.112 > 阈值0.300
[WARN] [1754141914.151672358] [solver_node]: 没有满足距离要求的解
[WARN] [1754141914.171576481] [solver_node]: 没有合适的解，不发布TF变换
[INFO] [1754141914.222581631] [solver_node]: 收到5个激光点，处理后5个有效点
[INFO] [1754141914.226569682] [solver_node]: 当前位置: x=-7.667, y=-0.169, angle=2.310
[INFO] [1754141914.229158375] [solver_node]: 激光距离数据: [ 0.619  4.409 10.316  0.251  1.42 ]
[INFO] [1754141914.254170220] [solver_node]: 求解器返回 3 个解
[INFO] [1754141914.256399098] [solver_node]: 无效解: x=6.446, y=7.556, 距离=16.089 > 阈值0.300
[INFO] [1754141914.258194399] [solver_node]: 无效解: x=6.446, y=7.189, 距离=15.915 > 阈值0.300
[INFO] [1754141914.259754975] [solver_node]: 无效解: x=6.446, y=0.170, 距离=14.117 > 阈值0.300
[WARN] [1754141914.261390785] [solver_node]: 没有满足距离要求的解
[WARN] [1754141914.262958113] [solver_node]: 没有合适的解，不发布TF变换
[INFO] [1754141914.323549701] [solver_node]: 收到5个激光点，处理后5个有效点
[INFO] [1754141914.337310625] [solver_node]: 当前位置: x=-7.655, y=-0.164, angle=2.298
[INFO] [1754141914.339797365] [solver_node]: 激光距离数据: [ 0.621  4.409 10.316  0.251  1.42 ]
[INFO] [1754141914.349466589] [solver_node]: 求解器返回 3 个解
[INFO] [1754141914.366510813] [solver_node]: 无效解: x=6.435, y=7.533, 距离=16.056 > 阈值0.300
[INFO] [1754141914.368850253] [solver_node]: 无效解: x=6.435, y=7.163, 距离=15.882 > 阈值0.300
[INFO] [1754141914.370870967] [solver_node]: 无效解: x=6.435, y=0.083, 距离=14.093 > 阈值0.300
[WARN] [1754141914.372583514] [solver_node]: 没有满足距离要求的解
[WARN] [1754141914.374107866] [solver_node]: 没有合适的解，不发布TF变换
[INFO] [1754141914.412345968] [solver_node]: 收到5个激光点，处理后5个有效点
[INFO] [1754141914.416144958] [solver_node]: 当前位置: x=-7.650, y=-0.158, angle=2.282
[INFO] [1754141914.422649540] [solver_node]: 激光距离数据: [ 0.622  4.395 10.316  0.251  1.42 ]
[WARN] [1754141914.442263866] [solver_node]: [PoseSolver_angle] 前面的计算没有结果
[INFO] [1754141914.456997482] [solver_node]: 求解器返回 0 个解
[WARN] [1754141914.460052265] [solver_node]: 没有合适的解，不发布TF变换
[INFO] [1754141914.514985464] [solver_node]: 收到5个激光点，处理后5个有效点
[INFO] [1754141914.519595991] [solver_node]: 当前位置: x=-7.634, y=-0.164, angle=2.249
[INFO] [1754141914.525048232] [solver_node]: 激光距离数据: [ 0.623  4.395 10.334  0.251  1.42 ]
[WARN] [1754141914.552635170] [solver_node]: [PoseSolver_angle] 前面的计算没有结果
[INFO] [1754141914.554913937] [solver_node]: 求解器返回 0 个解
[WARN] [1754141914.561029551] [solver_node]: 没有合适的解，不发布TF变换
[INFO] [1754141914.622422404] [solver_node]: 收到5个激光点，处理后5个有效点
[INFO] [1754141914.657312596] [solver_node]: 当前位置: x=-7.617, y=-0.165, angle=2.211
[INFO] [1754141914.658677937] [solver_node]: 激光距离数据: [ 0.623  4.395 10.334  0.251  1.42 ]
[INFO] [1754141914.672252425] [solver_node]: 求解器返回 3 个解
[INFO] [1754141914.675042531] [solver_node]: 无效解: x=6.588, y=5.246, 距离=15.201 > 阈值0.300
[INFO] [1754141914.677563543] [solver_node]: 无效解: x=6.588, y=7.367, 距离=16.078 > 阈值0.300
[INFO] [1754141914.691782077] [solver_node]: 无效解: x=6.588, y=6.982, 距离=15.902 > 阈值0.300
[WARN] [1754141914.721440801] [solver_node]: 没有满足距离要求的解
[WARN] [1754141914.725156174] [solver_node]: 没有合适的解，不发布TF变换
[INFO] [1754141914.727984073] [solver_node]: 收到5个激光点，处理后5个有效点
[INFO] [1754141914.742454675] [solver_node]: 当前位置: x=-7.585, y=-0.168, angle=2.162
[INFO] [1754141914.745278702] [solver_node]: 激光距离数据: [ 0.623  4.395 10.334  0.251  1.42 ]
[WARN] [1754141914.755971467] [solver_node]: [PoseSolver_angle] 前面的计算没有结果
[INFO] [1754141914.767105009] [solver_node]: 求解器返回 0 个解
[WARN] [1754141914.769564100] [solver_node]: 没有合适的解，不发布TF变换
[INFO] [1754141914.809498077] [solver_node]: 收到5个激光点，处理后5个有效点
[INFO] [1754141914.814490852] [solver_node]: 当前位置: x=-7.552, y=-0.177, angle=2.107
[INFO] [1754141914.826676831] [solver_node]: 激光距离数据: [ 0.623  4.392 10.334  0.251  1.42 ]
[WARN] [1754141914.857554141] [solver_node]: [PoseSolver_angle] 前面的计算没有结果
[INFO] [1754141914.870542378] [solver_node]: 求解器返回 0 个解
[WARN] [1754141914.872180076] [solver_node]: 没有合适的解，不发布TF变换
[INFO] [1754141914.939382424] [solver_node]: 收到5个激光点，处理后5个有效点
[INFO] [1754141914.949080032] [solver_node]: 当前位置: x=-7.526, y=-0.175, angle=2.049
[INFO] [1754141914.955403587] [solver_node]: 激光距离数据: [ 0.623  4.392 10.334  0.251  1.42 ]
[INFO] [1754141915.010383346] [solver_node]: 求解器返回 2 个解
[INFO] [1754141915.011387559] [solver_node]: 无效解: x=1.814, y=5.909, 距离=11.146 > 阈值0.300
[INFO] [1754141915.017059292] [solver_node]: 无效解: x=1.814, y=2.231, 距离=9.645 > 阈值0.300
[WARN] [1754141915.017889517] [solver_node]: 没有满足距离要求的解
[WARN] [1754141915.018640381] [solver_node]: 没有合适的解，不发布TF变换
[INFO] [1754141915.024578167] [solver_node]: 收到5个激光点，处理后5个有效点
[INFO] [1754141915.029675648] [solver_node]: 当前位置: x=-7.526, y=-0.175, angle=2.042
[INFO] [1754141915.030892569] [solver_node]: 激光距离数据: [ 0.623  4.392 10.332  0.251  1.42 ]
[INFO] [1754141915.053927764] [solver_node]: 求解器返回 2 个解
[INFO] [1754141915.055536566] [solver_node]: 无效解: x=1.806, y=5.938, 距离=11.156 > 阈值0.300
[INFO] [1754141915.056258820] [solver_node]: 无效解: x=1.806, y=2.252, 距离=9.643 > 阈值0.300
[WARN] [1754141915.057104886] [solver_node]: 没有满足距离要求的解
[WARN] [1754141915.058462034] [solver_node]: 没有合适的解，不发布TF变换
[INFO] [1754141915.115882706] [solver_node]: 收到5个激光点，处理后5个有效点
[INFO] [1754141915.134213996] [solver_node]: 当前位置: x=-7.468, y=-0.187, angle=1.927
[INFO] [1754141915.135633097] [solver_node]: 激光距离数据: [ 0.623  4.392 10.332  0.251  1.42 ]
[INFO] [1754141915.169075739] [solver_node]: 求解器返回 3 个解
[INFO] [1754141915.172179547] [solver_node]: 无效解: x=1.662, y=6.440, 距离=11.282 > 阈值0.300
[INFO] [1754141915.174929236] [solver_node]: 无效解: x=1.648, y=6.444, 距离=11.273 > 阈值0.300
[INFO] [1754141915.176397938] [solver_node]: 无效解: x=1.662, y=2.591, 距离=9.544 > 阈值0.300
[WARN] [1754141915.179136842] [solver_node]: 没有满足距离要求的解
[WARN] [1754141915.184565914] [solver_node]: 没有合适的解，不发布TF变换
[INFO] [1754141915.216424331] [solver_node]: 收到5个激光点，处理后5个有效点
[INFO] [1754141915.225156863] [solver_node]: 当前位置: x=-7.426, y=-0.190, angle=1.872
[INFO] [1754141915.227337548] [solver_node]: 激光距离数据: [ 0.623  4.392 10.332  0.251  1.42 ]
[INFO] [1754141915.269428112] [solver_node]: 求解器返回 1 个解
[INFO] [1754141915.270670794] [solver_node]: 无效解: x=1.586, y=2.741, 距离=9.477 > 阈值0.300
[WARN] [1754141915.271714143] [solver_node]: 没有满足距离要求的解
[WARN] [1754141915.273008378] [solver_node]: 没有合适的解，不发布TF变换
[INFO] [1754141915.325893309] [solver_node]: 收到5个激光点，处理后5个有效点
[INFO] [1754141915.329487399] [solver_node]: 当前位置: x=-7.404, y=-0.201, angle=1.840
[INFO] [1754141915.330967525] [solver_node]: 激光距离数据: [ 0.623  4.39  10.332  0.251  1.42 ]
[INFO] [1754141915.368380777] [solver_node]: 求解器返回 1 个解
[INFO] [1754141915.370235695] [solver_node]: 无效解: x=1.539, y=2.825, 距离=9.441 > 阈值0.300
[WARN] [1754141915.372369371] [solver_node]: 没有满足距离要求的解
[WARN] [1754141915.373337327] [solver_node]: 没有合适的解，不发布TF变换
[INFO] [1754141915.409942306] [solver_node]: 收到5个激光点，处理后5个有效点
[INFO] [1754141915.418440849] [solver_node]: 当前位置: x=-7.400, y=-0.203, angle=1.826
[INFO] [1754141915.420024690] [solver_node]: 激光距离数据: [ 0.623  4.39  10.332  0.251  1.42 ]
[INFO] [1754141915.428471840] [solver_node]: 求解器返回 1 个解
[INFO] [1754141915.429384787] [solver_node]: 无效解: x=1.518, y=2.860, 距离=9.430 > 阈值0.300
[WARN] [1754141915.430179779] [solver_node]: 没有满足距离要求的解
[WARN] [1754141915.431073461] [solver_node]: 没有合适的解，不发布TF变换
[INFO] [1754141915.527667037] [solver_node]: 收到5个激光点，处理后5个有效点
[INFO] [1754141915.534503242] [solver_node]: 当前位置: x=-7.414, y=-0.200, angle=1.827
[INFO] [1754141915.537099456] [solver_node]: 激光距离数据: [ 0.623  4.39  10.356  0.251  1.42 ]
[INFO] [1754141915.565278565] [solver_node]: 求解器返回 1 个解
[INFO] [1754141915.566700834] [solver_node]: 无效解: x=1.520, y=2.857, 距离=9.442 > 阈值0.300
[WARN] [1754141915.567621109] [solver_node]: 没有满足距离要求的解
[WARN] [1754141915.568542536] [solver_node]: 没有合适的解，不发布TF变换
[INFO] [1754141915.603287765] [solver_node]: 收到5个激光点，处理后5个有效点
[INFO] [1754141915.607365897] [solver_node]: 当前位置: x=-7.409, y=-0.198, angle=1.826
[INFO] [1754141915.616464612] [solver_node]: 激光距离数据: [ 0.623  4.39  10.356  0.251  1.42 ]
[INFO] [1754141915.641216483] [solver_node]: 求解器返回 1 个解
[INFO] [1754141915.642233080] [solver_node]: 无效解: x=1.519, y=2.859, 距离=9.437 > 阈值0.300
[WARN] [1754141915.643256973] [solver_node]: 没有满足距离要求的解
[WARN] [1754141915.644085214] [solver_node]: 没有合适的解，不发布TF变换
[INFO] [1754141915.706809579] [solver_node]: 收到5个激光点，处理后5个有效点
[INFO] [1754141915.754624997] [solver_node]: 当前位置: x=-7.404, y=-0.204, angle=1.827
[INFO] [1754141915.761383345] [solver_node]: 激光距离数据: [ 0.635  4.335 10.356  0.251  1.42 ]
[INFO] [1754141915.775945757] [solver_node]: 求解器返回 1 个解
[INFO] [1754141915.784310985] [solver_node]: 无效解: x=1.525, y=2.858, 距离=9.440 > 阈值0.300
[WARN] [1754141915.785278429] [solver_node]: 没有满足距离要求的解
[WARN] [1754141915.786090510] [solver_node]: 没有合适的解，不发布TF变换
[INFO] [1754141915.818678702] [solver_node]: 收到5个激光点，处理后5个有效点
[INFO] [1754141915.830973868] [solver_node]: 当前位置: x=-7.405, y=-0.208, angle=1.828
[INFO] [1754141915.834144557] [solver_node]: 激光距离数据: [ 0.64   4.335 10.356  0.249  1.42 ]
[INFO] [1754141915.862451669] [solver_node]: 求解器返回 1 个解
[INFO] [1754141915.865739865] [solver_node]: 无效解: x=1.529, y=2.855, 距离=9.445 > 阈值0.300
[WARN] [1754141915.868017799] [solver_node]: 没有满足距离要求的解
[WARN] [1754141915.870221781] [solver_node]: 没有合适的解，不发布TF变换
[INFO] [1754141915.901757759] [solver_node]: 收到5个激光点，处理后5个有效点
[INFO] [1754141915.912965990] [solver_node]: 当前位置: x=-7.418, y=-0.213, angle=1.827
[INFO] [1754141915.927899674] [solver_node]: 激光距离数据: [ 0.644  4.335 10.42   0.248  1.42 ]
[INFO] [1754141915.974267670] [solver_node]: 求解器返回 1 个解
[INFO] [1754141915.987077471] [solver_node]: 无效解: x=1.529, y=2.858, 距离=9.460 > 阈值0.300
[WARN] [1754141915.992559440] [solver_node]: 没有满足距离要求的解
[WARN] [1754141916.006585969] [solver_node]: 没有合适的解，不发布TF变换
[INFO] [1754141916.013030581] [solver_node]: 收到5个激光点，处理后5个有效点
[INFO] [1754141916.039179920] [solver_node]: 当前位置: x=-7.408, y=-0.203, angle=1.826
[INFO] [1754141916.041202937] [solver_node]: 激光距离数据: [ 0.644  4.335 10.42   0.248  1.42 ]
[INFO] [1754141916.050223571] [solver_node]: 求解器返回 1 个解
[INFO] [1754141916.051033444] [solver_node]: 无效解: x=1.528, y=2.860, 距离=9.447 > 阈值0.300
[WARN] [1754141916.063445027] [solver_node]: 没有满足距离要求的解
[WARN] [1754141916.065702738] [solver_node]: 没有合适的解，不发布TF变换
[INFO] [1754141916.121999192] [solver_node]: 收到5个激光点，处理后5个有效点
[INFO] [1754141916.124785490] [solver_node]: 当前位置: x=-7.405, y=-0.211, angle=1.821
[INFO] [1754141916.146319853] [solver_node]: 激光距离数据: [ 0.646  4.335 10.42   0.248  1.42 ]
[INFO] [1754141916.157581525] [solver_node]: 求解器返回 1 个解
[INFO] [1754141916.165961473] [solver_node]: 无效解: x=1.521, y=2.873, 距离=9.444 > 阈值0.300
[WARN] [1754141916.168004267] [solver_node]: 没有满足距离要求的解
[WARN] [1754141916.169653709] [solver_node]: 没有合适的解，不发布TF变换
[INFO] [1754141916.202260428] [solver_node]: 收到5个激光点，处理后5个有效点
[INFO] [1754141916.208952886] [solver_node]: 当前位置: x=-7.404, y=-0.208, angle=1.821
[INFO] [1754141916.210841277] [solver_node]: 激光距离数据: [ 0.647  4.31  10.42   0.248  1.42 ]
[INFO] [1754141916.230209771] [solver_node]: 求解器返回 1 个解
[INFO] [1754141916.231017724] [solver_node]: 无效解: x=1.522, y=2.872, 距离=9.443 > 阈值0.300
[WARN] [1754141916.231790348] [solver_node]: 没有满足距离要求的解
[WARN] [1754141916.232555484] [solver_node]: 没有合适的解，不发布TF变换
[INFO] [1754141916.302914500] [solver_node]: 收到5个激光点，处理后5个有效点
[INFO] [1754141916.305856768] [solver_node]: 当前位置: x=-7.395, y=-0.208, angle=1.812
[INFO] [1754141916.308066158] [solver_node]: 激光距离数据: [ 0.647  4.31  10.42   0.248  1.42 ]
[INFO] [1754141916.335517987] [solver_node]: 求解器返回 1 个解
[INFO] [1754141916.336339636] [solver_node]: 无效解: x=1.509, y=2.894, 距离=9.429 > 阈值0.300
[WARN] [1754141916.381254384] [solver_node]: 没有满足距离要求的解
[WARN] [1754141916.382129826] [solver_node]: 没有合适的解，不发布TF变换
[INFO] [1754141916.405498691] [solver_node]: 收到5个激光点，处理后5个有效点
[INFO] [1754141916.415167658] [solver_node]: 当前位置: x=-7.389, y=-0.210, angle=1.797
[INFO] [1754141916.416947567] [solver_node]: 激光距离数据: [ 0.647  4.31  10.416  0.248  1.42 ]
[INFO] [1754141916.430947919] [solver_node]: 求解器返回 1 个解
[INFO] [1754141916.431755232] [solver_node]: 无效解: x=1.485, y=2.932, 距离=9.414 > 阈值0.300
[WARN] [1754141916.432932600] [solver_node]: 没有满足距离要求的解
[WARN] [1754141916.459511387] [solver_node]: 没有合适的解，不发布TF变换
[INFO] [1754141916.502917656] [solver_node]: 收到5个激光点，处理后5个有效点
[INFO] [1754141916.506116826] [solver_node]: 当前位置: x=-7.384, y=-0.212, angle=1.795
[INFO] [1754141916.516934521] [solver_node]: 激光距离数据: [ 0.647  4.31  10.416  0.248  1.42 ]
[INFO] [1754141916.530534065] [solver_node]: 求解器返回 1 个解
[INFO] [1754141916.531377346] [solver_node]: 无效解: x=1.483, y=2.936, 距离=9.409 > 阈值0.300
[WARN] [1754141916.537011830] [solver_node]: 没有满足距离要求的解
[WARN] [1754141916.537884584] [solver_node]: 没有合适的解，不发布TF变换
[INFO] [1754141916.602323670] [solver_node]: 收到5个激光点，处理后5个有效点
[INFO] [1754141916.609775696] [solver_node]: 当前位置: x=-7.385, y=-0.218, angle=1.787
[INFO] [1754141916.611191277] [solver_node]: 激光距离数据: [ 0.647  4.31  10.416  0.248  1.42 ]
[INFO] [1754141916.624665698] [solver_node]: 求解器返回 1 个解
[INFO] [1754141916.625489651] [solver_node]: 无效解: x=1.469, y=2.957, 距离=9.407 > 阈值0.300
[WARN] [1754141916.630185108] [solver_node]: 没有满足距离要求的解
[WARN] [1754141916.633771710] [solver_node]: 没有合适的解，不发布TF变换
[INFO] [1754141916.711289209] [solver_node]: 收到5个激光点，处理后5个有效点
[INFO] [1754141916.723207566] [solver_node]: 当前位置: x=-7.387, y=-0.214, angle=1.787
[INFO] [1754141916.724596715] [solver_node]: 激光距离数据: [ 0.647  4.307 10.416  0.248  1.42 ]
[INFO] [1754141916.768005224] [solver_node]: 求解器返回 1 个解
[INFO] [1754141916.769461670] [solver_node]: 无效解: x=1.469, y=2.957, 距离=9.407 > 阈值0.300
[WARN] [1754141916.772532614] [solver_node]: 没有满足距离要求的解
[WARN] [1754141916.773640156] [solver_node]: 没有合适的解，不发布TF变换
[INFO] [1754141916.805740401] [solver_node]: 收到5个激光点，处理后5个有效点
[INFO] [1754141916.817003065] [solver_node]: 当前位置: x=-7.386, y=-0.220, angle=1.786
[INFO] [1754141916.818905312] [solver_node]: 激光距离数据: [ 0.647  4.307 10.418  0.248  1.42 ]
[INFO] [1754141916.842903470] [solver_node]: 求解器返回 1 个解
[INFO] [1754141916.874832351] [solver_node]: 无效解: x=1.469, y=2.957, 距离=9.408 > 阈值0.300
[WARN] [1754141916.883727958] [solver_node]: 没有满足距离要求的解
[WARN] [1754141916.892090082] [solver_node]: 没有合适的解，不发布TF变换
[INFO] [1754141916.919250481] [solver_node]: 收到5个激光点，处理后5个有效点
[INFO] [1754141916.936109164] [solver_node]: 当前位置: x=-7.353, y=-0.216, angle=1.784
[INFO] [1754141916.947755388] [solver_node]: 激光距离数据: [ 0.647  4.307 10.418  0.248  1.42 ]
[INFO] [1754141916.985645384] [solver_node]: 求解器返回 1 个解
[INFO] [1754141916.986939138] [solver_node]: 无效解: x=1.466, y=2.962, 距离=9.374 > 阈值0.300
[WARN] [1754141916.987974424] [solver_node]: 没有满足距离要求的解
[WARN] [1754141916.988865610] [solver_node]: 没有合适的解，不发布TF变换
[INFO] [1754141917.001799540] [solver_node]: 收到5个激光点，处理后5个有效点
[INFO] [1754141917.011378393] [solver_node]: 当前位置: x=-7.369, y=-0.223, angle=1.784
[INFO] [1754141917.036061556] [solver_node]: 激光距离数据: [ 0.647  4.307 10.418  0.248  1.36 ]
[INFO] [1754141917.049151713] [solver_node]: 求解器返回 1 个解
[INFO] [1754141917.049983474] [solver_node]: 无效解: x=1.465, y=2.923, 距离=9.377 > 阈值0.300
[WARN] [1754141917.050762050] [solver_node]: 没有满足距离要求的解
[WARN] [1754141917.051618868] [solver_node]: 没有合适的解，不发布TF变换
[INFO] [1754141917.104072170] [solver_node]: 收到5个激光点，处理后5个有效点
[INFO] [1754141917.111415232] [solver_node]: 当前位置: x=-7.367, y=-0.223, angle=1.785
[INFO] [1754141917.124069124] [solver_node]: 激光距离数据: [ 0.647  4.312 10.418  0.248  1.36 ]
[INFO] [1754141917.132457265] [solver_node]: 求解器返回 1 个解
[INFO] [1754141917.147620616] [solver_node]: 无效解: x=1.466, y=2.922, 距离=9.376 > 阈值0.300
[WARN] [1754141917.159939173] [solver_node]: 没有满足距离要求的解
[WARN] [1754141917.160854936] [solver_node]: 没有合适的解，不发布TF变换
[INFO] [1754141917.211314309] [solver_node]: 收到5个激光点，处理后5个有效点
[INFO] [1754141917.215317623] [solver_node]: 当前位置: x=-7.381, y=-0.216, angle=1.786
[INFO] [1754141917.217969037] [solver_node]: 激光距离数据: [ 0.647  4.312 10.418  0.248  1.36 ]
[INFO] [1754141917.226187318] [solver_node]: 求解器返回 1 个解
[INFO] [1754141917.250244580] [solver_node]: 无效解: x=1.468, y=2.919, 距离=9.388 > 阈值0.300
[WARN] [1754141917.252779256] [solver_node]: 没有满足距离要求的解
[WARN] [1754141917.254558781] [solver_node]: 没有合适的解，不发布TF变换
[INFO] [1754141917.312147516] [solver_node]: 收到5个激光点，处理后5个有效点
[INFO] [1754141917.330146126] [solver_node]: 当前位置: x=-7.383, y=-0.221, angle=1.786
[INFO] [1754141917.332753699] [solver_node]: 激光距离数据: [ 0.647  4.312 10.419  0.248  1.36 ]
[INFO] [1754141917.350303404] [solver_node]: 求解器返回 1 个解
[INFO] [1754141917.352467256] [solver_node]: 无效解: x=1.468, y=2.919, 距离=9.391 > 阈值0.300
[WARN] [1754141917.354451329] [solver_node]: 没有满足距离要求的解
[WARN] [1754141917.356182949] [solver_node]: 没有合适的解，不发布TF变换
[INFO] [1754141917.421381888] [solver_node]: 收到5个激光点，处理后5个有效点
[INFO] [1754141917.432211935] [solver_node]: 当前位置: x=-7.380, y=-0.228, angle=1.786
[INFO] [1754141917.433886785] [solver_node]: 激光距离数据: [ 0.647  4.312 10.419  0.248  1.36 ]
[INFO] [1754141917.451234725] [solver_node]: 求解器返回 1 个解
[INFO] [1754141917.452356541] [solver_node]: 无效解: x=1.468, y=2.919, 距离=9.391 > 阈值0.300
[WARN] [1754141917.453767066] [solver_node]: 没有满足距离要求的解
[WARN] [1754141917.455382267] [solver_node]: 没有合适的解，不发布TF变换
[INFO] [1754141917.531937311] [solver_node]: 收到5个激光点，处理后5个有效点
[INFO] [1754141917.547372285] [solver_node]: 当前位置: x=-7.379, y=-0.225, angle=1.785
[INFO] [1754141917.550310841] [solver_node]: 激光距离数据: [ 0.647  4.312 10.419  0.248  1.36 ]
[INFO] [1754141917.585296776] [solver_node]: 求解器返回 1 个解
[INFO] [1754141917.586144505] [solver_node]: 无效解: x=1.467, y=2.921, 距离=9.388 > 阈值0.300
[WARN] [1754141917.588321862] [solver_node]: 没有满足距离要求的解
[WARN] [1754141917.603698114] [solver_node]: 没有合适的解，不发布TF变换
[INFO] [1754141917.617838148] [solver_node]: 收到5个激光点，处理后5个有效点
[INFO] [1754141917.634201204] [solver_node]: 当前位置: x=-7.392, y=-0.211, angle=1.787
[INFO] [1754141917.635432174] [solver_node]: 激光距离数据: [ 0.647  4.307 10.419  0.248  1.36 ]
[INFO] [1754141917.655823408] [solver_node]: 求解器返回 1 个解
[INFO] [1754141917.676282549] [solver_node]: 无效解: x=1.469, y=2.917, 距离=9.397 > 阈值0.300
[WARN] [1754141917.679188433] [solver_node]: 没有满足距离要求的解
[WARN] [1754141917.690381334] [solver_node]: 没有合适的解，不发布TF变换
[INFO] [1754141917.734271004] [solver_node]: 收到5个激光点，处理后5个有效点
[INFO] [1754141917.748246139] [solver_node]: 当前位置: x=-7.388, y=-0.214, angle=1.787
[INFO] [1754141917.752549332] [solver_node]: 激光距离数据: [ 0.647  4.307 10.419  0.248  1.36 ]
[INFO] [1754141917.794942203] [solver_node]: 求解器返回 1 个解
[INFO] [1754141917.796424313] [solver_node]: 无效解: x=1.469, y=2.917, 距离=9.395 > 阈值0.300
[WARN] [1754141917.797878999] [solver_node]: 没有满足距离要求的解
[WARN] [1754141917.803435625] [solver_node]: 没有合适的解，不发布TF变换
[INFO] [1754141917.805621654] [solver_node]: 收到5个激光点，处理后5个有效点
[INFO] [1754141917.812116699] [solver_node]: 当前位置: x=-7.393, y=-0.219, angle=1.787
[INFO] [1754141917.818196888] [solver_node]: 激光距离数据: [ 0.647  4.307 10.419  0.248  1.357]
[INFO] [1754141917.859895985] [solver_node]: 求解器返回 1 个解
[INFO] [1754141917.862044061] [solver_node]: 无效解: x=1.470, y=2.914, 距离=9.400 > 阈值0.300
[WARN] [1754141917.864146408] [solver_node]: 没有满足距离要求的解
[WARN] [1754141917.865913965] [solver_node]: 没有合适的解，不发布TF变换
[INFO] [1754141917.913963592] [solver_node]: 收到5个激光点，处理后5个有效点
[INFO] [1754141917.920975064] [solver_node]: 当前位置: x=-7.376, y=-0.229, angle=1.787
[INFO] [1754141917.931966969] [solver_node]: 激光距离数据: [ 0.647  4.307 10.419  0.248  1.357]
[INFO] [1754141917.968032638] [solver_node]: 求解器返回 1 个解
[INFO] [1754141917.976939093] [solver_node]: 无效解: x=1.469, y=2.915, 距离=9.387 > 阈值0.300
[WARN] [1754141917.980251737] [solver_node]: 没有满足距离要求的解
[WARN] [1754141917.982789678] [solver_node]: 没有合适的解，不发布TF变换
[INFO] [1754141918.002057497] [solver_node]: 收到5个激光点，处理后5个有效点
[INFO] [1754141918.013894380] [solver_node]: 当前位置: x=-7.376, y=-0.225, angle=1.785
[INFO] [1754141918.033779652] [solver_node]: 激光距离数据: [ 0.647  4.309 10.419  0.248  1.357]
[INFO] [1754141918.096578380] [solver_node]: 求解器返回 1 个解
[INFO] [1754141918.098353328] [solver_node]: 无效解: x=1.467, y=2.918, 距离=9.385 > 阈值0.300
[WARN] [1754141918.103355159] [solver_node]: 没有满足距离要求的解
[WARN] [1754141918.104698962] [solver_node]: 没有合适的解，不发布TF变换
[INFO] [1754141918.114794721] [solver_node]: 收到5个激光点，处理后5个有效点
[INFO] [1754141918.131392182] [solver_node]: 当前位置: x=-7.384, y=-0.221, angle=1.785
[INFO] [1754141918.133235579] [solver_node]: 激光距离数据: [ 0.647  4.309 10.419  0.248  1.357]
[INFO] [1754141918.179374957] [solver_node]: 求解器返回 1 个解
[INFO] [1754141918.181530554] [solver_node]: 无效解: x=1.467, y=2.918, 距离=9.391 > 阈值0.300
[WARN] [1754141918.191512006] [solver_node]: 没有满足距离要求的解
[WARN] [1754141918.199245893] [solver_node]: 没有合适的解，不发布TF变换
[INFO] [1754141918.213682125] [solver_node]: 收到5个激光点，处理后5个有效点
[INFO] [1754141918.221937110] [solver_node]: 当前位置: x=-7.383, y=-0.232, angle=1.787
[INFO] [1754141918.224169892] [solver_node]: 激光距离数据: [ 0.647  4.309 10.419  0.248  1.357]
[INFO] [1754141918.247169276] [solver_node]: 求解器返回 1 个解
[INFO] [1754141918.252575306] [solver_node]: 无效解: x=1.470, y=2.915, 距离=9.395 > 阈值0.300
[WARN] [1754141918.253594239] [solver_node]: 没有满足距离要求的解
[WARN] [1754141918.254743799] [solver_node]: 没有合适的解，不发布TF变换
[INFO] [1754141918.317729378] [solver_node]: 收到5个激光点，处理后5个有效点
[INFO] [1754141918.344141696] [solver_node]: 当前位置: x=-7.381, y=-0.219, angle=1.786
[INFO] [1754141918.354455092] [solver_node]: 激光距离数据: [ 0.647  4.309 10.419  0.248  1.357]
[INFO] [1754141918.369765229] [solver_node]: 求解器返回 1 个解
[INFO] [1754141918.403806792] [solver_node]: 无效解: x=1.468, y=2.917, 距离=9.388 > 阈值0.300
[WARN] [1754141918.407120619] [solver_node]: 没有满足距离要求的解
[WARN] [1754141918.409581310] [solver_node]: 没有合适的解，不发布TF变换
[INFO] [1754141918.411493189] [solver_node]: 收到5个激光点，处理后5个有效点
[INFO] [1754141918.429625113] [solver_node]: 当前位置: x=-7.385, y=-0.215, angle=1.786
[INFO] [1754141918.434149814] [solver_node]: 激光距离数据: [ 0.647  4.309 10.419  0.248  1.357]
[INFO] [1754141918.476194516] [solver_node]: 求解器返回 1 个解
[INFO] [1754141918.488525265] [solver_node]: 无效解: x=1.469, y=2.916, 距离=9.391 > 阈值0.300
[WARN] [1754141918.489482052] [solver_node]: 没有满足距离要求的解
[WARN] [1754141918.490269012] [solver_node]: 没有合适的解，不发布TF变换
[INFO] [1754141918.520714981] [solver_node]: 收到5个激光点，处理后5个有效点
[INFO] [1754141918.524218253] [solver_node]: 当前位置: x=-7.373, y=-0.208, angle=1.786
[INFO] [1754141918.526057330] [solver_node]: 激光距离数据: [ 0.647  4.312 10.419  0.248  1.357]
[INFO] [1754141918.546893470] [solver_node]: 求解器返回 1 个解
[INFO] [1754141918.554408408] [solver_node]: 无效解: x=1.468, y=2.916, 距离=9.377 > 阈值0.300
[WARN] [1754141918.556329375] [solver_node]: 没有满足距离要求的解
[WARN] [1754141918.557313235] [solver_node]: 没有合适的解，不发布TF变换
[INFO] [1754141918.607406294] [solver_node]: 收到5个激光点，处理后5个有效点
[INFO] [1754141918.611897491] [solver_node]: 当前位置: x=-7.392, y=-0.229, angle=1.787
[INFO] [1754141918.613541940] [solver_node]: 激光距离数据: [ 0.647  4.312 10.419  0.248  1.357]
[INFO] [1754141918.677406482] [solver_node]: 求解器返回 1 个解
[INFO] [1754141918.681484037] [solver_node]: 无效解: x=1.469, y=2.915, 距离=9.402 > 阈值0.300
[WARN] [1754141918.704974151] [solver_node]: 没有满足距离要求的解
[WARN] [1754141918.710153617] [solver_node]: 没有合适的解，不发布TF变换
[INFO] [1754141918.713898878] [solver_node]: 收到5个激光点，处理后5个有效点
[INFO] [1754141918.719686517] [solver_node]: 当前位置: x=-7.364, y=-0.209, angle=1.786
[INFO] [1754141918.733039399] [solver_node]: 激光距离数据: [ 0.647  4.312 10.419  0.248  1.357]
[INFO] [1754141918.770049629] [solver_node]: 求解器返回 1 个解
[INFO] [1754141918.770891215] [solver_node]: 无效解: x=1.469, y=2.916, 距离=9.369 > 阈值0.300
[WARN] [1754141918.785056945] [solver_node]: 没有满足距离要求的解
[WARN] [1754141918.788301044] [solver_node]: 没有合适的解，不发布TF变换
[INFO] [1754141918.803623918] [solver_node]: 收到5个激光点，处理后5个有效点
[INFO] [1754141918.844679384] [solver_node]: 当前位置: x=-7.361, y=-0.207, angle=1.786
[INFO] [1754141918.846196151] [solver_node]: 激光距离数据: [ 0.647  4.312 10.419  0.248  1.357]
[INFO] [1754141918.852598042] [solver_node]: 求解器返回 1 个解
[INFO] [1754141918.853422283] [solver_node]: 无效解: x=1.468, y=2.918, 距离=9.365 > 阈值0.300
[WARN] [1754141918.854217819] [solver_node]: 没有满足距离要求的解
[WARN] [1754141918.854982379] [solver_node]: 没有合适的解，不发布TF变换
[INFO] [1754141918.903735955] [solver_node]: 收到5个激光点，处理后5个有效点
[INFO] [1754141918.913568636] [solver_node]: 当前位置: x=-7.378, y=-0.203, angle=1.787
[INFO] [1754141918.925625268] [solver_node]: 激光距离数据: [ 0.647  4.311 10.419  0.248  1.357]
[INFO] [1754141918.932621347] [solver_node]: 求解器返回 1 个解
[INFO] [1754141918.933469716] [solver_node]: 无效解: x=1.471, y=2.913, 距离=9.381 > 阈值0.300
[WARN] [1754141918.934271685] [solver_node]: 没有满足距离要求的解
[WARN] [1754141918.935025076] [solver_node]: 没有合适的解，不发布TF变换
[INFO] [1754141919.013498525] [solver_node]: 收到5个激光点，处理后5个有效点
[INFO] [1754141919.038744354] [solver_node]: 当前位置: x=-7.386, y=-0.228, angle=1.787
[INFO] [1754141919.040922990] [solver_node]: 激光距离数据: [ 0.647  4.311 10.419  0.248  1.357]
[INFO] [1754141919.053748949] [solver_node]: 求解器返回 1 个解
[INFO] [1754141919.054604134] [solver_node]: 无效解: x=1.470, y=2.914, 距离=9.397 > 阈值0.300
[WARN] [1754141919.072757082] [solver_node]: 没有满足距离要求的解
[WARN] [1754141919.101291714] [solver_node]: 没有合适的解，不发布TF变换
[INFO] [1754141919.106974070] [solver_node]: 收到5个激光点，处理后5个有效点
[INFO] [1754141919.118345087] [solver_node]: 当前位置: x=-7.376, y=-0.226, angle=1.785
[INFO] [1754141919.119725019] [solver_node]: 激光距离数据: [ 0.647  4.311 10.419  0.248  1.357]
[INFO] [1754141919.126978960] [solver_node]: 求解器返回 1 个解
[INFO] [1754141919.127802273] [solver_node]: 无效解: x=1.467, y=2.919, 距离=9.386 > 阈值0.300
[WARN] [1754141919.128600305] [solver_node]: 没有满足距离要求的解
[WARN] [1754141919.129330080] [solver_node]: 没有合适的解，不发布TF变换
[INFO] [1754141919.208524917] [solver_node]: 收到5个激光点，处理后5个有效点
[INFO] [1754141919.216204434] [solver_node]: 当前位置: x=-7.377, y=-0.223, angle=1.786
[INFO] [1754141919.229822793] [solver_node]: 激光距离数据: [ 0.647  4.311 10.419  0.248  1.357]
[INFO] [1754141919.237005372] [solver_node]: 求解器返回 1 个解
[INFO] [1754141919.237848237] [solver_node]: 无效解: x=1.468, y=2.917, 距离=9.386 > 阈值0.300
[WARN] [1754141919.249815778] [solver_node]: 没有满足距离要求的解
[WARN] [1754141919.250741045] [solver_node]: 没有合适的解，不发布TF变换
[INFO] [1754141919.313008911] [solver_node]: 收到5个激光点，处理后5个有效点
[INFO] [1754141919.317057986] [solver_node]: 当前位置: x=-7.391, y=-0.216, angle=1.786
[INFO] [1754141919.318343581] [solver_node]: 激光距离数据: [ 0.647  4.311 10.419  0.248  1.357]
[INFO] [1754141919.334263554] [solver_node]: 求解器返回 1 个解
[INFO] [1754141919.342307943] [solver_node]: 无效解: x=1.468, y=2.917, 距离=9.397 > 阈值0.300
[WARN] [1754141919.344651735] [solver_node]: 没有满足距离要求的解
[WARN] [1754141919.345632171] [solver_node]: 没有合适的解，不发布TF变换
[INFO] [1754141919.411190025] [solver_node]: 收到5个激光点，处理后5个有效点
[INFO] [1754141919.418939399] [solver_node]: 当前位置: x=-7.377, y=-0.218, angle=1.786
[INFO] [1754141919.439954006] [solver_node]: 激光距离数据: [ 0.647  4.309 10.419  0.248  1.357]
[INFO] [1754141919.449316533] [solver_node]: 求解器返回 1 个解
[INFO] [1754141919.457116373] [solver_node]: 无效解: x=1.468, y=2.917, 距离=9.384 > 阈值0.300
[WARN] [1754141919.458318573] [solver_node]: 没有满足距离要求的解
[WARN] [1754141919.459389283] [solver_node]: 没有合适的解，不发布TF变换
[INFO] [1754141919.525039651] [solver_node]: 收到5个激光点，处理后5个有效点
[INFO] [1754141919.547264554] [solver_node]: 当前位置: x=-7.371, y=-0.225, angle=1.787
[INFO] [1754141919.548810474] [solver_node]: 激光距离数据: [ 0.647  4.309 10.419  0.248  1.357]
[INFO] [1754141919.556446854] [solver_node]: 求解器返回 1 个解
[INFO] [1754141919.584241439] [solver_node]: 无效解: x=1.469, y=2.915, 距离=9.382 > 阈值0.300
[WARN] [1754141919.585266644] [solver_node]: 没有满足距离要求的解
[WARN] [1754141919.586083556] [solver_node]: 没有合适的解，不发布TF变换
[INFO] [1754141919.619677044] [solver_node]: 收到5个激光点，处理后5个有效点
[INFO] [1754141919.624068782] [solver_node]: 当前位置: x=-7.372, y=-0.230, angle=1.786
[INFO] [1754141919.634807850] [solver_node]: 激光距离数据: [ 0.647  4.309 10.419  0.248  1.357]
[INFO] [1754141919.682917442] [solver_node]: 求解器返回 1 个解
[INFO] [1754141919.683779668] [solver_node]: 无效解: x=1.468, y=2.917, 距离=9.384 > 阈值0.300
[WARN] [1754141919.684666662] [solver_node]: 没有满足距离要求的解
[WARN] [1754141919.685470519] [solver_node]: 没有合适的解，不发布TF变换
[INFO] [1754141919.702340272] [solver_node]: 收到5个激光点，处理后5个有效点
[INFO] [1754141919.708759315] [solver_node]: 当前位置: x=-7.384, y=-0.224, angle=1.786
[INFO] [1754141919.710066638] [solver_node]: 激光距离数据: [ 0.647  4.309 10.419  0.248  1.357]
[INFO] [1754141919.729966885] [solver_node]: 求解器返回 1 个解
[INFO] [1754141919.734008568] [solver_node]: 无效解: x=1.468, y=2.917, 距离=9.393 > 阈值0.300
[WARN] [1754141919.736317639] [solver_node]: 没有满足距离要求的解
[WARN] [1754141919.738936189] [solver_node]: 没有合适的解，不发布TF变换
[INFO] [1754141919.806240734] [solver_node]: 收到5个激光点，处理后5个有效点
[INFO] [1754141919.813799385] [solver_node]: 当前位置: x=-7.385, y=-0.215, angle=1.785
[INFO] [1754141919.841428143] [solver_node]: 激光距离数据: [ 0.647  4.307 10.419  0.248  1.357]
[INFO] [1754141919.867065115] [solver_node]: 求解器返回 1 个解
[INFO] [1754141919.867956686] [solver_node]: 无效解: x=1.467, y=2.918, 距离=9.391 > 阈值0.300
[WARN] [1754141919.868825279] [solver_node]: 没有满足距离要求的解
[WARN] [1754141919.869756338] [solver_node]: 没有合适的解，不发布TF变换
[INFO] [1754141919.912239064] [solver_node]: 收到5个激光点，处理后5个有效点
[INFO] [1754141919.930573647] [solver_node]: 当前位置: x=-7.383, y=-0.218, angle=1.786
[INFO] [1754141919.941226057] [solver_node]: 激光距离数据: [ 0.647  4.307 10.419  0.248  1.363]
[INFO] [1754141919.966113991] [solver_node]: 求解器返回 1 个解
[INFO] [1754141919.969089796] [solver_node]: 无效解: x=1.468, y=2.921, 距离=9.391 > 阈值0.300
[WARN] [1754141919.976435354] [solver_node]: 没有满足距离要求的解
[WARN] [1754141920.001071378] [solver_node]: 没有合适的解，不发布TF变换
[INFO] [1754141920.014331745] [solver_node]: 收到5个激光点，处理后5个有效点
[INFO] [1754141920.018910559] [solver_node]: 当前位置: x=-7.379, y=-0.206, angle=1.785
[INFO] [1754141920.020158904] [solver_node]: 激光距离数据: [ 0.647  4.307 10.418  0.248  1.363]
[INFO] [1754141920.059921604] [solver_node]: 求解器返回 1 个解
[INFO] [1754141920.062063856] [solver_node]: 无效解: x=1.467, y=2.922, 距离=9.383 > 阈值0.300
[WARN] [1754141920.062995523] [solver_node]: 没有满足距离要求的解
[WARN] [1754141920.063992376] [solver_node]: 没有合适的解，不发布TF变换
[INFO] [1754141920.108215231] [solver_node]: 收到5个激光点，处理后5个有效点
[INFO] [1754141920.125961034] [solver_node]: 当前位置: x=-7.396, y=-0.216, angle=1.786
[INFO] [1754141920.129070761] [solver_node]: 激光距离数据: [ 0.647  4.307 10.418  0.248  1.363]
[INFO] [1754141920.183486849] [solver_node]: 求解器返回 1 个解
[INFO] [1754141920.184434452] [solver_node]: 无效解: x=1.469, y=2.920, 距离=9.403 > 阈值0.300
[WARN] [1754141920.190111688] [solver_node]: 没有满足距离要求的解
[WARN] [1754141920.202676393] [solver_node]: 没有合适的解，不发布TF变换
[INFO] [1754141920.214200212] [solver_node]: 收到5个激光点，处理后5个有效点
[INFO] [1754141920.235238306] [solver_node]: 当前位置: x=-7.386, y=-0.218, angle=1.787
[INFO] [1754141920.237270412] [solver_node]: 激光距离数据: [ 0.647  4.307 10.418  0.248  1.363]
[INFO] [1754141920.253968641] [solver_node]: 求解器返回 1 个解
[INFO] [1754141920.254795762] [solver_node]: 无效解: x=1.469, y=2.919, 距离=9.395 > 阈值0.300
[WARN] [1754141920.266232347] [solver_node]: 没有满足距离要求的解
[WARN] [1754141920.286631484] [solver_node]: 没有合适的解，不发布TF变换
[INFO] [1754141920.314560119] [solver_node]: 收到5个激光点，处理后5个有效点
[INFO] [1754141920.322075088] [solver_node]: 当前位置: x=-7.375, y=-0.216, angle=1.786
[INFO] [1754141920.324008440] [solver_node]: 激光距离数据: [ 0.647  4.312 10.418  0.248  1.363]
[INFO] [1754141920.351895121] [solver_node]: 求解器返回 1 个解
[INFO] [1754141920.353465841] [solver_node]: 无效解: x=1.469, y=2.920, 距离=9.384 > 阈值0.300
[WARN] [1754141920.354370404] [solver_node]: 没有满足距离要求的解
[WARN] [1754141920.355146996] [solver_node]: 没有合适的解，不发布TF变换
[INFO] [1754141920.404777610] [solver_node]: 收到5个激光点，处理后5个有效点
[INFO] [1754141920.418795208] [solver_node]: 当前位置: x=-7.371, y=-0.229, angle=1.785
[INFO] [1754141920.420223493] [solver_node]: 激光距离数据: [ 0.647  4.312 10.418  0.248  1.363]
[INFO] [1754141920.426968175] [solver_node]: 求解器返回 1 个解
[INFO] [1754141920.427776992] [solver_node]: 无效解: x=1.467, y=2.922, 距离=9.383 > 阈值0.300
[WARN] [1754141920.428694194] [solver_node]: 没有满足距离要求的解
[WARN] [1754141920.429460674] [solver_node]: 没有合适的解，不发布TF变换
[INFO] [1754141920.514123556] [solver_node]: 收到5个激光点，处理后5个有效点
[INFO] [1754141920.522248842] [solver_node]: 当前位置: x=-7.377, y=-0.215, angle=1.785
[INFO] [1754141920.523767305] [solver_node]: 激光距离数据: [ 0.647  4.312 10.418  0.248  1.363]
[INFO] [1754141920.552469171] [solver_node]: 求解器返回 1 个解
[INFO] [1754141920.595459105] [solver_node]: 无效解: x=1.467, y=2.922, 距离=9.385 > 阈值0.300
[WARN] [1754141920.601912357] [solver_node]: 没有满足距离要求的解
[WARN] [1754141920.602933978] [solver_node]: 没有合适的解，不发布TF变换
[INFO] [1754141920.623746531] [solver_node]: 收到5个激光点，处理后5个有效点
[INFO] [1754141920.636876559] [solver_node]: 当前位置: x=-7.385, y=-0.220, angle=1.786
[INFO] [1754141920.639384643] [solver_node]: 激光距离数据: [ 0.647  4.312 10.418  0.248  1.363]
[INFO] [1754141920.678372735] [solver_node]: 求解器返回 1 个解
[INFO] [1754141920.680292358] [solver_node]: 无效解: x=1.469, y=2.920, 距离=9.394 > 阈值0.300
[WARN] [1754141920.681152920] [solver_node]: 没有满足距离要求的解
[WARN] [1754141920.681919879] [solver_node]: 没有合适的解，不发布TF变换
[INFO] [1754141920.730529961] [solver_node]: 收到5个激光点，处理后5个有效点
[INFO] [1754141920.734240244] [solver_node]: 当前位置: x=-7.388, y=-0.220, angle=1.787
[INFO] [1754141920.735436461] [solver_node]: 激光距离数据: [ 0.647  4.308 10.418  0.248  1.363]
[INFO] [1754141920.793833558] [solver_node]: 求解器返回 1 个解
[INFO] [1754141920.798327186] [solver_node]: 无效解: x=1.469, y=2.919, 距离=9.397 > 阈值0.300
[WARN] [1754141920.803833602] [solver_node]: 没有满足距离要求的解
[WARN] [1754141920.805842379] [solver_node]: 没有合适的解，不发布TF变换
[INFO] [1754141920.814992710] [solver_node]: 收到5个激光点，处理后5个有效点
[INFO] [1754141920.828445209] [solver_node]: 当前位置: x=-7.378, y=-0.215, angle=1.785
[INFO] [1754141920.832002658] [solver_node]: 激光距离数据: [ 0.647  4.308 10.418  0.248  1.363]
[INFO] [1754141920.878716540] [solver_node]: 求解器返回 1 个解
[INFO] [1754141920.879530029] [solver_node]: 无效解: x=1.467, y=2.923, 距离=9.385 > 阈值0.300
[WARN] [1754141920.880962154] [solver_node]: 没有满足距离要求的解
[WARN] [1754141920.881750586] [solver_node]: 没有合适的解，不发布TF变换
[INFO] [1754141920.910551622] [solver_node]: 收到5个激光点，处理后5个有效点
[INFO] [1754141920.923686931] [solver_node]: 当前位置: x=-7.383, y=-0.214, angle=1.785
[INFO] [1754141920.934386445] [solver_node]: 激光距离数据: [ 0.647  4.308 10.418  0.248  1.363]
[INFO] [1754141920.972790846] [solver_node]: 求解器返回 1 个解
[INFO] [1754141920.973683728] [solver_node]: 无效解: x=1.467, y=2.923, 距离=9.389 > 阈值0.300
[WARN] [1754141920.974476800] [solver_node]: 没有满足距离要求的解
[WARN] [1754141920.988196056] [solver_node]: 没有合适的解，不发布TF变换
[INFO] [1754141921.006793684] [solver_node]: 收到5个激光点，处理后5个有效点
[INFO] [1754141921.009469899] [solver_node]: 当前位置: x=-7.377, y=-0.227, angle=1.785
[INFO] [1754141921.010767717] [solver_node]: 激光距离数据: [ 0.647  4.308 10.417  0.248  1.363]
[INFO] [1754141921.044491797] [solver_node]: 求解器返回 1 个解
[INFO] [1754141921.050368845] [solver_node]: 无效解: x=1.466, y=2.924, 距离=9.388 > 阈值0.300
[WARN] [1754141921.051497540] [solver_node]: 没有满足距离要求的解
[WARN] [1754141921.060203253] [solver_node]: 没有合适的解，不发布TF变换
[INFO] [1754141921.110745084] [solver_node]: 收到5个激光点，处理后5个有效点
[INFO] [1754141921.139402148] [solver_node]: 当前位置: x=-7.374, y=-0.220, angle=1.786
[INFO] [1754141921.159024533] [solver_node]: 激光距离数据: [ 0.647  4.308 10.417  0.248  1.363]
[INFO] [1754141921.170673666] [solver_node]: 求解器返回 1 个解
[INFO] [1754141921.171509203] [solver_node]: 无效解: x=1.468, y=2.920, 距离=9.384 > 阈值0.300
[WARN] [1754141921.172268131] [solver_node]: 没有满足距离要求的解
[WARN] [1754141921.173078195] [solver_node]: 没有合适的解，不发布TF变换
[INFO] [1754141921.201595385] [solver_node]: 收到5个激光点，处理后5个有效点
[INFO] [1754141921.227186050] [solver_node]: 当前位置: x=-7.375, y=-0.216, angle=1.786
[INFO] [1754141921.229591699] [solver_node]: 激光距离数据: [ 0.647  4.311 10.417  0.248  1.363]
[INFO] [1754141921.238322310] [solver_node]: 求解器返回 1 个解
[INFO] [1754141921.239138742] [solver_node]: 无效解: x=1.469, y=2.920, 距离=9.383 > 阈值0.300
[WARN] [1754141921.239914374] [solver_node]: 没有满足距离要求的解
[WARN] [1754141921.247793575] [solver_node]: 没有合适的解，不发布TF变换
[INFO] [1754141921.313653990] [solver_node]: 收到5个激光点，处理后5个有效点
[INFO] [1754141921.317955549] [solver_node]: 当前位置: x=-7.384, y=-0.205, angle=1.786
[INFO] [1754141921.319166486] [solver_node]: 激光距离数据: [ 0.647  4.311 10.417  0.248  1.363]
[INFO] [1754141921.332680586] [solver_node]: 求解器返回 1 个解
[INFO] [1754141921.333544507] [solver_node]: 无效解: x=1.468, y=2.921, 距离=9.388 > 阈值0.300
[WARN] [1754141921.334344396] [solver_node]: 没有满足距离要求的解
[WARN] [1754141921.335120059] [solver_node]: 没有合适的解，不发布TF变换
[INFO] [1754141921.418585377] [solver_node]: 收到5个激光点，处理后5个有效点
[INFO] [1754141921.442522441] [solver_node]: 当前位置: x=-7.386, y=-0.219, angle=1.785
[INFO] [1754141921.462303325] [solver_node]: 激光距离数据: [ 0.647  4.311 10.417  0.248  1.363]
[INFO] [1754141921.500675371] [solver_node]: 求解器返回 1 个解
[INFO] [1754141921.503471396] [solver_node]: 无效解: x=1.467, y=2.923, 距离=9.393 > 阈值0.300
[WARN] [1754141921.519661390] [solver_node]: 没有满足距离要求的解
[WARN] [1754141921.520944201] [solver_node]: 没有合适的解，不发布TF变换
[INFO] [1754141921.535863641] [solver_node]: 收到5个激光点，处理后5个有效点
[INFO] [1754141921.559507419] [solver_node]: 当前位置: x=-7.380, y=-0.226, angle=1.786
[INFO] [1754141921.587449301] [solver_node]: 激光距离数据: [ 0.647  4.311 10.417  0.248  1.363]
[INFO] [1754141921.605956558] [solver_node]: 求解器返回 1 个解
[INFO] [1754141921.606863777] [solver_node]: 无效解: x=1.467, y=2.922, 距离=9.391 > 阈值0.300
[WARN] [1754141921.607707602] [solver_node]: 没有满足距离要求的解
[WARN] [1754141921.608577060] [solver_node]: 没有合适的解，不发布TF变换
[INFO] [1754141921.609692506] [solver_node]: 收到5个激光点，处理后5个有效点
[INFO] [1754141921.624136961] [solver_node]: 当前位置: x=-7.376, y=-0.227, angle=1.786
[INFO] [1754141921.633542561] [solver_node]: 激光距离数据: [ 0.647  4.31  10.417  0.248  1.363]
[INFO] [1754141921.680984488] [solver_node]: 求解器返回 1 个解
[INFO] [1754141921.701779504] [solver_node]: 无效解: x=1.469, y=2.920, 距离=9.388 > 阈值0.300
[WARN] [1754141921.713845862] [solver_node]: 没有满足距离要求的解
[WARN] [1754141921.716084244] [solver_node]: 没有合适的解，不发布TF变换
