[INFO] [1754305843.641220898] [solver_node]: [PerpendicularDistanceLocalizer] 激光配置 详细内容: 列表长度: 5
[INFO] [1754305843.642656059] [solver_node]: [PerpendicularDistanceLocalizer] 激光配置[0]: ((0.37685, 1.56608), 1.5708)
[INFO] [1754305843.643462922] [solver_node]: [PerpendicularDistanceLocalizer] 激光配置[1]: ((0.37685, -1.56608), -1.5708)
[INFO] [1754305843.644180823] [solver_node]: [PerpendicularDistanceLocalizer] 激光配置[2]: ((0.37645, 0.47385), 0.0)
[INFO] [1754305843.644859651] [solver_node]: [PerpendicularDistanceLocalizer] 激光配置[3]: ((0.37771, 2.42478), 3.14159)
[INFO] [1754305843.645579536] [solver_node]: [PerpendicularDistanceLocalizer] 激光配置[4]: ((0.37771, -2.42478), 3.14159)
[INFO] [1754305843.646584578] [solver_node]: [PerpendicularDistanceLocalizer] 前束索引: [2], 后束索引: [3, 4]
[INFO] [1754305843.647405905] [solver_node]: [PerpendicularDistanceLocalizer] 左束索引: [0], 右束索引: [1]
[INFO] [1754305843.648804938] [solver_node]: [PerpendicularDistanceLocalizer] h_values: [0.37684581 0.37684581 0.33497201 0.28475693 0.28475693]
[INFO] [1754305843.649914174] [solver_node]: [PerpendicularDistanceLocalizer] 垂直距离定位器已初始化，需要调用calibrate()方法进行标定
[INFO] [1754305843.663784344] [solver_node]: SolverNode启动，进入初始化阶段...
[INFO] [1754305843.671085915] [solver_node]: 标定数据收集进度: 1/500
[INFO] [1754305843.679662741] [solver_node]: 标定数据收集进度: 2/500
[INFO] [1754305843.695518451] [solver_node]: 标定数据收集进度: 3/500
[INFO] [1754305843.699514618] [solver_node]: 标定数据收集进度: 4/500
[INFO] [1754305843.709784787] [solver_node]: 标定数据收集进度: 5/500
[INFO] [1754305843.721072542] [solver_node]: 标定数据收集进度: 6/500
[INFO] [1754305843.730405702] [solver_node]: 标定数据收集进度: 7/500
[INFO] [1754305843.740393082] [solver_node]: 标定数据收集进度: 8/500
[INFO] [1754305843.751772295] [solver_node]: 标定数据收集进度: 9/500
[INFO] [1754305843.762035871] [solver_node]: 标定数据收集进度: 10/500
[INFO] [1754305843.770340021] [solver_node]: 标定数据收集进度: 11/500
[INFO] [1754305843.782095880] [solver_node]: 标定数据收集进度: 12/500
[INFO] [1754305843.789632912] [solver_node]: 标定数据收集进度: 13/500
[INFO] [1754305843.799864328] [solver_node]: 标定数据收集进度: 14/500
[INFO] [1754305843.810972848] [solver_node]: 标定数据收集进度: 15/500
[INFO] [1754305843.821126438] [solver_node]: 标定数据收集进度: 16/500
[INFO] [1754305843.834896830] [solver_node]: 标定数据收集进度: 17/500
[INFO] [1754305843.839796950] [solver_node]: 标定数据收集进度: 18/500
[INFO] [1754305843.849992206] [solver_node]: 标定数据收集进度: 19/500
[INFO] [1754305843.860851025] [solver_node]: 标定数据收集进度: 20/500
[INFO] [1754305843.869965013] [solver_node]: 标定数据收集进度: 21/500
[INFO] [1754305843.879902824] [solver_node]: 标定数据收集进度: 22/500
[INFO] [1754305843.889777689] [solver_node]: 标定数据收集进度: 23/500
[INFO] [1754305843.899515977] [solver_node]: 标定数据收集进度: 24/500
[INFO] [1754305843.910061382] [solver_node]: 标定数据收集进度: 25/500
[INFO] [1754305843.920922570] [solver_node]: 标定数据收集进度: 26/500
[INFO] [1754305843.930541687] [solver_node]: 标定数据收集进度: 27/500
[INFO] [1754305843.940279398] [solver_node]: 标定数据收集进度: 28/500
[INFO] [1754305843.950019733] [solver_node]: 标定数据收集进度: 29/500
[INFO] [1754305843.959811813] [solver_node]: 标定数据收集进度: 30/500
[INFO] [1754305843.970284130] [solver_node]: 标定数据收集进度: 31/500
[INFO] [1754305843.982974662] [solver_node]: 标定数据收集进度: 32/500
[INFO] [1754305843.990256809] [solver_node]: 标定数据收集进度: 33/500
[INFO] [1754305843.999600369] [solver_node]: 标定数据收集进度: 34/500
[INFO] [1754305844.009977964] [solver_node]: 标定数据收集进度: 35/500
[INFO] [1754305844.022255369] [solver_node]: 标定数据收集进度: 36/500
[INFO] [1754305844.030250424] [solver_node]: 标定数据收集进度: 37/500
[INFO] [1754305844.040085257] [solver_node]: 标定数据收集进度: 38/500
[INFO] [1754305844.050191199] [solver_node]: 标定数据收集进度: 39/500
[INFO] [1754305844.059562887] [solver_node]: 标定数据收集进度: 40/500
[INFO] [1754305844.069940769] [solver_node]: 标定数据收集进度: 41/500
[INFO] [1754305844.081518706] [solver_node]: 标定数据收集进度: 42/500
[INFO] [1754305844.091929197] [solver_node]: 标定数据收集进度: 43/500
[INFO] [1754305844.100058783] [solver_node]: 标定数据收集进度: 44/500
[INFO] [1754305844.113272172] [solver_node]: 标定数据收集进度: 45/500
[INFO] [1754305844.119862243] [solver_node]: 标定数据收集进度: 46/500
[INFO] [1754305844.130009305] [solver_node]: 标定数据收集进度: 47/500
[INFO] [1754305844.139668615] [solver_node]: 标定数据收集进度: 48/500
[INFO] [1754305844.151308088] [solver_node]: 标定数据收集进度: 49/500
[INFO] [1754305844.161798388] [solver_node]: 标定数据收集进度: 50/500
[INFO] [1754305844.169634113] [solver_node]: 标定数据收集进度: 51/500
[INFO] [1754305844.179688438] [solver_node]: 标定数据收集进度: 52/500
[INFO] [1754305844.189647177] [solver_node]: 标定数据收集进度: 53/500
[INFO] [1754305844.200072388] [solver_node]: 标定数据收集进度: 54/500
[INFO] [1754305844.210287100] [solver_node]: 标定数据收集进度: 55/500
[INFO] [1754305844.222130928] [solver_node]: 标定数据收集进度: 56/500
[INFO] [1754305844.230615049] [solver_node]: 标定数据收集进度: 57/500
[INFO] [1754305844.241058885] [solver_node]: 标定数据收集进度: 58/500
[INFO] [1754305844.249978949] [solver_node]: 标定数据收集进度: 59/500
[INFO] [1754305844.262380772] [solver_node]: 标定数据收集进度: 60/500
[INFO] [1754305844.269924363] [solver_node]: 标定数据收集进度: 61/500
[INFO] [1754305844.279884094] [solver_node]: 标定数据收集进度: 62/500
[INFO] [1754305844.289958995] [solver_node]: 标定数据收集进度: 63/500
[INFO] [1754305844.303076415] [solver_node]: 标定数据收集进度: 64/500
[INFO] [1754305844.311119856] [solver_node]: 标定数据收集进度: 65/500
[INFO] [1754305844.321858417] [solver_node]: 标定数据收集进度: 66/500
[INFO] [1754305844.331050934] [solver_node]: 标定数据收集进度: 67/500
[INFO] [1754305844.339596399] [solver_node]: 标定数据收集进度: 68/500
[INFO] [1754305844.350740024] [solver_node]: 标定数据收集进度: 69/500
[INFO] [1754305844.361003088] [solver_node]: 标定数据收集进度: 70/500
[INFO] [1754305844.370041618] [solver_node]: 标定数据收集进度: 71/500
[INFO] [1754305844.379789858] [solver_node]: 标定数据收集进度: 72/500
[INFO] [1754305844.390253822] [solver_node]: 标定数据收集进度: 73/500
[INFO] [1754305844.400419316] [solver_node]: 标定数据收集进度: 74/500
[INFO] [1754305844.411617598] [solver_node]: 标定数据收集进度: 75/500
[INFO] [1754305844.420770882] [solver_node]: 标定数据收集进度: 76/500
[INFO] [1754305844.430583762] [solver_node]: 标定数据收集进度: 77/500
[INFO] [1754305844.440207519] [solver_node]: 标定数据收集进度: 78/500
[INFO] [1754305844.449831532] [solver_node]: 标定数据收集进度: 79/500
[INFO] [1754305844.459863905] [solver_node]: 标定数据收集进度: 80/500
[INFO] [1754305844.469971510] [solver_node]: 标定数据收集进度: 81/500
[INFO] [1754305844.480351633] [solver_node]: 标定数据收集进度: 82/500
[INFO] [1754305844.490067167] [solver_node]: 标定数据收集进度: 83/500
[INFO] [1754305844.499829551] [solver_node]: 标定数据收集进度: 84/500
[INFO] [1754305844.511956329] [solver_node]: 标定数据收集进度: 85/500
[INFO] [1754305844.520124508] [solver_node]: 标定数据收集进度: 86/500
[INFO] [1754305844.530071438] [solver_node]: 标定数据收集进度: 87/500
[INFO] [1754305844.541092308] [solver_node]: 标定数据收集进度: 88/500
[INFO] [1754305844.549931859] [solver_node]: 标定数据收集进度: 89/500
[INFO] [1754305844.559634242] [solver_node]: 标定数据收集进度: 90/500
[INFO] [1754305844.569569748] [solver_node]: 标定数据收集进度: 91/500
[INFO] [1754305844.579968687] [solver_node]: 标定数据收集进度: 92/500
[INFO] [1754305844.589810784] [solver_node]: 标定数据收集进度: 93/500
[INFO] [1754305844.600163450] [solver_node]: 标定数据收集进度: 94/500
[INFO] [1754305844.609800839] [solver_node]: 标定数据收集进度: 95/500
[INFO] [1754305844.622184678] [solver_node]: 标定数据收集进度: 96/500
[INFO] [1754305844.629915025] [solver_node]: 标定数据收集进度: 97/500
[INFO] [1754305844.640777012] [solver_node]: 标定数据收集进度: 98/500
[INFO] [1754305844.649866679] [solver_node]: 标定数据收集进度: 99/500
[INFO] [1754305844.660855325] [solver_node]: 标定数据收集进度: 100/500
[INFO] [1754305844.670658189] [solver_node]: 标定数据收集进度: 101/500
[INFO] [1754305844.681405102] [solver_node]: 标定数据收集进度: 102/500
[INFO] [1754305844.691620806] [solver_node]: 标定数据收集进度: 103/500
[INFO] [1754305844.699916571] [solver_node]: 标定数据收集进度: 104/500
[INFO] [1754305844.711709167] [solver_node]: 标定数据收集进度: 105/500
[INFO] [1754305844.724770329] [solver_node]: 标定数据收集进度: 106/500
[INFO] [1754305844.729891221] [solver_node]: 标定数据收集进度: 107/500
[INFO] [1754305844.741057790] [solver_node]: 标定数据收集进度: 108/500
[INFO] [1754305844.750070976] [solver_node]: 标定数据收集进度: 109/500
[INFO] [1754305844.760009267] [solver_node]: 标定数据收集进度: 110/500
[INFO] [1754305844.770498703] [solver_node]: 标定数据收集进度: 111/500
[INFO] [1754305844.782513831] [solver_node]: 标定数据收集进度: 112/500
[INFO] [1754305844.792558555] [solver_node]: 标定数据收集进度: 113/500
[INFO] [1754305844.804389104] [solver_node]: 标定数据收集进度: 114/500
[INFO] [1754305844.811443279] [solver_node]: 标定数据收集进度: 115/500
[INFO] [1754305844.821107292] [solver_node]: 标定数据收集进度: 116/500
[INFO] [1754305844.831475447] [solver_node]: 标定数据收集进度: 117/500
[INFO] [1754305844.841403945] [solver_node]: 标定数据收集进度: 118/500
[INFO] [1754305844.850406827] [solver_node]: 标定数据收集进度: 119/500
[INFO] [1754305844.859890933] [solver_node]: 标定数据收集进度: 120/500
[INFO] [1754305844.871402884] [solver_node]: 标定数据收集进度: 121/500
[INFO] [1754305844.879579639] [solver_node]: 标定数据收集进度: 122/500
[INFO] [1754305844.889688813] [solver_node]: 标定数据收集进度: 123/500
[INFO] [1754305844.901496737] [solver_node]: 标定数据收集进度: 124/500
[INFO] [1754305844.910010138] [solver_node]: 标定数据收集进度: 125/500
[INFO] [1754305844.919819434] [solver_node]: 标定数据收集进度: 126/500
[INFO] [1754305844.934793912] [solver_node]: 标定数据收集进度: 127/500
[INFO] [1754305844.942157436] [solver_node]: 标定数据收集进度: 128/500
[INFO] [1754305844.950812535] [solver_node]: 标定数据收集进度: 129/500
[INFO] [1754305844.961571961] [solver_node]: 标定数据收集进度: 130/500
[INFO] [1754305844.971724495] [solver_node]: 标定数据收集进度: 131/500
[INFO] [1754305844.982105162] [solver_node]: 标定数据收集进度: 132/500
[INFO] [1754305844.990039416] [solver_node]: 标定数据收集进度: 133/500
[INFO] [1754305845.000105549] [solver_node]: 标定数据收集进度: 134/500
[INFO] [1754305845.010392646] [solver_node]: 标定数据收集进度: 135/500
[INFO] [1754305845.030293259] [solver_node]: 标定数据收集进度: 136/500
[INFO] [1754305845.036468890] [solver_node]: 标定数据收集进度: 137/500
[INFO] [1754305845.040892425] [solver_node]: 标定数据收集进度: 138/500
[INFO] [1754305845.049843082] [solver_node]: 标定数据收集进度: 139/500
[INFO] [1754305845.059909343] [solver_node]: 标定数据收集进度: 140/500
[INFO] [1754305845.070070389] [solver_node]: 标定数据收集进度: 141/500
[INFO] [1754305845.079714594] [solver_node]: 标定数据收集进度: 142/500
[INFO] [1754305845.090215391] [solver_node]: 标定数据收集进度: 143/500
[INFO] [1754305845.099898061] [solver_node]: 标定数据收集进度: 144/500
[INFO] [1754305845.113998122] [solver_node]: 标定数据收集进度: 145/500
[INFO] [1754305845.120043926] [solver_node]: 标定数据收集进度: 146/500
[INFO] [1754305845.130355087] [solver_node]: 标定数据收集进度: 147/500
[INFO] [1754305845.143276215] [solver_node]: 标定数据收集进度: 148/500
[INFO] [1754305845.149601257] [solver_node]: 标定数据收集进度: 149/500
[INFO] [1754305845.159820192] [solver_node]: 标定数据收集进度: 150/500
[INFO] [1754305845.170002199] [solver_node]: 标定数据收集进度: 151/500
[INFO] [1754305845.179694533] [solver_node]: 标定数据收集进度: 152/500
[INFO] [1754305845.189713049] [solver_node]: 标定数据收集进度: 153/500
[INFO] [1754305845.204419265] [solver_node]: 标定数据收集进度: 154/500
[INFO] [1754305845.209895427] [solver_node]: 标定数据收集进度: 155/500
[INFO] [1754305845.222846092] [solver_node]: 标定数据收集进度: 156/500
[INFO] [1754305845.230189551] [solver_node]: 标定数据收集进度: 157/500
[INFO] [1754305845.240375110] [solver_node]: 标定数据收集进度: 158/500
[INFO] [1754305845.249660237] [solver_node]: 标定数据收集进度: 159/500
[INFO] [1754305845.259844388] [solver_node]: 标定数据收集进度: 160/500
[INFO] [1754305845.274818385] [solver_node]: 标定数据收集进度: 161/500
[INFO] [1754305845.285018312] [solver_node]: 标定数据收集进度: 162/500
[INFO] [1754305845.290941522] [solver_node]: 标定数据收集进度: 163/500
[INFO] [1754305845.299700239] [solver_node]: 标定数据收集进度: 164/500
[INFO] [1754305845.320078653] [solver_node]: 标定数据收集进度: 165/500
[INFO] [1754305845.324046788] [solver_node]: 标定数据收集进度: 166/500
[INFO] [1754305845.330228883] [solver_node]: 标定数据收集进度: 167/500
[INFO] [1754305845.340178918] [solver_node]: 标定数据收集进度: 168/500
[INFO] [1754305845.350156953] [solver_node]: 标定数据收集进度: 169/500
[INFO] [1754305845.362717082] [solver_node]: 标定数据收集进度: 170/500
[INFO] [1754305845.371155218] [solver_node]: 标定数据收集进度: 171/500
[INFO] [1754305845.382259385] [solver_node]: 标定数据收集进度: 172/500
[INFO] [1754305845.390591119] [solver_node]: 标定数据收集进度: 173/500
[INFO] [1754305845.403350420] [solver_node]: 标定数据收集进度: 174/500
[INFO] [1754305845.411802028] [solver_node]: 标定数据收集进度: 175/500
[INFO] [1754305845.420731212] [solver_node]: 标定数据收集进度: 176/500
[INFO] [1754305845.430341720] [solver_node]: 标定数据收集进度: 177/500
[INFO] [1754305845.440100552] [solver_node]: 标定数据收集进度: 178/500
[INFO] [1754305845.449760597] [solver_node]: 标定数据收集进度: 179/500
[INFO] [1754305845.459783657] [solver_node]: 标定数据收集进度: 180/500
[INFO] [1754305845.469799485] [solver_node]: 标定数据收集进度: 181/500
[INFO] [1754305845.479972915] [solver_node]: 标定数据收集进度: 182/500
[INFO] [1754305845.490069641] [solver_node]: 标定数据收集进度: 183/500
[INFO] [1754305845.499744694] [solver_node]: 标定数据收集进度: 184/500
[INFO] [1754305845.509762250] [solver_node]: 标定数据收集进度: 185/500
[INFO] [1754305845.520321192] [solver_node]: 标定数据收集进度: 186/500
[INFO] [1754305845.530084791] [solver_node]: 标定数据收集进度: 187/500
[INFO] [1754305845.543097056] [solver_node]: 标定数据收集进度: 188/500
[INFO] [1754305845.550017853] [solver_node]: 标定数据收集进度: 189/500
[INFO] [1754305845.559807116] [solver_node]: 标定数据收集进度: 190/500
[INFO] [1754305845.570152646] [solver_node]: 标定数据收集进度: 191/500
[INFO] [1754305845.583550679] [solver_node]: 标定数据收集进度: 192/500
[INFO] [1754305845.589404576] [solver_node]: 标定数据收集进度: 193/500
[INFO] [1754305845.599671352] [solver_node]: 标定数据收集进度: 194/500
[INFO] [1754305845.615176014] [solver_node]: 标定数据收集进度: 195/500
[INFO] [1754305845.619749280] [solver_node]: 标定数据收集进度: 196/500
[INFO] [1754305845.632391395] [solver_node]: 标定数据收集进度: 197/500
[INFO] [1754305845.641833357] [solver_node]: 标定数据收集进度: 198/500
[INFO] [1754305845.650182947] [solver_node]: 标定数据收集进度: 199/500
[INFO] [1754305845.659563979] [solver_node]: 标定数据收集进度: 200/500
[INFO] [1754305845.669929477] [solver_node]: 标定数据收集进度: 201/500
[INFO] [1754305845.679551634] [solver_node]: 标定数据收集进度: 202/500
[INFO] [1754305845.689828170] [solver_node]: 标定数据收集进度: 203/500
[INFO] [1754305845.700103011] [solver_node]: 标定数据收集进度: 204/500
[INFO] [1754305845.713086060] [solver_node]: 标定数据收集进度: 205/500
[INFO] [1754305845.722491541] [solver_node]: 标定数据收集进度: 206/500
[INFO] [1754305845.731914558] [solver_node]: 标定数据收集进度: 207/500
[INFO] [1754305845.741260454] [solver_node]: 标定数据收集进度: 208/500
[INFO] [1754305845.751518558] [solver_node]: 标定数据收集进度: 209/500
[INFO] [1754305845.759695696] [solver_node]: 标定数据收集进度: 210/500
[INFO] [1754305845.769730149] [solver_node]: 标定数据收集进度: 211/500
[INFO] [1754305845.780050398] [solver_node]: 标定数据收集进度: 212/500
[INFO] [1754305845.790119251] [solver_node]: 标定数据收集进度: 213/500
[INFO] [1754305845.800264425] [solver_node]: 标定数据收集进度: 214/500
[INFO] [1754305845.810353694] [solver_node]: 标定数据收集进度: 215/500
[INFO] [1754305845.830847950] [solver_node]: 标定数据收集进度: 216/500
[INFO] [1754305845.836217006] [solver_node]: 标定数据收集进度: 217/500
[INFO] [1754305845.848764911] [solver_node]: 标定数据收集进度: 218/500
[INFO] [1754305845.856388728] [solver_node]: 标定数据收集进度: 219/500
[INFO] [1754305845.862363811] [solver_node]: 标定数据收集进度: 220/500
[INFO] [1754305845.883376989] [solver_node]: 标定数据收集进度: 221/500
[INFO] [1754305845.885946411] [solver_node]: 标定数据收集进度: 222/500
[INFO] [1754305845.889927730] [solver_node]: 标定数据收集进度: 223/500
[INFO] [1754305845.901474369] [solver_node]: 标定数据收集进度: 224/500
[INFO] [1754305845.911500309] [solver_node]: 标定数据收集进度: 225/500
[INFO] [1754305845.921063137] [solver_node]: 标定数据收集进度: 226/500
[INFO] [1754305845.932344428] [solver_node]: 标定数据收集进度: 227/500
[INFO] [1754305845.943960636] [solver_node]: 标定数据收集进度: 228/500
[INFO] [1754305845.950470993] [solver_node]: 标定数据收集进度: 229/500
[INFO] [1754305845.959679414] [solver_node]: 标定数据收集进度: 230/500
[INFO] [1754305845.981020149] [solver_node]: 标定数据收集进度: 231/500
[INFO] [1754305845.985692809] [solver_node]: 标定数据收集进度: 232/500
[INFO] [1754305845.998622129] [solver_node]: 标定数据收集进度: 233/500
[INFO] [1754305846.012098051] [solver_node]: 标定数据收集进度: 234/500
[INFO] [1754305846.017109853] [solver_node]: 标定数据收集进度: 235/500
[INFO] [1754305846.021129957] [solver_node]: 标定数据收集进度: 236/500
[INFO] [1754305846.031558624] [solver_node]: 标定数据收集进度: 237/500
[INFO] [1754305846.040149722] [solver_node]: 标定数据收集进度: 238/500
[INFO] [1754305846.050871418] [solver_node]: 标定数据收集进度: 239/500
[INFO] [1754305846.065080505] [solver_node]: 标定数据收集进度: 240/500
[INFO] [1754305846.075322737] [solver_node]: 标定数据收集进度: 241/500
[INFO] [1754305846.079695711] [solver_node]: 标定数据收集进度: 242/500
[INFO] [1754305846.091398897] [solver_node]: 标定数据收集进度: 243/500
[INFO] [1754305846.099836040] [solver_node]: 标定数据收集进度: 244/500
[INFO] [1754305846.110280580] [solver_node]: 标定数据收集进度: 245/500
[INFO] [1754305846.121325450] [solver_node]: 标定数据收集进度: 246/500
[INFO] [1754305846.130233225] [solver_node]: 标定数据收集进度: 247/500
[INFO] [1754305846.141417010] [solver_node]: 标定数据收集进度: 248/500
[INFO] [1754305846.160232707] [solver_node]: 标定数据收集进度: 249/500
[INFO] [1754305846.163651841] [solver_node]: 标定数据收集进度: 250/500
[INFO] [1754305846.170374233] [solver_node]: 标定数据收集进度: 251/500
[INFO] [1754305846.181196155] [solver_node]: 标定数据收集进度: 252/500
[INFO] [1754305846.190315487] [solver_node]: 标定数据收集进度: 253/500
[INFO] [1754305846.202639804] [solver_node]: 标定数据收集进度: 254/500
[INFO] [1754305846.209958111] [solver_node]: 标定数据收集进度: 255/500
[INFO] [1754305846.229149527] [solver_node]: 标定数据收集进度: 256/500
[INFO] [1754305846.233488837] [solver_node]: 标定数据收集进度: 257/500
[INFO] [1754305846.244618604] [solver_node]: 标定数据收集进度: 258/500
[INFO] [1754305846.249829994] [solver_node]: 标定数据收集进度: 259/500
[INFO] [1754305846.260318950] [solver_node]: 标定数据收集进度: 260/500
[INFO] [1754305846.270478684] [solver_node]: 标定数据收集进度: 261/500
[INFO] [1754305846.279931366] [solver_node]: 标定数据收集进度: 262/500
[INFO] [1754305846.290124508] [solver_node]: 标定数据收集进度: 263/500
[INFO] [1754305846.299347778] [solver_node]: 标定数据收集进度: 264/500
[INFO] [1754305846.315256607] [solver_node]: 标定数据收集进度: 265/500
[INFO] [1754305846.320290585] [solver_node]: 标定数据收集进度: 266/500
[INFO] [1754305846.334979905] [solver_node]: 标定数据收集进度: 267/500
[INFO] [1754305846.339853624] [solver_node]: 标定数据收集进度: 268/500
[INFO] [1754305846.349803210] [solver_node]: 标定数据收集进度: 269/500
[INFO] [1754305846.359526745] [solver_node]: 标定数据收集进度: 270/500
[INFO] [1754305846.369813681] [solver_node]: 标定数据收集进度: 271/500
[INFO] [1754305846.379747619] [solver_node]: 标定数据收集进度: 272/500
[INFO] [1754305846.389526579] [solver_node]: 标定数据收集进度: 273/500
[INFO] [1754305846.399591399] [solver_node]: 标定数据收集进度: 274/500
[INFO] [1754305846.409747101] [solver_node]: 标定数据收集进度: 275/500
[INFO] [1754305846.420433181] [solver_node]: 标定数据收集进度: 276/500
[INFO] [1754305846.431614277] [solver_node]: 标定数据收集进度: 277/500
[INFO] [1754305846.443400601] [solver_node]: 标定数据收集进度: 278/500
[INFO] [1754305846.449592072] [solver_node]: 标定数据收集进度: 279/500
[INFO] [1754305846.461527966] [solver_node]: 标定数据收集进度: 280/500
[INFO] [1754305846.469852531] [solver_node]: 标定数据收集进度: 281/500
[INFO] [1754305846.479514112] [solver_node]: 标定数据收集进度: 282/500
[INFO] [1754305846.489554868] [solver_node]: 标定数据收集进度: 283/500
[INFO] [1754305846.499349444] [solver_node]: 标定数据收集进度: 284/500
[INFO] [1754305846.510017859] [solver_node]: 标定数据收集进度: 285/500
[INFO] [1754305846.521955449] [solver_node]: 标定数据收集进度: 286/500
[INFO] [1754305846.530034058] [solver_node]: 标定数据收集进度: 287/500
[INFO] [1754305846.541648826] [solver_node]: 标定数据收集进度: 288/500
[INFO] [1754305846.549955247] [solver_node]: 标定数据收集进度: 289/500
[INFO] [1754305846.559602652] [solver_node]: 标定数据收集进度: 290/500
[INFO] [1754305846.569739474] [solver_node]: 标定数据收集进度: 291/500
[INFO] [1754305846.579761446] [solver_node]: 标定数据收集进度: 292/500
[INFO] [1754305846.589531573] [solver_node]: 标定数据收集进度: 293/500
[INFO] [1754305846.599577481] [solver_node]: 标定数据收集进度: 294/500
[INFO] [1754305846.610093094] [solver_node]: 标定数据收集进度: 295/500
[INFO] [1754305846.623283826] [solver_node]: 标定数据收集进度: 296/500
[INFO] [1754305846.630773240] [solver_node]: 标定数据收集进度: 297/500
[INFO] [1754305846.640023134] [solver_node]: 标定数据收集进度: 298/500
[INFO] [1754305846.650502298] [solver_node]: 标定数据收集进度: 299/500
[INFO] [1754305846.660880532] [solver_node]: 标定数据收集进度: 300/500
[INFO] [1754305846.669916470] [solver_node]: 标定数据收集进度: 301/500
[INFO] [1754305846.681367396] [solver_node]: 标定数据收集进度: 302/500
[INFO] [1754305846.690691371] [solver_node]: 标定数据收集进度: 303/500
[INFO] [1754305846.699715629] [solver_node]: 标定数据收集进度: 304/500
[INFO] [1754305846.710407756] [solver_node]: 标定数据收集进度: 305/500
[INFO] [1754305846.719874422] [solver_node]: 标定数据收集进度: 306/500
[INFO] [1754305846.730009452] [solver_node]: 标定数据收集进度: 307/500
[INFO] [1754305846.740455271] [solver_node]: 标定数据收集进度: 308/500
[INFO] [1754305846.753000968] [solver_node]: 标定数据收集进度: 309/500
[INFO] [1754305846.759662207] [solver_node]: 标定数据收集进度: 310/500
[INFO] [1754305846.769504944] [solver_node]: 标定数据收集进度: 311/500
[INFO] [1754305846.779759720] [solver_node]: 标定数据收集进度: 312/500
[INFO] [1754305846.789615577] [solver_node]: 标定数据收集进度: 313/500
[INFO] [1754305846.799777583] [solver_node]: 标定数据收集进度: 314/500
[INFO] [1754305846.810586033] [solver_node]: 标定数据收集进度: 315/500
[INFO] [1754305846.821373394] [solver_node]: 标定数据收集进度: 316/500
[INFO] [1754305846.831913135] [solver_node]: 标定数据收集进度: 317/500
[INFO] [1754305846.840348806] [solver_node]: 标定数据收集进度: 318/500
[INFO] [1754305846.849687694] [solver_node]: 标定数据收集进度: 319/500
[INFO] [1754305846.859890725] [solver_node]: 标定数据收集进度: 320/500
[INFO] [1754305846.870414721] [solver_node]: 标定数据收集进度: 321/500
[INFO] [1754305846.881482984] [solver_node]: 标定数据收集进度: 322/500
[INFO] [1754305846.891419418] [solver_node]: 标定数据收集进度: 323/500
[INFO] [1754305846.900783682] [solver_node]: 标定数据收集进度: 324/500
[INFO] [1754305846.912302064] [solver_node]: 标定数据收集进度: 325/500
[INFO] [1754305846.925166039] [solver_node]: 标定数据收集进度: 326/500
[INFO] [1754305846.929954221] [solver_node]: 标定数据收集进度: 327/500
[INFO] [1754305846.939903903] [solver_node]: 标定数据收集进度: 328/500
[INFO] [1754305846.955559352] [solver_node]: 标定数据收集进度: 329/500
[INFO] [1754305846.959483262] [solver_node]: 标定数据收集进度: 330/500
[INFO] [1754305846.971473493] [solver_node]: 标定数据收集进度: 331/500
[INFO] [1754305846.981487689] [solver_node]: 标定数据收集进度: 332/500
[INFO] [1754305846.990907058] [solver_node]: 标定数据收集进度: 333/500
[INFO] [1754305847.002892169] [solver_node]: 标定数据收集进度: 334/500
[INFO] [1754305847.011226718] [solver_node]: 标定数据收集进度: 335/500
[INFO] [1754305847.022412998] [solver_node]: 标定数据收集进度: 336/500
[INFO] [1754305847.031495113] [solver_node]: 标定数据收集进度: 337/500
[INFO] [1754305847.041111637] [solver_node]: 标定数据收集进度: 338/500
[INFO] [1754305847.052260061] [solver_node]: 标定数据收集进度: 339/500
[INFO] [1754305847.060418511] [solver_node]: 标定数据收集进度: 340/500
[INFO] [1754305847.070467523] [solver_node]: 标定数据收集进度: 341/500
[INFO] [1754305847.079707273] [solver_node]: 标定数据收集进度: 342/500
[INFO] [1754305847.090031649] [solver_node]: 标定数据收集进度: 343/500
[INFO] [1754305847.113662665] [solver_node]: 标定数据收集进度: 344/500
[INFO] [1754305847.118584545] [solver_node]: 标定数据收集进度: 345/500
[INFO] [1754305847.125880836] [solver_node]: 标定数据收集进度: 346/500
[INFO] [1754305847.130376180] [solver_node]: 标定数据收集进度: 347/500
[INFO] [1754305847.140835567] [solver_node]: 标定数据收集进度: 348/500
[INFO] [1754305847.150080437] [solver_node]: 标定数据收集进度: 349/500
[INFO] [1754305847.160723220] [solver_node]: 标定数据收集进度: 350/500
[INFO] [1754305847.169691860] [solver_node]: 标定数据收集进度: 351/500
[INFO] [1754305847.180284306] [solver_node]: 标定数据收集进度: 352/500
[INFO] [1754305847.189905598] [solver_node]: 标定数据收集进度: 353/500
[INFO] [1754305847.200196983] [solver_node]: 标定数据收集进度: 354/500
[INFO] [1754305847.209832067] [solver_node]: 标定数据收集进度: 355/500
[INFO] [1754305847.224899697] [solver_node]: 标定数据收集进度: 356/500
[INFO] [1754305847.229914411] [solver_node]: 标定数据收集进度: 357/500
[INFO] [1754305847.239879805] [solver_node]: 标定数据收集进度: 358/500
[INFO] [1754305847.249886705] [solver_node]: 标定数据收集进度: 359/500
[INFO] [1754305847.262760503] [solver_node]: 标定数据收集进度: 360/500
[INFO] [1754305847.270928521] [solver_node]: 标定数据收集进度: 361/500
[INFO] [1754305847.281593544] [solver_node]: 标定数据收集进度: 362/500
[INFO] [1754305847.292306856] [solver_node]: 标定数据收集进度: 363/500
[INFO] [1754305847.301674832] [solver_node]: 标定数据收集进度: 364/500
[INFO] [1754305847.310352108] [solver_node]: 标定数据收集进度: 365/500
[INFO] [1754305847.319636178] [solver_node]: 标定数据收集进度: 366/500
[INFO] [1754305847.330270832] [solver_node]: 标定数据收集进度: 367/500
[INFO] [1754305847.339827451] [solver_node]: 标定数据收集进度: 368/500
[INFO] [1754305847.350197013] [solver_node]: 标定数据收集进度: 369/500
[INFO] [1754305847.359803937] [solver_node]: 标定数据收集进度: 370/500
[INFO] [1754305847.370308573] [solver_node]: 标定数据收集进度: 371/500
[INFO] [1754305847.380858298] [solver_node]: 标定数据收集进度: 372/500
[INFO] [1754305847.403163530] [solver_node]: 标定数据收集进度: 373/500
[INFO] [1754305847.431096510] [solver_node]: 标定数据收集进度: 374/500
[INFO] [1754305847.443626687] [solver_node]: 标定数据收集进度: 375/500
[INFO] [1754305847.449294724] [solver_node]: 标定数据收集进度: 376/500
[INFO] [1754305847.452436764] [solver_node]: 标定数据收集进度: 377/500
[INFO] [1754305847.461113752] [solver_node]: 标定数据收集进度: 378/500
[INFO] [1754305847.464350066] [solver_node]: 标定数据收集进度: 379/500
[INFO] [1754305847.472562469] [solver_node]: 标定数据收集进度: 380/500
[INFO] [1754305847.478095304] [solver_node]: 标定数据收集进度: 381/500
[INFO] [1754305847.488702758] [solver_node]: 标定数据收集进度: 382/500
[INFO] [1754305847.493590461] [solver_node]: 标定数据收集进度: 383/500
[INFO] [1754305847.499916015] [solver_node]: 标定数据收集进度: 384/500
[INFO] [1754305847.510471788] [solver_node]: 标定数据收集进度: 385/500
[INFO] [1754305847.519882420] [solver_node]: 标定数据收集进度: 386/500
[INFO] [1754305847.533884943] [solver_node]: 标定数据收集进度: 387/500
[INFO] [1754305847.542368167] [solver_node]: 标定数据收集进度: 388/500
[INFO] [1754305847.553931862] [solver_node]: 标定数据收集进度: 389/500
[INFO] [1754305847.569192776] [solver_node]: 标定数据收集进度: 390/500
[INFO] [1754305847.571127818] [solver_node]: 标定数据收集进度: 391/500
[INFO] [1754305847.585349865] [solver_node]: 标定数据收集进度: 392/500
[INFO] [1754305847.593160469] [solver_node]: 标定数据收集进度: 393/500
[INFO] [1754305847.600337365] [solver_node]: 标定数据收集进度: 394/500
[INFO] [1754305847.621163626] [solver_node]: 标定数据收集进度: 395/500
[INFO] [1754305847.626287846] [solver_node]: 标定数据收集进度: 396/500
[INFO] [1754305847.631466531] [solver_node]: 标定数据收集进度: 397/500
[INFO] [1754305847.640731849] [solver_node]: 标定数据收集进度: 398/500
[INFO] [1754305847.652711263] [solver_node]: 标定数据收集进度: 399/500
[INFO] [1754305847.660772528] [solver_node]: 标定数据收集进度: 400/500
[INFO] [1754305847.670017653] [solver_node]: 标定数据收集进度: 401/500
[INFO] [1754305847.681995948] [solver_node]: 标定数据收集进度: 402/500
[INFO] [1754305847.693071794] [solver_node]: 标定数据收集进度: 403/500
[INFO] [1754305847.702137013] [solver_node]: 标定数据收集进度: 404/500
[INFO] [1754305847.710443337] [solver_node]: 标定数据收集进度: 405/500
[INFO] [1754305847.727955235] [solver_node]: 标定数据收集进度: 406/500
[INFO] [1754305847.736993157] [solver_node]: 标定数据收集进度: 407/500
[INFO] [1754305847.745312378] [solver_node]: 标定数据收集进度: 408/500
[INFO] [1754305847.752156757] [solver_node]: 标定数据收集进度: 409/500
[INFO] [1754305847.773272239] [solver_node]: 标定数据收集进度: 410/500
[INFO] [1754305847.776238308] [solver_node]: 标定数据收集进度: 411/500
[INFO] [1754305847.784672443] [solver_node]: 标定数据收集进度: 412/500
[INFO] [1754305847.792765868] [solver_node]: 标定数据收集进度: 413/500
[INFO] [1754305847.802418809] [solver_node]: 标定数据收集进度: 414/500
[INFO] [1754305847.813654818] [solver_node]: 标定数据收集进度: 415/500
[INFO] [1754305847.821416973] [solver_node]: 标定数据收集进度: 416/500
[INFO] [1754305847.832078316] [solver_node]: 标定数据收集进度: 417/500
[INFO] [1754305847.841601047] [solver_node]: 标定数据收集进度: 418/500
[INFO] [1754305847.850276178] [solver_node]: 标定数据收集进度: 419/500
[INFO] [1754305847.861634269] [solver_node]: 标定数据收集进度: 420/500
[INFO] [1754305847.869622764] [solver_node]: 标定数据收集进度: 421/500
[INFO] [1754305847.879744418] [solver_node]: 标定数据收集进度: 422/500
[INFO] [1754305847.890863849] [solver_node]: 标定数据收集进度: 423/500
[INFO] [1754305847.900832155] [solver_node]: 标定数据收集进度: 424/500
[INFO] [1754305847.917124927] [solver_node]: 标定数据收集进度: 425/500
[INFO] [1754305847.924805929] [solver_node]: 标定数据收集进度: 426/500
[INFO] [1754305847.931514401] [solver_node]: 标定数据收集进度: 427/500
[INFO] [1754305847.941322737] [solver_node]: 标定数据收集进度: 428/500
[INFO] [1754305847.952119474] [solver_node]: 标定数据收集进度: 429/500
[INFO] [1754305847.960559401] [solver_node]: 标定数据收集进度: 430/500
[INFO] [1754305847.974810888] [solver_node]: 标定数据收集进度: 431/500
[INFO] [1754305847.979826754] [solver_node]: 标定数据收集进度: 432/500
[INFO] [1754305847.989800853] [solver_node]: 标定数据收集进度: 433/500
[INFO] [1754305848.001139744] [solver_node]: 标定数据收集进度: 434/500
[INFO] [1754305848.010157249] [solver_node]: 标定数据收集进度: 435/500
[INFO] [1754305848.020925538] [solver_node]: 标定数据收集进度: 436/500
[INFO] [1754305848.032871992] [solver_node]: 标定数据收集进度: 437/500
[INFO] [1754305848.040314109] [solver_node]: 标定数据收集进度: 438/500
[INFO] [1754305848.050465555] [solver_node]: 标定数据收集进度: 439/500
[INFO] [1754305848.064106311] [solver_node]: 标定数据收集进度: 440/500
[INFO] [1754305848.076792618] [solver_node]: 标定数据收集进度: 441/500
[INFO] [1754305848.082039815] [solver_node]: 标定数据收集进度: 442/500
[INFO] [1754305848.092264382] [solver_node]: 标定数据收集进度: 443/500
[INFO] [1754305848.101578853] [solver_node]: 标定数据收集进度: 444/500
[INFO] [1754305848.111723291] [solver_node]: 标定数据收集进度: 445/500
[INFO] [1754305848.125082186] [solver_node]: 标定数据收集进度: 446/500
[INFO] [1754305848.130416521] [solver_node]: 标定数据收集进度: 447/500
[INFO] [1754305848.140432188] [solver_node]: 标定数据收集进度: 448/500
[INFO] [1754305848.151249726] [solver_node]: 标定数据收集进度: 449/500
[INFO] [1754305848.160070620] [solver_node]: 标定数据收集进度: 450/500
[INFO] [1754305848.173350057] [solver_node]: 标定数据收集进度: 451/500
[INFO] [1754305848.182176711] [solver_node]: 标定数据收集进度: 452/500
[INFO] [1754305848.190879427] [solver_node]: 标定数据收集进度: 453/500
[INFO] [1754305848.204058766] [solver_node]: 标定数据收集进度: 454/500
[INFO] [1754305848.209799413] [solver_node]: 标定数据收集进度: 455/500
[INFO] [1754305848.221516103] [solver_node]: 标定数据收集进度: 456/500
[INFO] [1754305848.230178786] [solver_node]: 标定数据收集进度: 457/500
[INFO] [1754305848.241611982] [solver_node]: 标定数据收集进度: 458/500
[INFO] [1754305848.249707103] [solver_node]: 标定数据收集进度: 459/500
[INFO] [1754305848.260646243] [solver_node]: 标定数据收集进度: 460/500
[INFO] [1754305848.271358083] [solver_node]: 标定数据收集进度: 461/500
[INFO] [1754305848.280311555] [solver_node]: 标定数据收集进度: 462/500
[INFO] [1754305848.291543756] [solver_node]: 标定数据收集进度: 463/500
[INFO] [1754305848.301013557] [solver_node]: 标定数据收集进度: 464/500
[INFO] [1754305848.312082843] [solver_node]: 标定数据收集进度: 465/500
[INFO] [1754305848.322699161] [solver_node]: 标定数据收集进度: 466/500
[INFO] [1754305848.330353154] [solver_node]: 标定数据收集进度: 467/500
[INFO] [1754305848.340343189] [solver_node]: 标定数据收集进度: 468/500
[INFO] [1754305848.349872127] [solver_node]: 标定数据收集进度: 469/500
[INFO] [1754305848.359912691] [solver_node]: 标定数据收集进度: 470/500
[INFO] [1754305848.372563701] [solver_node]: 标定数据收集进度: 471/500
[INFO] [1754305848.382133088] [solver_node]: 标定数据收集进度: 472/500
[INFO] [1754305848.392317719] [solver_node]: 标定数据收集进度: 473/500
[INFO] [1754305848.400968209] [solver_node]: 标定数据收集进度: 474/500
[INFO] [1754305848.415285041] [solver_node]: 标定数据收集进度: 475/500
[INFO] [1754305848.420240586] [solver_node]: 标定数据收集进度: 476/500
[INFO] [1754305848.430083642] [solver_node]: 标定数据收集进度: 477/500
[INFO] [1754305848.440911324] [solver_node]: 标定数据收集进度: 478/500
[INFO] [1754305848.450886446] [solver_node]: 标定数据收集进度: 479/500
[INFO] [1754305848.460187541] [solver_node]: 标定数据收集进度: 480/500
[INFO] [1754305848.469950724] [solver_node]: 标定数据收集进度: 481/500
[INFO] [1754305848.480504224] [solver_node]: 标定数据收集进度: 482/500
[INFO] [1754305848.490091404] [solver_node]: 标定数据收集进度: 483/500
[INFO] [1754305848.502150148] [solver_node]: 标定数据收集进度: 484/500
[INFO] [1754305848.513027814] [solver_node]: 标定数据收集进度: 485/500
[INFO] [1754305848.521097399] [solver_node]: 标定数据收集进度: 486/500
[INFO] [1754305848.529817907] [solver_node]: 标定数据收集进度: 487/500
[INFO] [1754305848.546960677] [solver_node]: 标定数据收集进度: 488/500
[INFO] [1754305848.550784714] [solver_node]: 标定数据收集进度: 489/500
[INFO] [1754305848.561083074] [solver_node]: 标定数据收集进度: 490/500
[INFO] [1754305848.570521419] [solver_node]: 标定数据收集进度: 491/500
[INFO] [1754305848.580697953] [solver_node]: 标定数据收集进度: 492/500
[INFO] [1754305848.591011929] [solver_node]: 标定数据收集进度: 493/500
[INFO] [1754305848.599766742] [solver_node]: 标定数据收集进度: 494/500
[INFO] [1754305848.615899639] [solver_node]: 标定数据收集进度: 495/500
[INFO] [1754305848.621179957] [solver_node]: 标定数据收集进度: 496/500
[INFO] [1754305848.631509166] [solver_node]: 标定数据收集进度: 497/500
[INFO] [1754305848.641364094] [solver_node]: 标定数据收集进度: 498/500
[INFO] [1754305848.651624630] [solver_node]: 标定数据收集进度: 499/500
[INFO] [1754305848.660110702] [solver_node]: 标定数据收集进度: 500/500
[INFO] [1754305848.661790124] [solver_node]: 标定数据收集完成，开始标定...
[INFO] [1754305848.662483672] [solver_node]: 开始标定，收集到的数据shape: (500, 5)
[INFO] [1754305848.663192741] [solver_node]: [PerpendicularDistanceLocalizer] 开始标定，扫描数据shape: (500, 5)
[INFO] [1754305848.664343577] [solver_node]: [PerpendicularDistanceLocalizer] 平均测距值 详细内容: 形状: (5,), 类型: float64
[INFO] [1754305848.665034086] [solver_node]: [PerpendicularDistanceLocalizer] 平均测距值[0]: 0.10999999940395355
[INFO] [1754305848.665724754] [solver_node]: [PerpendicularDistanceLocalizer] 平均测距值[1]: 7.116000175476074
[INFO] [1754305848.667242989] [solver_node]: [PerpendicularDistanceLocalizer] 平均测距值[2]: 7.541999816894531
[INFO] [1754305848.669151919] [solver_node]: [PerpendicularDistanceLocalizer] 平均测距值[3]: 1.7970000505447388
[INFO] [1754305848.670257027] [solver_node]: [PerpendicularDistanceLocalizer] 平均测距值[4]: 1.8220000267028809
[INFO] [1754305848.672087972] [solver_node]: [PerpendicularDistanceLocalizer] h_values 详细内容: 形状: (5,), 类型: float64
[INFO] [1754305848.673563870] [solver_node]: [PerpendicularDistanceLocalizer] h_values[0]: 0.37684580873135426
[INFO] [1754305848.675109370] [solver_node]: [PerpendicularDistanceLocalizer] h_values[1]: 0.37684580873135426
[INFO] [1754305848.676001482] [solver_node]: [PerpendicularDistanceLocalizer] h_values[2]: 0.33497201345916283
[INFO] [1754305848.677291393] [solver_node]: [PerpendicularDistanceLocalizer] h_values[3]: 0.2847569265233284
[INFO] [1754305848.678423125] [solver_node]: [PerpendicularDistanceLocalizer] h_values[4]: 0.2847569265233284
[INFO] [1754305848.681138278] [solver_node]: [PerpendicularDistanceLocalizer] 标定完成: m=9.971, n=7.980
[INFO] [1754305848.682066134] [solver_node]: [PerpendicularDistanceLocalizer] 前后左右平均距离: 前=7.877, 后=2.094, 左=0.487, 右=7.493
[INFO] [1754305848.682930214] [solver_node]: [PerpendicularDistanceLocalizer] 计算的初始位姿: x=2.094, y=7.493, phi=1.571
[INFO] [1754305848.683595666] [solver_node]: 标定完成: m=9.960, n=7.970
[INFO] [1754305848.684227773] [solver_node]: 标定得到的初始位姿: x=2.094, y=7.493, phi=1.571
[INFO] [1754305848.685289360] [solver_node]: LIO位置: x=0.012, y=0.037
[INFO] [1754305848.686134911] [solver_node]: Started偏移: x=2.082, y=7.456
[INFO] [1754305848.687570297] [solver_node]: 初始化阶段完成，进入运行阶段
[INFO] [1754305848.799573389] [solver_node]: 发布重定位TF: x=-0.015, y=-0.001
[INFO] [1754305848.821294769] [solver_node]: 求解成功: x=2.089, y=7.488
[INFO] [1754305848.833226471] [solver_node]: 求解成功: x=2.089, y=7.488
[INFO] [1754305848.856516455] [solver_node]: 求解成功: x=2.089, y=7.488
[INFO] [1754305848.868948838] [solver_node]: 求解成功: x=2.089, y=7.488
[INFO] [1754305848.907148849] [solver_node]: 求解成功: x=2.089, y=7.488
[INFO] [1754305848.920047192] [solver_node]: 无效解: x=2.089, y=7.488, 距离=7.737 > 阈值0.100
[WARN] [1754305848.921147276] [solver_node]: 没有满足距离要求的解
[INFO] [1754305848.967412327] [solver_node]: 无效解: x=2.089, y=7.488, 距离=7.737 > 阈值0.100
[WARN] [1754305848.991783484] [solver_node]: 没有满足距离要求的解
[INFO] [1754305849.020900484] [solver_node]: 无效解: x=2.089, y=7.488, 距离=7.737 > 阈值0.100
[WARN] [1754305849.021958231] [solver_node]: 没有满足距离要求的解
[INFO] [1754305849.034790108] [solver_node]: 无效解: x=2.089, y=7.488, 距离=7.737 > 阈值0.100
[WARN] [1754305849.035680844] [solver_node]: 没有满足距离要求的解
[INFO] [1754305849.047717283] [solver_node]: 无效解: x=2.089, y=7.488, 距离=7.737 > 阈值0.100
[WARN] [1754305849.048590899] [solver_node]: 没有满足距离要求的解
[INFO] [1754305849.078397704] [solver_node]: 无效解: x=2.089, y=7.488, 距离=7.737 > 阈值0.100
[WARN] [1754305849.079311960] [solver_node]: 没有满足距离要求的解
[INFO] [1754305849.125578163] [solver_node]: 无效解: x=2.089, y=7.488, 距离=7.737 > 阈值0.100
[WARN] [1754305849.167484480] [solver_node]: 没有满足距离要求的解
[INFO] [1754305849.182876787] [solver_node]: 无效解: x=2.089, y=7.488, 距离=7.737 > 阈值0.100
[WARN] [1754305849.216011075] [solver_node]: 没有满足距离要求的解
[INFO] [1754305849.271326687] [solver_node]: 无效解: x=2.089, y=7.488, 距离=7.737 > 阈值0.100
[WARN] [1754305849.297400113] [solver_node]: 没有满足距离要求的解
[INFO] [1754305849.311549422] [solver_node]: 无效解: x=2.089, y=7.488, 距离=7.737 > 阈值0.100
[WARN] [1754305849.312843941] [solver_node]: 没有满足距离要求的解
[INFO] [1754305849.324753690] [solver_node]: 无效解: x=2.089, y=7.488, 距离=7.737 > 阈值0.100
[WARN] [1754305849.325651786] [solver_node]: 没有满足距离要求的解
[INFO] [1754305849.337940230] [solver_node]: 无效解: x=2.089, y=7.488, 距离=7.737 > 阈值0.100
[WARN] [1754305849.338812246] [solver_node]: 没有满足距离要求的解
[INFO] [1754305849.351597786] [solver_node]: 无效解: x=2.089, y=7.488, 距离=7.737 > 阈值0.100
[WARN] [1754305849.353299256] [solver_node]: 没有满足距离要求的解
[INFO] [1754305849.369096755] [solver_node]: 无效解: x=2.089, y=7.488, 距离=7.737 > 阈值0.100
[WARN] [1754305849.370209095] [solver_node]: 没有满足距离要求的解
[INFO] [1754305849.403488345] [solver_node]: 无效解: x=2.089, y=7.488, 距离=7.737 > 阈值0.100
[WARN] [1754305849.407972906] [solver_node]: 没有满足距离要求的解
[INFO] [1754305849.435127183] [solver_node]: 无效解: x=2.089, y=7.488, 距离=7.737 > 阈值0.100
[WARN] [1754305849.446668317] [solver_node]: 没有满足距离要求的解
[INFO] [1754305849.463468169] [solver_node]: 无效解: x=2.089, y=7.488, 距离=7.737 > 阈值0.100
[WARN] [1754305849.464359929] [solver_node]: 没有满足距离要求的解
[INFO] [1754305849.477534821] [solver_node]: 无效解: x=2.089, y=7.488, 距离=7.737 > 阈值0.100
[WARN] [1754305849.478421972] [solver_node]: 没有满足距离要求的解
[INFO] [1754305849.498692351] [solver_node]: 无效解: x=2.089, y=7.488, 距离=7.737 > 阈值0.100
[WARN] [1754305849.499574607] [solver_node]: 没有满足距离要求的解
[INFO] [1754305849.520897804] [solver_node]: 无效解: x=2.089, y=7.488, 距离=7.737 > 阈值0.100
[WARN] [1754305849.521841084] [solver_node]: 没有满足距离要求的解
[INFO] [1754305849.554125181] [solver_node]: 无效解: x=2.089, y=7.488, 距离=7.737 > 阈值0.100
[WARN] [1754305849.577825349] [solver_node]: 没有满足距离要求的解
[INFO] [1754305849.594480495] [solver_node]: 无效解: x=2.089, y=7.488, 距离=7.737 > 阈值0.100
[WARN] [1754305849.627352666] [solver_node]: 没有满足距离要求的解
[INFO] [1754305849.662318507] [solver_node]: 无效解: x=2.089, y=7.488, 距离=7.737 > 阈值0.100
[WARN] [1754305849.673678422] [solver_node]: 没有满足距离要求的解
[INFO] [1754305849.725528693] [solver_node]: 无效解: x=2.089, y=7.488, 距离=7.737 > 阈值0.100
[WARN] [1754305849.766572178] [solver_node]: 没有满足距离要求的解
[INFO] [1754305849.784211245] [solver_node]: 无效解: x=2.089, y=7.488, 距离=7.737 > 阈值0.100
[WARN] [1754305849.811617815] [solver_node]: 没有满足距离要求的解
[INFO] [1754305849.842634017] [solver_node]: 无效解: x=2.089, y=7.488, 距离=7.737 > 阈值0.100
[WARN] [1754305849.903542210] [solver_node]: 没有满足距离要求的解
[INFO] [1754305849.955807208] [solver_node]: 无效解: x=2.089, y=7.488, 距离=7.737 > 阈值0.100
[WARN] [1754305849.997737365] [solver_node]: 没有满足距离要求的解
[INFO] [1754305850.012787554] [solver_node]: 无效解: x=2.089, y=7.488, 距离=7.737 > 阈值0.100
[WARN] [1754305850.023899016] [solver_node]: 没有满足距离要求的解
[INFO] [1754305850.067697622] [solver_node]: 无效解: x=2.089, y=7.488, 距离=7.737 > 阈值0.100
[WARN] [1754305850.074513776] [solver_node]: 没有满足距离要求的解
[INFO] [1754305850.098050548] [solver_node]: 无效解: x=2.089, y=7.488, 距离=7.737 > 阈值0.100
[WARN] [1754305850.123335255] [solver_node]: 没有满足距离要求的解
[INFO] [1754305850.138279042] [solver_node]: 无效解: x=2.089, y=7.488, 距离=7.737 > 阈值0.100
[WARN] [1754305850.139445143] [solver_node]: 没有满足距离要求的解
[INFO] [1754305850.154832714] [solver_node]: 无效解: x=2.089, y=7.488, 距离=7.737 > 阈值0.100
[WARN] [1754305850.156067552] [solver_node]: 没有满足距离要求的解
[INFO] [1754305850.176555373] [solver_node]: 无效解: x=2.089, y=7.488, 距离=7.737 > 阈值0.100
[WARN] [1754305850.227106388] [solver_node]: 没有满足距离要求的解
[INFO] [1754305850.240953035] [solver_node]: 无效解: x=2.089, y=7.488, 距离=7.737 > 阈值0.100
[WARN] [1754305850.243818206] [solver_node]: 没有满足距离要求的解
[INFO] [1754305850.283104028] [solver_node]: 无效解: x=2.089, y=7.488, 距离=7.737 > 阈值0.100
[WARN] [1754305850.297031380] [solver_node]: 没有满足距离要求的解
[INFO] [1754305850.309113804] [solver_node]: 无效解: x=2.089, y=7.488, 距离=7.737 > 阈值0.100
[WARN] [1754305850.321284581] [solver_node]: 没有满足距离要求的解
[INFO] [1754305850.333556032] [solver_node]: 无效解: x=2.089, y=7.488, 距离=7.737 > 阈值0.100
[WARN] [1754305850.335022938] [solver_node]: 没有满足距离要求的解
[INFO] [1754305850.347549594] [solver_node]: 无效解: x=2.089, y=7.488, 距离=7.737 > 阈值0.100
[WARN] [1754305850.348397097] [solver_node]: 没有满足距离要求的解
[INFO] [1754305850.360696709] [solver_node]: 无效解: x=2.089, y=7.488, 距离=7.737 > 阈值0.100
[WARN] [1754305850.365089459] [solver_node]: 没有满足距离要求的解
[INFO] [1754305850.377272717] [solver_node]: 无效解: x=2.089, y=7.488, 距离=7.737 > 阈值0.100
[WARN] [1754305850.378134940] [solver_node]: 没有满足距离要求的解
[INFO] [1754305850.392684704] [solver_node]: 无效解: x=2.089, y=7.488, 距离=7.737 > 阈值0.100
[WARN] [1754305850.406007597] [solver_node]: 没有满足距离要求的解
[INFO] [1754305850.430411233] [solver_node]: 无效解: x=2.089, y=7.488, 距离=7.737 > 阈值0.100
[WARN] [1754305850.431346194] [solver_node]: 没有满足距离要求的解
[INFO] [1754305850.444813730] [solver_node]: 无效解: x=2.089, y=7.488, 距离=7.737 > 阈值0.100
[WARN] [1754305850.447073643] [solver_node]: 没有满足距离要求的解
[INFO] [1754305850.459038688] [solver_node]: 无效解: x=2.089, y=7.488, 距离=7.737 > 阈值0.100
[WARN] [1754305850.459868079] [solver_node]: 没有满足距离要求的解
[INFO] [1754305850.475988559] [solver_node]: 无效解: x=2.089, y=7.488, 距离=7.737 > 阈值0.100
[WARN] [1754305850.484979759] [solver_node]: 没有满足距离要求的解
[INFO] [1754305850.498712676] [solver_node]: 无效解: x=2.089, y=7.488, 距离=7.737 > 阈值0.100
[WARN] [1754305850.499574036] [solver_node]: 没有满足距离要求的解
[INFO] [1754305850.511579626] [solver_node]: 无效解: x=2.089, y=7.488, 距离=7.737 > 阈值0.100
[WARN] [1754305850.512786144] [solver_node]: 没有满足距离要求的解
[INFO] [1754305850.529067682] [solver_node]: 无效解: x=2.089, y=7.488, 距离=7.737 > 阈值0.100
[WARN] [1754305850.530651199] [solver_node]: 没有满足距离要求的解
[INFO] [1754305850.542253518] [solver_node]: 无效解: x=2.089, y=7.488, 距离=7.737 > 阈值0.100
[WARN] [1754305850.543098333] [solver_node]: 没有满足距离要求的解
[INFO] [1754305850.555153908] [solver_node]: 无效解: x=2.089, y=7.488, 距离=7.737 > 阈值0.100
[WARN] [1754305850.556034372] [solver_node]: 没有满足距离要求的解
[INFO] [1754305850.576134250] [solver_node]: 无效解: x=2.089, y=7.488, 距离=7.737 > 阈值0.100
[WARN] [1754305850.577045179] [solver_node]: 没有满足距离要求的解
[INFO] [1754305850.604978381] [solver_node]: 无效解: x=2.089, y=7.488, 距离=7.737 > 阈值0.100
[WARN] [1754305850.608439947] [solver_node]: 没有满足距离要求的解
[INFO] [1754305850.623139698] [solver_node]: 无效解: x=2.089, y=7.488, 距离=7.737 > 阈值0.100
[WARN] [1754305850.623996513] [solver_node]: 没有满足距离要求的解
[INFO] [1754305850.637451665] [solver_node]: 无效解: x=2.089, y=7.488, 距离=7.737 > 阈值0.100
[WARN] [1754305850.642310120] [solver_node]: 没有满足距离要求的解
[INFO] [1754305850.654239261] [solver_node]: 无效解: x=2.089, y=7.488, 距离=7.737 > 阈值0.100
[WARN] [1754305850.655132717] [solver_node]: 没有满足距离要求的解
[INFO] [1754305850.681747112] [solver_node]: 无效解: x=2.089, y=7.488, 距离=7.737 > 阈值0.100
[WARN] [1754305850.682661336] [solver_node]: 没有满足距离要求的解
[INFO] [1754305850.694344201] [solver_node]: 无效解: x=2.089, y=7.488, 距离=7.737 > 阈值0.100
[WARN] [1754305850.695179512] [solver_node]: 没有满足距离要求的解
[INFO] [1754305850.706924841] [solver_node]: 无效解: x=2.089, y=7.488, 距离=7.737 > 阈值0.100
[WARN] [1754305850.707761144] [solver_node]: 没有满足距离要求的解
[INFO] [1754305850.728066211] [solver_node]: 无效解: x=2.089, y=7.488, 距离=7.737 > 阈值0.100
[WARN] [1754305850.728958035] [solver_node]: 没有满足距离要求的解
[INFO] [1754305850.743819260] [solver_node]: 无效解: x=2.089, y=7.488, 距离=7.737 > 阈值0.100
[WARN] [1754305850.744716044] [solver_node]: 没有满足距离要求的解
[INFO] [1754305850.756842372] [solver_node]: 无效解: x=2.089, y=7.488, 距离=7.737 > 阈值0.100
[WARN] [1754305850.757753973] [solver_node]: 没有满足距离要求的解
[INFO] [1754305850.775388943] [solver_node]: 无效解: x=2.089, y=7.488, 距离=7.737 > 阈值0.100
[WARN] [1754305850.776274367] [solver_node]: 没有满足距离要求的解
[INFO] [1754305850.788731198] [solver_node]: 无效解: x=2.089, y=7.488, 距离=7.737 > 阈值0.100
[WARN] [1754305850.801820295] [solver_node]: 没有满足距离要求的解
[INFO] [1754305850.814356359] [solver_node]: 无效解: x=2.089, y=7.488, 距离=7.737 > 阈值0.100
[WARN] [1754305850.815328856] [solver_node]: 没有满足距离要求的解
[INFO] [1754305850.828038267] [solver_node]: 无效解: x=2.089, y=7.488, 距离=7.737 > 阈值0.100
[WARN] [1754305850.830985008] [solver_node]: 没有满足距离要求的解
[INFO] [1754305850.844441472] [solver_node]: 无效解: x=2.089, y=7.488, 距离=7.737 > 阈值0.100
[WARN] [1754305850.845273743] [solver_node]: 没有满足距离要求的解
[INFO] [1754305850.859540366] [solver_node]: 无效解: x=2.089, y=7.488, 距离=7.737 > 阈值0.100
[WARN] [1754305850.861762869] [solver_node]: 没有满足距离要求的解
[INFO] [1754305850.880322017] [solver_node]: 无效解: x=2.089, y=7.488, 距离=7.737 > 阈值0.100
[WARN] [1754305850.881200944] [solver_node]: 没有满足距离要求的解
[INFO] [1754305850.892707262] [solver_node]: 无效解: x=2.089, y=7.488, 距离=7.737 > 阈值0.100
[WARN] [1754305850.893586573] [solver_node]: 没有满足距离要求的解
[INFO] [1754305850.922473873] [solver_node]: 无效解: x=2.089, y=7.488, 距离=7.737 > 阈值0.100
[WARN] [1754305850.923451299] [solver_node]: 没有满足距离要求的解
[INFO] [1754305850.935762078] [solver_node]: 无效解: x=2.089, y=7.488, 距离=7.737 > 阈值0.100
[WARN] [1754305850.936634222] [solver_node]: 没有满足距离要求的解
[INFO] [1754305850.959166560] [solver_node]: 无效解: x=2.089, y=7.488, 距离=7.737 > 阈值0.100
[WARN] [1754305850.960719196] [solver_node]: 没有满足距离要求的解
[INFO] [1754305850.979663598] [solver_node]: 无效解: x=2.089, y=7.488, 距离=7.737 > 阈值0.100
[WARN] [1754305850.986652939] [solver_node]: 没有满足距离要求的解
[INFO] [1754305850.998911686] [solver_node]: 无效解: x=2.089, y=7.488, 距离=7.737 > 阈值0.100
[WARN] [1754305851.001702967] [solver_node]: 没有满足距离要求的解
[INFO] [1754305851.016989992] [solver_node]: 无效解: x=2.089, y=7.488, 距离=7.737 > 阈值0.100
[WARN] [1754305851.018508867] [solver_node]: 没有满足距离要求的解
[INFO] [1754305851.060622194] [solver_node]: 无效解: x=2.089, y=7.488, 距离=7.737 > 阈值0.100
[WARN] [1754305851.061650308] [solver_node]: 没有满足距离要求的解
[INFO] [1754305851.075211414] [solver_node]: 无效解: x=2.089, y=7.488, 距离=7.737 > 阈值0.100
[WARN] [1754305851.077442078] [solver_node]: 没有满足距离要求的解
[INFO] [1754305851.098312370] [solver_node]: 无效解: x=2.089, y=7.488, 距离=7.737 > 阈值0.100
[WARN] [1754305851.099172130] [solver_node]: 没有满足距离要求的解
[INFO] [1754305851.124376547] [solver_node]: 无效解: x=2.089, y=7.488, 距离=7.737 > 阈值0.100
[WARN] [1754305851.131769575] [solver_node]: 没有满足距离要求的解
[INFO] [1754305851.144023681] [solver_node]: 无效解: x=2.089, y=7.488, 距离=7.737 > 阈值0.100
[WARN] [1754305851.144909297] [solver_node]: 没有满足距离要求的解
[INFO] [1754305851.174758469] [solver_node]: 无效解: x=2.089, y=7.488, 距离=7.737 > 阈值0.100
[WARN] [1754305851.175662581] [solver_node]: 没有满足距离要求的解
[INFO] [1754305851.187329221] [solver_node]: 无效解: x=2.089, y=7.488, 距离=7.737 > 阈值0.100
[WARN] [1754305851.188905442] [solver_node]: 没有满足距离要求的解
[INFO] [1754305851.201183133] [solver_node]: 无效解: x=2.089, y=7.488, 距离=7.737 > 阈值0.100
[WARN] [1754305851.211699096] [solver_node]: 没有满足距离要求的解
[INFO] [1754305851.231422296] [solver_node]: 无效解: x=2.089, y=7.488, 距离=7.737 > 阈值0.100
[WARN] [1754305851.232574412] [solver_node]: 没有满足距离要求的解
[INFO] [1754305851.245619285] [solver_node]: 无效解: x=2.089, y=7.488, 距离=7.737 > 阈值0.100
[WARN] [1754305851.254465267] [solver_node]: 没有满足距离要求的解
[INFO] [1754305851.267976708] [solver_node]: 无效解: x=2.089, y=7.488, 距离=7.737 > 阈值0.100
[WARN] [1754305851.268886868] [solver_node]: 没有满足距离要求的解
[INFO] [1754305851.290031949] [solver_node]: 无效解: x=2.089, y=7.488, 距离=7.737 > 阈值0.100
[WARN] [1754305851.292060081] [solver_node]: 没有满足距离要求的解
[INFO] [1754305851.304822485] [solver_node]: 无效解: x=2.089, y=7.488, 距离=7.737 > 阈值0.100
[WARN] [1754305851.305753285] [solver_node]: 没有满足距离要求的解
[INFO] [1754305851.326372437] [solver_node]: 无效解: x=2.089, y=7.488, 距离=7.737 > 阈值0.100
[WARN] [1754305851.327405319] [solver_node]: 没有满足距离要求的解
[INFO] [1754305851.354458058] [solver_node]: 无效解: x=2.089, y=7.488, 距离=7.737 > 阈值0.100
[WARN] [1754305851.374946263] [solver_node]: 没有满足距离要求的解
[INFO] [1754305851.387644889] [solver_node]: 无效解: x=2.089, y=7.488, 距离=7.737 > 阈值0.100
[WARN] [1754305851.388720141] [solver_node]: 没有满足距离要求的解
[INFO] [1754305851.404247425] [solver_node]: 无效解: x=2.089, y=7.488, 距离=7.737 > 阈值0.100
[WARN] [1754305851.405118097] [solver_node]: 没有满足距离要求的解
[INFO] [1754305851.423263157] [solver_node]: 无效解: x=2.089, y=7.488, 距离=7.737 > 阈值0.100
[WARN] [1754305851.425033396] [solver_node]: 没有满足距离要求的解
[INFO] [1754305851.455747608] [solver_node]: 无效解: x=2.089, y=7.488, 距离=7.737 > 阈值0.100
[WARN] [1754305851.456689833] [solver_node]: 没有满足距离要求的解
[INFO] [1754305851.472456162] [solver_node]: 无效解: x=2.089, y=7.488, 距离=7.737 > 阈值0.100
[WARN] [1754305851.474519943] [solver_node]: 没有满足距离要求的解
[INFO] [1754305851.499806057] [solver_node]: 无效解: x=2.089, y=7.488, 距离=7.737 > 阈值0.100
[WARN] [1754305851.500696889] [solver_node]: 没有满足距离要求的解
[INFO] [1754305851.513140887] [solver_node]: 无效解: x=2.089, y=7.488, 距离=7.737 > 阈值0.100
[WARN] [1754305851.514976184] [solver_node]: 没有满足距离要求的解
[INFO] [1754305851.529860641] [solver_node]: 无效解: x=2.089, y=7.488, 距离=7.737 > 阈值0.100
[WARN] [1754305851.530733265] [solver_node]: 没有满足距离要求的解
[INFO] [1754305851.553727243] [solver_node]: 无效解: x=2.089, y=7.488, 距离=7.737 > 阈值0.100
[WARN] [1754305851.554616955] [solver_node]: 没有满足距离要求的解
[INFO] [1754305851.573928851] [solver_node]: 无效解: x=2.089, y=7.488, 距离=7.737 > 阈值0.100
[WARN] [1754305851.574768258] [solver_node]: 没有满足距离要求的解
[INFO] [1754305851.589362214] [solver_node]: 无效解: x=2.089, y=7.488, 距离=7.737 > 阈值0.100
[WARN] [1754305851.590405657] [solver_node]: 没有满足距离要求的解
[INFO] [1754305851.603969931] [solver_node]: 无效解: x=2.089, y=7.488, 距离=7.737 > 阈值0.100
[WARN] [1754305851.604836826] [solver_node]: 没有满足距离要求的解
[INFO] [1754305851.631194192] [solver_node]: 无效解: x=2.089, y=7.488, 距离=7.737 > 阈值0.100
[WARN] [1754305851.632060256] [solver_node]: 没有满足距离要求的解
[INFO] [1754305851.651439033] [solver_node]: 无效解: x=2.089, y=7.488, 距离=7.737 > 阈值0.100
[WARN] [1754305851.652360490] [solver_node]: 没有满足距离要求的解
[INFO] [1754305851.669630046] [solver_node]: 无效解: x=2.089, y=7.488, 距离=7.737 > 阈值0.100
[WARN] [1754305851.670531534] [solver_node]: 没有满足距离要求的解
[INFO] [1754305851.682354561] [solver_node]: 无效解: x=2.089, y=7.488, 距离=7.737 > 阈值0.100
[WARN] [1754305851.683210224] [solver_node]: 没有满足距离要求的解
[INFO] [1754305851.696077141] [solver_node]: 无效解: x=2.089, y=7.488, 距离=7.737 > 阈值0.100
[WARN] [1754305851.696924644] [solver_node]: 没有满足距离要求的解
[INFO] [1754305851.708654486] [solver_node]: 位置更新线程已停止
[INFO] [1754305851.710938142] [solver_node]: 求解线程已停止
[INFO] [1754305851.726347057] [solver_node]: Odom TF更新线程已停止
[INFO] [1754305851.743585092] [solver_node]: 重定位线程已停止
[INFO] [1754305851.744699704] [solver_node]: SolverNode资源清理完成
