[INFO] [1754311441.532614127] [solver_node]: [PerpendicularDistanceLocalizer] 激光配置 详细内容: 列表长度: 5
[INFO] [1754311441.534877155] [solver_node]: [PerpendicularDistanceLocalizer] 激光配置[0]: ((0.37685, 1.56608), 1.5708)
[INFO] [1754311441.536474695] [solver_node]: [PerpendicularDistanceLocalizer] 激光配置[1]: ((0.37685, -1.56608), -1.5708)
[INFO] [1754311441.537664642] [solver_node]: [PerpendicularDistanceLocalizer] 激光配置[2]: ((0.37645, 0.47385), 0.0)
[INFO] [1754311441.538717466] [solver_node]: [PerpendicularDistanceLocalizer] 激光配置[3]: ((0.37771, 2.42478), 3.14159)
[INFO] [1754311441.540139355] [solver_node]: [PerpendicularDistanceLocalizer] 激光配置[4]: ((0.37771, -2.42478), 3.14159)
[INFO] [1754311441.541464825] [solver_node]: [PerpendicularDistanceLocalizer] 前束索引: [2], 后束索引: [3, 4]
[INFO] [1754311441.542474160] [solver_node]: [PerpendicularDistanceLocalizer] 左束索引: [0], 右束索引: [1]
[INFO] [1754311441.544151926] [solver_node]: [PerpendicularDistanceLocalizer] h_values: [0.37684581 0.37684581 0.33497201 0.28475693 0.28475693]
[INFO] [1754311441.545236367] [solver_node]: [PerpendicularDistanceLocalizer] 垂直距离定位器已初始化，需要调用calibrate()方法进行标定
[INFO] [1754311441.558859941] [solver_node]: SolverNode启动，进入初始化阶段...
[INFO] [1754311441.563450830] [solver_node]: 发布重定位TF: x=0.000, y=0.000
[INFO] [1754311441.563910072] [solver_node]: 标定数据收集进度: 1/500
[INFO] [1754311441.569890497] [solver_node]: 标定数据收集进度: 2/500
[INFO] [1754311441.577807829] [solver_node]: 标定数据收集进度: 3/500
[INFO] [1754311441.587677398] [solver_node]: 标定数据收集进度: 4/500
[INFO] [1754311441.597986113] [solver_node]: 标定数据收集进度: 5/500
[INFO] [1754311441.609361860] [solver_node]: 标定数据收集进度: 6/500
[INFO] [1754311441.618710265] [solver_node]: 标定数据收集进度: 7/500
[INFO] [1754311441.628454167] [solver_node]: 标定数据收集进度: 8/500
[INFO] [1754311441.637855917] [solver_node]: 标定数据收集进度: 9/500
[INFO] [1754311441.648248506] [solver_node]: 标定数据收集进度: 10/500
[INFO] [1754311441.658689128] [solver_node]: 标定数据收集进度: 11/500
[INFO] [1754311441.667371598] [solver_node]: 标定数据收集进度: 12/500
[INFO] [1754311441.678504140] [solver_node]: 标定数据收集进度: 13/500
[INFO] [1754311441.687281428] [solver_node]: 标定数据收集进度: 14/500
[INFO] [1754311441.698354000] [solver_node]: 标定数据收集进度: 15/500
[INFO] [1754311441.707217946] [solver_node]: 标定数据收集进度: 16/500
[INFO] [1754311441.718199028] [solver_node]: 标定数据收集进度: 17/500
[INFO] [1754311441.727505000] [solver_node]: 标定数据收集进度: 18/500
[INFO] [1754311441.738305759] [solver_node]: 标定数据收集进度: 19/500
[INFO] [1754311441.747220970] [solver_node]: 标定数据收集进度: 20/500
[INFO] [1754311441.757870172] [solver_node]: 标定数据收集进度: 21/500
[INFO] [1754311441.771388912] [solver_node]: 标定数据收集进度: 22/500
[INFO] [1754311441.783500805] [solver_node]: 标定数据收集进度: 23/500
[INFO] [1754311441.787206105] [solver_node]: 标定数据收集进度: 24/500
[INFO] [1754311441.797387585] [solver_node]: 标定数据收集进度: 25/500
[INFO] [1754311441.809767419] [solver_node]: 标定数据收集进度: 26/500
[INFO] [1754311441.818811529] [solver_node]: 标定数据收集进度: 27/500
[INFO] [1754311441.828986801] [solver_node]: 标定数据收集进度: 28/500
[INFO] [1754311441.837347632] [solver_node]: 标定数据收集进度: 29/500
[INFO] [1754311441.847705436] [solver_node]: 标定数据收集进度: 30/500
[INFO] [1754311441.858015655] [solver_node]: 标定数据收集进度: 31/500
[INFO] [1754311441.870878412] [solver_node]: 标定数据收集进度: 32/500
[INFO] [1754311441.877627654] [solver_node]: 标定数据收集进度: 33/500
[INFO] [1754311441.888218007] [solver_node]: 标定数据收集进度: 34/500
[INFO] [1754311441.897723760] [solver_node]: 标定数据收集进度: 35/500
[INFO] [1754311441.909145908] [solver_node]: 标定数据收集进度: 36/500
[INFO] [1754311441.917403216] [solver_node]: 标定数据收集进度: 37/500
[INFO] [1754311441.927796221] [solver_node]: 标定数据收集进度: 38/500
[INFO] [1754311441.937399544] [solver_node]: 标定数据收集进度: 39/500
[INFO] [1754311441.947112085] [solver_node]: 标定数据收集进度: 40/500
[INFO] [1754311441.957246268] [solver_node]: 标定数据收集进度: 41/500
[INFO] [1754311441.969493427] [solver_node]: 标定数据收集进度: 42/500
[INFO] [1754311441.978263995] [solver_node]: 标定数据收集进度: 43/500
[INFO] [1754311441.987417804] [solver_node]: 标定数据收集进度: 44/500
[INFO] [1754311441.998594794] [solver_node]: 标定数据收集进度: 45/500
[INFO] [1754311442.008369865] [solver_node]: 标定数据收集进度: 46/500
[INFO] [1754311442.017917475] [solver_node]: 标定数据收集进度: 47/500
[INFO] [1754311442.040424611] [solver_node]: 标定数据收集进度: 48/500
[INFO] [1754311442.042613941] [solver_node]: 标定数据收集进度: 49/500
[INFO] [1754311442.047289536] [solver_node]: 标定数据收集进度: 50/500
[INFO] [1754311442.058218841] [solver_node]: 标定数据收集进度: 51/500
[INFO] [1754311442.077732278] [solver_node]: 标定数据收集进度: 52/500
[INFO] [1754311442.082175387] [solver_node]: 标定数据收集进度: 53/500
[INFO] [1754311442.088964245] [solver_node]: 标定数据收集进度: 54/500
[INFO] [1754311442.097615291] [solver_node]: 标定数据收集进度: 55/500
[INFO] [1754311442.107444955] [solver_node]: 标定数据收集进度: 56/500
[INFO] [1754311442.117283899] [solver_node]: 标定数据收集进度: 57/500
[INFO] [1754311442.127255934] [solver_node]: 标定数据收集进度: 58/500
[INFO] [1754311442.137070014] [solver_node]: 标定数据收集进度: 59/500
[INFO] [1754311442.147493003] [solver_node]: 标定数据收集进度: 60/500
[INFO] [1754311442.158785228] [solver_node]: 标定数据收集进度: 61/500
[INFO] [1754311442.167797818] [solver_node]: 标定数据收集进度: 62/500
[INFO] [1754311442.177457814] [solver_node]: 标定数据收集进度: 63/500
[INFO] [1754311442.187201780] [solver_node]: 标定数据收集进度: 64/500
[INFO] [1754311442.199519149] [solver_node]: 标定数据收集进度: 65/500
[INFO] [1754311442.209457551] [solver_node]: 标定数据收集进度: 66/500
[INFO] [1754311442.218706466] [solver_node]: 标定数据收集进度: 67/500
[INFO] [1754311442.229891393] [solver_node]: 标定数据收集进度: 68/500
[INFO] [1754311442.237637457] [solver_node]: 标定数据收集进度: 69/500
[INFO] [1754311442.248221570] [solver_node]: 标定数据收集进度: 70/500
[INFO] [1754311442.257606424] [solver_node]: 标定数据收集进度: 71/500
[INFO] [1754311442.268791031] [solver_node]: 标定数据收集进度: 72/500
[INFO] [1754311442.278008681] [solver_node]: 标定数据收集进度: 73/500
[INFO] [1754311442.287528930] [solver_node]: 标定数据收集进度: 74/500
[INFO] [1754311442.298174165] [solver_node]: 标定数据收集进度: 75/500
[INFO] [1754311442.307589707] [solver_node]: 标定数据收集进度: 76/500
[INFO] [1754311442.317683697] [solver_node]: 标定数据收集进度: 77/500
[INFO] [1754311442.327558386] [solver_node]: 标定数据收集进度: 78/500
[INFO] [1754311442.337445748] [solver_node]: 标定数据收集进度: 79/500
[INFO] [1754311442.347538041] [solver_node]: 标定数据收集进度: 80/500
[INFO] [1754311442.359113345] [solver_node]: 标定数据收集进度: 81/500
[INFO] [1754311442.367982347] [solver_node]: 标定数据收集进度: 82/500
[INFO] [1754311442.377999408] [solver_node]: 标定数据收集进度: 83/500
[INFO] [1754311442.387603594] [solver_node]: 标定数据收集进度: 84/500
[INFO] [1754311442.398442241] [solver_node]: 标定数据收集进度: 85/500
[INFO] [1754311442.407734453] [solver_node]: 标定数据收集进度: 86/500
[INFO] [1754311442.419313629] [solver_node]: 标定数据收集进度: 87/500
[INFO] [1754311442.428531311] [solver_node]: 标定数据收集进度: 88/500
[INFO] [1754311442.439277764] [solver_node]: 标定数据收集进度: 89/500
[INFO] [1754311442.447879048] [solver_node]: 标定数据收集进度: 90/500
[INFO] [1754311442.459670709] [solver_node]: 标定数据收集进度: 91/500
[INFO] [1754311442.467393637] [solver_node]: 标定数据收集进度: 92/500
[INFO] [1754311442.481583656] [solver_node]: 标定数据收集进度: 93/500
[INFO] [1754311442.487275082] [solver_node]: 标定数据收集进度: 94/500
[INFO] [1754311442.499025685] [solver_node]: 标定数据收集进度: 95/500
[INFO] [1754311442.509171773] [solver_node]: 标定数据收集进度: 96/500
[INFO] [1754311442.517836226] [solver_node]: 标定数据收集进度: 97/500
[INFO] [1754311442.527168663] [solver_node]: 标定数据收集进度: 98/500
[INFO] [1754311442.539186184] [solver_node]: 标定数据收集进度: 99/500
[INFO] [1754311442.548043826] [solver_node]: 标定数据收集进度: 100/500
[INFO] [1754311442.557196291] [solver_node]: 标定数据收集进度: 101/500
[INFO] [1754311442.568616391] [solver_node]: 发布重定位TF: x=0.000, y=0.000
[INFO] [1754311442.569020464] [solver_node]: 标定数据收集进度: 102/500
[INFO] [1754311442.578382086] [solver_node]: 标定数据收集进度: 103/500
[INFO] [1754311442.587179790] [solver_node]: 标定数据收集进度: 104/500
[INFO] [1754311442.598374061] [solver_node]: 标定数据收集进度: 105/500
[INFO] [1754311442.607285624] [solver_node]: 标定数据收集进度: 106/500
[INFO] [1754311442.622389680] [solver_node]: 标定数据收集进度: 107/500
[INFO] [1754311442.628042097] [solver_node]: 标定数据收集进度: 108/500
[INFO] [1754311442.637734286] [solver_node]: 标定数据收集进度: 109/500
[INFO] [1754311442.647690289] [solver_node]: 标定数据收集进度: 110/500
[INFO] [1754311442.658188000] [solver_node]: 标定数据收集进度: 111/500
[INFO] [1754311442.667714329] [solver_node]: 标定数据收集进度: 112/500
[INFO] [1754311442.677463447] [solver_node]: 标定数据收集进度: 113/500
[INFO] [1754311442.687241942] [solver_node]: 标定数据收集进度: 114/500
[INFO] [1754311442.698474614] [solver_node]: 标定数据收集进度: 115/500
[INFO] [1754311442.707606438] [solver_node]: 标定数据收集进度: 116/500
[INFO] [1754311442.717854896] [solver_node]: 标定数据收集进度: 117/500
[INFO] [1754311442.730408270] [solver_node]: 标定数据收集进度: 118/500
[INFO] [1754311442.739192438] [solver_node]: 标定数据收集进度: 119/500
[INFO] [1754311442.755009022] [solver_node]: 标定数据收集进度: 120/500
[INFO] [1754311442.757941153] [solver_node]: 标定数据收集进度: 121/500
[INFO] [1754311442.767661375] [solver_node]: 标定数据收集进度: 122/500
[INFO] [1754311442.779354121] [solver_node]: 标定数据收集进度: 123/500
[INFO] [1754311442.787460482] [solver_node]: 标定数据收集进度: 124/500
[INFO] [1754311442.797402500] [solver_node]: 标定数据收集进度: 125/500
[INFO] [1754311442.809692988] [solver_node]: 标定数据收集进度: 126/500
[INFO] [1754311442.821649645] [solver_node]: 标定数据收集进度: 127/500
[INFO] [1754311442.828270820] [solver_node]: 标定数据收集进度: 128/500
[INFO] [1754311442.837816445] [solver_node]: 标定数据收集进度: 129/500
[INFO] [1754311442.847110353] [solver_node]: 标定数据收集进度: 130/500
[INFO] [1754311442.859943157] [solver_node]: 标定数据收集进度: 131/500
[INFO] [1754311442.867368191] [solver_node]: 标定数据收集进度: 132/500
[INFO] [1754311442.877682410] [solver_node]: 标定数据收集进度: 133/500
[INFO] [1754311442.887634924] [solver_node]: 标定数据收集进度: 134/500
[INFO] [1754311442.899423193] [solver_node]: 标定数据收集进度: 135/500
[INFO] [1754311442.907380654] [solver_node]: 标定数据收集进度: 136/500
[INFO] [1754311442.917206510] [solver_node]: 标定数据收集进度: 137/500
[INFO] [1754311442.927448120] [solver_node]: 标定数据收集进度: 138/500
[INFO] [1754311442.938166508] [solver_node]: 标定数据收集进度: 139/500
[INFO] [1754311442.947693669] [solver_node]: 标定数据收集进度: 140/500
[INFO] [1754311442.957458307] [solver_node]: 标定数据收集进度: 141/500
[INFO] [1754311442.969784700] [solver_node]: 标定数据收集进度: 142/500
[INFO] [1754311442.977646415] [solver_node]: 标定数据收集进度: 143/500
[INFO] [1754311442.988681355] [solver_node]: 标定数据收集进度: 144/500
[INFO] [1754311442.997240622] [solver_node]: 标定数据收集进度: 145/500
[INFO] [1754311443.007223377] [solver_node]: 标定数据收集进度: 146/500
[INFO] [1754311443.017963462] [solver_node]: 标定数据收集进度: 147/500
[INFO] [1754311443.028008555] [solver_node]: 标定数据收集进度: 148/500
[INFO] [1754311443.042245263] [solver_node]: 标定数据收集进度: 149/500
[INFO] [1754311443.052405623] [solver_node]: 标定数据收集进度: 150/500
[INFO] [1754311443.058637829] [solver_node]: 标定数据收集进度: 151/500
[INFO] [1754311443.067663986] [solver_node]: 标定数据收集进度: 152/500
[INFO] [1754311443.077845018] [solver_node]: 标定数据收集进度: 153/500
[INFO] [1754311443.089947950] [solver_node]: 标定数据收集进度: 154/500
[INFO] [1754311443.099034173] [solver_node]: 标定数据收集进度: 155/500
[INFO] [1754311443.107735300] [solver_node]: 标定数据收集进度: 156/500
[INFO] [1754311443.117560323] [solver_node]: 标定数据收集进度: 157/500
[INFO] [1754311443.128262775] [solver_node]: 标定数据收集进度: 158/500
[INFO] [1754311443.137300645] [solver_node]: 标定数据收集进度: 159/500
[INFO] [1754311443.147464205] [solver_node]: 标定数据收集进度: 160/500
[INFO] [1754311443.157447376] [solver_node]: 标定数据收集进度: 161/500
[INFO] [1754311443.167482741] [solver_node]: 标定数据收集进度: 162/500
[INFO] [1754311443.177629372] [solver_node]: 标定数据收集进度: 163/500
[INFO] [1754311443.187477692] [solver_node]: 标定数据收集进度: 164/500
[INFO] [1754311443.202597237] [solver_node]: 标定数据收集进度: 165/500
[INFO] [1754311443.215290870] [solver_node]: 标定数据收集进度: 166/500
[INFO] [1754311443.218165720] [solver_node]: 标定数据收集进度: 167/500
[INFO] [1754311443.227389642] [solver_node]: 标定数据收集进度: 168/500
[INFO] [1754311443.238521351] [solver_node]: 标定数据收集进度: 169/500
[INFO] [1754311443.247311952] [solver_node]: 标定数据收集进度: 170/500
[INFO] [1754311443.258576272] [solver_node]: 标定数据收集进度: 171/500
[INFO] [1754311443.267416250] [solver_node]: 标定数据收集进度: 172/500
[INFO] [1754311443.277911305] [solver_node]: 标定数据收集进度: 173/500
[INFO] [1754311443.287388353] [solver_node]: 标定数据收集进度: 174/500
[INFO] [1754311443.298218103] [solver_node]: 标定数据收集进度: 175/500
[INFO] [1754311443.314599533] [solver_node]: 标定数据收集进度: 176/500
[INFO] [1754311443.317715060] [solver_node]: 标定数据收集进度: 177/500
[INFO] [1754311443.328617900] [solver_node]: 标定数据收集进度: 178/500
[INFO] [1754311443.337493270] [solver_node]: 标定数据收集进度: 179/500
[INFO] [1754311443.348037415] [solver_node]: 标定数据收集进度: 180/500
[INFO] [1754311443.357706595] [solver_node]: 标定数据收集进度: 181/500
[INFO] [1754311443.367546115] [solver_node]: 标定数据收集进度: 182/500
[INFO] [1754311443.377393219] [solver_node]: 标定数据收集进度: 183/500
[INFO] [1754311443.387556555] [solver_node]: 标定数据收集进度: 184/500
[INFO] [1754311443.397324906] [solver_node]: 标定数据收集进度: 185/500
[INFO] [1754311443.408617419] [solver_node]: 标定数据收集进度: 186/500
[INFO] [1754311443.417444660] [solver_node]: 标定数据收集进度: 187/500
[INFO] [1754311443.428744885] [solver_node]: 标定数据收集进度: 188/500
[INFO] [1754311443.443688426] [solver_node]: 标定数据收集进度: 189/500
[INFO] [1754311443.448690236] [solver_node]: 标定数据收集进度: 190/500
[INFO] [1754311443.457548326] [solver_node]: 标定数据收集进度: 191/500
[INFO] [1754311443.467699789] [solver_node]: 标定数据收集进度: 192/500
[INFO] [1754311443.477365097] [solver_node]: 标定数据收集进度: 193/500
[INFO] [1754311443.487426606] [solver_node]: 标定数据收集进度: 194/500
[INFO] [1754311443.498223748] [solver_node]: 标定数据收集进度: 195/500
[INFO] [1754311443.507429878] [solver_node]: 标定数据收集进度: 196/500
[INFO] [1754311443.517365081] [solver_node]: 标定数据收集进度: 197/500
[INFO] [1754311443.527491487] [solver_node]: 标定数据收集进度: 198/500
[INFO] [1754311443.538042480] [solver_node]: 标定数据收集进度: 199/500
[INFO] [1754311443.547141087] [solver_node]: 标定数据收集进度: 200/500
[INFO] [1754311443.557943157] [solver_node]: 标定数据收集进度: 201/500
[INFO] [1754311443.571182947] [solver_node]: 标定数据收集进度: 202/500
[INFO] [1754311443.582014458] [solver_node]: 标定数据收集进度: 203/500
[INFO] [1754311443.582551622] [solver_node]: 发布重定位TF: x=0.000, y=0.000
[INFO] [1754311443.587840158] [solver_node]: 标定数据收集进度: 204/500
[INFO] [1754311443.598452112] [solver_node]: 标定数据收集进度: 205/500
[INFO] [1754311443.608234991] [solver_node]: 标定数据收集进度: 206/500
[INFO] [1754311443.617695207] [solver_node]: 标定数据收集进度: 207/500
[INFO] [1754311443.630905235] [solver_node]: 标定数据收集进度: 208/500
[INFO] [1754311443.637599436] [solver_node]: 标定数据收集进度: 209/500
[INFO] [1754311443.647777428] [solver_node]: 标定数据收集进度: 210/500
[INFO] [1754311443.658038750] [solver_node]: 标定数据收集进度: 211/500
[INFO] [1754311443.668034689] [solver_node]: 标定数据收集进度: 212/500
[INFO] [1754311443.677404759] [solver_node]: 标定数据收集进度: 213/500
[INFO] [1754311443.687463356] [solver_node]: 标定数据收集进度: 214/500
[INFO] [1754311443.697349437] [solver_node]: 标定数据收集进度: 215/500
[INFO] [1754311443.711641187] [solver_node]: 标定数据收集进度: 216/500
[INFO] [1754311443.721738025] [solver_node]: 标定数据收集进度: 217/500
[INFO] [1754311443.727491500] [solver_node]: 标定数据收集进度: 218/500
[INFO] [1754311443.737476240] [solver_node]: 标定数据收集进度: 219/500
[INFO] [1754311443.747637623] [solver_node]: 标定数据收集进度: 220/500
[INFO] [1754311443.757998531] [solver_node]: 标定数据收集进度: 221/500
[INFO] [1754311443.767769890] [solver_node]: 标定数据收集进度: 222/500
[INFO] [1754311443.777643363] [solver_node]: 标定数据收集进度: 223/500
[INFO] [1754311443.787884364] [solver_node]: 标定数据收集进度: 224/500
[INFO] [1754311443.797415365] [solver_node]: 标定数据收集进度: 225/500
[INFO] [1754311443.808519778] [solver_node]: 标定数据收集进度: 226/500
[INFO] [1754311443.817650674] [solver_node]: 标定数据收集进度: 227/500
[INFO] [1754311443.828384135] [solver_node]: 标定数据收集进度: 228/500
[INFO] [1754311443.837499415] [solver_node]: 标定数据收集进度: 229/500
[INFO] [1754311443.848543442] [solver_node]: 标定数据收集进度: 230/500
[INFO] [1754311443.857677890] [solver_node]: 标定数据收集进度: 231/500
[INFO] [1754311443.867403296] [solver_node]: 标定数据收集进度: 232/500
[INFO] [1754311443.878266615] [solver_node]: 标定数据收集进度: 233/500
[INFO] [1754311443.887769296] [solver_node]: 标定数据收集进度: 234/500
[INFO] [1754311443.897770228] [solver_node]: 标定数据收集进度: 235/500
[INFO] [1754311443.907537714] [solver_node]: 标定数据收集进度: 236/500
[INFO] [1754311443.917863870] [solver_node]: 标定数据收集进度: 237/500
[INFO] [1754311443.927678621] [solver_node]: 标定数据收集进度: 238/500
[INFO] [1754311443.938542197] [solver_node]: 标定数据收集进度: 239/500
[INFO] [1754311443.947359710] [solver_node]: 标定数据收集进度: 240/500
[INFO] [1754311443.958911557] [solver_node]: 标定数据收集进度: 241/500
[INFO] [1754311443.967667020] [solver_node]: 标定数据收集进度: 242/500
[INFO] [1754311443.978212221] [solver_node]: 标定数据收集进度: 243/500
[INFO] [1754311443.998787473] [solver_node]: 标定数据收集进度: 244/500
[INFO] [1754311444.001543024] [solver_node]: 标定数据收集进度: 245/500
[INFO] [1754311444.009254944] [solver_node]: 标定数据收集进度: 246/500
[INFO] [1754311444.021798878] [solver_node]: 标定数据收集进度: 247/500
[INFO] [1754311444.028999618] [solver_node]: 标定数据收集进度: 248/500
[INFO] [1754311444.042131373] [solver_node]: 标定数据收集进度: 249/500
[INFO] [1754311444.049454100] [solver_node]: 标定数据收集进度: 250/500
[INFO] [1754311444.059143216] [solver_node]: 标定数据收集进度: 251/500
[INFO] [1754311444.067773269] [solver_node]: 标定数据收集进度: 252/500
[INFO] [1754311444.077625589] [solver_node]: 标定数据收集进度: 253/500
[INFO] [1754311444.088450988] [solver_node]: 标定数据收集进度: 254/500
[INFO] [1754311444.099819887] [solver_node]: 标定数据收集进度: 255/500
[INFO] [1754311444.111564635] [solver_node]: 标定数据收集进度: 256/500
[INFO] [1754311444.129124939] [solver_node]: 标定数据收集进度: 257/500
[INFO] [1754311444.131314685] [solver_node]: 标定数据收集进度: 258/500
[INFO] [1754311444.137730543] [solver_node]: 标定数据收集进度: 259/500
[INFO] [1754311444.147184166] [solver_node]: 标定数据收集进度: 260/500
[INFO] [1754311444.157938555] [solver_node]: 标定数据收集进度: 261/500
[INFO] [1754311444.167917630] [solver_node]: 标定数据收集进度: 262/500
[INFO] [1754311444.177775071] [solver_node]: 标定数据收集进度: 263/500
[INFO] [1754311444.187330009] [solver_node]: 标定数据收集进度: 264/500
[INFO] [1754311444.204501152] [solver_node]: 标定数据收集进度: 265/500
[INFO] [1754311444.208330071] [solver_node]: 标定数据收集进度: 266/500
[INFO] [1754311444.218792133] [solver_node]: 标定数据收集进度: 267/500
[INFO] [1754311444.228230013] [solver_node]: 标定数据收集进度: 268/500
[INFO] [1754311444.240222062] [solver_node]: 标定数据收集进度: 269/500
[INFO] [1754311444.247709464] [solver_node]: 标定数据收集进度: 270/500
[INFO] [1754311444.257570809] [solver_node]: 标定数据收集进度: 271/500
[INFO] [1754311444.267194932] [solver_node]: 标定数据收集进度: 272/500
[INFO] [1754311444.277401085] [solver_node]: 标定数据收集进度: 273/500
[INFO] [1754311444.287416257] [solver_node]: 标定数据收集进度: 274/500
[INFO] [1754311444.298698530] [solver_node]: 标定数据收集进度: 275/500
[INFO] [1754311444.307402760] [solver_node]: 标定数据收集进度: 276/500
[INFO] [1754311444.318295200] [solver_node]: 标定数据收集进度: 277/500
[INFO] [1754311444.327626197] [solver_node]: 标定数据收集进度: 278/500
[INFO] [1754311444.339527972] [solver_node]: 标定数据收集进度: 279/500
[INFO] [1754311444.347347606] [solver_node]: 标定数据收集进度: 280/500
[INFO] [1754311444.357387323] [solver_node]: 标定数据收集进度: 281/500
[INFO] [1754311444.367735079] [solver_node]: 标定数据收集进度: 282/500
[INFO] [1754311444.378192821] [solver_node]: 标定数据收集进度: 283/500
[INFO] [1754311444.387560202] [solver_node]: 标定数据收集进度: 284/500
[INFO] [1754311444.402048180] [solver_node]: 标定数据收集进度: 285/500
[INFO] [1754311444.408257474] [solver_node]: 标定数据收集进度: 286/500
[INFO] [1754311444.420696317] [solver_node]: 标定数据收集进度: 287/500
[INFO] [1754311444.428896888] [solver_node]: 标定数据收集进度: 288/500
[INFO] [1754311444.437717089] [solver_node]: 标定数据收集进度: 289/500
[INFO] [1754311444.446936979] [solver_node]: 标定数据收集进度: 290/500
[INFO] [1754311444.458150291] [solver_node]: 标定数据收集进度: 291/500
[INFO] [1754311444.467495335] [solver_node]: 标定数据收集进度: 292/500
[INFO] [1754311444.478116345] [solver_node]: 标定数据收集进度: 293/500
[INFO] [1754311444.487982426] [solver_node]: 标定数据收集进度: 294/500
[INFO] [1754311444.500366836] [solver_node]: 标定数据收集进度: 295/500
[INFO] [1754311444.508495085] [solver_node]: 标定数据收集进度: 296/500
[INFO] [1754311444.518128713] [solver_node]: 标定数据收集进度: 297/500
[INFO] [1754311444.529513164] [solver_node]: 标定数据收集进度: 298/500
[INFO] [1754311444.539735765] [solver_node]: 标定数据收集进度: 299/500
[INFO] [1754311444.548050771] [solver_node]: 标定数据收集进度: 300/500
[INFO] [1754311444.557405096] [solver_node]: 标定数据收集进度: 301/500
[INFO] [1754311444.567091492] [solver_node]: 标定数据收集进度: 302/500
[INFO] [1754311444.579448094] [solver_node]: 发布重定位TF: x=0.000, y=0.000
[INFO] [1754311444.580277809] [solver_node]: 标定数据收集进度: 303/500
[INFO] [1754311444.588111171] [solver_node]: 标定数据收集进度: 304/500
[INFO] [1754311444.598454319] [solver_node]: 标定数据收集进度: 305/500
[INFO] [1754311444.607268504] [solver_node]: 标定数据收集进度: 306/500
[INFO] [1754311444.617800488] [solver_node]: 标定数据收集进度: 307/500
[INFO] [1754311444.630068319] [solver_node]: 标定数据收集进度: 308/500
[INFO] [1754311444.637321668] [solver_node]: 标定数据收集进度: 309/500
[INFO] [1754311444.647349641] [solver_node]: 标定数据收集进度: 310/500
[INFO] [1754311444.657356205] [solver_node]: 标定数据收集进度: 311/500
[INFO] [1754311444.667388017] [solver_node]: 标定数据收集进度: 312/500
[INFO] [1754311444.679753259] [solver_node]: 标定数据收集进度: 313/500
[INFO] [1754311444.689390375] [solver_node]: 标定数据收集进度: 314/500
[INFO] [1754311444.697799718] [solver_node]: 标定数据收集进度: 315/500
[INFO] [1754311444.707215133] [solver_node]: 标定数据收集进度: 316/500
[INFO] [1754311444.719272911] [solver_node]: 标定数据收集进度: 317/500
[INFO] [1754311444.728898155] [solver_node]: 标定数据收集进度: 318/500
[INFO] [1754311444.741075424] [solver_node]: 标定数据收集进度: 319/500
[INFO] [1754311444.747979997] [solver_node]: 标定数据收集进度: 320/500
[INFO] [1754311444.762610283] [solver_node]: 标定数据收集进度: 321/500
[INFO] [1754311444.767696767] [solver_node]: 标定数据收集进度: 322/500
[INFO] [1754311444.777283129] [solver_node]: 标定数据收集进度: 323/500
[INFO] [1754311444.790440389] [solver_node]: 标定数据收集进度: 324/500
[INFO] [1754311444.797531526] [solver_node]: 标定数据收集进度: 325/500
[INFO] [1754311444.810906583] [solver_node]: 标定数据收集进度: 326/500
[INFO] [1754311444.818089403] [solver_node]: 标定数据收集进度: 327/500
[INFO] [1754311444.831652400] [solver_node]: 标定数据收集进度: 328/500
[INFO] [1754311444.841739989] [solver_node]: 标定数据收集进度: 329/500
[INFO] [1754311444.849132158] [solver_node]: 标定数据收集进度: 330/500
[INFO] [1754311444.861025933] [solver_node]: 标定数据收集进度: 331/500
[INFO] [1754311444.867388542] [solver_node]: 标定数据收集进度: 332/500
[INFO] [1754311444.877588230] [solver_node]: 标定数据收集进度: 333/500
[INFO] [1754311444.887197217] [solver_node]: 标定数据收集进度: 334/500
[INFO] [1754311444.897519724] [solver_node]: 标定数据收集进度: 335/500
[INFO] [1754311444.907763317] [solver_node]: 标定数据收集进度: 336/500
[INFO] [1754311444.917504659] [solver_node]: 标定数据收集进度: 337/500
[INFO] [1754311444.927673403] [solver_node]: 标定数据收集进度: 338/500
[INFO] [1754311444.938133929] [solver_node]: 标定数据收集进度: 339/500
[INFO] [1754311444.947299642] [solver_node]: 标定数据收集进度: 340/500
[INFO] [1754311444.958126897] [solver_node]: 标定数据收集进度: 341/500
[INFO] [1754311444.967456709] [solver_node]: 标定数据收集进度: 342/500
[INFO] [1754311444.977396488] [solver_node]: 标定数据收集进度: 343/500
[INFO] [1754311444.987725651] [solver_node]: 标定数据收集进度: 344/500
[INFO] [1754311444.998069119] [solver_node]: 标定数据收集进度: 345/500
[INFO] [1754311445.007483765] [solver_node]: 标定数据收集进度: 346/500
[INFO] [1754311445.017664989] [solver_node]: 标定数据收集进度: 347/500
[INFO] [1754311445.027126453] [solver_node]: 标定数据收集进度: 348/500
[INFO] [1754311445.038588986] [solver_node]: 标定数据收集进度: 349/500
[INFO] [1754311445.047164669] [solver_node]: 标定数据收集进度: 350/500
[INFO] [1754311445.057253859] [solver_node]: 标定数据收集进度: 351/500
[INFO] [1754311445.067181189] [solver_node]: 标定数据收集进度: 352/500
[INFO] [1754311445.078738444] [solver_node]: 标定数据收集进度: 353/500
[INFO] [1754311445.087172941] [solver_node]: 标定数据收集进度: 354/500
[INFO] [1754311445.098668018] [solver_node]: 标定数据收集进度: 355/500
[INFO] [1754311445.109023998] [solver_node]: 标定数据收集进度: 356/500
[INFO] [1754311445.117847143] [solver_node]: 标定数据收集进度: 357/500
[INFO] [1754311445.130565193] [solver_node]: 标定数据收集进度: 358/500
[INFO] [1754311445.139293488] [solver_node]: 标定数据收集进度: 359/500
[INFO] [1754311445.148315357] [solver_node]: 标定数据收集进度: 360/500
[INFO] [1754311445.157599601] [solver_node]: 标定数据收集进度: 361/500
[INFO] [1754311445.167374928] [solver_node]: 标定数据收集进度: 362/500
[INFO] [1754311445.177752700] [solver_node]: 标定数据收集进度: 363/500
[INFO] [1754311445.187429912] [solver_node]: 标定数据收集进度: 364/500
[INFO] [1754311445.198218446] [solver_node]: 标定数据收集进度: 365/500
[INFO] [1754311445.208600635] [solver_node]: 标定数据收集进度: 366/500
[INFO] [1754311445.218056498] [solver_node]: 标定数据收集进度: 367/500
[INFO] [1754311445.228449695] [solver_node]: 标定数据收集进度: 368/500
[INFO] [1754311445.239172563] [solver_node]: 标定数据收集进度: 369/500
[INFO] [1754311445.247769815] [solver_node]: 标定数据收集进度: 370/500
[INFO] [1754311445.257479636] [solver_node]: 标定数据收集进度: 371/500
[INFO] [1754311445.267194065] [solver_node]: 标定数据收集进度: 372/500
[INFO] [1754311445.277790051] [solver_node]: 标定数据收集进度: 373/500
[INFO] [1754311445.287993835] [solver_node]: 标定数据收集进度: 374/500
[INFO] [1754311445.298673886] [solver_node]: 标定数据收集进度: 375/500
[INFO] [1754311445.307549481] [solver_node]: 标定数据收集进度: 376/500
[INFO] [1754311445.320332364] [solver_node]: 标定数据收集进度: 377/500
[INFO] [1754311445.328319042] [solver_node]: 标定数据收集进度: 378/500
[INFO] [1754311445.337695159] [solver_node]: 标定数据收集进度: 379/500
[INFO] [1754311445.347132430] [solver_node]: 标定数据收集进度: 380/500
[INFO] [1754311445.360677475] [solver_node]: 标定数据收集进度: 381/500
[INFO] [1754311445.367447485] [solver_node]: 标定数据收集进度: 382/500
[INFO] [1754311445.381220215] [solver_node]: 标定数据收集进度: 383/500
[INFO] [1754311445.387454533] [solver_node]: 标定数据收集进度: 384/500
[INFO] [1754311445.403173643] [solver_node]: 标定数据收集进度: 385/500
[INFO] [1754311445.407230919] [solver_node]: 标定数据收集进度: 386/500
[INFO] [1754311445.418372901] [solver_node]: 标定数据收集进度: 387/500
[INFO] [1754311445.427515317] [solver_node]: 标定数据收集进度: 388/500
[INFO] [1754311445.438071846] [solver_node]: 标定数据收集进度: 389/500
[INFO] [1754311445.450209402] [solver_node]: 标定数据收集进度: 390/500
[INFO] [1754311445.458350356] [solver_node]: 标定数据收集进度: 391/500
[INFO] [1754311445.468496379] [solver_node]: 标定数据收集进度: 392/500
[INFO] [1754311445.477582410] [solver_node]: 标定数据收集进度: 393/500
[INFO] [1754311445.491320963] [solver_node]: 标定数据收集进度: 394/500
[INFO] [1754311445.509194682] [solver_node]: 标定数据收集进度: 395/500
[INFO] [1754311445.521598901] [solver_node]: 标定数据收集进度: 396/500
[INFO] [1754311445.524637562] [solver_node]: 标定数据收集进度: 397/500
[INFO] [1754311445.534464090] [solver_node]: 标定数据收集进度: 398/500
[INFO] [1754311445.537814182] [solver_node]: 标定数据收集进度: 399/500
[INFO] [1754311445.547933420] [solver_node]: 标定数据收集进度: 400/500
[INFO] [1754311445.559056042] [solver_node]: 标定数据收集进度: 401/500
[INFO] [1754311445.568091480] [solver_node]: 标定数据收集进度: 402/500
[INFO] [1754311445.581060319] [solver_node]: 发布重定位TF: x=0.000, y=0.000
[INFO] [1754311445.583935905] [solver_node]: 标定数据收集进度: 403/500
[INFO] [1754311445.587443280] [solver_node]: 标定数据收集进度: 404/500
[INFO] [1754311445.597917599] [solver_node]: 标定数据收集进度: 405/500
[INFO] [1754311445.609107422] [solver_node]: 标定数据收集进度: 406/500
[INFO] [1754311445.621571930] [solver_node]: 标定数据收集进度: 407/500
[INFO] [1754311445.629238153] [solver_node]: 标定数据收集进度: 408/500
[INFO] [1754311445.640760719] [solver_node]: 标定数据收集进度: 409/500
[INFO] [1754311445.648428350] [solver_node]: 标定数据收集进度: 410/500
[INFO] [1754311445.658161339] [solver_node]: 标定数据收集进度: 411/500
[INFO] [1754311445.667726837] [solver_node]: 标定数据收集进度: 412/500
[INFO] [1754311445.677811963] [solver_node]: 标定数据收集进度: 413/500
[INFO] [1754311445.687319988] [solver_node]: 标定数据收集进度: 414/500
[INFO] [1754311445.698907068] [solver_node]: 标定数据收集进度: 415/500
[INFO] [1754311445.709323817] [solver_node]: 标定数据收集进度: 416/500
[INFO] [1754311445.717919821] [solver_node]: 标定数据收集进度: 417/500
[INFO] [1754311445.729257583] [solver_node]: 标定数据收集进度: 418/500
[INFO] [1754311445.738427552] [solver_node]: 标定数据收集进度: 419/500
[INFO] [1754311445.749008209] [solver_node]: 标定数据收集进度: 420/500
[INFO] [1754311445.757374575] [solver_node]: 标定数据收集进度: 421/500
[INFO] [1754311445.767414388] [solver_node]: 标定数据收集进度: 422/500
[INFO] [1754311445.779151263] [solver_node]: 标定数据收集进度: 423/500
[INFO] [1754311445.788992352] [solver_node]: 标定数据收集进度: 424/500
[INFO] [1754311445.798968771] [solver_node]: 标定数据收集进度: 425/500
[INFO] [1754311445.808598846] [solver_node]: 标定数据收集进度: 426/500
[INFO] [1754311445.820286409] [solver_node]: 标定数据收集进度: 427/500
[INFO] [1754311445.827581039] [solver_node]: 标定数据收集进度: 428/500
[INFO] [1754311445.837784855] [solver_node]: 标定数据收集进度: 429/500
[INFO] [1754311445.848059393] [solver_node]: 标定数据收集进度: 430/500
[INFO] [1754311445.859550567] [solver_node]: 标定数据收集进度: 431/500
[INFO] [1754311445.867408666] [solver_node]: 标定数据收集进度: 432/500
[INFO] [1754311445.877449599] [solver_node]: 标定数据收集进度: 433/500
[INFO] [1754311445.887310623] [solver_node]: 标定数据收集进度: 434/500
[INFO] [1754311445.906280623] [solver_node]: 标定数据收集进度: 435/500
[INFO] [1754311445.909882177] [solver_node]: 标定数据收集进度: 436/500
[INFO] [1754311445.918201567] [solver_node]: 标定数据收集进度: 437/500
[INFO] [1754311445.928208355] [solver_node]: 标定数据收集进度: 438/500
[INFO] [1754311445.938535918] [solver_node]: 标定数据收集进度: 439/500
[INFO] [1754311445.947699711] [solver_node]: 标定数据收集进度: 440/500
[INFO] [1754311445.957834854] [solver_node]: 标定数据收集进度: 441/500
[INFO] [1754311445.968321077] [solver_node]: 标定数据收集进度: 442/500
[INFO] [1754311445.978551614] [solver_node]: 标定数据收集进度: 443/500
[INFO] [1754311445.989698428] [solver_node]: 标定数据收集进度: 444/500
[INFO] [1754311445.999029680] [solver_node]: 标定数据收集进度: 445/500
[INFO] [1754311446.007987132] [solver_node]: 标定数据收集进度: 446/500
[INFO] [1754311446.019145242] [solver_node]: 标定数据收集进度: 447/500
[INFO] [1754311446.028437966] [solver_node]: 标定数据收集进度: 448/500
[INFO] [1754311446.039407752] [solver_node]: 标定数据收集进度: 449/500
[INFO] [1754311446.047351101] [solver_node]: 标定数据收集进度: 450/500
[INFO] [1754311446.057521636] [solver_node]: 标定数据收集进度: 451/500
[INFO] [1754311446.067429030] [solver_node]: 标定数据收集进度: 452/500
[INFO] [1754311446.078143770] [solver_node]: 标定数据收集进度: 453/500
[INFO] [1754311446.087366668] [solver_node]: 标定数据收集进度: 454/500
[INFO] [1754311446.098869938] [solver_node]: 标定数据收集进度: 455/500
[INFO] [1754311446.108143846] [solver_node]: 标定数据收集进度: 456/500
[INFO] [1754311446.123643495] [solver_node]: 标定数据收集进度: 457/500
[INFO] [1754311446.128596343] [solver_node]: 标定数据收集进度: 458/500
[INFO] [1754311446.138183346] [solver_node]: 标定数据收集进度: 459/500
[INFO] [1754311446.147412740] [solver_node]: 标定数据收集进度: 460/500
[INFO] [1754311446.157613804] [solver_node]: 标定数据收集进度: 461/500
[INFO] [1754311446.168057082] [solver_node]: 标定数据收集进度: 462/500
[INFO] [1754311446.177711542] [solver_node]: 标定数据收集进度: 463/500
[INFO] [1754311446.196721863] [solver_node]: 标定数据收集进度: 464/500
[INFO] [1754311446.198912313] [solver_node]: 标定数据收集进度: 465/500
[INFO] [1754311446.209326086] [solver_node]: 标定数据收集进度: 466/500
[INFO] [1754311446.217649060] [solver_node]: 标定数据收集进度: 467/500
[INFO] [1754311446.229054408] [solver_node]: 标定数据收集进度: 468/500
[INFO] [1754311446.238090869] [solver_node]: 标定数据收集进度: 469/500
[INFO] [1754311446.251772365] [solver_node]: 标定数据收集进度: 470/500
[INFO] [1754311446.257276074] [solver_node]: 标定数据收集进度: 471/500
[INFO] [1754311446.267790234] [solver_node]: 标定数据收集进度: 472/500
[INFO] [1754311446.278174086] [solver_node]: 标定数据收集进度: 473/500
[INFO] [1754311446.290815078] [solver_node]: 标定数据收集进度: 474/500
[INFO] [1754311446.297270649] [solver_node]: 标定数据收集进度: 475/500
[INFO] [1754311446.307572708] [solver_node]: 标定数据收集进度: 476/500
[INFO] [1754311446.318414907] [solver_node]: 标定数据收集进度: 477/500
[INFO] [1754311446.327724303] [solver_node]: 标定数据收集进度: 478/500
[INFO] [1754311446.337622224] [solver_node]: 标定数据收集进度: 479/500
[INFO] [1754311446.347562003] [solver_node]: 标定数据收集进度: 480/500
[INFO] [1754311446.357956320] [solver_node]: 标定数据收集进度: 481/500
[INFO] [1754311446.369107646] [solver_node]: 标定数据收集进度: 482/500
[INFO] [1754311446.378772922] [solver_node]: 标定数据收集进度: 483/500
[INFO] [1754311446.389451437] [solver_node]: 标定数据收集进度: 484/500
[INFO] [1754311446.400810960] [solver_node]: 标定数据收集进度: 485/500
[INFO] [1754311446.407293891] [solver_node]: 标定数据收集进度: 486/500
[INFO] [1754311446.417892437] [solver_node]: 标定数据收集进度: 487/500
[INFO] [1754311446.428341667] [solver_node]: 标定数据收集进度: 488/500
[INFO] [1754311446.441712307] [solver_node]: 标定数据收集进度: 489/500
[INFO] [1754311446.447968642] [solver_node]: 标定数据收集进度: 490/500
[INFO] [1754311446.458298829] [solver_node]: 标定数据收集进度: 491/500
[INFO] [1754311446.467097365] [solver_node]: 标定数据收集进度: 492/500
[INFO] [1754311446.477583204] [solver_node]: 标定数据收集进度: 493/500
[INFO] [1754311446.488609151] [solver_node]: 标定数据收集进度: 494/500
[INFO] [1754311446.498734630] [solver_node]: 标定数据收集进度: 495/500
[INFO] [1754311446.508625511] [solver_node]: 标定数据收集进度: 496/500
[INFO] [1754311446.517546515] [solver_node]: 标定数据收集进度: 497/500
[INFO] [1754311446.527278864] [solver_node]: 标定数据收集进度: 498/500
[INFO] [1754311446.537599131] [solver_node]: 标定数据收集进度: 499/500
[INFO] [1754311446.547289432] [solver_node]: 标定数据收集进度: 500/500
[INFO] [1754311446.548074986] [solver_node]: 标定数据收集完成，开始标定...
[INFO] [1754311446.548834267] [solver_node]: 开始标定，收集到的数据shape: (500, 5)
[INFO] [1754311446.549561644] [solver_node]: [PerpendicularDistanceLocalizer] 开始标定，扫描数据shape: (500, 5)
[INFO] [1754311446.550542370] [solver_node]: [PerpendicularDistanceLocalizer] 平均测距值 详细内容: 形状: (5,), 类型: float64
[INFO] [1754311446.551346260] [solver_node]: [PerpendicularDistanceLocalizer] 平均测距值[0]: 0.6823259882926941
[INFO] [1754311446.552083749] [solver_node]: [PerpendicularDistanceLocalizer] 平均测距值[1]: 6.583357976913452
[INFO] [1754311446.552780245] [solver_node]: [PerpendicularDistanceLocalizer] 平均测距值[2]: 7.696961967468262
[INFO] [1754311446.553492805] [solver_node]: [PerpendicularDistanceLocalizer] 平均测距值[3]: 0.4894619932770729
[INFO] [1754311446.554227094] [solver_node]: [PerpendicularDistanceLocalizer] 平均测距值[4]: 0.4269999861717224
[INFO] [1754311446.555016648] [solver_node]: [PerpendicularDistanceLocalizer] h_values 详细内容: 形状: (5,), 类型: float64
[INFO] [1754311446.555762617] [solver_node]: [PerpendicularDistanceLocalizer] h_values[0]: 0.37684580873135426
[INFO] [1754311446.556536875] [solver_node]: [PerpendicularDistanceLocalizer] h_values[1]: 0.37684580873135426
[INFO] [1754311446.557270459] [solver_node]: [PerpendicularDistanceLocalizer] h_values[2]: 0.33497201345916283
[INFO] [1754311446.557983020] [solver_node]: [PerpendicularDistanceLocalizer] h_values[3]: 0.2847569265233284
[INFO] [1754311446.558687644] [solver_node]: [PerpendicularDistanceLocalizer] h_values[4]: 0.2847569265233284
[INFO] [1754311446.560434595] [solver_node]: [PerpendicularDistanceLocalizer] 标定完成: m=8.775, n=8.019
[INFO] [1754311446.561870148] [solver_node]: [PerpendicularDistanceLocalizer] 前后左右平均距离: 前=8.032, 后=0.743, 左=1.059, 右=6.960
[INFO] [1754311446.562636566] [solver_node]: [PerpendicularDistanceLocalizer] 计算的初始位姿: x=0.743, y=6.960, phi=1.571
[INFO] [1754311446.563362470] [solver_node]: 标定完成: m=9.960, n=7.970
[INFO] [1754311446.565398004] [solver_node]: 标定得到的初始位姿: x=0.743, y=6.960, phi=1.571
[INFO] [1754311446.566473709] [solver_node]: LIO位置: x=-0.027, y=-0.502
[INFO] [1754311446.567256927] [solver_node]: Started偏移: x=0.770, y=7.463
[INFO] [1754311446.567991888] [solver_node]: 初始化阶段完成，进入运行阶段
[INFO] [1754311446.611626193] [solver_node]: 发布重定位TF: x=0.000, y=0.000
[INFO] [1754311447.647558843] [solver_node]: 发布重定位TF: x=0.000, y=0.000
[INFO] [1754311448.630692593] [solver_node]: 发布重定位TF: x=0.000, y=0.000
[INFO] [1754311449.650877231] [solver_node]: 发布重定位TF: x=0.000, y=0.000
[INFO] [1754311450.650809950] [solver_node]: 发布重定位TF: x=0.000, y=0.000
[INFO] [1754311451.654707205] [solver_node]: 发布重定位TF: x=0.000, y=0.000
[INFO] [1754311452.665649546] [solver_node]: 发布重定位TF: x=0.000, y=0.000
[INFO] [1754311453.665246731] [solver_node]: 发布重定位TF: x=0.000, y=0.000
[INFO] [1754311454.680323145] [solver_node]: 发布重定位TF: x=0.000, y=0.000
[INFO] [1754311455.691742226] [solver_node]: 发布重定位TF: x=0.000, y=0.000
[INFO] [1754311456.718421876] [solver_node]: 发布重定位TF: x=0.000, y=0.000
[INFO] [1754311457.695999222] [solver_node]: 发布重定位TF: x=0.000, y=0.000
[INFO] [1754311458.709615082] [solver_node]: 发布重定位TF: x=0.000, y=0.000
[INFO] [1754311459.732843510] [solver_node]: 发布重定位TF: x=0.000, y=0.000
[INFO] [1754311460.751289331] [solver_node]: 发布重定位TF: x=0.000, y=0.000
[INFO] [1754311461.756466208] [solver_node]: 发布重定位TF: x=0.000, y=0.000
[INFO] [1754311462.781726931] [solver_node]: 发布重定位TF: x=0.000, y=0.000
[INFO] [1754311463.793155114] [solver_node]: 发布重定位TF: x=0.000, y=0.000
[INFO] [1754311464.801267570] [solver_node]: 发布重定位TF: x=0.000, y=0.000
[INFO] [1754311465.810549427] [solver_node]: 发布重定位TF: x=0.000, y=0.000
[INFO] [1754311466.827513729] [solver_node]: 发布重定位TF: x=0.000, y=0.000
[INFO] [1754311467.859121017] [solver_node]: 发布重定位TF: x=0.000, y=0.000
[INFO] [1754311468.850071026] [solver_node]: 发布重定位TF: x=0.000, y=0.000
[INFO] [1754311469.843226043] [solver_node]: 发布重定位TF: x=0.000, y=0.000
[INFO] [1754311470.869199340] [solver_node]: 发布重定位TF: x=0.000, y=0.000
[INFO] [1754311471.861695874] [solver_node]: 发布重定位TF: x=0.000, y=0.000
[INFO] [1754311472.898776395] [solver_node]: 发布重定位TF: x=0.000, y=0.000
[INFO] [1754311473.893082277] [solver_node]: 发布重定位TF: x=0.000, y=0.000
[INFO] [1754311474.923448560] [solver_node]: 发布重定位TF: x=0.000, y=0.000
[INFO] [1754311475.917788007] [solver_node]: 发布重定位TF: x=0.000, y=0.000
[INFO] [1754311476.983534801] [solver_node]: 发布重定位TF: x=0.000, y=0.000
[INFO] [1754311477.937545872] [solver_node]: 发布重定位TF: x=0.000, y=0.000
[INFO] [1754311478.971376065] [solver_node]: 发布重定位TF: x=0.000, y=0.000
[INFO] [1754311479.982268167] [solver_node]: 发布重定位TF: x=0.000, y=0.000
[INFO] [1754311480.987505354] [solver_node]: 发布重定位TF: x=0.000, y=0.000
[INFO] [1754311481.986367418] [solver_node]: 发布重定位TF: x=0.000, y=0.000
[INFO] [1754311482.991480502] [solver_node]: 发布重定位TF: x=0.000, y=0.000
[INFO] [1754311483.996448364] [solver_node]: 发布重定位TF: x=0.000, y=0.000
[INFO] [1754311485.004126366] [solver_node]: 发布重定位TF: x=0.000, y=0.000
[INFO] [1754311486.022276411] [solver_node]: 发布重定位TF: x=0.000, y=0.000
[INFO] [1754311487.027963931] [solver_node]: 发布重定位TF: x=0.000, y=0.000
[INFO] [1754311488.064836636] [solver_node]: 发布重定位TF: x=0.000, y=0.000
[INFO] [1754311488.767362236] [solver_node]: 求解线程已停止
[INFO] [1754311488.768526230] [solver_node]: 位置更新线程已停止
[INFO] [1754311488.775346513] [solver_node]: TF发布线程已停止
[INFO] [1754311488.779741652] [solver_node]: Odom TF更新线程已停止
[INFO] [1754311488.841848469] [solver_node]: 重定位计算线程已停止
[INFO] [1754311488.847257200] [solver_node]: SolverNode资源清理完成
