[INFO] [1753424670.102806111] [solver_node]: [Case1BatchSolver] Case1BatchSolver初始化完成: 场地尺寸: 9.998x8.0, 容差: 0.001
[INFO] [1753424670.103772695] [solver_node]: [Case3BatchSolver] Case3BatchSolver初始化完成: 场地尺寸: 9.998x8.0, 容差: 0.001
[INFO] [1753424670.104473065] [solver_node]: [PoseSolver] PoseSolver初始化完成: 场地(9.998x8.0), 4个激光
[INFO] [1753424670.236903314] [solver_node]: 数据详情:
- 第一个元素类型: <class 'float'>
- 整个数组类型: <class 'array.array'>
- 数组长度: 4
- 示例值: array('f', [0.0, 4.665999889373779, 1.8070000410079956, 5.369999885559082])
[INFO] [1753424670.242024467] [solver_node]: 调用求解器前，distances shape: (4,), values: [       nan 4.66599989 1.80700004 5.36999989]
[INFO] [1753424670.247527006] [solver_node]: 求解器返回结果: []
[INFO] [1753424670.295965667] [solver_node]: 数据详情:
- 第一个元素类型: <class 'float'>
- 整个数组类型: <class 'array.array'>
- 数组长度: 4
- 示例值: array('f', [0.0, 4.665999889373779, 1.8070000410079956, 5.369999885559082])
[INFO] [1753424670.298172090] [solver_node]: 调用求解器前，distances shape: (4,), values: [       nan 4.66599989 1.80700004 5.36999989]
[INFO] [1753424670.301007874] [solver_node]: 求解器返回结果: []
[INFO] [1753424670.388619778] [solver_node]: 数据详情:
- 第一个元素类型: <class 'float'>
- 整个数组类型: <class 'array.array'>
- 数组长度: 4
- 示例值: array('f', [0.0, 4.665999889373779, 1.8070000410079956, 5.369999885559082])
[INFO] [1753424670.390083399] [solver_node]: 调用求解器前，distances shape: (4,), values: [       nan 4.66599989 1.80700004 5.36999989]
[INFO] [1753424670.392881229] [solver_node]: 求解器返回结果: []
[INFO] [1753424670.489519089] [solver_node]: 数据详情:
- 第一个元素类型: <class 'float'>
- 整个数组类型: <class 'array.array'>
- 数组长度: 4
- 示例值: array('f', [0.0, 4.665999889373779, 1.8070000410079956, 5.369999885559082])
[INFO] [1753424670.491536195] [solver_node]: 调用求解器前，distances shape: (4,), values: [       nan 4.66599989 1.80700004 5.36999989]
[INFO] [1753424670.494926905] [solver_node]: 求解器返回结果: []
[INFO] [1753424670.588686196] [solver_node]: 数据详情:
- 第一个元素类型: <class 'float'>
- 整个数组类型: <class 'array.array'>
- 数组长度: 4
- 示例值: array('f', [0.0, 4.665999889373779, 1.8070000410079956, 5.369999885559082])
[INFO] [1753424670.590150009] [solver_node]: 调用求解器前，distances shape: (4,), values: [       nan 4.66599989 1.80700004 5.36999989]
[INFO] [1753424670.592869469] [solver_node]: 求解器返回结果: []
[INFO] [1753424670.689441599] [solver_node]: 数据详情:
- 第一个元素类型: <class 'float'>
- 整个数组类型: <class 'array.array'>
- 数组长度: 4
- 示例值: array('f', [0.0, 4.665999889373779, 1.8070000410079956, 5.369999885559082])
[INFO] [1753424670.691012647] [solver_node]: 调用求解器前，distances shape: (4,), values: [       nan 4.66599989 1.80700004 5.36999989]
[INFO] [1753424670.693860078] [solver_node]: 求解器返回结果: []
[INFO] [1753424670.788536512] [solver_node]: 数据详情:
- 第一个元素类型: <class 'float'>
- 整个数组类型: <class 'array.array'>
- 数组长度: 4
- 示例值: array('f', [0.0, 4.665999889373779, 1.8070000410079956, 5.369999885559082])
[INFO] [1753424670.789940292] [solver_node]: 调用求解器前，distances shape: (4,), values: [       nan 4.66599989 1.80700004 5.36999989]
[INFO] [1753424670.792613703] [solver_node]: 求解器返回结果: []
[INFO] [1753424670.889533650] [solver_node]: 数据详情:
- 第一个元素类型: <class 'float'>
- 整个数组类型: <class 'array.array'>
- 数组长度: 4
- 示例值: array('f', [0.0, 4.665999889373779, 1.8070000410079956, 5.369999885559082])
[INFO] [1753424670.891136954] [solver_node]: 调用求解器前，distances shape: (4,), values: [       nan 4.66599989 1.80700004 5.36999989]
[INFO] [1753424670.894000002] [solver_node]: 求解器返回结果: []
[INFO] [1753424670.988729526] [solver_node]: 数据详情:
- 第一个元素类型: <class 'float'>
- 整个数组类型: <class 'array.array'>
- 数组长度: 4
- 示例值: array('f', [0.0, 4.665999889373779, 1.8070000410079956, 5.369999885559082])
[INFO] [1753424670.990221211] [solver_node]: 调用求解器前，distances shape: (4,), values: [       nan 4.66599989 1.80700004 5.36999989]
[INFO] [1753424670.993165221] [solver_node]: 求解器返回结果: []
[INFO] [1753424671.091413233] [solver_node]: 数据详情:
- 第一个元素类型: <class 'float'>
- 整个数组类型: <class 'array.array'>
- 数组长度: 4
- 示例值: array('f', [0.0, 4.665999889373779, 1.8070000410079956, 5.369999885559082])
[INFO] [1753424671.092963673] [solver_node]: 调用求解器前，distances shape: (4,), values: [       nan 4.66599989 1.80700004 5.36999989]
[INFO] [1753424671.095785376] [solver_node]: 求解器返回结果: []
[INFO] [1753424671.191601294] [solver_node]: 数据详情:
- 第一个元素类型: <class 'float'>
- 整个数组类型: <class 'array.array'>
- 数组长度: 4
- 示例值: array('f', [0.0, 4.665999889373779, 1.8070000410079956, 5.369999885559082])
[INFO] [1753424671.193293529] [solver_node]: 调用求解器前，distances shape: (4,), values: [       nan 4.66599989 1.80700004 5.36999989]
[INFO] [1753424671.196633261] [solver_node]: 求解器返回结果: []
[INFO] [1753424671.289694231] [solver_node]: 数据详情:
- 第一个元素类型: <class 'float'>
- 整个数组类型: <class 'array.array'>
- 数组长度: 4
- 示例值: array('f', [0.0, 4.665999889373779, 1.8070000410079956, 5.369999885559082])
[INFO] [1753424671.291595175] [solver_node]: 调用求解器前，distances shape: (4,), values: [       nan 4.66599989 1.80700004 5.36999989]
[INFO] [1753424671.294475727] [solver_node]: 求解器返回结果: []
[INFO] [1753424671.390493603] [solver_node]: 数据详情:
- 第一个元素类型: <class 'float'>
- 整个数组类型: <class 'array.array'>
- 数组长度: 4
- 示例值: array('f', [0.0, 4.665999889373779, 1.8070000410079956, 5.369999885559082])
[INFO] [1753424671.392056234] [solver_node]: 调用求解器前，distances shape: (4,), values: [       nan 4.66599989 1.80700004 5.36999989]
[INFO] [1753424671.394799344] [solver_node]: 求解器返回结果: []
[INFO] [1753424671.489328958] [solver_node]: 数据详情:
- 第一个元素类型: <class 'float'>
- 整个数组类型: <class 'array.array'>
- 数组长度: 4
- 示例值: array('f', [0.0, 4.665999889373779, 1.8070000410079956, 5.369999885559082])
[INFO] [1753424671.491599735] [solver_node]: 调用求解器前，distances shape: (4,), values: [       nan 4.66599989 1.80700004 5.36999989]
[INFO] [1753424671.494685797] [solver_node]: 求解器返回结果: []
[INFO] [1753424671.589279029] [solver_node]: 数据详情:
- 第一个元素类型: <class 'float'>
- 整个数组类型: <class 'array.array'>
- 数组长度: 4
- 示例值: array('f', [0.0, 4.665999889373779, 1.8070000410079956, 5.369999885559082])
[INFO] [1753424671.590889149] [solver_node]: 调用求解器前，distances shape: (4,), values: [       nan 4.66599989 1.80700004 5.36999989]
[INFO] [1753424671.593918506] [solver_node]: 求解器返回结果: []
[INFO] [1753424671.688802625] [solver_node]: 数据详情:
- 第一个元素类型: <class 'float'>
- 整个数组类型: <class 'array.array'>
- 数组长度: 4
- 示例值: array('f', [0.0, 4.665999889373779, 1.8070000410079956, 5.369999885559082])
[INFO] [1753424671.690333352] [solver_node]: 调用求解器前，distances shape: (4,), values: [       nan 4.66599989 1.80700004 5.36999989]
[INFO] [1753424671.693837152] [solver_node]: 求解器返回结果: []
[INFO] [1753424671.789848660] [solver_node]: 数据详情:
- 第一个元素类型: <class 'float'>
- 整个数组类型: <class 'array.array'>
- 数组长度: 4
- 示例值: array('f', [0.0, 4.665999889373779, 1.8070000410079956, 5.369999885559082])
[INFO] [1753424671.793117126] [solver_node]: 调用求解器前，distances shape: (4,), values: [       nan 4.66599989 1.80700004 5.36999989]
[INFO] [1753424671.796525308] [solver_node]: 求解器返回结果: []
[INFO] [1753424671.889138554] [solver_node]: 数据详情:
- 第一个元素类型: <class 'float'>
- 整个数组类型: <class 'array.array'>
- 数组长度: 4
- 示例值: array('f', [0.0, 4.665999889373779, 1.8070000410079956, 5.369999885559082])
[INFO] [1753424671.890597087] [solver_node]: 调用求解器前，distances shape: (4,), values: [       nan 4.66599989 1.80700004 5.36999989]
[INFO] [1753424671.893414630] [solver_node]: 求解器返回结果: []
[INFO] [1753424671.988680071] [solver_node]: 数据详情:
- 第一个元素类型: <class 'float'>
- 整个数组类型: <class 'array.array'>
- 数组长度: 4
- 示例值: array('f', [0.0, 4.665999889373779, 1.8070000410079956, 5.369999885559082])
[INFO] [1753424671.990198093] [solver_node]: 调用求解器前，distances shape: (4,), values: [       nan 4.66599989 1.80700004 5.36999989]
[INFO] [1753424671.993113334] [solver_node]: 求解器返回结果: []
[INFO] [1753424672.088544540] [solver_node]: 数据详情:
- 第一个元素类型: <class 'float'>
- 整个数组类型: <class 'array.array'>
- 数组长度: 4
- 示例值: array('f', [0.0, 4.665999889373779, 1.8070000410079956, 5.369999885559082])
[INFO] [1753424672.090062946] [solver_node]: 调用求解器前，distances shape: (4,), values: [       nan 4.66599989 1.80700004 5.36999989]
[INFO] [1753424672.092920426] [solver_node]: 求解器返回结果: []
[INFO] [1753424672.189394089] [solver_node]: 数据详情:
- 第一个元素类型: <class 'float'>
- 整个数组类型: <class 'array.array'>
- 数组长度: 4
- 示例值: array('f', [0.0, 4.665999889373779, 1.8070000410079956, 5.369999885559082])
[INFO] [1753424672.191272697] [solver_node]: 调用求解器前，distances shape: (4,), values: [       nan 4.66599989 1.80700004 5.36999989]
[INFO] [1753424672.194313669] [solver_node]: 求解器返回结果: []
[INFO] [1753424672.288646927] [solver_node]: 数据详情:
- 第一个元素类型: <class 'float'>
- 整个数组类型: <class 'array.array'>
- 数组长度: 4
- 示例值: array('f', [0.0, 4.665999889373779, 1.8070000410079956, 5.369999885559082])
[INFO] [1753424672.290127540] [solver_node]: 调用求解器前，distances shape: (4,), values: [       nan 4.66599989 1.80700004 5.36999989]
[INFO] [1753424672.293062398] [solver_node]: 求解器返回结果: []
[INFO] [1753424672.388791147] [solver_node]: 数据详情:
- 第一个元素类型: <class 'float'>
- 整个数组类型: <class 'array.array'>
- 数组长度: 4
- 示例值: array('f', [0.0, 4.665999889373779, 1.8070000410079956, 5.369999885559082])
[INFO] [1753424672.390362162] [solver_node]: 调用求解器前，distances shape: (4,), values: [       nan 4.66599989 1.80700004 5.36999989]
[INFO] [1753424672.393380702] [solver_node]: 求解器返回结果: []
[INFO] [1753424672.488473211] [solver_node]: 数据详情:
- 第一个元素类型: <class 'float'>
- 整个数组类型: <class 'array.array'>
- 数组长度: 4
- 示例值: array('f', [0.0, 4.665999889373779, 1.8070000410079956, 5.369999885559082])
[INFO] [1753424672.489951840] [solver_node]: 调用求解器前，distances shape: (4,), values: [       nan 4.66599989 1.80700004 5.36999989]
[INFO] [1753424672.492924235] [solver_node]: 求解器返回结果: []
[INFO] [1753424672.588813468] [solver_node]: 数据详情:
- 第一个元素类型: <class 'float'>
- 整个数组类型: <class 'array.array'>
- 数组长度: 4
- 示例值: array('f', [0.0, 4.665999889373779, 1.8070000410079956, 5.369999885559082])
[INFO] [1753424672.590840975] [solver_node]: 调用求解器前，distances shape: (4,), values: [       nan 4.66599989 1.80700004 5.36999989]
[INFO] [1753424672.593867259] [solver_node]: 求解器返回结果: []
[INFO] [1753424672.688796436] [solver_node]: 数据详情:
- 第一个元素类型: <class 'float'>
- 整个数组类型: <class 'array.array'>
- 数组长度: 4
- 示例值: array('f', [0.0, 4.665999889373779, 1.8070000410079956, 5.369999885559082])
[INFO] [1753424672.690309850] [solver_node]: 调用求解器前，distances shape: (4,), values: [       nan 4.66599989 1.80700004 5.36999989]
[INFO] [1753424672.693470122] [solver_node]: 求解器返回结果: []
[INFO] [1753424672.790934818] [solver_node]: 数据详情:
- 第一个元素类型: <class 'float'>
- 整个数组类型: <class 'array.array'>
- 数组长度: 4
- 示例值: array('f', [0.0, 4.665999889373779, 1.8070000410079956, 5.369999885559082])
[INFO] [1753424672.793778954] [solver_node]: 调用求解器前，distances shape: (4,), values: [       nan 4.66599989 1.80700004 5.36999989]
[INFO] [1753424672.797052828] [solver_node]: 求解器返回结果: []
[INFO] [1753424672.888786884] [solver_node]: 数据详情:
- 第一个元素类型: <class 'float'>
- 整个数组类型: <class 'array.array'>
- 数组长度: 4
- 示例值: array('f', [0.0, 4.665999889373779, 1.8070000410079956, 5.369999885559082])
[INFO] [1753424672.890583922] [solver_node]: 调用求解器前，distances shape: (4,), values: [       nan 4.66599989 1.80700004 5.36999989]
[INFO] [1753424672.894096298] [solver_node]: 求解器返回结果: []
[INFO] [1753424672.988756092] [solver_node]: 数据详情:
- 第一个元素类型: <class 'float'>
- 整个数组类型: <class 'array.array'>
- 数组长度: 4
- 示例值: array('f', [0.0, 4.665999889373779, 1.8070000410079956, 5.369999885559082])
[INFO] [1753424672.990259938] [solver_node]: 调用求解器前，distances shape: (4,), values: [       nan 4.66599989 1.80700004 5.36999989]
[INFO] [1753424672.996106837] [solver_node]: 求解器返回结果: []
[INFO] [1753424673.089320674] [solver_node]: 数据详情:
- 第一个元素类型: <class 'float'>
- 整个数组类型: <class 'array.array'>
- 数组长度: 4
- 示例值: array('f', [0.0, 4.665999889373779, 1.8070000410079956, 5.369999885559082])
[INFO] [1753424673.090943467] [solver_node]: 调用求解器前，distances shape: (4,), values: [       nan 4.66599989 1.80700004 5.36999989]
[INFO] [1753424673.094820205] [solver_node]: 求解器返回结果: []
[INFO] [1753424673.189389629] [solver_node]: 数据详情:
- 第一个元素类型: <class 'float'>
- 整个数组类型: <class 'array.array'>
- 数组长度: 4
- 示例值: array('f', [0.0, 4.665999889373779, 1.8070000410079956, 5.369999885559082])
[INFO] [1753424673.191044230] [solver_node]: 调用求解器前，distances shape: (4,), values: [       nan 4.66599989 1.80700004 5.36999989]
[INFO] [1753424673.194115188] [solver_node]: 求解器返回结果: []
[INFO] [1753424673.288524415] [solver_node]: 数据详情:
- 第一个元素类型: <class 'float'>
- 整个数组类型: <class 'array.array'>
- 数组长度: 4
- 示例值: array('f', [0.0, 4.665999889373779, 1.8070000410079956, 5.369999885559082])
[INFO] [1753424673.289990244] [solver_node]: 调用求解器前，distances shape: (4,), values: [       nan 4.66599989 1.80700004 5.36999989]
[INFO] [1753424673.294116108] [solver_node]: 求解器返回结果: []
[INFO] [1753424673.389015972] [solver_node]: 数据详情:
- 第一个元素类型: <class 'float'>
- 整个数组类型: <class 'array.array'>
- 数组长度: 4
- 示例值: array('f', [0.0, 4.665999889373779, 1.8070000410079956, 5.369999885559082])
[INFO] [1753424673.390615916] [solver_node]: 调用求解器前，distances shape: (4,), values: [       nan 4.66599989 1.80700004 5.36999989]
[INFO] [1753424673.393613112] [solver_node]: 求解器返回结果: []
[INFO] [1753424673.488803543] [solver_node]: 数据详情:
- 第一个元素类型: <class 'float'>
- 整个数组类型: <class 'array.array'>
- 数组长度: 4
- 示例值: array('f', [0.0, 4.665999889373779, 1.8070000410079956, 5.369999885559082])
[INFO] [1753424673.490289372] [solver_node]: 调用求解器前，distances shape: (4,), values: [       nan 4.66599989 1.80700004 5.36999989]
[INFO] [1753424673.493028993] [solver_node]: 求解器返回结果: []
[INFO] [1753424673.588941459] [solver_node]: 数据详情:
- 第一个元素类型: <class 'float'>
- 整个数组类型: <class 'array.array'>
- 数组长度: 4
- 示例值: array('f', [0.0, 4.665999889373779, 1.8070000410079956, 5.369999885559082])
[INFO] [1753424673.590842211] [solver_node]: 调用求解器前，distances shape: (4,), values: [       nan 4.66599989 1.80700004 5.36999989]
[INFO] [1753424673.593589736] [solver_node]: 求解器返回结果: []
[INFO] [1753424673.688528897] [solver_node]: 数据详情:
- 第一个元素类型: <class 'float'>
- 整个数组类型: <class 'array.array'>
- 数组长度: 4
- 示例值: array('f', [0.0, 4.665999889373779, 1.8070000410079956, 5.369999885559082])
[INFO] [1753424673.689995654] [solver_node]: 调用求解器前，distances shape: (4,), values: [       nan 4.66599989 1.80700004 5.36999989]
[INFO] [1753424673.692729963] [solver_node]: 求解器返回结果: []
[INFO] [1753424673.790236836] [solver_node]: 数据详情:
- 第一个元素类型: <class 'float'>
- 整个数组类型: <class 'array.array'>
- 数组长度: 4
- 示例值: array('f', [0.0, 4.665999889373779, 1.8070000410079956, 5.369999885559082])
[INFO] [1753424673.792005777] [solver_node]: 调用求解器前，distances shape: (4,), values: [       nan 4.66599989 1.80700004 5.36999989]
[INFO] [1753424673.794801559] [solver_node]: 求解器返回结果: []
[INFO] [1753424673.888721142] [solver_node]: 数据详情:
- 第一个元素类型: <class 'float'>
- 整个数组类型: <class 'array.array'>
- 数组长度: 4
- 示例值: array('f', [0.0, 4.665999889373779, 1.8070000410079956, 5.369999885559082])
[INFO] [1753424673.890193019] [solver_node]: 调用求解器前，distances shape: (4,), values: [       nan 4.66599989 1.80700004 5.36999989]
[INFO] [1753424673.892998018] [solver_node]: 求解器返回结果: []
[INFO] [1753424673.988789200] [solver_node]: 数据详情:
- 第一个元素类型: <class 'float'>
- 整个数组类型: <class 'array.array'>
- 数组长度: 4
- 示例值: array('f', [0.0, 4.665999889373779, 1.8070000410079956, 5.369999885559082])
[INFO] [1753424673.990297719] [solver_node]: 调用求解器前，distances shape: (4,), values: [       nan 4.66599989 1.80700004 5.36999989]
[INFO] [1753424673.993117118] [solver_node]: 求解器返回结果: []
[INFO] [1753424674.088557731] [solver_node]: 数据详情:
- 第一个元素类型: <class 'float'>
- 整个数组类型: <class 'array.array'>
- 数组长度: 4
- 示例值: array('f', [0.0, 4.665999889373779, 1.8070000410079956, 5.369999885559082])
[INFO] [1753424674.090003720] [solver_node]: 调用求解器前，distances shape: (4,), values: [       nan 4.66599989 1.80700004 5.36999989]
[INFO] [1753424674.092765261] [solver_node]: 求解器返回结果: []
[INFO] [1753424674.189154571] [solver_node]: 数据详情:
- 第一个元素类型: <class 'float'>
- 整个数组类型: <class 'array.array'>
- 数组长度: 4
- 示例值: array('f', [0.0, 4.665999889373779, 1.8070000410079956, 5.369999885559082])
[INFO] [1753424674.191256224] [solver_node]: 调用求解器前，distances shape: (4,), values: [       nan 4.66599989 1.80700004 5.36999989]
[INFO] [1753424674.194717815] [solver_node]: 求解器返回结果: []
[INFO] [1753424674.288646358] [solver_node]: 数据详情:
- 第一个元素类型: <class 'float'>
- 整个数组类型: <class 'array.array'>
- 数组长度: 4
- 示例值: array('f', [0.0, 4.665999889373779, 1.8070000410079956, 5.369999885559082])
[INFO] [1753424674.290131836] [solver_node]: 调用求解器前，distances shape: (4,), values: [       nan 4.66599989 1.80700004 5.36999989]
[INFO] [1753424674.292991972] [solver_node]: 求解器返回结果: []
[INFO] [1753424674.390648609] [solver_node]: 数据详情:
- 第一个元素类型: <class 'float'>
- 整个数组类型: <class 'array.array'>
- 数组长度: 4
- 示例值: array('f', [0.0, 4.665999889373779, 1.8070000410079956, 5.369999885559082])
[INFO] [1753424674.392516432] [solver_node]: 调用求解器前，distances shape: (4,), values: [       nan 4.66599989 1.80700004 5.36999989]
[INFO] [1753424674.395792323] [solver_node]: 求解器返回结果: []
[INFO] [1753424674.489392858] [solver_node]: 数据详情:
- 第一个元素类型: <class 'float'>
- 整个数组类型: <class 'array.array'>
- 数组长度: 4
- 示例值: array('f', [0.0, 4.665999889373779, 1.8070000410079956, 5.369999885559082])
[INFO] [1753424674.491458670] [solver_node]: 调用求解器前，distances shape: (4,), values: [       nan 4.66599989 1.80700004 5.36999989]
[INFO] [1753424674.494926245] [solver_node]: 求解器返回结果: []
[INFO] [1753424674.588754210] [solver_node]: 数据详情:
- 第一个元素类型: <class 'float'>
- 整个数组类型: <class 'array.array'>
- 数组长度: 4
- 示例值: array('f', [0.0, 4.665999889373779, 1.8070000410079956, 5.369999885559082])
[INFO] [1753424674.590264968] [solver_node]: 调用求解器前，distances shape: (4,), values: [       nan 4.66599989 1.80700004 5.36999989]
[INFO] [1753424674.594130346] [solver_node]: 求解器返回结果: []
[INFO] [1753424674.689146597] [solver_node]: 数据详情:
- 第一个元素类型: <class 'float'>
- 整个数组类型: <class 'array.array'>
- 数组长度: 4
- 示例值: array('f', [0.0, 4.665999889373779, 1.8070000410079956, 5.369999885559082])
[INFO] [1753424674.690613898] [solver_node]: 调用求解器前，distances shape: (4,), values: [       nan 4.66599989 1.80700004 5.36999989]
[INFO] [1753424674.693436945] [solver_node]: 求解器返回结果: []
[INFO] [1753424674.788504717] [solver_node]: 数据详情:
- 第一个元素类型: <class 'float'>
- 整个数组类型: <class 'array.array'>
- 数组长度: 4
- 示例值: array('f', [0.0, 4.665999889373779, 1.8070000410079956, 5.369999885559082])
[INFO] [1753424674.789962258] [solver_node]: 调用求解器前，distances shape: (4,), values: [       nan 4.66599989 1.80700004 5.36999989]
[INFO] [1753424674.792881211] [solver_node]: 求解器返回结果: []
[INFO] [1753424674.888594696] [solver_node]: 数据详情:
- 第一个元素类型: <class 'float'>
- 整个数组类型: <class 'array.array'>
- 数组长度: 4
- 示例值: array('f', [0.0, 4.665999889373779, 1.8070000410079956, 5.369999885559082])
[INFO] [1753424674.890127406] [solver_node]: 调用求解器前，distances shape: (4,), values: [       nan 4.66599989 1.80700004 5.36999989]
[INFO] [1753424674.893129626] [solver_node]: 求解器返回结果: []
[INFO] [1753424674.988656770] [solver_node]: 数据详情:
- 第一个元素类型: <class 'float'>
- 整个数组类型: <class 'array.array'>
- 数组长度: 4
- 示例值: array('f', [0.0, 4.665999889373779, 1.8070000410079956, 5.369999885559082])
[INFO] [1753424674.990164840] [solver_node]: 调用求解器前，distances shape: (4,), values: [       nan 4.66599989 1.80700004 5.36999989]
[INFO] [1753424674.993313783] [solver_node]: 求解器返回结果: []
[INFO] [1753424675.089830648] [solver_node]: 数据详情:
- 第一个元素类型: <class 'float'>
- 整个数组类型: <class 'array.array'>
- 数组长度: 4
- 示例值: array('f', [0.0, 4.665999889373779, 1.8070000410079956, 5.369999885559082])
[INFO] [1753424675.092014031] [solver_node]: 调用求解器前，distances shape: (4,), values: [       nan 4.66599989 1.80700004 5.36999989]
[INFO] [1753424675.095489447] [solver_node]: 求解器返回结果: []
[INFO] [1753424675.188550160] [solver_node]: 数据详情:
- 第一个元素类型: <class 'float'>
- 整个数组类型: <class 'array.array'>
- 数组长度: 4
- 示例值: array('f', [0.0, 4.665999889373779, 1.8070000410079956, 5.369999885559082])
[INFO] [1753424675.190074967] [solver_node]: 调用求解器前，distances shape: (4,), values: [       nan 4.66599989 1.80700004 5.36999989]
[INFO] [1753424675.194820110] [solver_node]: 求解器返回结果: []
[INFO] [1753424675.288957491] [solver_node]: 数据详情:
- 第一个元素类型: <class 'float'>
- 整个数组类型: <class 'array.array'>
- 数组长度: 4
- 示例值: array('f', [0.0, 4.665999889373779, 1.8070000410079956, 5.369999885559082])
[INFO] [1753424675.290503546] [solver_node]: 调用求解器前，distances shape: (4,), values: [       nan 4.66599989 1.80700004 5.36999989]
[INFO] [1753424675.294380252] [solver_node]: 求解器返回结果: []
[INFO] [1753424675.388800808] [solver_node]: 数据详情:
- 第一个元素类型: <class 'float'>
- 整个数组类型: <class 'array.array'>
- 数组长度: 4
- 示例值: array('f', [0.0, 4.665999889373779, 1.8070000410079956, 5.369999885559082])
[INFO] [1753424675.390465649] [solver_node]: 调用求解器前，distances shape: (4,), values: [       nan 4.66599989 1.80700004 5.36999989]
[INFO] [1753424675.393449373] [solver_node]: 求解器返回结果: []
[INFO] [1753424675.489056807] [solver_node]: 数据详情:
- 第一个元素类型: <class 'float'>
- 整个数组类型: <class 'array.array'>
- 数组长度: 4
- 示例值: array('f', [0.0, 4.665999889373779, 1.8070000410079956, 5.369999885559082])
[INFO] [1753424675.490545100] [solver_node]: 调用求解器前，distances shape: (4,), values: [       nan 4.66599989 1.80700004 5.36999989]
[INFO] [1753424675.494708821] [solver_node]: 求解器返回结果: []
[INFO] [1753424675.588508497] [solver_node]: 数据详情:
- 第一个元素类型: <class 'float'>
- 整个数组类型: <class 'array.array'>
- 数组长度: 4
- 示例值: array('f', [0.0, 4.665999889373779, 1.8070000410079956, 5.369999885559082])
[INFO] [1753424675.590100249] [solver_node]: 调用求解器前，distances shape: (4,), values: [       nan 4.66599989 1.80700004 5.36999989]
[INFO] [1753424675.593770134] [solver_node]: 求解器返回结果: []
[INFO] [1753424675.689051959] [solver_node]: 数据详情:
- 第一个元素类型: <class 'float'>
- 整个数组类型: <class 'array.array'>
- 数组长度: 4
- 示例值: array('f', [0.0, 4.665999889373779, 1.8070000410079956, 5.369999885559082])
[INFO] [1753424675.691164013] [solver_node]: 调用求解器前，distances shape: (4,), values: [       nan 4.66599989 1.80700004 5.36999989]
[INFO] [1753424675.694927180] [solver_node]: 求解器返回结果: []
[INFO] [1753424675.788609509] [solver_node]: 数据详情:
- 第一个元素类型: <class 'float'>
- 整个数组类型: <class 'array.array'>
- 数组长度: 4
- 示例值: array('f', [0.0, 4.665999889373779, 1.8070000410079956, 5.369999885559082])
[INFO] [1753424675.790240622] [solver_node]: 调用求解器前，distances shape: (4,), values: [       nan 4.66599989 1.80700004 5.36999989]
[INFO] [1753424675.793455679] [solver_node]: 求解器返回结果: []
[INFO] [1753424675.891981202] [solver_node]: 数据详情:
- 第一个元素类型: <class 'float'>
- 整个数组类型: <class 'array.array'>
- 数组长度: 4
- 示例值: array('f', [0.0, 4.665999889373779, 1.8070000410079956, 5.369999885559082])
[INFO] [1753424675.895100833] [solver_node]: 调用求解器前，distances shape: (4,), values: [       nan 4.66599989 1.80700004 5.36999989]
[INFO] [1753424675.898841727] [solver_node]: 求解器返回结果: []
[INFO] [1753424675.989495980] [solver_node]: 数据详情:
- 第一个元素类型: <class 'float'>
- 整个数组类型: <class 'array.array'>
- 数组长度: 4
- 示例值: array('f', [0.0, 4.665999889373779, 3.7869999408721924, 5.369999885559082])
[INFO] [1753424675.991074324] [solver_node]: 调用求解器前，distances shape: (4,), values: [       nan 4.66599989 3.78699994 5.36999989]
[INFO] [1753424675.994480938] [solver_node]: [PoseSolver] 第0个组合有4个有效解
[INFO] [1753424675.995621351] [solver_node]: [PoseSolver] 处理完第0个组合后的筛选结果:
[INFO] [1753424675.997114476] [solver_node]: [PoseSolver] 排序后的最终筛选结果:
[INFO] [1753424675.998573233] [solver_node]: [PoseSolver] 找到4个完美相容解 (相容数=N)
[INFO] [1753424675.999493832] [solver_node]: 求解器返回结果: [((4.226770858078017, 4.2287708580780174), (3.373876759570993, 3.3758767595709926), -0.9972858023302216), ((4.003892498399789, 4.005892498399789), (3.370604671000826, 3.372604671000826), -2.224233295800749), ((5.769229141921982, 5.7712291419219826), (4.624123240429007, 4.626123240429008), 2.1443068512595715), ((5.99210750160021, 5.994107501600211), (4.627395328999174, 4.629395328999174), 0.9173593577890439)]
[INFO] [1753424676.088697937] [solver_node]: 数据详情:
- 第一个元素类型: <class 'float'>
- 整个数组类型: <class 'array.array'>
- 数组长度: 4
- 示例值: array('f', [0.0, 4.665999889373779, 3.7869999408721924, 5.369999885559082])
[INFO] [1753424676.090807846] [solver_node]: 调用求解器前，distances shape: (4,), values: [       nan 4.66599989 3.78699994 5.36999989]
[INFO] [1753424676.094875564] [solver_node]: [PoseSolver] 第0个组合有4个有效解
[INFO] [1753424676.095726562] [solver_node]: [PoseSolver] 处理完第0个组合后的筛选结果:
[INFO] [1753424676.100463545] [solver_node]: [PoseSolver] 排序后的最终筛选结果:
[INFO] [1753424676.105024236] [solver_node]: [PoseSolver] 找到4个完美相容解 (相容数=N)
[INFO] [1753424676.108032824] [solver_node]: 求解器返回结果: [((4.226770858078017, 4.2287708580780174), (3.373876759570993, 3.3758767595709926), -0.9972858023302216), ((4.003892498399789, 4.005892498399789), (3.370604671000826, 3.372604671000826), -2.224233295800749), ((5.769229141921982, 5.7712291419219826), (4.624123240429007, 4.626123240429008), 2.1443068512595715), ((5.99210750160021, 5.994107501600211), (4.627395328999174, 4.629395328999174), 0.9173593577890439)]
[INFO] [1753424676.189883687] [solver_node]: 数据详情:
- 第一个元素类型: <class 'float'>
- 整个数组类型: <class 'array.array'>
- 数组长度: 4
- 示例值: array('f', [0.0, 4.665999889373779, 3.7869999408721924, 5.369999885559082])
[INFO] [1753424676.191595090] [solver_node]: 调用求解器前，distances shape: (4,), values: [       nan 4.66599989 3.78699994 5.36999989]
[INFO] [1753424676.195165708] [solver_node]: [PoseSolver] 第0个组合有4个有效解
[INFO] [1753424676.196111396] [solver_node]: [PoseSolver] 处理完第0个组合后的筛选结果:
[INFO] [1753424676.196916473] [solver_node]: [PoseSolver] 排序后的最终筛选结果:
[INFO] [1753424676.197669644] [solver_node]: [PoseSolver] 找到4个完美相容解 (相容数=N)
[INFO] [1753424676.198428671] [solver_node]: 求解器返回结果: [((4.226770858078017, 4.2287708580780174), (3.373876759570993, 3.3758767595709926), -0.9972858023302216), ((4.003892498399789, 4.005892498399789), (3.370604671000826, 3.372604671000826), -2.224233295800749), ((5.769229141921982, 5.7712291419219826), (4.624123240429007, 4.626123240429008), 2.1443068512595715), ((5.99210750160021, 5.994107501600211), (4.627395328999174, 4.629395328999174), 0.9173593577890439)]
[INFO] [1753424676.288822149] [solver_node]: 数据详情:
- 第一个元素类型: <class 'float'>
- 整个数组类型: <class 'array.array'>
- 数组长度: 4
- 示例值: array('f', [0.0, 4.665999889373779, 3.7869999408721924, 5.369999885559082])
[INFO] [1753424676.290446126] [solver_node]: 调用求解器前，distances shape: (4,), values: [       nan 4.66599989 3.78699994 5.36999989]
[INFO] [1753424676.294756699] [solver_node]: [PoseSolver] 第0个组合有4个有效解
[INFO] [1753424676.295637297] [solver_node]: [PoseSolver] 处理完第0个组合后的筛选结果:
[INFO] [1753424676.296404676] [solver_node]: [PoseSolver] 排序后的最终筛选结果:
[INFO] [1753424676.298295156] [solver_node]: [PoseSolver] 找到4个完美相容解 (相容数=N)
[INFO] [1753424676.299347566] [solver_node]: 求解器返回结果: [((4.226770858078017, 4.2287708580780174), (3.373876759570993, 3.3758767595709926), -0.9972858023302216), ((4.003892498399789, 4.005892498399789), (3.370604671000826, 3.372604671000826), -2.224233295800749), ((5.769229141921982, 5.7712291419219826), (4.624123240429007, 4.626123240429008), 2.1443068512595715), ((5.99210750160021, 5.994107501600211), (4.627395328999174, 4.629395328999174), 0.9173593577890439)]
[INFO] [1753424676.390329348] [solver_node]: 数据详情:
- 第一个元素类型: <class 'float'>
- 整个数组类型: <class 'array.array'>
- 数组长度: 4
- 示例值: array('f', [0.0, 4.665999889373779, 3.7869999408721924, 5.369999885559082])
[INFO] [1753424676.391864714] [solver_node]: 调用求解器前，distances shape: (4,), values: [       nan 4.66599989 3.78699994 5.36999989]
[INFO] [1753424676.396223544] [solver_node]: [PoseSolver] 第0个组合有4个有效解
[INFO] [1753424676.398114120] [solver_node]: [PoseSolver] 处理完第0个组合后的筛选结果:
[INFO] [1753424676.398970526] [solver_node]: [PoseSolver] 排序后的最终筛选结果:
[INFO] [1753424676.400369985] [solver_node]: [PoseSolver] 找到4个完美相容解 (相容数=N)
[INFO] [1753424676.401134260] [solver_node]: 求解器返回结果: [((4.226770858078017, 4.2287708580780174), (3.373876759570993, 3.3758767595709926), -0.9972858023302216), ((4.003892498399789, 4.005892498399789), (3.370604671000826, 3.372604671000826), -2.224233295800749), ((5.769229141921982, 5.7712291419219826), (4.624123240429007, 4.626123240429008), 2.1443068512595715), ((5.99210750160021, 5.994107501600211), (4.627395328999174, 4.629395328999174), 0.9173593577890439)]
[INFO] [1753424676.488804342] [solver_node]: 数据详情:
- 第一个元素类型: <class 'float'>
- 整个数组类型: <class 'array.array'>
- 数组长度: 4
- 示例值: array('f', [0.0, 4.665999889373779, 3.7869999408721924, 5.369999885559082])
[INFO] [1753424676.490321404] [solver_node]: 调用求解器前，distances shape: (4,), values: [       nan 4.66599989 3.78699994 5.36999989]
[INFO] [1753424676.493484780] [solver_node]: [PoseSolver] 第0个组合有4个有效解
[INFO] [1753424676.494427524] [solver_node]: [PoseSolver] 处理完第0个组合后的筛选结果:
[INFO] [1753424676.495286457] [solver_node]: [PoseSolver] 排序后的最终筛选结果:
[INFO] [1753424676.496055181] [solver_node]: [PoseSolver] 找到4个完美相容解 (相容数=N)
[INFO] [1753424676.496796703] [solver_node]: 求解器返回结果: [((4.226770858078017, 4.2287708580780174), (3.373876759570993, 3.3758767595709926), -0.9972858023302216), ((4.003892498399789, 4.005892498399789), (3.370604671000826, 3.372604671000826), -2.224233295800749), ((5.769229141921982, 5.7712291419219826), (4.624123240429007, 4.626123240429008), 2.1443068512595715), ((5.99210750160021, 5.994107501600211), (4.627395328999174, 4.629395328999174), 0.9173593577890439)]
[INFO] [1753424676.593361409] [solver_node]: 数据详情:
- 第一个元素类型: <class 'float'>
- 整个数组类型: <class 'array.array'>
- 数组长度: 4
- 示例值: array('f', [0.0, 4.665999889373779, 3.7869999408721924, 5.369999885559082])
[INFO] [1753424676.594978442] [solver_node]: 调用求解器前，distances shape: (4,), values: [       nan 4.66599989 3.78699994 5.36999989]
[INFO] [1753424676.599180852] [solver_node]: [PoseSolver] 第0个组合有4个有效解
[INFO] [1753424676.603130744] [solver_node]: [PoseSolver] 处理完第0个组合后的筛选结果:
[INFO] [1753424676.604065679] [solver_node]: [PoseSolver] 排序后的最终筛选结果:
[INFO] [1753424676.604865443] [solver_node]: [PoseSolver] 找到4个完美相容解 (相容数=N)
[INFO] [1753424676.606257126] [solver_node]: 求解器返回结果: [((4.226770858078017, 4.2287708580780174), (3.373876759570993, 3.3758767595709926), -0.9972858023302216), ((4.003892498399789, 4.005892498399789), (3.370604671000826, 3.372604671000826), -2.224233295800749), ((5.769229141921982, 5.7712291419219826), (4.624123240429007, 4.626123240429008), 2.1443068512595715), ((5.99210750160021, 5.994107501600211), (4.627395328999174, 4.629395328999174), 0.9173593577890439)]
[INFO] [1753424676.689599931] [solver_node]: 数据详情:
- 第一个元素类型: <class 'float'>
- 整个数组类型: <class 'array.array'>
- 数组长度: 4
- 示例值: array('f', [0.0, 4.665999889373779, 3.7869999408721924, 5.369999885559082])
[INFO] [1753424676.691220452] [solver_node]: 调用求解器前，distances shape: (4,), values: [       nan 4.66599989 3.78699994 5.36999989]
[INFO] [1753424676.697917357] [solver_node]: [PoseSolver] 第0个组合有4个有效解
[INFO] [1753424676.698910502] [solver_node]: [PoseSolver] 处理完第0个组合后的筛选结果:
[INFO] [1753424676.699664665] [solver_node]: [PoseSolver] 排序后的最终筛选结果:
[INFO] [1753424676.700409804] [solver_node]: [PoseSolver] 找到4个完美相容解 (相容数=N)
[INFO] [1753424676.701309058] [solver_node]: 求解器返回结果: [((4.226770858078017, 4.2287708580780174), (3.373876759570993, 3.3758767595709926), -0.9972858023302216), ((4.003892498399789, 4.005892498399789), (3.370604671000826, 3.372604671000826), -2.224233295800749), ((5.769229141921982, 5.7712291419219826), (4.624123240429007, 4.626123240429008), 2.1443068512595715), ((5.99210750160021, 5.994107501600211), (4.627395328999174, 4.629395328999174), 0.9173593577890439)]
[INFO] [1753424676.790730864] [solver_node]: 数据详情:
- 第一个元素类型: <class 'float'>
- 整个数组类型: <class 'array.array'>
- 数组长度: 4
- 示例值: array('f', [0.0, 4.665999889373779, 3.7869999408721924, 5.369999885559082])
[INFO] [1753424676.792223894] [solver_node]: 调用求解器前，distances shape: (4,), values: [       nan 4.66599989 3.78699994 5.36999989]
[INFO] [1753424676.795738190] [solver_node]: [PoseSolver] 第0个组合有4个有效解
[INFO] [1753424676.796629669] [solver_node]: [PoseSolver] 处理完第0个组合后的筛选结果:
[INFO] [1753424676.798026024] [solver_node]: [PoseSolver] 排序后的最终筛选结果:
[INFO] [1753424676.798799260] [solver_node]: [PoseSolver] 找到4个完美相容解 (相容数=N)
[INFO] [1753424676.799565903] [solver_node]: 求解器返回结果: [((4.226770858078017, 4.2287708580780174), (3.373876759570993, 3.3758767595709926), -0.9972858023302216), ((4.003892498399789, 4.005892498399789), (3.370604671000826, 3.372604671000826), -2.224233295800749), ((5.769229141921982, 5.7712291419219826), (4.624123240429007, 4.626123240429008), 2.1443068512595715), ((5.99210750160021, 5.994107501600211), (4.627395328999174, 4.629395328999174), 0.9173593577890439)]
[INFO] [1753424676.889385383] [solver_node]: 数据详情:
- 第一个元素类型: <class 'float'>
- 整个数组类型: <class 'array.array'>
- 数组长度: 4
- 示例值: array('f', [0.0, 4.665999889373779, 3.7869999408721924, 5.369999885559082])
[INFO] [1753424676.890948302] [solver_node]: 调用求解器前，distances shape: (4,), values: [       nan 4.66599989 3.78699994 5.36999989]
[INFO] [1753424676.895112567] [solver_node]: [PoseSolver] 第0个组合有4个有效解
[INFO] [1753424676.896017454] [solver_node]: [PoseSolver] 处理完第0个组合后的筛选结果:
[INFO] [1753424676.896760033] [solver_node]: [PoseSolver] 排序后的最终筛选结果:
[INFO] [1753424676.897489715] [solver_node]: [PoseSolver] 找到4个完美相容解 (相容数=N)
[INFO] [1753424676.898273031] [solver_node]: 求解器返回结果: [((4.226770858078017, 4.2287708580780174), (3.373876759570993, 3.3758767595709926), -0.9972858023302216), ((4.003892498399789, 4.005892498399789), (3.370604671000826, 3.372604671000826), -2.224233295800749), ((5.769229141921982, 5.7712291419219826), (4.624123240429007, 4.626123240429008), 2.1443068512595715), ((5.99210750160021, 5.994107501600211), (4.627395328999174, 4.629395328999174), 0.9173593577890439)]
[INFO] [1753424676.989634758] [solver_node]: 数据详情:
- 第一个元素类型: <class 'float'>
- 整个数组类型: <class 'array.array'>
- 数组长度: 4
- 示例值: array('f', [0.0, 4.665999889373779, 3.7869999408721924, 5.369999885559082])
[INFO] [1753424676.991207822] [solver_node]: 调用求解器前，distances shape: (4,), values: [       nan 4.66599989 3.78699994 5.36999989]
[INFO] [1753424676.994519969] [solver_node]: [PoseSolver] 第0个组合有4个有效解
[INFO] [1753424676.995402551] [solver_node]: [PoseSolver] 处理完第0个组合后的筛选结果:
[INFO] [1753424676.996181067] [solver_node]: [PoseSolver] 排序后的最终筛选结果:
[INFO] [1753424676.996916157] [solver_node]: [PoseSolver] 找到4个完美相容解 (相容数=N)
[INFO] [1753424676.997666928] [solver_node]: 求解器返回结果: [((4.226770858078017, 4.2287708580780174), (3.373876759570993, 3.3758767595709926), -0.9972858023302216), ((4.003892498399789, 4.005892498399789), (3.370604671000826, 3.372604671000826), -2.224233295800749), ((5.769229141921982, 5.7712291419219826), (4.624123240429007, 4.626123240429008), 2.1443068512595715), ((5.99210750160021, 5.994107501600211), (4.627395328999174, 4.629395328999174), 0.9173593577890439)]
[INFO] [1753424677.089222772] [solver_node]: 数据详情:
- 第一个元素类型: <class 'float'>
- 整个数组类型: <class 'array.array'>
- 数组长度: 4
- 示例值: array('f', [0.0, 4.665999889373779, 3.7869999408721924, 5.369999885559082])
[INFO] [1753424677.091197478] [solver_node]: 调用求解器前，distances shape: (4,), values: [       nan 4.66599989 3.78699994 5.36999989]
[INFO] [1753424677.094443416] [solver_node]: [PoseSolver] 第0个组合有4个有效解
[INFO] [1753424677.095313934] [solver_node]: [PoseSolver] 处理完第0个组合后的筛选结果:
[INFO] [1753424677.096081281] [solver_node]: [PoseSolver] 排序后的最终筛选结果:
[INFO] [1753424677.096799955] [solver_node]: [PoseSolver] 找到4个完美相容解 (相容数=N)
[INFO] [1753424677.097543494] [solver_node]: 求解器返回结果: [((4.226770858078017, 4.2287708580780174), (3.373876759570993, 3.3758767595709926), -0.9972858023302216), ((4.003892498399789, 4.005892498399789), (3.370604671000826, 3.372604671000826), -2.224233295800749), ((5.769229141921982, 5.7712291419219826), (4.624123240429007, 4.626123240429008), 2.1443068512595715), ((5.99210750160021, 5.994107501600211), (4.627395328999174, 4.629395328999174), 0.9173593577890439)]
[INFO] [1753424677.189915998] [solver_node]: 数据详情:
- 第一个元素类型: <class 'float'>
- 整个数组类型: <class 'array.array'>
- 数组长度: 4
- 示例值: array('f', [0.0, 4.665999889373779, 3.7869999408721924, 5.369999885559082])
[INFO] [1753424677.191729612] [solver_node]: 调用求解器前，distances shape: (4,), values: [       nan 4.66599989 3.78699994 5.36999989]
[INFO] [1753424677.195138178] [solver_node]: [PoseSolver] 第0个组合有4个有效解
[INFO] [1753424677.196193373] [solver_node]: [PoseSolver] 处理完第0个组合后的筛选结果:
[INFO] [1753424677.196966000] [solver_node]: [PoseSolver] 排序后的最终筛选结果:
[INFO] [1753424677.197708675] [solver_node]: [PoseSolver] 找到4个完美相容解 (相容数=N)
[INFO] [1753424677.198707900] [solver_node]: 求解器返回结果: [((4.226770858078017, 4.2287708580780174), (3.373876759570993, 3.3758767595709926), -0.9972858023302216), ((4.003892498399789, 4.005892498399789), (3.370604671000826, 3.372604671000826), -2.224233295800749), ((5.769229141921982, 5.7712291419219826), (4.624123240429007, 4.626123240429008), 2.1443068512595715), ((5.99210750160021, 5.994107501600211), (4.627395328999174, 4.629395328999174), 0.9173593577890439)]
[INFO] [1753424677.288670424] [solver_node]: 数据详情:
- 第一个元素类型: <class 'float'>
- 整个数组类型: <class 'array.array'>
- 数组长度: 4
- 示例值: array('f', [0.0, 4.665999889373779, 3.7869999408721924, 5.369999885559082])
[INFO] [1753424677.290249471] [solver_node]: 调用求解器前，distances shape: (4,), values: [       nan 4.66599989 3.78699994 5.36999989]
[INFO] [1753424677.293643221] [solver_node]: [PoseSolver] 第0个组合有4个有效解
[INFO] [1753424677.294563020] [solver_node]: [PoseSolver] 处理完第0个组合后的筛选结果:
[INFO] [1753424677.295595110] [solver_node]: [PoseSolver] 排序后的最终筛选结果:
[INFO] [1753424677.297290993] [solver_node]: [PoseSolver] 找到4个完美相容解 (相容数=N)
[INFO] [1753424677.298079653] [solver_node]: 求解器返回结果: [((4.226770858078017, 4.2287708580780174), (3.373876759570993, 3.3758767595709926), -0.9972858023302216), ((4.003892498399789, 4.005892498399789), (3.370604671000826, 3.372604671000826), -2.224233295800749), ((5.769229141921982, 5.7712291419219826), (4.624123240429007, 4.626123240429008), 2.1443068512595715), ((5.99210750160021, 5.994107501600211), (4.627395328999174, 4.629395328999174), 0.9173593577890439)]
[INFO] [1753424677.389481797] [solver_node]: 数据详情:
- 第一个元素类型: <class 'float'>
- 整个数组类型: <class 'array.array'>
- 数组长度: 4
- 示例值: array('f', [0.0, 4.665999889373779, 3.7869999408721924, 5.369999885559082])
[INFO] [1753424677.391725149] [solver_node]: 调用求解器前，distances shape: (4,), values: [       nan 4.66599989 3.78699994 5.36999989]
[INFO] [1753424677.396459925] [solver_node]: [PoseSolver] 第0个组合有4个有效解
[INFO] [1753424677.397379916] [solver_node]: [PoseSolver] 处理完第0个组合后的筛选结果:
[INFO] [1753424677.398154975] [solver_node]: [PoseSolver] 排序后的最终筛选结果:
[INFO] [1753424677.398926867] [solver_node]: [PoseSolver] 找到4个完美相容解 (相容数=N)
[INFO] [1753424677.399689158] [solver_node]: 求解器返回结果: [((4.226770858078017, 4.2287708580780174), (3.373876759570993, 3.3758767595709926), -0.9972858023302216), ((4.003892498399789, 4.005892498399789), (3.370604671000826, 3.372604671000826), -2.224233295800749), ((5.769229141921982, 5.7712291419219826), (4.624123240429007, 4.626123240429008), 2.1443068512595715), ((5.99210750160021, 5.994107501600211), (4.627395328999174, 4.629395328999174), 0.9173593577890439)]
[INFO] [1753424677.490370356] [solver_node]: 数据详情:
- 第一个元素类型: <class 'float'>
- 整个数组类型: <class 'array.array'>
- 数组长度: 4
- 示例值: array('f', [0.0, 4.665999889373779, 3.7869999408721924, 5.369999885559082])
[INFO] [1753424677.491957436] [solver_node]: 调用求解器前，distances shape: (4,), values: [       nan 4.66599989 3.78699994 5.36999989]
[INFO] [1753424677.495066058] [solver_node]: [PoseSolver] 第0个组合有4个有效解
[INFO] [1753424677.495848062] [solver_node]: [PoseSolver] 处理完第0个组合后的筛选结果:
[INFO] [1753424677.496562192] [solver_node]: [PoseSolver] 排序后的最终筛选结果:
[INFO] [1753424677.497281154] [solver_node]: [PoseSolver] 找到4个完美相容解 (相容数=N)
[INFO] [1753424677.497995956] [solver_node]: 求解器返回结果: [((4.226770858078017, 4.2287708580780174), (3.373876759570993, 3.3758767595709926), -0.9972858023302216), ((4.003892498399789, 4.005892498399789), (3.370604671000826, 3.372604671000826), -2.224233295800749), ((5.769229141921982, 5.7712291419219826), (4.624123240429007, 4.626123240429008), 2.1443068512595715), ((5.99210750160021, 5.994107501600211), (4.627395328999174, 4.629395328999174), 0.9173593577890439)]
[INFO] [1753424677.589824735] [solver_node]: 数据详情:
- 第一个元素类型: <class 'float'>
- 整个数组类型: <class 'array.array'>
- 数组长度: 4
- 示例值: array('f', [0.0, 4.665999889373779, 3.7869999408721924, 5.369999885559082])
[INFO] [1753424677.591342789] [solver_node]: 调用求解器前，distances shape: (4,), values: [       nan 4.66599989 3.78699994 5.36999989]
[INFO] [1753424677.595755444] [solver_node]: [PoseSolver] 第0个组合有4个有效解
[INFO] [1753424677.596681964] [solver_node]: [PoseSolver] 处理完第0个组合后的筛选结果:
[INFO] [1753424677.597968716] [solver_node]: [PoseSolver] 排序后的最终筛选结果:
[INFO] [1753424677.598793057] [solver_node]: [PoseSolver] 找到4个完美相容解 (相容数=N)
[INFO] [1753424677.600086305] [solver_node]: 求解器返回结果: [((4.226770858078017, 4.2287708580780174), (3.373876759570993, 3.3758767595709926), -0.9972858023302216), ((4.003892498399789, 4.005892498399789), (3.370604671000826, 3.372604671000826), -2.224233295800749), ((5.769229141921982, 5.7712291419219826), (4.624123240429007, 4.626123240429008), 2.1443068512595715), ((5.99210750160021, 5.994107501600211), (4.627395328999174, 4.629395328999174), 0.9173593577890439)]
[INFO] [1753424677.689973787] [solver_node]: 数据详情:
- 第一个元素类型: <class 'float'>
- 整个数组类型: <class 'array.array'>
- 数组长度: 4
- 示例值: array('f', [0.0, 4.665999889373779, 3.7869999408721924, 5.369999885559082])
[INFO] [1753424677.691642757] [solver_node]: 调用求解器前，distances shape: (4,), values: [       nan 4.66599989 3.78699994 5.36999989]
[INFO] [1753424677.694953113] [solver_node]: [PoseSolver] 第0个组合有4个有效解
[INFO] [1753424677.695773549] [solver_node]: [PoseSolver] 处理完第0个组合后的筛选结果:
[INFO] [1753424677.696667556] [solver_node]: [PoseSolver] 排序后的最终筛选结果:
[INFO] [1753424677.697372790] [solver_node]: [PoseSolver] 找到4个完美相容解 (相容数=N)
[INFO] [1753424677.698093864] [solver_node]: 求解器返回结果: [((4.226770858078017, 4.2287708580780174), (3.373876759570993, 3.3758767595709926), -0.9972858023302216), ((4.003892498399789, 4.005892498399789), (3.370604671000826, 3.372604671000826), -2.224233295800749), ((5.769229141921982, 5.7712291419219826), (4.624123240429007, 4.626123240429008), 2.1443068512595715), ((5.99210750160021, 5.994107501600211), (4.627395328999174, 4.629395328999174), 0.9173593577890439)]
[INFO] [1753424677.789482631] [solver_node]: 数据详情:
- 第一个元素类型: <class 'float'>
- 整个数组类型: <class 'array.array'>
- 数组长度: 4
- 示例值: array('f', [0.0, 4.665999889373779, 3.7869999408721924, 5.369999885559082])
[INFO] [1753424677.791089680] [solver_node]: 调用求解器前，distances shape: (4,), values: [       nan 4.66599989 3.78699994 5.36999989]
[INFO] [1753424677.794572424] [solver_node]: [PoseSolver] 第0个组合有4个有效解
[INFO] [1753424677.795541664] [solver_node]: [PoseSolver] 处理完第0个组合后的筛选结果:
[INFO] [1753424677.796350741] [solver_node]: [PoseSolver] 排序后的最终筛选结果:
[INFO] [1753424677.797084647] [solver_node]: [PoseSolver] 找到4个完美相容解 (相容数=N)
[INFO] [1753424677.797836666] [solver_node]: 求解器返回结果: [((4.226770858078017, 4.2287708580780174), (3.373876759570993, 3.3758767595709926), -0.9972858023302216), ((4.003892498399789, 4.005892498399789), (3.370604671000826, 3.372604671000826), -2.224233295800749), ((5.769229141921982, 5.7712291419219826), (4.624123240429007, 4.626123240429008), 2.1443068512595715), ((5.99210750160021, 5.994107501600211), (4.627395328999174, 4.629395328999174), 0.9173593577890439)]
[INFO] [1753424677.888542408] [solver_node]: 数据详情:
- 第一个元素类型: <class 'float'>
- 整个数组类型: <class 'array.array'>
- 数组长度: 4
- 示例值: array('f', [0.0, 4.665999889373779, 3.7869999408721924, 5.369999885559082])
[INFO] [1753424677.890126736] [solver_node]: 调用求解器前，distances shape: (4,), values: [       nan 4.66599989 3.78699994 5.36999989]
[INFO] [1753424677.893626025] [solver_node]: [PoseSolver] 第0个组合有4个有效解
[INFO] [1753424677.894515519] [solver_node]: [PoseSolver] 处理完第0个组合后的筛选结果:
[INFO] [1753424677.895340244] [solver_node]: [PoseSolver] 排序后的最终筛选结果:
[INFO] [1753424677.896104295] [solver_node]: [PoseSolver] 找到4个完美相容解 (相容数=N)
[INFO] [1753424677.896865754] [solver_node]: 求解器返回结果: [((4.226770858078017, 4.2287708580780174), (3.373876759570993, 3.3758767595709926), -0.9972858023302216), ((4.003892498399789, 4.005892498399789), (3.370604671000826, 3.372604671000826), -2.224233295800749), ((5.769229141921982, 5.7712291419219826), (4.624123240429007, 4.626123240429008), 2.1443068512595715), ((5.99210750160021, 5.994107501600211), (4.627395328999174, 4.629395328999174), 0.9173593577890439)]
[INFO] [1753424677.990548372] [solver_node]: 数据详情:
- 第一个元素类型: <class 'float'>
- 整个数组类型: <class 'array.array'>
- 数组长度: 4
- 示例值: array('f', [0.0, 4.665999889373779, 3.7869999408721924, 5.369999885559082])
[INFO] [1753424677.992214078] [solver_node]: 调用求解器前，distances shape: (4,), values: [       nan 4.66599989 3.78699994 5.36999989]
[INFO] [1753424677.995624660] [solver_node]: [PoseSolver] 第0个组合有4个有效解
[INFO] [1753424677.997870252] [solver_node]: [PoseSolver] 处理完第0个组合后的筛选结果:
[INFO] [1753424677.999835198] [solver_node]: [PoseSolver] 排序后的最终筛选结果:
[INFO] [1753424678.000622738] [solver_node]: [PoseSolver] 找到4个完美相容解 (相容数=N)
[INFO] [1753424678.001570634] [solver_node]: 求解器返回结果: [((4.226770858078017, 4.2287708580780174), (3.373876759570993, 3.3758767595709926), -0.9972858023302216), ((4.003892498399789, 4.005892498399789), (3.370604671000826, 3.372604671000826), -2.224233295800749), ((5.769229141921982, 5.7712291419219826), (4.624123240429007, 4.626123240429008), 2.1443068512595715), ((5.99210750160021, 5.994107501600211), (4.627395328999174, 4.629395328999174), 0.9173593577890439)]
[INFO] [1753424678.088854402] [solver_node]: 数据详情:
- 第一个元素类型: <class 'float'>
- 整个数组类型: <class 'array.array'>
- 数组长度: 4
- 示例值: array('f', [0.0, 4.665999889373779, 3.7869999408721924, 5.369999885559082])
[INFO] [1753424678.091161948] [solver_node]: 调用求解器前，distances shape: (4,), values: [       nan 4.66599989 3.78699994 5.36999989]
[INFO] [1753424678.096770505] [solver_node]: [PoseSolver] 第0个组合有4个有效解
[INFO] [1753424678.097681600] [solver_node]: [PoseSolver] 处理完第0个组合后的筛选结果:
[INFO] [1753424678.098459924] [solver_node]: [PoseSolver] 排序后的最终筛选结果:
[INFO] [1753424678.099237479] [solver_node]: [PoseSolver] 找到4个完美相容解 (相容数=N)
[INFO] [1753424678.100026747] [solver_node]: 求解器返回结果: [((4.226770858078017, 4.2287708580780174), (3.373876759570993, 3.3758767595709926), -0.9972858023302216), ((4.003892498399789, 4.005892498399789), (3.370604671000826, 3.372604671000826), -2.224233295800749), ((5.769229141921982, 5.7712291419219826), (4.624123240429007, 4.626123240429008), 2.1443068512595715), ((5.99210750160021, 5.994107501600211), (4.627395328999174, 4.629395328999174), 0.9173593577890439)]
[INFO] [1753424678.189882932] [solver_node]: 数据详情:
- 第一个元素类型: <class 'float'>
- 整个数组类型: <class 'array.array'>
- 数组长度: 4
- 示例值: array('f', [0.0, 4.665999889373779, 3.7869999408721924, 5.369999885559082])
[INFO] [1753424678.193138406] [solver_node]: 调用求解器前，distances shape: (4,), values: [       nan 4.66599989 3.78699994 5.36999989]
[INFO] [1753424678.198309801] [solver_node]: [PoseSolver] 第0个组合有4个有效解
[INFO] [1753424678.200684069] [solver_node]: [PoseSolver] 处理完第0个组合后的筛选结果:
[INFO] [1753424678.202650646] [solver_node]: [PoseSolver] 排序后的最终筛选结果:
[INFO] [1753424678.204600487] [solver_node]: [PoseSolver] 找到4个完美相容解 (相容数=N)
[INFO] [1753424678.206046604] [solver_node]: 求解器返回结果: [((4.226770858078017, 4.2287708580780174), (3.373876759570993, 3.3758767595709926), -0.9972858023302216), ((4.003892498399789, 4.005892498399789), (3.370604671000826, 3.372604671000826), -2.224233295800749), ((5.769229141921982, 5.7712291419219826), (4.624123240429007, 4.626123240429008), 2.1443068512595715), ((5.99210750160021, 5.994107501600211), (4.627395328999174, 4.629395328999174), 0.9173593577890439)]
[INFO] [1753424678.289168347] [solver_node]: 数据详情:
- 第一个元素类型: <class 'float'>
- 整个数组类型: <class 'array.array'>
- 数组长度: 4
- 示例值: array('f', [0.0, 4.665999889373779, 3.7869999408721924, 5.370999813079834])
[INFO] [1753424678.290652865] [solver_node]: 调用求解器前，distances shape: (4,), values: [       nan 4.66599989 3.78699994 5.37099981]
[INFO] [1753424678.293907763] [solver_node]: [PoseSolver] 第0个组合有4个有效解
[INFO] [1753424678.294788521] [solver_node]: [PoseSolver] 处理完第0个组合后的筛选结果:
[INFO] [1753424678.295781346] [solver_node]: [PoseSolver] 排序后的最终筛选结果:
[INFO] [1753424678.296510100] [solver_node]: [PoseSolver] 找到4个完美相容解 (相容数=N)
[INFO] [1753424678.297262695] [solver_node]: 求解器返回结果: [((4.226362312127467, 4.228362312127468), (3.3735229765611447, 3.3755229765611445), -0.9971367176416006), ((4.003461721727741, 4.005461721727742), (3.370269608321661, 3.372269608321661), -2.2243742165766527), ((5.7696376878725335, 5.771637687872534), (4.624477023438856, 4.626477023438857), 2.144455935948193), ((5.992538278272259, 5.99453827827226), (4.627730391678338, 4.629730391678339), 0.9172184370131398)]
[INFO] [1753424678.391506095] [solver_node]: 数据详情:
- 第一个元素类型: <class 'float'>
- 整个数组类型: <class 'array.array'>
- 数组长度: 4
- 示例值: array('f', [0.0, 4.665999889373779, 3.7869999408721924, 5.370999813079834])
[INFO] [1753424678.399181456] [solver_node]: 调用求解器前，distances shape: (4,), values: [       nan 4.66599989 3.78699994 5.37099981]
[INFO] [1753424678.404867648] [solver_node]: [PoseSolver] 第0个组合有4个有效解
[INFO] [1753424678.405748886] [solver_node]: [PoseSolver] 处理完第0个组合后的筛选结果:
[INFO] [1753424678.407037494] [solver_node]: [PoseSolver] 排序后的最终筛选结果:
[INFO] [1753424678.407774601] [solver_node]: [PoseSolver] 找到4个完美相容解 (相容数=N)
[INFO] [1753424678.408517852] [solver_node]: 求解器返回结果: [((4.226362312127467, 4.228362312127468), (3.3735229765611447, 3.3755229765611445), -0.9971367176416006), ((4.003461721727741, 4.005461721727742), (3.370269608321661, 3.372269608321661), -2.2243742165766527), ((5.7696376878725335, 5.771637687872534), (4.624477023438856, 4.626477023438857), 2.144455935948193), ((5.992538278272259, 5.99453827827226), (4.627730391678338, 4.629730391678339), 0.9172184370131398)]
[INFO] [1753424678.489241775] [solver_node]: 数据详情:
- 第一个元素类型: <class 'float'>
- 整个数组类型: <class 'array.array'>
- 数组长度: 4
- 示例值: array('f', [0.0, 4.665999889373779, 3.7869999408721924, 5.370999813079834])
[INFO] [1753424678.491336835] [solver_node]: 调用求解器前，distances shape: (4,), values: [       nan 4.66599989 3.78699994 5.37099981]
[INFO] [1753424678.495667248] [solver_node]: [PoseSolver] 第0个组合有4个有效解
[INFO] [1753424678.496553127] [solver_node]: [PoseSolver] 处理完第0个组合后的筛选结果:
[INFO] [1753424678.497282841] [solver_node]: [PoseSolver] 排序后的最终筛选结果:
[INFO] [1753424678.497969899] [solver_node]: [PoseSolver] 找到4个完美相容解 (相容数=N)
[INFO] [1753424678.498804576] [solver_node]: 求解器返回结果: [((4.226362312127467, 4.228362312127468), (3.3735229765611447, 3.3755229765611445), -0.9971367176416006), ((4.003461721727741, 4.005461721727742), (3.370269608321661, 3.372269608321661), -2.2243742165766527), ((5.7696376878725335, 5.771637687872534), (4.624477023438856, 4.626477023438857), 2.144455935948193), ((5.992538278272259, 5.99453827827226), (4.627730391678338, 4.629730391678339), 0.9172184370131398)]
[INFO] [1753424678.592513466] [solver_node]: 数据详情:
- 第一个元素类型: <class 'float'>
- 整个数组类型: <class 'array.array'>
- 数组长度: 4
- 示例值: array('f', [0.0, 4.665999889373779, 3.7869999408721924, 5.370999813079834])
[INFO] [1753424678.594042496] [solver_node]: 调用求解器前，distances shape: (4,), values: [       nan 4.66599989 3.78699994 5.37099981]
[INFO] [1753424678.598269419] [solver_node]: [PoseSolver] 第0个组合有4个有效解
[INFO] [1753424678.599642221] [solver_node]: [PoseSolver] 处理完第0个组合后的筛选结果:
[INFO] [1753424678.600390560] [solver_node]: [PoseSolver] 排序后的最终筛选结果:
[INFO] [1753424678.601617535] [solver_node]: [PoseSolver] 找到4个完美相容解 (相容数=N)
[INFO] [1753424678.602357138] [solver_node]: 求解器返回结果: [((4.226362312127467, 4.228362312127468), (3.3735229765611447, 3.3755229765611445), -0.9971367176416006), ((4.003461721727741, 4.005461721727742), (3.370269608321661, 3.372269608321661), -2.2243742165766527), ((5.7696376878725335, 5.771637687872534), (4.624477023438856, 4.626477023438857), 2.144455935948193), ((5.992538278272259, 5.99453827827226), (4.627730391678338, 4.629730391678339), 0.9172184370131398)]
[INFO] [1753424678.689059163] [solver_node]: 数据详情:
- 第一个元素类型: <class 'float'>
- 整个数组类型: <class 'array.array'>
- 数组长度: 4
- 示例值: array('f', [0.0, 4.665999889373779, 3.7869999408721924, 5.370999813079834])
[INFO] [1753424678.690478207] [solver_node]: 调用求解器前，distances shape: (4,), values: [       nan 4.66599989 3.78699994 5.37099981]
[INFO] [1753424678.694614855] [solver_node]: [PoseSolver] 第0个组合有4个有效解
[INFO] [1753424678.695499966] [solver_node]: [PoseSolver] 处理完第0个组合后的筛选结果:
[INFO] [1753424678.696242128] [solver_node]: [PoseSolver] 排序后的最终筛选结果:
[INFO] [1753424678.696936514] [solver_node]: [PoseSolver] 找到4个完美相容解 (相容数=N)
[INFO] [1753424678.697658420] [solver_node]: 求解器返回结果: [((4.226362312127467, 4.228362312127468), (3.3735229765611447, 3.3755229765611445), -0.9971367176416006), ((4.003461721727741, 4.005461721727742), (3.370269608321661, 3.372269608321661), -2.2243742165766527), ((5.7696376878725335, 5.771637687872534), (4.624477023438856, 4.626477023438857), 2.144455935948193), ((5.992538278272259, 5.99453827827226), (4.627730391678338, 4.629730391678339), 0.9172184370131398)]
[INFO] [1753424678.789352476] [solver_node]: 数据详情:
- 第一个元素类型: <class 'float'>
- 整个数组类型: <class 'array.array'>
- 数组长度: 4
- 示例值: array('f', [0.0, 4.665999889373779, 3.7869999408721924, 5.370999813079834])
[INFO] [1753424678.790971140] [solver_node]: 调用求解器前，distances shape: (4,), values: [       nan 4.66599989 3.78699994 5.37099981]
[INFO] [1753424678.794163925] [solver_node]: [PoseSolver] 第0个组合有4个有效解
[INFO] [1753424678.795029387] [solver_node]: [PoseSolver] 处理完第0个组合后的筛选结果:
[INFO] [1753424678.795763197] [solver_node]: [PoseSolver] 排序后的最终筛选结果:
[INFO] [1753424678.796477583] [solver_node]: [PoseSolver] 找到4个完美相容解 (相容数=N)
[INFO] [1753424678.797206082] [solver_node]: 求解器返回结果: [((4.226362312127467, 4.228362312127468), (3.3735229765611447, 3.3755229765611445), -0.9971367176416006), ((4.003461721727741, 4.005461721727742), (3.370269608321661, 3.372269608321661), -2.2243742165766527), ((5.7696376878725335, 5.771637687872534), (4.624477023438856, 4.626477023438857), 2.144455935948193), ((5.992538278272259, 5.99453827827226), (4.627730391678338, 4.629730391678339), 0.9172184370131398)]
