[INFO] [1754207810.340513711] [solver_node]: SolverNode启动，进入初始化阶段，需要收集100次激光数据进行标定...
[INFO] [1754207810.417688309] [solver_node]: 标定数据收集进度: 1/100
[INFO] [1754207810.455603418] [solver_node]: 标定数据收集进度: 2/100
[INFO] [1754207810.548656206] [solver_node]: 标定数据收集进度: 3/100
[INFO] [1754207810.647173229] [solver_node]: 标定数据收集进度: 4/100
[INFO] [1754207810.747652321] [solver_node]: 标定数据收集进度: 5/100
[INFO] [1754207810.857703667] [solver_node]: 标定数据收集进度: 6/100
[INFO] [1754207810.949543698] [solver_node]: 标定数据收集进度: 7/100
[INFO] [1754207811.047995150] [solver_node]: 标定数据收集进度: 8/100
[INFO] [1754207811.148235415] [solver_node]: 标定数据收集进度: 9/100
[INFO] [1754207811.254261850] [solver_node]: 标定数据收集进度: 10/100
[INFO] [1754207811.348821230] [solver_node]: 标定数据收集进度: 11/100
[INFO] [1754207811.456722402] [solver_node]: 标定数据收集进度: 12/100
[INFO] [1754207811.551461725] [solver_node]: 标定数据收集进度: 13/100
[INFO] [1754207811.649610444] [solver_node]: 标定数据收集进度: 14/100
[INFO] [1754207811.749394977] [solver_node]: 标定数据收集进度: 15/100
[INFO] [1754207811.848310033] [solver_node]: 标定数据收集进度: 16/100
[INFO] [1754207811.950797691] [solver_node]: 标定数据收集进度: 17/100
[INFO] [1754207812.050206880] [solver_node]: 标定数据收集进度: 18/100
[INFO] [1754207812.150200638] [solver_node]: 标定数据收集进度: 19/100
[INFO] [1754207812.248317354] [solver_node]: 标定数据收集进度: 20/100
[INFO] [1754207812.347382624] [solver_node]: 标定数据收集进度: 21/100
[INFO] [1754207812.451465262] [solver_node]: 标定数据收集进度: 22/100
[INFO] [1754207812.548160573] [solver_node]: 标定数据收集进度: 23/100
[INFO] [1754207812.652562137] [solver_node]: 标定数据收集进度: 24/100
[INFO] [1754207812.748395042] [solver_node]: 标定数据收集进度: 25/100
[INFO] [1754207812.846919489] [solver_node]: 标定数据收集进度: 26/100
[INFO] [1754207812.948358428] [solver_node]: 标定数据收集进度: 27/100
[INFO] [1754207813.047631803] [solver_node]: 标定数据收集进度: 28/100
[INFO] [1754207813.146731025] [solver_node]: 标定数据收集进度: 29/100
[INFO] [1754207813.247289606] [solver_node]: 标定数据收集进度: 30/100
[INFO] [1754207813.351507161] [solver_node]: 标定数据收集进度: 31/100
[INFO] [1754207813.447563947] [solver_node]: 标定数据收集进度: 32/100
[INFO] [1754207813.548106144] [solver_node]: 标定数据收集进度: 33/100
[INFO] [1754207813.657340651] [solver_node]: 标定数据收集进度: 34/100
[INFO] [1754207813.749394769] [solver_node]: 标定数据收集进度: 35/100
[INFO] [1754207813.856263575] [solver_node]: 标定数据收集进度: 36/100
[INFO] [1754207813.948200216] [solver_node]: 标定数据收集进度: 37/100
[INFO] [1754207814.048597445] [solver_node]: 标定数据收集进度: 38/100
[INFO] [1754207814.148688325] [solver_node]: 标定数据收集进度: 39/100
[INFO] [1754207814.248185740] [solver_node]: 标定数据收集进度: 40/100
[INFO] [1754207814.351352432] [solver_node]: 标定数据收集进度: 41/100
[INFO] [1754207814.452698727] [solver_node]: 标定数据收集进度: 42/100
[INFO] [1754207814.548697302] [solver_node]: 标定数据收集进度: 43/100
[INFO] [1754207814.652642492] [solver_node]: 标定数据收集进度: 44/100
[INFO] [1754207814.752005789] [solver_node]: 标定数据收集进度: 45/100
[INFO] [1754207814.848469313] [solver_node]: 标定数据收集进度: 46/100
[INFO] [1754207814.947224711] [solver_node]: 标定数据收集进度: 47/100
[INFO] [1754207815.048076775] [solver_node]: 标定数据收集进度: 48/100
[INFO] [1754207815.161730352] [solver_node]: 标定数据收集进度: 49/100
[INFO] [1754207815.249576223] [solver_node]: 标定数据收集进度: 50/100
[INFO] [1754207815.352322640] [solver_node]: 标定数据收集进度: 51/100
[INFO] [1754207815.452271561] [solver_node]: 标定数据收集进度: 52/100
[INFO] [1754207815.548200597] [solver_node]: 标定数据收集进度: 53/100
[INFO] [1754207815.647551028] [solver_node]: 标定数据收集进度: 54/100
[INFO] [1754207815.747946401] [solver_node]: 标定数据收集进度: 55/100
[INFO] [1754207815.848754975] [solver_node]: 标定数据收集进度: 56/100
[INFO] [1754207815.949015077] [solver_node]: 标定数据收集进度: 57/100
[INFO] [1754207816.047561537] [solver_node]: 标定数据收集进度: 58/100
[INFO] [1754207816.148043824] [solver_node]: 标定数据收集进度: 59/100
[INFO] [1754207816.247783360] [solver_node]: 标定数据收集进度: 60/100
[INFO] [1754207816.347450028] [solver_node]: 标定数据收集进度: 61/100
[INFO] [1754207816.447425861] [solver_node]: 标定数据收集进度: 62/100
[INFO] [1754207816.550869012] [solver_node]: 标定数据收集进度: 63/100
[INFO] [1754207816.653098383] [solver_node]: 标定数据收集进度: 64/100
[INFO] [1754207816.752110366] [solver_node]: 标定数据收集进度: 65/100
[INFO] [1754207816.848962545] [solver_node]: 标定数据收集进度: 66/100
[INFO] [1754207816.947899005] [solver_node]: 标定数据收集进度: 67/100
[INFO] [1754207817.047318206] [solver_node]: 标定数据收集进度: 68/100
[INFO] [1754207817.151247809] [solver_node]: 标定数据收集进度: 69/100
[INFO] [1754207817.247543035] [solver_node]: 标定数据收集进度: 70/100
[INFO] [1754207817.346897401] [solver_node]: 标定数据收集进度: 71/100
[INFO] [1754207817.447023544] [solver_node]: 标定数据收集进度: 72/100
[INFO] [1754207817.547029906] [solver_node]: 标定数据收集进度: 73/100
[INFO] [1754207817.651089178] [solver_node]: 标定数据收集进度: 74/100
[INFO] [1754207817.751623659] [solver_node]: 标定数据收集进度: 75/100
[INFO] [1754207817.848643172] [solver_node]: 标定数据收集进度: 76/100
[INFO] [1754207817.951465047] [solver_node]: 标定数据收集进度: 77/100
[INFO] [1754207818.049021479] [solver_node]: 标定数据收集进度: 78/100
[INFO] [1754207818.147402586] [solver_node]: 标定数据收集进度: 79/100
[INFO] [1754207818.247407731] [solver_node]: 标定数据收集进度: 80/100
[INFO] [1754207818.347895905] [solver_node]: 标定数据收集进度: 81/100
[INFO] [1754207818.451225865] [solver_node]: 标定数据收集进度: 82/100
[INFO] [1754207818.547313017] [solver_node]: 标定数据收集进度: 83/100
[INFO] [1754207818.648814258] [solver_node]: 标定数据收集进度: 84/100
[INFO] [1754207818.747615479] [solver_node]: 标定数据收集进度: 85/100
[INFO] [1754207818.847907005] [solver_node]: 标定数据收集进度: 86/100
[INFO] [1754207818.948291910] [solver_node]: 标定数据收集进度: 87/100
[INFO] [1754207819.046755292] [solver_node]: 标定数据收集进度: 88/100
[INFO] [1754207819.146805334] [solver_node]: 标定数据收集进度: 89/100
[INFO] [1754207819.247165885] [solver_node]: 标定数据收集进度: 90/100
[INFO] [1754207819.348285414] [solver_node]: 标定数据收集进度: 91/100
[INFO] [1754207819.447443097] [solver_node]: 标定数据收集进度: 92/100
[INFO] [1754207819.548100013] [solver_node]: 标定数据收集进度: 93/100
[INFO] [1754207819.653652277] [solver_node]: 标定数据收集进度: 94/100
[INFO] [1754207819.748447756] [solver_node]: 标定数据收集进度: 95/100
[INFO] [1754207819.847335476] [solver_node]: 标定数据收集进度: 96/100
[INFO] [1754207819.953987211] [solver_node]: 标定数据收集进度: 97/100
[INFO] [1754207820.048616347] [solver_node]: 标定数据收集进度: 98/100
[INFO] [1754207820.149214859] [solver_node]: 标定数据收集进度: 99/100
[INFO] [1754207820.252158721] [solver_node]: 标定数据收集进度: 100/100
[INFO] [1754207820.255441455] [solver_node]: 标定数据收集完成，开始标定过程...
[INFO] [1754207820.260389892] [solver_node]: 开始标定，收集到的数据shape: (100, 5)
[INFO] [1754207820.268456064] [solver_node]: 标定完成: m=12.051, n=8.374
[INFO] [1754207820.270345233] [solver_node]: 初始位姿: x=4.690, y=1.050, phi=3.142
[INFO] [1754207820.282521982] [solver_node]: 发布静态变换: translation=(-1.050, 4.690, 0.0), rotation=-1.571
[INFO] [1754207820.285061164] [solver_node]: 初始化阶段完成，进入运行阶段
[INFO] [1754207820.355322881] [solver_node]: 收到5个激光点，处理后5个有效点
[INFO] [1754207820.360898737] [solver_node]: 当前位置: x=4.840, y=1.065, angle=-3.084
[INFO] [1754207820.363539907] [solver_node]: 激光距离数据: [0.474 6.747 4.249 5.094 5.121]
[INFO] [1754207820.370069116] [solver_node]: 角度求解器返回 1 个解
[INFO] [1754207820.370889696] [solver_node]: 有效解: x=4.706, y=0.947, 距离=0.179
[INFO] [1754207820.378682480] [solver_node]: 选择最佳解: x=4.706, y=0.947, 距离=0.179
[INFO] [1754207820.399619190] [solver_node]: 发布laser_dist_link变换: x=4.706, y=0.947, angle=-3.084
[INFO] [1754207820.400444986] [solver_node]: 成功发布laser_dist_link变换
[INFO] [1754207820.453899834] [solver_node]: 收到5个激光点，处理后5个有效点
[INFO] [1754207820.462022265] [solver_node]: 当前位置: x=4.851, y=1.058, angle=-3.084
[INFO] [1754207820.465271557] [solver_node]: 激光距离数据: [0.474 6.747 4.249 5.094 5.121]
[INFO] [1754207820.472214896] [solver_node]: 角度求解器返回 1 个解
[INFO] [1754207820.473026675] [solver_node]: 有效解: x=4.706, y=0.947, 距离=0.183
[INFO] [1754207820.479984607] [solver_node]: 选择最佳解: x=4.706, y=0.947, 距离=0.183
[INFO] [1754207820.481859472] [solver_node]: 发布laser_dist_link变换: x=4.706, y=0.947, angle=-3.084
[INFO] [1754207820.482610608] [solver_node]: 成功发布laser_dist_link变换
[INFO] [1754207820.647575384] [solver_node]: 收到5个激光点，处理后5个有效点
[INFO] [1754207820.649943582] [solver_node]: 收到5个激光点，处理后5个有效点
[INFO] [1754207820.665561695] [solver_node]: 当前位置: x=4.851, y=1.054, angle=-3.084
[INFO] [1754207820.667061760] [solver_node]: 激光距离数据: [0.474 6.747 4.249 5.094 5.121]
[INFO] [1754207820.682790054] [solver_node]: 角度求解器返回 1 个解
[INFO] [1754207820.694998036] [solver_node]: 有效解: x=4.706, y=0.947, 距离=0.181
[INFO] [1754207820.705030629] [solver_node]: 选择最佳解: x=4.706, y=0.947, 距离=0.181
[INFO] [1754207820.720887888] [solver_node]: 发布laser_dist_link变换: x=4.706, y=0.947, angle=-3.084
[INFO] [1754207820.730349128] [solver_node]: 成功发布laser_dist_link变换
[INFO] [1754207820.752373726] [solver_node]: 收到5个激光点，处理后5个有效点
[INFO] [1754207820.755650571] [solver_node]: 当前位置: x=4.844, y=1.058, angle=-3.084
[INFO] [1754207820.756919970] [solver_node]: 激光距离数据: [0.474 6.747 4.249 5.094 5.121]
[INFO] [1754207820.765555030] [solver_node]: 角度求解器返回 1 个解
[INFO] [1754207820.766366137] [solver_node]: 有效解: x=4.706, y=0.947, 距离=0.178
[INFO] [1754207820.767094712] [solver_node]: 选择最佳解: x=4.706, y=0.947, 距离=0.178
[INFO] [1754207820.770003414] [solver_node]: 发布laser_dist_link变换: x=4.706, y=0.947, angle=-3.084
[INFO] [1754207820.770714228] [solver_node]: 成功发布laser_dist_link变换
[INFO] [1754207820.857516626] [solver_node]: 收到5个激光点，处理后5个有效点
[INFO] [1754207820.860139299] [solver_node]: 当前位置: x=4.854, y=1.056, angle=-3.084
[INFO] [1754207820.861426875] [solver_node]: 激光距离数据: [0.474 6.747 4.249 5.094 5.121]
[INFO] [1754207820.865884891] [solver_node]: 角度求解器返回 1 个解
[INFO] [1754207820.866642940] [solver_node]: 有效解: x=4.706, y=0.947, 距离=0.185
[INFO] [1754207820.867624166] [solver_node]: 选择最佳解: x=4.706, y=0.947, 距离=0.185
[INFO] [1754207820.868907037] [solver_node]: 发布laser_dist_link变换: x=4.706, y=0.947, angle=-3.084
[INFO] [1754207820.876834387] [solver_node]: 成功发布laser_dist_link变换
[INFO] [1754207820.953963664] [solver_node]: 收到5个激光点，处理后5个有效点
[INFO] [1754207820.966101980] [solver_node]: 当前位置: x=4.849, y=1.053, angle=-3.084
[INFO] [1754207820.967486871] [solver_node]: 激光距离数据: [0.474 6.747 4.249 5.094 5.121]
[INFO] [1754207820.985477183] [solver_node]: 角度求解器返回 1 个解
[INFO] [1754207820.986375974] [solver_node]: 有效解: x=4.706, y=0.947, 距离=0.178
[INFO] [1754207820.987150119] [solver_node]: 选择最佳解: x=4.706, y=0.947, 距离=0.178
[INFO] [1754207820.988275927] [solver_node]: 发布laser_dist_link变换: x=4.706, y=0.947, angle=-3.084
[INFO] [1754207820.988938260] [solver_node]: 成功发布laser_dist_link变换
[INFO] [1754207821.053959495] [solver_node]: 收到5个激光点，处理后5个有效点
[INFO] [1754207821.056190919] [solver_node]: 当前位置: x=4.846, y=1.049, angle=-3.085
[INFO] [1754207821.057403195] [solver_node]: 激光距离数据: [0.474 6.747 4.249 5.094 5.121]
[INFO] [1754207821.091281551] [solver_node]: 角度求解器返回 1 个解
[INFO] [1754207821.095153654] [solver_node]: 有效解: x=4.705, y=0.947, 距离=0.174
[INFO] [1754207821.098607979] [solver_node]: 选择最佳解: x=4.705, y=0.947, 距离=0.174
[INFO] [1754207821.113944896] [solver_node]: 发布laser_dist_link变换: x=4.705, y=0.947, angle=-3.085
[INFO] [1754207821.137800964] [solver_node]: 成功发布laser_dist_link变换
[INFO] [1754207821.151522932] [solver_node]: 收到5个激光点，处理后5个有效点
[INFO] [1754207821.191757402] [solver_node]: 当前位置: x=4.850, y=1.054, angle=-3.084
[INFO] [1754207821.193393121] [solver_node]: 激光距离数据: [0.474 6.747 4.249 5.094 5.121]
[INFO] [1754207821.199283198] [solver_node]: 角度求解器返回 1 个解
[INFO] [1754207821.200146820] [solver_node]: 有效解: x=4.706, y=0.947, 距离=0.180
[INFO] [1754207821.200906564] [solver_node]: 选择最佳解: x=4.706, y=0.947, 距离=0.180
[INFO] [1754207821.218273233] [solver_node]: 发布laser_dist_link变换: x=4.706, y=0.947, angle=-3.084
[INFO] [1754207821.219250715] [solver_node]: 成功发布laser_dist_link变换
[INFO] [1754207821.293858891] [solver_node]: 收到5个激光点，处理后5个有效点
[INFO] [1754207821.304869541] [solver_node]: 当前位置: x=4.859, y=1.058, angle=-3.083
[INFO] [1754207821.309575792] [solver_node]: 激光距离数据: [0.474 6.747 4.249 5.094 5.121]
[INFO] [1754207821.314595977] [solver_node]: 角度求解器返回 1 个解
[INFO] [1754207821.315422508] [solver_node]: 有效解: x=4.706, y=0.946, 距离=0.189
[INFO] [1754207821.316224175] [solver_node]: 选择最佳解: x=4.706, y=0.946, 距离=0.189
[INFO] [1754207821.318551539] [solver_node]: 发布laser_dist_link变换: x=4.706, y=0.946, angle=-3.083
[INFO] [1754207821.347530260] [solver_node]: 成功发布laser_dist_link变换
[INFO] [1754207821.359245997] [solver_node]: 收到5个激光点，处理后5个有效点
[INFO] [1754207821.377534273] [solver_node]: 当前位置: x=4.849, y=1.056, angle=-3.084
[INFO] [1754207821.380081615] [solver_node]: 激光距离数据: [0.474 6.747 4.249 5.094 5.121]
[INFO] [1754207821.385005667] [solver_node]: 角度求解器返回 1 个解
[INFO] [1754207821.385808134] [solver_node]: 有效解: x=4.706, y=0.947, 距离=0.180
[INFO] [1754207821.386583335] [solver_node]: 选择最佳解: x=4.706, y=0.947, 距离=0.180
[INFO] [1754207821.398546027] [solver_node]: 发布laser_dist_link变换: x=4.706, y=0.947, angle=-3.084
[INFO] [1754207821.400699848] [solver_node]: 成功发布laser_dist_link变换
[INFO] [1754207821.454426196] [solver_node]: 收到5个激光点，处理后5个有效点
[INFO] [1754207821.469599170] [solver_node]: 当前位置: x=4.851, y=1.055, angle=-3.084
[INFO] [1754207821.471004702] [solver_node]: 激光距离数据: [0.474 6.747 4.249 5.094 5.121]
[INFO] [1754207821.480329840] [solver_node]: 角度求解器返回 1 个解
[INFO] [1754207821.488197603] [solver_node]: 有效解: x=4.706, y=0.947, 距离=0.181
[INFO] [1754207821.504321914] [solver_node]: 选择最佳解: x=4.706, y=0.947, 距离=0.181
[INFO] [1754207821.522939709] [solver_node]: 发布laser_dist_link变换: x=4.706, y=0.947, angle=-3.084
[INFO] [1754207821.547257077] [solver_node]: 成功发布laser_dist_link变换
[INFO] [1754207821.548912444] [solver_node]: 收到5个激光点，处理后5个有效点
[INFO] [1754207821.552313327] [solver_node]: 当前位置: x=4.856, y=1.057, angle=-3.084
[INFO] [1754207821.560414412] [solver_node]: 激光距离数据: [0.474 6.747 4.249 5.094 5.121]
[INFO] [1754207821.565391202] [solver_node]: 角度求解器返回 1 个解
[INFO] [1754207821.566171044] [solver_node]: 有效解: x=4.706, y=0.947, 距离=0.186
[INFO] [1754207821.566927589] [solver_node]: 选择最佳解: x=4.706, y=0.947, 距离=0.186
[INFO] [1754207821.569440273] [solver_node]: 发布laser_dist_link变换: x=4.706, y=0.947, angle=-3.084
[INFO] [1754207821.570151536] [solver_node]: 成功发布laser_dist_link变换
[INFO] [1754207821.653473431] [solver_node]: 收到5个激光点，处理后5个有效点
[INFO] [1754207821.656080583] [solver_node]: 当前位置: x=4.845, y=1.058, angle=-3.083
[INFO] [1754207821.657296924] [solver_node]: 激光距离数据: [0.474 6.747 4.249 5.094 5.121]
[INFO] [1754207821.662397175] [solver_node]: 角度求解器返回 1 个解
[INFO] [1754207821.663268349] [solver_node]: 有效解: x=4.706, y=0.946, 距离=0.178
[INFO] [1754207821.664243719] [solver_node]: 选择最佳解: x=4.706, y=0.946, 距离=0.178
[INFO] [1754207821.669059031] [solver_node]: 发布laser_dist_link变换: x=4.706, y=0.946, angle=-3.083
[INFO] [1754207821.670947752] [solver_node]: 成功发布laser_dist_link变换
[INFO] [1754207821.769402236] [solver_node]: 收到5个激光点，处理后5个有效点
[INFO] [1754207821.779484878] [solver_node]: 当前位置: x=4.847, y=1.051, angle=-3.084
[INFO] [1754207821.787027539] [solver_node]: 激光距离数据: [0.474 6.747 4.249 5.094 5.121]
[INFO] [1754207821.794546295] [solver_node]: 角度求解器返回 1 个解
[INFO] [1754207821.796491115] [solver_node]: 有效解: x=4.706, y=0.947, 距离=0.176
[INFO] [1754207821.799340870] [solver_node]: 选择最佳解: x=4.706, y=0.947, 距离=0.176
[INFO] [1754207821.801489699] [solver_node]: 发布laser_dist_link变换: x=4.706, y=0.947, angle=-3.084
[INFO] [1754207821.817706462] [solver_node]: 成功发布laser_dist_link变换
[INFO] [1754207821.851432043] [solver_node]: 收到2个激光点，处理后2个有效点
[INFO] [1754207821.861918287] [solver_node]: 当前位置: x=4.845, y=1.055, angle=-3.084
[INFO] [1754207821.866656795] [solver_node]: 激光距离数据: [0.    0.253]
[ERROR] [1754207821.867431613] [solver_node]: 求解器调用失败: 距离数组长度(2)与激光配置数量(5)不匹配
[ERROR] [1754207821.881815913] [solver_node]: 详细错误信息: Traceback (most recent call last):
  File "/home/orin/rc2025_ros2_ws/install/laser_solver/lib/python3.10/site-packages/laser_solver/solver_node.py", line 395, in solve_loop
    solutions = self.angle_solver.solve(self.distances, angle)
  File "/home/orin/rc2025_ros2_ws/install/laser_solver/lib/python3.10/site-packages/laser_solver/positioning_algorithm/angle_pose_calculator.py", line 63, in solve
    raise ValueError(f"距离数组长度({len(distances)})与激光配置数量({len(self.laser_configs)})不匹配")
ValueError: 距离数组长度(2)与激光配置数量(5)不匹配

