[INFO] [1754227510.448413948] [solver_node]: [PerpendicularDistanceLocalizer] 前束索引: [2], 后束索引: [3, 4]
[INFO] [1754227510.449481394] [solver_node]: [PerpendicularDistanceLocalizer] 左束索引: [0], 右束索引: [1]
[INFO] [1754227510.450884536] [solver_node]: [PerpendicularDistanceLocalizer] 垂直距离定位器已初始化，需要调用calibrate()方法进行标定
[INFO] [1754227510.466110804] [solver_node]: SolverNode启动，进入初始化阶段，需要收集100次激光数据进行标定...
[INFO] [1754227510.517421060] [solver_node]: 标定数据收集进度: 1/100
[INFO] [1754227510.614476621] [solver_node]: 标定数据收集进度: 2/100
[INFO] [1754227510.714493034] [solver_node]: 标定数据收集进度: 3/100
[WARN] [1754227510.814722033] [solver_node]: 激光数量不匹配：期望5，实际6
[INFO] [1754227510.914888374] [solver_node]: 标定数据收集进度: 4/100
[INFO] [1754227511.014268467] [solver_node]: 标定数据收集进度: 5/100
[INFO] [1754227511.114381136] [solver_node]: 标定数据收集进度: 6/100
[INFO] [1754227511.215093419] [solver_node]: 标定数据收集进度: 7/100
[INFO] [1754227511.314373918] [solver_node]: 标定数据收集进度: 8/100
[INFO] [1754227511.418007116] [solver_node]: 标定数据收集进度: 9/100
[INFO] [1754227511.514122017] [solver_node]: 标定数据收集进度: 10/100
[INFO] [1754227511.614248574] [solver_node]: 标定数据收集进度: 11/100
[INFO] [1754227511.714474945] [solver_node]: 标定数据收集进度: 12/100
[INFO] [1754227511.814312272] [solver_node]: 标定数据收集进度: 13/100
[INFO] [1754227511.914618199] [solver_node]: 标定数据收集进度: 14/100
[INFO] [1754227512.013871497] [solver_node]: 标定数据收集进度: 15/100
[INFO] [1754227512.114283728] [solver_node]: 标定数据收集进度: 16/100
[INFO] [1754227512.214583026] [solver_node]: 标定数据收集进度: 17/100
[INFO] [1754227512.313937316] [solver_node]: 标定数据收集进度: 18/100
[INFO] [1754227512.415632044] [solver_node]: 标定数据收集进度: 19/100
[INFO] [1754227512.514640813] [solver_node]: 标定数据收集进度: 20/100
[INFO] [1754227512.614793095] [solver_node]: 标定数据收集进度: 21/100
[INFO] [1754227512.714759576] [solver_node]: 标定数据收集进度: 22/100
[INFO] [1754227512.814450075] [solver_node]: 标定数据收集进度: 23/100
[INFO] [1754227512.913791725] [solver_node]: 标定数据收集进度: 24/100
[INFO] [1754227513.013989641] [solver_node]: 标定数据收集进度: 25/100
[INFO] [1754227513.113958773] [solver_node]: 标定数据收集进度: 26/100
[INFO] [1754227513.215062906] [solver_node]: 标定数据收集进度: 27/100
[INFO] [1754227513.313801801] [solver_node]: 标定数据收集进度: 28/100
[INFO] [1754227513.414651553] [solver_node]: 标定数据收集进度: 29/100
[INFO] [1754227513.517956852] [solver_node]: 标定数据收集进度: 30/100
[INFO] [1754227513.617226974] [solver_node]: 标定数据收集进度: 31/100
[INFO] [1754227513.714635946] [solver_node]: 标定数据收集进度: 32/100
[INFO] [1754227513.814707003] [solver_node]: 标定数据收集进度: 33/100
[INFO] [1754227513.914159182] [solver_node]: 标定数据收集进度: 34/100
[INFO] [1754227514.014053526] [solver_node]: 标定数据收集进度: 35/100
[INFO] [1754227514.114307244] [solver_node]: 标定数据收集进度: 36/100
[INFO] [1754227514.214995799] [solver_node]: 标定数据收集进度: 37/100
[INFO] [1754227514.314161367] [solver_node]: 标定数据收集进度: 38/100
[INFO] [1754227514.414784543] [solver_node]: 标定数据收集进度: 39/100
[INFO] [1754227514.514815273] [solver_node]: 标定数据收集进度: 40/100
[INFO] [1754227514.613805376] [solver_node]: 标定数据收集进度: 41/100
[INFO] [1754227514.713746758] [solver_node]: 标定数据收集进度: 42/100
[INFO] [1754227514.813792657] [solver_node]: 标定数据收集进度: 43/100
[INFO] [1754227514.913745304] [solver_node]: 标定数据收集进度: 44/100
[INFO] [1754227515.013738497] [solver_node]: 标定数据收集进度: 45/100
[INFO] [1754227515.114139545] [solver_node]: 标定数据收集进度: 46/100
[INFO] [1754227515.213970581] [solver_node]: 标定数据收集进度: 47/100
[INFO] [1754227515.313849875] [solver_node]: 标定数据收集进度: 48/100
[INFO] [1754227515.415175450] [solver_node]: 标定数据收集进度: 49/100
[INFO] [1754227515.514225966] [solver_node]: 标定数据收集进度: 50/100
[INFO] [1754227515.614236563] [solver_node]: 标定数据收集进度: 51/100
[INFO] [1754227515.714703183] [solver_node]: 标定数据收集进度: 52/100
[INFO] [1754227515.813994704] [solver_node]: 标定数据收集进度: 53/100
[INFO] [1754227515.913691109] [solver_node]: 标定数据收集进度: 54/100
[INFO] [1754227516.014832898] [solver_node]: 标定数据收集进度: 55/100
[INFO] [1754227516.114360074] [solver_node]: 标定数据收集进度: 56/100
[INFO] [1754227516.214129566] [solver_node]: 标定数据收集进度: 57/100
[INFO] [1754227516.314129437] [solver_node]: 标定数据收集进度: 58/100
