[INFO] [1753423144.527254332] [solver_node]: [Case1BatchSolver] Case1BatchSolver初始化完成: 场地尺寸: 9.998x8.0, 容差: 0.001
[INFO] [1753423144.528153810] [solver_node]: [Case3BatchSolver] Case3BatchSolver初始化完成: 场地尺寸: 9.998x8.0, 容差: 0.001
[INFO] [1753423144.528948838] [solver_node]: [PoseSolver] PoseSolver初始化完成: 场地(9.998x8.0), 4个激光
[INFO] [1753423144.665027758] [solver_node]: 数据详情:
- 第一个元素类型: <class 'float'>
- 整个数组类型: <class 'array.array'>
- 数组长度: 4
- 示例值: array('f', [0.0, 4.664999961853027, 2.049999952316284, 5.369999885559082])
[INFO] [1753423144.666787482] [solver_node]: 调用求解器前，distances shape: (4,), values: [       nan 4.66499996 2.04999995 5.36999989]
[INFO] [1753423144.670466614] [solver_node]: [PoseSolver] 第0个组合有4个有效解
[INFO] [1753423144.671404045] [solver_node]: [PoseSolver] 处理完第0个组合后的筛选结果:
[INFO] [1753423144.672250403] [solver_node]: [PoseSolver] 排序后的最终筛选结果:
[INFO] [1753423144.673049046] [solver_node]: [PoseSolver] 找到4个完美相容解 (相容数=N)
[INFO] [1753423144.673851371] [solver_node]: 求解器返回结果: [((5.026018934219831, 5.028018934219832), (2.369847402543161, 2.371847402543161), -1.509222783197246), ((4.973926996797726, 4.975926996797726), (2.3799499689732557, 2.3819499689732555), -1.7295407777118), ((4.969981065780168, 4.971981065780168), (5.628152597456839, 5.630152597456839), 1.6323698703925469), ((5.022073003202273, 5.024073003202274), (5.618050031026745, 5.620050031026746), 1.4120518758779934)]
[INFO] [1753423144.762902460] [solver_node]: 数据详情:
- 第一个元素类型: <class 'float'>
- 整个数组类型: <class 'array.array'>
- 数组长度: 4
- 示例值: array('f', [0.0, 4.664999961853027, 2.049999952316284, 5.369999885559082])
[INFO] [1753423144.764477315] [solver_node]: 调用求解器前，distances shape: (4,), values: [       nan 4.66499996 2.04999995 5.36999989]
[INFO] [1753423144.767677523] [solver_node]: [PoseSolver] 第0个组合有4个有效解
[INFO] [1753423144.768509864] [solver_node]: [PoseSolver] 处理完第0个组合后的筛选结果:
[INFO] [1753423144.769844745] [solver_node]: [PoseSolver] 排序后的最终筛选结果:
[INFO] [1753423144.770655805] [solver_node]: [PoseSolver] 找到4个完美相容解 (相容数=N)
[INFO] [1753423144.771455697] [solver_node]: 求解器返回结果: [((5.026018934219831, 5.028018934219832), (2.369847402543161, 2.371847402543161), -1.509222783197246), ((4.973926996797726, 4.975926996797726), (2.3799499689732557, 2.3819499689732555), -1.7295407777118), ((4.969981065780168, 4.971981065780168), (5.628152597456839, 5.630152597456839), 1.6323698703925469), ((5.022073003202273, 5.024073003202274), (5.618050031026745, 5.620050031026746), 1.4120518758779934)]
[INFO] [1753423144.864665802] [solver_node]: 数据详情:
- 第一个元素类型: <class 'float'>
- 整个数组类型: <class 'array.array'>
- 数组长度: 4
- 示例值: array('f', [0.0, 4.664999961853027, 2.049999952316284, 5.369999885559082])
[INFO] [1753423144.868121761] [solver_node]: 调用求解器前，distances shape: (4,), values: [       nan 4.66499996 2.04999995 5.36999989]
[INFO] [1753423144.872832054] [solver_node]: [PoseSolver] 第0个组合有4个有效解
[INFO] [1753423144.873763822] [solver_node]: [PoseSolver] 处理完第0个组合后的筛选结果:
[INFO] [1753423144.874513760] [solver_node]: [PoseSolver] 排序后的最终筛选结果:
[INFO] [1753423144.875311892] [solver_node]: [PoseSolver] 找到4个完美相容解 (相容数=N)
[INFO] [1753423144.876115592] [solver_node]: 求解器返回结果: [((5.026018934219831, 5.028018934219832), (2.369847402543161, 2.371847402543161), -1.509222783197246), ((4.973926996797726, 4.975926996797726), (2.3799499689732557, 2.3819499689732555), -1.7295407777118), ((4.969981065780168, 4.971981065780168), (5.628152597456839, 5.630152597456839), 1.6323698703925469), ((5.022073003202273, 5.024073003202274), (5.618050031026745, 5.620050031026746), 1.4120518758779934)]
[INFO] [1753423144.963418286] [solver_node]: 数据详情:
- 第一个元素类型: <class 'float'>
- 整个数组类型: <class 'array.array'>
- 数组长度: 4
- 示例值: array('f', [0.0, 4.664999961853027, 2.049999952316284, 5.369999885559082])
[INFO] [1753423144.965136857] [solver_node]: 调用求解器前，distances shape: (4,), values: [       nan 4.66499996 2.04999995 5.36999989]
[INFO] [1753423144.970430205] [solver_node]: [PoseSolver] 第0个组合有4个有效解
[INFO] [1753423144.973528491] [solver_node]: [PoseSolver] 处理完第0个组合后的筛选结果:
[INFO] [1753423144.975476123] [solver_node]: [PoseSolver] 排序后的最终筛选结果:
[INFO] [1753423144.976369682] [solver_node]: [PoseSolver] 找到4个完美相容解 (相容数=N)
[INFO] [1753423144.977120068] [solver_node]: 求解器返回结果: [((5.026018934219831, 5.028018934219832), (2.369847402543161, 2.371847402543161), -1.509222783197246), ((4.973926996797726, 4.975926996797726), (2.3799499689732557, 2.3819499689732555), -1.7295407777118), ((4.969981065780168, 4.971981065780168), (5.628152597456839, 5.630152597456839), 1.6323698703925469), ((5.022073003202273, 5.024073003202274), (5.618050031026745, 5.620050031026746), 1.4120518758779934)]
[INFO] [1753423145.063214348] [solver_node]: 数据详情:
- 第一个元素类型: <class 'float'>
- 整个数组类型: <class 'array.array'>
- 数组长度: 4
- 示例值: array('f', [0.0, 4.664999961853027, 2.049999952316284, 5.369999885559082])
[INFO] [1753423145.064913910] [solver_node]: 调用求解器前，distances shape: (4,), values: [       nan 4.66499996 2.04999995 5.36999989]
[INFO] [1753423145.068353420] [solver_node]: [PoseSolver] 第0个组合有4个有效解
[INFO] [1753423145.069259587] [solver_node]: [PoseSolver] 处理完第0个组合后的筛选结果:
[INFO] [1753423145.070037238] [solver_node]: [PoseSolver] 排序后的最终筛选结果:
[INFO] [1753423145.070818026] [solver_node]: [PoseSolver] 找到4个完美相容解 (相容数=N)
[INFO] [1753423145.071592221] [solver_node]: 求解器返回结果: [((5.026018934219831, 5.028018934219832), (2.369847402543161, 2.371847402543161), -1.509222783197246), ((4.973926996797726, 4.975926996797726), (2.3799499689732557, 2.3819499689732555), -1.7295407777118), ((4.969981065780168, 4.971981065780168), (5.628152597456839, 5.630152597456839), 1.6323698703925469), ((5.022073003202273, 5.024073003202274), (5.618050031026745, 5.620050031026746), 1.4120518758779934)]
[INFO] [1753423145.164583761] [solver_node]: 数据详情:
- 第一个元素类型: <class 'float'>
- 整个数组类型: <class 'array.array'>
- 数组长度: 4
- 示例值: array('f', [0.0, 4.664999961853027, 2.049999952316284, 5.369999885559082])
[INFO] [1753423145.166242458] [solver_node]: 调用求解器前，distances shape: (4,), values: [       nan 4.66499996 2.04999995 5.36999989]
[INFO] [1753423145.169448234] [solver_node]: [PoseSolver] 第0个组合有4个有效解
[INFO] [1753423145.172734236] [solver_node]: [PoseSolver] 处理完第0个组合后的筛选结果:
[INFO] [1753423145.177747066] [solver_node]: [PoseSolver] 排序后的最终筛选结果:
[INFO] [1753423145.178807316] [solver_node]: [PoseSolver] 找到4个完美相容解 (相容数=N)
[INFO] [1753423145.179758028] [solver_node]: 求解器返回结果: [((5.026018934219831, 5.028018934219832), (2.369847402543161, 2.371847402543161), -1.509222783197246), ((4.973926996797726, 4.975926996797726), (2.3799499689732557, 2.3819499689732555), -1.7295407777118), ((4.969981065780168, 4.971981065780168), (5.628152597456839, 5.630152597456839), 1.6323698703925469), ((5.022073003202273, 5.024073003202274), (5.618050031026745, 5.620050031026746), 1.4120518758779934)]
[INFO] [1753423145.263736927] [solver_node]: 数据详情:
- 第一个元素类型: <class 'float'>
- 整个数组类型: <class 'array.array'>
- 数组长度: 4
- 示例值: array('f', [0.0, 4.664999961853027, 2.049999952316284, 5.369999885559082])
[INFO] [1753423145.266450082] [solver_node]: 调用求解器前，distances shape: (4,), values: [       nan 4.66499996 2.04999995 5.36999989]
[INFO] [1753423145.270966099] [solver_node]: [PoseSolver] 第0个组合有4个有效解
[INFO] [1753423145.272378198] [solver_node]: [PoseSolver] 处理完第0个组合后的筛选结果:
[INFO] [1753423145.273407184] [solver_node]: [PoseSolver] 排序后的最终筛选结果:
[INFO] [1753423145.274119298] [solver_node]: [PoseSolver] 找到4个完美相容解 (相容数=N)
[INFO] [1753423145.274908790] [solver_node]: 求解器返回结果: [((5.026018934219831, 5.028018934219832), (2.369847402543161, 2.371847402543161), -1.509222783197246), ((4.973926996797726, 4.975926996797726), (2.3799499689732557, 2.3819499689732555), -1.7295407777118), ((4.969981065780168, 4.971981065780168), (5.628152597456839, 5.630152597456839), 1.6323698703925469), ((5.022073003202273, 5.024073003202274), (5.618050031026745, 5.620050031026746), 1.4120518758779934)]
[INFO] [1753423145.364294543] [solver_node]: 数据详情:
- 第一个元素类型: <class 'float'>
- 整个数组类型: <class 'array.array'>
- 数组长度: 4
- 示例值: array('f', [0.0, 4.664999961853027, 2.049999952316284, 5.369999885559082])
[INFO] [1753423145.365802421] [solver_node]: 调用求解器前，distances shape: (4,), values: [       nan 4.66499996 2.04999995 5.36999989]
[INFO] [1753423145.368931363] [solver_node]: [PoseSolver] 第0个组合有4个有效解
[INFO] [1753423145.370052639] [solver_node]: [PoseSolver] 处理完第0个组合后的筛选结果:
[INFO] [1753423145.371045368] [solver_node]: [PoseSolver] 排序后的最终筛选结果:
[INFO] [1753423145.372267671] [solver_node]: [PoseSolver] 找到4个完美相容解 (相容数=N)
[INFO] [1753423145.373206254] [solver_node]: 求解器返回结果: [((5.026018934219831, 5.028018934219832), (2.369847402543161, 2.371847402543161), -1.509222783197246), ((4.973926996797726, 4.975926996797726), (2.3799499689732557, 2.3819499689732555), -1.7295407777118), ((4.969981065780168, 4.971981065780168), (5.628152597456839, 5.630152597456839), 1.6323698703925469), ((5.022073003202273, 5.024073003202274), (5.618050031026745, 5.620050031026746), 1.4120518758779934)]
[INFO] [1753423145.463111285] [solver_node]: 数据详情:
- 第一个元素类型: <class 'float'>
- 整个数组类型: <class 'array.array'>
- 数组长度: 4
- 示例值: array('f', [0.0, 4.664999961853027, 2.049999952316284, 5.369999885559082])
[INFO] [1753423145.464660763] [solver_node]: 调用求解器前，distances shape: (4,), values: [       nan 4.66499996 2.04999995 5.36999989]
[INFO] [1753423145.468819555] [solver_node]: [PoseSolver] 第0个组合有4个有效解
[INFO] [1753423145.470084259] [solver_node]: [PoseSolver] 处理完第0个组合后的筛选结果:
[INFO] [1753423145.470916920] [solver_node]: [PoseSolver] 排序后的最终筛选结果:
[INFO] [1753423145.471633770] [solver_node]: [PoseSolver] 找到4个完美相容解 (相容数=N)
[INFO] [1753423145.472416093] [solver_node]: 求解器返回结果: [((5.026018934219831, 5.028018934219832), (2.369847402543161, 2.371847402543161), -1.509222783197246), ((4.973926996797726, 4.975926996797726), (2.3799499689732557, 2.3819499689732555), -1.7295407777118), ((4.969981065780168, 4.971981065780168), (5.628152597456839, 5.630152597456839), 1.6323698703925469), ((5.022073003202273, 5.024073003202274), (5.618050031026745, 5.620050031026746), 1.4120518758779934)]
[INFO] [1753423145.563253307] [solver_node]: 数据详情:
- 第一个元素类型: <class 'float'>
- 整个数组类型: <class 'array.array'>
- 数组长度: 4
- 示例值: array('f', [0.0, 4.664999961853027, 2.049999952316284, 5.369999885559082])
[INFO] [1753423145.564860707] [solver_node]: 调用求解器前，distances shape: (4,), values: [       nan 4.66499996 2.04999995 5.36999989]
[INFO] [1753423145.568208823] [solver_node]: [PoseSolver] 第0个组合有4个有效解
[INFO] [1753423145.569106189] [solver_node]: [PoseSolver] 处理完第0个组合后的筛选结果:
[INFO] [1753423145.569842752] [solver_node]: [PoseSolver] 排序后的最终筛选结果:
[INFO] [1753423145.570571890] [solver_node]: [PoseSolver] 找到4个完美相容解 (相容数=N)
[INFO] [1753423145.571511882] [solver_node]: 求解器返回结果: [((5.026018934219831, 5.028018934219832), (2.369847402543161, 2.371847402543161), -1.509222783197246), ((4.973926996797726, 4.975926996797726), (2.3799499689732557, 2.3819499689732555), -1.7295407777118), ((4.969981065780168, 4.971981065780168), (5.628152597456839, 5.630152597456839), 1.6323698703925469), ((5.022073003202273, 5.024073003202274), (5.618050031026745, 5.620050031026746), 1.4120518758779934)]
[INFO] [1753423145.662980535] [solver_node]: 数据详情:
- 第一个元素类型: <class 'float'>
- 整个数组类型: <class 'array.array'>
- 数组长度: 4
- 示例值: array('f', [0.0, 4.664999961853027, 2.049999952316284, 5.369999885559082])
[INFO] [1753423145.664459964] [solver_node]: 调用求解器前，distances shape: (4,), values: [       nan 4.66499996 2.04999995 5.36999989]
[INFO] [1753423145.667687053] [solver_node]: [PoseSolver] 第0个组合有4个有效解
[INFO] [1753423145.668540290] [solver_node]: [PoseSolver] 处理完第0个组合后的筛选结果:
[INFO] [1753423145.670854844] [solver_node]: [PoseSolver] 排序后的最终筛选结果:
[INFO] [1753423145.671733106] [solver_node]: [PoseSolver] 找到4个完美相容解 (相容数=N)
[INFO] [1753423145.672475845] [solver_node]: 求解器返回结果: [((5.026018934219831, 5.028018934219832), (2.369847402543161, 2.371847402543161), -1.509222783197246), ((4.973926996797726, 4.975926996797726), (2.3799499689732557, 2.3819499689732555), -1.7295407777118), ((4.969981065780168, 4.971981065780168), (5.628152597456839, 5.630152597456839), 1.6323698703925469), ((5.022073003202273, 5.024073003202274), (5.618050031026745, 5.620050031026746), 1.4120518758779934)]
[INFO] [1753423145.765420215] [solver_node]: 数据详情:
- 第一个元素类型: <class 'float'>
- 整个数组类型: <class 'array.array'>
- 数组长度: 4
- 示例值: array('f', [0.0, 4.664999961853027, 2.049999952316284, 5.369999885559082])
[INFO] [1753423145.767143394] [solver_node]: 调用求解器前，distances shape: (4,), values: [       nan 4.66499996 2.04999995 5.36999989]
[INFO] [1753423145.770538583] [solver_node]: [PoseSolver] 第0个组合有4个有效解
[INFO] [1753423145.771422413] [solver_node]: [PoseSolver] 处理完第0个组合后的筛选结果:
[INFO] [1753423145.772165312] [solver_node]: [PoseSolver] 排序后的最终筛选结果:
[INFO] [1753423145.772886066] [solver_node]: [PoseSolver] 找到4个完美相容解 (相容数=N)
[INFO] [1753423145.773623108] [solver_node]: 求解器返回结果: [((5.026018934219831, 5.028018934219832), (2.369847402543161, 2.371847402543161), -1.509222783197246), ((4.973926996797726, 4.975926996797726), (2.3799499689732557, 2.3819499689732555), -1.7295407777118), ((4.969981065780168, 4.971981065780168), (5.628152597456839, 5.630152597456839), 1.6323698703925469), ((5.022073003202273, 5.024073003202274), (5.618050031026745, 5.620050031026746), 1.4120518758779934)]
[INFO] [1753423145.863127137] [solver_node]: 数据详情:
- 第一个元素类型: <class 'float'>
- 整个数组类型: <class 'array.array'>
- 数组长度: 4
- 示例值: array('f', [0.0, 4.664999961853027, 2.049999952316284, 5.369999885559082])
[INFO] [1753423145.864683304] [solver_node]: 调用求解器前，distances shape: (4,), values: [       nan 4.66499996 2.04999995 5.36999989]
[INFO] [1753423145.868111709] [solver_node]: [PoseSolver] 第0个组合有4个有效解
[INFO] [1753423145.869010676] [solver_node]: [PoseSolver] 处理完第0个组合后的筛选结果:
[INFO] [1753423145.869815720] [solver_node]: [PoseSolver] 排序后的最终筛选结果:
[INFO] [1753423145.870589787] [solver_node]: [PoseSolver] 找到4个完美相容解 (相容数=N)
[INFO] [1753423145.871632437] [solver_node]: 求解器返回结果: [((5.026018934219831, 5.028018934219832), (2.369847402543161, 2.371847402543161), -1.509222783197246), ((4.973926996797726, 4.975926996797726), (2.3799499689732557, 2.3819499689732555), -1.7295407777118), ((4.969981065780168, 4.971981065780168), (5.628152597456839, 5.630152597456839), 1.6323698703925469), ((5.022073003202273, 5.024073003202274), (5.618050031026745, 5.620050031026746), 1.4120518758779934)]
[INFO] [1753423145.966402262] [solver_node]: 数据详情:
- 第一个元素类型: <class 'float'>
- 整个数组类型: <class 'array.array'>
- 数组长度: 4
- 示例值: array('f', [0.0, 4.664999961853027, 2.049999952316284, 5.369999885559082])
[INFO] [1753423145.968184258] [solver_node]: 调用求解器前，distances shape: (4,), values: [       nan 4.66499996 2.04999995 5.36999989]
[INFO] [1753423145.971440916] [solver_node]: [PoseSolver] 第0个组合有4个有效解
[INFO] [1753423145.972423276] [solver_node]: [PoseSolver] 处理完第0个组合后的筛选结果:
[INFO] [1753423145.973185983] [solver_node]: [PoseSolver] 排序后的最终筛选结果:
[INFO] [1753423145.973910129] [solver_node]: [PoseSolver] 找到4个完美相容解 (相容数=N)
[INFO] [1753423145.974644996] [solver_node]: 求解器返回结果: [((5.026018934219831, 5.028018934219832), (2.369847402543161, 2.371847402543161), -1.509222783197246), ((4.973926996797726, 4.975926996797726), (2.3799499689732557, 2.3819499689732555), -1.7295407777118), ((4.969981065780168, 4.971981065780168), (5.628152597456839, 5.630152597456839), 1.6323698703925469), ((5.022073003202273, 5.024073003202274), (5.618050031026745, 5.620050031026746), 1.4120518758779934)]
[INFO] [1753423146.063382989] [solver_node]: 数据详情:
- 第一个元素类型: <class 'float'>
- 整个数组类型: <class 'array.array'>
- 数组长度: 4
- 示例值: array('f', [0.0, 4.664999961853027, 2.049999952316284, 5.369999885559082])
[INFO] [1753423146.064829841] [solver_node]: 调用求解器前，distances shape: (4,), values: [       nan 4.66499996 2.04999995 5.36999989]
[INFO] [1753423146.068105987] [solver_node]: [PoseSolver] 第0个组合有4个有效解
[INFO] [1753423146.068922584] [solver_node]: [PoseSolver] 处理完第0个组合后的筛选结果:
[INFO] [1753423146.069853231] [solver_node]: [PoseSolver] 排序后的最终筛选结果:
[INFO] [1753423146.070599714] [solver_node]: [PoseSolver] 找到4个完美相容解 (相容数=N)
[INFO] [1753423146.071388501] [solver_node]: 求解器返回结果: [((5.026018934219831, 5.028018934219832), (2.369847402543161, 2.371847402543161), -1.509222783197246), ((4.973926996797726, 4.975926996797726), (2.3799499689732557, 2.3819499689732555), -1.7295407777118), ((4.969981065780168, 4.971981065780168), (5.628152597456839, 5.630152597456839), 1.6323698703925469), ((5.022073003202273, 5.024073003202274), (5.618050031026745, 5.620050031026746), 1.4120518758779934)]
[INFO] [1753423146.166542591] [solver_node]: 数据详情:
- 第一个元素类型: <class 'float'>
- 整个数组类型: <class 'array.array'>
- 数组长度: 4
- 示例值: array('f', [0.0, 4.664999961853027, 2.049999952316284, 5.369999885559082])
[INFO] [1753423146.168973596] [solver_node]: 调用求解器前，distances shape: (4,), values: [       nan 4.66499996 2.04999995 5.36999989]
[INFO] [1753423146.172917951] [solver_node]: [PoseSolver] 第0个组合有4个有效解
[INFO] [1753423146.173726099] [solver_node]: [PoseSolver] 处理完第0个组合后的筛选结果:
[INFO] [1753423146.174580680] [solver_node]: [PoseSolver] 排序后的最终筛选结果:
[INFO] [1753423146.175385916] [solver_node]: [PoseSolver] 找到4个完美相容解 (相容数=N)
[INFO] [1753423146.176148975] [solver_node]: 求解器返回结果: [((5.026018934219831, 5.028018934219832), (2.369847402543161, 2.371847402543161), -1.509222783197246), ((4.973926996797726, 4.975926996797726), (2.3799499689732557, 2.3819499689732555), -1.7295407777118), ((4.969981065780168, 4.971981065780168), (5.628152597456839, 5.630152597456839), 1.6323698703925469), ((5.022073003202273, 5.024073003202274), (5.618050031026745, 5.620050031026746), 1.4120518758779934)]
[INFO] [1753423146.263194703] [solver_node]: 数据详情:
- 第一个元素类型: <class 'float'>
- 整个数组类型: <class 'array.array'>
- 数组长度: 4
- 示例值: array('f', [0.0, 4.664999961853027, 2.049999952316284, 5.369999885559082])
[INFO] [1753423146.264799415] [solver_node]: 调用求解器前，distances shape: (4,), values: [       nan 4.66499996 2.04999995 5.36999989]
[INFO] [1753423146.268138986] [solver_node]: [PoseSolver] 第0个组合有4个有效解
[INFO] [1753423146.269002720] [solver_node]: [PoseSolver] 处理完第0个组合后的筛选结果:
[INFO] [1753423146.269751411] [solver_node]: [PoseSolver] 排序后的最终筛选结果:
[INFO] [1753423146.270461764] [solver_node]: [PoseSolver] 找到4个完美相容解 (相容数=N)
[INFO] [1753423146.271215511] [solver_node]: 求解器返回结果: [((5.026018934219831, 5.028018934219832), (2.369847402543161, 2.371847402543161), -1.509222783197246), ((4.973926996797726, 4.975926996797726), (2.3799499689732557, 2.3819499689732555), -1.7295407777118), ((4.969981065780168, 4.971981065780168), (5.628152597456839, 5.630152597456839), 1.6323698703925469), ((5.022073003202273, 5.024073003202274), (5.618050031026745, 5.620050031026746), 1.4120518758779934)]
[INFO] [1753423146.364805562] [solver_node]: 数据详情:
- 第一个元素类型: <class 'float'>
- 整个数组类型: <class 'array.array'>
- 数组长度: 4
- 示例值: array('f', [0.0, 4.664999961853027, 2.049999952316284, 5.369999885559082])
[INFO] [1753423146.366334976] [solver_node]: 调用求解器前，distances shape: (4,), values: [       nan 4.66499996 2.04999995 5.36999989]
[INFO] [1753423146.369566161] [solver_node]: [PoseSolver] 第0个组合有4个有效解
[INFO] [1753423146.370425575] [solver_node]: [PoseSolver] 处理完第0个组合后的筛选结果:
[INFO] [1753423146.371231323] [solver_node]: [PoseSolver] 排序后的最终筛选结果:
[INFO] [1753423146.372002542] [solver_node]: [PoseSolver] 找到4个完美相容解 (相容数=N)
[INFO] [1753423146.372769281] [solver_node]: 求解器返回结果: [((5.026018934219831, 5.028018934219832), (2.369847402543161, 2.371847402543161), -1.509222783197246), ((4.973926996797726, 4.975926996797726), (2.3799499689732557, 2.3819499689732555), -1.7295407777118), ((4.969981065780168, 4.971981065780168), (5.628152597456839, 5.630152597456839), 1.6323698703925469), ((5.022073003202273, 5.024073003202274), (5.618050031026745, 5.620050031026746), 1.4120518758779934)]
[INFO] [1753423146.462978640] [solver_node]: 数据详情:
- 第一个元素类型: <class 'float'>
- 整个数组类型: <class 'array.array'>
- 数组长度: 4
- 示例值: array('f', [0.0, 4.664999961853027, 2.049999952316284, 5.369999885559082])
[INFO] [1753423146.464485589] [solver_node]: 调用求解器前，distances shape: (4,), values: [       nan 4.66499996 2.04999995 5.36999989]
[INFO] [1753423146.468181714] [solver_node]: [PoseSolver] 第0个组合有4个有效解
[INFO] [1753423146.469114569] [solver_node]: [PoseSolver] 处理完第0个组合后的筛选结果:
[INFO] [1753423146.470206628] [solver_node]: [PoseSolver] 排序后的最终筛选结果:
[INFO] [1753423146.471161340] [solver_node]: [PoseSolver] 找到4个完美相容解 (相容数=N)
[INFO] [1753423146.472086195] [solver_node]: 求解器返回结果: [((5.026018934219831, 5.028018934219832), (2.369847402543161, 2.371847402543161), -1.509222783197246), ((4.973926996797726, 4.975926996797726), (2.3799499689732557, 2.3819499689732555), -1.7295407777118), ((4.969981065780168, 4.971981065780168), (5.628152597456839, 5.630152597456839), 1.6323698703925469), ((5.022073003202273, 5.024073003202274), (5.618050031026745, 5.620050031026746), 1.4120518758779934)]
[INFO] [1753423146.565584084] [solver_node]: 数据详情:
- 第一个元素类型: <class 'float'>
- 整个数组类型: <class 'array.array'>
- 数组长度: 4
- 示例值: array('f', [0.0, 4.664999961853027, 2.049999952316284, 5.369999885559082])
[INFO] [1753423146.567939183] [solver_node]: 调用求解器前，distances shape: (4,), values: [       nan 4.66499996 2.04999995 5.36999989]
[INFO] [1753423146.572491457] [solver_node]: [PoseSolver] 第0个组合有4个有效解
[INFO] [1753423146.573469977] [solver_node]: [PoseSolver] 处理完第0个组合后的筛选结果:
[INFO] [1753423146.574344335] [solver_node]: [PoseSolver] 排序后的最终筛选结果:
[INFO] [1753423146.575234373] [solver_node]: [PoseSolver] 找到4个完美相容解 (相容数=N)
[INFO] [1753423146.575984856] [solver_node]: 求解器返回结果: [((5.026018934219831, 5.028018934219832), (2.369847402543161, 2.371847402543161), -1.509222783197246), ((4.973926996797726, 4.975926996797726), (2.3799499689732557, 2.3819499689732555), -1.7295407777118), ((4.969981065780168, 4.971981065780168), (5.628152597456839, 5.630152597456839), 1.6323698703925469), ((5.022073003202273, 5.024073003202274), (5.618050031026745, 5.620050031026746), 1.4120518758779934)]
[INFO] [1753423146.663082489] [solver_node]: 数据详情:
- 第一个元素类型: <class 'float'>
- 整个数组类型: <class 'array.array'>
- 数组长度: 4
- 示例值: array('f', [0.0, 4.664999961853027, 2.049999952316284, 5.369999885559082])
[INFO] [1753423146.664538429] [solver_node]: 调用求解器前，distances shape: (4,), values: [       nan 4.66499996 2.04999995 5.36999989]
[INFO] [1753423146.667620842] [solver_node]: [PoseSolver] 第0个组合有4个有效解
[INFO] [1753423146.668452063] [solver_node]: [PoseSolver] 处理完第0个组合后的筛选结果:
[INFO] [1753423146.669171921] [solver_node]: [PoseSolver] 排序后的最终筛选结果:
[INFO] [1753423146.669871234] [solver_node]: [PoseSolver] 找到4个完美相容解 (相容数=N)
[INFO] [1753423146.670591700] [solver_node]: 求解器返回结果: [((5.026018934219831, 5.028018934219832), (2.369847402543161, 2.371847402543161), -1.509222783197246), ((4.973926996797726, 4.975926996797726), (2.3799499689732557, 2.3819499689732555), -1.7295407777118), ((4.969981065780168, 4.971981065780168), (5.628152597456839, 5.630152597456839), 1.6323698703925469), ((5.022073003202273, 5.024073003202274), (5.618050031026745, 5.620050031026746), 1.4120518758779934)]
[INFO] [1753423146.765186480] [solver_node]: 数据详情:
- 第一个元素类型: <class 'float'>
- 整个数组类型: <class 'array.array'>
- 数组长度: 4
- 示例值: array('f', [0.0, 4.664999961853027, 2.049999952316284, 5.369999885559082])
[INFO] [1753423146.766658165] [solver_node]: 调用求解器前，distances shape: (4,), values: [       nan 4.66499996 2.04999995 5.36999989]
[INFO] [1753423146.769903174] [solver_node]: [PoseSolver] 第0个组合有4个有效解
[INFO] [1753423146.770820573] [solver_node]: [PoseSolver] 处理完第0个组合后的筛选结果:
[INFO] [1753423146.771588592] [solver_node]: [PoseSolver] 排序后的最终筛选结果:
[INFO] [1753423146.772383268] [solver_node]: [PoseSolver] 找到4个完美相容解 (相容数=N)
[INFO] [1753423146.773167576] [solver_node]: 求解器返回结果: [((5.026018934219831, 5.028018934219832), (2.369847402543161, 2.371847402543161), -1.509222783197246), ((4.973926996797726, 4.975926996797726), (2.3799499689732557, 2.3819499689732555), -1.7295407777118), ((4.969981065780168, 4.971981065780168), (5.628152597456839, 5.630152597456839), 1.6323698703925469), ((5.022073003202273, 5.024073003202274), (5.618050031026745, 5.620050031026746), 1.4120518758779934)]
[INFO] [1753423146.863063519] [solver_node]: 数据详情:
- 第一个元素类型: <class 'float'>
- 整个数组类型: <class 'array.array'>
- 数组长度: 4
- 示例值: array('f', [0.0, 4.664999961853027, 2.049999952316284, 5.369999885559082])
[INFO] [1753423146.864532899] [solver_node]: 调用求解器前，distances shape: (4,), values: [       nan 4.66499996 2.04999995 5.36999989]
[INFO] [1753423146.867807061] [solver_node]: [PoseSolver] 第0个组合有4个有效解
[INFO] [1753423146.868643402] [solver_node]: [PoseSolver] 处理完第0个组合后的筛选结果:
[INFO] [1753423146.869372316] [solver_node]: [PoseSolver] 排序后的最终筛选结果:
[INFO] [1753423146.870080526] [solver_node]: [PoseSolver] 找到4个完美相容解 (相容数=N)
[INFO] [1753423146.870825345] [solver_node]: 求解器返回结果: [((5.026018934219831, 5.028018934219832), (2.369847402543161, 2.371847402543161), -1.509222783197246), ((4.973926996797726, 4.975926996797726), (2.3799499689732557, 2.3819499689732555), -1.7295407777118), ((4.969981065780168, 4.971981065780168), (5.628152597456839, 5.630152597456839), 1.6323698703925469), ((5.022073003202273, 5.024073003202274), (5.618050031026745, 5.620050031026746), 1.4120518758779934)]
[INFO] [1753423146.963869206] [solver_node]: 数据详情:
- 第一个元素类型: <class 'float'>
- 整个数组类型: <class 'array.array'>
- 数组长度: 4
- 示例值: array('f', [0.0, 4.664999961853027, 2.049999952316284, 5.369999885559082])
[INFO] [1753423146.965424765] [solver_node]: 调用求解器前，distances shape: (4,), values: [       nan 4.66499996 2.04999995 5.36999989]
[INFO] [1753423146.968897716] [solver_node]: [PoseSolver] 第0个组合有4个有效解
[INFO] [1753423146.969771881] [solver_node]: [PoseSolver] 处理完第0个组合后的筛选结果:
[INFO] [1753423146.970545053] [solver_node]: [PoseSolver] 排序后的最终筛选结果:
[INFO] [1753423146.971317232] [solver_node]: [PoseSolver] 找到4个完美相容解 (相容数=N)
[INFO] [1753423146.972110212] [solver_node]: 求解器返回结果: [((5.026018934219831, 5.028018934219832), (2.369847402543161, 2.371847402543161), -1.509222783197246), ((4.973926996797726, 4.975926996797726), (2.3799499689732557, 2.3819499689732555), -1.7295407777118), ((4.969981065780168, 4.971981065780168), (5.628152597456839, 5.630152597456839), 1.6323698703925469), ((5.022073003202273, 5.024073003202274), (5.618050031026745, 5.620050031026746), 1.4120518758779934)]
[INFO] [1753423147.063074757] [solver_node]: 数据详情:
- 第一个元素类型: <class 'float'>
- 整个数组类型: <class 'array.array'>
- 数组长度: 4
- 示例值: array('f', [0.0, 4.664999961853027, 2.049999952316284, 5.369999885559082])
[INFO] [1753423147.064586507] [solver_node]: 调用求解器前，distances shape: (4,), values: [       nan 4.66499996 2.04999995 5.36999989]
[INFO] [1753423147.067803259] [solver_node]: [PoseSolver] 第0个组合有4个有效解
[INFO] [1753423147.068639632] [solver_node]: [PoseSolver] 处理完第0个组合后的筛选结果:
[INFO] [1753423147.069409828] [solver_node]: [PoseSolver] 排序后的最终筛选结果:
[INFO] [1753423147.070170295] [solver_node]: [PoseSolver] 找到4个完美相容解 (相容数=N)
[INFO] [1753423147.070953130] [solver_node]: 求解器返回结果: [((5.026018934219831, 5.028018934219832), (2.369847402543161, 2.371847402543161), -1.509222783197246), ((4.973926996797726, 4.975926996797726), (2.3799499689732557, 2.3819499689732555), -1.7295407777118), ((4.969981065780168, 4.971981065780168), (5.628152597456839, 5.630152597456839), 1.6323698703925469), ((5.022073003202273, 5.024073003202274), (5.618050031026745, 5.620050031026746), 1.4120518758779934)]
[INFO] [1753423147.167478391] [solver_node]: 数据详情:
- 第一个元素类型: <class 'float'>
- 整个数组类型: <class 'array.array'>
- 数组长度: 4
- 示例值: array('f', [0.0, 4.664999961853027, 2.049999952316284, 5.369999885559082])
[INFO] [1753423147.168951548] [solver_node]: 调用求解器前，distances shape: (4,), values: [       nan 4.66499996 2.04999995 5.36999989]
[INFO] [1753423147.173094339] [solver_node]: [PoseSolver] 第0个组合有4个有效解
[INFO] [1753423147.174106972] [solver_node]: [PoseSolver] 处理完第0个组合后的筛选结果:
[INFO] [1753423147.175089749] [solver_node]: [PoseSolver] 排序后的最终筛选结果:
[INFO] [1753423147.175952139] [solver_node]: [PoseSolver] 找到4个完美相容解 (相容数=N)
[INFO] [1753423147.176953188] [solver_node]: 求解器返回结果: [((5.026018934219831, 5.028018934219832), (2.369847402543161, 2.371847402543161), -1.509222783197246), ((4.973926996797726, 4.975926996797726), (2.3799499689732557, 2.3819499689732555), -1.7295407777118), ((4.969981065780168, 4.971981065780168), (5.628152597456839, 5.630152597456839), 1.6323698703925469), ((5.022073003202273, 5.024073003202274), (5.618050031026745, 5.620050031026746), 1.4120518758779934)]
[INFO] [1753423147.262940137] [solver_node]: 数据详情:
- 第一个元素类型: <class 'float'>
- 整个数组类型: <class 'array.array'>
- 数组长度: 4
- 示例值: array('f', [0.0, 4.664999961853027, 2.049999952316284, 5.369999885559082])
[INFO] [1753423147.264400205] [solver_node]: 调用求解器前，distances shape: (4,), values: [       nan 4.66499996 2.04999995 5.36999989]
[INFO] [1753423147.267624766] [solver_node]: [PoseSolver] 第0个组合有4个有效解
[INFO] [1753423147.268474067] [solver_node]: [PoseSolver] 处理完第0个组合后的筛选结果:
[INFO] [1753423147.269237830] [solver_node]: [PoseSolver] 排序后的最终筛选结果:
[INFO] [1753423147.270010265] [solver_node]: [PoseSolver] 找到4个完美相容解 (相容数=N)
[INFO] [1753423147.270829614] [solver_node]: 求解器返回结果: [((5.026018934219831, 5.028018934219832), (2.369847402543161, 2.371847402543161), -1.509222783197246), ((4.973926996797726, 4.975926996797726), (2.3799499689732557, 2.3819499689732555), -1.7295407777118), ((4.969981065780168, 4.971981065780168), (5.628152597456839, 5.630152597456839), 1.6323698703925469), ((5.022073003202273, 5.024073003202274), (5.618050031026745, 5.620050031026746), 1.4120518758779934)]
[INFO] [1753423147.367272088] [solver_node]: 数据详情:
- 第一个元素类型: <class 'float'>
- 整个数组类型: <class 'array.array'>
- 数组长度: 4
- 示例值: array('f', [0.0, 4.664999961853027, 2.049999952316284, 5.369999885559082])
[INFO] [1753423147.368938210] [solver_node]: 调用求解器前，distances shape: (4,), values: [       nan 4.66499996 2.04999995 5.36999989]
[INFO] [1753423147.372416505] [solver_node]: [PoseSolver] 第0个组合有4个有效解
[INFO] [1753423147.373347728] [solver_node]: [PoseSolver] 处理完第0个组合后的筛选结果:
[INFO] [1753423147.374331337] [solver_node]: [PoseSolver] 排序后的最终筛选结果:
[INFO] [1753423147.375148349] [solver_node]: [PoseSolver] 找到4个完美相容解 (相容数=N)
[INFO] [1753423147.375936721] [solver_node]: 求解器返回结果: [((5.026018934219831, 5.028018934219832), (2.369847402543161, 2.371847402543161), -1.509222783197246), ((4.973926996797726, 4.975926996797726), (2.3799499689732557, 2.3819499689732555), -1.7295407777118), ((4.969981065780168, 4.971981065780168), (5.628152597456839, 5.630152597456839), 1.6323698703925469), ((5.022073003202273, 5.024073003202274), (5.618050031026745, 5.620050031026746), 1.4120518758779934)]
[INFO] [1753423147.463650657] [solver_node]: 数据详情:
- 第一个元素类型: <class 'float'>
- 整个数组类型: <class 'array.array'>
- 数组长度: 4
- 示例值: array('f', [0.0, 4.664999961853027, 2.049999952316284, 5.369999885559082])
[INFO] [1753423147.466172672] [solver_node]: 调用求解器前，distances shape: (4,), values: [       nan 4.66499996 2.04999995 5.36999989]
[INFO] [1753423147.469700408] [solver_node]: [PoseSolver] 第0个组合有4个有效解
[INFO] [1753423147.470570830] [solver_node]: [PoseSolver] 处理完第0个组合后的筛选结果:
[INFO] [1753423147.471371074] [solver_node]: [PoseSolver] 排序后的最终筛选结果:
[INFO] [1753423147.472161494] [solver_node]: [PoseSolver] 找到4个完美相容解 (相容数=N)
[INFO] [1753423147.472930505] [solver_node]: 求解器返回结果: [((5.026018934219831, 5.028018934219832), (2.369847402543161, 2.371847402543161), -1.509222783197246), ((4.973926996797726, 4.975926996797726), (2.3799499689732557, 2.3819499689732555), -1.7295407777118), ((4.969981065780168, 4.971981065780168), (5.628152597456839, 5.630152597456839), 1.6323698703925469), ((5.022073003202273, 5.024073003202274), (5.618050031026745, 5.620050031026746), 1.4120518758779934)]
[INFO] [1753423147.564794209] [solver_node]: 数据详情:
- 第一个元素类型: <class 'float'>
- 整个数组类型: <class 'array.array'>
- 数组长度: 4
- 示例值: array('f', [0.0, 4.664999961853027, 2.049999952316284, 5.369999885559082])
[INFO] [1753423147.566570734] [solver_node]: 调用求解器前，distances shape: (4,), values: [       nan 4.66499996 2.04999995 5.36999989]
[INFO] [1753423147.570642899] [solver_node]: [PoseSolver] 第0个组合有4个有效解
[INFO] [1753423147.571566667] [solver_node]: [PoseSolver] 处理完第0个组合后的筛选结果:
[INFO] [1753423147.572377151] [solver_node]: [PoseSolver] 排序后的最终筛选结果:
[INFO] [1753423147.573153330] [solver_node]: [PoseSolver] 找到4个完美相容解 (相容数=N)
[INFO] [1753423147.573917701] [solver_node]: 求解器返回结果: [((5.026018934219831, 5.028018934219832), (2.369847402543161, 2.371847402543161), -1.509222783197246), ((4.973926996797726, 4.975926996797726), (2.3799499689732557, 2.3819499689732555), -1.7295407777118), ((4.969981065780168, 4.971981065780168), (5.628152597456839, 5.630152597456839), 1.6323698703925469), ((5.022073003202273, 5.024073003202274), (5.618050031026745, 5.620050031026746), 1.4120518758779934)]
[INFO] [1753423147.663026840] [solver_node]: 数据详情:
- 第一个元素类型: <class 'float'>
- 整个数组类型: <class 'array.array'>
- 数组长度: 4
- 示例值: array('f', [0.0, 4.664999961853027, 2.049999952316284, 5.369999885559082])
[INFO] [1753423147.664544574] [solver_node]: 调用求解器前，distances shape: (4,), values: [       nan 4.66499996 2.04999995 5.36999989]
[INFO] [1753423147.668316829] [solver_node]: [PoseSolver] 第0个组合有4个有效解
[INFO] [1753423147.669434073] [solver_node]: [PoseSolver] 处理完第0个组合后的筛选结果:
[INFO] [1753423147.670171691] [solver_node]: [PoseSolver] 排序后的最终筛选结果:
[INFO] [1753423147.670936254] [solver_node]: [PoseSolver] 找到4个完美相容解 (相容数=N)
[INFO] [1753423147.671676593] [solver_node]: 求解器返回结果: [((5.026018934219831, 5.028018934219832), (2.369847402543161, 2.371847402543161), -1.509222783197246), ((4.973926996797726, 4.975926996797726), (2.3799499689732557, 2.3819499689732555), -1.7295407777118), ((4.969981065780168, 4.971981065780168), (5.628152597456839, 5.630152597456839), 1.6323698703925469), ((5.022073003202273, 5.024073003202274), (5.618050031026745, 5.620050031026746), 1.4120518758779934)]
[INFO] [1753423147.763107230] [solver_node]: 数据详情:
- 第一个元素类型: <class 'float'>
- 整个数组类型: <class 'array.array'>
- 数组长度: 4
- 示例值: array('f', [0.0, 4.664999961853027, 2.049999952316284, 5.369999885559082])
[INFO] [1753423147.766013255] [solver_node]: 调用求解器前，distances shape: (4,), values: [       nan 4.66499996 2.04999995 5.36999989]
[INFO] [1753423147.772783184] [solver_node]: [PoseSolver] 第0个组合有4个有效解
[INFO] [1753423147.773721223] [solver_node]: [PoseSolver] 处理完第0个组合后的筛选结果:
[INFO] [1753423147.774998983] [solver_node]: [PoseSolver] 排序后的最终筛选结果:
[INFO] [1753423147.776210501] [solver_node]: [PoseSolver] 找到4个完美相容解 (相容数=N)
[INFO] [1753423147.777122140] [solver_node]: 求解器返回结果: [((5.026018934219831, 5.028018934219832), (2.369847402543161, 2.371847402543161), -1.509222783197246), ((4.973926996797726, 4.975926996797726), (2.3799499689732557, 2.3819499689732555), -1.7295407777118), ((4.969981065780168, 4.971981065780168), (5.628152597456839, 5.630152597456839), 1.6323698703925469), ((5.022073003202273, 5.024073003202274), (5.618050031026745, 5.620050031026746), 1.4120518758779934)]
[INFO] [1753423147.863710544] [solver_node]: 数据详情:
- 第一个元素类型: <class 'float'>
- 整个数组类型: <class 'array.array'>
- 数组长度: 4
- 示例值: array('f', [0.0, 4.664999961853027, 2.049999952316284, 5.369999885559082])
[INFO] [1753423147.865263063] [solver_node]: 调用求解器前，distances shape: (4,), values: [       nan 4.66499996 2.04999995 5.36999989]
[INFO] [1753423147.869000501] [solver_node]: [PoseSolver] 第0个组合有4个有效解
[INFO] [1753423147.870136689] [solver_node]: [PoseSolver] 处理完第0个组合后的筛选结果:
[INFO] [1753423147.870898692] [solver_node]: [PoseSolver] 排序后的最终筛选结果:
[INFO] [1753423147.871600310] [solver_node]: [PoseSolver] 找到4个完美相容解 (相容数=N)
[INFO] [1753423147.872455883] [solver_node]: 求解器返回结果: [((5.026018934219831, 5.028018934219832), (2.369847402543161, 2.371847402543161), -1.509222783197246), ((4.973926996797726, 4.975926996797726), (2.3799499689732557, 2.3819499689732555), -1.7295407777118), ((4.969981065780168, 4.971981065780168), (5.628152597456839, 5.630152597456839), 1.6323698703925469), ((5.022073003202273, 5.024073003202274), (5.618050031026745, 5.620050031026746), 1.4120518758779934)]
[INFO] [1753423147.963472238] [solver_node]: 数据详情:
- 第一个元素类型: <class 'float'>
- 整个数组类型: <class 'array.array'>
- 数组长度: 4
- 示例值: array('f', [0.0, 4.664999961853027, 2.049999952316284, 5.369999885559082])
[INFO] [1753423147.965378717] [solver_node]: 调用求解器前，distances shape: (4,), values: [       nan 4.66499996 2.04999995 5.36999989]
[INFO] [1753423147.969209277] [solver_node]: [PoseSolver] 第0个组合有4个有效解
[INFO] [1753423147.970126772] [solver_node]: [PoseSolver] 处理完第0个组合后的筛选结果:
[INFO] [1753423147.971051179] [solver_node]: [PoseSolver] 排序后的最终筛选结果:
[INFO] [1753423147.972562833] [solver_node]: [PoseSolver] 找到4个完美相容解 (相容数=N)
[INFO] [1753423147.973576138] [solver_node]: 求解器返回结果: [((5.026018934219831, 5.028018934219832), (2.369847402543161, 2.371847402543161), -1.509222783197246), ((4.973926996797726, 4.975926996797726), (2.3799499689732557, 2.3819499689732555), -1.7295407777118), ((4.969981065780168, 4.971981065780168), (5.628152597456839, 5.630152597456839), 1.6323698703925469), ((5.022073003202273, 5.024073003202274), (5.618050031026745, 5.620050031026746), 1.4120518758779934)]
[INFO] [1753423148.066517213] [solver_node]: 数据详情:
- 第一个元素类型: <class 'float'>
- 整个数组类型: <class 'array.array'>
- 数组长度: 4
- 示例值: array('f', [0.0, 4.664999961853027, 2.049999952316284, 5.369999885559082])
[INFO] [1753423148.068780214] [solver_node]: 调用求解器前，distances shape: (4,), values: [       nan 4.66499996 2.04999995 5.36999989]
[INFO] [1753423148.073908406] [solver_node]: [PoseSolver] 第0个组合有4个有效解
[INFO] [1753423148.077456559] [solver_node]: [PoseSolver] 处理完第0个组合后的筛选结果:
[INFO] [1753423148.079826474] [solver_node]: [PoseSolver] 排序后的最终筛选结果:
[INFO] [1753423148.080709728] [solver_node]: [PoseSolver] 找到4个完美相容解 (相容数=N)
[INFO] [1753423148.081470131] [solver_node]: 求解器返回结果: [((5.026018934219831, 5.028018934219832), (2.369847402543161, 2.371847402543161), -1.509222783197246), ((4.973926996797726, 4.975926996797726), (2.3799499689732557, 2.3819499689732555), -1.7295407777118), ((4.969981065780168, 4.971981065780168), (5.628152597456839, 5.630152597456839), 1.6323698703925469), ((5.022073003202273, 5.024073003202274), (5.618050031026745, 5.620050031026746), 1.4120518758779934)]
[INFO] [1753423148.163774301] [solver_node]: 数据详情:
- 第一个元素类型: <class 'float'>
- 整个数组类型: <class 'array.array'>
- 数组长度: 4
- 示例值: array('f', [0.0, 4.664999961853027, 2.049999952316284, 5.369999885559082])
[INFO] [1753423148.165608394] [solver_node]: 调用求解器前，distances shape: (4,), values: [       nan 4.66499996 2.04999995 5.36999989]
[INFO] [1753423148.169295879] [solver_node]: [PoseSolver] 第0个组合有4个有效解
[INFO] [1753423148.170444547] [solver_node]: [PoseSolver] 处理完第0个组合后的筛选结果:
[INFO] [1753423148.171921768] [solver_node]: [PoseSolver] 排序后的最终筛选结果:
[INFO] [1753423148.173705717] [solver_node]: [PoseSolver] 找到4个完美相容解 (相容数=N)
[INFO] [1753423148.174532361] [solver_node]: 求解器返回结果: [((5.026018934219831, 5.028018934219832), (2.369847402543161, 2.371847402543161), -1.509222783197246), ((4.973926996797726, 4.975926996797726), (2.3799499689732557, 2.3819499689732555), -1.7295407777118), ((4.969981065780168, 4.971981065780168), (5.628152597456839, 5.630152597456839), 1.6323698703925469), ((5.022073003202273, 5.024073003202274), (5.618050031026745, 5.620050031026746), 1.4120518758779934)]
[INFO] [1753423148.262968876] [solver_node]: 数据详情:
- 第一个元素类型: <class 'float'>
- 整个数组类型: <class 'array.array'>
- 数组长度: 4
- 示例值: array('f', [0.0, 4.664999961853027, 2.049999952316284, 5.369999885559082])
[INFO] [1753423148.264458097] [solver_node]: 调用求解器前，distances shape: (4,), values: [       nan 4.66499996 2.04999995 5.36999989]
[INFO] [1753423148.267742339] [solver_node]: [PoseSolver] 第0个组合有4个有效解
[INFO] [1753423148.268631994] [solver_node]: [PoseSolver] 处理完第0个组合后的筛选结果:
[INFO] [1753423148.269422221] [solver_node]: [PoseSolver] 排序后的最终筛选结果:
[INFO] [1753423148.270159776] [solver_node]: [PoseSolver] 找到4个完美相容解 (相容数=N)
[INFO] [1753423148.270957524] [solver_node]: 求解器返回结果: [((5.026018934219831, 5.028018934219832), (2.369847402543161, 2.371847402543161), -1.509222783197246), ((4.973926996797726, 4.975926996797726), (2.3799499689732557, 2.3819499689732555), -1.7295407777118), ((4.969981065780168, 4.971981065780168), (5.628152597456839, 5.630152597456839), 1.6323698703925469), ((5.022073003202273, 5.024073003202274), (5.618050031026745, 5.620050031026746), 1.4120518758779934)]
[INFO] [1753423148.368155633] [solver_node]: 数据详情:
- 第一个元素类型: <class 'float'>
- 整个数组类型: <class 'array.array'>
- 数组长度: 4
- 示例值: array('f', [0.0, 4.664999961853027, 2.049999952316284, 5.369999885559082])
[INFO] [1753423148.369723737] [solver_node]: 调用求解器前，distances shape: (4,), values: [       nan 4.66499996 2.04999995 5.36999989]
[INFO] [1753423148.373183023] [solver_node]: [PoseSolver] 第0个组合有4个有效解
[INFO] [1753423148.374032356] [solver_node]: [PoseSolver] 处理完第0个组合后的筛选结果:
[INFO] [1753423148.374833176] [solver_node]: [PoseSolver] 排序后的最终筛选结果:
[INFO] [1753423148.375560426] [solver_node]: [PoseSolver] 找到4个完美相容解 (相容数=N)
[INFO] [1753423148.376300829] [solver_node]: 求解器返回结果: [((5.026018934219831, 5.028018934219832), (2.369847402543161, 2.371847402543161), -1.509222783197246), ((4.973926996797726, 4.975926996797726), (2.3799499689732557, 2.3819499689732555), -1.7295407777118), ((4.969981065780168, 4.971981065780168), (5.628152597456839, 5.630152597456839), 1.6323698703925469), ((5.022073003202273, 5.024073003202274), (5.618050031026745, 5.620050031026746), 1.4120518758779934)]
[INFO] [1753423148.465828955] [solver_node]: 数据详情:
- 第一个元素类型: <class 'float'>
- 整个数组类型: <class 'array.array'>
- 数组长度: 4
- 示例值: array('f', [0.0, 4.664999961853027, 2.049999952316284, 5.369999885559082])
[INFO] [1753423148.467376610] [solver_node]: 调用求解器前，distances shape: (4,), values: [       nan 4.66499996 2.04999995 5.36999989]
[INFO] [1753423148.470719061] [solver_node]: [PoseSolver] 第0个组合有4个有效解
[INFO] [1753423148.471594603] [solver_node]: [PoseSolver] 处理完第0个组合后的筛选结果:
[INFO] [1753423148.472790153] [solver_node]: [PoseSolver] 排序后的最终筛选结果:
[INFO] [1753423148.473588125] [solver_node]: [PoseSolver] 找到4个完美相容解 (相容数=N)
[INFO] [1753423148.474324399] [solver_node]: 求解器返回结果: [((5.026018934219831, 5.028018934219832), (2.369847402543161, 2.371847402543161), -1.509222783197246), ((4.973926996797726, 4.975926996797726), (2.3799499689732557, 2.3819499689732555), -1.7295407777118), ((4.969981065780168, 4.971981065780168), (5.628152597456839, 5.630152597456839), 1.6323698703925469), ((5.022073003202273, 5.024073003202274), (5.618050031026745, 5.620050031026746), 1.4120518758779934)]
[INFO] [1753423148.565224847] [solver_node]: 数据详情:
- 第一个元素类型: <class 'float'>
- 整个数组类型: <class 'array.array'>
- 数组长度: 4
- 示例值: array('f', [0.0, 4.664999961853027, 2.049999952316284, 5.369999885559082])
[INFO] [1753423148.567119135] [solver_node]: 调用求解器前，distances shape: (4,), values: [       nan 4.66499996 2.04999995 5.36999989]
[INFO] [1753423148.570743769] [solver_node]: [PoseSolver] 第0个组合有4个有效解
[INFO] [1753423148.571765523] [solver_node]: [PoseSolver] 处理完第0个组合后的筛选结果:
[INFO] [1753423148.573143701] [solver_node]: [PoseSolver] 排序后的最终筛选结果:
[INFO] [1753423148.573921353] [solver_node]: [PoseSolver] 找到4个完美相容解 (相容数=N)
[INFO] [1753423148.574681436] [solver_node]: 求解器返回结果: [((5.026018934219831, 5.028018934219832), (2.369847402543161, 2.371847402543161), -1.509222783197246), ((4.973926996797726, 4.975926996797726), (2.3799499689732557, 2.3819499689732555), -1.7295407777118), ((4.969981065780168, 4.971981065780168), (5.628152597456839, 5.630152597456839), 1.6323698703925469), ((5.022073003202273, 5.024073003202274), (5.618050031026745, 5.620050031026746), 1.4120518758779934)]
[INFO] [1753423148.663287619] [solver_node]: 数据详情:
- 第一个元素类型: <class 'float'>
- 整个数组类型: <class 'array.array'>
- 数组长度: 4
- 示例值: array('f', [0.0, 4.664999961853027, 2.049999952316284, 5.369999885559082])
[INFO] [1753423148.664812585] [solver_node]: 调用求解器前，distances shape: (4,), values: [       nan 4.66499996 2.04999995 5.36999989]
[INFO] [1753423148.668003704] [solver_node]: [PoseSolver] 第0个组合有4个有效解
[INFO] [1753423148.668836301] [solver_node]: [PoseSolver] 处理完第0个组合后的筛选结果:
[INFO] [1753423148.669580544] [solver_node]: [PoseSolver] 排序后的最终筛选结果:
[INFO] [1753423148.670311154] [solver_node]: [PoseSolver] 找到4个完美相容解 (相容数=N)
[INFO] [1753423148.671069221] [solver_node]: 求解器返回结果: [((5.026018934219831, 5.028018934219832), (2.369847402543161, 2.371847402543161), -1.509222783197246), ((4.973926996797726, 4.975926996797726), (2.3799499689732557, 2.3819499689732555), -1.7295407777118), ((4.969981065780168, 4.971981065780168), (5.628152597456839, 5.630152597456839), 1.6323698703925469), ((5.022073003202273, 5.024073003202274), (5.618050031026745, 5.620050031026746), 1.4120518758779934)]
[INFO] [1753423148.763674064] [solver_node]: 数据详情:
- 第一个元素类型: <class 'float'>
- 整个数组类型: <class 'array.array'>
- 数组长度: 4
- 示例值: array('f', [0.0, 4.664999961853027, 2.049999952316284, 5.369999885559082])
[INFO] [1753423148.765312409] [solver_node]: 调用求解器前，distances shape: (4,), values: [       nan 4.66499996 2.04999995 5.36999989]
[INFO] [1753423148.769258971] [solver_node]: [PoseSolver] 第0个组合有4个有效解
[INFO] [1753423148.770275669] [solver_node]: [PoseSolver] 处理完第0个组合后的筛选结果:
[INFO] [1753423148.771128010] [solver_node]: [PoseSolver] 排序后的最终筛选结果:
[INFO] [1753423148.771896317] [solver_node]: [PoseSolver] 找到4个完美相容解 (相容数=N)
[INFO] [1753423148.772670545] [solver_node]: 求解器返回结果: [((5.026018934219831, 5.028018934219832), (2.369847402543161, 2.371847402543161), -1.509222783197246), ((4.973926996797726, 4.975926996797726), (2.3799499689732557, 2.3819499689732555), -1.7295407777118), ((4.969981065780168, 4.971981065780168), (5.628152597456839, 5.630152597456839), 1.6323698703925469), ((5.022073003202273, 5.024073003202274), (5.618050031026745, 5.620050031026746), 1.4120518758779934)]
[INFO] [1753423148.863001635] [solver_node]: 数据详情:
- 第一个元素类型: <class 'float'>
- 整个数组类型: <class 'array.array'>
- 数组长度: 4
- 示例值: array('f', [0.0, 4.664999961853027, 2.049999952316284, 5.369999885559082])
[INFO] [1753423148.864462343] [solver_node]: 调用求解器前，distances shape: (4,), values: [       nan 4.66499996 2.04999995 5.36999989]
[INFO] [1753423148.867746745] [solver_node]: [PoseSolver] 第0个组合有4个有效解
[INFO] [1753423148.869437220] [solver_node]: [PoseSolver] 处理完第0个组合后的筛选结果:
[INFO] [1753423148.870293145] [solver_node]: [PoseSolver] 排序后的最终筛选结果:
[INFO] [1753423148.871038828] [solver_node]: [PoseSolver] 找到4个完美相容解 (相容数=N)
[INFO] [1753423148.871751165] [solver_node]: 求解器返回结果: [((5.026018934219831, 5.028018934219832), (2.369847402543161, 2.371847402543161), -1.509222783197246), ((4.973926996797726, 4.975926996797726), (2.3799499689732557, 2.3819499689732555), -1.7295407777118), ((4.969981065780168, 4.971981065780168), (5.628152597456839, 5.630152597456839), 1.6323698703925469), ((5.022073003202273, 5.024073003202274), (5.618050031026745, 5.620050031026746), 1.4120518758779934)]
[INFO] [1753423148.964114530] [solver_node]: 数据详情:
- 第一个元素类型: <class 'float'>
- 整个数组类型: <class 'array.array'>
- 数组长度: 4
- 示例值: array('f', [0.0, 4.664999961853027, 2.049999952316284, 5.369999885559082])
[INFO] [1753423148.965922895] [solver_node]: 调用求解器前，distances shape: (4,), values: [       nan 4.66499996 2.04999995 5.36999989]
[INFO] [1753423148.969805296] [solver_node]: [PoseSolver] 第0个组合有4个有效解
[INFO] [1753423148.970789065] [solver_node]: [PoseSolver] 处理完第0个组合后的筛选结果:
[INFO] [1753423148.971597853] [solver_node]: [PoseSolver] 排序后的最终筛选结果:
[INFO] [1753423148.973027905] [solver_node]: [PoseSolver] 找到4个完美相容解 (相容数=N)
[INFO] [1753423148.973860694] [solver_node]: 求解器返回结果: [((5.026018934219831, 5.028018934219832), (2.369847402543161, 2.371847402543161), -1.509222783197246), ((4.973926996797726, 4.975926996797726), (2.3799499689732557, 2.3819499689732555), -1.7295407777118), ((4.969981065780168, 4.971981065780168), (5.628152597456839, 5.630152597456839), 1.6323698703925469), ((5.022073003202273, 5.024073003202274), (5.618050031026745, 5.620050031026746), 1.4120518758779934)]
[INFO] [1753423149.063258833] [solver_node]: 数据详情:
- 第一个元素类型: <class 'float'>
- 整个数组类型: <class 'array.array'>
- 数组长度: 4
- 示例值: array('f', [0.0, 4.664999961853027, 2.049999952316284, 5.369999885559082])
[INFO] [1753423149.064816151] [solver_node]: 调用求解器前，distances shape: (4,), values: [       nan 4.66499996 2.04999995 5.36999989]
[INFO] [1753423149.068113418] [solver_node]: [PoseSolver] 第0个组合有4个有效解
[INFO] [1753423149.068972863] [solver_node]: [PoseSolver] 处理完第0个组合后的筛选结果:
[INFO] [1753423149.069702770] [solver_node]: [PoseSolver] 排序后的最终筛选结果:
[INFO] [1753423149.070442692] [solver_node]: [PoseSolver] 找到4个完美相容解 (相容数=N)
[INFO] [1753423149.071239000] [solver_node]: 求解器返回结果: [((5.026018934219831, 5.028018934219832), (2.369847402543161, 2.371847402543161), -1.509222783197246), ((4.973926996797726, 4.975926996797726), (2.3799499689732557, 2.3819499689732555), -1.7295407777118), ((4.969981065780168, 4.971981065780168), (5.628152597456839, 5.630152597456839), 1.6323698703925469), ((5.022073003202273, 5.024073003202274), (5.618050031026745, 5.620050031026746), 1.4120518758779934)]
[INFO] [1753423149.163742401] [solver_node]: 数据详情:
- 第一个元素类型: <class 'float'>
- 整个数组类型: <class 'array.array'>
- 数组长度: 4
- 示例值: array('f', [0.0, 4.664999961853027, 2.049999952316284, 5.369999885559082])
[INFO] [1753423149.165645328] [solver_node]: 调用求解器前，distances shape: (4,), values: [       nan 4.66499996 2.04999995 5.36999989]
[INFO] [1753423149.169265099] [solver_node]: [PoseSolver] 第0个组合有4个有效解
[INFO] [1753423149.170164513] [solver_node]: [PoseSolver] 处理完第0个组合后的筛选结果:
[INFO] [1753423149.170974453] [solver_node]: [PoseSolver] 排序后的最终筛选结果:
[INFO] [1753423149.171721928] [solver_node]: [PoseSolver] 找到4个完美相容解 (相容数=N)
[INFO] [1753423149.172506844] [solver_node]: 求解器返回结果: [((5.026018934219831, 5.028018934219832), (2.369847402543161, 2.371847402543161), -1.509222783197246), ((4.973926996797726, 4.975926996797726), (2.3799499689732557, 2.3819499689732555), -1.7295407777118), ((4.969981065780168, 4.971981065780168), (5.628152597456839, 5.630152597456839), 1.6323698703925469), ((5.022073003202273, 5.024073003202274), (5.618050031026745, 5.620050031026746), 1.4120518758779934)]
[INFO] [1753423149.263089620] [solver_node]: 数据详情:
- 第一个元素类型: <class 'float'>
- 整个数组类型: <class 'array.array'>
- 数组长度: 4
- 示例值: array('f', [0.0, 4.664999961853027, 2.049999952316284, 5.369999885559082])
[INFO] [1753423149.264565177] [solver_node]: 调用求解器前，distances shape: (4,), values: [       nan 4.66499996 2.04999995 5.36999989]
[INFO] [1753423149.267834123] [solver_node]: [PoseSolver] 第0个组合有4个有效解
[INFO] [1753423149.268750978] [solver_node]: [PoseSolver] 处理完第0个组合后的筛选结果:
[INFO] [1753423149.269504308] [solver_node]: [PoseSolver] 排序后的最终筛选结果:
[INFO] [1753423149.270210406] [solver_node]: [PoseSolver] 找到4个完美相容解 (相容数=N)
[INFO] [1753423149.270971257] [solver_node]: 求解器返回结果: [((5.026018934219831, 5.028018934219832), (2.369847402543161, 2.371847402543161), -1.509222783197246), ((4.973926996797726, 4.975926996797726), (2.3799499689732557, 2.3819499689732555), -1.7295407777118), ((4.969981065780168, 4.971981065780168), (5.628152597456839, 5.630152597456839), 1.6323698703925469), ((5.022073003202273, 5.024073003202274), (5.618050031026745, 5.620050031026746), 1.4120518758779934)]
[INFO] [1753423149.365343760] [solver_node]: 数据详情:
- 第一个元素类型: <class 'float'>
- 整个数组类型: <class 'array.array'>
- 数组长度: 4
- 示例值: array('f', [0.0, 4.664999961853027, 2.049999952316284, 5.369999885559082])
[INFO] [1753423149.367139389] [solver_node]: 调用求解器前，distances shape: (4,), values: [       nan 4.66499996 2.04999995 5.36999989]
[INFO] [1753423149.370550738] [solver_node]: [PoseSolver] 第0个组合有4个有效解
[INFO] [1753423149.371453513] [solver_node]: [PoseSolver] 处理完第0个组合后的筛选结果:
[INFO] [1753423149.372297278] [solver_node]: [PoseSolver] 排序后的最终筛选结果:
[INFO] [1753423149.373100146] [solver_node]: [PoseSolver] 找到4个完美相容解 (相容数=N)
[INFO] [1753423149.373839621] [solver_node]: 求解器返回结果: [((5.026018934219831, 5.028018934219832), (2.369847402543161, 2.371847402543161), -1.509222783197246), ((4.973926996797726, 4.975926996797726), (2.3799499689732557, 2.3819499689732555), -1.7295407777118), ((4.969981065780168, 4.971981065780168), (5.628152597456839, 5.630152597456839), 1.6323698703925469), ((5.022073003202273, 5.024073003202274), (5.618050031026745, 5.620050031026746), 1.4120518758779934)]
[INFO] [1753423149.462982073] [solver_node]: 数据详情:
- 第一个元素类型: <class 'float'>
- 整个数组类型: <class 'array.array'>
- 数组长度: 4
- 示例值: array('f', [0.0, 4.664999961853027, 2.049999952316284, 5.369999885559082])
[INFO] [1753423149.464519264] [solver_node]: 调用求解器前，distances shape: (4,), values: [       nan 4.66499996 2.04999995 5.36999989]
[INFO] [1753423149.467788369] [solver_node]: [PoseSolver] 第0个组合有4个有效解
[INFO] [1753423149.468617286] [solver_node]: [PoseSolver] 处理完第0个组合后的筛选结果:
[INFO] [1753423149.469333784] [solver_node]: [PoseSolver] 排序后的最终筛选结果:
[INFO] [1753423149.470025257] [solver_node]: [PoseSolver] 找到4个完美相容解 (相容数=N)
[INFO] [1753423149.470774428] [solver_node]: 求解器返回结果: [((5.026018934219831, 5.028018934219832), (2.369847402543161, 2.371847402543161), -1.509222783197246), ((4.973926996797726, 4.975926996797726), (2.3799499689732557, 2.3819499689732555), -1.7295407777118), ((4.969981065780168, 4.971981065780168), (5.628152597456839, 5.630152597456839), 1.6323698703925469), ((5.022073003202273, 5.024073003202274), (5.618050031026745, 5.620050031026746), 1.4120518758779934)]
[INFO] [1753423149.563370727] [solver_node]: 数据详情:
- 第一个元素类型: <class 'float'>
- 整个数组类型: <class 'array.array'>
- 数组长度: 4
- 示例值: array('f', [0.0, 4.664999961853027, 2.049999952316284, 5.369999885559082])
[INFO] [1753423149.565352056] [solver_node]: 调用求解器前，distances shape: (4,), values: [       nan 4.66499996 2.04999995 5.36999989]
[INFO] [1753423149.569230713] [solver_node]: [PoseSolver] 第0个组合有4个有效解
[INFO] [1753423149.570231282] [solver_node]: [PoseSolver] 处理完第0个组合后的筛选结果:
[INFO] [1753423149.571144905] [solver_node]: [PoseSolver] 排序后的最终筛选结果:
[INFO] [1753423149.571931581] [solver_node]: [PoseSolver] 找到4个完美相容解 (相容数=N)
[INFO] [1753423149.572735409] [solver_node]: 求解器返回结果: [((5.026018934219831, 5.028018934219832), (2.369847402543161, 2.371847402543161), -1.509222783197246), ((4.973926996797726, 4.975926996797726), (2.3799499689732557, 2.3819499689732555), -1.7295407777118), ((4.969981065780168, 4.971981065780168), (5.628152597456839, 5.630152597456839), 1.6323698703925469), ((5.022073003202273, 5.024073003202274), (5.618050031026745, 5.620050031026746), 1.4120518758779934)]
[INFO] [1753423149.663107268] [solver_node]: 数据详情:
- 第一个元素类型: <class 'float'>
- 整个数组类型: <class 'array.array'>
- 数组长度: 4
- 示例值: array('f', [0.0, 4.664999961853027, 2.049999952316284, 5.369999885559082])
[INFO] [1753423149.664655851] [solver_node]: 调用求解器前，distances shape: (4,), values: [       nan 4.66499996 2.04999995 5.36999989]
[INFO] [1753423149.667891932] [solver_node]: [PoseSolver] 第0个组合有4个有效解
[INFO] [1753423149.668711344] [solver_node]: [PoseSolver] 处理完第0个组合后的筛选结果:
[INFO] [1753423149.669433858] [solver_node]: [PoseSolver] 排序后的最终筛选结果:
[INFO] [1753423149.670163156] [solver_node]: [PoseSolver] 找到4个完美相容解 (相容数=N)
[INFO] [1753423149.670939560] [solver_node]: 求解器返回结果: [((5.026018934219831, 5.028018934219832), (2.369847402543161, 2.371847402543161), -1.509222783197246), ((4.973926996797726, 4.975926996797726), (2.3799499689732557, 2.3819499689732555), -1.7295407777118), ((4.969981065780168, 4.971981065780168), (5.628152597456839, 5.630152597456839), 1.6323698703925469), ((5.022073003202273, 5.024073003202274), (5.618050031026745, 5.620050031026746), 1.4120518758779934)]
[INFO] [1753423149.767890943] [solver_node]: 数据详情:
- 第一个元素类型: <class 'float'>
- 整个数组类型: <class 'array.array'>
- 数组长度: 4
- 示例值: array('f', [0.0, 4.664999961853027, 2.049999952316284, 5.369999885559082])
[INFO] [1753423149.770208313] [solver_node]: 调用求解器前，distances shape: (4,), values: [       nan 4.66499996 2.04999995 5.36999989]
[INFO] [1753423149.776150606] [solver_node]: [PoseSolver] 第0个组合有4个有效解
[INFO] [1753423149.777050916] [solver_node]: [PoseSolver] 处理完第0个组合后的筛选结果:
[INFO] [1753423149.777798487] [solver_node]: [PoseSolver] 排序后的最终筛选结果:
[INFO] [1753423149.778520137] [solver_node]: [PoseSolver] 找到4个完美相容解 (相容数=N)
[INFO] [1753423149.779272956] [solver_node]: 求解器返回结果: [((5.026018934219831, 5.028018934219832), (2.369847402543161, 2.371847402543161), -1.509222783197246), ((4.973926996797726, 4.975926996797726), (2.3799499689732557, 2.3819499689732555), -1.7295407777118), ((4.969981065780168, 4.971981065780168), (5.628152597456839, 5.630152597456839), 1.6323698703925469), ((5.022073003202273, 5.024073003202274), (5.618050031026745, 5.620050031026746), 1.4120518758779934)]
[INFO] [1753423149.863408691] [solver_node]: 数据详情:
- 第一个元素类型: <class 'float'>
- 整个数组类型: <class 'array.array'>
- 数组长度: 4
- 示例值: array('f', [0.0, 4.664999961853027, 2.049999952316284, 5.369999885559082])
[INFO] [1753423149.865176288] [solver_node]: 调用求解器前，distances shape: (4,), values: [       nan 4.66499996 2.04999995 5.36999989]
[INFO] [1753423149.869443082] [solver_node]: [PoseSolver] 第0个组合有4个有效解
[INFO] [1753423149.870284159] [solver_node]: [PoseSolver] 处理完第0个组合后的筛选结果:
[INFO] [1753423149.871831238] [solver_node]: [PoseSolver] 排序后的最终筛选结果:
[INFO] [1753423149.872944418] [solver_node]: [PoseSolver] 找到4个完美相容解 (相容数=N)
[INFO] [1753423149.873697557] [solver_node]: 求解器返回结果: [((5.026018934219831, 5.028018934219832), (2.369847402543161, 2.371847402543161), -1.509222783197246), ((4.973926996797726, 4.975926996797726), (2.3799499689732557, 2.3819499689732555), -1.7295407777118), ((4.969981065780168, 4.971981065780168), (5.628152597456839, 5.630152597456839), 1.6323698703925469), ((5.022073003202273, 5.024073003202274), (5.618050031026745, 5.620050031026746), 1.4120518758779934)]
[INFO] [1753423149.965122498] [solver_node]: 数据详情:
- 第一个元素类型: <class 'float'>
- 整个数组类型: <class 'array.array'>
- 数组长度: 4
- 示例值: array('f', [0.0, 4.664999961853027, 2.049999952316284, 5.369999885559082])
[INFO] [1753423149.966953136] [solver_node]: 调用求解器前，distances shape: (4,), values: [       nan 4.66499996 2.04999995 5.36999989]
[INFO] [1753423149.972155922] [solver_node]: [PoseSolver] 第0个组合有4个有效解
[INFO] [1753423149.973486387] [solver_node]: [PoseSolver] 处理完第0个组合后的筛选结果:
[INFO] [1753423149.974277831] [solver_node]: [PoseSolver] 排序后的最终筛选结果:
[INFO] [1753423149.975066427] [solver_node]: [PoseSolver] 找到4个完美相容解 (相容数=N)
[INFO] [1753423149.975841102] [solver_node]: 求解器返回结果: [((5.026018934219831, 5.028018934219832), (2.369847402543161, 2.371847402543161), -1.509222783197246), ((4.973926996797726, 4.975926996797726), (2.3799499689732557, 2.3819499689732555), -1.7295407777118), ((4.969981065780168, 4.971981065780168), (5.628152597456839, 5.630152597456839), 1.6323698703925469), ((5.022073003202273, 5.024073003202274), (5.618050031026745, 5.620050031026746), 1.4120518758779934)]
[INFO] [1753423150.063203734] [solver_node]: 数据详情:
- 第一个元素类型: <class 'float'>
- 整个数组类型: <class 'array.array'>
- 数组长度: 4
- 示例值: array('f', [0.0, 4.664999961853027, 2.049999952316284, 5.369999885559082])
[INFO] [1753423150.064874400] [solver_node]: 调用求解器前，distances shape: (4,), values: [       nan 4.66499996 2.04999995 5.36999989]
[INFO] [1753423150.068774529] [solver_node]: [PoseSolver] 第0个组合有4个有效解
[INFO] [1753423150.069641943] [solver_node]: [PoseSolver] 处理完第0个组合后的筛选结果:
[INFO] [1753423150.070388042] [solver_node]: [PoseSolver] 排序后的最终筛选结果:
[INFO] [1753423150.071366914] [solver_node]: [PoseSolver] 找到4个完美相容解 (相容数=N)
[INFO] [1753423150.072634434] [solver_node]: 求解器返回结果: [((5.026018934219831, 5.028018934219832), (2.369847402543161, 2.371847402543161), -1.509222783197246), ((4.973926996797726, 4.975926996797726), (2.3799499689732557, 2.3819499689732555), -1.7295407777118), ((4.969981065780168, 4.971981065780168), (5.628152597456839, 5.630152597456839), 1.6323698703925469), ((5.022073003202273, 5.024073003202274), (5.618050031026745, 5.620050031026746), 1.4120518758779934)]
[INFO] [1753423150.165148843] [solver_node]: 数据详情:
- 第一个元素类型: <class 'float'>
- 整个数组类型: <class 'array.array'>
- 数组长度: 4
- 示例值: array('f', [0.0, 4.664999961853027, 2.049999952316284, 5.369999885559082])
[INFO] [1753423150.167252831] [solver_node]: 调用求解器前，distances shape: (4,), values: [       nan 4.66499996 2.04999995 5.36999989]
[INFO] [1753423150.171291652] [solver_node]: [PoseSolver] 第0个组合有4个有效解
[INFO] [1753423150.172908717] [solver_node]: [PoseSolver] 处理完第0个组合后的筛选结果:
[INFO] [1753423150.173940775] [solver_node]: [PoseSolver] 排序后的最终筛选结果:
[INFO] [1753423150.174892286] [solver_node]: [PoseSolver] 找到4个完美相容解 (相容数=N)
[INFO] [1753423150.176331906] [solver_node]: 求解器返回结果: [((5.026018934219831, 5.028018934219832), (2.369847402543161, 2.371847402543161), -1.509222783197246), ((4.973926996797726, 4.975926996797726), (2.3799499689732557, 2.3819499689732555), -1.7295407777118), ((4.969981065780168, 4.971981065780168), (5.628152597456839, 5.630152597456839), 1.6323698703925469), ((5.022073003202273, 5.024073003202274), (5.618050031026745, 5.620050031026746), 1.4120518758779934)]
[INFO] [1753423150.262987001] [solver_node]: 数据详情:
- 第一个元素类型: <class 'float'>
- 整个数组类型: <class 'array.array'>
- 数组长度: 4
- 示例值: array('f', [0.0, 4.664999961853027, 2.049999952316284, 5.369999885559082])
[INFO] [1753423150.264563744] [solver_node]: 调用求解器前，distances shape: (4,), values: [       nan 4.66499996 2.04999995 5.36999989]
[INFO] [1753423150.267849938] [solver_node]: [PoseSolver] 第0个组合有4个有效解
[INFO] [1753423150.268674631] [solver_node]: [PoseSolver] 处理完第0个组合后的筛选结果:
[INFO] [1753423150.269406233] [solver_node]: [PoseSolver] 排序后的最终筛选结果:
[INFO] [1753423150.270106859] [solver_node]: [PoseSolver] 找到4个完美相容解 (相容数=N)
[INFO] [1753423150.270885630] [solver_node]: 求解器返回结果: [((5.026018934219831, 5.028018934219832), (2.369847402543161, 2.371847402543161), -1.509222783197246), ((4.973926996797726, 4.975926996797726), (2.3799499689732557, 2.3819499689732555), -1.7295407777118), ((4.969981065780168, 4.971981065780168), (5.628152597456839, 5.630152597456839), 1.6323698703925469), ((5.022073003202273, 5.024073003202274), (5.618050031026745, 5.620050031026746), 1.4120518758779934)]
[INFO] [1753423150.362882522] [solver_node]: 数据详情:
- 第一个元素类型: <class 'float'>
- 整个数组类型: <class 'array.array'>
- 数组长度: 4
- 示例值: array('f', [0.0, 4.664999961853027, 2.049999952316284, 5.369999885559082])
[INFO] [1753423150.364367360] [solver_node]: 调用求解器前，distances shape: (4,), values: [       nan 4.66499996 2.04999995 5.36999989]
[INFO] [1753423150.370789792] [solver_node]: [PoseSolver] 第0个组合有4个有效解
[INFO] [1753423150.371845882] [solver_node]: [PoseSolver] 处理完第0个组合后的筛选结果:
[INFO] [1753423150.372689552] [solver_node]: [PoseSolver] 排序后的最终筛选结果:
[INFO] [1753423150.373450307] [solver_node]: [PoseSolver] 找到4个完美相容解 (相容数=N)
[INFO] [1753423150.374220054] [solver_node]: 求解器返回结果: [((5.026018934219831, 5.028018934219832), (2.369847402543161, 2.371847402543161), -1.509222783197246), ((4.973926996797726, 4.975926996797726), (2.3799499689732557, 2.3819499689732555), -1.7295407777118), ((4.969981065780168, 4.971981065780168), (5.628152597456839, 5.630152597456839), 1.6323698703925469), ((5.022073003202273, 5.024073003202274), (5.618050031026745, 5.620050031026746), 1.4120518758779934)]
[INFO] [1753423150.465257402] [solver_node]: 数据详情:
- 第一个元素类型: <class 'float'>
- 整个数组类型: <class 'array.array'>
- 数组长度: 4
- 示例值: array('f', [0.0, 4.664999961853027, 2.049999952316284, 5.369999885559082])
[INFO] [1753423150.466856866] [solver_node]: 调用求解器前，distances shape: (4,), values: [       nan 4.66499996 2.04999995 5.36999989]
[INFO] [1753423150.470258839] [solver_node]: [PoseSolver] 第0个组合有4个有效解
[INFO] [1753423150.471218735] [solver_node]: [PoseSolver] 处理完第0个组合后的筛选结果:
[INFO] [1753423150.472011171] [solver_node]: [PoseSolver] 排序后的最终筛选结果:
[INFO] [1753423150.472790774] [solver_node]: [PoseSolver] 找到4个完美相容解 (相容数=N)
[INFO] [1753423150.473549737] [solver_node]: 求解器返回结果: [((5.026018934219831, 5.028018934219832), (2.369847402543161, 2.371847402543161), -1.509222783197246), ((4.973926996797726, 4.975926996797726), (2.3799499689732557, 2.3819499689732555), -1.7295407777118), ((4.969981065780168, 4.971981065780168), (5.628152597456839, 5.630152597456839), 1.6323698703925469), ((5.022073003202273, 5.024073003202274), (5.618050031026745, 5.620050031026746), 1.4120518758779934)]
[INFO] [1753423150.562946468] [solver_node]: 数据详情:
- 第一个元素类型: <class 'float'>
- 整个数组类型: <class 'array.array'>
- 数组长度: 4
- 示例值: array('f', [0.0, 4.664999961853027, 2.049999952316284, 5.369999885559082])
[INFO] [1753423150.564427401] [solver_node]: 调用求解器前，distances shape: (4,), values: [       nan 4.66499996 2.04999995 5.36999989]
[INFO] [1753423150.567874751] [solver_node]: [PoseSolver] 第0个组合有4个有效解
[INFO] [1753423150.571430136] [solver_node]: [PoseSolver] 处理完第0个组合后的筛选结果:
[INFO] [1753423150.575776421] [solver_node]: [PoseSolver] 排序后的最终筛选结果:
[INFO] [1753423150.578629484] [solver_node]: [PoseSolver] 找到4个完美相容解 (相容数=N)
[INFO] [1753423150.579556388] [solver_node]: 求解器返回结果: [((5.026018934219831, 5.028018934219832), (2.369847402543161, 2.371847402543161), -1.509222783197246), ((4.973926996797726, 4.975926996797726), (2.3799499689732557, 2.3819499689732555), -1.7295407777118), ((4.969981065780168, 4.971981065780168), (5.628152597456839, 5.630152597456839), 1.6323698703925469), ((5.022073003202273, 5.024073003202274), (5.618050031026745, 5.620050031026746), 1.4120518758779934)]
[INFO] [1753423150.663263760] [solver_node]: 数据详情:
- 第一个元素类型: <class 'float'>
- 整个数组类型: <class 'array.array'>
- 数组长度: 4
- 示例值: array('f', [0.0, 4.664999961853027, 2.049999952316284, 5.369999885559082])
[INFO] [1753423150.664797143] [solver_node]: 调用求解器前，distances shape: (4,), values: [       nan 4.66499996 2.04999995 5.36999989]
[INFO] [1753423150.668014151] [solver_node]: [PoseSolver] 第0个组合有4个有效解
[INFO] [1753423150.668869948] [solver_node]: [PoseSolver] 处理完第0个组合后的筛选结果:
[INFO] [1753423150.669669904] [solver_node]: [PoseSolver] 排序后的最终筛选结果:
[INFO] [1753423150.670417571] [solver_node]: [PoseSolver] 找到4个完美相容解 (相容数=N)
[INFO] [1753423150.671240280] [solver_node]: 求解器返回结果: [((5.026018934219831, 5.028018934219832), (2.369847402543161, 2.371847402543161), -1.509222783197246), ((4.973926996797726, 4.975926996797726), (2.3799499689732557, 2.3819499689732555), -1.7295407777118), ((4.969981065780168, 4.971981065780168), (5.628152597456839, 5.630152597456839), 1.6323698703925469), ((5.022073003202273, 5.024073003202274), (5.618050031026745, 5.620050031026746), 1.4120518758779934)]
[INFO] [1753423150.763769473] [solver_node]: 数据详情:
- 第一个元素类型: <class 'float'>
- 整个数组类型: <class 'array.array'>
- 数组长度: 4
- 示例值: array('f', [0.0, 4.664999961853027, 2.049999952316284, 5.369999885559082])
[INFO] [1753423150.765238278] [solver_node]: 调用求解器前，distances shape: (4,), values: [       nan 4.66499996 2.04999995 5.36999989]
[INFO] [1753423150.768635643] [solver_node]: [PoseSolver] 第0个组合有4个有效解
[INFO] [1753423150.769520401] [solver_node]: [PoseSolver] 处理完第0个组合后的筛选结果:
[INFO] [1753423150.773695417] [solver_node]: [PoseSolver] 排序后的最终筛选结果:
[INFO] [1753423150.775586920] [solver_node]: [PoseSolver] 找到4个完美相容解 (相容数=N)
[INFO] [1753423150.777022124] [solver_node]: 求解器返回结果: [((5.026018934219831, 5.028018934219832), (2.369847402543161, 2.371847402543161), -1.509222783197246), ((4.973926996797726, 4.975926996797726), (2.3799499689732557, 2.3819499689732555), -1.7295407777118), ((4.969981065780168, 4.971981065780168), (5.628152597456839, 5.630152597456839), 1.6323698703925469), ((5.022073003202273, 5.024073003202274), (5.618050031026745, 5.620050031026746), 1.4120518758779934)]
[INFO] [1753423150.863260792] [solver_node]: 数据详情:
- 第一个元素类型: <class 'float'>
- 整个数组类型: <class 'array.array'>
- 数组长度: 4
- 示例值: array('f', [0.0, 4.664999961853027, 2.049999952316284, 5.369999885559082])
[INFO] [1753423150.864898849] [solver_node]: 调用求解器前，distances shape: (4,), values: [       nan 4.66499996 2.04999995 5.36999989]
[INFO] [1753423150.868214068] [solver_node]: [PoseSolver] 第0个组合有4个有效解
[INFO] [1753423150.869125707] [solver_node]: [PoseSolver] 处理完第0个组合后的筛选结果:
[INFO] [1753423150.869915935] [solver_node]: [PoseSolver] 排序后的最终筛选结果:
[INFO] [1753423150.871200735] [solver_node]: [PoseSolver] 找到4个完美相容解 (相容数=N)
[INFO] [1753423150.872540320] [solver_node]: 求解器返回结果: [((5.026018934219831, 5.028018934219832), (2.369847402543161, 2.371847402543161), -1.509222783197246), ((4.973926996797726, 4.975926996797726), (2.3799499689732557, 2.3819499689732555), -1.7295407777118), ((4.969981065780168, 4.971981065780168), (5.628152597456839, 5.630152597456839), 1.6323698703925469), ((5.022073003202273, 5.024073003202274), (5.618050031026745, 5.620050031026746), 1.4120518758779934)]
[INFO] [1753423150.963426209] [solver_node]: 数据详情:
- 第一个元素类型: <class 'float'>
- 整个数组类型: <class 'array.array'>
- 数组长度: 4
- 示例值: array('f', [0.0, 4.664999961853027, 2.049999952316284, 5.369999885559082])
[INFO] [1753423150.964847684] [solver_node]: 调用求解器前，distances shape: (4,), values: [       nan 4.66499996 2.04999995 5.36999989]
[INFO] [1753423150.968032916] [solver_node]: [PoseSolver] 第0个组合有4个有效解
[INFO] [1753423150.968891721] [solver_node]: [PoseSolver] 处理完第0个组合后的筛选结果:
[INFO] [1753423150.969618203] [solver_node]: [PoseSolver] 排序后的最终筛选结果:
[INFO] [1753423150.971699248] [solver_node]: [PoseSolver] 找到4个完美相容解 (相容数=N)
[INFO] [1753423150.972686184] [solver_node]: 求解器返回结果: [((5.026018934219831, 5.028018934219832), (2.369847402543161, 2.371847402543161), -1.509222783197246), ((4.973926996797726, 4.975926996797726), (2.3799499689732557, 2.3819499689732555), -1.7295407777118), ((4.969981065780168, 4.971981065780168), (5.628152597456839, 5.630152597456839), 1.6323698703925469), ((5.022073003202273, 5.024073003202274), (5.618050031026745, 5.620050031026746), 1.4120518758779934)]
[INFO] [1753423151.065794560] [solver_node]: 数据详情:
- 第一个元素类型: <class 'float'>
- 整个数组类型: <class 'array.array'>
- 数组长度: 4
- 示例值: array('f', [0.0, 4.664999961853027, 2.049999952316284, 5.369999885559082])
[INFO] [1753423151.067397352] [solver_node]: 调用求解器前，distances shape: (4,), values: [       nan 4.66499996 2.04999995 5.36999989]
[INFO] [1753423151.070801501] [solver_node]: [PoseSolver] 第0个组合有4个有效解
[INFO] [1753423151.072789103] [solver_node]: [PoseSolver] 处理完第0个组合后的筛选结果:
[INFO] [1753423151.073567426] [solver_node]: [PoseSolver] 排序后的最终筛选结果:
[INFO] [1753423151.074324533] [solver_node]: [PoseSolver] 找到4个完美相容解 (相容数=N)
[INFO] [1753423151.075112809] [solver_node]: 求解器返回结果: [((5.026018934219831, 5.028018934219832), (2.369847402543161, 2.371847402543161), -1.509222783197246), ((4.973926996797726, 4.975926996797726), (2.3799499689732557, 2.3819499689732555), -1.7295407777118), ((4.969981065780168, 4.971981065780168), (5.628152597456839, 5.630152597456839), 1.6323698703925469), ((5.022073003202273, 5.024073003202274), (5.618050031026745, 5.620050031026746), 1.4120518758779934)]
[INFO] [1753423151.163638191] [solver_node]: 数据详情:
- 第一个元素类型: <class 'float'>
- 整个数组类型: <class 'array.array'>
- 数组长度: 4
- 示例值: array('f', [0.0, 4.664999961853027, 2.049999952316284, 5.369999885559082])
[INFO] [1753423151.165092915] [solver_node]: 调用求解器前，distances shape: (4,), values: [       nan 4.66499996 2.04999995 5.36999989]
[INFO] [1753423151.168411718] [solver_node]: [PoseSolver] 第0个组合有4个有效解
[INFO] [1753423151.169301340] [solver_node]: [PoseSolver] 处理完第0个组合后的筛选结果:
[INFO] [1753423151.171495635] [solver_node]: [PoseSolver] 排序后的最终筛选结果:
[INFO] [1753423151.173865870] [solver_node]: [PoseSolver] 找到4个完美相容解 (相容数=N)
[INFO] [1753423151.175029291] [solver_node]: 求解器返回结果: [((5.026018934219831, 5.028018934219832), (2.369847402543161, 2.371847402543161), -1.509222783197246), ((4.973926996797726, 4.975926996797726), (2.3799499689732557, 2.3819499689732555), -1.7295407777118), ((4.969981065780168, 4.971981065780168), (5.628152597456839, 5.630152597456839), 1.6323698703925469), ((5.022073003202273, 5.024073003202274), (5.618050031026745, 5.620050031026746), 1.4120518758779934)]
[INFO] [1753423151.265409855] [solver_node]: 数据详情:
- 第一个元素类型: <class 'float'>
- 整个数组类型: <class 'array.array'>
- 数组长度: 4
- 示例值: array('f', [0.0, 4.664999961853027, 2.049999952316284, 5.369999885559082])
[INFO] [1753423151.266961958] [solver_node]: 调用求解器前，distances shape: (4,), values: [       nan 4.66499996 2.04999995 5.36999989]
[INFO] [1753423151.270302330] [solver_node]: [PoseSolver] 第0个组合有4个有效解
[INFO] [1753423151.271240241] [solver_node]: [PoseSolver] 处理完第0个组合后的筛选结果:
[INFO] [1753423151.272051333] [solver_node]: [PoseSolver] 排序后的最终筛选结果:
[INFO] [1753423151.272852729] [solver_node]: [PoseSolver] 找到4个完美相容解 (相容数=N)
[INFO] [1753423151.273602892] [solver_node]: 求解器返回结果: [((5.026018934219831, 5.028018934219832), (2.369847402543161, 2.371847402543161), -1.509222783197246), ((4.973926996797726, 4.975926996797726), (2.3799499689732557, 2.3819499689732555), -1.7295407777118), ((4.969981065780168, 4.971981065780168), (5.628152597456839, 5.630152597456839), 1.6323698703925469), ((5.022073003202273, 5.024073003202274), (5.618050031026745, 5.620050031026746), 1.4120518758779934)]
[INFO] [1753423151.362843651] [solver_node]: 数据详情:
- 第一个元素类型: <class 'float'>
- 整个数组类型: <class 'array.array'>
- 数组长度: 4
- 示例值: array('f', [0.0, 4.664999961853027, 2.049999952316284, 5.369999885559082])
[INFO] [1753423151.364297704] [solver_node]: 调用求解器前，distances shape: (4,), values: [       nan 4.66499996 2.04999995 5.36999989]
[INFO] [1753423151.367447255] [solver_node]: [PoseSolver] 第0个组合有4个有效解
[INFO] [1753423151.368240426] [solver_node]: [PoseSolver] 处理完第0个组合后的筛选结果:
[INFO] [1753423151.368990557] [solver_node]: [PoseSolver] 排序后的最终筛选结果:
[INFO] [1753423151.369697359] [solver_node]: [PoseSolver] 找到4个完美相容解 (相容数=N)
[INFO] [1753423151.371189588] [solver_node]: 求解器返回结果: [((5.026018934219831, 5.028018934219832), (2.369847402543161, 2.371847402543161), -1.509222783197246), ((4.973926996797726, 4.975926996797726), (2.3799499689732557, 2.3819499689732555), -1.7295407777118), ((4.969981065780168, 4.971981065780168), (5.628152597456839, 5.630152597456839), 1.6323698703925469), ((5.022073003202273, 5.024073003202274), (5.618050031026745, 5.620050031026746), 1.4120518758779934)]
[INFO] [1753423151.463208113] [solver_node]: 数据详情:
- 第一个元素类型: <class 'float'>
- 整个数组类型: <class 'array.array'>
- 数组长度: 4
- 示例值: array('f', [0.0, 4.664999961853027, 2.049999952316284, 5.369999885559082])
[INFO] [1753423151.465685199] [solver_node]: 调用求解器前，distances shape: (4,), values: [       nan 4.66499996 2.04999995 5.36999989]
[INFO] [1753423151.469423500] [solver_node]: [PoseSolver] 第0个组合有4个有效解
[INFO] [1753423151.471002260] [solver_node]: [PoseSolver] 处理完第0个组合后的筛选结果:
[INFO] [1753423151.471749894] [solver_node]: [PoseSolver] 排序后的最终筛选结果:
[INFO] [1753423151.473040775] [solver_node]: [PoseSolver] 找到4个完美相容解 (相容数=N)
[INFO] [1753423151.473773273] [solver_node]: 求解器返回结果: [((5.026018934219831, 5.028018934219832), (2.369847402543161, 2.371847402543161), -1.509222783197246), ((4.973926996797726, 4.975926996797726), (2.3799499689732557, 2.3819499689732555), -1.7295407777118), ((4.969981065780168, 4.971981065780168), (5.628152597456839, 5.630152597456839), 1.6323698703925469), ((5.022073003202273, 5.024073003202274), (5.618050031026745, 5.620050031026746), 1.4120518758779934)]
[INFO] [1753423151.562954543] [solver_node]: 数据详情:
- 第一个元素类型: <class 'float'>
- 整个数组类型: <class 'array.array'>
- 数组长度: 4
- 示例值: array('f', [0.0, 4.664999961853027, 2.0480000972747803, 5.369999885559082])
[INFO] [1753423151.564391347] [solver_node]: 调用求解器前，distances shape: (4,), values: [       nan 4.66499996 2.0480001  5.36999989]
[INFO] [1753423151.567909931] [solver_node]: [PoseSolver] 第0个组合有4个有效解
[INFO] [1753423151.571588935] [solver_node]: [PoseSolver] 处理完第0个组合后的筛选结果:
[INFO] [1753423151.574185576] [solver_node]: [PoseSolver] 排序后的最终筛选结果:
[INFO] [1753423151.575073630] [solver_node]: [PoseSolver] 找到4个完美相容解 (相容数=N)
[INFO] [1753423151.575813936] [solver_node]: 求解器返回结果: [((5.026730012391562, 5.028730012391563), (2.368548070383493, 2.3705480703834927), -1.5115024006935158), ((4.975693064725838, 4.977693064725838), (2.378458207334378, 2.3804582073343776), -1.7272853004384814), ((4.9692699876084365, 4.971269987608437), (5.629451929616507, 5.6314519296165075), 1.630090252896277), ((5.020306935274161, 5.022306935274162), (5.619541792665622, 5.621541792665623), 1.414307353151312)]
[INFO] [1753423151.663564642] [solver_node]: 数据详情:
- 第一个元素类型: <class 'float'>
- 整个数组类型: <class 'array.array'>
- 数组长度: 4
- 示例值: array('f', [0.0, 4.664999961853027, 2.0480000972747803, 5.369999885559082])
[INFO] [1753423151.665194187] [solver_node]: 调用求解器前，distances shape: (4,), values: [       nan 4.66499996 2.0480001  5.36999989]
[INFO] [1753423151.668538591] [solver_node]: [PoseSolver] 第0个组合有4个有效解
[INFO] [1753423151.669466998] [solver_node]: [PoseSolver] 处理完第0个组合后的筛选结果:
[INFO] [1753423151.670260266] [solver_node]: [PoseSolver] 排序后的最终筛选结果:
[INFO] [1753423151.671076446] [solver_node]: [PoseSolver] 找到4个完美相容解 (相容数=N)
[INFO] [1753423151.671823345] [solver_node]: 求解器返回结果: [((5.026730012391562, 5.028730012391563), (2.368548070383493, 2.3705480703834927), -1.5115024006935158), ((4.975693064725838, 4.977693064725838), (2.378458207334378, 2.3804582073343776), -1.7272853004384814), ((4.9692699876084365, 4.971269987608437), (5.629451929616507, 5.6314519296165075), 1.630090252896277), ((5.020306935274161, 5.022306935274162), (5.619541792665622, 5.621541792665623), 1.414307353151312)]
[INFO] [1753423151.763157853] [solver_node]: 数据详情:
- 第一个元素类型: <class 'float'>
- 整个数组类型: <class 'array.array'>
- 数组长度: 4
- 示例值: array('f', [0.0, 4.664999961853027, 2.0480000972747803, 5.369999885559082])
[INFO] [1753423151.764721828] [solver_node]: 调用求解器前，distances shape: (4,), values: [       nan 4.66499996 2.0480001  5.36999989]
[INFO] [1753423151.767909971] [solver_node]: [PoseSolver] 第0个组合有4个有效解
[INFO] [1753423151.768843467] [solver_node]: [PoseSolver] 处理完第0个组合后的筛选结果:
[INFO] [1753423151.769679264] [solver_node]: [PoseSolver] 排序后的最终筛选结果:
[INFO] [1753423151.770523573] [solver_node]: [PoseSolver] 找到4个完美相容解 (相容数=N)
[INFO] [1753423151.771365770] [solver_node]: 求解器返回结果: [((5.026730012391562, 5.028730012391563), (2.368548070383493, 2.3705480703834927), -1.5115024006935158), ((4.975693064725838, 4.977693064725838), (2.378458207334378, 2.3804582073343776), -1.7272853004384814), ((4.9692699876084365, 4.971269987608437), (5.629451929616507, 5.6314519296165075), 1.630090252896277), ((5.020306935274161, 5.022306935274162), (5.619541792665622, 5.621541792665623), 1.414307353151312)]
[INFO] [1753423151.864342207] [solver_node]: 数据详情:
- 第一个元素类型: <class 'float'>
- 整个数组类型: <class 'array.array'>
- 数组长度: 4
- 示例值: array('f', [0.0, 4.664999961853027, 2.0480000972747803, 5.369999885559082])
[INFO] [1753423151.865801539] [solver_node]: 调用求解器前，distances shape: (4,), values: [       nan 4.66499996 2.0480001  5.36999989]
[INFO] [1753423151.869126166] [solver_node]: [PoseSolver] 第0个组合有4个有效解
[INFO] [1753423151.869953131] [solver_node]: [PoseSolver] 处理完第0个组合后的筛选结果:
[INFO] [1753423151.870722462] [solver_node]: [PoseSolver] 排序后的最终筛选结果:
[INFO] [1753423151.871424912] [solver_node]: [PoseSolver] 找到4个完美相容解 (相容数=N)
[INFO] [1753423151.872158626] [solver_node]: 求解器返回结果: [((5.026730012391562, 5.028730012391563), (2.368548070383493, 2.3705480703834927), -1.5115024006935158), ((4.975693064725838, 4.977693064725838), (2.378458207334378, 2.3804582073343776), -1.7272853004384814), ((4.9692699876084365, 4.971269987608437), (5.629451929616507, 5.6314519296165075), 1.630090252896277), ((5.020306935274161, 5.022306935274162), (5.619541792665622, 5.621541792665623), 1.414307353151312)]
[INFO] [1753423151.962819933] [solver_node]: 数据详情:
- 第一个元素类型: <class 'float'>
- 整个数组类型: <class 'array.array'>
- 数组长度: 4
- 示例值: array('f', [0.0, 4.664999961853027, 2.0480000972747803, 5.369999885559082])
[INFO] [1753423151.964250017] [solver_node]: 调用求解器前，distances shape: (4,), values: [       nan 4.66499996 2.0480001  5.36999989]
[INFO] [1753423151.967405360] [solver_node]: [PoseSolver] 第0个组合有4个有效解
[INFO] [1753423151.968512747] [solver_node]: [PoseSolver] 处理完第0个组合后的筛选结果:
[INFO] [1753423151.969471491] [solver_node]: [PoseSolver] 排序后的最终筛选结果:
[INFO] [1753423151.970413115] [solver_node]: [PoseSolver] 找到4个完美相容解 (相容数=N)
[INFO] [1753423151.971305585] [solver_node]: 求解器返回结果: [((5.026730012391562, 5.028730012391563), (2.368548070383493, 2.3705480703834927), -1.5115024006935158), ((4.975693064725838, 4.977693064725838), (2.378458207334378, 2.3804582073343776), -1.7272853004384814), ((4.9692699876084365, 4.971269987608437), (5.629451929616507, 5.6314519296165075), 1.630090252896277), ((5.020306935274161, 5.022306935274162), (5.619541792665622, 5.621541792665623), 1.414307353151312)]
[INFO] [1753423152.062989350] [solver_node]: 数据详情:
- 第一个元素类型: <class 'float'>
- 整个数组类型: <class 'array.array'>
- 数组长度: 4
- 示例值: array('f', [0.0, 4.664999961853027, 2.049999952316284, 5.369999885559082])
[INFO] [1753423152.064431626] [solver_node]: 调用求解器前，distances shape: (4,), values: [       nan 4.66499996 2.04999995 5.36999989]
[INFO] [1753423152.067563640] [solver_node]: [PoseSolver] 第0个组合有4个有效解
[INFO] [1753423152.068388013] [solver_node]: [PoseSolver] 处理完第0个组合后的筛选结果:
[INFO] [1753423152.069172768] [solver_node]: [PoseSolver] 排序后的最终筛选结果:
[INFO] [1753423152.069909171] [solver_node]: [PoseSolver] 找到4个完美相容解 (相容数=N)
[INFO] [1753423152.070679046] [solver_node]: 求解器返回结果: [((5.026018934219831, 5.028018934219832), (2.369847402543161, 2.371847402543161), -1.509222783197246), ((4.973926996797726, 4.975926996797726), (2.3799499689732557, 2.3819499689732555), -1.7295407777118), ((4.969981065780168, 4.971981065780168), (5.628152597456839, 5.630152597456839), 1.6323698703925469), ((5.022073003202273, 5.024073003202274), (5.618050031026745, 5.620050031026746), 1.4120518758779934)]
[INFO] [1753423152.162881128] [solver_node]: 数据详情:
- 第一个元素类型: <class 'float'>
- 整个数组类型: <class 'array.array'>
- 数组长度: 4
- 示例值: array('f', [0.0, 4.664999961853027, 2.049999952316284, 5.369999885559082])
[INFO] [1753423152.164354284] [solver_node]: 调用求解器前，distances shape: (4,), values: [       nan 4.66499996 2.04999995 5.36999989]
[INFO] [1753423152.167834979] [solver_node]: [PoseSolver] 第0个组合有4个有效解
[INFO] [1753423152.168709625] [solver_node]: [PoseSolver] 处理完第0个组合后的筛选结果:
[INFO] [1753423152.169442828] [solver_node]: [PoseSolver] 排序后的最终筛选结果:
[INFO] [1753423152.170173854] [solver_node]: [PoseSolver] 找到4个完美相容解 (相容数=N)
[INFO] [1753423152.170940017] [solver_node]: 求解器返回结果: [((5.026018934219831, 5.028018934219832), (2.369847402543161, 2.371847402543161), -1.509222783197246), ((4.973926996797726, 4.975926996797726), (2.3799499689732557, 2.3819499689732555), -1.7295407777118), ((4.969981065780168, 4.971981065780168), (5.628152597456839, 5.630152597456839), 1.6323698703925469), ((5.022073003202273, 5.024073003202274), (5.618050031026745, 5.620050031026746), 1.4120518758779934)]
