[INFO] [1754313632.104123091] [solver_node]: [PerpendicularDistanceLocalizer] 激光配置 详细内容: 列表长度: 5
[INFO] [1754313632.105194346] [solver_node]: [PerpendicularDistanceLocalizer] 激光配置[0]: ((0.37685, 1.56608), 1.5708)
[INFO] [1754313632.106046973] [solver_node]: [PerpendicularDistanceLocalizer] 激光配置[1]: ((0.37685, -1.56608), -1.5708)
[INFO] [1754313632.107115476] [solver_node]: [PerpendicularDistanceLocalizer] 激光配置[2]: ((0.37645, 0.47385), 0.0)
[INFO] [1754313632.107896453] [solver_node]: [PerpendicularDistanceLocalizer] 激光配置[3]: ((0.37771, 2.42478), 3.14159)
[INFO] [1754313632.108604340] [solver_node]: [PerpendicularDistanceLocalizer] 激光配置[4]: ((0.37771, -2.42478), 3.14159)
[INFO] [1754313632.109581129] [solver_node]: [PerpendicularDistanceLocalizer] 前束索引: [2], 后束索引: [3, 4]
[INFO] [1754313632.110280216] [solver_node]: [PerpendicularDistanceLocalizer] 左束索引: [0], 右束索引: [1]
[INFO] [1754313632.112810735] [solver_node]: [PerpendicularDistanceLocalizer] h_values: [0.37684581 0.37684581 0.33497201 0.28475693 0.28475693]
[INFO] [1754313632.113585984] [solver_node]: [PerpendicularDistanceLocalizer] 垂直距离定位器已初始化，需要调用calibrate()方法进行标定
[INFO] [1754313632.133771668] [solver_node]: SolverNode启动，进入初始化阶段...
[INFO] [1754313632.141480058] [solver_node]: 发布重定位TF: x=0.000, y=0.000
[INFO] [1754313632.395479784] [solver_node]: 标定数据收集进度: 1/500
[INFO] [1754313632.445408734] [solver_node]: 标定数据收集进度: 2/500
[INFO] [1754313632.498546234] [solver_node]: 标定数据收集进度: 3/500
[INFO] [1754313632.736194983] [solver_node]: 标定数据收集进度: 4/500
[INFO] [1754313632.740718376] [solver_node]: 标定数据收集进度: 5/500
[INFO] [1754313632.745863063] [solver_node]: 标定数据收集进度: 6/500
[INFO] [1754313632.751924826] [solver_node]: 标定数据收集进度: 7/500
[INFO] [1754313632.757552308] [solver_node]: 标定数据收集进度: 8/500
[INFO] [1754313632.796348570] [solver_node]: 标定数据收集进度: 9/500
[INFO] [1754313632.848728933] [solver_node]: 标定数据收集进度: 10/500
[INFO] [1754313632.899051268] [solver_node]: 标定数据收集进度: 11/500
[INFO] [1754313632.952663786] [solver_node]: 标定数据收集进度: 12/500
[INFO] [1754313632.998171361] [solver_node]: 标定数据收集进度: 13/500
[INFO] [1754313633.046790491] [solver_node]: 标定数据收集进度: 14/500
[INFO] [1754313633.104041967] [solver_node]: 标定数据收集进度: 15/500
[INFO] [1754313633.125942152] [solver_node]: 发布重定位TF: x=0.000, y=0.000
[INFO] [1754313633.146052634] [solver_node]: 标定数据收集进度: 16/500
[INFO] [1754313633.197131850] [solver_node]: 标定数据收集进度: 17/500
[INFO] [1754313633.246827291] [solver_node]: 标定数据收集进度: 18/500
[INFO] [1754313633.298049549] [solver_node]: 标定数据收集进度: 19/500
[INFO] [1754313633.360526771] [solver_node]: 标定数据收集进度: 20/500
[INFO] [1754313633.414101528] [solver_node]: 标定数据收集进度: 21/500
[INFO] [1754313633.461251474] [solver_node]: 标定数据收集进度: 22/500
[INFO] [1754313633.501573977] [solver_node]: 标定数据收集进度: 23/500
[INFO] [1754313633.548647185] [solver_node]: 标定数据收集进度: 24/500
[INFO] [1754313633.623446241] [solver_node]: 标定数据收集进度: 25/500
[INFO] [1754313633.679894308] [solver_node]: 标定数据收集进度: 26/500
[INFO] [1754313633.700817992] [solver_node]: 标定数据收集进度: 27/500
[INFO] [1754313633.754514704] [solver_node]: 标定数据收集进度: 28/500
[INFO] [1754313633.801880303] [solver_node]: 标定数据收集进度: 29/500
[INFO] [1754313633.848622240] [solver_node]: 标定数据收集进度: 30/500
[INFO] [1754313633.903398911] [solver_node]: 标定数据收集进度: 31/500
[INFO] [1754313633.949918668] [solver_node]: 标定数据收集进度: 32/500
[INFO] [1754313634.005402138] [solver_node]: 标定数据收集进度: 33/500
[INFO] [1754313634.046236684] [solver_node]: 标定数据收集进度: 34/500
[INFO] [1754313634.097280923] [solver_node]: 标定数据收集进度: 35/500
[INFO] [1754313634.146148762] [solver_node]: 发布重定位TF: x=0.000, y=0.000
[INFO] [1754313634.151966968] [solver_node]: 标定数据收集进度: 36/500
[INFO] [1754313634.206992060] [solver_node]: 标定数据收集进度: 37/500
[INFO] [1754313634.253949554] [solver_node]: 标定数据收集进度: 38/500
[INFO] [1754313634.299593484] [solver_node]: 标定数据收集进度: 39/500
[INFO] [1754313634.353208402] [solver_node]: 标定数据收集进度: 40/500
[INFO] [1754313634.401107164] [solver_node]: 标定数据收集进度: 41/500
[INFO] [1754313634.458308752] [solver_node]: 标定数据收集进度: 42/500
[INFO] [1754313634.501095756] [solver_node]: 标定数据收集进度: 43/500
[INFO] [1754313634.551443275] [solver_node]: 标定数据收集进度: 44/500
[INFO] [1754313634.628165060] [solver_node]: 标定数据收集进度: 45/500
[INFO] [1754313634.664364434] [solver_node]: 标定数据收集进度: 46/500
[INFO] [1754313634.706066967] [solver_node]: 标定数据收集进度: 47/500
[INFO] [1754313635.082639164] [solver_node]: 标定数据收集进度: 48/500
[INFO] [1754313635.091387097] [solver_node]: 标定数据收集进度: 49/500
[INFO] [1754313635.094313720] [solver_node]: 标定数据收集进度: 50/500
[INFO] [1754313635.096606313] [solver_node]: 标定数据收集进度: 51/500
[INFO] [1754313635.099017661] [solver_node]: 标定数据收集进度: 52/500
[INFO] [1754313635.102862065] [solver_node]: 标定数据收集进度: 53/500
[INFO] [1754313635.149408766] [solver_node]: 标定数据收集进度: 54/500
[INFO] [1754313635.157003874] [solver_node]: 发布重定位TF: x=0.000, y=0.000
[INFO] [1754313635.206790293] [solver_node]: 标定数据收集进度: 55/500
[INFO] [1754313635.254923237] [solver_node]: 标定数据收集进度: 56/500
[INFO] [1754313635.301124010] [solver_node]: 标定数据收集进度: 57/500
[INFO] [1754313635.350822332] [solver_node]: 标定数据收集进度: 58/500
[INFO] [1754313635.410864781] [solver_node]: 标定数据收集进度: 59/500
[INFO] [1754313635.454840738] [solver_node]: 标定数据收集进度: 60/500
[INFO] [1754313635.508542602] [solver_node]: 标定数据收集进度: 61/500
[INFO] [1754313635.552664483] [solver_node]: 标定数据收集进度: 62/500
[INFO] [1754313635.605095823] [solver_node]: 标定数据收集进度: 63/500
[INFO] [1754313635.661745719] [solver_node]: 标定数据收集进度: 64/500
[INFO] [1754313635.709166231] [solver_node]: 标定数据收集进度: 65/500
[INFO] [1754313635.751126017] [solver_node]: 标定数据收集进度: 66/500
[INFO] [1754313635.803019106] [solver_node]: 标定数据收集进度: 67/500
[INFO] [1754313635.864570771] [solver_node]: 标定数据收集进度: 68/500
[INFO] [1754313635.904642389] [solver_node]: 标定数据收集进度: 69/500
[INFO] [1754313635.964181499] [solver_node]: 标定数据收集进度: 70/500
[INFO] [1754313636.016762090] [solver_node]: 标定数据收集进度: 71/500
[INFO] [1754313636.060398809] [solver_node]: 标定数据收集进度: 72/500
[INFO] [1754313636.098654163] [solver_node]: 标定数据收集进度: 73/500
[INFO] [1754313636.152795780] [solver_node]: 标定数据收集进度: 74/500
[INFO] [1754313636.168188529] [solver_node]: 发布重定位TF: x=0.000, y=0.000
[INFO] [1754313636.196673784] [solver_node]: 标定数据收集进度: 75/500
[INFO] [1754313636.247951403] [solver_node]: 标定数据收集进度: 76/500
[INFO] [1754313636.299034011] [solver_node]: 标定数据收集进度: 77/500
[INFO] [1754313636.377264564] [solver_node]: 标定数据收集进度: 78/500
[INFO] [1754313636.433259310] [solver_node]: 标定数据收集进度: 79/500
[INFO] [1754313636.465163071] [solver_node]: 标定数据收集进度: 80/500
[INFO] [1754313636.510634613] [solver_node]: 标定数据收集进度: 81/500
[INFO] [1754313636.545859213] [solver_node]: 标定数据收集进度: 82/500
[INFO] [1754313636.620602876] [solver_node]: 标定数据收集进度: 83/500
[INFO] [1754313636.666113619] [solver_node]: 标定数据收集进度: 84/500
[INFO] [1754313636.700521146] [solver_node]: 标定数据收集进度: 85/500
[INFO] [1754313636.753267277] [solver_node]: 标定数据收集进度: 86/500
[INFO] [1754313636.802452755] [solver_node]: 标定数据收集进度: 87/500
[INFO] [1754313636.850831016] [solver_node]: 标定数据收集进度: 88/500
[INFO] [1754313636.898463757] [solver_node]: 标定数据收集进度: 89/500
[INFO] [1754313636.947985690] [solver_node]: 标定数据收集进度: 90/500
[INFO] [1754313637.051171375] [solver_node]: 标定数据收集进度: 91/500
[INFO] [1754313637.075469276] [solver_node]: 标定数据收集进度: 92/500
[INFO] [1754313637.104218409] [solver_node]: 标定数据收集进度: 93/500
[INFO] [1754313637.153323885] [solver_node]: 标定数据收集进度: 94/500
[INFO] [1754313637.171597336] [solver_node]: 发布重定位TF: x=0.000, y=0.000
[INFO] [1754313637.205916861] [solver_node]: 标定数据收集进度: 95/500
[INFO] [1754313637.246251684] [solver_node]: 标定数据收集进度: 96/500
[INFO] [1754313637.304515342] [solver_node]: 标定数据收集进度: 97/500
[INFO] [1754313637.352469562] [solver_node]: 标定数据收集进度: 98/500
[INFO] [1754313637.429429720] [solver_node]: 标定数据收集进度: 99/500
[INFO] [1754313637.446878865] [solver_node]: 标定数据收集进度: 100/500
[INFO] [1754313637.500186928] [solver_node]: 标定数据收集进度: 101/500
[INFO] [1754313637.549009679] [solver_node]: 标定数据收集进度: 102/500
[INFO] [1754313637.596093480] [solver_node]: 标定数据收集进度: 103/500
[INFO] [1754313637.647471549] [solver_node]: 标定数据收集进度: 104/500
[INFO] [1754313637.696846472] [solver_node]: 标定数据收集进度: 105/500
[INFO] [1754313637.752129362] [solver_node]: 标定数据收集进度: 106/500
[INFO] [1754313637.805445905] [solver_node]: 标定数据收集进度: 107/500
[INFO] [1754313637.850022420] [solver_node]: 标定数据收集进度: 108/500
[INFO] [1754313637.910658610] [solver_node]: 标定数据收集进度: 109/500
[INFO] [1754313637.964906021] [solver_node]: 标定数据收集进度: 110/500
[INFO] [1754313638.009436807] [solver_node]: 标定数据收集进度: 111/500
[INFO] [1754313638.061470411] [solver_node]: 标定数据收集进度: 112/500
[INFO] [1754313638.104701040] [solver_node]: 标定数据收集进度: 113/500
[INFO] [1754313638.151439490] [solver_node]: 标定数据收集进度: 114/500
[INFO] [1754313638.191770953] [solver_node]: 发布重定位TF: x=0.000, y=0.000
[INFO] [1754313638.196414189] [solver_node]: 标定数据收集进度: 115/500
[INFO] [1754313638.252721261] [solver_node]: 标定数据收集进度: 116/500
[INFO] [1754313638.309185553] [solver_node]: 标定数据收集进度: 117/500
[INFO] [1754313638.350762131] [solver_node]: 标定数据收集进度: 118/500
[INFO] [1754313638.405265708] [solver_node]: 标定数据收集进度: 119/500
[INFO] [1754313638.456569184] [solver_node]: 标定数据收集进度: 120/500
[INFO] [1754313638.502058998] [solver_node]: 标定数据收集进度: 121/500
[INFO] [1754313638.551833417] [solver_node]: 标定数据收集进度: 122/500
[INFO] [1754313638.600945358] [solver_node]: 标定数据收集进度: 123/500
[INFO] [1754313638.652580521] [solver_node]: 标定数据收集进度: 124/500
[INFO] [1754313638.708953579] [solver_node]: 标定数据收集进度: 125/500
[INFO] [1754313638.752866655] [solver_node]: 标定数据收集进度: 126/500
[INFO] [1754313638.802625170] [solver_node]: 标定数据收集进度: 127/500
[INFO] [1754313638.853449307] [solver_node]: 标定数据收集进度: 128/500
[INFO] [1754313638.898767054] [solver_node]: 标定数据收集进度: 129/500
[INFO] [1754313638.956162246] [solver_node]: 标定数据收集进度: 130/500
[INFO] [1754313638.998719869] [solver_node]: 标定数据收集进度: 131/500
[INFO] [1754313639.063260719] [solver_node]: 标定数据收集进度: 132/500
[INFO] [1754313639.102050164] [solver_node]: 标定数据收集进度: 133/500
[INFO] [1754313639.152348499] [solver_node]: 标定数据收集进度: 134/500
[INFO] [1754313639.192069517] [solver_node]: 发布重定位TF: x=0.000, y=0.000
[INFO] [1754313639.198465463] [solver_node]: 标定数据收集进度: 135/500
[INFO] [1754313639.248376749] [solver_node]: 标定数据收集进度: 136/500
[INFO] [1754313639.296434555] [solver_node]: 标定数据收集进度: 137/500
[INFO] [1754313639.348735972] [solver_node]: 标定数据收集进度: 138/500
[INFO] [1754313639.396327784] [solver_node]: 标定数据收集进度: 139/500
[INFO] [1754313639.458029725] [solver_node]: 标定数据收集进度: 140/500
[INFO] [1754313639.499374106] [solver_node]: 标定数据收集进度: 141/500
[INFO] [1754313639.546438994] [solver_node]: 标定数据收集进度: 142/500
[INFO] [1754313639.596476971] [solver_node]: 标定数据收集进度: 143/500
[INFO] [1754313639.649573221] [solver_node]: 标定数据收集进度: 144/500
[INFO] [1754313639.706872507] [solver_node]: 标定数据收集进度: 145/500
[INFO] [1754313639.750002110] [solver_node]: 标定数据收集进度: 146/500
[INFO] [1754313639.810058607] [solver_node]: 标定数据收集进度: 147/500
[INFO] [1754313639.858762187] [solver_node]: 标定数据收集进度: 148/500
[INFO] [1754313639.914162136] [solver_node]: 标定数据收集进度: 149/500
[INFO] [1754313639.955455284] [solver_node]: 标定数据收集进度: 150/500
[INFO] [1754313639.998972671] [solver_node]: 标定数据收集进度: 151/500
[INFO] [1754313640.057795606] [solver_node]: 标定数据收集进度: 152/500
[INFO] [1754313640.101113917] [solver_node]: 标定数据收集进度: 153/500
[INFO] [1754313640.151589472] [solver_node]: 标定数据收集进度: 154/500
[INFO] [1754313640.202524204] [solver_node]: 发布重定位TF: x=0.000, y=0.000
[INFO] [1754313640.205740017] [solver_node]: 标定数据收集进度: 155/500
[INFO] [1754313640.245965558] [solver_node]: 标定数据收集进度: 156/500
[INFO] [1754313640.306841369] [solver_node]: 标定数据收集进度: 157/500
[INFO] [1754313640.357345275] [solver_node]: 标定数据收集进度: 158/500
[INFO] [1754313640.412077273] [solver_node]: 标定数据收集进度: 159/500
[INFO] [1754313640.452843146] [solver_node]: 标定数据收集进度: 160/500
[INFO] [1754313640.516286628] [solver_node]: 标定数据收集进度: 161/500
[INFO] [1754313640.546834872] [solver_node]: 标定数据收集进度: 162/500
[INFO] [1754313640.598330864] [solver_node]: 标定数据收集进度: 163/500
[INFO] [1754313640.647730235] [solver_node]: 标定数据收集进度: 164/500
[INFO] [1754313640.705062641] [solver_node]: 标定数据收集进度: 165/500
[INFO] [1754313640.752989084] [solver_node]: 标定数据收集进度: 166/500
[INFO] [1754313640.805875858] [solver_node]: 标定数据收集进度: 167/500
[INFO] [1754313640.847500725] [solver_node]: 标定数据收集进度: 168/500
[INFO] [1754313640.901185117] [solver_node]: 标定数据收集进度: 169/500
[INFO] [1754313640.951812514] [solver_node]: 标定数据收集进度: 170/500
[INFO] [1754313641.001942877] [solver_node]: 标定数据收集进度: 171/500
[INFO] [1754313641.060557039] [solver_node]: 标定数据收集进度: 172/500
[INFO] [1754313641.096898016] [solver_node]: 标定数据收集进度: 173/500
[INFO] [1754313641.158371567] [solver_node]: 标定数据收集进度: 174/500
[INFO] [1754313641.200684705] [solver_node]: 标定数据收集进度: 175/500
[INFO] [1754313641.217925141] [solver_node]: 发布重定位TF: x=0.000, y=0.000
[INFO] [1754313641.247918077] [solver_node]: 标定数据收集进度: 176/500
[INFO] [1754313641.297482060] [solver_node]: 标定数据收集进度: 177/500
[INFO] [1754313641.352624403] [solver_node]: 标定数据收集进度: 178/500
[INFO] [1754313641.403360762] [solver_node]: 标定数据收集进度: 179/500
[INFO] [1754313641.449990345] [solver_node]: 标定数据收集进度: 180/500
[INFO] [1754313641.501860234] [solver_node]: 标定数据收集进度: 181/500
[INFO] [1754313641.551572123] [solver_node]: 标定数据收集进度: 182/500
[INFO] [1754313641.600723457] [solver_node]: 标定数据收集进度: 183/500
[INFO] [1754313641.648495497] [solver_node]: 标定数据收集进度: 184/500
[INFO] [1754313641.698244507] [solver_node]: 标定数据收集进度: 185/500
[INFO] [1754313641.750593958] [solver_node]: 标定数据收集进度: 186/500
[INFO] [1754313641.811102304] [solver_node]: 标定数据收集进度: 187/500
[INFO] [1754313641.849257497] [solver_node]: 标定数据收集进度: 188/500
[INFO] [1754313641.899206735] [solver_node]: 标定数据收集进度: 189/500
[INFO] [1754313641.950040825] [solver_node]: 标定数据收集进度: 190/500
[INFO] [1754313642.000766241] [solver_node]: 标定数据收集进度: 191/500
[INFO] [1754313642.046729761] [solver_node]: 标定数据收集进度: 192/500
[INFO] [1754313642.097019359] [solver_node]: 标定数据收集进度: 193/500
[INFO] [1754313642.150623045] [solver_node]: 标定数据收集进度: 194/500
[INFO] [1754313642.200393496] [solver_node]: 标定数据收集进度: 195/500
[INFO] [1754313642.236222110] [solver_node]: 发布重定位TF: x=0.000, y=0.000
[INFO] [1754313642.246507036] [solver_node]: 标定数据收集进度: 196/500
[INFO] [1754313642.306628014] [solver_node]: 标定数据收集进度: 197/500
[INFO] [1754313642.349540045] [solver_node]: 标定数据收集进度: 198/500
[INFO] [1754313642.399949422] [solver_node]: 标定数据收集进度: 199/500
[INFO] [1754313642.446607422] [solver_node]: 标定数据收集进度: 200/500
[INFO] [1754313642.496664567] [solver_node]: 标定数据收集进度: 201/500
[INFO] [1754313642.546393641] [solver_node]: 标定数据收集进度: 202/500
[INFO] [1754313642.605547814] [solver_node]: 标定数据收集进度: 203/500
[INFO] [1754313642.652253559] [solver_node]: 标定数据收集进度: 204/500
[INFO] [1754313642.713239676] [solver_node]: 标定数据收集进度: 205/500
[INFO] [1754313642.745899421] [solver_node]: 标定数据收集进度: 206/500
[INFO] [1754313642.800841184] [solver_node]: 标定数据收集进度: 207/500
[INFO] [1754313642.846105106] [solver_node]: 标定数据收集进度: 208/500
[INFO] [1754313642.897536936] [solver_node]: 标定数据收集进度: 209/500
[INFO] [1754313642.947190073] [solver_node]: 标定数据收集进度: 210/500
[INFO] [1754313643.016064136] [solver_node]: 标定数据收集进度: 211/500
[INFO] [1754313643.048225087] [solver_node]: 标定数据收集进度: 212/500
[INFO] [1754313643.098726786] [solver_node]: 标定数据收集进度: 213/500
[INFO] [1754313643.147504383] [solver_node]: 标定数据收集进度: 214/500
[INFO] [1754313643.198273639] [solver_node]: 标定数据收集进度: 215/500
[INFO] [1754313643.245432098] [solver_node]: 发布重定位TF: x=0.000, y=0.000
[INFO] [1754313643.251158206] [solver_node]: 标定数据收集进度: 216/500
[INFO] [1754313643.298891781] [solver_node]: 标定数据收集进度: 217/500
[INFO] [1754313643.347287642] [solver_node]: 标定数据收集进度: 218/500
[INFO] [1754313643.420107710] [solver_node]: 标定数据收集进度: 219/500
[INFO] [1754313643.453979034] [solver_node]: 标定数据收集进度: 220/500
[INFO] [1754313643.495806209] [solver_node]: 标定数据收集进度: 221/500
[INFO] [1754313643.555384168] [solver_node]: 标定数据收集进度: 222/500
[INFO] [1754313643.596320604] [solver_node]: 标定数据收集进度: 223/500
[INFO] [1754313643.663584329] [solver_node]: 标定数据收集进度: 224/500
[INFO] [1754313643.705913787] [solver_node]: 标定数据收集进度: 225/500
[INFO] [1754313643.755421768] [solver_node]: 标定数据收集进度: 226/500
[INFO] [1754313643.799693924] [solver_node]: 标定数据收集进度: 227/500
[INFO] [1754313643.845601188] [solver_node]: 标定数据收集进度: 228/500
[INFO] [1754313643.897365346] [solver_node]: 标定数据收集进度: 229/500
[INFO] [1754313643.946182528] [solver_node]: 标定数据收集进度: 230/500
[INFO] [1754313643.996390012] [solver_node]: 标定数据收集进度: 231/500
[INFO] [1754313644.046653338] [solver_node]: 标定数据收集进度: 232/500
[INFO] [1754313644.100185726] [solver_node]: 标定数据收集进度: 233/500
[INFO] [1754313644.148175787] [solver_node]: 标定数据收集进度: 234/500
[INFO] [1754313644.197289007] [solver_node]: 标定数据收集进度: 235/500
[INFO] [1754313644.247722705] [solver_node]: 标定数据收集进度: 236/500
[INFO] [1754313644.264579709] [solver_node]: 发布重定位TF: x=0.000, y=0.000
[INFO] [1754313644.297928045] [solver_node]: 标定数据收集进度: 237/500
[INFO] [1754313644.349690411] [solver_node]: 标定数据收集进度: 238/500
[INFO] [1754313644.405043670] [solver_node]: 标定数据收集进度: 239/500
[INFO] [1754313644.450856564] [solver_node]: 标定数据收集进度: 240/500
[INFO] [1754313644.497745448] [solver_node]: 标定数据收集进度: 241/500
[INFO] [1754313644.553393562] [solver_node]: 标定数据收集进度: 242/500
[INFO] [1754313644.600110219] [solver_node]: 标定数据收集进度: 243/500
[INFO] [1754313644.648853480] [solver_node]: 标定数据收集进度: 244/500
[INFO] [1754313644.699285641] [solver_node]: 标定数据收集进度: 245/500
[INFO] [1754313644.746253951] [solver_node]: 标定数据收集进度: 246/500
[INFO] [1754313644.800071882] [solver_node]: 标定数据收集进度: 247/500
[INFO] [1754313644.851918921] [solver_node]: 标定数据收集进度: 248/500
[INFO] [1754313644.896900693] [solver_node]: 标定数据收集进度: 249/500
[INFO] [1754313644.946146780] [solver_node]: 标定数据收集进度: 250/500
[INFO] [1754313644.995775244] [solver_node]: 标定数据收集进度: 251/500
[INFO] [1754313645.058353844] [solver_node]: 标定数据收集进度: 252/500
[INFO] [1754313645.097426432] [solver_node]: 标定数据收集进度: 253/500
[INFO] [1754313645.147399479] [solver_node]: 标定数据收集进度: 254/500
[INFO] [1754313645.197644404] [solver_node]: 标定数据收集进度: 255/500
[INFO] [1754313645.246723544] [solver_node]: 标定数据收集进度: 256/500
[INFO] [1754313645.270610588] [solver_node]: 发布重定位TF: x=0.000, y=0.000
[INFO] [1754313645.296850259] [solver_node]: 标定数据收集进度: 257/500
[INFO] [1754313645.347787359] [solver_node]: 标定数据收集进度: 258/500
[INFO] [1754313645.398723691] [solver_node]: 标定数据收集进度: 259/500
[INFO] [1754313645.448745411] [solver_node]: 标定数据收集进度: 260/500
[INFO] [1754313645.498532982] [solver_node]: 标定数据收集进度: 261/500
[INFO] [1754313645.551412236] [solver_node]: 标定数据收集进度: 262/500
[INFO] [1754313645.618951679] [solver_node]: 标定数据收集进度: 263/500
[INFO] [1754313645.647210753] [solver_node]: 标定数据收集进度: 264/500
[INFO] [1754313645.697030357] [solver_node]: 标定数据收集进度: 265/500
[INFO] [1754313645.748823124] [solver_node]: 标定数据收集进度: 266/500
[INFO] [1754313645.798954191] [solver_node]: 标定数据收集进度: 267/500
[INFO] [1754313645.846631380] [solver_node]: 标定数据收集进度: 268/500
[INFO] [1754313645.896591467] [solver_node]: 标定数据收集进度: 269/500
[INFO] [1754313645.951646416] [solver_node]: 标定数据收集进度: 270/500
[INFO] [1754313646.006712566] [solver_node]: 标定数据收集进度: 271/500
[INFO] [1754313646.046910042] [solver_node]: 标定数据收集进度: 272/500
[INFO] [1754313646.096175010] [solver_node]: 标定数据收集进度: 273/500
[INFO] [1754313646.145895220] [solver_node]: 标定数据收集进度: 274/500
[INFO] [1754313646.195361024] [solver_node]: 标定数据收集进度: 275/500
[INFO] [1754313646.246773718] [solver_node]: 标定数据收集进度: 276/500
[INFO] [1754313646.293468039] [solver_node]: 发布重定位TF: x=0.000, y=0.000
[INFO] [1754313646.298700888] [solver_node]: 标定数据收集进度: 277/500
[INFO] [1754313646.347880734] [solver_node]: 标定数据收集进度: 278/500
[INFO] [1754313646.397532462] [solver_node]: 标定数据收集进度: 279/500
[INFO] [1754313646.449759766] [solver_node]: 标定数据收集进度: 280/500
[INFO] [1754313646.496952273] [solver_node]: 标定数据收集进度: 281/500
[INFO] [1754313646.548736944] [solver_node]: 标定数据收集进度: 282/500
[INFO] [1754313646.607237471] [solver_node]: 标定数据收集进度: 283/500
[INFO] [1754313646.654370329] [solver_node]: 标定数据收集进度: 284/500
[INFO] [1754313646.702733870] [solver_node]: 标定数据收集进度: 285/500
[INFO] [1754313646.745981972] [solver_node]: 标定数据收集进度: 286/500
[INFO] [1754313646.796636122] [solver_node]: 标定数据收集进度: 287/500
[INFO] [1754313646.845898562] [solver_node]: 标定数据收集进度: 288/500
[INFO] [1754313646.896985937] [solver_node]: 标定数据收集进度: 289/500
[INFO] [1754313646.945947314] [solver_node]: 标定数据收集进度: 290/500
[INFO] [1754313646.997058914] [solver_node]: 标定数据收集进度: 291/500
[INFO] [1754313647.048917954] [solver_node]: 标定数据收集进度: 292/500
[INFO] [1754313647.099086782] [solver_node]: 标定数据收集进度: 293/500
[INFO] [1754313647.153791547] [solver_node]: 标定数据收集进度: 294/500
[INFO] [1754313647.198041527] [solver_node]: 标定数据收集进度: 295/500
[INFO] [1754313647.246098853] [solver_node]: 标定数据收集进度: 296/500
[INFO] [1754313647.299754124] [solver_node]: 标定数据收集进度: 297/500
[INFO] [1754313647.325573785] [solver_node]: 发布重定位TF: x=0.000, y=0.000
[INFO] [1754313647.346821988] [solver_node]: 标定数据收集进度: 298/500
[INFO] [1754313647.397188100] [solver_node]: 标定数据收集进度: 299/500
[INFO] [1754313647.449910134] [solver_node]: 标定数据收集进度: 300/500
[INFO] [1754313647.496963183] [solver_node]: 标定数据收集进度: 301/500
[INFO] [1754313647.547151211] [solver_node]: 标定数据收集进度: 302/500
[INFO] [1754313647.599997248] [solver_node]: 标定数据收集进度: 303/500
[INFO] [1754313647.645944896] [solver_node]: 标定数据收集进度: 304/500
[INFO] [1754313647.707637461] [solver_node]: 标定数据收集进度: 305/500
[INFO] [1754313647.746162805] [solver_node]: 标定数据收集进度: 306/500
[INFO] [1754313647.799600471] [solver_node]: 标定数据收集进度: 307/500
[INFO] [1754313647.851068942] [solver_node]: 标定数据收集进度: 308/500
[INFO] [1754313647.896608774] [solver_node]: 标定数据收集进度: 309/500
[INFO] [1754313647.947388494] [solver_node]: 标定数据收集进度: 310/500
[INFO] [1754313647.998077013] [solver_node]: 标定数据收集进度: 311/500
[INFO] [1754313648.045653241] [solver_node]: 标定数据收集进度: 312/500
[INFO] [1754313648.100326229] [solver_node]: 标定数据收集进度: 313/500
[INFO] [1754313648.152656608] [solver_node]: 标定数据收集进度: 314/500
[INFO] [1754313648.198271641] [solver_node]: 标定数据收集进度: 315/500
[INFO] [1754313648.246628205] [solver_node]: 标定数据收集进度: 316/500
[INFO] [1754313648.297197809] [solver_node]: 标定数据收集进度: 317/500
[INFO] [1754313648.321362907] [solver_node]: 发布重定位TF: x=0.000, y=0.000
[INFO] [1754313648.347035910] [solver_node]: 标定数据收集进度: 318/500
[INFO] [1754313648.397310371] [solver_node]: 标定数据收集进度: 319/500
[INFO] [1754313648.445875228] [solver_node]: 标定数据收集进度: 320/500
[INFO] [1754313648.495601614] [solver_node]: 标定数据收集进度: 321/500
[INFO] [1754313648.570311580] [solver_node]: 标定数据收集进度: 322/500
[INFO] [1754313648.608701145] [solver_node]: 标定数据收集进度: 323/500
[INFO] [1754313648.645891452] [solver_node]: 标定数据收集进度: 324/500
[INFO] [1754313648.697609337] [solver_node]: 标定数据收集进度: 325/500
[INFO] [1754313648.745982830] [solver_node]: 标定数据收集进度: 326/500
[INFO] [1754313648.797087389] [solver_node]: 标定数据收集进度: 327/500
[INFO] [1754313648.845790297] [solver_node]: 标定数据收集进度: 328/500
[INFO] [1754313648.899345726] [solver_node]: 标定数据收集进度: 329/500
[INFO] [1754313648.945602021] [solver_node]: 标定数据收集进度: 330/500
[INFO] [1754313648.999202890] [solver_node]: 标定数据收集进度: 331/500
[INFO] [1754313649.046835087] [solver_node]: 标定数据收集进度: 332/500
[INFO] [1754313649.099997483] [solver_node]: 标定数据收集进度: 333/500
[INFO] [1754313649.147668625] [solver_node]: 标定数据收集进度: 334/500
[INFO] [1754313649.199911993] [solver_node]: 标定数据收集进度: 335/500
[INFO] [1754313649.246110623] [solver_node]: 标定数据收集进度: 336/500
[INFO] [1754313649.299818631] [solver_node]: 标定数据收集进度: 337/500
[INFO] [1754313649.324220310] [solver_node]: 发布重定位TF: x=0.000, y=0.000
[INFO] [1754313649.347451724] [solver_node]: 标定数据收集进度: 338/500
[INFO] [1754313649.395953699] [solver_node]: 标定数据收集进度: 339/500
[INFO] [1754313649.447581886] [solver_node]: 标定数据收集进度: 340/500
[INFO] [1754313649.496540991] [solver_node]: 标定数据收集进度: 341/500
[INFO] [1754313649.545888233] [solver_node]: 标定数据收集进度: 342/500
[INFO] [1754313649.597198717] [solver_node]: 标定数据收集进度: 343/500
[INFO] [1754313649.647328504] [solver_node]: 标定数据收集进度: 344/500
[INFO] [1754313649.697877084] [solver_node]: 标定数据收集进度: 345/500
[INFO] [1754313649.749176464] [solver_node]: 标定数据收集进度: 346/500
[INFO] [1754313649.802439118] [solver_node]: 标定数据收集进度: 347/500
[INFO] [1754313649.851045064] [solver_node]: 标定数据收集进度: 348/500
[INFO] [1754313649.897806586] [solver_node]: 标定数据收集进度: 349/500
[INFO] [1754313649.946616376] [solver_node]: 标定数据收集进度: 350/500
[INFO] [1754313649.996390187] [solver_node]: 标定数据收集进度: 351/500
[INFO] [1754313650.046674281] [solver_node]: 标定数据收集进度: 352/500
[INFO] [1754313650.105213849] [solver_node]: 标定数据收集进度: 353/500
[INFO] [1754313650.149252432] [solver_node]: 标定数据收集进度: 354/500
[INFO] [1754313650.202957112] [solver_node]: 标定数据收集进度: 355/500
[INFO] [1754313650.257076457] [solver_node]: 标定数据收集进度: 356/500
[INFO] [1754313650.296131988] [solver_node]: 标定数据收集进度: 357/500
[INFO] [1754313650.330634653] [solver_node]: 发布重定位TF: x=0.000, y=0.000
[INFO] [1754313650.347388903] [solver_node]: 标定数据收集进度: 358/500
[INFO] [1754313650.396593806] [solver_node]: 标定数据收集进度: 359/500
[INFO] [1754313650.447817792] [solver_node]: 标定数据收集进度: 360/500
[INFO] [1754313650.495950096] [solver_node]: 标定数据收集进度: 361/500
[INFO] [1754313650.546225197] [solver_node]: 标定数据收集进度: 362/500
[INFO] [1754313650.596121859] [solver_node]: 标定数据收集进度: 363/500
[INFO] [1754313650.646414593] [solver_node]: 标定数据收集进度: 364/500
[INFO] [1754313650.695773099] [solver_node]: 标定数据收集进度: 365/500
[INFO] [1754313650.745748483] [solver_node]: 标定数据收集进度: 366/500
[INFO] [1754313650.796646382] [solver_node]: 标定数据收集进度: 367/500
[INFO] [1754313650.847297236] [solver_node]: 标定数据收集进度: 368/500
[INFO] [1754313650.898547367] [solver_node]: 标定数据收集进度: 369/500
[INFO] [1754313650.946460241] [solver_node]: 标定数据收集进度: 370/500
[INFO] [1754313650.998215343] [solver_node]: 标定数据收集进度: 371/500
[INFO] [1754313651.046918571] [solver_node]: 标定数据收集进度: 372/500
[INFO] [1754313651.095732617] [solver_node]: 标定数据收集进度: 373/500
[INFO] [1754313651.146187915] [solver_node]: 标定数据收集进度: 374/500
[INFO] [1754313651.197651266] [solver_node]: 标定数据收集进度: 375/500
[INFO] [1754313651.246150266] [solver_node]: 标定数据收集进度: 376/500
[INFO] [1754313651.296608827] [solver_node]: 标定数据收集进度: 377/500
[INFO] [1754313651.346364302] [solver_node]: 发布重定位TF: x=0.000, y=0.000
[INFO] [1754313651.349331854] [solver_node]: 标定数据收集进度: 378/500
[INFO] [1754313651.399076256] [solver_node]: 标定数据收集进度: 379/500
[INFO] [1754313651.451465132] [solver_node]: 标定数据收集进度: 380/500
[INFO] [1754313651.498896108] [solver_node]: 标定数据收集进度: 381/500
[INFO] [1754313651.548502204] [solver_node]: 标定数据收集进度: 382/500
[INFO] [1754313651.599748590] [solver_node]: 标定数据收集进度: 383/500
[INFO] [1754313651.653749405] [solver_node]: 标定数据收集进度: 384/500
[INFO] [1754313651.706892248] [solver_node]: 标定数据收集进度: 385/500
[INFO] [1754313651.763894375] [solver_node]: 标定数据收集进度: 386/500
[INFO] [1754313651.819373526] [solver_node]: 标定数据收集进度: 387/500
[INFO] [1754313651.864653287] [solver_node]: 标定数据收集进度: 388/500
[INFO] [1754313651.905746271] [solver_node]: 标定数据收集进度: 389/500
[INFO] [1754313651.967918622] [solver_node]: 标定数据收集进度: 390/500
[INFO] [1754313652.022170577] [solver_node]: 标定数据收集进度: 391/500
[INFO] [1754313652.053376211] [solver_node]: 标定数据收集进度: 392/500
[INFO] [1754313652.107189053] [solver_node]: 标定数据收集进度: 393/500
[INFO] [1754313652.150066715] [solver_node]: 标定数据收集进度: 394/500
[INFO] [1754313652.196574280] [solver_node]: 标定数据收集进度: 395/500
[INFO] [1754313652.251179811] [solver_node]: 标定数据收集进度: 396/500
[INFO] [1754313652.298878665] [solver_node]: 标定数据收集进度: 397/500
[INFO] [1754313652.357740449] [solver_node]: 发布重定位TF: x=0.000, y=0.000
[INFO] [1754313652.358346734] [solver_node]: 标定数据收集进度: 398/500
[INFO] [1754313652.411778832] [solver_node]: 标定数据收集进度: 399/500
[INFO] [1754313652.448265188] [solver_node]: 标定数据收集进度: 400/500
[INFO] [1754313652.501159642] [solver_node]: 标定数据收集进度: 401/500
[INFO] [1754313652.551651228] [solver_node]: 标定数据收集进度: 402/500
[INFO] [1754313652.598970106] [solver_node]: 标定数据收集进度: 403/500
[INFO] [1754313652.649292441] [solver_node]: TF发布线程已停止
[INFO] [1754313652.653375889] [solver_node]: 位置更新线程已停止
[INFO] [1754313652.726624191] [solver_node]: 求解线程已停止
[INFO] [1754313652.743191269] [solver_node]: 重定位计算线程已停止
[INFO] [1754313652.744368383] [solver_node]: SolverNode资源清理完成
