[INFO] [1753418715.271865738] [solver_node]: [Case1BatchSolver] Case1BatchSolver初始化完成: 场地尺寸: 9.998x8.0, 容差: 0.001
[INFO] [1753418715.274079130] [solver_node]: [Case3BatchSolver] Case3BatchSolver初始化完成: 场地尺寸: 9.998x8.0, 容差: 0.001
[INFO] [1753418715.275823225] [solver_node]: [PoseSolver] PoseSolver初始化完成: 场地(9.998x8.0), 4个激光
[INFO] [1753418715.543686764] [solver_node]: 数据详情:
- 第一个元素类型: <class 'float'>
- 整个数组类型: <class 'array.array'>
- 数组长度: 4
- 示例值: array('f', [0.0, 2.9739999771118164, 0.8349999785423279, 2.453000068664551])
[INFO] [1753418715.547572408] [solver_node]: 调用求解器前，distances shape: (4,), values: [       nan 2.97399998 0.83499998 2.45300007]
[INFO] [1753418715.554957314] [solver_node]: 求解器返回结果: []
[INFO] [1753418715.603269999] [solver_node]: 数据详情:
- 第一个元素类型: <class 'float'>
- 整个数组类型: <class 'array.array'>
- 数组长度: 4
- 示例值: array('f', [0.0, 2.9739999771118164, 0.8349999785423279, 2.453000068664551])
[INFO] [1753418715.606656617] [solver_node]: 调用求解器前，distances shape: (4,), values: [       nan 2.97399998 0.83499998 2.45300007]
[INFO] [1753418715.610827423] [solver_node]: 求解器返回结果: []
[INFO] [1753418715.702988984] [solver_node]: 数据详情:
- 第一个元素类型: <class 'float'>
- 整个数组类型: <class 'array.array'>
- 数组长度: 4
- 示例值: array('f', [0.0, 2.9739999771118164, 0.8349999785423279, 2.453000068664551])
[INFO] [1753418715.704472653] [solver_node]: 调用求解器前，distances shape: (4,), values: [       nan 2.97399998 0.83499998 2.45300007]
[INFO] [1753418715.707269394] [solver_node]: 求解器返回结果: []
[INFO] [1753418715.803161937] [solver_node]: 数据详情:
- 第一个元素类型: <class 'float'>
- 整个数组类型: <class 'array.array'>
- 数组长度: 4
- 示例值: array('f', [0.0, 2.9739999771118164, 0.8349999785423279, 2.453000068664551])
[INFO] [1753418715.804709385] [solver_node]: 调用求解器前，distances shape: (4,), values: [       nan 2.97399998 0.83499998 2.45300007]
[INFO] [1753418715.807805689] [solver_node]: 求解器返回结果: []
[INFO] [1753418715.903866526] [solver_node]: 数据详情:
- 第一个元素类型: <class 'float'>
- 整个数组类型: <class 'array.array'>
- 数组长度: 4
- 示例值: array('f', [0.0, 2.9739999771118164, 0.8349999785423279, 2.453000068664551])
[INFO] [1753418715.905358355] [solver_node]: 调用求解器前，distances shape: (4,), values: [       nan 2.97399998 0.83499998 2.45300007]
[INFO] [1753418715.908409473] [solver_node]: 求解器返回结果: []
[INFO] [1753418716.004339074] [solver_node]: 数据详情:
- 第一个元素类型: <class 'float'>
- 整个数组类型: <class 'array.array'>
- 数组长度: 4
- 示例值: array('f', [0.0, 2.9739999771118164, 0.8349999785423279, 2.453000068664551])
[INFO] [1753418716.007103525] [solver_node]: 调用求解器前，distances shape: (4,), values: [       nan 2.97399998 0.83499998 2.45300007]
[INFO] [1753418716.010921263] [solver_node]: 求解器返回结果: []
[INFO] [1753418716.103702526] [solver_node]: 数据详情:
- 第一个元素类型: <class 'float'>
- 整个数组类型: <class 'array.array'>
- 数组长度: 4
- 示例值: array('f', [0.0, 2.9739999771118164, 0.8349999785423279, 2.453000068664551])
[INFO] [1753418716.111113706] [solver_node]: 调用求解器前，distances shape: (4,), values: [       nan 2.97399998 0.83499998 2.45300007]
[INFO] [1753418716.114636552] [solver_node]: 求解器返回结果: []
[INFO] [1753418716.203650640] [solver_node]: 数据详情:
- 第一个元素类型: <class 'float'>
- 整个数组类型: <class 'array.array'>
- 数组长度: 4
- 示例值: array('f', [0.0, 2.9739999771118164, 0.8349999785423279, 2.453000068664551])
[INFO] [1753418716.205140070] [solver_node]: 调用求解器前，distances shape: (4,), values: [       nan 2.97399998 0.83499998 2.45300007]
[INFO] [1753418716.207941195] [solver_node]: 求解器返回结果: []
[INFO] [1753418716.304401407] [solver_node]: 数据详情:
- 第一个元素类型: <class 'float'>
- 整个数组类型: <class 'array.array'>
- 数组长度: 4
- 示例值: array('f', [0.0, 2.9739999771118164, 0.8349999785423279, 2.453000068664551])
[INFO] [1753418716.306010009] [solver_node]: 调用求解器前，distances shape: (4,), values: [       nan 2.97399998 0.83499998 2.45300007]
[INFO] [1753418716.311617603] [solver_node]: 求解器返回结果: []
[INFO] [1753418716.403147333] [solver_node]: 数据详情:
- 第一个元素类型: <class 'float'>
- 整个数组类型: <class 'array.array'>
- 数组长度: 4
- 示例值: array('f', [0.0, 2.9739999771118164, 0.8349999785423279, 2.453000068664551])
[INFO] [1753418716.404625402] [solver_node]: 调用求解器前，distances shape: (4,), values: [       nan 2.97399998 0.83499998 2.45300007]
[INFO] [1753418716.407447296] [solver_node]: 求解器返回结果: []
[INFO] [1753418716.503625706] [solver_node]: 数据详情:
- 第一个元素类型: <class 'float'>
- 整个数组类型: <class 'array.array'>
- 数组长度: 4
- 示例值: array('f', [0.0, 2.9739999771118164, 0.8349999785423279, 2.453000068664551])
[INFO] [1753418716.506188070] [solver_node]: 调用求解器前，distances shape: (4,), values: [       nan 2.97399998 0.83499998 2.45300007]
[INFO] [1753418716.512717906] [solver_node]: 求解器返回结果: []
[INFO] [1753418716.603940521] [solver_node]: 数据详情:
- 第一个元素类型: <class 'float'>
- 整个数组类型: <class 'array.array'>
- 数组长度: 4
- 示例值: array('f', [0.0, 2.9739999771118164, 0.8349999785423279, 2.453000068664551])
[INFO] [1753418716.605512097] [solver_node]: 调用求解器前，distances shape: (4,), values: [       nan 2.97399998 0.83499998 2.45300007]
[INFO] [1753418716.611883879] [solver_node]: 求解器返回结果: []
[INFO] [1753418716.704856605] [solver_node]: 数据详情:
- 第一个元素类型: <class 'float'>
- 整个数组类型: <class 'array.array'>
- 数组长度: 4
- 示例值: array('f', [0.0, 2.9739999771118164, 0.8349999785423279, 2.453000068664551])
[INFO] [1753418716.706332691] [solver_node]: 调用求解器前，distances shape: (4,), values: [       nan 2.97399998 0.83499998 2.45300007]
[INFO] [1753418716.709078422] [solver_node]: 求解器返回结果: []
[INFO] [1753418716.804235099] [solver_node]: 数据详情:
- 第一个元素类型: <class 'float'>
- 整个数组类型: <class 'array.array'>
- 数组长度: 4
- 示例值: array('f', [0.0, 2.9739999771118164, 0.8349999785423279, 2.453000068664551])
[INFO] [1753418716.805748689] [solver_node]: 调用求解器前，distances shape: (4,), values: [       nan 2.97399998 0.83499998 2.45300007]
[INFO] [1753418716.808569015] [solver_node]: 求解器返回结果: []
[INFO] [1753418716.903341134] [solver_node]: 数据详情:
- 第一个元素类型: <class 'float'>
- 整个数组类型: <class 'array.array'>
- 数组长度: 4
- 示例值: array('f', [0.0, 2.9739999771118164, 0.8349999785423279, 2.453000068664551])
[INFO] [1753418716.905230130] [solver_node]: 调用求解器前，distances shape: (4,), values: [       nan 2.97399998 0.83499998 2.45300007]
[INFO] [1753418716.909410857] [solver_node]: 求解器返回结果: []
[INFO] [1753418717.008749028] [solver_node]: 数据详情:
- 第一个元素类型: <class 'float'>
- 整个数组类型: <class 'array.array'>
- 数组长度: 4
- 示例值: array('f', [0.0, 2.9739999771118164, 0.8349999785423279, 2.453000068664551])
[INFO] [1753418717.010914258] [solver_node]: 调用求解器前，distances shape: (4,), values: [       nan 2.97399998 0.83499998 2.45300007]
[INFO] [1753418717.016832488] [solver_node]: 求解器返回结果: []
[INFO] [1753418717.103173519] [solver_node]: 数据详情:
- 第一个元素类型: <class 'float'>
- 整个数组类型: <class 'array.array'>
- 数组长度: 4
- 示例值: array('f', [0.0, 2.9739999771118164, 0.8349999785423279, 2.453000068664551])
[INFO] [1753418717.104878125] [solver_node]: 调用求解器前，distances shape: (4,), values: [       nan 2.97399998 0.83499998 2.45300007]
[INFO] [1753418717.108741208] [solver_node]: 求解器返回结果: []
[INFO] [1753418717.209403076] [solver_node]: 数据详情:
- 第一个元素类型: <class 'float'>
- 整个数组类型: <class 'array.array'>
- 数组长度: 4
- 示例值: array('f', [0.0, 2.9739999771118164, 0.8349999785423279, 2.453000068664551])
[INFO] [1753418717.214993677] [solver_node]: 调用求解器前，distances shape: (4,), values: [       nan 2.97399998 0.83499998 2.45300007]
[INFO] [1753418717.221010982] [solver_node]: 求解器返回结果: []
[INFO] [1753418717.305610095] [solver_node]: 数据详情:
- 第一个元素类型: <class 'float'>
- 整个数组类型: <class 'array.array'>
- 数组长度: 4
- 示例值: array('f', [0.0, 2.9739999771118164, 0.8349999785423279, 2.453000068664551])
[INFO] [1753418717.307558294] [solver_node]: 调用求解器前，distances shape: (4,), values: [       nan 2.97399998 0.83499998 2.45300007]
[INFO] [1753418717.310801642] [solver_node]: 求解器返回结果: []
[INFO] [1753418717.404961484] [solver_node]: 数据详情:
- 第一个元素类型: <class 'float'>
- 整个数组类型: <class 'array.array'>
- 数组长度: 4
- 示例值: array('f', [0.0, 2.9739999771118164, 0.8349999785423279, 2.453000068664551])
[INFO] [1753418717.406540421] [solver_node]: 调用求解器前，distances shape: (4,), values: [       nan 2.97399998 0.83499998 2.45300007]
[INFO] [1753418717.413888366] [solver_node]: 求解器返回结果: []
[INFO] [1753418717.504203941] [solver_node]: 数据详情:
- 第一个元素类型: <class 'float'>
- 整个数组类型: <class 'array.array'>
- 数组长度: 4
- 示例值: array('f', [0.0, 2.9739999771118164, 0.8349999785423279, 2.453000068664551])
[INFO] [1753418717.507208401] [solver_node]: 调用求解器前，distances shape: (4,), values: [       nan 2.97399998 0.83499998 2.45300007]
[INFO] [1753418717.512989249] [solver_node]: 求解器返回结果: []
[INFO] [1753418717.603492511] [solver_node]: 数据详情:
- 第一个元素类型: <class 'float'>
- 整个数组类型: <class 'array.array'>
- 数组长度: 4
- 示例值: array('f', [0.0, 2.9739999771118164, 0.8349999785423279, 2.453000068664551])
[INFO] [1753418717.605002966] [solver_node]: 调用求解器前，distances shape: (4,), values: [       nan 2.97399998 0.83499998 2.45300007]
[INFO] [1753418717.607741720] [solver_node]: 求解器返回结果: []
[INFO] [1753418717.703205065] [solver_node]: 数据详情:
- 第一个元素类型: <class 'float'>
- 整个数组类型: <class 'array.array'>
- 数组长度: 4
- 示例值: array('f', [0.0, 2.9739999771118164, 0.8349999785423279, 2.453000068664551])
[INFO] [1753418717.705003082] [solver_node]: 调用求解器前，distances shape: (4,), values: [       nan 2.97399998 0.83499998 2.45300007]
[INFO] [1753418717.710795642] [solver_node]: 求解器返回结果: []
[INFO] [1753418717.803330081] [solver_node]: 数据详情:
- 第一个元素类型: <class 'float'>
- 整个数组类型: <class 'array.array'>
- 数组长度: 4
- 示例值: array('f', [0.0, 2.9739999771118164, 0.8349999785423279, 2.453000068664551])
[INFO] [1753418717.804928091] [solver_node]: 调用求解器前，distances shape: (4,), values: [       nan 2.97399998 0.83499998 2.45300007]
[INFO] [1753418717.807838116] [solver_node]: 求解器返回结果: []
[INFO] [1753418717.907362119] [solver_node]: 数据详情:
- 第一个元素类型: <class 'float'>
- 整个数组类型: <class 'array.array'>
- 数组长度: 4
- 示例值: array('f', [0.0, 2.9739999771118164, 0.8349999785423279, 2.453000068664551])
[INFO] [1753418717.908842972] [solver_node]: 调用求解器前，distances shape: (4,), values: [       nan 2.97399998 0.83499998 2.45300007]
[INFO] [1753418717.911730084] [solver_node]: 求解器返回结果: []
[INFO] [1753418718.006300692] [solver_node]: 数据详情:
- 第一个元素类型: <class 'float'>
- 整个数组类型: <class 'array.array'>
- 数组长度: 4
- 示例值: array('f', [0.0, 2.9739999771118164, 0.8349999785423279, 2.453000068664551])
[INFO] [1753418718.008173304] [solver_node]: 调用求解器前，distances shape: (4,), values: [       nan 2.97399998 0.83499998 2.45300007]
[INFO] [1753418718.011410669] [solver_node]: 求解器返回结果: []
[INFO] [1753418718.103782702] [solver_node]: 数据详情:
- 第一个元素类型: <class 'float'>
- 整个数组类型: <class 'array.array'>
- 数组长度: 4
- 示例值: array('f', [0.0, 2.9739999771118164, 0.8349999785423279, 2.453000068664551])
[INFO] [1753418718.105230498] [solver_node]: 调用求解器前，distances shape: (4,), values: [       nan 2.97399998 0.83499998 2.45300007]
[INFO] [1753418718.108205774] [solver_node]: 求解器返回结果: []
[INFO] [1753418718.205492640] [solver_node]: 数据详情:
- 第一个元素类型: <class 'float'>
- 整个数组类型: <class 'array.array'>
- 数组长度: 4
- 示例值: array('f', [0.0, 2.9739999771118164, 0.8349999785423279, 2.453000068664551])
[INFO] [1753418718.207082426] [solver_node]: 调用求解器前，distances shape: (4,), values: [       nan 2.97399998 0.83499998 2.45300007]
[INFO] [1753418718.210999815] [solver_node]: 求解器返回结果: []
[INFO] [1753418718.306113419] [solver_node]: 数据详情:
- 第一个元素类型: <class 'float'>
- 整个数组类型: <class 'array.array'>
- 数组长度: 4
- 示例值: array('f', [0.0, 2.9739999771118164, 0.8349999785423279, 2.453000068664551])
[INFO] [1753418718.307661155] [solver_node]: 调用求解器前，distances shape: (4,), values: [       nan 2.97399998 0.83499998 2.45300007]
[INFO] [1753418718.310898136] [solver_node]: 求解器返回结果: []
[INFO] [1753418718.404544775] [solver_node]: 数据详情:
- 第一个元素类型: <class 'float'>
- 整个数组类型: <class 'array.array'>
- 数组长度: 4
- 示例值: array('f', [0.0, 2.9739999771118164, 0.8349999785423279, 2.453000068664551])
[INFO] [1753418718.406855867] [solver_node]: 调用求解器前，distances shape: (4,), values: [       nan 2.97399998 0.83499998 2.45300007]
[INFO] [1753418718.410747527] [solver_node]: 求解器返回结果: []
[INFO] [1753418718.505091215] [solver_node]: 数据详情:
- 第一个元素类型: <class 'float'>
- 整个数组类型: <class 'array.array'>
- 数组长度: 4
- 示例值: array('f', [0.0, 2.9739999771118164, 0.8349999785423279, 2.453000068664551])
[INFO] [1753418718.506639015] [solver_node]: 调用求解器前，distances shape: (4,), values: [       nan 2.97399998 0.83499998 2.45300007]
[INFO] [1753418718.509542160] [solver_node]: 求解器返回结果: []
[INFO] [1753418718.611483018] [solver_node]: 数据详情:
- 第一个元素类型: <class 'float'>
- 整个数组类型: <class 'array.array'>
- 数组长度: 4
- 示例值: array('f', [0.0, 2.9739999771118164, 0.8349999785423279, 2.453000068664551])
[INFO] [1753418718.620609747] [solver_node]: 调用求解器前，distances shape: (4,), values: [       nan 2.97399998 0.83499998 2.45300007]
[INFO] [1753418718.624533601] [solver_node]: 求解器返回结果: []
[INFO] [1753418718.705407140] [solver_node]: 数据详情:
- 第一个元素类型: <class 'float'>
- 整个数组类型: <class 'array.array'>
- 数组长度: 4
- 示例值: array('f', [0.0, 2.9739999771118164, 0.8349999785423279, 2.453000068664551])
[INFO] [1753418718.707018878] [solver_node]: 调用求解器前，distances shape: (4,), values: [       nan 2.97399998 0.83499998 2.45300007]
[INFO] [1753418718.710420665] [solver_node]: 求解器返回结果: []
[INFO] [1753418718.806518240] [solver_node]: 数据详情:
- 第一个元素类型: <class 'float'>
- 整个数组类型: <class 'array.array'>
- 数组长度: 4
- 示例值: array('f', [0.0, 2.9739999771118164, 0.8349999785423279, 2.453000068664551])
[INFO] [1753418718.808128058] [solver_node]: 调用求解器前，distances shape: (4,), values: [       nan 2.97399998 0.83499998 2.45300007]
[INFO] [1753418718.811068708] [solver_node]: 求解器返回结果: []
[INFO] [1753418718.905035807] [solver_node]: 数据详情:
- 第一个元素类型: <class 'float'>
- 整个数组类型: <class 'array.array'>
- 数组长度: 4
- 示例值: array('f', [0.0, 2.9739999771118164, 0.8349999785423279, 2.453000068664551])
[INFO] [1753418718.910879730] [solver_node]: 调用求解器前，distances shape: (4,), values: [       nan 2.97399998 0.83499998 2.45300007]
[INFO] [1753418718.914986278] [solver_node]: 求解器返回结果: []
[INFO] [1753418719.007380328] [solver_node]: 数据详情:
- 第一个元素类型: <class 'float'>
- 整个数组类型: <class 'array.array'>
- 数组长度: 4
- 示例值: array('f', [0.0, 2.9739999771118164, 0.8349999785423279, 2.453000068664551])
[INFO] [1753418719.009195114] [solver_node]: 调用求解器前，distances shape: (4,), values: [       nan 2.97399998 0.83499998 2.45300007]
[INFO] [1753418719.012314938] [solver_node]: 求解器返回结果: []
[INFO] [1753418719.103951170] [solver_node]: 数据详情:
- 第一个元素类型: <class 'float'>
- 整个数组类型: <class 'array.array'>
- 数组长度: 4
- 示例值: array('f', [0.0, 2.9739999771118164, 0.8349999785423279, 2.453000068664551])
[INFO] [1753418719.105484313] [solver_node]: 调用求解器前，distances shape: (4,), values: [       nan 2.97399998 0.83499998 2.45300007]
[INFO] [1753418719.108468773] [solver_node]: 求解器返回结果: []
[INFO] [1753418719.202867504] [solver_node]: 数据详情:
- 第一个元素类型: <class 'float'>
- 整个数组类型: <class 'array.array'>
- 数组长度: 4
- 示例值: array('f', [0.0, 0.902999997138977, 0.8349999785423279, 2.453000068664551])
[INFO] [1753418719.204434888] [solver_node]: 调用求解器前，distances shape: (4,), values: [       nan 0.903      0.83499998 2.45300007]
[INFO] [1753418719.207764864] [solver_node]: [PoseSolver] 第0个组合有8个有效解
[INFO] [1753418719.208672929] [solver_node]: [PoseSolver] 处理完第0个组合后的筛选结果:
[INFO] [1753418719.209466334] [solver_node]: [PoseSolver] 排序后的最终筛选结果:
[INFO] [1753418719.210237657] [solver_node]: [PoseSolver] 找到8个完美相容解 (相容数=N)
[INFO] [1753418719.211057943] [solver_node]: 求解器返回结果: [((8.808325592692588, 8.810325592692587), (6.963101480172587, 6.965101480172588), 1.9349505159229299), ((1.1876744073074117, 1.1896744073074115), (1.0348985198274128, 1.0368985198274125), -1.2066421376668632), ((9.189028034288324, 9.191028034288323), (1.8984040234069008, 1.9004040234069006), 0.6802246278090762), ((0.806971965711676, 0.808971965711676), (6.0995959765931, 6.1015959765931), -2.461368025780717), ((1.0348985198274128, 1.0368985198274125), (6.810325592692588, 6.812325592692589), -2.77743846446176), ((8.961101480172587, 8.963101480172586), (1.1876744073074115, 1.1896744073074113), 0.3641541891280333), ((8.0975959765931, 8.099595976593099), (7.1910280342883235, 7.193028034288324), 2.251020954603973), ((1.8984040234069008, 1.9004040234069006), (0.8069719657116758, 0.8089719657116758), -0.8905716989858202)]
[INFO] [1753418719.304678502] [solver_node]: 数据详情:
- 第一个元素类型: <class 'float'>
- 整个数组类型: <class 'array.array'>
- 数组长度: 4
- 示例值: array('f', [0.0, 0.902999997138977, 0.8349999785423279, 2.453000068664551])
[INFO] [1753418719.307378279] [solver_node]: 调用求解器前，distances shape: (4,), values: [       nan 0.903      0.83499998 2.45300007]
[INFO] [1753418719.311468379] [solver_node]: [PoseSolver] 第0个组合有8个有效解
[INFO] [1753418719.312748521] [solver_node]: [PoseSolver] 处理完第0个组合后的筛选结果:
[INFO] [1753418719.314119450] [solver_node]: [PoseSolver] 排序后的最终筛选结果:
[INFO] [1753418719.314931192] [solver_node]: [PoseSolver] 找到8个完美相容解 (相容数=N)
[INFO] [1753418719.315725140] [solver_node]: 求解器返回结果: [((8.808325592692588, 8.810325592692587), (6.963101480172587, 6.965101480172588), 1.9349505159229299), ((1.1876744073074117, 1.1896744073074115), (1.0348985198274128, 1.0368985198274125), -1.2066421376668632), ((9.189028034288324, 9.191028034288323), (1.8984040234069008, 1.9004040234069006), 0.6802246278090762), ((0.806971965711676, 0.808971965711676), (6.0995959765931, 6.1015959765931), -2.461368025780717), ((1.0348985198274128, 1.0368985198274125), (6.810325592692588, 6.812325592692589), -2.77743846446176), ((8.961101480172587, 8.963101480172586), (1.1876744073074115, 1.1896744073074113), 0.3641541891280333), ((8.0975959765931, 8.099595976593099), (7.1910280342883235, 7.193028034288324), 2.251020954603973), ((1.8984040234069008, 1.9004040234069006), (0.8069719657116758, 0.8089719657116758), -0.8905716989858202)]
[INFO] [1753418719.403812540] [solver_node]: 数据详情:
- 第一个元素类型: <class 'float'>
- 整个数组类型: <class 'array.array'>
- 数组长度: 4
- 示例值: array('f', [0.0, 0.902999997138977, 0.8349999785423279, 2.453000068664551])
[INFO] [1753418719.405603292] [solver_node]: 调用求解器前，distances shape: (4,), values: [       nan 0.903      0.83499998 2.45300007]
[INFO] [1753418719.408969558] [solver_node]: [PoseSolver] 第0个组合有8个有效解
[INFO] [1753418719.411234439] [solver_node]: [PoseSolver] 处理完第0个组合后的筛选结果:
[INFO] [1753418719.416370400] [solver_node]: [PoseSolver] 排序后的最终筛选结果:
[INFO] [1753418719.418521486] [solver_node]: [PoseSolver] 找到8个完美相容解 (相容数=N)
[INFO] [1753418719.419780283] [solver_node]: 求解器返回结果: [((8.808325592692588, 8.810325592692587), (6.963101480172587, 6.965101480172588), 1.9349505159229299), ((1.1876744073074117, 1.1896744073074115), (1.0348985198274128, 1.0368985198274125), -1.2066421376668632), ((9.189028034288324, 9.191028034288323), (1.8984040234069008, 1.9004040234069006), 0.6802246278090762), ((0.806971965711676, 0.808971965711676), (6.0995959765931, 6.1015959765931), -2.461368025780717), ((1.0348985198274128, 1.0368985198274125), (6.810325592692588, 6.812325592692589), -2.77743846446176), ((8.961101480172587, 8.963101480172586), (1.1876744073074115, 1.1896744073074113), 0.3641541891280333), ((8.0975959765931, 8.099595976593099), (7.1910280342883235, 7.193028034288324), 2.251020954603973), ((1.8984040234069008, 1.9004040234069006), (0.8069719657116758, 0.8089719657116758), -0.8905716989858202)]
[INFO] [1753418719.503550855] [solver_node]: 数据详情:
- 第一个元素类型: <class 'float'>
- 整个数组类型: <class 'array.array'>
- 数组长度: 4
- 示例值: array('f', [0.0, 0.902999997138977, 0.8349999785423279, 2.453000068664551])
[INFO] [1753418719.505189762] [solver_node]: 调用求解器前，distances shape: (4,), values: [       nan 0.903      0.83499998 2.45300007]
[INFO] [1753418719.508454200] [solver_node]: [PoseSolver] 第0个组合有8个有效解
[INFO] [1753418719.509307671] [solver_node]: [PoseSolver] 处理完第0个组合后的筛选结果:
[INFO] [1753418719.510065458] [solver_node]: [PoseSolver] 排序后的最终筛选结果:
[INFO] [1753418719.511551816] [solver_node]: [PoseSolver] 找到8个完美相容解 (相容数=N)
[INFO] [1753418719.512372549] [solver_node]: 求解器返回结果: [((8.808325592692588, 8.810325592692587), (6.963101480172587, 6.965101480172588), 1.9349505159229299), ((1.1876744073074117, 1.1896744073074115), (1.0348985198274128, 1.0368985198274125), -1.2066421376668632), ((9.189028034288324, 9.191028034288323), (1.8984040234069008, 1.9004040234069006), 0.6802246278090762), ((0.806971965711676, 0.808971965711676), (6.0995959765931, 6.1015959765931), -2.461368025780717), ((1.0348985198274128, 1.0368985198274125), (6.810325592692588, 6.812325592692589), -2.77743846446176), ((8.961101480172587, 8.963101480172586), (1.1876744073074115, 1.1896744073074113), 0.3641541891280333), ((8.0975959765931, 8.099595976593099), (7.1910280342883235, 7.193028034288324), 2.251020954603973), ((1.8984040234069008, 1.9004040234069006), (0.8069719657116758, 0.8089719657116758), -0.8905716989858202)]
[INFO] [1753418719.610481526] [solver_node]: 数据详情:
- 第一个元素类型: <class 'float'>
- 整个数组类型: <class 'array.array'>
- 数组长度: 4
- 示例值: array('f', [0.0, 0.902999997138977, 0.8349999785423279, 2.453000068664551])
[INFO] [1753418719.612980944] [solver_node]: 调用求解器前，distances shape: (4,), values: [       nan 0.903      0.83499998 2.45300007]
[INFO] [1753418719.617257514] [solver_node]: [PoseSolver] 第0个组合有8个有效解
[INFO] [1753418719.618140458] [solver_node]: [PoseSolver] 处理完第0个组合后的筛选结果:
[INFO] [1753418719.618926727] [solver_node]: [PoseSolver] 排序后的最终筛选结果:
[INFO] [1753418719.620680934] [solver_node]: [PoseSolver] 找到8个完美相容解 (相容数=N)
[INFO] [1753418719.621545637] [solver_node]: 求解器返回结果: [((8.808325592692588, 8.810325592692587), (6.963101480172587, 6.965101480172588), 1.9349505159229299), ((1.1876744073074117, 1.1896744073074115), (1.0348985198274128, 1.0368985198274125), -1.2066421376668632), ((9.189028034288324, 9.191028034288323), (1.8984040234069008, 1.9004040234069006), 0.6802246278090762), ((0.806971965711676, 0.808971965711676), (6.0995959765931, 6.1015959765931), -2.461368025780717), ((1.0348985198274128, 1.0368985198274125), (6.810325592692588, 6.812325592692589), -2.77743846446176), ((8.961101480172587, 8.963101480172586), (1.1876744073074115, 1.1896744073074113), 0.3641541891280333), ((8.0975959765931, 8.099595976593099), (7.1910280342883235, 7.193028034288324), 2.251020954603973), ((1.8984040234069008, 1.9004040234069006), (0.8069719657116758, 0.8089719657116758), -0.8905716989858202)]
[INFO] [1753418719.705419413] [solver_node]: 数据详情:
- 第一个元素类型: <class 'float'>
- 整个数组类型: <class 'array.array'>
- 数组长度: 4
- 示例值: array('f', [0.0, 0.9089999794960022, 0.8349999785423279, 2.453000068664551])
[INFO] [1753418719.707055952] [solver_node]: 调用求解器前，distances shape: (4,), values: [       nan 0.90899998 0.83499998 2.45300007]
[INFO] [1753418719.710119614] [solver_node]: [PoseSolver] 第0个组合有8个有效解
[INFO] [1753418719.711189605] [solver_node]: [PoseSolver] 处理完第0个组合后的筛选结果:
[INFO] [1753418719.711914367] [solver_node]: [PoseSolver] 排序后的最终筛选结果:
[INFO] [1753418719.712605208] [solver_node]: [PoseSolver] 找到8个完美相容解 (相容数=N)
[INFO] [1753418719.714252819] [solver_node]: 求解器返回结果: [((8.803605242523167, 8.805605242523166), (6.964187099030586, 6.966187099030587), 1.9368578659015494), ((1.1923947574768328, 1.1943947574768325), (1.033812900969413, 1.0358129009694128), -1.2047347876882437), ((9.18727419720708, 9.189274197207078), (1.8943600743779285, 1.8963600743779283), 0.6781881535981813), ((0.8087258027929202, 0.8107258027929202), (6.103639925622072, 6.105639925622072), -2.463404499991612), ((1.033812900969413, 1.0358129009694128), (6.805605242523167, 6.8076052425231675), -2.7755311144831403), ((8.962187099030587, 8.964187099030585), (1.1923947574768328, 1.1943947574768325), 0.366061539106653), ((8.101639925622072, 8.10363992562207), (7.189274197207079, 7.19127419720708), 2.248984480393078), ((1.8943600743779285, 1.8963600743779283), (0.80872580279292, 0.81072580279292), -0.8926081731967153)]
[INFO] [1753418719.805576591] [solver_node]: 数据详情:
- 第一个元素类型: <class 'float'>
- 整个数组类型: <class 'array.array'>
- 数组长度: 4
- 示例值: array('f', [0.0, 0.9089999794960022, 0.8349999785423279, 2.453000068664551])
[INFO] [1753418719.807200938] [solver_node]: 调用求解器前，distances shape: (4,), values: [       nan 0.90899998 0.83499998 2.45300007]
[INFO] [1753418719.811387713] [solver_node]: [PoseSolver] 第0个组合有8个有效解
[INFO] [1753418719.812238559] [solver_node]: [PoseSolver] 处理完第0个组合后的筛选结果:
[INFO] [1753418719.813699572] [solver_node]: [PoseSolver] 排序后的最终筛选结果:
[INFO] [1753418719.815247212] [solver_node]: [PoseSolver] 找到8个完美相容解 (相容数=N)
[INFO] [1753418719.816595228] [solver_node]: 求解器返回结果: [((8.803605242523167, 8.805605242523166), (6.964187099030586, 6.966187099030587), 1.9368578659015494), ((1.1923947574768328, 1.1943947574768325), (1.033812900969413, 1.0358129009694128), -1.2047347876882437), ((9.18727419720708, 9.189274197207078), (1.8943600743779285, 1.8963600743779283), 0.6781881535981813), ((0.8087258027929202, 0.8107258027929202), (6.103639925622072, 6.105639925622072), -2.463404499991612), ((1.033812900969413, 1.0358129009694128), (6.805605242523167, 6.8076052425231675), -2.7755311144831403), ((8.962187099030587, 8.964187099030585), (1.1923947574768328, 1.1943947574768325), 0.366061539106653), ((8.101639925622072, 8.10363992562207), (7.189274197207079, 7.19127419720708), 2.248984480393078), ((1.8943600743779285, 1.8963600743779283), (0.80872580279292, 0.81072580279292), -0.8926081731967153)]
[INFO] [1753418719.903126092] [solver_node]: 数据详情:
- 第一个元素类型: <class 'float'>
- 整个数组类型: <class 'array.array'>
- 数组长度: 4
- 示例值: array('f', [0.0, 0.9089999794960022, 0.8349999785423279, 2.453000068664551])
[INFO] [1753418719.904570208] [solver_node]: 调用求解器前，distances shape: (4,), values: [       nan 0.90899998 0.83499998 2.45300007]
[INFO] [1753418719.907517482] [solver_node]: [PoseSolver] 第0个组合有8个有效解
[INFO] [1753418719.908387241] [solver_node]: [PoseSolver] 处理完第0个组合后的筛选结果:
[INFO] [1753418719.909143973] [solver_node]: [PoseSolver] 排序后的最终筛选结果:
[INFO] [1753418719.909884095] [solver_node]: [PoseSolver] 找到8个完美相容解 (相容数=N)
[INFO] [1753418719.910731710] [solver_node]: 求解器返回结果: [((8.803605242523167, 8.805605242523166), (6.964187099030586, 6.966187099030587), 1.9368578659015494), ((1.1923947574768328, 1.1943947574768325), (1.033812900969413, 1.0358129009694128), -1.2047347876882437), ((9.18727419720708, 9.189274197207078), (1.8943600743779285, 1.8963600743779283), 0.6781881535981813), ((0.8087258027929202, 0.8107258027929202), (6.103639925622072, 6.105639925622072), -2.463404499991612), ((1.033812900969413, 1.0358129009694128), (6.805605242523167, 6.8076052425231675), -2.7755311144831403), ((8.962187099030587, 8.964187099030585), (1.1923947574768328, 1.1943947574768325), 0.366061539106653), ((8.101639925622072, 8.10363992562207), (7.189274197207079, 7.19127419720708), 2.248984480393078), ((1.8943600743779285, 1.8963600743779283), (0.80872580279292, 0.81072580279292), -0.8926081731967153)]
[INFO] [1753418720.008965299] [solver_node]: 数据详情:
- 第一个元素类型: <class 'float'>
- 整个数组类型: <class 'array.array'>
- 数组长度: 4
- 示例值: array('f', [0.0, 0.9089999794960022, 0.8349999785423279, 2.453000068664551])
[INFO] [1753418720.013416756] [solver_node]: 调用求解器前，distances shape: (4,), values: [       nan 0.90899998 0.83499998 2.45300007]
[INFO] [1753418720.020545301] [solver_node]: [PoseSolver] 第0个组合有8个有效解
[INFO] [1753418720.024986613] [solver_node]: [PoseSolver] 处理完第0个组合后的筛选结果:
[INFO] [1753418720.026209729] [solver_node]: [PoseSolver] 排序后的最终筛选结果:
[INFO] [1753418720.027324649] [solver_node]: [PoseSolver] 找到8个完美相容解 (相容数=N)
[INFO] [1753418720.028882369] [solver_node]: 求解器返回结果: [((8.803605242523167, 8.805605242523166), (6.964187099030586, 6.966187099030587), 1.9368578659015494), ((1.1923947574768328, 1.1943947574768325), (1.033812900969413, 1.0358129009694128), -1.2047347876882437), ((9.18727419720708, 9.189274197207078), (1.8943600743779285, 1.8963600743779283), 0.6781881535981813), ((0.8087258027929202, 0.8107258027929202), (6.103639925622072, 6.105639925622072), -2.463404499991612), ((1.033812900969413, 1.0358129009694128), (6.805605242523167, 6.8076052425231675), -2.7755311144831403), ((8.962187099030587, 8.964187099030585), (1.1923947574768328, 1.1943947574768325), 0.366061539106653), ((8.101639925622072, 8.10363992562207), (7.189274197207079, 7.19127419720708), 2.248984480393078), ((1.8943600743779285, 1.8963600743779283), (0.80872580279292, 0.81072580279292), -0.8926081731967153)]
