[INFO] [1754287359.311242271] [solver_node]: [PerpendicularDistanceLocalizer] 激光配置 详细内容: 列表长度: 5
[INFO] [1754287359.312626584] [solver_node]: [PerpendicularDistanceLocalizer] 激光配置[0]: ((0.36453, 1.55456), 1.25663)
[INFO] [1754287359.313691556] [solver_node]: [PerpendicularDistanceLocalizer] 激光配置[1]: ((0.36453, -1.55456), -1.25663)
[INFO] [1754287359.314946040] [solver_node]: [PerpendicularDistanceLocalizer] 激光配置[2]: ((0.37645, 0.47385), 0.0)
[INFO] [1754287359.315998756] [solver_node]: [PerpendicularDistanceLocalizer] 激光配置[3]: ((0.37537, 2.40907), 2.51327)
[INFO] [1754287359.317047376] [solver_node]: [PerpendicularDistanceLocalizer] 激光配置[4]: ((0.37537, -2.4253), -2.51327)
[INFO] [1754287359.318480523] [solver_node]: [PerpendicularDistanceLocalizer] 前束索引: [2], 后束索引: []
[INFO] [1754287359.319669693] [solver_node]: [PerpendicularDistanceLocalizer] 左束索引: [], 右束索引: []
[INFO] [1754287359.322790270] [solver_node]: [PerpendicularDistanceLocalizer] h_values: [0.         0.         0.33497201 0.         0.        ]
[INFO] [1754287359.328392519] [solver_node]: [PerpendicularDistanceLocalizer] 垂直距离定位器已初始化，需要调用calibrate()方法进行标定
[INFO] [1754287359.378417219] [solver_node]: SolverNode启动，进入初始化阶段，需要收集100次激光数据进行标定...
[INFO] [1754287359.388902806] [solver_node]: 标定数据收集进度: 1/100
[INFO] [1754287359.394352280] [solver_node]: 标定数据收集进度: 2/100
[INFO] [1754287359.411329336] [solver_node]: 标定数据收集进度: 3/100
[INFO] [1754287359.437850725] [solver_node]: 标定数据收集进度: 4/100
[INFO] [1754287359.451588223] [solver_node]: 标定数据收集进度: 5/100
[INFO] [1754287359.458270293] [solver_node]: 标定数据收集进度: 6/100
[INFO] [1754287359.463071996] [solver_node]: 标定数据收集进度: 7/100
[INFO] [1754287359.467960775] [solver_node]: 标定数据收集进度: 8/100
[INFO] [1754287359.473574992] [solver_node]: 标定数据收集进度: 9/100
[INFO] [1754287359.485938449] [solver_node]: 标定数据收集进度: 10/100
[INFO] [1754287359.493983487] [solver_node]: 标定数据收集进度: 11/100
[INFO] [1754287359.506675661] [solver_node]: 标定数据收集进度: 12/100
[INFO] [1754287359.520318436] [solver_node]: 标定数据收集进度: 13/100
[INFO] [1754287359.535039463] [solver_node]: 标定数据收集进度: 14/100
[INFO] [1754287359.542754951] [solver_node]: 标定数据收集进度: 15/100
[INFO] [1754287359.550784948] [solver_node]: 标定数据收集进度: 16/100
[INFO] [1754287359.569539806] [solver_node]: 标定数据收集进度: 17/100
[INFO] [1754287359.582546362] [solver_node]: 标定数据收集进度: 18/100
[INFO] [1754287359.590781936] [solver_node]: 标定数据收集进度: 19/100
[INFO] [1754287359.602870662] [solver_node]: 标定数据收集进度: 20/100
[INFO] [1754287359.608827101] [solver_node]: 标定数据收集进度: 21/100
[INFO] [1754287359.619897736] [solver_node]: 标定数据收集进度: 22/100
[INFO] [1754287359.631772213] [solver_node]: 标定数据收集进度: 23/100
[INFO] [1754287359.648106043] [solver_node]: 标定数据收集进度: 24/100
[INFO] [1754287359.660289716] [solver_node]: 标定数据收集进度: 25/100
[INFO] [1754287359.669387854] [solver_node]: 标定数据收集进度: 26/100
[INFO] [1754287359.677719560] [solver_node]: 标定数据收集进度: 27/100
[INFO] [1754287359.685116667] [solver_node]: 标定数据收集进度: 28/100
[INFO] [1754287359.704037036] [solver_node]: 标定数据收集进度: 29/100
[INFO] [1754287359.715111320] [solver_node]: 标定数据收集进度: 30/100
[INFO] [1754287359.723439025] [solver_node]: 标定数据收集进度: 31/100
[INFO] [1754287359.731099759] [solver_node]: 标定数据收集进度: 32/100
[INFO] [1754287359.733636472] [solver_node]: 标定数据收集进度: 33/100
[INFO] [1754287359.735877045] [solver_node]: 标定数据收集进度: 34/100
[INFO] [1754287359.737783397] [solver_node]: 标定数据收集进度: 35/100
[INFO] [1754287359.739834714] [solver_node]: 标定数据收集进度: 36/100
[INFO] [1754287359.741643877] [solver_node]: 标定数据收集进度: 37/100
[INFO] [1754287359.761053898] [solver_node]: 标定数据收集进度: 38/100
[INFO] [1754287359.763511152] [solver_node]: 标定数据收集进度: 39/100
[INFO] [1754287359.770834176] [solver_node]: 标定数据收集进度: 40/100
[INFO] [1754287359.783850268] [solver_node]: 标定数据收集进度: 41/100
[INFO] [1754287359.791761285] [solver_node]: 标定数据收集进度: 42/100
[INFO] [1754287359.801857512] [solver_node]: 标定数据收集进度: 43/100
[INFO] [1754287359.813374246] [solver_node]: 标定数据收集进度: 44/100
[INFO] [1754287359.821034980] [solver_node]: 标定数据收集进度: 45/100
[INFO] [1754287359.831136679] [solver_node]: 标定数据收集进度: 46/100
[INFO] [1754287359.863821043] [solver_node]: 标定数据收集进度: 47/100
[INFO] [1754287359.912890664] [solver_node]: 标定数据收集进度: 48/100
[INFO] [1754287359.926631970] [solver_node]: 标定数据收集进度: 49/100
[INFO] [1754287359.939934154] [solver_node]: 标定数据收集进度: 50/100
[INFO] [1754287359.979435281] [solver_node]: 标定数据收集进度: 51/100
[INFO] [1754287360.001891349] [solver_node]: 标定数据收集进度: 52/100
[INFO] [1754287360.006976392] [solver_node]: 标定数据收集进度: 53/100
[INFO] [1754287360.016775230] [solver_node]: 标定数据收集进度: 54/100
[INFO] [1754287360.019463118] [solver_node]: 标定数据收集进度: 55/100
[INFO] [1754287360.021621287] [solver_node]: 标定数据收集进度: 56/100
[INFO] [1754287360.023629915] [solver_node]: 标定数据收集进度: 57/100
[INFO] [1754287360.025572331] [solver_node]: 标定数据收集进度: 58/100
[INFO] [1754287360.027497339] [solver_node]: 标定数据收集进度: 59/100
[INFO] [1754287360.030657438] [solver_node]: 标定数据收集进度: 60/100
[INFO] [1754287360.042722547] [solver_node]: 标定数据收集进度: 61/100
[INFO] [1754287360.051783914] [solver_node]: 标定数据收集进度: 62/100
[INFO] [1754287360.061850412] [solver_node]: 标定数据收集进度: 63/100
[INFO] [1754287360.072324862] [solver_node]: 标定数据收集进度: 64/100
[INFO] [1754287360.081810952] [solver_node]: 标定数据收集进度: 65/100
[INFO] [1754287360.092690827] [solver_node]: 标定数据收集进度: 66/100
[INFO] [1754287360.101754883] [solver_node]: 标定数据收集进度: 67/100
[INFO] [1754287360.112115856] [solver_node]: 标定数据收集进度: 68/100
[INFO] [1754287360.121353583] [solver_node]: 标定数据收集进度: 69/100
[INFO] [1754287360.137730199] [solver_node]: 标定数据收集进度: 70/100
[INFO] [1754287360.142961808] [solver_node]: 标定数据收集进度: 71/100
[INFO] [1754287360.151594582] [solver_node]: 标定数据收集进度: 72/100
[INFO] [1754287360.161315273] [solver_node]: 标定数据收集进度: 73/100
[INFO] [1754287360.171303815] [solver_node]: 标定数据收集进度: 74/100
[INFO] [1754287360.183804653] [solver_node]: 标定数据收集进度: 75/100
[INFO] [1754287360.191404648] [solver_node]: 标定数据收集进度: 76/100
[INFO] [1754287360.208535951] [solver_node]: 标定数据收集进度: 77/100
[INFO] [1754287360.217050352] [solver_node]: 标定数据收集进度: 78/100
[INFO] [1754287360.227980437] [solver_node]: 标定数据收集进度: 79/100
[INFO] [1754287360.238054967] [solver_node]: 标定数据收集进度: 80/100
[INFO] [1754287360.248448902] [solver_node]: 标定数据收集进度: 81/100
[INFO] [1754287360.255823992] [solver_node]: 标定数据收集进度: 82/100
[INFO] [1754287360.268625035] [solver_node]: 标定数据收集进度: 83/100
[INFO] [1754287360.280762274] [solver_node]: 标定数据收集进度: 84/100
[INFO] [1754287360.292721650] [solver_node]: 标定数据收集进度: 85/100
[INFO] [1754287360.303468816] [solver_node]: 标定数据收集进度: 86/100
[INFO] [1754287360.313662519] [solver_node]: 标定数据收集进度: 87/100
[INFO] [1754287360.316553359] [solver_node]: 标定数据收集进度: 88/100
[INFO] [1754287360.321380375] [solver_node]: 标定数据收集进度: 89/100
[INFO] [1754287360.336780725] [solver_node]: 标定数据收集进度: 90/100
[INFO] [1754287360.353322851] [solver_node]: 标定数据收集进度: 91/100
[INFO] [1754287360.355513182] [solver_node]: 标定数据收集进度: 92/100
[INFO] [1754287360.361101990] [solver_node]: 标定数据收集进度: 93/100
[INFO] [1754287360.371164391] [solver_node]: 标定数据收集进度: 94/100
[INFO] [1754287360.381601656] [solver_node]: 标定数据收集进度: 95/100
[INFO] [1754287360.417666000] [solver_node]: 标定数据收集进度: 96/100
[INFO] [1754287360.429660801] [solver_node]: 标定数据收集进度: 97/100
[INFO] [1754287360.440602503] [solver_node]: 标定数据收集进度: 98/100
[INFO] [1754287360.457711084] [solver_node]: 标定数据收集进度: 99/100
[INFO] [1754287360.467508739] [solver_node]: 标定数据收集进度: 100/100
[INFO] [1754287360.470413243] [solver_node]: 标定数据收集完成，开始标定过程...
[INFO] [1754287360.473528540] [solver_node]: 开始标定，收集到的数据shape: (100, 5)
[INFO] [1754287360.475702551] [solver_node]: [PerpendicularDistanceLocalizer] 开始标定，扫描数据shape: (100, 5)
[INFO] [1754287360.478308675] [solver_node]: [PerpendicularDistanceLocalizer] 平均测距值 详细内容: 形状: (5,), 类型: float64
[INFO] [1754287360.483603550] [solver_node]: [PerpendicularDistanceLocalizer] 平均测距值[0]: 1.4830000400543213
[INFO] [1754287360.485656019] [solver_node]: [PerpendicularDistanceLocalizer] 平均测距值[1]: 5.73799991607666
[INFO] [1754287360.487414460] [solver_node]: [PerpendicularDistanceLocalizer] 平均测距值[2]: 5.070000171661377
[INFO] [1754287360.490048394] [solver_node]: [PerpendicularDistanceLocalizer] 平均测距值[3]: 4.270999908447266
[INFO] [1754287360.493381364] [solver_node]: [PerpendicularDistanceLocalizer] 平均测距值[4]: 4.288000106811523
[INFO] [1754287360.496311277] [solver_node]: [PerpendicularDistanceLocalizer] h_values 详细内容: 形状: (5,), 类型: float64
[INFO] [1754287360.498019188] [solver_node]: [PerpendicularDistanceLocalizer] h_values[0]: 0.0
[INFO] [1754287360.506008831] [solver_node]: [PerpendicularDistanceLocalizer] h_values[1]: 0.0
[INFO] [1754287360.509228549] [solver_node]: [PerpendicularDistanceLocalizer] h_values[2]: 0.33497201345916283
[INFO] [1754287360.513555800] [solver_node]: [PerpendicularDistanceLocalizer] h_values[3]: 0.0
[INFO] [1754287360.518759152] [solver_node]: [PerpendicularDistanceLocalizer] h_values[4]: 0.0
[INFO] [1754287360.522090554] [solver_node]: [PerpendicularDistanceLocalizer] 标定完成: m=0.000, n=5.405
[INFO] [1754287360.527066505] [solver_node]: [PerpendicularDistanceLocalizer] 前后左右平均距离: 前=5.405, 后=0.000, 左=0.000, 右=0.000
[INFO] [1754287360.529983234] [solver_node]: [PerpendicularDistanceLocalizer] 计算的初始位姿: x=0.000, y=0.000, phi=1.571
[INFO] [1754287360.532247168] [solver_node]: 标定完成: m=0.000, n=5.405
[INFO] [1754287360.534158959] [solver_node]: 初始位姿: x=0.000, y=0.000, phi=1.571
[INFO] [1754287360.536533073] [solver_node]: 初始化阶段完成，进入运行阶段
[INFO] [1754287361.168823226] [solver_node]: 收到5个激光点，处理后5个有效点
[INFO] [1754287361.178034936] [solver_node]: 当前位置: x=5.134, y=1.890, angle=-1.756
[INFO] [1754287361.179538102] [solver_node]: 激光距离数据: [1.48300004 5.73799992 5.07000017 4.27099991 4.28800011]
[INFO] [1754287361.182205701] [solver_node]: 垂直距离定位器返回 1 个解
[INFO] [1754287361.183598846] [solver_node]: 总共 1 个解
[INFO] [1754287361.184465666] [solver_node]: 无效解: x=0.000, y=5.405, 距离=6.222 > 阈值0.100
[WARN] [1754287361.185807866] [solver_node]: 没有满足距离要求的解
[WARN] [1754287361.187034445] [solver_node]: 没有合适的解，不发布TF变换
[INFO] [1754287361.187553410] [solver_node]: 发布静态变换: translation=(-0.000, -0.000, 0.0), 无旋转
[INFO] [1754287361.211825712] [solver_node]: 收到5个激光点，处理后5个有效点
[INFO] [1754287361.218351167] [solver_node]: 当前位置: x=5.131, y=1.913, angle=-1.754
[INFO] [1754287361.227490265] [solver_node]: 激光距离数据: [1.48300004 5.73799992 5.07000017 4.27099991 4.28800011]
[INFO] [1754287361.232778996] [solver_node]: 垂直距离定位器返回 1 个解
[INFO] [1754287361.236095486] [solver_node]: 总共 1 个解
[INFO] [1754287361.247707167] [solver_node]: 无效解: x=0.000, y=5.405, 距离=6.206 > 阈值0.100
[WARN] [1754287361.248606308] [solver_node]: 没有满足距离要求的解
[WARN] [1754287361.249359748] [solver_node]: 没有合适的解，不发布TF变换
[INFO] [1754287361.250588951] [solver_node]: 收到5个激光点，处理后5个有效点
[INFO] [1754287361.265876272] [solver_node]: 当前位置: x=2.748, y=-1.509, angle=1.388
[INFO] [1754287361.267046465] [solver_node]: 发布静态变换: translation=(-0.000, -0.000, 0.0), 无旋转
[INFO] [1754287361.275222003] [solver_node]: 激光距离数据: [1.48300004 5.73799992 5.07000017 4.27099991 4.28800011]
[INFO] [1754287361.276668911] [solver_node]: 垂直距离定位器返回 1 个解
[INFO] [1754287361.278093066] [solver_node]: 总共 1 个解
[INFO] [1754287361.279458179] [solver_node]: 无效解: x=0.000, y=0.000, 距离=3.135 > 阈值0.100
[WARN] [1754287361.280395402] [solver_node]: 没有满足距离要求的解
[WARN] [1754287361.281704608] [solver_node]: 没有合适的解，不发布TF变换
[INFO] [1754287361.351345702] [solver_node]: 收到5个激光点，处理后5个有效点
[INFO] [1754287361.369016290] [solver_node]: 发布静态变换: translation=(-0.000, -0.000, 0.0), 无旋转
[INFO] [1754287361.371654960] [solver_node]: 当前位置: x=2.723, y=-1.508, angle=1.390
[INFO] [1754287361.372947973] [solver_node]: 激光距离数据: [1.48300004 5.73799992 5.07000017 4.27099991 4.28800011]
[INFO] [1754287361.373868363] [solver_node]: 垂直距离定位器返回 1 个解
[INFO] [1754287361.374514278] [solver_node]: 总共 1 个解
[INFO] [1754287361.375256997] [solver_node]: 无效解: x=0.000, y=0.000, 距离=3.113 > 阈值0.100
[WARN] [1754287361.376047110] [solver_node]: 没有满足距离要求的解
[WARN] [1754287361.376833862] [solver_node]: 没有合适的解，不发布TF变换
[INFO] [1754287361.430079781] [solver_node]: 收到5个激光点，处理后5个有效点
[INFO] [1754287361.437705153] [solver_node]: 当前位置: x=2.737, y=-1.510, angle=1.389
[INFO] [1754287361.439728821] [solver_node]: 激光距离数据: [1.48300004 5.73799992 5.07000017 4.27099991 4.28800011]
[INFO] [1754287361.440984009] [solver_node]: 垂直距离定位器返回 1 个解
[INFO] [1754287361.443856480] [solver_node]: 总共 1 个解
[INFO] [1754287361.444690850] [solver_node]: 无效解: x=0.000, y=0.000, 距离=3.126 > 阈值0.100
[WARN] [1754287361.445451586] [solver_node]: 没有满足距离要求的解
[WARN] [1754287361.446631411] [solver_node]: 没有合适的解，不发布TF变换
[INFO] [1754287361.447646941] [solver_node]: 收到5个激光点，处理后5个有效点
[INFO] [1754287361.457059427] [solver_node]: 当前位置: x=2.745, y=-1.508, angle=1.390
[INFO] [1754287361.458873422] [solver_node]: 激光距离数据: [1.48300004 5.73799992 5.07000017 4.27099991 4.28800011]
[INFO] [1754287361.459710865] [solver_node]: 发布静态变换: translation=(-0.000, -0.000, 0.0), 无旋转
[INFO] [1754287361.460987494] [solver_node]: 垂直距离定位器返回 1 个解
[INFO] [1754287361.461649857] [solver_node]: 总共 1 个解
[INFO] [1754287361.462371071] [solver_node]: 无效解: x=0.000, y=0.000, 距离=3.131 > 阈值0.100
[WARN] [1754287361.463167168] [solver_node]: 没有满足距离要求的解
[WARN] [1754287361.464297743] [solver_node]: 没有合适的解，不发布TF变换
[INFO] [1754287361.486276126] [solver_node]: 收到5个激光点，处理后5个有效点
[INFO] [1754287361.500330180] [solver_node]: 当前位置: x=2.745, y=-1.507, angle=1.390
[INFO] [1754287361.504844831] [solver_node]: 激光距离数据: [1.48300004 5.73799992 5.07000017 4.27099991 4.28800011]
[INFO] [1754287361.510047575] [solver_node]: 垂直距离定位器返回 1 个解
[INFO] [1754287361.515058662] [solver_node]: 总共 1 个解
[INFO] [1754287361.517836122] [solver_node]: 无效解: x=0.000, y=0.000, 距离=3.131 > 阈值0.100
[WARN] [1754287361.519888111] [solver_node]: 没有满足距离要求的解
[WARN] [1754287361.521989062] [solver_node]: 没有合适的解，不发布TF变换
[INFO] [1754287361.524433643] [solver_node]: 收到5个激光点，处理后5个有效点
[INFO] [1754287361.533810224] [solver_node]: 当前位置: x=2.723, y=-1.510, angle=1.388
[INFO] [1754287361.535250283] [solver_node]: 激光距离数据: [1.48300004 5.73799992 5.07000017 4.27099991 4.28800011]
[INFO] [1754287361.536276950] [solver_node]: 垂直距离定位器返回 1 个解
[INFO] [1754287361.536948562] [solver_node]: 总共 1 个解
[INFO] [1754287361.537683920] [solver_node]: 无效解: x=0.000, y=0.000, 距离=3.113 > 阈值0.100
[WARN] [1754287361.541627892] [solver_node]: 没有满足距离要求的解
[WARN] [1754287361.543546723] [solver_node]: 没有合适的解，不发布TF变换
[INFO] [1754287361.565506129] [solver_node]: 收到5个激光点，处理后5个有效点
[INFO] [1754287361.578289827] [solver_node]: 发布静态变换: translation=(-0.000, -0.000, 0.0), 无旋转
[INFO] [1754287361.580148464] [solver_node]: 当前位置: x=2.723, y=-1.510, angle=1.388
[INFO] [1754287361.581850998] [solver_node]: 激光距离数据: [1.48300004 5.73799992 5.07000017 4.27099991 4.28800011]
[INFO] [1754287361.583021703] [solver_node]: 垂直距离定位器返回 1 个解
[INFO] [1754287361.583821960] [solver_node]: 总共 1 个解
[INFO] [1754287361.584677100] [solver_node]: 无效解: x=0.000, y=0.000, 距离=3.113 > 阈值0.100
[WARN] [1754287361.585494317] [solver_node]: 没有满足距离要求的解
[WARN] [1754287361.586301743] [solver_node]: 没有合适的解，不发布TF变换
[INFO] [1754287361.594094930] [solver_node]: 收到5个激光点，处理后5个有效点
[INFO] [1754287361.597296823] [solver_node]: 收到5个激光点，处理后5个有效点
[INFO] [1754287361.605302370] [solver_node]: 收到5个激光点，处理后5个有效点
[INFO] [1754287361.619246500] [solver_node]: 当前位置: x=2.720, y=-1.504, angle=1.388
[INFO] [1754287361.623274155] [solver_node]: 激光距离数据: [1.48300004 5.73799992 5.07000017 4.27099991 4.28800011]
[INFO] [1754287361.626945155] [solver_node]: 垂直距离定位器返回 1 个解
[INFO] [1754287361.631326169] [solver_node]: 总共 1 个解
[INFO] [1754287361.634238897] [solver_node]: 无效解: x=0.000, y=0.000, 距离=3.108 > 阈值0.100
[WARN] [1754287361.637427382] [solver_node]: 没有满足距离要求的解
[WARN] [1754287361.639631313] [solver_node]: 没有合适的解，不发布TF变换
[INFO] [1754287361.643349003] [solver_node]: 收到5个激光点，处理后5个有效点
[INFO] [1754287361.653349737] [solver_node]: 发布静态变换: translation=(-0.000, -0.000, 0.0), 无旋转
[INFO] [1754287361.658902992] [solver_node]: 收到5个激光点，处理后5个有效点
[INFO] [1754287361.667171142] [solver_node]: 当前位置: x=2.735, y=-1.506, angle=1.391
[INFO] [1754287361.671489369] [solver_node]: 激光距离数据: [1.48300004 5.73799992 5.07000017 4.27099991 4.28800011]
[INFO] [1754287361.675166002] [solver_node]: 垂直距离定位器返回 1 个解
[INFO] [1754287361.680677910] [solver_node]: 总共 1 个解
[INFO] [1754287361.683809912] [solver_node]: 无效解: x=0.000, y=0.000, 距离=3.122 > 阈值0.100
[WARN] [1754287361.685105357] [solver_node]: 没有满足距离要求的解
[WARN] [1754287361.686283038] [solver_node]: 没有合适的解，不发布TF变换
[INFO] [1754287361.719815404] [solver_node]: 收到5个激光点，处理后5个有效点
[INFO] [1754287361.723478372] [solver_node]: 当前位置: x=2.735, y=-1.506, angle=1.391
[INFO] [1754287361.725216748] [solver_node]: 激光距离数据: [1.48300004 5.73799992 5.07000017 4.27099991 4.28800011]
[INFO] [1754287361.726576708] [solver_node]: 垂直距离定位器返回 1 个解
[INFO] [1754287361.731202916] [solver_node]: 总共 1 个解
[INFO] [1754287361.735359440] [solver_node]: 无效解: x=0.000, y=0.000, 距离=3.122 > 阈值0.100
[WARN] [1754287361.738457872] [solver_node]: 没有满足距离要求的解
[WARN] [1754287361.740537255] [solver_node]: 没有合适的解，不发布TF变换
[INFO] [1754287361.747135416] [solver_node]: 收到5个激光点，处理后5个有效点
[INFO] [1754287361.767850354] [solver_node]: 发布静态变换: translation=(-0.000, -0.000, 0.0), 无旋转
[INFO] [1754287361.772150053] [solver_node]: 当前位置: x=2.741, y=-1.508, angle=1.389
[INFO] [1754287361.774784882] [solver_node]: 激光距离数据: [1.48300004 5.73799992 5.07000017 4.27099991 4.28800011]
[INFO] [1754287361.778215520] [solver_node]: 垂直距离定位器返回 1 个解
[INFO] [1754287361.781261246] [solver_node]: 总共 1 个解
[INFO] [1754287361.783185582] [solver_node]: 无效解: x=0.000, y=0.000, 距离=3.129 > 阈值0.100
[WARN] [1754287361.785022522] [solver_node]: 没有满足距离要求的解
[WARN] [1754287361.786739329] [solver_node]: 没有合适的解，不发布TF变换
[INFO] [1754287361.802712151] [solver_node]: 收到5个激光点，处理后5个有效点
[INFO] [1754287361.821401022] [solver_node]: 当前位置: x=2.741, y=-1.508, angle=1.389
[INFO] [1754287361.846687094] [solver_node]: 激光距离数据: [1.48300004 5.73799992 5.07000017 4.27099991 4.28800011]
[INFO] [1754287361.854550747] [solver_node]: 垂直距离定位器返回 1 个解
[INFO] [1754287361.879885557] [solver_node]: 总共 1 个解
[INFO] [1754287361.884459123] [solver_node]: 无效解: x=0.000, y=0.000, 距离=3.128 > 阈值0.100
[WARN] [1754287361.886535689] [solver_node]: 没有满足距离要求的解
[WARN] [1754287361.889079570] [solver_node]: 没有合适的解，不发布TF变换
[INFO] [1754287361.891934217] [solver_node]: 收到5个激光点，处理后5个有效点
[INFO] [1754287361.905416503] [solver_node]: 当前位置: x=2.740, y=-1.505, angle=1.389
[INFO] [1754287361.910931676] [solver_node]: 发布静态变换: translation=(-0.000, -0.000, 0.0), 无旋转
[INFO] [1754287361.916613223] [solver_node]: 激光距离数据: [1.48300004 5.73799992 5.07000017 4.27099991 4.28800011]
[INFO] [1754287361.922898956] [solver_node]: 垂直距离定位器返回 1 个解
[INFO] [1754287361.925315472] [solver_node]: 总共 1 个解
[INFO] [1754287361.928421361] [solver_node]: 无效解: x=0.000, y=0.000, 距离=3.126 > 阈值0.100
[WARN] [1754287361.939916205] [solver_node]: 没有满足距离要求的解
[WARN] [1754287361.944383110] [solver_node]: 没有合适的解，不发布TF变换
[INFO] [1754287361.951513902] [solver_node]: 收到5个激光点，处理后5个有效点
[INFO] [1754287362.053574994] [solver_node]: 当前位置: x=2.742, y=-1.510, angle=1.389
[INFO] [1754287362.064546072] [solver_node]: 激光距离数据: [1.48300004 5.73799992 5.07000017 4.27099991 4.28800011]
[INFO] [1754287362.078767525] [solver_node]: 垂直距离定位器返回 1 个解
[INFO] [1754287362.080247778] [solver_node]: 总共 1 个解
[INFO] [1754287362.091835458] [solver_node]: 无效解: x=0.000, y=0.000, 距离=3.130 > 阈值0.100
[WARN] [1754287362.092716711] [solver_node]: 没有满足距离要求的解
[WARN] [1754287362.093459365] [solver_node]: 没有合适的解，不发布TF变换
